<?xml version="1.0" encoding="UTF-8"?><TestSessionContainer xmlns="http://www.codecover.org/xml/testsession-container" Date="1461727013154" TestSessionContainerId="382c7a2a-a4c8-4c6d-916a-8983c0db6e95" version="1.0">
<SrcFileList>
<SrcFile Content="package devops.hw1.core;&#13;&#10;&#13;&#10;import static org.junit.Assert.*;&#13;&#10;import org.junit.Test;&#13;&#10;&#13;&#10;public class AbstractDataTest {&#13;&#10;&#9;int id;&#13;&#10;&#9;Integer value;&#13;&#10;&#9;AbstractData&lt;Integer&gt; dataTestMock;&#13;&#10;&#9;&#13;&#10;&#9;private class IntegerDataMock extends AbstractData&lt;Integer&gt; {&#13;&#10;&#9;&#9;public IntegerDataMock(long id, Integer value) {&#13;&#10;&#9;&#9;&#9;super(id, value);&#13;&#10;&#9;&#9;}&#13;&#10;&#13;&#10;&#9;&#9;@Override&#13;&#10;&#9;&#9;public int compareTo(IData&lt;Integer&gt; o) {&#13;&#10;&#9;&#9;&#9;return 0;&#13;&#10;&#9;&#9;}&#9;&#9;&#13;&#10;&#9;}&#13;&#10;&#13;&#10;&#9;public AbstractDataTest() {&#13;&#10;&#9;&#9;this.id = 1;&#13;&#10;&#9;&#9;this.value = Integer.valueOf(2);&#13;&#10;&#9;&#9;this.dataTestMock = new IntegerDataMock(this.id, this.value);&#9;&#13;&#10;&#9;}&#13;&#10;&#13;&#10;&#9;@Test&#13;&#10;&#9;public void testHashCode() {&#13;&#10;&#9;&#9;final int prime = 31;&#13;&#10;&#9;&#9;int expected = 1;&#13;&#10;&#9;&#9;expected = prime * expected + (int)this.dataTestMock.getId();&#13;&#10;&#9;&#9;expected = prime * expected + this.dataTestMock.getValue();&#13;&#10;&#9;&#9;&#13;&#10;&#9;&#9;int actual = this.dataTestMock.hashCode();&#13;&#10;&#9;&#9;&#13;&#10;&#9;&#9;assertEquals(expected, actual);&#13;&#10;&#9;}&#13;&#10;&#13;&#10;&#9;@Test&#13;&#10;&#9;public void testAbstractDataConstructor() {&#13;&#10;&#9;&#9;assertNotNull(this.dataTestMock);&#13;&#10;&#9;}&#13;&#10;&#13;&#10;&#9;@Test&#13;&#10;&#9;public void testGetId() {&#13;&#10;&#9;&#9;assertEquals(this.dataTestMock.getId(), this.id);&#13;&#10;&#9;}&#13;&#10;&#13;&#10;&#9;@Test&#13;&#10;&#9;public void testGetValue() {&#13;&#10;&#9;&#9;assertEquals(this.dataTestMock.getValue(), this.value);&#13;&#10;&#9;}&#13;&#10;&#13;&#10;&#9;@Test&#13;&#10;&#9;public void testEqualsObjectNull() {&#13;&#10;&#9;&#9;assertFalse(this.dataTestMock.equals(null));&#13;&#10;&#9;}&#13;&#10;&#13;&#10;&#9;@Test&#13;&#10;&#9;public void testEqualsObjectEqualRef() {&#13;&#10;&#9;&#9;assertTrue(this.dataTestMock.equals(this.dataTestMock));&#13;&#10;&#9;}&#13;&#10;&#13;&#10;&#9;@Test&#13;&#10;&#9;public void testEqualsObjectForUnEqualClass() {&#13;&#10;&#9;&#9;assertFalse(this.dataTestMock.equals(this.value));&#13;&#10;&#9;}&#13;&#10;&#13;&#10;&#9;@Test&#13;&#10;&#9;public void testEqualsObjectUnEqualValues() {&#13;&#10;&#9;&#9;AbstractData&lt;Integer&gt; otherTestMock1 = new IntegerDataMock(this.id, null);&#13;&#10;&#9;&#9;assertFalse(this.dataTestMock.equals(otherTestMock1));&#13;&#10;&#13;&#10;&#9;&#9;AbstractData&lt;Integer&gt; otherTestMock2 = new IntegerDataMock(2, this.value);&#13;&#10;&#9;&#9;assertFalse(this.dataTestMock.equals(otherTestMock2));&#13;&#10;&#9;}&#13;&#10;&#13;&#10;&#9;@Test&#13;&#10;&#9;public void testEqualsObjectEqualValue() {&#13;&#10;&#9;&#9;AbstractData&lt;Integer&gt; otherTestMock = new IntegerDataMock(this.id, this.value);&#13;&#10;&#9;&#9;assertTrue(this.dataTestMock.equals(otherTestMock));&#13;&#10;&#9;}&#13;&#10;}&#13;&#10;" Filename="AbstractDataTest.java" Intrnl_Id="1"/>
<SrcFile Content="package devops.hw1.core;&#13;&#10;&#13;&#10;import static org.junit.Assert.*;&#13;&#10;&#13;&#10;import org.junit.Test;&#13;&#10;&#13;&#10;public class NumericDataTest {&#13;&#10;&#9;long id;&#13;&#10;&#9;Long value;&#13;&#10;&#9;NumericData data;&#13;&#10;&#9;&#13;&#10;&#9;public NumericDataTest() {&#13;&#10;&#9;&#9;this.id = 2;&#13;&#10;&#9;&#9;this.value = Long.valueOf(2);&#13;&#10;&#9;&#9;this.data = new NumericData(this.id, this.value);&#13;&#10;&#9;}&#13;&#10;&#13;&#10;&#9;@Test&#13;&#10;&#9;public void testNumericData() {&#13;&#10;&#9;&#9;assertNotNull(this.data);&#13;&#10;&#9;}&#13;&#10;&#13;&#10;&#9;@Test&#13;&#10;&#9;public void testCompareToEqual() {&#13;&#10;&#9;&#9;NumericData other = new NumericData(this.id, this.value);&#13;&#10;&#9;&#9;assertEquals(this.data.compareTo(other), 0);&#13;&#10;&#9;}&#13;&#10;&#13;&#10;&#9;@Test&#13;&#10;&#9;public void testCompareToLesser() {&#13;&#10;&#9;&#9;NumericData other = new NumericData(this.id, this.value + 1);&#13;&#10;&#9;&#9;assertEquals(this.data.compareTo(other), -1);&#13;&#10;&#9;}&#13;&#10;&#13;&#10;&#9;@Test&#13;&#10;&#9;public void testCompareToGreater() {&#13;&#10;&#9;&#9;NumericData other = new NumericData(this.id, this.value - 1);&#13;&#10;&#9;&#9;assertEquals(this.data.compareTo(other), 1);&#13;&#10;&#9;}&#13;&#10;}&#13;&#10;" Filename="NumericDataTest.java" Intrnl_Id="2"/>
<SrcFile Content="package devops.hw1.core;&#13;&#10;&#13;&#10;import java.util.Arrays;&#13;&#10;import java.util.Collection;&#13;&#10;&#13;&#10;import org.junit.Test;&#13;&#10;import org.junit.Before;&#13;&#10;import org.junit.runners.Parameterized;&#13;&#10;import org.junit.runner.RunWith;&#13;&#10;&#13;&#10;import static org.junit.Assert.*;&#13;&#10;&#13;&#10;/**&#13;&#10; * Parameterized Tests of some of the Unit Tests (found in Tests.java).&#13;&#10; * &#13;&#10; * @author gneezyn&#13;&#10; *&#13;&#10; */&#13;&#10;@RunWith(Parameterized.class)&#13;&#10;public class ParameterizedTestBuyCard {&#13;&#10;&#9;&#13;&#10;//&#9;private ACard fakeCard = EasyMock.niceMock(ACard.class);&#13;&#10;&#9;private Integer cardCost;&#13;&#10;&#9;private Integer expectedRunes;&#13;&#10;&#9;private Integer expectedDiscSize;&#13;&#10;&#9;private Boolean bool;&#13;&#10;&#9;private Player player1;&#13;&#10;&#13;&#10;&#9;@Before&#13;&#10;    public void initialize() {&#13;&#10;      player1 = Player.makePlayer();&#13;&#10;      player1.addRunes(10); // start the player off with some runes to use to buy a card (&#13;&#10;   }&#13;&#10;&#9;&#13;&#10;   // Each parameter should be placed as an argument here&#13;&#10;   // Every time runner triggers, it will pass the arguments&#13;&#10;   // from parameters we defined in paramNumbers() method (below)&#13;&#10;&#9; /**&#13;&#10;&#9; * @param cardCost the cost of the Card (in Runes)&#13;&#10;&#9; * @param expectedRunes the number of runes expected after calling buyCard&#13;&#10;&#9; * @param expectedDiscardSize the expected size of the player's discard pile after calling buyCard&#13;&#10;&#9; * @param bool indicates whether testing for true or false (as result of calling buyCard)&#13;&#10;&#9; */&#13;&#10;&#9;public ParameterizedTestBuyCard(Integer cardCost, &#13;&#10;      Integer expectedRunes, Integer expectedDiscardSize, Boolean bool) {&#13;&#10;      this.cardCost = cardCost;&#13;&#10;      this.expectedRunes = expectedRunes;&#13;&#10;      this.expectedDiscSize = expectedDiscardSize;&#13;&#10;      this.bool = bool;&#13;&#10;   }&#13;&#10;&#13;&#10;   @Parameterized.Parameters&#13;&#10;   public static Collection paramNumbers() {&#13;&#10;      return Arrays.asList(new Object[][] {&#13;&#10;         { 6, 4, 1, true },&#13;&#10;         { 3, 7, 1, true },&#13;&#10;         { 11, 10, 0, false }&#13;&#10;      });&#13;&#10;   }&#13;&#10;   &#13;&#10;   @Test&#13;&#10;   public void testBuyCardParameterized() {&#13;&#10;&#9;   ACard card = ACard.makeCard(cardCost);&#13;&#10;&#9;   &#13;&#10;&#9;   if (bool) {&#13;&#10;&#9;&#9;   assertTrue(player1.buyCard(card));&#9;&#9;   &#13;&#10;&#9;&#9;   assertTrue(player1.getDiscardPile().contains(card));&#13;&#10;&#9;   } else {&#13;&#10;&#9;&#9;   assertFalse(player1.buyCard(card));&#13;&#10;&#9;&#9;   assertFalse(player1.getDiscardPile().contains(card));&#13;&#10;&#9;   }&#13;&#10;&#9;   assertTrue(player1.getRunes() == expectedRunes);&#13;&#10;&#9;   assertTrue(player1.getDiscardSize() == expectedDiscSize);&#13;&#10;   }&#13;&#10;&#13;&#10;}&#13;&#10;" Filename="ParameterizedTestBuyCard.java" Intrnl_Id="3"/>
<SrcFile Content="/**&#13;&#10; * &#13;&#10; */&#13;&#10;package devops.hw1.core;&#13;&#10;&#13;&#10;import static org.junit.Assert.assertEquals;&#13;&#10;import static org.junit.Assert.assertFalse;&#13;&#10;import static org.junit.Assert.assertTrue;&#13;&#10;import static org.junit.Assert.fail;&#13;&#10;&#13;&#10;import java.util.HashMap;&#13;&#10;&#13;&#10;import org.easymock.EasyMock;&#13;&#10;import org.junit.Test;&#13;&#10;&#13;&#10;/**&#13;&#10; * @author fenogljc, gneezyn, bishopcc, heshelhj&#13;&#10; * &#13;&#10; */&#13;&#10;public class Tests {&#13;&#10;&#13;&#10;&#9;/**&#13;&#10;&#9; * Tests that a card can be made.&#13;&#10;&#9; */&#13;&#10;&#9;@Test&#13;&#10;&#9;public void testMakeCard() {&#13;&#10;&#9;&#9;ACard newCard = ACard.makeCard();&#13;&#10;&#9;&#9;assertTrue(newCard instanceof ACard);&#13;&#10;&#9;}&#13;&#10;&#13;&#10;&#9;/**&#13;&#10;&#9; * Tests that you can get a card's cost &#13;&#10;&#9; * (when it is specified by the constructor).&#13;&#10;&#9; */&#13;&#10;&#9;@Test&#13;&#10;&#9;public void testGetCardCost() {&#13;&#10;&#9;&#9;ACard newCard = ACard.makeCard(2);&#13;&#10;&#9;&#9;assertTrue(newCard.getCost() == 2);&#13;&#10;&#9;}&#13;&#10;&#13;&#10;&#9;/**&#13;&#10;&#9; * Tests that when the default constructor&#13;&#10;&#9; * is used, the card's default cost is zero.&#13;&#10;&#9; */&#13;&#10;&#9;@Test&#13;&#10;&#9;public void testGetDefaultCardCost() {&#13;&#10;&#9;&#9;ACard newCard = ACard.makeCard();&#13;&#10;&#9;&#9;assertTrue(newCard.getCost() == 0);&#13;&#10;&#9;}&#13;&#10;&#13;&#10;&#9;/**&#13;&#10;&#9; * Tests that a player is properly initialized.&#13;&#10;&#9; */&#13;&#10;&#9;@Test&#13;&#10;&#9;public void testMakePlayer() {&#13;&#10;&#9;&#9;Player newPlayer = Player.makePlayer();&#13;&#10;&#9;&#9;assertTrue(newPlayer instanceof Player);&#13;&#10;&#9;}&#13;&#10;&#13;&#10;&#9;//This test is unnecessary since a more thorough one already exists (see tesPlayerAddRunes()). &#13;&#10;//&#9;/**&#13;&#10;//&#9; * Tests that the player can have runes added (addRunes method).&#13;&#10;//&#9; */&#13;&#10;//&#9;@Test&#13;&#10;//&#9;public void testPlayerHasRunes() {&#13;&#10;//&#9;&#9;Player newPlayer = Player.makePlayer();&#13;&#10;//&#9;&#9;newPlayer.addRunes(3);&#13;&#10;//&#9;&#9;assertTrue(newPlayer.getRunes() == 3);&#13;&#10;//&#9;}&#13;&#10;&#13;&#10;&#9;/**&#13;&#10;&#9; * Tests that the player can have runes added by calling &#13;&#10;&#9; * the addRunes method. Also checks that the player starts&#13;&#10;&#9; * with no runes.&#13;&#10;&#9; */&#13;&#10;&#9;@Test&#13;&#10;&#9;public void testPlayerAddRunes() {&#13;&#10;&#9;&#9;Player newPlayer = Player.makePlayer();&#13;&#10;&#9;&#9;assertTrue(newPlayer.getRunes() == 0);&#13;&#10;&#9;&#9;newPlayer.addRunes(3);&#13;&#10;&#9;&#9;assertTrue(newPlayer.getRunes() == 3);&#13;&#10;&#9;&#9;newPlayer.addRunes(-1);&#13;&#10;&#9;&#9;assertFalse(newPlayer.getRunes() == 3);&#13;&#10;&#9;&#9;assertTrue(newPlayer.getRunes() == 2);&#13;&#10;&#9;&#9;newPlayer.addRunes(-4);&#13;&#10;&#9;&#9;assertTrue(newPlayer.getRunes() == 0);&#13;&#10;&#9;}&#13;&#10;&#13;&#10;&#9;/**&#13;&#10;&#9; * Integration test equivalent of testPlayerDiscard.&#13;&#10;&#9; * Tests that the discard method works through the &#13;&#10;&#9; * use of Mocking.&#13;&#10;&#9; */&#13;&#10;&#9;@Test&#13;&#10;&#9;public void testPlayerDiscardMock() {&#13;&#10;&#9;&#9;Player newPlayer = Player.makePlayer();&#13;&#10;&#13;&#10;&#9;&#9;ACard card1 = EasyMock.niceMock(ACard.class);&#13;&#10;&#9;&#9;ACard card2 = EasyMock.niceMock(ACard.class);&#13;&#10;&#9;&#9;ACard card3 = EasyMock.niceMock(ACard.class);&#13;&#10;&#13;&#10;&#9;&#9;assertTrue(newPlayer.getDiscardSize() == 0);&#13;&#10;&#9;&#9;newPlayer.discard(card1);&#13;&#10;&#9;&#9;assertTrue(newPlayer.getDiscardSize() == 1);&#13;&#10;&#9;&#9;newPlayer.discard(card2);&#13;&#10;&#9;&#9;newPlayer.discard(card3);&#13;&#10;&#9;&#9;assertTrue(newPlayer.getDiscardSize() == 3);&#13;&#10;&#13;&#10;&#9;}&#13;&#10;&#13;&#10;&#9;/**&#13;&#10;&#9; * Tests that the player can discard pile works appropriately.&#13;&#10;&#9; * This includes checking that cards can be added to the &#13;&#10;&#9; * discard pile and making sure that the size of the discard&#13;&#10;&#9; * pile is actually increasing.&#13;&#10;&#9; */&#13;&#10;&#9;@Test&#13;&#10;&#9;public void testPlayerDiscard() {&#13;&#10;&#9;&#9;Player newPlayer = Player.makePlayer();&#13;&#10;&#9;&#9;assertTrue(newPlayer.getDiscardSize() == 0);&#13;&#10;&#9;&#9;newPlayer.discard(ACard.makeCard());&#13;&#10;&#9;&#9;assertTrue(newPlayer.getDiscardSize() == 1);&#13;&#10;&#9;&#9;newPlayer.discard(ACard.makeCard());&#13;&#10;&#9;&#9;newPlayer.discard(ACard.makeCard());&#13;&#10;&#9;&#9;assertTrue(newPlayer.getDiscardSize() == 3);&#13;&#10;&#9;}&#13;&#10;&#13;&#10;&#9;/**&#13;&#10;&#9; * Integration test equivalent of testDiscardingCards().&#13;&#10;&#9; * Tests that the discard method actually puts the card(s)&#13;&#10;&#9; * in the discard pile through the use of Mocking.&#13;&#10;&#9; */&#13;&#10;&#9;@Test&#13;&#10;&#9;public void testDiscardingCardsMock() {&#13;&#10;&#9;&#9;Player newPlayer = Player.makePlayer();&#13;&#10;&#9;&#9;ACard card1 = EasyMock.niceMock(ACard.class);&#13;&#10;&#9;&#9;ACard card2 = EasyMock.niceMock(ACard.class);&#13;&#10;&#9;&#9;ACard card3 = EasyMock.niceMock(ACard.class);&#13;&#10;&#13;&#10;&#9;&#9;newPlayer.discard(card1);&#13;&#10;&#9;&#9;assertFalse(newPlayer.getDiscardPile().contains(card2));&#13;&#10;&#9;&#9;assertFalse(newPlayer.getDiscardPile().contains(card3));&#13;&#10;&#9;&#9;assertTrue(newPlayer.getDiscardPile().contains(card1));&#13;&#10;&#9;}&#13;&#10;&#13;&#10;&#9;/**&#13;&#10;&#9; * Tests that discard actually puts the cards in the &#13;&#10;&#9; * discard pile and that the hand doesn't have the card.&#13;&#10;&#9; */&#13;&#10;&#9;@Test&#13;&#10;&#9;public void testDiscardingCards() {&#13;&#10;&#9;&#9;Player newPlayer = Player.makePlayer();&#13;&#10;&#9;&#9;ACard newCard = ACard.makeCard(4);&#13;&#10;&#9;&#9;ACard newCard3 = ACard.makeCard(4);&#13;&#10;&#9;&#9;newPlayer.discard(newCard);&#13;&#10;&#9;&#9;assertFalse(newPlayer.getDiscardPile().contains(newCard3));&#13;&#10;&#9;&#9;assertTrue(newPlayer.getDiscardPile().contains(newCard));&#13;&#10;&#9;}&#13;&#10;&#13;&#10;&#9;/**&#13;&#10;&#9; * Tests that a player can &quot;buy&quot; a card from the center&#13;&#10;&#9; * field, if the player has enough runes.&#13;&#10;&#9; */&#13;&#10;&#9;@Test&#13;&#10;&#9;public void testPlayerBuyCard() {&#13;&#10;&#9;&#9;Player newPlayer = Player.makePlayer();&#13;&#10;&#9;&#9;newPlayer.addRunes(10);&#13;&#10;&#9;&#9;ACard card6 = ACard.makeCard(6);&#13;&#10;&#9;&#9;ACard card3 = ACard.makeCard(3);&#13;&#10;&#9;&#9;ACard card9 = ACard.makeCard(9);&#13;&#10;&#13;&#10;&#9;&#9;assertTrue(newPlayer.buyCard(card6));&#13;&#10;&#9;&#9;assertTrue(newPlayer.getRunes() == 4);&#13;&#10;&#9;&#9;assertFalse(newPlayer.getDiscardSize() == 0);&#13;&#10;&#13;&#10;&#9;&#9;assertTrue(newPlayer.buyCard(card3));&#13;&#10;&#9;&#9;assertTrue(newPlayer.getRunes() == 1);&#13;&#10;&#9;&#9;assertTrue(newPlayer.getDiscardSize() == 2);&#13;&#10;&#13;&#10;&#9;&#9;assertFalse(newPlayer.buyCard(card9));&#13;&#10;&#9;&#9;assertTrue(newPlayer.getDiscardPile().contains(card6));&#13;&#10;&#9;&#9;assertTrue(newPlayer.getDiscardPile().contains(card3));&#13;&#10;&#9;&#9;assertFalse(newPlayer.getDiscardPile().contains(card9));&#13;&#10;&#13;&#10;&#9;}&#13;&#10;&#13;&#10;&#9;/**&#13;&#10;&#9; * Error checking for buyCard (method of Player).&#13;&#10;&#9; */&#13;&#10;&#9;@Test&#13;&#10;&#9;public void testPlayerBuyCardInput() {&#13;&#10;&#9;&#9;Player player1 = Player.makePlayer();&#13;&#10;&#9;&#9;player1.addRunes(10);&#13;&#10;&#13;&#10;&#9;&#9;assertFalse(player1.buyCard(null));&#13;&#10;&#13;&#10;&#9;}&#13;&#10;&#13;&#10;&#9;/**&#13;&#10;&#9; * Error checking for discard (method of Player).&#13;&#10;&#9; */&#13;&#10;&#9;@Test&#13;&#10;&#9;public void testPlayerDiscardInput() {&#13;&#10;&#9;&#9;Player player = Player.makePlayer();&#13;&#10;&#9;&#9;player.discard(null);&#13;&#10;&#9;}&#13;&#10;&#13;&#10;&#9;/**&#13;&#10;&#9; * Testing that the player starts out with &#13;&#10;&#9; * five cards in their hand.&#13;&#10;&#9; */&#13;&#10;&#9;@Test&#13;&#10;&#9;public void testPlayerHandSize() {&#13;&#10;&#9;&#9;Player player = Player.makePlayer();&#13;&#10;&#9;&#9;int i = player.getHandSize();&#13;&#10;&#9;&#9;assertTrue(i == 5);&#13;&#10;&#9;}&#13;&#10;&#13;&#10;&#9;/**&#13;&#10;&#9; * Tests that a player can draw a card from their deck.&#13;&#10;&#9; * Checks that the player's hand and deck both start&#13;&#10;&#9; * with five cards. Also checks that drawing a card&#13;&#10;&#9; * both increases the size of the player's hand and &#13;&#10;&#9; * decreases the size of their deck (by one).&#13;&#10;&#9; */&#13;&#10;&#9;@Test&#13;&#10;&#9;public void testPlayerDrawCard() {&#13;&#10;&#9;&#9;Player player1 = Player.makePlayer();&#13;&#10;&#9;&#9;Player player2 = Player.makePlayer();&#13;&#10;&#13;&#10;&#9;&#9;// checking that the player starts with five cards in their deck and&#13;&#10;&#9;&#9;// hand (individually)&#13;&#10;&#9;&#9;assertEquals(5, player1.getHandSize());&#13;&#10;&#9;&#9;assertEquals(5, player1.getDeckSize());&#13;&#10;&#9;&#9;assertEquals(5, player2.getHandSize());&#13;&#10;&#9;&#9;assertEquals(5, player2.getDeckSize());&#13;&#10;&#13;&#10;&#9;&#9;player1.drawCard();&#13;&#10;&#13;&#10;&#9;&#9;// checking that the hand size has increased by 1 and the deck size has&#13;&#10;&#9;&#9;// decreased by 1&#13;&#10;&#9;&#9;assertTrue(player1.getHandSize() == 6);&#13;&#10;&#9;&#9;assertEquals(4, player1.getDeckSize());&#13;&#10;&#13;&#10;&#9;&#9;// checking that player1 is not the same as player2&#13;&#10;&#9;&#9;assertFalse(player1.equals(player2));&#13;&#10;&#9;}&#13;&#10;&#13;&#10;&#9;/**&#13;&#10;&#9; * Integration test equivalent of testPlayerDrawCardWithCard().&#13;&#10;&#9; * Tests that the player can draw a card from their deck and &#13;&#10;&#9; * that the card is in the player's hand through the use of Mocking.&#13;&#10;&#9; */&#13;&#10;&#9;@Test&#13;&#10;&#9;public void testPlayerDrawCardWithCardMock() {&#13;&#10;&#9;&#9;Player player = Player.makePlayer();&#13;&#10;&#13;&#10;&#9;&#9;ACard card = EasyMock.niceMock(ACard.class);&#13;&#10;&#9;&#9;player.addCardToDeck(card);&#13;&#10;&#9;&#9;player.drawCard(6);&#13;&#10;&#9;&#9;assertTrue(player.getHand().contains(card));&#13;&#10;&#9;}&#13;&#10;&#13;&#10;&#9;/**&#13;&#10;&#9; * Tests that the player can draw a card from their deck.&#13;&#10;&#9; * And checks that the player's hand actually contains&#13;&#10;&#9; * the card that was added.&#13;&#10;&#9; */&#13;&#10;&#9;@Test&#13;&#10;&#9;public void testPlayerDrawCardWithCard() {&#13;&#10;&#9;&#9;Player player = Player.makePlayer();&#13;&#10;&#9;&#9;ACard card = ACard.makeCard();&#13;&#10;&#9;&#9;player.addCardToDeck(card);&#13;&#10;&#9;&#9;player.drawCard(6);&#13;&#10;&#9;&#9;assertTrue(player.getHand().contains(card));&#13;&#10;&#9;}&#13;&#10;&#13;&#10;&#9;/**&#13;&#10;&#9; * Tests that you can set and get the effects of &#13;&#10;&#9; * different cards (only checks Hero Cards).&#13;&#10;&#9; */&#13;&#10;&#9;@Test&#13;&#10;&#9;public void testSetAndGetEffects() {&#13;&#10;&#9;&#9;ACard card = HeroCard.makeCard(1);&#13;&#10;&#9;&#9;card.setEffect(&quot;draw&quot;, 1);&#13;&#10;&#9;&#9;assertTrue(card.getEffects().containsKey(&quot;draw&quot;));&#13;&#10;&#9;}&#13;&#10;&#13;&#10;&#9;/**&#13;&#10;&#9; * Tests that the player can draw a card due to the &#13;&#10;&#9; * effect of a card that the player used.&#13;&#10;&#9; */&#13;&#10;&#9;@Test&#13;&#10;&#9;public void testDrawACardAfterPlayingCard() {&#13;&#10;&#9;&#9;Player player = Player.makePlayer();&#13;&#10;&#9;&#9;ACard cardInHand = HeroCard.makeCard(3);&#13;&#10;&#9;&#9;cardInHand.setEffect(&quot;draw&quot;, 1);&#13;&#10;&#9;&#9;ACard cardInDeck = HeroCard.makeCard(3);&#13;&#10;&#9;&#9;player.addCardToDeck(cardInHand);&#13;&#10;&#9;&#9;player.addCardToDeck(cardInDeck);&#13;&#10;&#9;&#9;player.drawCard(6);&#13;&#10;&#9;&#9;assertTrue(player.getHandSize() == 11);&#13;&#10;&#9;&#9;assertFalse(player.getHand().contains(cardInDeck));&#13;&#10;&#9;&#9;player.playCard(cardInHand);&#13;&#10;&#9;&#9;assertTrue(player.getHandSize() == 11);&#13;&#10;&#9;&#9;assertTrue(player.getHand().contains(cardInDeck));&#13;&#10;&#9;}&#13;&#10;&#13;&#10;&#9;/**&#13;&#10;&#9; * Tests that after a card is played, it goes to that&#13;&#10;&#9; * player's discard pile (exception: Constructs aren't&#13;&#10;&#9; * implemented yet and will be tested later).&#13;&#10;&#9; */&#13;&#10;&#9;@Test&#13;&#10;&#9;public void testCardGoesToDiscardAfterPlaying() {&#13;&#10;&#9;&#9;Player player = Player.makePlayer();&#13;&#10;&#9;&#9;ACard card = HeroCard.makeCard();&#13;&#10;&#9;&#9;player.addCardToDeck(card);&#13;&#10;&#9;&#9;player.drawCard();&#13;&#10;&#9;&#9;player.playCard(card);&#13;&#10;&#9;&#9;assertTrue(player.getDiscardPile().contains(card));&#13;&#10;&#9;}&#13;&#10;&#13;&#10;&#9;/**&#13;&#10;&#9; * Tests that a card can have more than one effect.&#13;&#10;&#9; */&#13;&#10;&#9;@Test&#13;&#10;&#9;public void testSetEffects() {&#13;&#10;&#9;&#9;ACard card = HeroCard.makeCard();&#13;&#10;&#9;&#9;card.setEffect(&quot;draw&quot;, 2);&#13;&#10;&#9;&#9;card.setEffect(&quot;runes&quot;, 1);&#13;&#10;&#9;&#9;assertTrue(card.getEffects().get(&quot;draw&quot;) == 2);&#13;&#10;&#9;&#9;assertTrue(card.getEffects().get(&quot;runes&quot;) == 1);&#13;&#10;&#9;}&#13;&#10;&#13;&#10;&#9;/**&#13;&#10;&#9; * Tests that when a card is played, it's effect(s)&#13;&#10;&#9; * take place.&#13;&#10;&#9; */&#13;&#10;&#9;@Test&#13;&#10;&#9;public void testPlayCardAddingRunes() {&#13;&#10;&#9;&#9;Player player = Player.makePlayer();&#13;&#10;&#9;&#9;ACard card = HeroCard.makeCard();&#13;&#10;&#9;&#9;card.setEffect(&quot;runes&quot;, 3);&#13;&#10;&#9;&#9;player.addCardToDeck(card);&#13;&#10;&#9;&#9;player.drawCard();&#13;&#10;&#9;&#9;player.playCard(card);&#13;&#10;&#9;&#9;assertTrue(player.getRunes() == 3);&#13;&#10;&#9;}&#13;&#10;&#13;&#10;&#9;// We do not want to allow input of null to the setEffect()&#13;&#10;&#13;&#10;&#9;/**&#13;&#10;&#9; * Error checking for setEffect (method of ACard).&#13;&#10;&#9; */&#13;&#10;&#9;@Test&#13;&#10;&#9;public void testSetEffectInput() {&#13;&#10;&#9;&#9;ACard card = ACard.makeCard();&#13;&#10;&#9;&#9;card.setEffect(null, 1);&#13;&#10;&#9;}&#13;&#10;&#13;&#10;&#9;/**&#13;&#10;&#9; * Error checking for playCard (method of ACard).&#13;&#10;&#9; */&#13;&#10;&#9;@Test&#13;&#10;&#9;public void testPlayCardInput() {&#13;&#10;&#9;&#9;Player p = Player.makePlayer();&#13;&#10;&#9;&#9;p.playCard(null);&#13;&#10;&#9;}&#13;&#10;&#13;&#10;&#9;// We do not want to allow input of null to the addCardToDeck()&#13;&#10;&#13;&#10;&#9;/**&#13;&#10;&#9; * Error checking for addCardToDeck (method of Player).&#13;&#10;&#9; */&#13;&#10;&#9;@Test&#13;&#10;&#9;public void testAddCardToDeckInput() {&#13;&#10;&#9;&#9;Player p = Player.makePlayer();&#13;&#10;&#9;&#9;p.addCardToDeck(null);&#13;&#10;&#9;}&#13;&#10;&#13;&#10;&#9;/**&#13;&#10;&#9; * Tests the Board's (class) default constructor. Checks&#13;&#10;&#9; * that the Board is not null.&#13;&#10;&#9; */&#13;&#10;&#9;@Test&#13;&#10;&#9;public void testConstructBoard() {&#13;&#10;&#9;&#9;Board newBored = new Board();&#13;&#10;&#9;&#9;assertFalse(newBored == null);&#13;&#10;&#9;}&#13;&#10;&#13;&#10;&#9;/**&#13;&#10;&#9; * Tests that the Void is properly initialized (starts empty) &#13;&#10;&#9; * when a new Board is made.&#13;&#10;&#9; */&#13;&#10;&#9;@Test&#13;&#10;&#9;public void testIsVoidEmpty() {&#13;&#10;&#9;&#9;Board newBored = new Board();&#13;&#10;&#9;&#9;assertTrue(newBored.getVoid().isEmpty());&#13;&#10;&#9;}&#13;&#10;&#13;&#10;&#9;/**&#13;&#10;&#9; * Tests that the Center Deck is properly initialized (starts &#13;&#10;&#9; * with 100 cards).&#13;&#10;&#9; */&#13;&#10;&#9;@Test&#13;&#10;&#9;public void testIsDeckCreated() {&#13;&#10;&#9;&#9;Board newBored = new Board();&#13;&#10;&#9;&#9;assertFalse(newBored.getCenDeck().isEmpty());&#13;&#10;&#9;&#9;assertEquals(100, newBored.getCenDeck().size());&#13;&#10;&#9;&#9;assertFalse(newBored.getCenDeck().size() == 101);&#13;&#10;&#9;}&#13;&#10;&#13;&#10;&#9;/**&#13;&#10;&#9; * Tests that distinct cards can be made and that the cards&#13;&#10;&#9; * have the correct information.&#13;&#10;&#9; */&#13;&#10;&#9;@Test&#13;&#10;&#9;public void testCompleteCardMaker() {&#13;&#10;&#9;&#9;HashMap&lt;String, Integer&gt; tempMap = new HashMap&lt;String, Integer&gt;();&#13;&#10;&#9;&#9;tempMap.put(&quot;draw&quot;, 1);&#13;&#10;&#9;&#9;&#9;&#13;&#10;&#9;&#9;HeroCard testCard = (HeroCard) ACard.makeCard(&#13;&#10;&#9;&#9;&#9;&#9;null, &quot;Arha Initiate&quot;, &quot;Enlightened&quot;,&#13;&#10;&#9;&#9;&#9;&#9;&quot;Hero&quot;, 1, 1, 3, tempMap);&#13;&#10;&#9;&#9;assertTrue(testCard.getFaction() == &quot;Enlightened&quot;);&#13;&#10;&#9;&#9;assertTrue(testCard.getEffects().containsKey(&quot;draw&quot;));&#13;&#10;&#9;&#9;assertTrue(testCard.getEffects().get(&quot;draw&quot;) == 1);&#13;&#10;&#9;&#9;assertTrue(testCard.getName() == &quot;Arha Initiate&quot;);&#13;&#10;&#9;&#9;assertTrue(testCard.getHonor() == 1);&#13;&#10;&#9;&#9;assertTrue(testCard.getRarity() == 3);&#13;&#10;&#9;}&#13;&#10;&#13;&#10;&#9;/**&#13;&#10;&#9; * Tests that Standard Cards. Checks that the standard cards&#13;&#10;&#9; * are properly initialized when the Board is created.&#13;&#10;&#9; */&#13;&#10;&#9;@Test&#13;&#10;&#9;public void testStandardCards() {&#13;&#10;&#9;&#9;// initialize the game board&#13;&#10;&#9;&#9;Board newBored = new Board();&#13;&#10;&#13;&#10;&#9;&#9;// check that cultist is not null&#13;&#10;&#9;&#9;assertFalse(newBored.getCultist() == null);&#13;&#10;&#13;&#10;&#9;&#9;// check that heavy infantry is not null&#13;&#10;&#9;&#9;assertFalse(newBored.getHeavyInf() == null);&#13;&#10;&#13;&#10;&#9;&#9;// check that mystic is not null&#13;&#10;&#9;&#9;assertFalse(newBored.getMystic() == null);&#13;&#10;&#9;}&#13;&#10;&#13;&#10;&#9;/**&#13;&#10;&#9; * Tests that cards can be added to the player's hand (doesn't&#13;&#10;&#9; * worry about where the cards are coming from).&#13;&#10;&#9; */&#13;&#10;&#9;@Test&#13;&#10;&#9;public void testAddCardToHand() {&#13;&#10;&#9;&#9;// initialize the Player Object&#13;&#10;&#9;&#9;Player newPlayer = Player.makePlayer();&#13;&#10;&#13;&#10;&#9;&#9;// using mock to create a &quot;fake&quot; card&#13;&#10;&#9;&#9;ACard card1 = EasyMock.niceMock(ACard.class);&#13;&#10;&#13;&#10;&#9;&#9;// check that adding null card does not increase the hand size&#13;&#10;&#9;&#9;newPlayer.addCardToHand(null);&#13;&#10;&#9;&#9;assertEquals(5, newPlayer.getHandSize());&#13;&#10;&#13;&#10;&#9;&#9;// adding single card to hand&#13;&#10;&#9;&#9;newPlayer.addCardToHand(card1);&#13;&#10;&#13;&#10;&#9;&#9;// check that the size of the hand is now equal to one&#13;&#10;&#9;&#9;assertEquals(6, newPlayer.getHandSize());&#13;&#10;&#13;&#10;&#9;&#9;// no limit to number of cards in hand, so checking that adding several&#13;&#10;&#9;&#9;// cards in a row works&#13;&#10;&#9;&#9;newPlayer.addCardToHand(card1);&#13;&#10;&#9;&#9;newPlayer.addCardToHand(card1);&#13;&#10;&#9;&#9;newPlayer.addCardToHand(card1);&#13;&#10;&#9;&#9;// check hand size&#13;&#10;&#9;&#9;assertEquals(9, newPlayer.getHandSize());&#13;&#10;&#13;&#10;&#9;}&#13;&#10;&#13;&#10;&#9;/**&#13;&#10;&#9; * Tests that cards can be moved from the Center Deck to the &#13;&#10;&#9; * field.&#13;&#10;&#9; */&#13;&#10;&#9;@Test&#13;&#10;&#9;public void testCenterDeckToField() {&#13;&#10;&#9;&#9;Board newBored = new Board();&#13;&#10;&#13;&#10;&#9;&#9;// cards should be added to the Center Field based on indexes [0-5] (6&#13;&#10;&#9;&#9;// positions)&#13;&#10;&#9;&#9;for (int i = 0; i &lt; 6; i++) {&#13;&#10;&#9;&#9;&#9;newBored.centerDeckToField(i);&#13;&#10;&#9;&#9;&#9;assertEquals(100 - (i + 1), newBored.getCenDeck().size());&#13;&#10;&#9;&#9;}&#13;&#10;&#9;}&#13;&#10;&#13;&#10;&#9;/**&#13;&#10;&#9; * Tests that the player can have power added by calling &#13;&#10;&#9; * the getPower method. Also checks that the player starts&#13;&#10;&#9; * with no power and that the player never has negative power.&#13;&#10;&#9; */&#13;&#10;&#9;@Test&#13;&#10;&#9;public void testGetPlayerPower() {&#13;&#10;&#9;&#9;Player player = Player.makePlayer();&#13;&#10;&#9;&#9;assertEquals(0, player.getPower());&#13;&#10;&#9;&#9;player.addPower(2);&#13;&#10;&#9;&#9;assertEquals(2, player.getPower());&#13;&#10;&#13;&#10;&#9;&#9;// Tests negative inputs.&#13;&#10;&#13;&#10;&#9;&#9;player.addPower(-2);&#13;&#10;&#9;&#9;assertEquals(0, player.getPower());&#13;&#10;&#9;}&#13;&#10;&#13;&#10;&#9;/**&#13;&#10;&#9; * Integration test equivalent of testApplyEffectsRunesMockless().&#13;&#10;&#9; * Tests that applyEffects method (from Player) works for &quot;runes&quot; &#13;&#10;&#9; * through the use of Mocking.&#13;&#10;&#9; */&#13;&#10;&#9;@Test&#13;&#10;&#9;public void testApplyEffectsRunes() {&#13;&#10;&#9;&#9;Player player = Player.makePlayer();&#13;&#10;&#9;&#9;HashMap&lt;String, Integer&gt; map = new HashMap&lt;String, Integer&gt;();&#13;&#10;&#9;&#9;map.put(&quot;runes&quot;, 1);&#13;&#10;&#9;&#9;ACard runeCard = EasyMock.niceMock(HeroCard.class);&#13;&#10;&#9;&#9;EasyMock.expect(runeCard.getEffects()).andReturn(map);&#13;&#10;&#9;&#9;EasyMock.replay(runeCard);&#13;&#10;&#13;&#10;&#9;&#9;assertEquals(0, player.getRunes());&#13;&#10;&#9;&#9;player.applyEffects(runeCard);&#13;&#10;&#9;&#9;assertEquals(1, player.getRunes());&#13;&#10;&#9;&#9;EasyMock.verify(runeCard);&#13;&#10;&#9;}&#13;&#10;&#13;&#10;&#9;/**&#13;&#10;&#9; * Tests that applying the effect of a card leads to the &#13;&#10;&#9; * effect taking place (only tested with &quot;runes&quot; effect).&#13;&#10;&#9; */&#13;&#10;&#9;@Test&#13;&#10;&#9;public void testApplyEffectsRunesMockless() {&#13;&#10;&#9;&#9;Player player = Player.makePlayer();&#13;&#10;&#9;&#9;HashMap&lt;String, Integer&gt; map = new HashMap&lt;String, Integer&gt;();&#13;&#10;&#9;&#9;map.put(&quot;runes&quot;, 1);&#13;&#10;&#9;&#9;ACard runeCard = ACard.makeCard(null, &quot;&quot;, &quot;&quot;, &quot;Hero&quot;, 0, 0, 0, map);&#13;&#10;&#9;&#9;assertEquals(0, player.getRunes());&#13;&#10;&#9;&#9;player.applyEffects(runeCard);&#13;&#10;&#9;&#9;assertEquals(1, player.getRunes());&#13;&#10;&#9;}&#13;&#10;&#13;&#10;&#9;/**&#13;&#10;&#9; * Integration test equivalent of testApplyEffectsRunesMockless().&#13;&#10;&#9; * Tests that applyEffects method (from Player) works for &quot;power&quot; &#13;&#10;&#9; * through the use of Mocking.&#13;&#10;&#9; */&#13;&#10;&#9;@Test&#13;&#10;&#9;public void testApplyEffectsPower() {&#13;&#10;&#9;&#9;Player player = Player.makePlayer();&#13;&#10;&#9;&#9;HashMap&lt;String, Integer&gt; map = new HashMap&lt;String, Integer&gt;();&#13;&#10;&#9;&#9;map.put(&quot;power&quot;, 1);&#13;&#10;&#9;&#9;ACard powerCard = EasyMock.niceMock(HeroCard.class);&#13;&#10;&#9;&#9;EasyMock.expect(powerCard.getEffects()).andReturn(map);&#13;&#10;&#9;&#9;EasyMock.replay(powerCard);&#13;&#10;&#13;&#10;&#9;&#9;assertEquals(0, player.getPower());&#13;&#10;&#9;&#9;player.applyEffects(powerCard);&#13;&#10;&#9;&#9;assertEquals(1, player.getPower());&#13;&#10;&#9;&#9;EasyMock.verify(powerCard);&#13;&#10;&#9;}&#13;&#10;&#13;&#10;&#9;/**&#13;&#10;&#9; * Tests that applying the effect of a card leads to the &#13;&#10;&#9; * effect taking place (only tested with &quot;power&quot; effect).&#13;&#10;&#9; */&#13;&#10;&#9;@Test&#13;&#10;&#9;public void testApplyEffectsPowerMockless() {&#13;&#10;&#9;&#9;Player player = Player.makePlayer();&#13;&#10;&#9;&#9;HashMap&lt;String, Integer&gt; map = new HashMap&lt;String, Integer&gt;();&#13;&#10;&#9;&#9;map.put(&quot;power&quot;, 1);&#13;&#10;&#9;&#9;ACard powerCard = ACard.makeCard(null, &quot;&quot;, &quot;&quot;, &quot;Hero&quot;, 0, 0, 0, map);&#13;&#10;&#9;&#9;assertEquals(0, player.getPower());&#13;&#10;&#9;&#9;player.applyEffects(powerCard);&#13;&#10;&#9;&#9;assertEquals(1, player.getPower());&#13;&#10;&#9;}&#13;&#10;&#13;&#10;&#9;/**&#13;&#10;&#9; * Integration test equivalent of testApplyEffectsRunesMockless().&#13;&#10;&#9; * Tests that applyEffects method (from Player) works for &quot;draw&quot; &#13;&#10;&#9; * through the use of Mocking.&#13;&#10;&#9; */&#13;&#10;&#9;@Test&#13;&#10;&#9;public void testApplyEffectsDraw() {&#13;&#10;&#9;&#9;Player player = Player.makePlayer();&#13;&#10;&#9;&#9;HashMap&lt;String, Integer&gt; map = new HashMap&lt;String, Integer&gt;();&#13;&#10;&#9;&#9;map.put(&quot;draw&quot;, 1);&#13;&#10;&#13;&#10;&#9;&#9;ACard drawCard = EasyMock.niceMock(HeroCard.class);&#13;&#10;&#9;&#9;EasyMock.expect(drawCard.getEffects()).andReturn(map);&#13;&#10;&#9;&#9;EasyMock.replay(drawCard);&#13;&#10;&#13;&#10;&#9;&#9;assertEquals(5, player.getHandSize());&#13;&#10;&#9;&#9;assertEquals(5, player.getDeckSize());&#13;&#10;&#9;&#9;player.applyEffects(drawCard);&#13;&#10;&#9;&#9;assertEquals(6, player.getHandSize());&#13;&#10;&#9;&#9;assertEquals(4, player.getDeckSize());&#13;&#10;&#9;&#9;EasyMock.verify(drawCard);&#13;&#10;&#9;}&#13;&#10;&#13;&#10;&#9;/**&#13;&#10;&#9; * Tests that applying the effect of a card leads to the &#13;&#10;&#9; * effect taking place (only tested with &quot;draw&quot; effect).&#13;&#10;&#9; */&#13;&#10;&#9;@Test&#13;&#10;&#9;public void testApplyEffectsDrawMockless() {&#13;&#10;&#9;&#9;Player player = Player.makePlayer();&#13;&#10;&#9;&#9;HashMap&lt;String, Integer&gt; map = new HashMap&lt;String, Integer&gt;();&#13;&#10;&#9;&#9;map.put(&quot;draw&quot;, 1);&#13;&#10;&#9;&#9;ACard drawCard = ACard.makeCard(null, &quot;&quot;, &quot;&quot;, &quot;Hero&quot;, 0, 0, 0, map);&#13;&#10;&#9;&#9;assertEquals(5, player.getHandSize());&#13;&#10;&#9;&#9;assertEquals(5, player.getDeckSize());&#13;&#10;&#9;&#9;player.applyEffects(drawCard);&#13;&#10;&#9;&#9;assertEquals(6, player.getHandSize());&#13;&#10;&#9;&#9;assertEquals(4, player.getDeckSize());&#13;&#10;&#9;}&#13;&#10;&#13;&#10;&#9;/**&#13;&#10;&#9; * Tests the addHonor method (of Player). Checks that the&#13;&#10;&#9; * player can have honor added to his/her honor pile and that&#13;&#10;&#9; * the player starts out with no honor.&#13;&#10;&#9; */&#13;&#10;&#9;@Test&#13;&#10;&#9;public void testGetAddHonor() {&#13;&#10;&#9;&#9;Player player = Player.makePlayer();&#13;&#10;&#9;&#9;assertEquals(0, player.getHonor());&#13;&#10;&#9;&#9;player.addHonor(5);&#13;&#10;&#9;&#9;assertEquals(5, player.getHonor());&#13;&#10;&#9;}&#13;&#10;&#13;&#10;&#9;/**&#13;&#10;&#9; * Integration test equivalent of testApplyEffectsRunesMockless().&#13;&#10;&#9; * Tests that applyEffects method (from Player) works for &quot;honor&quot; &#13;&#10;&#9; * through the use of Mocking.&#13;&#10;&#9; */&#13;&#10;&#9;@Test&#13;&#10;&#9;public void testApplyEffectsHonor() {&#13;&#10;&#9;&#9;Player player = Player.makePlayer();&#13;&#10;&#9;&#9;HashMap&lt;String, Integer&gt; map = new HashMap&lt;String, Integer&gt;();&#13;&#10;&#9;&#9;map.put(&quot;honor&quot;, 5);&#13;&#10;&#9;&#9;ACard honorCard = EasyMock.niceMock(HeroCard.class);&#13;&#10;&#9;&#9;EasyMock.expect(honorCard.getEffects()).andReturn(map);&#13;&#10;&#9;&#9;EasyMock.replay(honorCard);&#13;&#10;&#13;&#10;&#9;&#9;assertEquals(0, player.getHonor());&#13;&#10;&#9;&#9;player.applyEffects(honorCard);&#13;&#10;&#9;&#9;assertEquals(5, player.getHonor());&#13;&#10;&#9;&#9;EasyMock.verify(honorCard);&#13;&#10;&#9;}&#13;&#10;&#13;&#10;&#9;/**&#13;&#10;&#9; * Tests that applying the effect of a card leads to the &#13;&#10;&#9; * effect taking place (only tested with &quot;honor&quot; effect).&#13;&#10;&#9; */&#13;&#10;&#9;@Test&#13;&#10;&#9;public void testApplyEffectsHonorMockless() {&#13;&#10;&#9;&#9;Player player = Player.makePlayer();&#13;&#10;&#9;&#9;HashMap&lt;String, Integer&gt; map = new HashMap&lt;String, Integer&gt;();&#13;&#10;&#9;&#9;map.put(&quot;honor&quot;, 5);&#13;&#10;&#9;&#9;ACard honorCard = ACard.makeCard(null, &quot;&quot;, &quot;&quot;, &quot;Hero&quot;, 0, 0, 0, map);&#13;&#10;&#9;&#9;assertEquals(0, player.getHonor());&#13;&#10;&#9;&#9;player.applyEffects(honorCard);&#13;&#10;&#9;&#9;assertEquals(5, player.getHonor());&#13;&#10;&#9;}&#13;&#10;&#13;&#10;&#9;/**&#13;&#10;&#9; * Integration test equivalent of testApplyEffectsAllBasicMockless().&#13;&#10;&#9; * Tests that when a card has more than one effect, all of the &#13;&#10;&#9; * effects are applied properly.&#13;&#10;&#9; */&#13;&#10;&#9;@Test&#13;&#10;&#9;public void testApplyEffectsAllBasic() {&#13;&#10;&#9;&#9;Player player = Player.makePlayer();&#13;&#10;&#9;&#9;HashMap&lt;String, Integer&gt; map = new HashMap&lt;String, Integer&gt;();&#13;&#10;&#9;&#9;map.put(&quot;honor&quot;, 5);&#13;&#10;&#9;&#9;map.put(&quot;runes&quot;, 3);&#13;&#10;&#9;&#9;map.put(&quot;draw&quot;, 2);&#13;&#10;&#9;&#9;map.put(&quot;power&quot;, 4);&#13;&#10;&#9;&#9;ACard allCard = EasyMock.niceMock(HeroCard.class);&#13;&#10;&#9;&#9;EasyMock.expect(allCard.getEffects()).andReturn(map);&#13;&#10;&#9;&#9;EasyMock.replay(allCard);&#13;&#10;&#13;&#10;&#9;&#9;assertEquals(0, player.getHonor());&#13;&#10;&#9;&#9;assertEquals(0, player.getPower());&#13;&#10;&#9;&#9;assertEquals(0, player.getRunes());&#13;&#10;&#9;&#9;assertEquals(5, player.getHandSize());&#13;&#10;&#9;&#9;assertEquals(5, player.getDeckSize());&#13;&#10;&#13;&#10;&#9;&#9;player.applyEffects(allCard);&#13;&#10;&#9;&#9;assertEquals(5, player.getHonor());&#13;&#10;&#9;&#9;assertEquals(4, player.getPower());&#13;&#10;&#9;&#9;assertEquals(3, player.getRunes());&#13;&#10;&#9;&#9;assertEquals(3, player.getDeckSize());&#13;&#10;&#9;&#9;assertEquals(7, player.getHandSize());&#13;&#10;&#9;&#9;EasyMock.verify(allCard);&#13;&#10;&#9;}&#13;&#10;&#13;&#10;&#9;/**&#13;&#10;&#9; * Tests (for all of the basic effects) that a card can have&#13;&#10;&#9; * more than one effect and that when the card's effect(s) &#13;&#10;&#9; * are applied, they produce the correct results.&#13;&#10;&#9; */&#13;&#10;&#9;@Test&#13;&#10;&#9;public void testApplyEffectsAllBasicMockless() {&#13;&#10;&#9;&#9;Player player = Player.makePlayer();&#13;&#10;&#9;&#9;HashMap&lt;String, Integer&gt; map = new HashMap&lt;String, Integer&gt;();&#13;&#10;&#9;&#9;map.put(&quot;honor&quot;, 5);&#13;&#10;&#9;&#9;map.put(&quot;runes&quot;, 3);&#13;&#10;&#9;&#9;map.put(&quot;draw&quot;, 2);&#13;&#10;&#9;&#9;map.put(&quot;power&quot;, 4);&#13;&#10;&#9;&#9;ACard allCard = ACard.makeCard(null, &quot;&quot;, &quot;&quot;, &quot;Hero&quot;, 0, 0, 0, map);&#13;&#10;&#9;&#9;assertEquals(0, player.getHonor());&#13;&#10;&#9;&#9;assertEquals(0, player.getPower());&#13;&#10;&#9;&#9;assertEquals(0, player.getRunes());&#13;&#10;&#9;&#9;assertEquals(5, player.getHandSize());&#13;&#10;&#9;&#9;assertEquals(5, player.getDeckSize());&#13;&#10;&#9;&#9;player.applyEffects(allCard);&#13;&#10;&#9;&#9;assertEquals(5, player.getHonor());&#13;&#10;&#9;&#9;assertEquals(4, player.getPower());&#13;&#10;&#9;&#9;assertEquals(3, player.getRunes());&#13;&#10;&#9;&#9;assertEquals(3, player.getDeckSize());&#13;&#10;&#9;&#9;assertEquals(7, player.getHandSize());&#13;&#10;&#9;}&#13;&#10;&#13;&#10;&#9;/**&#13;&#10;&#9; * Tests that the proper effects take place when a card &#13;&#10;&#9; * is played. Uses real cards (i.e. &quot;Apprentice&quot;).&#13;&#10;&#9; */&#13;&#10;&#9;@Test&#13;&#10;&#9;public void testPlayingRealCardsWithRealEffects() {&#13;&#10;&#9;&#9;// initialise player&#13;&#10;&#9;&#9;Player player = Player.makePlayer();&#13;&#10;&#9;&#9;System.out.println(player.getHand().get(0).name);&#13;&#10;&#9;&#9;// check that player has 5 cards&#13;&#10;&#9;&#9;assertEquals(5, player.getHandSize());&#13;&#10;&#9;&#9;// keep track of runes and power&#13;&#10;&#9;&#9;int runesExpected = 0;&#13;&#10;&#9;&#9;int powerExpected = 0;&#13;&#10;&#9;&#9;for (int i = 0; i &lt; 5; i++) {&#13;&#10;&#9;&#9;&#9;// get the first card in hand&#13;&#10;&#9;&#9;&#9;ACard card = player.getHand().get(0);&#13;&#10;&#9;&#9;&#9;// do stuff based on the name of the card&#13;&#10;&#9;&#9;&#9;if (card.getName().equals(&quot;Apprentice&quot;)) {&#13;&#10;&#9;&#9;&#9;&#9;runesExpected++;&#13;&#10;&#9;&#9;&#9;&#9;player.playCard(card);&#13;&#10;&#9;&#9;&#9;&#9;assertEquals(runesExpected, player.getRunes());&#13;&#10;&#9;&#9;&#9;} else if (card.getName().equals(&quot;Militia&quot;)) {&#13;&#10;&#9;&#9;&#9;&#9;powerExpected++;&#13;&#10;&#9;&#9;&#9;&#9;player.playCard(card);&#13;&#10;&#9;&#9;&#9;&#9;assertEquals(powerExpected, player.getPower());&#13;&#10;&#9;&#9;&#9;} else {&#13;&#10;&#9;&#9;&#9;&#9;fail();&#13;&#10;&#9;&#9;&#9;}&#13;&#10;&#9;&#9;&#9;assertEquals(4 - i, player.getHandSize());&#13;&#10;&#9;&#9;}&#13;&#10;&#9;}&#13;&#10;&#13;&#10;&#9;/**&#13;&#10;&#9; * Tests that when a player tries to draw from their &#13;&#10;&#9; * deck when it is empty, the player's discard pile is&#13;&#10;&#9; * shuffled and becomes the new deck. Also makes sure &#13;&#10;&#9; * that the size of the deck never becomes negative.&#13;&#10;&#9; */&#13;&#10;&#9;@Test&#13;&#10;&#9;public void testDrawingCardsWithZeroCardsInDeck() {&#13;&#10;&#9;&#9;Player player = Player.makePlayer();&#13;&#10;&#9;&#9;player.drawCard(5);&#13;&#10;&#9;&#9;assertTrue(player.getDeck().isEmpty());&#13;&#10;&#9;&#9;assertEquals(10, player.getHandSize());&#13;&#10;&#9;&#9;for (int i = 0; i &lt; 7; i++) {&#13;&#10;&#9;&#9;&#9;player.playCard(player.getHand().get(0));&#13;&#10;&#9;&#9;}&#13;&#10;&#9;&#9;assertEquals(7, player.getDiscardSize());&#13;&#10;&#9;&#9;assertEquals(3, player.getHandSize());&#13;&#10;&#9;&#9;player.drawCard();&#13;&#10;&#9;&#9;assertEquals(0, player.getDiscardSize());&#13;&#10;&#9;&#9;assertEquals(6, player.getDeckSize());&#13;&#10;&#9;&#9;assertEquals(4, player.getHandSize());&#13;&#10;&#9;}&#13;&#10;&#9;&#13;&#10;&#9;/**&#13;&#10;&#9; * Tests that the Center Field properly initializes when&#13;&#10;&#9; * a Board is made.&#13;&#10;&#9; */&#13;&#10;&#9;@Test&#13;&#10;&#9;public void testGetCen() {&#13;&#10;&#9;&#9;Board board = new Board();&#13;&#10;&#9;&#9;assertFalse(board.getCenField() == null);&#13;&#10;&#9;}&#13;&#10;&#9;&#13;&#10;&#9;&#13;&#10;&#9;/**&#13;&#10;&#9; * Tests monster class&#13;&#10;&#9; */&#13;&#10;&#9;@Test&#13;&#10;&#9;public void testMonster(){&#13;&#10;&#9;&#9;HashMap&lt;String, Integer&gt; map = new HashMap&lt;String, Integer&gt;();&#13;&#10;&#9;&#9;map.put(&quot;draw&quot;, 1);&#13;&#10;&#9;&#9;ACard m = ACard.makeCard(null, &quot;Name&quot;, null, &quot;Monster&quot;, 4, 3, 2, map);&#13;&#10;&#9;&#9;assertEquals(4, m.getStrength());&#9;&#13;&#10;&#9;}&#13;&#10;&#9;&#13;&#10;&#9;/**&#13;&#10;&#9; * &#9;&#9;&#13;&#10;&#9; * Tests the sendToVoid function in Board class&#13;&#10;&#9; *&#13;&#10;&#9; */&#13;&#10;&#9;@Test&#13;&#10;&#9;public void testSendToVoid(){&#13;&#10;&#9;&#9;Board b = new Board();&#13;&#10;&#9;&#9;ACard card = ACard.makeCard();&#13;&#10;&#9;&#9;assertTrue(b.getVoid().size()==0);&#13;&#10;&#9;&#9;b.sendToVoid(card);&#13;&#10;&#9;&#9;assertTrue(b.getVoid().size()==1);&#13;&#10;&#9;&#9;&#13;&#10;&#9;}&#13;&#10;&#9;&#13;&#10;&#9;/**&#13;&#10;&#9; * &#13;&#10;&#9; * Tests attackCard in Player class&#13;&#10;&#9; *&#13;&#10;&#9; */&#13;&#10;&#9;@SuppressWarnings(&quot;boxing&quot;)&#13;&#10;&#9;@Test&#13;&#10;&#9;public void testAttackCard(){&#13;&#10;&#9;&#9;Player p = Player.makePlayer();&#13;&#10;&#9;&#9;Board mockBoard = EasyMock.niceMock(Board.class);&#13;&#10;&#9;&#9;ACard mockCard = EasyMock.niceMock(ACard.class);&#13;&#10;&#9;&#9;EasyMock.expect(mockCard.getStrength()).andReturn(5);&#13;&#10;&#9;&#9;mockBoard.sendToVoid(mockCard);&#13;&#10;&#9;&#9;EasyMock.replay(mockCard, mockBoard);&#13;&#10;&#9;&#9;p.addPower(5);&#13;&#10;&#9;&#9;p.attackCard(mockCard, mockBoard);&#13;&#10;&#9;&#9;EasyMock.verify(mockCard,mockBoard);&#13;&#10;&#9;}&#13;&#10;&#9;&#13;&#10;&#9;/**&#13;&#10;&#9; * &#13;&#10;&#9; * Tests ending turn with an empty hand&#13;&#10;&#9; *&#13;&#10;&#9; */&#13;&#10;&#9;@Test&#13;&#10;&#9;public void testEndTurnWithEmptyHand(){&#13;&#10;&#9;&#9;Player p = Player.makePlayer();&#13;&#10;&#9;&#9;p.endTurn();&#13;&#10;&#9;&#9;assertEquals(0, p.getRunes());&#13;&#10;&#9;&#9;assertEquals(0, p.getHonor());&#13;&#10;&#9;&#9;assertEquals(0, p.getPower());&#13;&#10;&#9;&#9;assertEquals(5, p.getHandSize());&#13;&#10;&#9;&#13;&#10;&#9;}&#13;&#10;}&#13;&#10;" Filename="Tests.java" Intrnl_Id="4"/>
</SrcFileList>
<CritList>
<CritListEntry Name="org.codecover.model.utils.criteria.LoopCoverage" PluginName="org.codecover"/>
<CritListEntry Name="org.codecover.model.utils.criteria.QMOCoverage" PluginName="org.codecover"/>
<CritListEntry Name="org.codecover.model.utils.criteria.ConditionCoverage" PluginName="org.codecover"/>
<CritListEntry Name="org.codecover.model.utils.criteria.BranchCoverage" PluginName="org.codecover"/>
<CritListEntry Name="org.codecover.model.utils.criteria.SynchronizedStatementCoverage" PluginName="org.codecover"/>
<CritListEntry Name="org.codecover.model.utils.criteria.StatementCoverage" PluginName="org.codecover"/>
</CritList>
<BoolOpList/>
<HierarchyLvlTypeList>
<HierarchyLvlType EnglishName="package" IntrnlName="package" Intrnl_Id="5"/>
<HierarchyLvlType EnglishName="method" IntrnlName="method" Intrnl_Id="6"/>
<HierarchyLvlType EnglishName="class" IntrnlName="class" Intrnl_Id="7"/>
<HierarchyLvlType EnglishName="default package" IntrnlName="default package" Intrnl_Id="8"/>
</HierarchyLvlTypeList>
<MASTRoot>
<HierarchyLvl HierarchyLvlId="178" HierarchyLvlTypeId="8" Intrnl_Id="9" Name="default package">
<Header/>
<LocList/>
<HierarchyLvl HierarchyLvlId="177" HierarchyLvlTypeId="5" Intrnl_Id="10" Name="devops">
<Header/>
<LocList/>
<HierarchyLvl HierarchyLvlId="176" HierarchyLvlTypeId="5" Intrnl_Id="11" Name="hw1">
<Header/>
<LocList/>
<HierarchyLvl HierarchyLvlId="175" HierarchyLvlTypeId="5" Intrnl_Id="12" Name="core">
<Header/>
<LocList/>
<HierarchyLvl HierarchyLvlId="112" HierarchyLvlTypeId="7" Intrnl_Id="13" Name="AbstractDataTest">
<Header>
<Loc EndOffset="118" SrcFileId="1" StartOffset="89"/>
</Header>
<LocList>
<Loc EndOffset="191" SrcFileId="1" StartOffset="89"/>
<Loc EndOffset="2046" SrcFileId="1" StartOffset="415"/>
</LocList>
<HierarchyLvl HierarchyLvlId="101" HierarchyLvlTypeId="7" Intrnl_Id="14" Name="IntegerDataMock">
<Header>
<Loc EndOffset="250" SrcFileId="1" StartOffset="191"/>
</Header>
<LocList>
<Loc EndOffset="415" SrcFileId="1" StartOffset="191"/>
</LocList>
<HierarchyLvl HierarchyLvlId="99" HierarchyLvlTypeId="6" Intrnl_Id="15" Name="IntegerDataMock">
<Header>
<Loc EndOffset="302" SrcFileId="1" StartOffset="256"/>
</Header>
<LocList>
<Loc EndOffset="331" SrcFileId="1" StartOffset="256"/>
</LocList>
<StmntSeq Intrnl_Id="16">
<LocList>
<Loc EndOffset="326" SrcFileId="1" StartOffset="309"/>
</LocList>
<BasicStmnt CovItemId="S1" CovItemPrefix="devops.hw1.core.AbstractDataTest.java" Intrnl_Id="17">
<LocList>
<Loc EndOffset="326" SrcFileId="1" StartOffset="309"/>
</LocList>
</BasicStmnt>
</StmntSeq>
</HierarchyLvl>
<HierarchyLvl HierarchyLvlId="100" HierarchyLvlTypeId="6" Intrnl_Id="18" Name="compareTo">
<Header>
<Loc EndOffset="388" SrcFileId="1" StartOffset="337"/>
</Header>
<LocList>
<Loc EndOffset="409" SrcFileId="1" StartOffset="337"/>
</LocList>
<StmntSeq Intrnl_Id="19">
<LocList>
<Loc EndOffset="404" SrcFileId="1" StartOffset="395"/>
</LocList>
<BasicStmnt CovItemId="S2" CovItemPrefix="devops.hw1.core.AbstractDataTest.java" Intrnl_Id="20">
<LocList>
<Loc EndOffset="404" SrcFileId="1" StartOffset="395"/>
</LocList>
</BasicStmnt>
</StmntSeq>
</HierarchyLvl>
</HierarchyLvl>
<HierarchyLvl HierarchyLvlId="102" HierarchyLvlTypeId="6" Intrnl_Id="21" Name="AbstractDataTest">
<Header>
<Loc EndOffset="445" SrcFileId="1" StartOffset="420"/>
</Header>
<LocList>
<Loc EndOffset="569" SrcFileId="1" StartOffset="420"/>
</LocList>
<StmntSeq Intrnl_Id="22">
<LocList>
<Loc EndOffset="463" SrcFileId="1" StartOffset="451"/>
<Loc EndOffset="499" SrcFileId="1" StartOffset="467"/>
<Loc EndOffset="564" SrcFileId="1" StartOffset="503"/>
</LocList>
<BasicStmnt CovItemId="S3" CovItemPrefix="devops.hw1.core.AbstractDataTest.java" Intrnl_Id="23">
<LocList>
<Loc EndOffset="463" SrcFileId="1" StartOffset="451"/>
</LocList>
</BasicStmnt>
<BasicStmnt CovItemId="S4" CovItemPrefix="devops.hw1.core.AbstractDataTest.java" Intrnl_Id="24">
<LocList>
<Loc EndOffset="499" SrcFileId="1" StartOffset="467"/>
</LocList>
</BasicStmnt>
<BasicStmnt CovItemId="S5" CovItemPrefix="devops.hw1.core.AbstractDataTest.java" Intrnl_Id="25">
<LocList>
<Loc EndOffset="564" SrcFileId="1" StartOffset="503"/>
</LocList>
</BasicStmnt>
</StmntSeq>
</HierarchyLvl>
<HierarchyLvl HierarchyLvlId="103" HierarchyLvlTypeId="6" Intrnl_Id="26" Name="testHashCode">
<Header>
<Loc EndOffset="608" SrcFileId="1" StartOffset="574"/>
</Header>
<LocList>
<Loc EndOffset="877" SrcFileId="1" StartOffset="574"/>
</LocList>
<StmntSeq Intrnl_Id="27">
<LocList>
<Loc EndOffset="635" SrcFileId="1" StartOffset="614"/>
<Loc EndOffset="656" SrcFileId="1" StartOffset="639"/>
<Loc EndOffset="721" SrcFileId="1" StartOffset="660"/>
<Loc EndOffset="784" SrcFileId="1" StartOffset="725"/>
<Loc EndOffset="834" SrcFileId="1" StartOffset="792"/>
<Loc EndOffset="873" SrcFileId="1" StartOffset="842"/>
</LocList>
<BasicStmnt CovItemId="S6" CovItemPrefix="devops.hw1.core.AbstractDataTest.java" Intrnl_Id="28">
<LocList>
<Loc EndOffset="635" SrcFileId="1" StartOffset="614"/>
</LocList>
</BasicStmnt>
<BasicStmnt CovItemId="S7" CovItemPrefix="devops.hw1.core.AbstractDataTest.java" Intrnl_Id="29">
<LocList>
<Loc EndOffset="656" SrcFileId="1" StartOffset="639"/>
</LocList>
</BasicStmnt>
<BasicStmnt CovItemId="S8" CovItemPrefix="devops.hw1.core.AbstractDataTest.java" Intrnl_Id="30">
<LocList>
<Loc EndOffset="721" SrcFileId="1" StartOffset="660"/>
</LocList>
</BasicStmnt>
<BasicStmnt CovItemId="S9" CovItemPrefix="devops.hw1.core.AbstractDataTest.java" Intrnl_Id="31">
<LocList>
<Loc EndOffset="784" SrcFileId="1" StartOffset="725"/>
</LocList>
</BasicStmnt>
<BasicStmnt CovItemId="S10" CovItemPrefix="devops.hw1.core.AbstractDataTest.java" Intrnl_Id="32">
<LocList>
<Loc EndOffset="834" SrcFileId="1" StartOffset="792"/>
</LocList>
</BasicStmnt>
<BasicStmnt CovItemId="S11" CovItemPrefix="devops.hw1.core.AbstractDataTest.java" Intrnl_Id="33">
<LocList>
<Loc EndOffset="873" SrcFileId="1" StartOffset="842"/>
</LocList>
</BasicStmnt>
</StmntSeq>
</HierarchyLvl>
<HierarchyLvl HierarchyLvlId="104" HierarchyLvlTypeId="6" Intrnl_Id="34" Name="testAbstractDataConstructor">
<Header>
<Loc EndOffset="931" SrcFileId="1" StartOffset="882"/>
</Header>
<LocList>
<Loc EndOffset="974" SrcFileId="1" StartOffset="882"/>
</LocList>
<StmntSeq Intrnl_Id="35">
<LocList>
<Loc EndOffset="970" SrcFileId="1" StartOffset="937"/>
</LocList>
<BasicStmnt CovItemId="S12" CovItemPrefix="devops.hw1.core.AbstractDataTest.java" Intrnl_Id="36">
<LocList>
<Loc EndOffset="970" SrcFileId="1" StartOffset="937"/>
</LocList>
</BasicStmnt>
</StmntSeq>
</HierarchyLvl>
<HierarchyLvl HierarchyLvlId="105" HierarchyLvlTypeId="6" Intrnl_Id="37" Name="testGetId">
<Header>
<Loc EndOffset="1010" SrcFileId="1" StartOffset="979"/>
</Header>
<LocList>
<Loc EndOffset="1069" SrcFileId="1" StartOffset="979"/>
</LocList>
<StmntSeq Intrnl_Id="38">
<LocList>
<Loc EndOffset="1065" SrcFileId="1" StartOffset="1016"/>
</LocList>
<BasicStmnt CovItemId="S13" CovItemPrefix="devops.hw1.core.AbstractDataTest.java" Intrnl_Id="39">
<LocList>
<Loc EndOffset="1065" SrcFileId="1" StartOffset="1016"/>
</LocList>
</BasicStmnt>
</StmntSeq>
</HierarchyLvl>
<HierarchyLvl HierarchyLvlId="106" HierarchyLvlTypeId="6" Intrnl_Id="40" Name="testGetValue">
<Header>
<Loc EndOffset="1108" SrcFileId="1" StartOffset="1074"/>
</Header>
<LocList>
<Loc EndOffset="1173" SrcFileId="1" StartOffset="1074"/>
</LocList>
<StmntSeq Intrnl_Id="41">
<LocList>
<Loc EndOffset="1169" SrcFileId="1" StartOffset="1114"/>
</LocList>
<BasicStmnt CovItemId="S14" CovItemPrefix="devops.hw1.core.AbstractDataTest.java" Intrnl_Id="42">
<LocList>
<Loc EndOffset="1169" SrcFileId="1" StartOffset="1114"/>
</LocList>
</BasicStmnt>
</StmntSeq>
</HierarchyLvl>
<HierarchyLvl HierarchyLvlId="107" HierarchyLvlTypeId="6" Intrnl_Id="43" Name="testEqualsObjectNull">
<Header>
<Loc EndOffset="1220" SrcFileId="1" StartOffset="1178"/>
</Header>
<LocList>
<Loc EndOffset="1274" SrcFileId="1" StartOffset="1178"/>
</LocList>
<StmntSeq Intrnl_Id="44">
<LocList>
<Loc EndOffset="1270" SrcFileId="1" StartOffset="1226"/>
</LocList>
<BasicStmnt CovItemId="S15" CovItemPrefix="devops.hw1.core.AbstractDataTest.java" Intrnl_Id="45">
<LocList>
<Loc EndOffset="1270" SrcFileId="1" StartOffset="1226"/>
</LocList>
</BasicStmnt>
</StmntSeq>
</HierarchyLvl>
<HierarchyLvl HierarchyLvlId="108" HierarchyLvlTypeId="6" Intrnl_Id="46" Name="testEqualsObjectEqualRef">
<Header>
<Loc EndOffset="1325" SrcFileId="1" StartOffset="1279"/>
</Header>
<LocList>
<Loc EndOffset="1391" SrcFileId="1" StartOffset="1279"/>
</LocList>
<StmntSeq Intrnl_Id="47">
<LocList>
<Loc EndOffset="1387" SrcFileId="1" StartOffset="1331"/>
</LocList>
<BasicStmnt CovItemId="S16" CovItemPrefix="devops.hw1.core.AbstractDataTest.java" Intrnl_Id="48">
<LocList>
<Loc EndOffset="1387" SrcFileId="1" StartOffset="1331"/>
</LocList>
</BasicStmnt>
</StmntSeq>
</HierarchyLvl>
<HierarchyLvl HierarchyLvlId="109" HierarchyLvlTypeId="6" Intrnl_Id="49" Name="testEqualsObjectForUnEqualClass">
<Header>
<Loc EndOffset="1449" SrcFileId="1" StartOffset="1396"/>
</Header>
<LocList>
<Loc EndOffset="1509" SrcFileId="1" StartOffset="1396"/>
</LocList>
<StmntSeq Intrnl_Id="50">
<LocList>
<Loc EndOffset="1505" SrcFileId="1" StartOffset="1455"/>
</LocList>
<BasicStmnt CovItemId="S17" CovItemPrefix="devops.hw1.core.AbstractDataTest.java" Intrnl_Id="51">
<LocList>
<Loc EndOffset="1505" SrcFileId="1" StartOffset="1455"/>
</LocList>
</BasicStmnt>
</StmntSeq>
</HierarchyLvl>
<HierarchyLvl HierarchyLvlId="110" HierarchyLvlTypeId="6" Intrnl_Id="52" Name="testEqualsObjectUnEqualValues">
<Header>
<Loc EndOffset="1565" SrcFileId="1" StartOffset="1514"/>
</Header>
<LocList>
<Loc EndOffset="1845" SrcFileId="1" StartOffset="1514"/>
</LocList>
<StmntSeq Intrnl_Id="53">
<LocList>
<Loc EndOffset="1645" SrcFileId="1" StartOffset="1571"/>
<Loc EndOffset="1703" SrcFileId="1" StartOffset="1649"/>
<Loc EndOffset="1783" SrcFileId="1" StartOffset="1709"/>
<Loc EndOffset="1841" SrcFileId="1" StartOffset="1787"/>
</LocList>
<BasicStmnt CovItemId="S18" CovItemPrefix="devops.hw1.core.AbstractDataTest.java" Intrnl_Id="54">
<LocList>
<Loc EndOffset="1645" SrcFileId="1" StartOffset="1571"/>
</LocList>
</BasicStmnt>
<BasicStmnt CovItemId="S19" CovItemPrefix="devops.hw1.core.AbstractDataTest.java" Intrnl_Id="55">
<LocList>
<Loc EndOffset="1703" SrcFileId="1" StartOffset="1649"/>
</LocList>
</BasicStmnt>
<BasicStmnt CovItemId="S20" CovItemPrefix="devops.hw1.core.AbstractDataTest.java" Intrnl_Id="56">
<LocList>
<Loc EndOffset="1783" SrcFileId="1" StartOffset="1709"/>
</LocList>
</BasicStmnt>
<BasicStmnt CovItemId="S21" CovItemPrefix="devops.hw1.core.AbstractDataTest.java" Intrnl_Id="57">
<LocList>
<Loc EndOffset="1841" SrcFileId="1" StartOffset="1787"/>
</LocList>
</BasicStmnt>
</StmntSeq>
</HierarchyLvl>
<HierarchyLvl HierarchyLvlId="111" HierarchyLvlTypeId="6" Intrnl_Id="58" Name="testEqualsObjectEqualValue">
<Header>
<Loc EndOffset="1898" SrcFileId="1" StartOffset="1850"/>
</Header>
<LocList>
<Loc EndOffset="2043" SrcFileId="1" StartOffset="1850"/>
</LocList>
<StmntSeq Intrnl_Id="59">
<LocList>
<Loc EndOffset="1983" SrcFileId="1" StartOffset="1904"/>
<Loc EndOffset="2039" SrcFileId="1" StartOffset="1987"/>
</LocList>
<BasicStmnt CovItemId="S22" CovItemPrefix="devops.hw1.core.AbstractDataTest.java" Intrnl_Id="60">
<LocList>
<Loc EndOffset="1983" SrcFileId="1" StartOffset="1904"/>
</LocList>
</BasicStmnt>
<BasicStmnt CovItemId="S23" CovItemPrefix="devops.hw1.core.AbstractDataTest.java" Intrnl_Id="61">
<LocList>
<Loc EndOffset="2039" SrcFileId="1" StartOffset="1987"/>
</LocList>
</BasicStmnt>
</StmntSeq>
</HierarchyLvl>
</HierarchyLvl>
<HierarchyLvl HierarchyLvlId="118" HierarchyLvlTypeId="7" Intrnl_Id="62" Name="NumericDataTest">
<Header>
<Loc EndOffset="119" SrcFileId="2" StartOffset="91"/>
</Header>
<LocList>
<Loc EndOffset="876" SrcFileId="2" StartOffset="91"/>
</LocList>
<HierarchyLvl HierarchyLvlId="113" HierarchyLvlTypeId="6" Intrnl_Id="63" Name="NumericDataTest">
<Header>
<Loc EndOffset="196" SrcFileId="2" StartOffset="172"/>
</Header>
<LocList>
<Loc EndOffset="304" SrcFileId="2" StartOffset="172"/>
</LocList>
<StmntSeq Intrnl_Id="64">
<LocList>
<Loc EndOffset="214" SrcFileId="2" StartOffset="202"/>
<Loc EndOffset="247" SrcFileId="2" StartOffset="218"/>
<Loc EndOffset="300" SrcFileId="2" StartOffset="251"/>
</LocList>
<BasicStmnt CovItemId="S1" CovItemPrefix="devops.hw1.core.NumericDataTest.java" Intrnl_Id="65">
<LocList>
<Loc EndOffset="214" SrcFileId="2" StartOffset="202"/>
</LocList>
</BasicStmnt>
<BasicStmnt CovItemId="S2" CovItemPrefix="devops.hw1.core.NumericDataTest.java" Intrnl_Id="66">
<LocList>
<Loc EndOffset="247" SrcFileId="2" StartOffset="218"/>
</LocList>
</BasicStmnt>
<BasicStmnt CovItemId="S3" CovItemPrefix="devops.hw1.core.NumericDataTest.java" Intrnl_Id="67">
<LocList>
<Loc EndOffset="300" SrcFileId="2" StartOffset="251"/>
</LocList>
</BasicStmnt>
</StmntSeq>
</HierarchyLvl>
<HierarchyLvl HierarchyLvlId="114" HierarchyLvlTypeId="6" Intrnl_Id="68" Name="testNumericData">
<Header>
<Loc EndOffset="346" SrcFileId="2" StartOffset="309"/>
</Header>
<LocList>
<Loc EndOffset="381" SrcFileId="2" StartOffset="309"/>
</LocList>
<StmntSeq Intrnl_Id="69">
<LocList>
<Loc EndOffset="377" SrcFileId="2" StartOffset="352"/>
</LocList>
<BasicStmnt CovItemId="S4" CovItemPrefix="devops.hw1.core.NumericDataTest.java" Intrnl_Id="70">
<LocList>
<Loc EndOffset="377" SrcFileId="2" StartOffset="352"/>
</LocList>
</BasicStmnt>
</StmntSeq>
</HierarchyLvl>
<HierarchyLvl HierarchyLvlId="115" HierarchyLvlTypeId="6" Intrnl_Id="71" Name="testCompareToEqual">
<Header>
<Loc EndOffset="426" SrcFileId="2" StartOffset="386"/>
</Header>
<LocList>
<Loc EndOffset="541" SrcFileId="2" StartOffset="386"/>
</LocList>
<StmntSeq Intrnl_Id="72">
<LocList>
<Loc EndOffset="489" SrcFileId="2" StartOffset="432"/>
<Loc EndOffset="537" SrcFileId="2" StartOffset="493"/>
</LocList>
<BasicStmnt CovItemId="S5" CovItemPrefix="devops.hw1.core.NumericDataTest.java" Intrnl_Id="73">
<LocList>
<Loc EndOffset="489" SrcFileId="2" StartOffset="432"/>
</LocList>
</BasicStmnt>
<BasicStmnt CovItemId="S6" CovItemPrefix="devops.hw1.core.NumericDataTest.java" Intrnl_Id="74">
<LocList>
<Loc EndOffset="537" SrcFileId="2" StartOffset="493"/>
</LocList>
</BasicStmnt>
</StmntSeq>
</HierarchyLvl>
<HierarchyLvl HierarchyLvlId="116" HierarchyLvlTypeId="6" Intrnl_Id="75" Name="testCompareToLesser">
<Header>
<Loc EndOffset="587" SrcFileId="2" StartOffset="546"/>
</Header>
<LocList>
<Loc EndOffset="707" SrcFileId="2" StartOffset="546"/>
</LocList>
<StmntSeq Intrnl_Id="76">
<LocList>
<Loc EndOffset="654" SrcFileId="2" StartOffset="593"/>
<Loc EndOffset="703" SrcFileId="2" StartOffset="658"/>
</LocList>
<BasicStmnt CovItemId="S7" CovItemPrefix="devops.hw1.core.NumericDataTest.java" Intrnl_Id="77">
<LocList>
<Loc EndOffset="654" SrcFileId="2" StartOffset="593"/>
</LocList>
</BasicStmnt>
<BasicStmnt CovItemId="S8" CovItemPrefix="devops.hw1.core.NumericDataTest.java" Intrnl_Id="78">
<LocList>
<Loc EndOffset="703" SrcFileId="2" StartOffset="658"/>
</LocList>
</BasicStmnt>
</StmntSeq>
</HierarchyLvl>
<HierarchyLvl HierarchyLvlId="117" HierarchyLvlTypeId="6" Intrnl_Id="79" Name="testCompareToGreater">
<Header>
<Loc EndOffset="754" SrcFileId="2" StartOffset="712"/>
</Header>
<LocList>
<Loc EndOffset="873" SrcFileId="2" StartOffset="712"/>
</LocList>
<StmntSeq Intrnl_Id="80">
<LocList>
<Loc EndOffset="821" SrcFileId="2" StartOffset="760"/>
<Loc EndOffset="869" SrcFileId="2" StartOffset="825"/>
</LocList>
<BasicStmnt CovItemId="S9" CovItemPrefix="devops.hw1.core.NumericDataTest.java" Intrnl_Id="81">
<LocList>
<Loc EndOffset="821" SrcFileId="2" StartOffset="760"/>
</LocList>
</BasicStmnt>
<BasicStmnt CovItemId="S10" CovItemPrefix="devops.hw1.core.NumericDataTest.java" Intrnl_Id="82">
<LocList>
<Loc EndOffset="869" SrcFileId="2" StartOffset="825"/>
</LocList>
</BasicStmnt>
</StmntSeq>
</HierarchyLvl>
</HierarchyLvl>
<HierarchyLvl HierarchyLvlId="123" HierarchyLvlTypeId="7" Intrnl_Id="83" Name="ParameterizedTestBuyCard">
<Header>
<Loc EndOffset="430" SrcFileId="3" StartOffset="362"/>
</Header>
<LocList>
<Loc EndOffset="2349" SrcFileId="3" StartOffset="362"/>
</LocList>
<HierarchyLvl HierarchyLvlId="119" HierarchyLvlTypeId="6" Intrnl_Id="84" Name="initialize">
<Header>
<Loc EndOffset="685" SrcFileId="3" StartOffset="648"/>
</Header>
<LocList>
<Loc EndOffset="823" SrcFileId="3" StartOffset="648"/>
</LocList>
<StmntSeq Intrnl_Id="85">
<LocList>
<Loc EndOffset="725" SrcFileId="3" StartOffset="695"/>
<Loc EndOffset="754" SrcFileId="3" StartOffset="733"/>
</LocList>
<BasicStmnt CovItemId="S1" CovItemPrefix="devops.hw1.core.ParameterizedTestBuyCard.java" Intrnl_Id="86">
<LocList>
<Loc EndOffset="725" SrcFileId="3" StartOffset="695"/>
</LocList>
</BasicStmnt>
<BasicStmnt CovItemId="S2" CovItemPrefix="devops.hw1.core.ParameterizedTestBuyCard.java" Intrnl_Id="87">
<LocList>
<Loc EndOffset="754" SrcFileId="3" StartOffset="733"/>
</LocList>
</BasicStmnt>
</StmntSeq>
</HierarchyLvl>
<HierarchyLvl HierarchyLvlId="120" HierarchyLvlTypeId="6" Intrnl_Id="88" Name="ParameterizedTestBuyCard">
<Header>
<Loc EndOffset="1476" SrcFileId="3" StartOffset="1353"/>
</Header>
<LocList>
<Loc EndOffset="1637" SrcFileId="3" StartOffset="1353"/>
</LocList>
<StmntSeq Intrnl_Id="89">
<LocList>
<Loc EndOffset="1511" SrcFileId="3" StartOffset="1486"/>
<Loc EndOffset="1554" SrcFileId="3" StartOffset="1519"/>
<Loc EndOffset="1606" SrcFileId="3" StartOffset="1562"/>
<Loc EndOffset="1631" SrcFileId="3" StartOffset="1614"/>
</LocList>
<BasicStmnt CovItemId="S3" CovItemPrefix="devops.hw1.core.ParameterizedTestBuyCard.java" Intrnl_Id="90">
<LocList>
<Loc EndOffset="1511" SrcFileId="3" StartOffset="1486"/>
</LocList>
</BasicStmnt>
<BasicStmnt CovItemId="S4" CovItemPrefix="devops.hw1.core.ParameterizedTestBuyCard.java" Intrnl_Id="91">
<LocList>
<Loc EndOffset="1554" SrcFileId="3" StartOffset="1519"/>
</LocList>
</BasicStmnt>
<BasicStmnt CovItemId="S5" CovItemPrefix="devops.hw1.core.ParameterizedTestBuyCard.java" Intrnl_Id="92">
<LocList>
<Loc EndOffset="1606" SrcFileId="3" StartOffset="1562"/>
</LocList>
</BasicStmnt>
<BasicStmnt CovItemId="S6" CovItemPrefix="devops.hw1.core.ParameterizedTestBuyCard.java" Intrnl_Id="93">
<LocList>
<Loc EndOffset="1631" SrcFileId="3" StartOffset="1614"/>
</LocList>
</BasicStmnt>
</StmntSeq>
</HierarchyLvl>
<HierarchyLvl HierarchyLvlId="121" HierarchyLvlTypeId="6" Intrnl_Id="94" Name="paramNumbers">
<Header>
<Loc EndOffset="1713" SrcFileId="3" StartOffset="1644"/>
</Header>
<LocList>
<Loc EndOffset="1866" SrcFileId="3" StartOffset="1644"/>
</LocList>
<StmntSeq Intrnl_Id="95">
<LocList>
<Loc EndOffset="1860" SrcFileId="3" StartOffset="1723"/>
</LocList>
<BasicStmnt CovItemId="S7" CovItemPrefix="devops.hw1.core.ParameterizedTestBuyCard.java" Intrnl_Id="96">
<LocList>
<Loc EndOffset="1860" SrcFileId="3" StartOffset="1723"/>
</LocList>
</BasicStmnt>
</StmntSeq>
</HierarchyLvl>
<HierarchyLvl HierarchyLvlId="122" HierarchyLvlTypeId="6" Intrnl_Id="97" Name="testBuyCardParameterized">
<Header>
<Loc EndOffset="1924" SrcFileId="3" StartOffset="1876"/>
</Header>
<LocList>
<Loc EndOffset="2344" SrcFileId="3" StartOffset="1876"/>
</LocList>
<StmntSeq Intrnl_Id="98">
<LocList>
<Loc EndOffset="1970" SrcFileId="3" StartOffset="1932"/>
<Loc EndOffset="2221" SrcFileId="3" StartOffset="1982"/>
<Loc EndOffset="2275" SrcFileId="3" StartOffset="2227"/>
<Loc EndOffset="2338" SrcFileId="3" StartOffset="2281"/>
</LocList>
<BasicStmnt CovItemId="S8" CovItemPrefix="devops.hw1.core.ParameterizedTestBuyCard.java" Intrnl_Id="99">
<LocList>
<Loc EndOffset="1970" SrcFileId="3" StartOffset="1932"/>
</LocList>
</BasicStmnt>
<CondStmnt CovItemId="S9" CovItemPrefix="devops.hw1.core.ParameterizedTestBuyCard.java" Intrnl_Id="100">
<Branch CovItemId="B1" CovItemPrefix="devops.hw1.core.ParameterizedTestBuyCard.java" Implct="false" Intrnl_Id="101">
<Cond/>
<LocList>
<Loc EndOffset="2105" SrcFileId="3" StartOffset="1992"/>
</LocList>
<StmntSeq Intrnl_Id="102">
<LocList>
<Loc EndOffset="2034" SrcFileId="3" StartOffset="2000"/>
<Loc EndOffset="2098" SrcFileId="3" StartOffset="2046"/>
</LocList>
<BasicStmnt CovItemId="S10" CovItemPrefix="devops.hw1.core.ParameterizedTestBuyCard.java" Intrnl_Id="103">
<LocList>
<Loc EndOffset="2034" SrcFileId="3" StartOffset="2000"/>
</LocList>
</BasicStmnt>
<BasicStmnt CovItemId="S11" CovItemPrefix="devops.hw1.core.ParameterizedTestBuyCard.java" Intrnl_Id="104">
<LocList>
<Loc EndOffset="2098" SrcFileId="3" StartOffset="2046"/>
</LocList>
</BasicStmnt>
</StmntSeq>
</Branch>
<Branch CovItemId="B2" CovItemPrefix="devops.hw1.core.ParameterizedTestBuyCard.java" Implct="false" Intrnl_Id="105">
<Cond>
<Loc EndOffset="2110" SrcFileId="3" StartOffset="2106"/>
</Cond>
<LocList>
<Loc EndOffset="2221" SrcFileId="3" StartOffset="2111"/>
</LocList>
<StmntSeq Intrnl_Id="106">
<LocList>
<Loc EndOffset="2154" SrcFileId="3" StartOffset="2119"/>
<Loc EndOffset="2214" SrcFileId="3" StartOffset="2161"/>
</LocList>
<BasicStmnt CovItemId="S12" CovItemPrefix="devops.hw1.core.ParameterizedTestBuyCard.java" Intrnl_Id="107">
<LocList>
<Loc EndOffset="2154" SrcFileId="3" StartOffset="2119"/>
</LocList>
</BasicStmnt>
<BasicStmnt CovItemId="S13" CovItemPrefix="devops.hw1.core.ParameterizedTestBuyCard.java" Intrnl_Id="108">
<LocList>
<Loc EndOffset="2214" SrcFileId="3" StartOffset="2161"/>
</LocList>
</BasicStmnt>
</StmntSeq>
</Branch>
<Keyword EndOffset="1984" SrcFileId="3" StartOffset="1982"/>
<LocList>
<Loc EndOffset="2221" SrcFileId="3" StartOffset="1982"/>
</LocList>
<RootTerm CovItemId="C1" CovItemPrefix="devops.hw1.core.ParameterizedTestBuyCard.java" Intrnl_Id="109">
<BasicBoolTerm Intrnl_Id="110">
<LocList>
<Loc EndOffset="1990" SrcFileId="3" StartOffset="1986"/>
</LocList>
</BasicBoolTerm>
</RootTerm>
</CondStmnt>
<BasicStmnt CovItemId="S14" CovItemPrefix="devops.hw1.core.ParameterizedTestBuyCard.java" Intrnl_Id="111">
<LocList>
<Loc EndOffset="2275" SrcFileId="3" StartOffset="2227"/>
</LocList>
</BasicStmnt>
<BasicStmnt CovItemId="S15" CovItemPrefix="devops.hw1.core.ParameterizedTestBuyCard.java" Intrnl_Id="112">
<LocList>
<Loc EndOffset="2338" SrcFileId="3" StartOffset="2281"/>
</LocList>
</BasicStmnt>
</StmntSeq>
</HierarchyLvl>
</HierarchyLvl>
<HierarchyLvl HierarchyLvlId="174" HierarchyLvlTypeId="7" Intrnl_Id="113" Name="Tests">
<Header>
<Loc EndOffset="387" SrcFileId="4" StartOffset="369"/>
</Header>
<LocList>
<Loc EndOffset="24956" SrcFileId="4" StartOffset="369"/>
</LocList>
<HierarchyLvl HierarchyLvlId="124" HierarchyLvlTypeId="6" Intrnl_Id="114" Name="testMakeCard">
<Header>
<Loc EndOffset="476" SrcFileId="4" StartOffset="442"/>
</Header>
<LocList>
<Loc EndOffset="560" SrcFileId="4" StartOffset="442"/>
</LocList>
<StmntSeq Intrnl_Id="115">
<LocList>
<Loc EndOffset="515" SrcFileId="4" StartOffset="482"/>
<Loc EndOffset="556" SrcFileId="4" StartOffset="519"/>
</LocList>
<BasicStmnt CovItemId="S1" CovItemPrefix="devops.hw1.core.Tests.java" Intrnl_Id="116">
<LocList>
<Loc EndOffset="515" SrcFileId="4" StartOffset="482"/>
</LocList>
</BasicStmnt>
<BasicStmnt CovItemId="S2" CovItemPrefix="devops.hw1.core.Tests.java" Intrnl_Id="117">
<LocList>
<Loc EndOffset="556" SrcFileId="4" StartOffset="519"/>
</LocList>
</BasicStmnt>
</StmntSeq>
</HierarchyLvl>
<HierarchyLvl HierarchyLvlId="125" HierarchyLvlTypeId="6" Intrnl_Id="118" Name="testGetCardCost">
<Header>
<Loc EndOffset="705" SrcFileId="4" StartOffset="668"/>
</Header>
<LocList>
<Loc EndOffset="788" SrcFileId="4" StartOffset="668"/>
</LocList>
<StmntSeq Intrnl_Id="119">
<LocList>
<Loc EndOffset="745" SrcFileId="4" StartOffset="711"/>
<Loc EndOffset="784" SrcFileId="4" StartOffset="749"/>
</LocList>
<BasicStmnt CovItemId="S3" CovItemPrefix="devops.hw1.core.Tests.java" Intrnl_Id="120">
<LocList>
<Loc EndOffset="745" SrcFileId="4" StartOffset="711"/>
</LocList>
</BasicStmnt>
<BasicStmnt CovItemId="S4" CovItemPrefix="devops.hw1.core.Tests.java" Intrnl_Id="121">
<LocList>
<Loc EndOffset="784" SrcFileId="4" StartOffset="749"/>
</LocList>
</BasicStmnt>
</StmntSeq>
</HierarchyLvl>
<HierarchyLvl HierarchyLvlId="126" HierarchyLvlTypeId="6" Intrnl_Id="122" Name="testGetDefaultCardCost">
<Header>
<Loc EndOffset="941" SrcFileId="4" StartOffset="897"/>
</Header>
<LocList>
<Loc EndOffset="1023" SrcFileId="4" StartOffset="897"/>
</LocList>
<StmntSeq Intrnl_Id="123">
<LocList>
<Loc EndOffset="980" SrcFileId="4" StartOffset="947"/>
<Loc EndOffset="1019" SrcFileId="4" StartOffset="984"/>
</LocList>
<BasicStmnt CovItemId="S5" CovItemPrefix="devops.hw1.core.Tests.java" Intrnl_Id="124">
<LocList>
<Loc EndOffset="980" SrcFileId="4" StartOffset="947"/>
</LocList>
</BasicStmnt>
<BasicStmnt CovItemId="S6" CovItemPrefix="devops.hw1.core.Tests.java" Intrnl_Id="125">
<LocList>
<Loc EndOffset="1019" SrcFileId="4" StartOffset="984"/>
</LocList>
</BasicStmnt>
</StmntSeq>
</HierarchyLvl>
<HierarchyLvl HierarchyLvlId="127" HierarchyLvlTypeId="6" Intrnl_Id="126" Name="testMakePlayer">
<Header>
<Loc EndOffset="1126" SrcFileId="4" StartOffset="1090"/>
</Header>
<LocList>
<Loc EndOffset="1219" SrcFileId="4" StartOffset="1090"/>
</LocList>
<StmntSeq Intrnl_Id="127">
<LocList>
<Loc EndOffset="1171" SrcFileId="4" StartOffset="1132"/>
<Loc EndOffset="1215" SrcFileId="4" StartOffset="1175"/>
</LocList>
<BasicStmnt CovItemId="S7" CovItemPrefix="devops.hw1.core.Tests.java" Intrnl_Id="128">
<LocList>
<Loc EndOffset="1171" SrcFileId="4" StartOffset="1132"/>
</LocList>
</BasicStmnt>
<BasicStmnt CovItemId="S8" CovItemPrefix="devops.hw1.core.Tests.java" Intrnl_Id="129">
<LocList>
<Loc EndOffset="1215" SrcFileId="4" StartOffset="1175"/>
</LocList>
</BasicStmnt>
</StmntSeq>
</HierarchyLvl>
<HierarchyLvl HierarchyLvlId="128" HierarchyLvlTypeId="6" Intrnl_Id="130" Name="testPlayerAddRunes">
<Header>
<Loc EndOffset="1774" SrcFileId="4" StartOffset="1734"/>
</Header>
<LocList>
<Loc EndOffset="2114" SrcFileId="4" StartOffset="1734"/>
</LocList>
<StmntSeq Intrnl_Id="131">
<LocList>
<Loc EndOffset="1819" SrcFileId="4" StartOffset="1780"/>
<Loc EndOffset="1861" SrcFileId="4" StartOffset="1823"/>
<Loc EndOffset="1887" SrcFileId="4" StartOffset="1865"/>
<Loc EndOffset="1929" SrcFileId="4" StartOffset="1891"/>
<Loc EndOffset="1956" SrcFileId="4" StartOffset="1933"/>
<Loc EndOffset="1999" SrcFileId="4" StartOffset="1960"/>
<Loc EndOffset="2041" SrcFileId="4" StartOffset="2003"/>
<Loc EndOffset="2068" SrcFileId="4" StartOffset="2045"/>
<Loc EndOffset="2110" SrcFileId="4" StartOffset="2072"/>
</LocList>
<BasicStmnt CovItemId="S9" CovItemPrefix="devops.hw1.core.Tests.java" Intrnl_Id="132">
<LocList>
<Loc EndOffset="1819" SrcFileId="4" StartOffset="1780"/>
</LocList>
</BasicStmnt>
<BasicStmnt CovItemId="S10" CovItemPrefix="devops.hw1.core.Tests.java" Intrnl_Id="133">
<LocList>
<Loc EndOffset="1861" SrcFileId="4" StartOffset="1823"/>
</LocList>
</BasicStmnt>
<BasicStmnt CovItemId="S11" CovItemPrefix="devops.hw1.core.Tests.java" Intrnl_Id="134">
<LocList>
<Loc EndOffset="1887" SrcFileId="4" StartOffset="1865"/>
</LocList>
</BasicStmnt>
<BasicStmnt CovItemId="S12" CovItemPrefix="devops.hw1.core.Tests.java" Intrnl_Id="135">
<LocList>
<Loc EndOffset="1929" SrcFileId="4" StartOffset="1891"/>
</LocList>
</BasicStmnt>
<BasicStmnt CovItemId="S13" CovItemPrefix="devops.hw1.core.Tests.java" Intrnl_Id="136">
<LocList>
<Loc EndOffset="1956" SrcFileId="4" StartOffset="1933"/>
</LocList>
</BasicStmnt>
<BasicStmnt CovItemId="S14" CovItemPrefix="devops.hw1.core.Tests.java" Intrnl_Id="137">
<LocList>
<Loc EndOffset="1999" SrcFileId="4" StartOffset="1960"/>
</LocList>
</BasicStmnt>
<BasicStmnt CovItemId="S15" CovItemPrefix="devops.hw1.core.Tests.java" Intrnl_Id="138">
<LocList>
<Loc EndOffset="2041" SrcFileId="4" StartOffset="2003"/>
</LocList>
</BasicStmnt>
<BasicStmnt CovItemId="S16" CovItemPrefix="devops.hw1.core.Tests.java" Intrnl_Id="139">
<LocList>
<Loc EndOffset="2068" SrcFileId="4" StartOffset="2045"/>
</LocList>
</BasicStmnt>
<BasicStmnt CovItemId="S17" CovItemPrefix="devops.hw1.core.Tests.java" Intrnl_Id="140">
<LocList>
<Loc EndOffset="2110" SrcFileId="4" StartOffset="2072"/>
</LocList>
</BasicStmnt>
</StmntSeq>
</HierarchyLvl>
<HierarchyLvl HierarchyLvlId="129" HierarchyLvlTypeId="6" Intrnl_Id="141" Name="testPlayerDiscardMock">
<Header>
<Loc EndOffset="2304" SrcFileId="4" StartOffset="2261"/>
</Header>
<LocList>
<Loc EndOffset="2737" SrcFileId="4" StartOffset="2261"/>
</LocList>
<StmntSeq Intrnl_Id="142">
<LocList>
<Loc EndOffset="2349" SrcFileId="4" StartOffset="2310"/>
<Loc EndOffset="2400" SrcFileId="4" StartOffset="2355"/>
<Loc EndOffset="2449" SrcFileId="4" StartOffset="2404"/>
<Loc EndOffset="2498" SrcFileId="4" StartOffset="2453"/>
<Loc EndOffset="2548" SrcFileId="4" StartOffset="2504"/>
<Loc EndOffset="2577" SrcFileId="4" StartOffset="2552"/>
<Loc EndOffset="2625" SrcFileId="4" StartOffset="2581"/>
<Loc EndOffset="2654" SrcFileId="4" StartOffset="2629"/>
<Loc EndOffset="2683" SrcFileId="4" StartOffset="2658"/>
<Loc EndOffset="2731" SrcFileId="4" StartOffset="2687"/>
</LocList>
<BasicStmnt CovItemId="S18" CovItemPrefix="devops.hw1.core.Tests.java" Intrnl_Id="143">
<LocList>
<Loc EndOffset="2349" SrcFileId="4" StartOffset="2310"/>
</LocList>
</BasicStmnt>
<BasicStmnt CovItemId="S19" CovItemPrefix="devops.hw1.core.Tests.java" Intrnl_Id="144">
<LocList>
<Loc EndOffset="2400" SrcFileId="4" StartOffset="2355"/>
</LocList>
</BasicStmnt>
<BasicStmnt CovItemId="S20" CovItemPrefix="devops.hw1.core.Tests.java" Intrnl_Id="145">
<LocList>
<Loc EndOffset="2449" SrcFileId="4" StartOffset="2404"/>
</LocList>
</BasicStmnt>
<BasicStmnt CovItemId="S21" CovItemPrefix="devops.hw1.core.Tests.java" Intrnl_Id="146">
<LocList>
<Loc EndOffset="2498" SrcFileId="4" StartOffset="2453"/>
</LocList>
</BasicStmnt>
<BasicStmnt CovItemId="S22" CovItemPrefix="devops.hw1.core.Tests.java" Intrnl_Id="147">
<LocList>
<Loc EndOffset="2548" SrcFileId="4" StartOffset="2504"/>
</LocList>
</BasicStmnt>
<BasicStmnt CovItemId="S23" CovItemPrefix="devops.hw1.core.Tests.java" Intrnl_Id="148">
<LocList>
<Loc EndOffset="2577" SrcFileId="4" StartOffset="2552"/>
</LocList>
</BasicStmnt>
<BasicStmnt CovItemId="S24" CovItemPrefix="devops.hw1.core.Tests.java" Intrnl_Id="149">
<LocList>
<Loc EndOffset="2625" SrcFileId="4" StartOffset="2581"/>
</LocList>
</BasicStmnt>
<BasicStmnt CovItemId="S25" CovItemPrefix="devops.hw1.core.Tests.java" Intrnl_Id="150">
<LocList>
<Loc EndOffset="2654" SrcFileId="4" StartOffset="2629"/>
</LocList>
</BasicStmnt>
<BasicStmnt CovItemId="S26" CovItemPrefix="devops.hw1.core.Tests.java" Intrnl_Id="151">
<LocList>
<Loc EndOffset="2683" SrcFileId="4" StartOffset="2658"/>
</LocList>
</BasicStmnt>
<BasicStmnt CovItemId="S27" CovItemPrefix="devops.hw1.core.Tests.java" Intrnl_Id="152">
<LocList>
<Loc EndOffset="2731" SrcFileId="4" StartOffset="2687"/>
</LocList>
</BasicStmnt>
</StmntSeq>
</HierarchyLvl>
<HierarchyLvl HierarchyLvlId="130" HierarchyLvlTypeId="6" Intrnl_Id="153" Name="testPlayerDiscard">
<Header>
<Loc EndOffset="3015" SrcFileId="4" StartOffset="2976"/>
</Header>
<LocList>
<Loc EndOffset="3328" SrcFileId="4" StartOffset="2976"/>
</LocList>
<StmntSeq Intrnl_Id="154">
<LocList>
<Loc EndOffset="3060" SrcFileId="4" StartOffset="3021"/>
<Loc EndOffset="3108" SrcFileId="4" StartOffset="3064"/>
<Loc EndOffset="3148" SrcFileId="4" StartOffset="3112"/>
<Loc EndOffset="3196" SrcFileId="4" StartOffset="3152"/>
<Loc EndOffset="3236" SrcFileId="4" StartOffset="3200"/>
<Loc EndOffset="3276" SrcFileId="4" StartOffset="3240"/>
<Loc EndOffset="3324" SrcFileId="4" StartOffset="3280"/>
</LocList>
<BasicStmnt CovItemId="S28" CovItemPrefix="devops.hw1.core.Tests.java" Intrnl_Id="155">
<LocList>
<Loc EndOffset="3060" SrcFileId="4" StartOffset="3021"/>
</LocList>
</BasicStmnt>
<BasicStmnt CovItemId="S29" CovItemPrefix="devops.hw1.core.Tests.java" Intrnl_Id="156">
<LocList>
<Loc EndOffset="3108" SrcFileId="4" StartOffset="3064"/>
</LocList>
</BasicStmnt>
<BasicStmnt CovItemId="S30" CovItemPrefix="devops.hw1.core.Tests.java" Intrnl_Id="157">
<LocList>
<Loc EndOffset="3148" SrcFileId="4" StartOffset="3112"/>
</LocList>
</BasicStmnt>
<BasicStmnt CovItemId="S31" CovItemPrefix="devops.hw1.core.Tests.java" Intrnl_Id="158">
<LocList>
<Loc EndOffset="3196" SrcFileId="4" StartOffset="3152"/>
</LocList>
</BasicStmnt>
<BasicStmnt CovItemId="S32" CovItemPrefix="devops.hw1.core.Tests.java" Intrnl_Id="159">
<LocList>
<Loc EndOffset="3236" SrcFileId="4" StartOffset="3200"/>
</LocList>
</BasicStmnt>
<BasicStmnt CovItemId="S33" CovItemPrefix="devops.hw1.core.Tests.java" Intrnl_Id="160">
<LocList>
<Loc EndOffset="3276" SrcFileId="4" StartOffset="3240"/>
</LocList>
</BasicStmnt>
<BasicStmnt CovItemId="S34" CovItemPrefix="devops.hw1.core.Tests.java" Intrnl_Id="161">
<LocList>
<Loc EndOffset="3324" SrcFileId="4" StartOffset="3280"/>
</LocList>
</BasicStmnt>
</StmntSeq>
</HierarchyLvl>
<HierarchyLvl HierarchyLvlId="131" HierarchyLvlTypeId="6" Intrnl_Id="162" Name="testDiscardingCardsMock">
<Header>
<Loc EndOffset="3563" SrcFileId="4" StartOffset="3518"/>
</Header>
<LocList>
<Loc EndOffset="3969" SrcFileId="4" StartOffset="3518"/>
</LocList>
<StmntSeq Intrnl_Id="163">
<LocList>
<Loc EndOffset="3608" SrcFileId="4" StartOffset="3569"/>
<Loc EndOffset="3657" SrcFileId="4" StartOffset="3612"/>
<Loc EndOffset="3706" SrcFileId="4" StartOffset="3661"/>
<Loc EndOffset="3755" SrcFileId="4" StartOffset="3710"/>
<Loc EndOffset="3786" SrcFileId="4" StartOffset="3761"/>
<Loc EndOffset="3846" SrcFileId="4" StartOffset="3790"/>
<Loc EndOffset="3906" SrcFileId="4" StartOffset="3850"/>
<Loc EndOffset="3965" SrcFileId="4" StartOffset="3910"/>
</LocList>
<BasicStmnt CovItemId="S35" CovItemPrefix="devops.hw1.core.Tests.java" Intrnl_Id="164">
<LocList>
<Loc EndOffset="3608" SrcFileId="4" StartOffset="3569"/>
</LocList>
</BasicStmnt>
<BasicStmnt CovItemId="S36" CovItemPrefix="devops.hw1.core.Tests.java" Intrnl_Id="165">
<LocList>
<Loc EndOffset="3657" SrcFileId="4" StartOffset="3612"/>
</LocList>
</BasicStmnt>
<BasicStmnt CovItemId="S37" CovItemPrefix="devops.hw1.core.Tests.java" Intrnl_Id="166">
<LocList>
<Loc EndOffset="3706" SrcFileId="4" StartOffset="3661"/>
</LocList>
</BasicStmnt>
<BasicStmnt CovItemId="S38" CovItemPrefix="devops.hw1.core.Tests.java" Intrnl_Id="167">
<LocList>
<Loc EndOffset="3755" SrcFileId="4" StartOffset="3710"/>
</LocList>
</BasicStmnt>
<BasicStmnt CovItemId="S39" CovItemPrefix="devops.hw1.core.Tests.java" Intrnl_Id="168">
<LocList>
<Loc EndOffset="3786" SrcFileId="4" StartOffset="3761"/>
</LocList>
</BasicStmnt>
<BasicStmnt CovItemId="S40" CovItemPrefix="devops.hw1.core.Tests.java" Intrnl_Id="169">
<LocList>
<Loc EndOffset="3846" SrcFileId="4" StartOffset="3790"/>
</LocList>
</BasicStmnt>
<BasicStmnt CovItemId="S41" CovItemPrefix="devops.hw1.core.Tests.java" Intrnl_Id="170">
<LocList>
<Loc EndOffset="3906" SrcFileId="4" StartOffset="3850"/>
</LocList>
</BasicStmnt>
<BasicStmnt CovItemId="S42" CovItemPrefix="devops.hw1.core.Tests.java" Intrnl_Id="171">
<LocList>
<Loc EndOffset="3965" SrcFileId="4" StartOffset="3910"/>
</LocList>
</BasicStmnt>
</StmntSeq>
</HierarchyLvl>
<HierarchyLvl HierarchyLvlId="132" HierarchyLvlTypeId="6" Intrnl_Id="172" Name="testDiscardingCards">
<Header>
<Loc EndOffset="4142" SrcFileId="4" StartOffset="4101"/>
</Header>
<LocList>
<Loc EndOffset="4423" SrcFileId="4" StartOffset="4101"/>
</LocList>
<StmntSeq Intrnl_Id="173">
<LocList>
<Loc EndOffset="4187" SrcFileId="4" StartOffset="4148"/>
<Loc EndOffset="4225" SrcFileId="4" StartOffset="4191"/>
<Loc EndOffset="4264" SrcFileId="4" StartOffset="4229"/>
<Loc EndOffset="4295" SrcFileId="4" StartOffset="4268"/>
<Loc EndOffset="4358" SrcFileId="4" StartOffset="4299"/>
<Loc EndOffset="4419" SrcFileId="4" StartOffset="4362"/>
</LocList>
<BasicStmnt CovItemId="S43" CovItemPrefix="devops.hw1.core.Tests.java" Intrnl_Id="174">
<LocList>
<Loc EndOffset="4187" SrcFileId="4" StartOffset="4148"/>
</LocList>
</BasicStmnt>
<BasicStmnt CovItemId="S44" CovItemPrefix="devops.hw1.core.Tests.java" Intrnl_Id="175">
<LocList>
<Loc EndOffset="4225" SrcFileId="4" StartOffset="4191"/>
</LocList>
</BasicStmnt>
<BasicStmnt CovItemId="S45" CovItemPrefix="devops.hw1.core.Tests.java" Intrnl_Id="176">
<LocList>
<Loc EndOffset="4264" SrcFileId="4" StartOffset="4229"/>
</LocList>
</BasicStmnt>
<BasicStmnt CovItemId="S46" CovItemPrefix="devops.hw1.core.Tests.java" Intrnl_Id="177">
<LocList>
<Loc EndOffset="4295" SrcFileId="4" StartOffset="4268"/>
</LocList>
</BasicStmnt>
<BasicStmnt CovItemId="S47" CovItemPrefix="devops.hw1.core.Tests.java" Intrnl_Id="178">
<LocList>
<Loc EndOffset="4358" SrcFileId="4" StartOffset="4299"/>
</LocList>
</BasicStmnt>
<BasicStmnt CovItemId="S48" CovItemPrefix="devops.hw1.core.Tests.java" Intrnl_Id="179">
<LocList>
<Loc EndOffset="4419" SrcFileId="4" StartOffset="4362"/>
</LocList>
</BasicStmnt>
</StmntSeq>
</HierarchyLvl>
<HierarchyLvl HierarchyLvlId="133" HierarchyLvlTypeId="6" Intrnl_Id="180" Name="testPlayerBuyCard">
<Header>
<Loc EndOffset="4581" SrcFileId="4" StartOffset="4542"/>
</Header>
<LocList>
<Loc EndOffset="5256" SrcFileId="4" StartOffset="4542"/>
</LocList>
<StmntSeq Intrnl_Id="181">
<LocList>
<Loc EndOffset="4626" SrcFileId="4" StartOffset="4587"/>
<Loc EndOffset="4653" SrcFileId="4" StartOffset="4630"/>
<Loc EndOffset="4689" SrcFileId="4" StartOffset="4657"/>
<Loc EndOffset="4725" SrcFileId="4" StartOffset="4693"/>
<Loc EndOffset="4761" SrcFileId="4" StartOffset="4729"/>
<Loc EndOffset="4804" SrcFileId="4" StartOffset="4767"/>
<Loc EndOffset="4846" SrcFileId="4" StartOffset="4808"/>
<Loc EndOffset="4895" SrcFileId="4" StartOffset="4850"/>
<Loc EndOffset="4938" SrcFileId="4" StartOffset="4901"/>
<Loc EndOffset="4980" SrcFileId="4" StartOffset="4942"/>
<Loc EndOffset="5028" SrcFileId="4" StartOffset="4984"/>
<Loc EndOffset="5072" SrcFileId="4" StartOffset="5034"/>
<Loc EndOffset="5131" SrcFileId="4" StartOffset="5076"/>
<Loc EndOffset="5190" SrcFileId="4" StartOffset="5135"/>
<Loc EndOffset="5250" SrcFileId="4" StartOffset="5194"/>
</LocList>
<BasicStmnt CovItemId="S49" CovItemPrefix="devops.hw1.core.Tests.java" Intrnl_Id="182">
<LocList>
<Loc EndOffset="4626" SrcFileId="4" StartOffset="4587"/>
</LocList>
</BasicStmnt>
<BasicStmnt CovItemId="S50" CovItemPrefix="devops.hw1.core.Tests.java" Intrnl_Id="183">
<LocList>
<Loc EndOffset="4653" SrcFileId="4" StartOffset="4630"/>
</LocList>
</BasicStmnt>
<BasicStmnt CovItemId="S51" CovItemPrefix="devops.hw1.core.Tests.java" Intrnl_Id="184">
<LocList>
<Loc EndOffset="4689" SrcFileId="4" StartOffset="4657"/>
</LocList>
</BasicStmnt>
<BasicStmnt CovItemId="S52" CovItemPrefix="devops.hw1.core.Tests.java" Intrnl_Id="185">
<LocList>
<Loc EndOffset="4725" SrcFileId="4" StartOffset="4693"/>
</LocList>
</BasicStmnt>
<BasicStmnt CovItemId="S53" CovItemPrefix="devops.hw1.core.Tests.java" Intrnl_Id="186">
<LocList>
<Loc EndOffset="4761" SrcFileId="4" StartOffset="4729"/>
</LocList>
</BasicStmnt>
<BasicStmnt CovItemId="S54" CovItemPrefix="devops.hw1.core.Tests.java" Intrnl_Id="187">
<LocList>
<Loc EndOffset="4804" SrcFileId="4" StartOffset="4767"/>
</LocList>
</BasicStmnt>
<BasicStmnt CovItemId="S55" CovItemPrefix="devops.hw1.core.Tests.java" Intrnl_Id="188">
<LocList>
<Loc EndOffset="4846" SrcFileId="4" StartOffset="4808"/>
</LocList>
</BasicStmnt>
<BasicStmnt CovItemId="S56" CovItemPrefix="devops.hw1.core.Tests.java" Intrnl_Id="189">
<LocList>
<Loc EndOffset="4895" SrcFileId="4" StartOffset="4850"/>
</LocList>
</BasicStmnt>
<BasicStmnt CovItemId="S57" CovItemPrefix="devops.hw1.core.Tests.java" Intrnl_Id="190">
<LocList>
<Loc EndOffset="4938" SrcFileId="4" StartOffset="4901"/>
</LocList>
</BasicStmnt>
<BasicStmnt CovItemId="S58" CovItemPrefix="devops.hw1.core.Tests.java" Intrnl_Id="191">
<LocList>
<Loc EndOffset="4980" SrcFileId="4" StartOffset="4942"/>
</LocList>
</BasicStmnt>
<BasicStmnt CovItemId="S59" CovItemPrefix="devops.hw1.core.Tests.java" Intrnl_Id="192">
<LocList>
<Loc EndOffset="5028" SrcFileId="4" StartOffset="4984"/>
</LocList>
</BasicStmnt>
<BasicStmnt CovItemId="S60" CovItemPrefix="devops.hw1.core.Tests.java" Intrnl_Id="193">
<LocList>
<Loc EndOffset="5072" SrcFileId="4" StartOffset="5034"/>
</LocList>
</BasicStmnt>
<BasicStmnt CovItemId="S61" CovItemPrefix="devops.hw1.core.Tests.java" Intrnl_Id="194">
<LocList>
<Loc EndOffset="5131" SrcFileId="4" StartOffset="5076"/>
</LocList>
</BasicStmnt>
<BasicStmnt CovItemId="S62" CovItemPrefix="devops.hw1.core.Tests.java" Intrnl_Id="195">
<LocList>
<Loc EndOffset="5190" SrcFileId="4" StartOffset="5135"/>
</LocList>
</BasicStmnt>
<BasicStmnt CovItemId="S63" CovItemPrefix="devops.hw1.core.Tests.java" Intrnl_Id="196">
<LocList>
<Loc EndOffset="5250" SrcFileId="4" StartOffset="5194"/>
</LocList>
</BasicStmnt>
</StmntSeq>
</HierarchyLvl>
<HierarchyLvl HierarchyLvlId="134" HierarchyLvlTypeId="6" Intrnl_Id="197" Name="testPlayerBuyCardInput">
<Header>
<Loc EndOffset="5369" SrcFileId="4" StartOffset="5325"/>
</Header>
<LocList>
<Loc EndOffset="5484" SrcFileId="4" StartOffset="5325"/>
</LocList>
<StmntSeq Intrnl_Id="198">
<LocList>
<Loc EndOffset="5412" SrcFileId="4" StartOffset="5375"/>
<Loc EndOffset="5437" SrcFileId="4" StartOffset="5416"/>
<Loc EndOffset="5478" SrcFileId="4" StartOffset="5443"/>
</LocList>
<BasicStmnt CovItemId="S64" CovItemPrefix="devops.hw1.core.Tests.java" Intrnl_Id="199">
<LocList>
<Loc EndOffset="5412" SrcFileId="4" StartOffset="5375"/>
</LocList>
</BasicStmnt>
<BasicStmnt CovItemId="S65" CovItemPrefix="devops.hw1.core.Tests.java" Intrnl_Id="200">
<LocList>
<Loc EndOffset="5437" SrcFileId="4" StartOffset="5416"/>
</LocList>
</BasicStmnt>
<BasicStmnt CovItemId="S66" CovItemPrefix="devops.hw1.core.Tests.java" Intrnl_Id="201">
<LocList>
<Loc EndOffset="5478" SrcFileId="4" StartOffset="5443"/>
</LocList>
</BasicStmnt>
</StmntSeq>
</HierarchyLvl>
<HierarchyLvl HierarchyLvlId="135" HierarchyLvlTypeId="6" Intrnl_Id="202" Name="testPlayerDiscardInput">
<Header>
<Loc EndOffset="5597" SrcFileId="4" StartOffset="5553"/>
</Header>
<LocList>
<Loc EndOffset="5668" SrcFileId="4" StartOffset="5553"/>
</LocList>
<StmntSeq Intrnl_Id="203">
<LocList>
<Loc EndOffset="5639" SrcFileId="4" StartOffset="5603"/>
<Loc EndOffset="5664" SrcFileId="4" StartOffset="5643"/>
</LocList>
<BasicStmnt CovItemId="S67" CovItemPrefix="devops.hw1.core.Tests.java" Intrnl_Id="204">
<LocList>
<Loc EndOffset="5639" SrcFileId="4" StartOffset="5603"/>
</LocList>
</BasicStmnt>
<BasicStmnt CovItemId="S68" CovItemPrefix="devops.hw1.core.Tests.java" Intrnl_Id="205">
<LocList>
<Loc EndOffset="5664" SrcFileId="4" StartOffset="5643"/>
</LocList>
</BasicStmnt>
</StmntSeq>
</HierarchyLvl>
<HierarchyLvl HierarchyLvlId="136" HierarchyLvlTypeId="6" Intrnl_Id="206" Name="testPlayerHandSize">
<Header>
<Loc EndOffset="5802" SrcFileId="4" StartOffset="5762"/>
</Header>
<LocList>
<Loc EndOffset="5904" SrcFileId="4" StartOffset="5762"/>
</LocList>
<StmntSeq Intrnl_Id="207">
<LocList>
<Loc EndOffset="5844" SrcFileId="4" StartOffset="5808"/>
<Loc EndOffset="5877" SrcFileId="4" StartOffset="5848"/>
<Loc EndOffset="5900" SrcFileId="4" StartOffset="5881"/>
</LocList>
<BasicStmnt CovItemId="S69" CovItemPrefix="devops.hw1.core.Tests.java" Intrnl_Id="208">
<LocList>
<Loc EndOffset="5844" SrcFileId="4" StartOffset="5808"/>
</LocList>
</BasicStmnt>
<BasicStmnt CovItemId="S70" CovItemPrefix="devops.hw1.core.Tests.java" Intrnl_Id="209">
<LocList>
<Loc EndOffset="5877" SrcFileId="4" StartOffset="5848"/>
</LocList>
</BasicStmnt>
<BasicStmnt CovItemId="S71" CovItemPrefix="devops.hw1.core.Tests.java" Intrnl_Id="210">
<LocList>
<Loc EndOffset="5900" SrcFileId="4" StartOffset="5881"/>
</LocList>
</BasicStmnt>
</StmntSeq>
</HierarchyLvl>
<HierarchyLvl HierarchyLvlId="137" HierarchyLvlTypeId="6" Intrnl_Id="211" Name="testPlayerDrawCard">
<Header>
<Loc EndOffset="6231" SrcFileId="4" StartOffset="6191"/>
</Header>
<LocList>
<Loc EndOffset="6898" SrcFileId="4" StartOffset="6191"/>
</LocList>
<StmntSeq Intrnl_Id="212">
<LocList>
<Loc EndOffset="6274" SrcFileId="4" StartOffset="6237"/>
<Loc EndOffset="6315" SrcFileId="4" StartOffset="6278"/>
<Loc EndOffset="6458" SrcFileId="4" StartOffset="6419"/>
<Loc EndOffset="6501" SrcFileId="4" StartOffset="6462"/>
<Loc EndOffset="6544" SrcFileId="4" StartOffset="6505"/>
<Loc EndOffset="6587" SrcFileId="4" StartOffset="6548"/>
<Loc EndOffset="6612" SrcFileId="4" StartOffset="6593"/>
<Loc EndOffset="6753" SrcFileId="4" StartOffset="6714"/>
<Loc EndOffset="6796" SrcFileId="4" StartOffset="6757"/>
<Loc EndOffset="6894" SrcFileId="4" StartOffset="6857"/>
</LocList>
<BasicStmnt CovItemId="S72" CovItemPrefix="devops.hw1.core.Tests.java" Intrnl_Id="213">
<LocList>
<Loc EndOffset="6274" SrcFileId="4" StartOffset="6237"/>
</LocList>
</BasicStmnt>
<BasicStmnt CovItemId="S73" CovItemPrefix="devops.hw1.core.Tests.java" Intrnl_Id="214">
<LocList>
<Loc EndOffset="6315" SrcFileId="4" StartOffset="6278"/>
</LocList>
</BasicStmnt>
<BasicStmnt CovItemId="S74" CovItemPrefix="devops.hw1.core.Tests.java" Intrnl_Id="215">
<LocList>
<Loc EndOffset="6458" SrcFileId="4" StartOffset="6419"/>
</LocList>
</BasicStmnt>
<BasicStmnt CovItemId="S75" CovItemPrefix="devops.hw1.core.Tests.java" Intrnl_Id="216">
<LocList>
<Loc EndOffset="6501" SrcFileId="4" StartOffset="6462"/>
</LocList>
</BasicStmnt>
<BasicStmnt CovItemId="S76" CovItemPrefix="devops.hw1.core.Tests.java" Intrnl_Id="217">
<LocList>
<Loc EndOffset="6544" SrcFileId="4" StartOffset="6505"/>
</LocList>
</BasicStmnt>
<BasicStmnt CovItemId="S77" CovItemPrefix="devops.hw1.core.Tests.java" Intrnl_Id="218">
<LocList>
<Loc EndOffset="6587" SrcFileId="4" StartOffset="6548"/>
</LocList>
</BasicStmnt>
<BasicStmnt CovItemId="S78" CovItemPrefix="devops.hw1.core.Tests.java" Intrnl_Id="219">
<LocList>
<Loc EndOffset="6612" SrcFileId="4" StartOffset="6593"/>
</LocList>
</BasicStmnt>
<BasicStmnt CovItemId="S79" CovItemPrefix="devops.hw1.core.Tests.java" Intrnl_Id="220">
<LocList>
<Loc EndOffset="6753" SrcFileId="4" StartOffset="6714"/>
</LocList>
</BasicStmnt>
<BasicStmnt CovItemId="S80" CovItemPrefix="devops.hw1.core.Tests.java" Intrnl_Id="221">
<LocList>
<Loc EndOffset="6796" SrcFileId="4" StartOffset="6757"/>
</LocList>
</BasicStmnt>
<BasicStmnt CovItemId="S81" CovItemPrefix="devops.hw1.core.Tests.java" Intrnl_Id="222">
<LocList>
<Loc EndOffset="6894" SrcFileId="4" StartOffset="6857"/>
</LocList>
</BasicStmnt>
</StmntSeq>
</HierarchyLvl>
<HierarchyLvl HierarchyLvlId="138" HierarchyLvlTypeId="6" Intrnl_Id="223" Name="testPlayerDrawCardWithCardMock">
<Header>
<Loc EndOffset="7168" SrcFileId="4" StartOffset="7116"/>
</Header>
<LocList>
<Loc EndOffset="7366" SrcFileId="4" StartOffset="7116"/>
</LocList>
<StmntSeq Intrnl_Id="224">
<LocList>
<Loc EndOffset="7210" SrcFileId="4" StartOffset="7174"/>
<Loc EndOffset="7260" SrcFileId="4" StartOffset="7216"/>
<Loc EndOffset="7291" SrcFileId="4" StartOffset="7264"/>
<Loc EndOffset="7314" SrcFileId="4" StartOffset="7295"/>
<Loc EndOffset="7362" SrcFileId="4" StartOffset="7318"/>
</LocList>
<BasicStmnt CovItemId="S82" CovItemPrefix="devops.hw1.core.Tests.java" Intrnl_Id="225">
<LocList>
<Loc EndOffset="7210" SrcFileId="4" StartOffset="7174"/>
</LocList>
</BasicStmnt>
<BasicStmnt CovItemId="S83" CovItemPrefix="devops.hw1.core.Tests.java" Intrnl_Id="226">
<LocList>
<Loc EndOffset="7260" SrcFileId="4" StartOffset="7216"/>
</LocList>
</BasicStmnt>
<BasicStmnt CovItemId="S84" CovItemPrefix="devops.hw1.core.Tests.java" Intrnl_Id="227">
<LocList>
<Loc EndOffset="7291" SrcFileId="4" StartOffset="7264"/>
</LocList>
</BasicStmnt>
<BasicStmnt CovItemId="S85" CovItemPrefix="devops.hw1.core.Tests.java" Intrnl_Id="228">
<LocList>
<Loc EndOffset="7314" SrcFileId="4" StartOffset="7295"/>
</LocList>
</BasicStmnt>
<BasicStmnt CovItemId="S86" CovItemPrefix="devops.hw1.core.Tests.java" Intrnl_Id="229">
<LocList>
<Loc EndOffset="7362" SrcFileId="4" StartOffset="7318"/>
</LocList>
</BasicStmnt>
</StmntSeq>
</HierarchyLvl>
<HierarchyLvl HierarchyLvlId="139" HierarchyLvlTypeId="6" Intrnl_Id="230" Name="testPlayerDrawCardWithCard">
<Header>
<Loc EndOffset="7578" SrcFileId="4" StartOffset="7530"/>
</Header>
<LocList>
<Loc EndOffset="7760" SrcFileId="4" StartOffset="7530"/>
</LocList>
<StmntSeq Intrnl_Id="231">
<LocList>
<Loc EndOffset="7620" SrcFileId="4" StartOffset="7584"/>
<Loc EndOffset="7654" SrcFileId="4" StartOffset="7624"/>
<Loc EndOffset="7685" SrcFileId="4" StartOffset="7658"/>
<Loc EndOffset="7708" SrcFileId="4" StartOffset="7689"/>
<Loc EndOffset="7756" SrcFileId="4" StartOffset="7712"/>
</LocList>
<BasicStmnt CovItemId="S87" CovItemPrefix="devops.hw1.core.Tests.java" Intrnl_Id="232">
<LocList>
<Loc EndOffset="7620" SrcFileId="4" StartOffset="7584"/>
</LocList>
</BasicStmnt>
<BasicStmnt CovItemId="S88" CovItemPrefix="devops.hw1.core.Tests.java" Intrnl_Id="233">
<LocList>
<Loc EndOffset="7654" SrcFileId="4" StartOffset="7624"/>
</LocList>
</BasicStmnt>
<BasicStmnt CovItemId="S89" CovItemPrefix="devops.hw1.core.Tests.java" Intrnl_Id="234">
<LocList>
<Loc EndOffset="7685" SrcFileId="4" StartOffset="7658"/>
</LocList>
</BasicStmnt>
<BasicStmnt CovItemId="S90" CovItemPrefix="devops.hw1.core.Tests.java" Intrnl_Id="235">
<LocList>
<Loc EndOffset="7708" SrcFileId="4" StartOffset="7689"/>
</LocList>
</BasicStmnt>
<BasicStmnt CovItemId="S91" CovItemPrefix="devops.hw1.core.Tests.java" Intrnl_Id="236">
<LocList>
<Loc EndOffset="7756" SrcFileId="4" StartOffset="7712"/>
</LocList>
</BasicStmnt>
</StmntSeq>
</HierarchyLvl>
<HierarchyLvl HierarchyLvlId="140" HierarchyLvlTypeId="6" Intrnl_Id="237" Name="testSetAndGetEffects">
<Header>
<Loc EndOffset="7918" SrcFileId="4" StartOffset="7876"/>
</Header>
<LocList>
<Loc EndOffset="8046" SrcFileId="4" StartOffset="7876"/>
</LocList>
<StmntSeq Intrnl_Id="238">
<LocList>
<Loc EndOffset="7958" SrcFileId="4" StartOffset="7924"/>
<Loc EndOffset="7988" SrcFileId="4" StartOffset="7962"/>
<Loc EndOffset="8042" SrcFileId="4" StartOffset="7992"/>
</LocList>
<BasicStmnt CovItemId="S92" CovItemPrefix="devops.hw1.core.Tests.java" Intrnl_Id="239">
<LocList>
<Loc EndOffset="7958" SrcFileId="4" StartOffset="7924"/>
</LocList>
</BasicStmnt>
<BasicStmnt CovItemId="S93" CovItemPrefix="devops.hw1.core.Tests.java" Intrnl_Id="240">
<LocList>
<Loc EndOffset="7988" SrcFileId="4" StartOffset="7962"/>
</LocList>
</BasicStmnt>
<BasicStmnt CovItemId="S94" CovItemPrefix="devops.hw1.core.Tests.java" Intrnl_Id="241">
<LocList>
<Loc EndOffset="8042" SrcFileId="4" StartOffset="7992"/>
</LocList>
</BasicStmnt>
</StmntSeq>
</HierarchyLvl>
<HierarchyLvl HierarchyLvlId="141" HierarchyLvlTypeId="6" Intrnl_Id="242" Name="testDrawACardAfterPlayingCard">
<Header>
<Loc EndOffset="8213" SrcFileId="4" StartOffset="8162"/>
</Header>
<LocList>
<Loc EndOffset="8707" SrcFileId="4" StartOffset="8162"/>
</LocList>
<StmntSeq Intrnl_Id="243">
<LocList>
<Loc EndOffset="8255" SrcFileId="4" StartOffset="8219"/>
<Loc EndOffset="8299" SrcFileId="4" StartOffset="8259"/>
<Loc EndOffset="8335" SrcFileId="4" StartOffset="8303"/>
<Loc EndOffset="8379" SrcFileId="4" StartOffset="8339"/>
<Loc EndOffset="8416" SrcFileId="4" StartOffset="8383"/>
<Loc EndOffset="8453" SrcFileId="4" StartOffset="8420"/>
<Loc EndOffset="8476" SrcFileId="4" StartOffset="8457"/>
<Loc EndOffset="8519" SrcFileId="4" StartOffset="8480"/>
<Loc EndOffset="8574" SrcFileId="4" StartOffset="8523"/>
<Loc EndOffset="8606" SrcFileId="4" StartOffset="8578"/>
<Loc EndOffset="8649" SrcFileId="4" StartOffset="8610"/>
<Loc EndOffset="8703" SrcFileId="4" StartOffset="8653"/>
</LocList>
<BasicStmnt CovItemId="S95" CovItemPrefix="devops.hw1.core.Tests.java" Intrnl_Id="244">
<LocList>
<Loc EndOffset="8255" SrcFileId="4" StartOffset="8219"/>
</LocList>
</BasicStmnt>
<BasicStmnt CovItemId="S96" CovItemPrefix="devops.hw1.core.Tests.java" Intrnl_Id="245">
<LocList>
<Loc EndOffset="8299" SrcFileId="4" StartOffset="8259"/>
</LocList>
</BasicStmnt>
<BasicStmnt CovItemId="S97" CovItemPrefix="devops.hw1.core.Tests.java" Intrnl_Id="246">
<LocList>
<Loc EndOffset="8335" SrcFileId="4" StartOffset="8303"/>
</LocList>
</BasicStmnt>
<BasicStmnt CovItemId="S98" CovItemPrefix="devops.hw1.core.Tests.java" Intrnl_Id="247">
<LocList>
<Loc EndOffset="8379" SrcFileId="4" StartOffset="8339"/>
</LocList>
</BasicStmnt>
<BasicStmnt CovItemId="S99" CovItemPrefix="devops.hw1.core.Tests.java" Intrnl_Id="248">
<LocList>
<Loc EndOffset="8416" SrcFileId="4" StartOffset="8383"/>
</LocList>
</BasicStmnt>
<BasicStmnt CovItemId="S100" CovItemPrefix="devops.hw1.core.Tests.java" Intrnl_Id="249">
<LocList>
<Loc EndOffset="8453" SrcFileId="4" StartOffset="8420"/>
</LocList>
</BasicStmnt>
<BasicStmnt CovItemId="S101" CovItemPrefix="devops.hw1.core.Tests.java" Intrnl_Id="250">
<LocList>
<Loc EndOffset="8476" SrcFileId="4" StartOffset="8457"/>
</LocList>
</BasicStmnt>
<BasicStmnt CovItemId="S102" CovItemPrefix="devops.hw1.core.Tests.java" Intrnl_Id="251">
<LocList>
<Loc EndOffset="8519" SrcFileId="4" StartOffset="8480"/>
</LocList>
</BasicStmnt>
<BasicStmnt CovItemId="S103" CovItemPrefix="devops.hw1.core.Tests.java" Intrnl_Id="252">
<LocList>
<Loc EndOffset="8574" SrcFileId="4" StartOffset="8523"/>
</LocList>
</BasicStmnt>
<BasicStmnt CovItemId="S104" CovItemPrefix="devops.hw1.core.Tests.java" Intrnl_Id="253">
<LocList>
<Loc EndOffset="8606" SrcFileId="4" StartOffset="8578"/>
</LocList>
</BasicStmnt>
<BasicStmnt CovItemId="S105" CovItemPrefix="devops.hw1.core.Tests.java" Intrnl_Id="254">
<LocList>
<Loc EndOffset="8649" SrcFileId="4" StartOffset="8610"/>
</LocList>
</BasicStmnt>
<BasicStmnt CovItemId="S106" CovItemPrefix="devops.hw1.core.Tests.java" Intrnl_Id="255">
<LocList>
<Loc EndOffset="8703" SrcFileId="4" StartOffset="8653"/>
</LocList>
</BasicStmnt>
</StmntSeq>
</HierarchyLvl>
<HierarchyLvl HierarchyLvlId="142" HierarchyLvlTypeId="6" Intrnl_Id="256" Name="testCardGoesToDiscardAfterPlaying">
<Header>
<Loc EndOffset="8940" SrcFileId="4" StartOffset="8885"/>
</Header>
<LocList>
<Loc EndOffset="9157" SrcFileId="4" StartOffset="8885"/>
</LocList>
<StmntSeq Intrnl_Id="257">
<LocList>
<Loc EndOffset="8982" SrcFileId="4" StartOffset="8946"/>
<Loc EndOffset="9019" SrcFileId="4" StartOffset="8986"/>
<Loc EndOffset="9050" SrcFileId="4" StartOffset="9023"/>
<Loc EndOffset="9072" SrcFileId="4" StartOffset="9054"/>
<Loc EndOffset="9098" SrcFileId="4" StartOffset="9076"/>
<Loc EndOffset="9153" SrcFileId="4" StartOffset="9102"/>
</LocList>
<BasicStmnt CovItemId="S107" CovItemPrefix="devops.hw1.core.Tests.java" Intrnl_Id="258">
<LocList>
<Loc EndOffset="8982" SrcFileId="4" StartOffset="8946"/>
</LocList>
</BasicStmnt>
<BasicStmnt CovItemId="S108" CovItemPrefix="devops.hw1.core.Tests.java" Intrnl_Id="259">
<LocList>
<Loc EndOffset="9019" SrcFileId="4" StartOffset="8986"/>
</LocList>
</BasicStmnt>
<BasicStmnt CovItemId="S109" CovItemPrefix="devops.hw1.core.Tests.java" Intrnl_Id="260">
<LocList>
<Loc EndOffset="9050" SrcFileId="4" StartOffset="9023"/>
</LocList>
</BasicStmnt>
<BasicStmnt CovItemId="S110" CovItemPrefix="devops.hw1.core.Tests.java" Intrnl_Id="261">
<LocList>
<Loc EndOffset="9072" SrcFileId="4" StartOffset="9054"/>
</LocList>
</BasicStmnt>
<BasicStmnt CovItemId="S111" CovItemPrefix="devops.hw1.core.Tests.java" Intrnl_Id="262">
<LocList>
<Loc EndOffset="9098" SrcFileId="4" StartOffset="9076"/>
</LocList>
</BasicStmnt>
<BasicStmnt CovItemId="S112" CovItemPrefix="devops.hw1.core.Tests.java" Intrnl_Id="263">
<LocList>
<Loc EndOffset="9153" SrcFileId="4" StartOffset="9102"/>
</LocList>
</BasicStmnt>
</StmntSeq>
</HierarchyLvl>
<HierarchyLvl HierarchyLvlId="143" HierarchyLvlTypeId="6" Intrnl_Id="264" Name="testSetEffects">
<Header>
<Loc EndOffset="9264" SrcFileId="4" StartOffset="9228"/>
</Header>
<LocList>
<Loc EndOffset="9471" SrcFileId="4" StartOffset="9228"/>
</LocList>
<StmntSeq Intrnl_Id="265">
<LocList>
<Loc EndOffset="9303" SrcFileId="4" StartOffset="9270"/>
<Loc EndOffset="9333" SrcFileId="4" StartOffset="9307"/>
<Loc EndOffset="9364" SrcFileId="4" StartOffset="9337"/>
<Loc EndOffset="9415" SrcFileId="4" StartOffset="9368"/>
<Loc EndOffset="9467" SrcFileId="4" StartOffset="9419"/>
</LocList>
<BasicStmnt CovItemId="S113" CovItemPrefix="devops.hw1.core.Tests.java" Intrnl_Id="266">
<LocList>
<Loc EndOffset="9303" SrcFileId="4" StartOffset="9270"/>
</LocList>
</BasicStmnt>
<BasicStmnt CovItemId="S114" CovItemPrefix="devops.hw1.core.Tests.java" Intrnl_Id="267">
<LocList>
<Loc EndOffset="9333" SrcFileId="4" StartOffset="9307"/>
</LocList>
</BasicStmnt>
<BasicStmnt CovItemId="S115" CovItemPrefix="devops.hw1.core.Tests.java" Intrnl_Id="268">
<LocList>
<Loc EndOffset="9364" SrcFileId="4" StartOffset="9337"/>
</LocList>
</BasicStmnt>
<BasicStmnt CovItemId="S116" CovItemPrefix="devops.hw1.core.Tests.java" Intrnl_Id="269">
<LocList>
<Loc EndOffset="9415" SrcFileId="4" StartOffset="9368"/>
</LocList>
</BasicStmnt>
<BasicStmnt CovItemId="S117" CovItemPrefix="devops.hw1.core.Tests.java" Intrnl_Id="270">
<LocList>
<Loc EndOffset="9467" SrcFileId="4" StartOffset="9419"/>
</LocList>
</BasicStmnt>
</StmntSeq>
</HierarchyLvl>
<HierarchyLvl HierarchyLvlId="144" HierarchyLvlTypeId="6" Intrnl_Id="271" Name="testPlayCardAddingRunes">
<Header>
<Loc EndOffset="9604" SrcFileId="4" StartOffset="9559"/>
</Header>
<LocList>
<Loc EndOffset="9836" SrcFileId="4" StartOffset="9559"/>
</LocList>
<StmntSeq Intrnl_Id="272">
<LocList>
<Loc EndOffset="9646" SrcFileId="4" StartOffset="9610"/>
<Loc EndOffset="9683" SrcFileId="4" StartOffset="9650"/>
<Loc EndOffset="9714" SrcFileId="4" StartOffset="9687"/>
<Loc EndOffset="9745" SrcFileId="4" StartOffset="9718"/>
<Loc EndOffset="9767" SrcFileId="4" StartOffset="9749"/>
<Loc EndOffset="9793" SrcFileId="4" StartOffset="9771"/>
<Loc EndOffset="9832" SrcFileId="4" StartOffset="9797"/>
</LocList>
<BasicStmnt CovItemId="S118" CovItemPrefix="devops.hw1.core.Tests.java" Intrnl_Id="273">
<LocList>
<Loc EndOffset="9646" SrcFileId="4" StartOffset="9610"/>
</LocList>
</BasicStmnt>
<BasicStmnt CovItemId="S119" CovItemPrefix="devops.hw1.core.Tests.java" Intrnl_Id="274">
<LocList>
<Loc EndOffset="9683" SrcFileId="4" StartOffset="9650"/>
</LocList>
</BasicStmnt>
<BasicStmnt CovItemId="S120" CovItemPrefix="devops.hw1.core.Tests.java" Intrnl_Id="275">
<LocList>
<Loc EndOffset="9714" SrcFileId="4" StartOffset="9687"/>
</LocList>
</BasicStmnt>
<BasicStmnt CovItemId="S121" CovItemPrefix="devops.hw1.core.Tests.java" Intrnl_Id="276">
<LocList>
<Loc EndOffset="9745" SrcFileId="4" StartOffset="9718"/>
</LocList>
</BasicStmnt>
<BasicStmnt CovItemId="S122" CovItemPrefix="devops.hw1.core.Tests.java" Intrnl_Id="277">
<LocList>
<Loc EndOffset="9767" SrcFileId="4" StartOffset="9749"/>
</LocList>
</BasicStmnt>
<BasicStmnt CovItemId="S123" CovItemPrefix="devops.hw1.core.Tests.java" Intrnl_Id="278">
<LocList>
<Loc EndOffset="9793" SrcFileId="4" StartOffset="9771"/>
</LocList>
</BasicStmnt>
<BasicStmnt CovItemId="S124" CovItemPrefix="devops.hw1.core.Tests.java" Intrnl_Id="279">
<LocList>
<Loc EndOffset="9832" SrcFileId="4" StartOffset="9797"/>
</LocList>
</BasicStmnt>
</StmntSeq>
</HierarchyLvl>
<HierarchyLvl HierarchyLvlId="145" HierarchyLvlTypeId="6" Intrnl_Id="280" Name="testSetEffectInput">
<Header>
<Loc EndOffset="10010" SrcFileId="4" StartOffset="9970"/>
</Header>
<LocList>
<Loc EndOffset="10078" SrcFileId="4" StartOffset="9970"/>
</LocList>
<StmntSeq Intrnl_Id="281">
<LocList>
<Loc EndOffset="10046" SrcFileId="4" StartOffset="10016"/>
<Loc EndOffset="10074" SrcFileId="4" StartOffset="10050"/>
</LocList>
<BasicStmnt CovItemId="S125" CovItemPrefix="devops.hw1.core.Tests.java" Intrnl_Id="282">
<LocList>
<Loc EndOffset="10046" SrcFileId="4" StartOffset="10016"/>
</LocList>
</BasicStmnt>
<BasicStmnt CovItemId="S126" CovItemPrefix="devops.hw1.core.Tests.java" Intrnl_Id="283">
<LocList>
<Loc EndOffset="10074" SrcFileId="4" StartOffset="10050"/>
</LocList>
</BasicStmnt>
</StmntSeq>
</HierarchyLvl>
<HierarchyLvl HierarchyLvlId="146" HierarchyLvlTypeId="6" Intrnl_Id="284" Name="testPlayCardInput">
<Header>
<Loc EndOffset="10186" SrcFileId="4" StartOffset="10147"/>
</Header>
<LocList>
<Loc EndOffset="10248" SrcFileId="4" StartOffset="10147"/>
</LocList>
<StmntSeq Intrnl_Id="285">
<LocList>
<Loc EndOffset="10223" SrcFileId="4" StartOffset="10192"/>
<Loc EndOffset="10244" SrcFileId="4" StartOffset="10227"/>
</LocList>
<BasicStmnt CovItemId="S127" CovItemPrefix="devops.hw1.core.Tests.java" Intrnl_Id="286">
<LocList>
<Loc EndOffset="10223" SrcFileId="4" StartOffset="10192"/>
</LocList>
</BasicStmnt>
<BasicStmnt CovItemId="S128" CovItemPrefix="devops.hw1.core.Tests.java" Intrnl_Id="287">
<LocList>
<Loc EndOffset="10244" SrcFileId="4" StartOffset="10227"/>
</LocList>
</BasicStmnt>
</StmntSeq>
</HierarchyLvl>
<HierarchyLvl HierarchyLvlId="147" HierarchyLvlTypeId="6" Intrnl_Id="288" Name="testAddCardToDeckInput">
<Header>
<Loc EndOffset="10435" SrcFileId="4" StartOffset="10391"/>
</Header>
<LocList>
<Loc EndOffset="10502" SrcFileId="4" StartOffset="10391"/>
</LocList>
<StmntSeq Intrnl_Id="289">
<LocList>
<Loc EndOffset="10472" SrcFileId="4" StartOffset="10441"/>
<Loc EndOffset="10498" SrcFileId="4" StartOffset="10476"/>
</LocList>
<BasicStmnt CovItemId="S129" CovItemPrefix="devops.hw1.core.Tests.java" Intrnl_Id="290">
<LocList>
<Loc EndOffset="10472" SrcFileId="4" StartOffset="10441"/>
</LocList>
</BasicStmnt>
<BasicStmnt CovItemId="S130" CovItemPrefix="devops.hw1.core.Tests.java" Intrnl_Id="291">
<LocList>
<Loc EndOffset="10498" SrcFileId="4" StartOffset="10476"/>
</LocList>
</BasicStmnt>
</StmntSeq>
</HierarchyLvl>
<HierarchyLvl HierarchyLvlId="148" HierarchyLvlTypeId="6" Intrnl_Id="292" Name="testConstructBoard">
<Header>
<Loc EndOffset="10651" SrcFileId="4" StartOffset="10611"/>
</Header>
<LocList>
<Loc EndOffset="10724" SrcFileId="4" StartOffset="10611"/>
</LocList>
<StmntSeq Intrnl_Id="293">
<LocList>
<Loc EndOffset="10686" SrcFileId="4" StartOffset="10657"/>
<Loc EndOffset="10720" SrcFileId="4" StartOffset="10690"/>
</LocList>
<BasicStmnt CovItemId="S131" CovItemPrefix="devops.hw1.core.Tests.java" Intrnl_Id="294">
<LocList>
<Loc EndOffset="10686" SrcFileId="4" StartOffset="10657"/>
</LocList>
</BasicStmnt>
<BasicStmnt CovItemId="S132" CovItemPrefix="devops.hw1.core.Tests.java" Intrnl_Id="295">
<LocList>
<Loc EndOffset="10720" SrcFileId="4" StartOffset="10690"/>
</LocList>
</BasicStmnt>
</StmntSeq>
</HierarchyLvl>
<HierarchyLvl HierarchyLvlId="149" HierarchyLvlTypeId="6" Intrnl_Id="296" Name="testIsVoidEmpty">
<Header>
<Loc EndOffset="10874" SrcFileId="4" StartOffset="10837"/>
</Header>
<LocList>
<Loc EndOffset="10958" SrcFileId="4" StartOffset="10837"/>
</LocList>
<StmntSeq Intrnl_Id="297">
<LocList>
<Loc EndOffset="10909" SrcFileId="4" StartOffset="10880"/>
<Loc EndOffset="10954" SrcFileId="4" StartOffset="10913"/>
</LocList>
<BasicStmnt CovItemId="S133" CovItemPrefix="devops.hw1.core.Tests.java" Intrnl_Id="298">
<LocList>
<Loc EndOffset="10909" SrcFileId="4" StartOffset="10880"/>
</LocList>
</BasicStmnt>
<BasicStmnt CovItemId="S134" CovItemPrefix="devops.hw1.core.Tests.java" Intrnl_Id="299">
<LocList>
<Loc EndOffset="10954" SrcFileId="4" StartOffset="10913"/>
</LocList>
</BasicStmnt>
</StmntSeq>
</HierarchyLvl>
<HierarchyLvl HierarchyLvlId="150" HierarchyLvlTypeId="6" Intrnl_Id="300" Name="testIsDeckCreated">
<Header>
<Loc EndOffset="11101" SrcFileId="4" StartOffset="11062"/>
</Header>
<LocList>
<Loc EndOffset="11294" SrcFileId="4" StartOffset="11062"/>
</LocList>
<StmntSeq Intrnl_Id="301">
<LocList>
<Loc EndOffset="11136" SrcFileId="4" StartOffset="11107"/>
<Loc EndOffset="11185" SrcFileId="4" StartOffset="11140"/>
<Loc EndOffset="11237" SrcFileId="4" StartOffset="11189"/>
<Loc EndOffset="11290" SrcFileId="4" StartOffset="11241"/>
</LocList>
<BasicStmnt CovItemId="S135" CovItemPrefix="devops.hw1.core.Tests.java" Intrnl_Id="302">
<LocList>
<Loc EndOffset="11136" SrcFileId="4" StartOffset="11107"/>
</LocList>
</BasicStmnt>
<BasicStmnt CovItemId="S136" CovItemPrefix="devops.hw1.core.Tests.java" Intrnl_Id="303">
<LocList>
<Loc EndOffset="11185" SrcFileId="4" StartOffset="11140"/>
</LocList>
</BasicStmnt>
<BasicStmnt CovItemId="S137" CovItemPrefix="devops.hw1.core.Tests.java" Intrnl_Id="304">
<LocList>
<Loc EndOffset="11237" SrcFileId="4" StartOffset="11189"/>
</LocList>
</BasicStmnt>
<BasicStmnt CovItemId="S138" CovItemPrefix="devops.hw1.core.Tests.java" Intrnl_Id="305">
<LocList>
<Loc EndOffset="11290" SrcFileId="4" StartOffset="11241"/>
</LocList>
</BasicStmnt>
</StmntSeq>
</HierarchyLvl>
<HierarchyLvl HierarchyLvlId="151" HierarchyLvlTypeId="6" Intrnl_Id="306" Name="testCompleteCardMaker">
<Header>
<Loc EndOffset="11451" SrcFileId="4" StartOffset="11408"/>
</Header>
<LocList>
<Loc EndOffset="11989" SrcFileId="4" StartOffset="11408"/>
</LocList>
<StmntSeq Intrnl_Id="307">
<LocList>
<Loc EndOffset="11523" SrcFileId="4" StartOffset="11457"/>
<Loc EndOffset="11550" SrcFileId="4" StartOffset="11527"/>
<Loc EndOffset="11680" SrcFileId="4" StartOffset="11559"/>
<Loc EndOffset="11735" SrcFileId="4" StartOffset="11684"/>
<Loc EndOffset="11793" SrcFileId="4" StartOffset="11739"/>
<Loc EndOffset="11848" SrcFileId="4" StartOffset="11797"/>
<Loc EndOffset="11902" SrcFileId="4" StartOffset="11852"/>
<Loc EndOffset="11943" SrcFileId="4" StartOffset="11906"/>
<Loc EndOffset="11985" SrcFileId="4" StartOffset="11947"/>
</LocList>
<BasicStmnt CovItemId="S139" CovItemPrefix="devops.hw1.core.Tests.java" Intrnl_Id="308">
<LocList>
<Loc EndOffset="11523" SrcFileId="4" StartOffset="11457"/>
</LocList>
</BasicStmnt>
<BasicStmnt CovItemId="S140" CovItemPrefix="devops.hw1.core.Tests.java" Intrnl_Id="309">
<LocList>
<Loc EndOffset="11550" SrcFileId="4" StartOffset="11527"/>
</LocList>
</BasicStmnt>
<BasicStmnt CovItemId="S141" CovItemPrefix="devops.hw1.core.Tests.java" Intrnl_Id="310">
<LocList>
<Loc EndOffset="11680" SrcFileId="4" StartOffset="11559"/>
</LocList>
</BasicStmnt>
<BasicStmnt CovItemId="S142" CovItemPrefix="devops.hw1.core.Tests.java" Intrnl_Id="311">
<LocList>
<Loc EndOffset="11735" SrcFileId="4" StartOffset="11684"/>
</LocList>
</BasicStmnt>
<BasicStmnt CovItemId="S143" CovItemPrefix="devops.hw1.core.Tests.java" Intrnl_Id="312">
<LocList>
<Loc EndOffset="11793" SrcFileId="4" StartOffset="11739"/>
</LocList>
</BasicStmnt>
<BasicStmnt CovItemId="S144" CovItemPrefix="devops.hw1.core.Tests.java" Intrnl_Id="313">
<LocList>
<Loc EndOffset="11848" SrcFileId="4" StartOffset="11797"/>
</LocList>
</BasicStmnt>
<BasicStmnt CovItemId="S145" CovItemPrefix="devops.hw1.core.Tests.java" Intrnl_Id="314">
<LocList>
<Loc EndOffset="11902" SrcFileId="4" StartOffset="11852"/>
</LocList>
</BasicStmnt>
<BasicStmnt CovItemId="S146" CovItemPrefix="devops.hw1.core.Tests.java" Intrnl_Id="315">
<LocList>
<Loc EndOffset="11943" SrcFileId="4" StartOffset="11906"/>
</LocList>
</BasicStmnt>
<BasicStmnt CovItemId="S147" CovItemPrefix="devops.hw1.core.Tests.java" Intrnl_Id="316">
<LocList>
<Loc EndOffset="11985" SrcFileId="4" StartOffset="11947"/>
</LocList>
</BasicStmnt>
</StmntSeq>
</HierarchyLvl>
<HierarchyLvl HierarchyLvlId="152" HierarchyLvlTypeId="6" Intrnl_Id="317" Name="testStandardCards">
<Header>
<Loc EndOffset="12165" SrcFileId="4" StartOffset="12126"/>
</Header>
<LocList>
<Loc EndOffset="12500" SrcFileId="4" StartOffset="12126"/>
</LocList>
<StmntSeq Intrnl_Id="318">
<LocList>
<Loc EndOffset="12232" SrcFileId="4" StartOffset="12203"/>
<Loc EndOffset="12318" SrcFileId="4" StartOffset="12275"/>
<Loc EndOffset="12412" SrcFileId="4" StartOffset="12368"/>
<Loc EndOffset="12496" SrcFileId="4" StartOffset="12454"/>
</LocList>
<BasicStmnt CovItemId="S148" CovItemPrefix="devops.hw1.core.Tests.java" Intrnl_Id="319">
<LocList>
<Loc EndOffset="12232" SrcFileId="4" StartOffset="12203"/>
</LocList>
</BasicStmnt>
<BasicStmnt CovItemId="S149" CovItemPrefix="devops.hw1.core.Tests.java" Intrnl_Id="320">
<LocList>
<Loc EndOffset="12318" SrcFileId="4" StartOffset="12275"/>
</LocList>
</BasicStmnt>
<BasicStmnt CovItemId="S150" CovItemPrefix="devops.hw1.core.Tests.java" Intrnl_Id="321">
<LocList>
<Loc EndOffset="12412" SrcFileId="4" StartOffset="12368"/>
</LocList>
</BasicStmnt>
<BasicStmnt CovItemId="S151" CovItemPrefix="devops.hw1.core.Tests.java" Intrnl_Id="322">
<LocList>
<Loc EndOffset="12496" SrcFileId="4" StartOffset="12454"/>
</LocList>
</BasicStmnt>
</StmntSeq>
</HierarchyLvl>
<HierarchyLvl HierarchyLvlId="153" HierarchyLvlTypeId="6" Intrnl_Id="323" Name="testAddCardToHand">
<Header>
<Loc EndOffset="12672" SrcFileId="4" StartOffset="12633"/>
</Header>
<LocList>
<Loc EndOffset="13448" SrcFileId="4" StartOffset="12633"/>
</LocList>
<StmntSeq Intrnl_Id="324">
<LocList>
<Loc EndOffset="12752" SrcFileId="4" StartOffset="12713"/>
<Loc EndOffset="12844" SrcFileId="4" StartOffset="12799"/>
<Loc EndOffset="12946" SrcFileId="4" StartOffset="12916"/>
<Loc EndOffset="12991" SrcFileId="4" StartOffset="12950"/>
<Loc EndOffset="13061" SrcFileId="4" StartOffset="13030"/>
<Loc EndOffset="13166" SrcFileId="4" StartOffset="13125"/>
<Loc EndOffset="13305" SrcFileId="4" StartOffset="13274"/>
<Loc EndOffset="13340" SrcFileId="4" StartOffset="13309"/>
<Loc EndOffset="13375" SrcFileId="4" StartOffset="13344"/>
<Loc EndOffset="13442" SrcFileId="4" StartOffset="13401"/>
</LocList>
<BasicStmnt CovItemId="S152" CovItemPrefix="devops.hw1.core.Tests.java" Intrnl_Id="325">
<LocList>
<Loc EndOffset="12752" SrcFileId="4" StartOffset="12713"/>
</LocList>
</BasicStmnt>
<BasicStmnt CovItemId="S153" CovItemPrefix="devops.hw1.core.Tests.java" Intrnl_Id="326">
<LocList>
<Loc EndOffset="12844" SrcFileId="4" StartOffset="12799"/>
</LocList>
</BasicStmnt>
<BasicStmnt CovItemId="S154" CovItemPrefix="devops.hw1.core.Tests.java" Intrnl_Id="327">
<LocList>
<Loc EndOffset="12946" SrcFileId="4" StartOffset="12916"/>
</LocList>
</BasicStmnt>
<BasicStmnt CovItemId="S155" CovItemPrefix="devops.hw1.core.Tests.java" Intrnl_Id="328">
<LocList>
<Loc EndOffset="12991" SrcFileId="4" StartOffset="12950"/>
</LocList>
</BasicStmnt>
<BasicStmnt CovItemId="S156" CovItemPrefix="devops.hw1.core.Tests.java" Intrnl_Id="329">
<LocList>
<Loc EndOffset="13061" SrcFileId="4" StartOffset="13030"/>
</LocList>
</BasicStmnt>
<BasicStmnt CovItemId="S157" CovItemPrefix="devops.hw1.core.Tests.java" Intrnl_Id="330">
<LocList>
<Loc EndOffset="13166" SrcFileId="4" StartOffset="13125"/>
</LocList>
</BasicStmnt>
<BasicStmnt CovItemId="S158" CovItemPrefix="devops.hw1.core.Tests.java" Intrnl_Id="331">
<LocList>
<Loc EndOffset="13305" SrcFileId="4" StartOffset="13274"/>
</LocList>
</BasicStmnt>
<BasicStmnt CovItemId="S159" CovItemPrefix="devops.hw1.core.Tests.java" Intrnl_Id="332">
<LocList>
<Loc EndOffset="13340" SrcFileId="4" StartOffset="13309"/>
</LocList>
</BasicStmnt>
<BasicStmnt CovItemId="S160" CovItemPrefix="devops.hw1.core.Tests.java" Intrnl_Id="333">
<LocList>
<Loc EndOffset="13375" SrcFileId="4" StartOffset="13344"/>
</LocList>
</BasicStmnt>
<BasicStmnt CovItemId="S161" CovItemPrefix="devops.hw1.core.Tests.java" Intrnl_Id="334">
<LocList>
<Loc EndOffset="13442" SrcFileId="4" StartOffset="13401"/>
</LocList>
</BasicStmnt>
</StmntSeq>
</HierarchyLvl>
<HierarchyLvl HierarchyLvlId="154" HierarchyLvlTypeId="6" Intrnl_Id="335" Name="testCenterDeckToField">
<Header>
<Loc EndOffset="13584" SrcFileId="4" StartOffset="13541"/>
</Header>
<LocList>
<Loc EndOffset="13852" SrcFileId="4" StartOffset="13541"/>
</LocList>
<StmntSeq Intrnl_Id="336">
<LocList>
<Loc EndOffset="13619" SrcFileId="4" StartOffset="13590"/>
<Loc EndOffset="13848" SrcFileId="4" StartOffset="13716"/>
</LocList>
<BasicStmnt CovItemId="S162" CovItemPrefix="devops.hw1.core.Tests.java" Intrnl_Id="337">
<LocList>
<Loc EndOffset="13619" SrcFileId="4" StartOffset="13590"/>
</LocList>
</BasicStmnt>
<LoopStmnt CovItemId="S163" CovItemPrefix="devops.hw1.core.Tests.java" Intrnl_Id="338" MltplExecId="L1-2" MltplExecPrefix="devops.hw1.core.Tests.java" NvrExecId="L1-0" NvrExecPrefix="devops.hw1.core.Tests.java" OnceExecutedId="L1-1" OnceExecutedPrefix="devops.hw1.core.Tests.java" OptBodyExec="true">
<StmntSeq Intrnl_Id="339">
<LocList>
<Loc EndOffset="13780" SrcFileId="4" StartOffset="13750"/>
<Loc EndOffset="13843" SrcFileId="4" StartOffset="13785"/>
</LocList>
<BasicStmnt CovItemId="S164" CovItemPrefix="devops.hw1.core.Tests.java" Intrnl_Id="340">
<LocList>
<Loc EndOffset="13780" SrcFileId="4" StartOffset="13750"/>
</LocList>
</BasicStmnt>
<BasicStmnt CovItemId="S165" CovItemPrefix="devops.hw1.core.Tests.java" Intrnl_Id="341">
<LocList>
<Loc EndOffset="13843" SrcFileId="4" StartOffset="13785"/>
</LocList>
</BasicStmnt>
</StmntSeq>
<Keyword EndOffset="13719" SrcFileId="4" StartOffset="13716"/>
<LocList>
<Loc EndOffset="13848" SrcFileId="4" StartOffset="13716"/>
</LocList>
<RootTerm CovItemId="C1" CovItemPrefix="devops.hw1.core.Tests.java" Intrnl_Id="342">
<BasicBoolTerm Intrnl_Id="343">
<LocList>
<Loc EndOffset="13737" SrcFileId="4" StartOffset="13732"/>
</LocList>
</BasicBoolTerm>
</RootTerm>
</LoopStmnt>
</StmntSeq>
</HierarchyLvl>
<HierarchyLvl HierarchyLvlId="155" HierarchyLvlTypeId="6" Intrnl_Id="344" Name="testGetPlayerPower">
<Header>
<Loc EndOffset="14095" SrcFileId="4" StartOffset="14055"/>
</Header>
<LocList>
<Loc EndOffset="14338" SrcFileId="4" StartOffset="14055"/>
</LocList>
<StmntSeq Intrnl_Id="345">
<LocList>
<Loc EndOffset="14137" SrcFileId="4" StartOffset="14101"/>
<Loc EndOffset="14176" SrcFileId="4" StartOffset="14141"/>
<Loc EndOffset="14199" SrcFileId="4" StartOffset="14180"/>
<Loc EndOffset="14238" SrcFileId="4" StartOffset="14203"/>
<Loc EndOffset="14295" SrcFileId="4" StartOffset="14275"/>
<Loc EndOffset="14334" SrcFileId="4" StartOffset="14299"/>
</LocList>
<BasicStmnt CovItemId="S166" CovItemPrefix="devops.hw1.core.Tests.java" Intrnl_Id="346">
<LocList>
<Loc EndOffset="14137" SrcFileId="4" StartOffset="14101"/>
</LocList>
</BasicStmnt>
<BasicStmnt CovItemId="S167" CovItemPrefix="devops.hw1.core.Tests.java" Intrnl_Id="347">
<LocList>
<Loc EndOffset="14176" SrcFileId="4" StartOffset="14141"/>
</LocList>
</BasicStmnt>
<BasicStmnt CovItemId="S168" CovItemPrefix="devops.hw1.core.Tests.java" Intrnl_Id="348">
<LocList>
<Loc EndOffset="14199" SrcFileId="4" StartOffset="14180"/>
</LocList>
</BasicStmnt>
<BasicStmnt CovItemId="S169" CovItemPrefix="devops.hw1.core.Tests.java" Intrnl_Id="349">
<LocList>
<Loc EndOffset="14238" SrcFileId="4" StartOffset="14203"/>
</LocList>
</BasicStmnt>
<BasicStmnt CovItemId="S170" CovItemPrefix="devops.hw1.core.Tests.java" Intrnl_Id="350">
<LocList>
<Loc EndOffset="14295" SrcFileId="4" StartOffset="14275"/>
</LocList>
</BasicStmnt>
<BasicStmnt CovItemId="S171" CovItemPrefix="devops.hw1.core.Tests.java" Intrnl_Id="351">
<LocList>
<Loc EndOffset="14334" SrcFileId="4" StartOffset="14299"/>
</LocList>
</BasicStmnt>
</StmntSeq>
</HierarchyLvl>
<HierarchyLvl HierarchyLvlId="156" HierarchyLvlTypeId="6" Intrnl_Id="352" Name="testApplyEffectsRunes">
<Header>
<Loc EndOffset="14569" SrcFileId="4" StartOffset="14526"/>
</Header>
<LocList>
<Loc EndOffset="14992" SrcFileId="4" StartOffset="14526"/>
</LocList>
<StmntSeq Intrnl_Id="353">
<LocList>
<Loc EndOffset="14611" SrcFileId="4" StartOffset="14575"/>
<Loc EndOffset="14677" SrcFileId="4" StartOffset="14615"/>
<Loc EndOffset="14701" SrcFileId="4" StartOffset="14681"/>
<Loc EndOffset="14756" SrcFileId="4" StartOffset="14705"/>
<Loc EndOffset="14814" SrcFileId="4" StartOffset="14760"/>
<Loc EndOffset="14844" SrcFileId="4" StartOffset="14818"/>
<Loc EndOffset="14885" SrcFileId="4" StartOffset="14850"/>
<Loc EndOffset="14919" SrcFileId="4" StartOffset="14889"/>
<Loc EndOffset="14958" SrcFileId="4" StartOffset="14923"/>
<Loc EndOffset="14988" SrcFileId="4" StartOffset="14962"/>
</LocList>
<BasicStmnt CovItemId="S172" CovItemPrefix="devops.hw1.core.Tests.java" Intrnl_Id="354">
<LocList>
<Loc EndOffset="14611" SrcFileId="4" StartOffset="14575"/>
</LocList>
</BasicStmnt>
<BasicStmnt CovItemId="S173" CovItemPrefix="devops.hw1.core.Tests.java" Intrnl_Id="355">
<LocList>
<Loc EndOffset="14677" SrcFileId="4" StartOffset="14615"/>
</LocList>
</BasicStmnt>
<BasicStmnt CovItemId="S174" CovItemPrefix="devops.hw1.core.Tests.java" Intrnl_Id="356">
<LocList>
<Loc EndOffset="14701" SrcFileId="4" StartOffset="14681"/>
</LocList>
</BasicStmnt>
<BasicStmnt CovItemId="S175" CovItemPrefix="devops.hw1.core.Tests.java" Intrnl_Id="357">
<LocList>
<Loc EndOffset="14756" SrcFileId="4" StartOffset="14705"/>
</LocList>
</BasicStmnt>
<BasicStmnt CovItemId="S176" CovItemPrefix="devops.hw1.core.Tests.java" Intrnl_Id="358">
<LocList>
<Loc EndOffset="14814" SrcFileId="4" StartOffset="14760"/>
</LocList>
</BasicStmnt>
<BasicStmnt CovItemId="S177" CovItemPrefix="devops.hw1.core.Tests.java" Intrnl_Id="359">
<LocList>
<Loc EndOffset="14844" SrcFileId="4" StartOffset="14818"/>
</LocList>
</BasicStmnt>
<BasicStmnt CovItemId="S178" CovItemPrefix="devops.hw1.core.Tests.java" Intrnl_Id="360">
<LocList>
<Loc EndOffset="14885" SrcFileId="4" StartOffset="14850"/>
</LocList>
</BasicStmnt>
<BasicStmnt CovItemId="S179" CovItemPrefix="devops.hw1.core.Tests.java" Intrnl_Id="361">
<LocList>
<Loc EndOffset="14919" SrcFileId="4" StartOffset="14889"/>
</LocList>
</BasicStmnt>
<BasicStmnt CovItemId="S180" CovItemPrefix="devops.hw1.core.Tests.java" Intrnl_Id="362">
<LocList>
<Loc EndOffset="14958" SrcFileId="4" StartOffset="14923"/>
</LocList>
</BasicStmnt>
<BasicStmnt CovItemId="S181" CovItemPrefix="devops.hw1.core.Tests.java" Intrnl_Id="363">
<LocList>
<Loc EndOffset="14988" SrcFileId="4" StartOffset="14962"/>
</LocList>
</BasicStmnt>
</StmntSeq>
</HierarchyLvl>
<HierarchyLvl HierarchyLvlId="157" HierarchyLvlTypeId="6" Intrnl_Id="364" Name="testApplyEffectsRunesMockless">
<Header>
<Loc EndOffset="15180" SrcFileId="4" StartOffset="15129"/>
</Header>
<LocList>
<Loc EndOffset="15500" SrcFileId="4" StartOffset="15129"/>
</LocList>
<StmntSeq Intrnl_Id="365">
<LocList>
<Loc EndOffset="15222" SrcFileId="4" StartOffset="15186"/>
<Loc EndOffset="15288" SrcFileId="4" StartOffset="15226"/>
<Loc EndOffset="15312" SrcFileId="4" StartOffset="15292"/>
<Loc EndOffset="15384" SrcFileId="4" StartOffset="15316"/>
<Loc EndOffset="15423" SrcFileId="4" StartOffset="15388"/>
<Loc EndOffset="15457" SrcFileId="4" StartOffset="15427"/>
<Loc EndOffset="15496" SrcFileId="4" StartOffset="15461"/>
</LocList>
<BasicStmnt CovItemId="S182" CovItemPrefix="devops.hw1.core.Tests.java" Intrnl_Id="366">
<LocList>
<Loc EndOffset="15222" SrcFileId="4" StartOffset="15186"/>
</LocList>
</BasicStmnt>
<BasicStmnt CovItemId="S183" CovItemPrefix="devops.hw1.core.Tests.java" Intrnl_Id="367">
<LocList>
<Loc EndOffset="15288" SrcFileId="4" StartOffset="15226"/>
</LocList>
</BasicStmnt>
<BasicStmnt CovItemId="S184" CovItemPrefix="devops.hw1.core.Tests.java" Intrnl_Id="368">
<LocList>
<Loc EndOffset="15312" SrcFileId="4" StartOffset="15292"/>
</LocList>
</BasicStmnt>
<BasicStmnt CovItemId="S185" CovItemPrefix="devops.hw1.core.Tests.java" Intrnl_Id="369">
<LocList>
<Loc EndOffset="15384" SrcFileId="4" StartOffset="15316"/>
</LocList>
</BasicStmnt>
<BasicStmnt CovItemId="S186" CovItemPrefix="devops.hw1.core.Tests.java" Intrnl_Id="370">
<LocList>
<Loc EndOffset="15423" SrcFileId="4" StartOffset="15388"/>
</LocList>
</BasicStmnt>
<BasicStmnt CovItemId="S187" CovItemPrefix="devops.hw1.core.Tests.java" Intrnl_Id="371">
<LocList>
<Loc EndOffset="15457" SrcFileId="4" StartOffset="15427"/>
</LocList>
</BasicStmnt>
<BasicStmnt CovItemId="S188" CovItemPrefix="devops.hw1.core.Tests.java" Intrnl_Id="372">
<LocList>
<Loc EndOffset="15496" SrcFileId="4" StartOffset="15461"/>
</LocList>
</BasicStmnt>
</StmntSeq>
</HierarchyLvl>
<HierarchyLvl HierarchyLvlId="158" HierarchyLvlTypeId="6" Intrnl_Id="373" Name="testApplyEffectsPower">
<Header>
<Loc EndOffset="15731" SrcFileId="4" StartOffset="15688"/>
</Header>
<LocList>
<Loc EndOffset="16159" SrcFileId="4" StartOffset="15688"/>
</LocList>
<StmntSeq Intrnl_Id="374">
<LocList>
<Loc EndOffset="15773" SrcFileId="4" StartOffset="15737"/>
<Loc EndOffset="15839" SrcFileId="4" StartOffset="15777"/>
<Loc EndOffset="15863" SrcFileId="4" StartOffset="15843"/>
<Loc EndOffset="15919" SrcFileId="4" StartOffset="15867"/>
<Loc EndOffset="15978" SrcFileId="4" StartOffset="15923"/>
<Loc EndOffset="16009" SrcFileId="4" StartOffset="15982"/>
<Loc EndOffset="16050" SrcFileId="4" StartOffset="16015"/>
<Loc EndOffset="16085" SrcFileId="4" StartOffset="16054"/>
<Loc EndOffset="16124" SrcFileId="4" StartOffset="16089"/>
<Loc EndOffset="16155" SrcFileId="4" StartOffset="16128"/>
</LocList>
<BasicStmnt CovItemId="S189" CovItemPrefix="devops.hw1.core.Tests.java" Intrnl_Id="375">
<LocList>
<Loc EndOffset="15773" SrcFileId="4" StartOffset="15737"/>
</LocList>
</BasicStmnt>
<BasicStmnt CovItemId="S190" CovItemPrefix="devops.hw1.core.Tests.java" Intrnl_Id="376">
<LocList>
<Loc EndOffset="15839" SrcFileId="4" StartOffset="15777"/>
</LocList>
</BasicStmnt>
<BasicStmnt CovItemId="S191" CovItemPrefix="devops.hw1.core.Tests.java" Intrnl_Id="377">
<LocList>
<Loc EndOffset="15863" SrcFileId="4" StartOffset="15843"/>
</LocList>
</BasicStmnt>
<BasicStmnt CovItemId="S192" CovItemPrefix="devops.hw1.core.Tests.java" Intrnl_Id="378">
<LocList>
<Loc EndOffset="15919" SrcFileId="4" StartOffset="15867"/>
</LocList>
</BasicStmnt>
<BasicStmnt CovItemId="S193" CovItemPrefix="devops.hw1.core.Tests.java" Intrnl_Id="379">
<LocList>
<Loc EndOffset="15978" SrcFileId="4" StartOffset="15923"/>
</LocList>
</BasicStmnt>
<BasicStmnt CovItemId="S194" CovItemPrefix="devops.hw1.core.Tests.java" Intrnl_Id="380">
<LocList>
<Loc EndOffset="16009" SrcFileId="4" StartOffset="15982"/>
</LocList>
</BasicStmnt>
<BasicStmnt CovItemId="S195" CovItemPrefix="devops.hw1.core.Tests.java" Intrnl_Id="381">
<LocList>
<Loc EndOffset="16050" SrcFileId="4" StartOffset="16015"/>
</LocList>
</BasicStmnt>
<BasicStmnt CovItemId="S196" CovItemPrefix="devops.hw1.core.Tests.java" Intrnl_Id="382">
<LocList>
<Loc EndOffset="16085" SrcFileId="4" StartOffset="16054"/>
</LocList>
</BasicStmnt>
<BasicStmnt CovItemId="S197" CovItemPrefix="devops.hw1.core.Tests.java" Intrnl_Id="383">
<LocList>
<Loc EndOffset="16124" SrcFileId="4" StartOffset="16089"/>
</LocList>
</BasicStmnt>
<BasicStmnt CovItemId="S198" CovItemPrefix="devops.hw1.core.Tests.java" Intrnl_Id="384">
<LocList>
<Loc EndOffset="16155" SrcFileId="4" StartOffset="16128"/>
</LocList>
</BasicStmnt>
</StmntSeq>
</HierarchyLvl>
<HierarchyLvl HierarchyLvlId="159" HierarchyLvlTypeId="6" Intrnl_Id="385" Name="testApplyEffectsPowerMockless">
<Header>
<Loc EndOffset="16347" SrcFileId="4" StartOffset="16296"/>
</Header>
<LocList>
<Loc EndOffset="16669" SrcFileId="4" StartOffset="16296"/>
</LocList>
<StmntSeq Intrnl_Id="386">
<LocList>
<Loc EndOffset="16389" SrcFileId="4" StartOffset="16353"/>
<Loc EndOffset="16455" SrcFileId="4" StartOffset="16393"/>
<Loc EndOffset="16479" SrcFileId="4" StartOffset="16459"/>
<Loc EndOffset="16552" SrcFileId="4" StartOffset="16483"/>
<Loc EndOffset="16591" SrcFileId="4" StartOffset="16556"/>
<Loc EndOffset="16626" SrcFileId="4" StartOffset="16595"/>
<Loc EndOffset="16665" SrcFileId="4" StartOffset="16630"/>
</LocList>
<BasicStmnt CovItemId="S199" CovItemPrefix="devops.hw1.core.Tests.java" Intrnl_Id="387">
<LocList>
<Loc EndOffset="16389" SrcFileId="4" StartOffset="16353"/>
</LocList>
</BasicStmnt>
<BasicStmnt CovItemId="S200" CovItemPrefix="devops.hw1.core.Tests.java" Intrnl_Id="388">
<LocList>
<Loc EndOffset="16455" SrcFileId="4" StartOffset="16393"/>
</LocList>
</BasicStmnt>
<BasicStmnt CovItemId="S201" CovItemPrefix="devops.hw1.core.Tests.java" Intrnl_Id="389">
<LocList>
<Loc EndOffset="16479" SrcFileId="4" StartOffset="16459"/>
</LocList>
</BasicStmnt>
<BasicStmnt CovItemId="S202" CovItemPrefix="devops.hw1.core.Tests.java" Intrnl_Id="390">
<LocList>
<Loc EndOffset="16552" SrcFileId="4" StartOffset="16483"/>
</LocList>
</BasicStmnt>
<BasicStmnt CovItemId="S203" CovItemPrefix="devops.hw1.core.Tests.java" Intrnl_Id="391">
<LocList>
<Loc EndOffset="16591" SrcFileId="4" StartOffset="16556"/>
</LocList>
</BasicStmnt>
<BasicStmnt CovItemId="S204" CovItemPrefix="devops.hw1.core.Tests.java" Intrnl_Id="392">
<LocList>
<Loc EndOffset="16626" SrcFileId="4" StartOffset="16595"/>
</LocList>
</BasicStmnt>
<BasicStmnt CovItemId="S205" CovItemPrefix="devops.hw1.core.Tests.java" Intrnl_Id="393">
<LocList>
<Loc EndOffset="16665" SrcFileId="4" StartOffset="16630"/>
</LocList>
</BasicStmnt>
</StmntSeq>
</HierarchyLvl>
<HierarchyLvl HierarchyLvlId="160" HierarchyLvlTypeId="6" Intrnl_Id="394" Name="testApplyEffectsDraw">
<Header>
<Loc EndOffset="16898" SrcFileId="4" StartOffset="16856"/>
</Header>
<LocList>
<Loc EndOffset="17412" SrcFileId="4" StartOffset="16856"/>
</LocList>
<StmntSeq Intrnl_Id="395">
<LocList>
<Loc EndOffset="16940" SrcFileId="4" StartOffset="16904"/>
<Loc EndOffset="17006" SrcFileId="4" StartOffset="16944"/>
<Loc EndOffset="17029" SrcFileId="4" StartOffset="17010"/>
<Loc EndOffset="17086" SrcFileId="4" StartOffset="17035"/>
<Loc EndOffset="17144" SrcFileId="4" StartOffset="17090"/>
<Loc EndOffset="17174" SrcFileId="4" StartOffset="17148"/>
<Loc EndOffset="17218" SrcFileId="4" StartOffset="17180"/>
<Loc EndOffset="17260" SrcFileId="4" StartOffset="17222"/>
<Loc EndOffset="17294" SrcFileId="4" StartOffset="17264"/>
<Loc EndOffset="17336" SrcFileId="4" StartOffset="17298"/>
<Loc EndOffset="17378" SrcFileId="4" StartOffset="17340"/>
<Loc EndOffset="17408" SrcFileId="4" StartOffset="17382"/>
</LocList>
<BasicStmnt CovItemId="S206" CovItemPrefix="devops.hw1.core.Tests.java" Intrnl_Id="396">
<LocList>
<Loc EndOffset="16940" SrcFileId="4" StartOffset="16904"/>
</LocList>
</BasicStmnt>
<BasicStmnt CovItemId="S207" CovItemPrefix="devops.hw1.core.Tests.java" Intrnl_Id="397">
<LocList>
<Loc EndOffset="17006" SrcFileId="4" StartOffset="16944"/>
</LocList>
</BasicStmnt>
<BasicStmnt CovItemId="S208" CovItemPrefix="devops.hw1.core.Tests.java" Intrnl_Id="398">
<LocList>
<Loc EndOffset="17029" SrcFileId="4" StartOffset="17010"/>
</LocList>
</BasicStmnt>
<BasicStmnt CovItemId="S209" CovItemPrefix="devops.hw1.core.Tests.java" Intrnl_Id="399">
<LocList>
<Loc EndOffset="17086" SrcFileId="4" StartOffset="17035"/>
</LocList>
</BasicStmnt>
<BasicStmnt CovItemId="S210" CovItemPrefix="devops.hw1.core.Tests.java" Intrnl_Id="400">
<LocList>
<Loc EndOffset="17144" SrcFileId="4" StartOffset="17090"/>
</LocList>
</BasicStmnt>
<BasicStmnt CovItemId="S211" CovItemPrefix="devops.hw1.core.Tests.java" Intrnl_Id="401">
<LocList>
<Loc EndOffset="17174" SrcFileId="4" StartOffset="17148"/>
</LocList>
</BasicStmnt>
<BasicStmnt CovItemId="S212" CovItemPrefix="devops.hw1.core.Tests.java" Intrnl_Id="402">
<LocList>
<Loc EndOffset="17218" SrcFileId="4" StartOffset="17180"/>
</LocList>
</BasicStmnt>
<BasicStmnt CovItemId="S213" CovItemPrefix="devops.hw1.core.Tests.java" Intrnl_Id="403">
<LocList>
<Loc EndOffset="17260" SrcFileId="4" StartOffset="17222"/>
</LocList>
</BasicStmnt>
<BasicStmnt CovItemId="S214" CovItemPrefix="devops.hw1.core.Tests.java" Intrnl_Id="404">
<LocList>
<Loc EndOffset="17294" SrcFileId="4" StartOffset="17264"/>
</LocList>
</BasicStmnt>
<BasicStmnt CovItemId="S215" CovItemPrefix="devops.hw1.core.Tests.java" Intrnl_Id="405">
<LocList>
<Loc EndOffset="17336" SrcFileId="4" StartOffset="17298"/>
</LocList>
</BasicStmnt>
<BasicStmnt CovItemId="S216" CovItemPrefix="devops.hw1.core.Tests.java" Intrnl_Id="406">
<LocList>
<Loc EndOffset="17378" SrcFileId="4" StartOffset="17340"/>
</LocList>
</BasicStmnt>
<BasicStmnt CovItemId="S217" CovItemPrefix="devops.hw1.core.Tests.java" Intrnl_Id="407">
<LocList>
<Loc EndOffset="17408" SrcFileId="4" StartOffset="17382"/>
</LocList>
</BasicStmnt>
</StmntSeq>
</HierarchyLvl>
<HierarchyLvl HierarchyLvlId="161" HierarchyLvlTypeId="6" Intrnl_Id="408" Name="testApplyEffectsDrawMockless">
<Header>
<Loc EndOffset="17598" SrcFileId="4" StartOffset="17548"/>
</Header>
<LocList>
<Loc EndOffset="18007" SrcFileId="4" StartOffset="17548"/>
</LocList>
<StmntSeq Intrnl_Id="409">
<LocList>
<Loc EndOffset="17640" SrcFileId="4" StartOffset="17604"/>
<Loc EndOffset="17706" SrcFileId="4" StartOffset="17644"/>
<Loc EndOffset="17729" SrcFileId="4" StartOffset="17710"/>
<Loc EndOffset="17801" SrcFileId="4" StartOffset="17733"/>
<Loc EndOffset="17843" SrcFileId="4" StartOffset="17805"/>
<Loc EndOffset="17885" SrcFileId="4" StartOffset="17847"/>
<Loc EndOffset="17919" SrcFileId="4" StartOffset="17889"/>
<Loc EndOffset="17961" SrcFileId="4" StartOffset="17923"/>
<Loc EndOffset="18003" SrcFileId="4" StartOffset="17965"/>
</LocList>
<BasicStmnt CovItemId="S218" CovItemPrefix="devops.hw1.core.Tests.java" Intrnl_Id="410">
<LocList>
<Loc EndOffset="17640" SrcFileId="4" StartOffset="17604"/>
</LocList>
</BasicStmnt>
<BasicStmnt CovItemId="S219" CovItemPrefix="devops.hw1.core.Tests.java" Intrnl_Id="411">
<LocList>
<Loc EndOffset="17706" SrcFileId="4" StartOffset="17644"/>
</LocList>
</BasicStmnt>
<BasicStmnt CovItemId="S220" CovItemPrefix="devops.hw1.core.Tests.java" Intrnl_Id="412">
<LocList>
<Loc EndOffset="17729" SrcFileId="4" StartOffset="17710"/>
</LocList>
</BasicStmnt>
<BasicStmnt CovItemId="S221" CovItemPrefix="devops.hw1.core.Tests.java" Intrnl_Id="413">
<LocList>
<Loc EndOffset="17801" SrcFileId="4" StartOffset="17733"/>
</LocList>
</BasicStmnt>
<BasicStmnt CovItemId="S222" CovItemPrefix="devops.hw1.core.Tests.java" Intrnl_Id="414">
<LocList>
<Loc EndOffset="17843" SrcFileId="4" StartOffset="17805"/>
</LocList>
</BasicStmnt>
<BasicStmnt CovItemId="S223" CovItemPrefix="devops.hw1.core.Tests.java" Intrnl_Id="415">
<LocList>
<Loc EndOffset="17885" SrcFileId="4" StartOffset="17847"/>
</LocList>
</BasicStmnt>
<BasicStmnt CovItemId="S224" CovItemPrefix="devops.hw1.core.Tests.java" Intrnl_Id="416">
<LocList>
<Loc EndOffset="17919" SrcFileId="4" StartOffset="17889"/>
</LocList>
</BasicStmnt>
<BasicStmnt CovItemId="S225" CovItemPrefix="devops.hw1.core.Tests.java" Intrnl_Id="417">
<LocList>
<Loc EndOffset="17961" SrcFileId="4" StartOffset="17923"/>
</LocList>
</BasicStmnt>
<BasicStmnt CovItemId="S226" CovItemPrefix="devops.hw1.core.Tests.java" Intrnl_Id="418">
<LocList>
<Loc EndOffset="18003" SrcFileId="4" StartOffset="17965"/>
</LocList>
</BasicStmnt>
</StmntSeq>
</HierarchyLvl>
<HierarchyLvl HierarchyLvlId="162" HierarchyLvlTypeId="6" Intrnl_Id="419" Name="testGetAddHonor">
<Header>
<Loc EndOffset="18227" SrcFileId="4" StartOffset="18190"/>
</Header>
<LocList>
<Loc EndOffset="18374" SrcFileId="4" StartOffset="18190"/>
</LocList>
<StmntSeq Intrnl_Id="420">
<LocList>
<Loc EndOffset="18269" SrcFileId="4" StartOffset="18233"/>
<Loc EndOffset="18308" SrcFileId="4" StartOffset="18273"/>
<Loc EndOffset="18331" SrcFileId="4" StartOffset="18312"/>
<Loc EndOffset="18370" SrcFileId="4" StartOffset="18335"/>
</LocList>
<BasicStmnt CovItemId="S227" CovItemPrefix="devops.hw1.core.Tests.java" Intrnl_Id="421">
<LocList>
<Loc EndOffset="18269" SrcFileId="4" StartOffset="18233"/>
</LocList>
</BasicStmnt>
<BasicStmnt CovItemId="S228" CovItemPrefix="devops.hw1.core.Tests.java" Intrnl_Id="422">
<LocList>
<Loc EndOffset="18308" SrcFileId="4" StartOffset="18273"/>
</LocList>
</BasicStmnt>
<BasicStmnt CovItemId="S229" CovItemPrefix="devops.hw1.core.Tests.java" Intrnl_Id="423">
<LocList>
<Loc EndOffset="18331" SrcFileId="4" StartOffset="18312"/>
</LocList>
</BasicStmnt>
<BasicStmnt CovItemId="S230" CovItemPrefix="devops.hw1.core.Tests.java" Intrnl_Id="424">
<LocList>
<Loc EndOffset="18370" SrcFileId="4" StartOffset="18335"/>
</LocList>
</BasicStmnt>
</StmntSeq>
</HierarchyLvl>
<HierarchyLvl HierarchyLvlId="163" HierarchyLvlTypeId="6" Intrnl_Id="425" Name="testApplyEffectsHonor">
<Header>
<Loc EndOffset="18605" SrcFileId="4" StartOffset="18562"/>
</Header>
<LocList>
<Loc EndOffset="19033" SrcFileId="4" StartOffset="18562"/>
</LocList>
<StmntSeq Intrnl_Id="426">
<LocList>
<Loc EndOffset="18647" SrcFileId="4" StartOffset="18611"/>
<Loc EndOffset="18713" SrcFileId="4" StartOffset="18651"/>
<Loc EndOffset="18737" SrcFileId="4" StartOffset="18717"/>
<Loc EndOffset="18793" SrcFileId="4" StartOffset="18741"/>
<Loc EndOffset="18852" SrcFileId="4" StartOffset="18797"/>
<Loc EndOffset="18883" SrcFileId="4" StartOffset="18856"/>
<Loc EndOffset="18924" SrcFileId="4" StartOffset="18889"/>
<Loc EndOffset="18959" SrcFileId="4" StartOffset="18928"/>
<Loc EndOffset="18998" SrcFileId="4" StartOffset="18963"/>
<Loc EndOffset="19029" SrcFileId="4" StartOffset="19002"/>
</LocList>
<BasicStmnt CovItemId="S231" CovItemPrefix="devops.hw1.core.Tests.java" Intrnl_Id="427">
<LocList>
<Loc EndOffset="18647" SrcFileId="4" StartOffset="18611"/>
</LocList>
</BasicStmnt>
<BasicStmnt CovItemId="S232" CovItemPrefix="devops.hw1.core.Tests.java" Intrnl_Id="428">
<LocList>
<Loc EndOffset="18713" SrcFileId="4" StartOffset="18651"/>
</LocList>
</BasicStmnt>
<BasicStmnt CovItemId="S233" CovItemPrefix="devops.hw1.core.Tests.java" Intrnl_Id="429">
<LocList>
<Loc EndOffset="18737" SrcFileId="4" StartOffset="18717"/>
</LocList>
</BasicStmnt>
<BasicStmnt CovItemId="S234" CovItemPrefix="devops.hw1.core.Tests.java" Intrnl_Id="430">
<LocList>
<Loc EndOffset="18793" SrcFileId="4" StartOffset="18741"/>
</LocList>
</BasicStmnt>
<BasicStmnt CovItemId="S235" CovItemPrefix="devops.hw1.core.Tests.java" Intrnl_Id="431">
<LocList>
<Loc EndOffset="18852" SrcFileId="4" StartOffset="18797"/>
</LocList>
</BasicStmnt>
<BasicStmnt CovItemId="S236" CovItemPrefix="devops.hw1.core.Tests.java" Intrnl_Id="432">
<LocList>
<Loc EndOffset="18883" SrcFileId="4" StartOffset="18856"/>
</LocList>
</BasicStmnt>
<BasicStmnt CovItemId="S237" CovItemPrefix="devops.hw1.core.Tests.java" Intrnl_Id="433">
<LocList>
<Loc EndOffset="18924" SrcFileId="4" StartOffset="18889"/>
</LocList>
</BasicStmnt>
<BasicStmnt CovItemId="S238" CovItemPrefix="devops.hw1.core.Tests.java" Intrnl_Id="434">
<LocList>
<Loc EndOffset="18959" SrcFileId="4" StartOffset="18928"/>
</LocList>
</BasicStmnt>
<BasicStmnt CovItemId="S239" CovItemPrefix="devops.hw1.core.Tests.java" Intrnl_Id="435">
<LocList>
<Loc EndOffset="18998" SrcFileId="4" StartOffset="18963"/>
</LocList>
</BasicStmnt>
<BasicStmnt CovItemId="S240" CovItemPrefix="devops.hw1.core.Tests.java" Intrnl_Id="436">
<LocList>
<Loc EndOffset="19029" SrcFileId="4" StartOffset="19002"/>
</LocList>
</BasicStmnt>
</StmntSeq>
</HierarchyLvl>
<HierarchyLvl HierarchyLvlId="164" HierarchyLvlTypeId="6" Intrnl_Id="437" Name="testApplyEffectsHonorMockless">
<Header>
<Loc EndOffset="19221" SrcFileId="4" StartOffset="19170"/>
</Header>
<LocList>
<Loc EndOffset="19543" SrcFileId="4" StartOffset="19170"/>
</LocList>
<StmntSeq Intrnl_Id="438">
<LocList>
<Loc EndOffset="19263" SrcFileId="4" StartOffset="19227"/>
<Loc EndOffset="19329" SrcFileId="4" StartOffset="19267"/>
<Loc EndOffset="19353" SrcFileId="4" StartOffset="19333"/>
<Loc EndOffset="19426" SrcFileId="4" StartOffset="19357"/>
<Loc EndOffset="19465" SrcFileId="4" StartOffset="19430"/>
<Loc EndOffset="19500" SrcFileId="4" StartOffset="19469"/>
<Loc EndOffset="19539" SrcFileId="4" StartOffset="19504"/>
</LocList>
<BasicStmnt CovItemId="S241" CovItemPrefix="devops.hw1.core.Tests.java" Intrnl_Id="439">
<LocList>
<Loc EndOffset="19263" SrcFileId="4" StartOffset="19227"/>
</LocList>
</BasicStmnt>
<BasicStmnt CovItemId="S242" CovItemPrefix="devops.hw1.core.Tests.java" Intrnl_Id="440">
<LocList>
<Loc EndOffset="19329" SrcFileId="4" StartOffset="19267"/>
</LocList>
</BasicStmnt>
<BasicStmnt CovItemId="S243" CovItemPrefix="devops.hw1.core.Tests.java" Intrnl_Id="441">
<LocList>
<Loc EndOffset="19353" SrcFileId="4" StartOffset="19333"/>
</LocList>
</BasicStmnt>
<BasicStmnt CovItemId="S244" CovItemPrefix="devops.hw1.core.Tests.java" Intrnl_Id="442">
<LocList>
<Loc EndOffset="19426" SrcFileId="4" StartOffset="19357"/>
</LocList>
</BasicStmnt>
<BasicStmnt CovItemId="S245" CovItemPrefix="devops.hw1.core.Tests.java" Intrnl_Id="443">
<LocList>
<Loc EndOffset="19465" SrcFileId="4" StartOffset="19430"/>
</LocList>
</BasicStmnt>
<BasicStmnt CovItemId="S246" CovItemPrefix="devops.hw1.core.Tests.java" Intrnl_Id="444">
<LocList>
<Loc EndOffset="19500" SrcFileId="4" StartOffset="19469"/>
</LocList>
</BasicStmnt>
<BasicStmnt CovItemId="S247" CovItemPrefix="devops.hw1.core.Tests.java" Intrnl_Id="445">
<LocList>
<Loc EndOffset="19539" SrcFileId="4" StartOffset="19504"/>
</LocList>
</BasicStmnt>
</StmntSeq>
</HierarchyLvl>
<HierarchyLvl HierarchyLvlId="165" HierarchyLvlTypeId="6" Intrnl_Id="446" Name="testApplyEffectsAllBasic">
<Header>
<Loc EndOffset="19779" SrcFileId="4" StartOffset="19733"/>
</Header>
<LocList>
<Loc EndOffset="20594" SrcFileId="4" StartOffset="19733"/>
</LocList>
<StmntSeq Intrnl_Id="447">
<LocList>
<Loc EndOffset="19821" SrcFileId="4" StartOffset="19785"/>
<Loc EndOffset="19887" SrcFileId="4" StartOffset="19825"/>
<Loc EndOffset="19911" SrcFileId="4" StartOffset="19891"/>
<Loc EndOffset="19935" SrcFileId="4" StartOffset="19915"/>
<Loc EndOffset="19958" SrcFileId="4" StartOffset="19939"/>
<Loc EndOffset="19982" SrcFileId="4" StartOffset="19962"/>
<Loc EndOffset="20036" SrcFileId="4" StartOffset="19986"/>
<Loc EndOffset="20093" SrcFileId="4" StartOffset="20040"/>
<Loc EndOffset="20122" SrcFileId="4" StartOffset="20097"/>
<Loc EndOffset="20163" SrcFileId="4" StartOffset="20128"/>
<Loc EndOffset="20202" SrcFileId="4" StartOffset="20167"/>
<Loc EndOffset="20241" SrcFileId="4" StartOffset="20206"/>
<Loc EndOffset="20283" SrcFileId="4" StartOffset="20245"/>
<Loc EndOffset="20325" SrcFileId="4" StartOffset="20287"/>
<Loc EndOffset="20360" SrcFileId="4" StartOffset="20331"/>
<Loc EndOffset="20399" SrcFileId="4" StartOffset="20364"/>
<Loc EndOffset="20438" SrcFileId="4" StartOffset="20403"/>
<Loc EndOffset="20477" SrcFileId="4" StartOffset="20442"/>
<Loc EndOffset="20519" SrcFileId="4" StartOffset="20481"/>
<Loc EndOffset="20561" SrcFileId="4" StartOffset="20523"/>
<Loc EndOffset="20590" SrcFileId="4" StartOffset="20565"/>
</LocList>
<BasicStmnt CovItemId="S248" CovItemPrefix="devops.hw1.core.Tests.java" Intrnl_Id="448">
<LocList>
<Loc EndOffset="19821" SrcFileId="4" StartOffset="19785"/>
</LocList>
</BasicStmnt>
<BasicStmnt CovItemId="S249" CovItemPrefix="devops.hw1.core.Tests.java" Intrnl_Id="449">
<LocList>
<Loc EndOffset="19887" SrcFileId="4" StartOffset="19825"/>
</LocList>
</BasicStmnt>
<BasicStmnt CovItemId="S250" CovItemPrefix="devops.hw1.core.Tests.java" Intrnl_Id="450">
<LocList>
<Loc EndOffset="19911" SrcFileId="4" StartOffset="19891"/>
</LocList>
</BasicStmnt>
<BasicStmnt CovItemId="S251" CovItemPrefix="devops.hw1.core.Tests.java" Intrnl_Id="451">
<LocList>
<Loc EndOffset="19935" SrcFileId="4" StartOffset="19915"/>
</LocList>
</BasicStmnt>
<BasicStmnt CovItemId="S252" CovItemPrefix="devops.hw1.core.Tests.java" Intrnl_Id="452">
<LocList>
<Loc EndOffset="19958" SrcFileId="4" StartOffset="19939"/>
</LocList>
</BasicStmnt>
<BasicStmnt CovItemId="S253" CovItemPrefix="devops.hw1.core.Tests.java" Intrnl_Id="453">
<LocList>
<Loc EndOffset="19982" SrcFileId="4" StartOffset="19962"/>
</LocList>
</BasicStmnt>
<BasicStmnt CovItemId="S254" CovItemPrefix="devops.hw1.core.Tests.java" Intrnl_Id="454">
<LocList>
<Loc EndOffset="20036" SrcFileId="4" StartOffset="19986"/>
</LocList>
</BasicStmnt>
<BasicStmnt CovItemId="S255" CovItemPrefix="devops.hw1.core.Tests.java" Intrnl_Id="455">
<LocList>
<Loc EndOffset="20093" SrcFileId="4" StartOffset="20040"/>
</LocList>
</BasicStmnt>
<BasicStmnt CovItemId="S256" CovItemPrefix="devops.hw1.core.Tests.java" Intrnl_Id="456">
<LocList>
<Loc EndOffset="20122" SrcFileId="4" StartOffset="20097"/>
</LocList>
</BasicStmnt>
<BasicStmnt CovItemId="S257" CovItemPrefix="devops.hw1.core.Tests.java" Intrnl_Id="457">
<LocList>
<Loc EndOffset="20163" SrcFileId="4" StartOffset="20128"/>
</LocList>
</BasicStmnt>
<BasicStmnt CovItemId="S258" CovItemPrefix="devops.hw1.core.Tests.java" Intrnl_Id="458">
<LocList>
<Loc EndOffset="20202" SrcFileId="4" StartOffset="20167"/>
</LocList>
</BasicStmnt>
<BasicStmnt CovItemId="S259" CovItemPrefix="devops.hw1.core.Tests.java" Intrnl_Id="459">
<LocList>
<Loc EndOffset="20241" SrcFileId="4" StartOffset="20206"/>
</LocList>
</BasicStmnt>
<BasicStmnt CovItemId="S260" CovItemPrefix="devops.hw1.core.Tests.java" Intrnl_Id="460">
<LocList>
<Loc EndOffset="20283" SrcFileId="4" StartOffset="20245"/>
</LocList>
</BasicStmnt>
<BasicStmnt CovItemId="S261" CovItemPrefix="devops.hw1.core.Tests.java" Intrnl_Id="461">
<LocList>
<Loc EndOffset="20325" SrcFileId="4" StartOffset="20287"/>
</LocList>
</BasicStmnt>
<BasicStmnt CovItemId="S262" CovItemPrefix="devops.hw1.core.Tests.java" Intrnl_Id="462">
<LocList>
<Loc EndOffset="20360" SrcFileId="4" StartOffset="20331"/>
</LocList>
</BasicStmnt>
<BasicStmnt CovItemId="S263" CovItemPrefix="devops.hw1.core.Tests.java" Intrnl_Id="463">
<LocList>
<Loc EndOffset="20399" SrcFileId="4" StartOffset="20364"/>
</LocList>
</BasicStmnt>
<BasicStmnt CovItemId="S264" CovItemPrefix="devops.hw1.core.Tests.java" Intrnl_Id="464">
<LocList>
<Loc EndOffset="20438" SrcFileId="4" StartOffset="20403"/>
</LocList>
</BasicStmnt>
<BasicStmnt CovItemId="S265" CovItemPrefix="devops.hw1.core.Tests.java" Intrnl_Id="465">
<LocList>
<Loc EndOffset="20477" SrcFileId="4" StartOffset="20442"/>
</LocList>
</BasicStmnt>
<BasicStmnt CovItemId="S266" CovItemPrefix="devops.hw1.core.Tests.java" Intrnl_Id="466">
<LocList>
<Loc EndOffset="20519" SrcFileId="4" StartOffset="20481"/>
</LocList>
</BasicStmnt>
<BasicStmnt CovItemId="S267" CovItemPrefix="devops.hw1.core.Tests.java" Intrnl_Id="467">
<LocList>
<Loc EndOffset="20561" SrcFileId="4" StartOffset="20523"/>
</LocList>
</BasicStmnt>
<BasicStmnt CovItemId="S268" CovItemPrefix="devops.hw1.core.Tests.java" Intrnl_Id="468">
<LocList>
<Loc EndOffset="20590" SrcFileId="4" StartOffset="20565"/>
</LocList>
</BasicStmnt>
</StmntSeq>
</HierarchyLvl>
<HierarchyLvl HierarchyLvlId="166" HierarchyLvlTypeId="6" Intrnl_Id="469" Name="testApplyEffectsAllBasicMockless">
<Header>
<Loc EndOffset="20842" SrcFileId="4" StartOffset="20788"/>
</Header>
<LocList>
<Loc EndOffset="21555" SrcFileId="4" StartOffset="20788"/>
</LocList>
<StmntSeq Intrnl_Id="470">
<LocList>
<Loc EndOffset="20884" SrcFileId="4" StartOffset="20848"/>
<Loc EndOffset="20950" SrcFileId="4" StartOffset="20888"/>
<Loc EndOffset="20974" SrcFileId="4" StartOffset="20954"/>
<Loc EndOffset="20998" SrcFileId="4" StartOffset="20978"/>
<Loc EndOffset="21021" SrcFileId="4" StartOffset="21002"/>
<Loc EndOffset="21045" SrcFileId="4" StartOffset="21025"/>
<Loc EndOffset="21116" SrcFileId="4" StartOffset="21049"/>
<Loc EndOffset="21155" SrcFileId="4" StartOffset="21120"/>
<Loc EndOffset="21194" SrcFileId="4" StartOffset="21159"/>
<Loc EndOffset="21233" SrcFileId="4" StartOffset="21198"/>
<Loc EndOffset="21275" SrcFileId="4" StartOffset="21237"/>
<Loc EndOffset="21317" SrcFileId="4" StartOffset="21279"/>
<Loc EndOffset="21350" SrcFileId="4" StartOffset="21321"/>
<Loc EndOffset="21389" SrcFileId="4" StartOffset="21354"/>
<Loc EndOffset="21428" SrcFileId="4" StartOffset="21393"/>
<Loc EndOffset="21467" SrcFileId="4" StartOffset="21432"/>
<Loc EndOffset="21509" SrcFileId="4" StartOffset="21471"/>
<Loc EndOffset="21551" SrcFileId="4" StartOffset="21513"/>
</LocList>
<BasicStmnt CovItemId="S269" CovItemPrefix="devops.hw1.core.Tests.java" Intrnl_Id="471">
<LocList>
<Loc EndOffset="20884" SrcFileId="4" StartOffset="20848"/>
</LocList>
</BasicStmnt>
<BasicStmnt CovItemId="S270" CovItemPrefix="devops.hw1.core.Tests.java" Intrnl_Id="472">
<LocList>
<Loc EndOffset="20950" SrcFileId="4" StartOffset="20888"/>
</LocList>
</BasicStmnt>
<BasicStmnt CovItemId="S271" CovItemPrefix="devops.hw1.core.Tests.java" Intrnl_Id="473">
<LocList>
<Loc EndOffset="20974" SrcFileId="4" StartOffset="20954"/>
</LocList>
</BasicStmnt>
<BasicStmnt CovItemId="S272" CovItemPrefix="devops.hw1.core.Tests.java" Intrnl_Id="474">
<LocList>
<Loc EndOffset="20998" SrcFileId="4" StartOffset="20978"/>
</LocList>
</BasicStmnt>
<BasicStmnt CovItemId="S273" CovItemPrefix="devops.hw1.core.Tests.java" Intrnl_Id="475">
<LocList>
<Loc EndOffset="21021" SrcFileId="4" StartOffset="21002"/>
</LocList>
</BasicStmnt>
<BasicStmnt CovItemId="S274" CovItemPrefix="devops.hw1.core.Tests.java" Intrnl_Id="476">
<LocList>
<Loc EndOffset="21045" SrcFileId="4" StartOffset="21025"/>
</LocList>
</BasicStmnt>
<BasicStmnt CovItemId="S275" CovItemPrefix="devops.hw1.core.Tests.java" Intrnl_Id="477">
<LocList>
<Loc EndOffset="21116" SrcFileId="4" StartOffset="21049"/>
</LocList>
</BasicStmnt>
<BasicStmnt CovItemId="S276" CovItemPrefix="devops.hw1.core.Tests.java" Intrnl_Id="478">
<LocList>
<Loc EndOffset="21155" SrcFileId="4" StartOffset="21120"/>
</LocList>
</BasicStmnt>
<BasicStmnt CovItemId="S277" CovItemPrefix="devops.hw1.core.Tests.java" Intrnl_Id="479">
<LocList>
<Loc EndOffset="21194" SrcFileId="4" StartOffset="21159"/>
</LocList>
</BasicStmnt>
<BasicStmnt CovItemId="S278" CovItemPrefix="devops.hw1.core.Tests.java" Intrnl_Id="480">
<LocList>
<Loc EndOffset="21233" SrcFileId="4" StartOffset="21198"/>
</LocList>
</BasicStmnt>
<BasicStmnt CovItemId="S279" CovItemPrefix="devops.hw1.core.Tests.java" Intrnl_Id="481">
<LocList>
<Loc EndOffset="21275" SrcFileId="4" StartOffset="21237"/>
</LocList>
</BasicStmnt>
<BasicStmnt CovItemId="S280" CovItemPrefix="devops.hw1.core.Tests.java" Intrnl_Id="482">
<LocList>
<Loc EndOffset="21317" SrcFileId="4" StartOffset="21279"/>
</LocList>
</BasicStmnt>
<BasicStmnt CovItemId="S281" CovItemPrefix="devops.hw1.core.Tests.java" Intrnl_Id="483">
<LocList>
<Loc EndOffset="21350" SrcFileId="4" StartOffset="21321"/>
</LocList>
</BasicStmnt>
<BasicStmnt CovItemId="S282" CovItemPrefix="devops.hw1.core.Tests.java" Intrnl_Id="484">
<LocList>
<Loc EndOffset="21389" SrcFileId="4" StartOffset="21354"/>
</LocList>
</BasicStmnt>
<BasicStmnt CovItemId="S283" CovItemPrefix="devops.hw1.core.Tests.java" Intrnl_Id="485">
<LocList>
<Loc EndOffset="21428" SrcFileId="4" StartOffset="21393"/>
</LocList>
</BasicStmnt>
<BasicStmnt CovItemId="S284" CovItemPrefix="devops.hw1.core.Tests.java" Intrnl_Id="486">
<LocList>
<Loc EndOffset="21467" SrcFileId="4" StartOffset="21432"/>
</LocList>
</BasicStmnt>
<BasicStmnt CovItemId="S285" CovItemPrefix="devops.hw1.core.Tests.java" Intrnl_Id="487">
<LocList>
<Loc EndOffset="21509" SrcFileId="4" StartOffset="21471"/>
</LocList>
</BasicStmnt>
<BasicStmnt CovItemId="S286" CovItemPrefix="devops.hw1.core.Tests.java" Intrnl_Id="488">
<LocList>
<Loc EndOffset="21551" SrcFileId="4" StartOffset="21513"/>
</LocList>
</BasicStmnt>
</StmntSeq>
</HierarchyLvl>
<HierarchyLvl HierarchyLvlId="167" HierarchyLvlTypeId="6" Intrnl_Id="489" Name="testPlayingRealCardsWithRealEffects">
<Header>
<Loc EndOffset="21741" SrcFileId="4" StartOffset="21684"/>
</Header>
<LocList>
<Loc EndOffset="22573" SrcFileId="4" StartOffset="21684"/>
</LocList>
<StmntSeq Intrnl_Id="490">
<LocList>
<Loc EndOffset="21807" SrcFileId="4" StartOffset="21771"/>
<Loc EndOffset="21860" SrcFileId="4" StartOffset="21811"/>
<Loc EndOffset="21938" SrcFileId="4" StartOffset="21900"/>
<Loc EndOffset="22000" SrcFileId="4" StartOffset="21978"/>
<Loc EndOffset="22026" SrcFileId="4" StartOffset="22004"/>
<Loc EndOffset="22569" SrcFileId="4" StartOffset="22030"/>
</LocList>
<BasicStmnt CovItemId="S287" CovItemPrefix="devops.hw1.core.Tests.java" Intrnl_Id="491">
<LocList>
<Loc EndOffset="21807" SrcFileId="4" StartOffset="21771"/>
</LocList>
</BasicStmnt>
<BasicStmnt CovItemId="S288" CovItemPrefix="devops.hw1.core.Tests.java" Intrnl_Id="492">
<LocList>
<Loc EndOffset="21860" SrcFileId="4" StartOffset="21811"/>
</LocList>
</BasicStmnt>
<BasicStmnt CovItemId="S289" CovItemPrefix="devops.hw1.core.Tests.java" Intrnl_Id="493">
<LocList>
<Loc EndOffset="21938" SrcFileId="4" StartOffset="21900"/>
</LocList>
</BasicStmnt>
<BasicStmnt CovItemId="S290" CovItemPrefix="devops.hw1.core.Tests.java" Intrnl_Id="494">
<LocList>
<Loc EndOffset="22000" SrcFileId="4" StartOffset="21978"/>
</LocList>
</BasicStmnt>
<BasicStmnt CovItemId="S291" CovItemPrefix="devops.hw1.core.Tests.java" Intrnl_Id="495">
<LocList>
<Loc EndOffset="22026" SrcFileId="4" StartOffset="22004"/>
</LocList>
</BasicStmnt>
<LoopStmnt CovItemId="S292" CovItemPrefix="devops.hw1.core.Tests.java" Intrnl_Id="496" MltplExecId="L2-2" MltplExecPrefix="devops.hw1.core.Tests.java" NvrExecId="L2-0" NvrExecPrefix="devops.hw1.core.Tests.java" OnceExecutedId="L2-1" OnceExecutedPrefix="devops.hw1.core.Tests.java" OptBodyExec="true">
<StmntSeq Intrnl_Id="497">
<LocList>
<Loc EndOffset="22135" SrcFileId="4" StartOffset="22098"/>
<Loc EndOffset="22517" SrcFileId="4" StartOffset="22186"/>
<Loc EndOffset="22564" SrcFileId="4" StartOffset="22522"/>
</LocList>
<BasicStmnt CovItemId="S293" CovItemPrefix="devops.hw1.core.Tests.java" Intrnl_Id="498">
<LocList>
<Loc EndOffset="22135" SrcFileId="4" StartOffset="22098"/>
</LocList>
</BasicStmnt>
<CondStmnt CovItemId="S294" CovItemPrefix="devops.hw1.core.Tests.java" Intrnl_Id="499">
<Branch CovItemId="B1" CovItemPrefix="devops.hw1.core.Tests.java" Implct="false" Intrnl_Id="500">
<Cond/>
<LocList>
<Loc EndOffset="22337" SrcFileId="4" StartOffset="22227"/>
</LocList>
<StmntSeq Intrnl_Id="501">
<LocList>
<Loc EndOffset="22250" SrcFileId="4" StartOffset="22234"/>
<Loc EndOffset="22278" SrcFileId="4" StartOffset="22256"/>
<Loc EndOffset="22331" SrcFileId="4" StartOffset="22284"/>
</LocList>
<BasicStmnt CovItemId="S295" CovItemPrefix="devops.hw1.core.Tests.java" Intrnl_Id="502">
<LocList>
<Loc EndOffset="22250" SrcFileId="4" StartOffset="22234"/>
</LocList>
</BasicStmnt>
<BasicStmnt CovItemId="S296" CovItemPrefix="devops.hw1.core.Tests.java" Intrnl_Id="503">
<LocList>
<Loc EndOffset="22278" SrcFileId="4" StartOffset="22256"/>
</LocList>
</BasicStmnt>
<BasicStmnt CovItemId="S297" CovItemPrefix="devops.hw1.core.Tests.java" Intrnl_Id="504">
<LocList>
<Loc EndOffset="22331" SrcFileId="4" StartOffset="22284"/>
</LocList>
</BasicStmnt>
</StmntSeq>
</Branch>
<Branch CovItemId="B2" CovItemPrefix="devops.hw1.core.Tests.java" Implct="false" Intrnl_Id="505">
<Cond>
<Loc EndOffset="22342" SrcFileId="4" StartOffset="22338"/>
</Cond>
<LocList>
<Loc EndOffset="22517" SrcFileId="4" StartOffset="22343"/>
</LocList>
<StmntSeq Intrnl_Id="506">
<LocList>
<Loc EndOffset="22517" SrcFileId="4" StartOffset="22343"/>
</LocList>
<CondStmnt CovItemId="S298" CovItemPrefix="devops.hw1.core.Tests.java" Intrnl_Id="507">
<Branch CovItemId="B3" CovItemPrefix="devops.hw1.core.Tests.java" Implct="false" Intrnl_Id="508">
<Cond/>
<LocList>
<Loc EndOffset="22491" SrcFileId="4" StartOffset="22381"/>
</LocList>
<StmntSeq Intrnl_Id="509">
<LocList>
<Loc EndOffset="22404" SrcFileId="4" StartOffset="22388"/>
<Loc EndOffset="22432" SrcFileId="4" StartOffset="22410"/>
<Loc EndOffset="22485" SrcFileId="4" StartOffset="22438"/>
</LocList>
<BasicStmnt CovItemId="S299" CovItemPrefix="devops.hw1.core.Tests.java" Intrnl_Id="510">
<LocList>
<Loc EndOffset="22404" SrcFileId="4" StartOffset="22388"/>
</LocList>
</BasicStmnt>
<BasicStmnt CovItemId="S300" CovItemPrefix="devops.hw1.core.Tests.java" Intrnl_Id="511">
<LocList>
<Loc EndOffset="22432" SrcFileId="4" StartOffset="22410"/>
</LocList>
</BasicStmnt>
<BasicStmnt CovItemId="S301" CovItemPrefix="devops.hw1.core.Tests.java" Intrnl_Id="512">
<LocList>
<Loc EndOffset="22485" SrcFileId="4" StartOffset="22438"/>
</LocList>
</BasicStmnt>
</StmntSeq>
</Branch>
<Branch CovItemId="B4" CovItemPrefix="devops.hw1.core.Tests.java" Implct="false" Intrnl_Id="513">
<Cond>
<Loc EndOffset="22496" SrcFileId="4" StartOffset="22492"/>
</Cond>
<LocList>
<Loc EndOffset="22517" SrcFileId="4" StartOffset="22497"/>
</LocList>
<StmntSeq Intrnl_Id="514">
<LocList>
<Loc EndOffset="22511" SrcFileId="4" StartOffset="22504"/>
</LocList>
<BasicStmnt CovItemId="S302" CovItemPrefix="devops.hw1.core.Tests.java" Intrnl_Id="515">
<LocList>
<Loc EndOffset="22511" SrcFileId="4" StartOffset="22504"/>
</LocList>
</BasicStmnt>
</StmntSeq>
</Branch>
<Keyword EndOffset="22345" SrcFileId="4" StartOffset="22343"/>
<LocList>
<Loc EndOffset="22517" SrcFileId="4" StartOffset="22343"/>
</LocList>
<RootTerm CovItemId="C4" CovItemPrefix="devops.hw1.core.Tests.java" Intrnl_Id="516">
<BasicBoolTerm Intrnl_Id="517">
<LocList>
<Loc EndOffset="22379" SrcFileId="4" StartOffset="22347"/>
</LocList>
</BasicBoolTerm>
</RootTerm>
</CondStmnt>
</StmntSeq>
</Branch>
<Keyword EndOffset="22188" SrcFileId="4" StartOffset="22186"/>
<LocList>
<Loc EndOffset="22517" SrcFileId="4" StartOffset="22186"/>
</LocList>
<RootTerm CovItemId="C3" CovItemPrefix="devops.hw1.core.Tests.java" Intrnl_Id="518">
<BasicBoolTerm Intrnl_Id="519">
<LocList>
<Loc EndOffset="22225" SrcFileId="4" StartOffset="22190"/>
</LocList>
</BasicBoolTerm>
</RootTerm>
</CondStmnt>
<BasicStmnt CovItemId="S303" CovItemPrefix="devops.hw1.core.Tests.java" Intrnl_Id="520">
<LocList>
<Loc EndOffset="22564" SrcFileId="4" StartOffset="22522"/>
</LocList>
</BasicStmnt>
</StmntSeq>
<Keyword EndOffset="22033" SrcFileId="4" StartOffset="22030"/>
<LocList>
<Loc EndOffset="22569" SrcFileId="4" StartOffset="22030"/>
</LocList>
<RootTerm CovItemId="C2" CovItemPrefix="devops.hw1.core.Tests.java" Intrnl_Id="521">
<BasicBoolTerm Intrnl_Id="522">
<LocList>
<Loc EndOffset="22051" SrcFileId="4" StartOffset="22046"/>
</LocList>
</BasicBoolTerm>
</RootTerm>
</LoopStmnt>
</StmntSeq>
</HierarchyLvl>
<HierarchyLvl HierarchyLvlId="168" HierarchyLvlTypeId="6" Intrnl_Id="523" Name="testDrawingCardsWithZeroCardsInDeck">
<Header>
<Loc EndOffset="22872" SrcFileId="4" StartOffset="22815"/>
</Header>
<LocList>
<Loc EndOffset="23349" SrcFileId="4" StartOffset="22815"/>
</LocList>
<StmntSeq Intrnl_Id="524">
<LocList>
<Loc EndOffset="22914" SrcFileId="4" StartOffset="22878"/>
<Loc EndOffset="22937" SrcFileId="4" StartOffset="22918"/>
<Loc EndOffset="22980" SrcFileId="4" StartOffset="22941"/>
<Loc EndOffset="23023" SrcFileId="4" StartOffset="22984"/>
<Loc EndOffset="23107" SrcFileId="4" StartOffset="23027"/>
<Loc EndOffset="23152" SrcFileId="4" StartOffset="23111"/>
<Loc EndOffset="23194" SrcFileId="4" StartOffset="23156"/>
<Loc EndOffset="23216" SrcFileId="4" StartOffset="23198"/>
<Loc EndOffset="23261" SrcFileId="4" StartOffset="23220"/>
<Loc EndOffset="23303" SrcFileId="4" StartOffset="23265"/>
<Loc EndOffset="23345" SrcFileId="4" StartOffset="23307"/>
</LocList>
<BasicStmnt CovItemId="S304" CovItemPrefix="devops.hw1.core.Tests.java" Intrnl_Id="525">
<LocList>
<Loc EndOffset="22914" SrcFileId="4" StartOffset="22878"/>
</LocList>
</BasicStmnt>
<BasicStmnt CovItemId="S305" CovItemPrefix="devops.hw1.core.Tests.java" Intrnl_Id="526">
<LocList>
<Loc EndOffset="22937" SrcFileId="4" StartOffset="22918"/>
</LocList>
</BasicStmnt>
<BasicStmnt CovItemId="S306" CovItemPrefix="devops.hw1.core.Tests.java" Intrnl_Id="527">
<LocList>
<Loc EndOffset="22980" SrcFileId="4" StartOffset="22941"/>
</LocList>
</BasicStmnt>
<BasicStmnt CovItemId="S307" CovItemPrefix="devops.hw1.core.Tests.java" Intrnl_Id="528">
<LocList>
<Loc EndOffset="23023" SrcFileId="4" StartOffset="22984"/>
</LocList>
</BasicStmnt>
<LoopStmnt CovItemId="S308" CovItemPrefix="devops.hw1.core.Tests.java" Intrnl_Id="529" MltplExecId="L3-2" MltplExecPrefix="devops.hw1.core.Tests.java" NvrExecId="L3-0" NvrExecPrefix="devops.hw1.core.Tests.java" OnceExecutedId="L3-1" OnceExecutedPrefix="devops.hw1.core.Tests.java" OptBodyExec="true">
<StmntSeq Intrnl_Id="530">
<LocList>
<Loc EndOffset="23102" SrcFileId="4" StartOffset="23061"/>
</LocList>
<BasicStmnt CovItemId="S309" CovItemPrefix="devops.hw1.core.Tests.java" Intrnl_Id="531">
<LocList>
<Loc EndOffset="23102" SrcFileId="4" StartOffset="23061"/>
</LocList>
</BasicStmnt>
</StmntSeq>
<Keyword EndOffset="23030" SrcFileId="4" StartOffset="23027"/>
<LocList>
<Loc EndOffset="23107" SrcFileId="4" StartOffset="23027"/>
</LocList>
<RootTerm CovItemId="C5" CovItemPrefix="devops.hw1.core.Tests.java" Intrnl_Id="532">
<BasicBoolTerm Intrnl_Id="533">
<LocList>
<Loc EndOffset="23048" SrcFileId="4" StartOffset="23043"/>
</LocList>
</BasicBoolTerm>
</RootTerm>
</LoopStmnt>
<BasicStmnt CovItemId="S310" CovItemPrefix="devops.hw1.core.Tests.java" Intrnl_Id="534">
<LocList>
<Loc EndOffset="23152" SrcFileId="4" StartOffset="23111"/>
</LocList>
</BasicStmnt>
<BasicStmnt CovItemId="S311" CovItemPrefix="devops.hw1.core.Tests.java" Intrnl_Id="535">
<LocList>
<Loc EndOffset="23194" SrcFileId="4" StartOffset="23156"/>
</LocList>
</BasicStmnt>
<BasicStmnt CovItemId="S312" CovItemPrefix="devops.hw1.core.Tests.java" Intrnl_Id="536">
<LocList>
<Loc EndOffset="23216" SrcFileId="4" StartOffset="23198"/>
</LocList>
</BasicStmnt>
<BasicStmnt CovItemId="S313" CovItemPrefix="devops.hw1.core.Tests.java" Intrnl_Id="537">
<LocList>
<Loc EndOffset="23261" SrcFileId="4" StartOffset="23220"/>
</LocList>
</BasicStmnt>
<BasicStmnt CovItemId="S314" CovItemPrefix="devops.hw1.core.Tests.java" Intrnl_Id="538">
<LocList>
<Loc EndOffset="23303" SrcFileId="4" StartOffset="23265"/>
</LocList>
</BasicStmnt>
<BasicStmnt CovItemId="S315" CovItemPrefix="devops.hw1.core.Tests.java" Intrnl_Id="539">
<LocList>
<Loc EndOffset="23345" SrcFileId="4" StartOffset="23307"/>
</LocList>
</BasicStmnt>
</StmntSeq>
</HierarchyLvl>
<HierarchyLvl HierarchyLvlId="169" HierarchyLvlTypeId="6" Intrnl_Id="540" Name="testGetCen">
<Header>
<Loc EndOffset="23480" SrcFileId="4" StartOffset="23448"/>
</Header>
<LocList>
<Loc EndOffset="23561" SrcFileId="4" StartOffset="23448"/>
</LocList>
<StmntSeq Intrnl_Id="541">
<LocList>
<Loc EndOffset="23512" SrcFileId="4" StartOffset="23486"/>
<Loc EndOffset="23557" SrcFileId="4" StartOffset="23516"/>
</LocList>
<BasicStmnt CovItemId="S316" CovItemPrefix="devops.hw1.core.Tests.java" Intrnl_Id="542">
<LocList>
<Loc EndOffset="23512" SrcFileId="4" StartOffset="23486"/>
</LocList>
</BasicStmnt>
<BasicStmnt CovItemId="S317" CovItemPrefix="devops.hw1.core.Tests.java" Intrnl_Id="543">
<LocList>
<Loc EndOffset="23557" SrcFileId="4" StartOffset="23516"/>
</LocList>
</BasicStmnt>
</StmntSeq>
</HierarchyLvl>
<HierarchyLvl HierarchyLvlId="170" HierarchyLvlTypeId="6" Intrnl_Id="544" Name="testMonster">
<Header>
<Loc EndOffset="23640" SrcFileId="4" StartOffset="23607"/>
</Header>
<LocList>
<Loc EndOffset="23846" SrcFileId="4" StartOffset="23607"/>
</LocList>
<StmntSeq Intrnl_Id="545">
<LocList>
<Loc EndOffset="23707" SrcFileId="4" StartOffset="23645"/>
<Loc EndOffset="23730" SrcFileId="4" StartOffset="23711"/>
<Loc EndOffset="23804" SrcFileId="4" StartOffset="23734"/>
<Loc EndOffset="23841" SrcFileId="4" StartOffset="23808"/>
</LocList>
<BasicStmnt CovItemId="S318" CovItemPrefix="devops.hw1.core.Tests.java" Intrnl_Id="546">
<LocList>
<Loc EndOffset="23707" SrcFileId="4" StartOffset="23645"/>
</LocList>
</BasicStmnt>
<BasicStmnt CovItemId="S319" CovItemPrefix="devops.hw1.core.Tests.java" Intrnl_Id="547">
<LocList>
<Loc EndOffset="23730" SrcFileId="4" StartOffset="23711"/>
</LocList>
</BasicStmnt>
<BasicStmnt CovItemId="S320" CovItemPrefix="devops.hw1.core.Tests.java" Intrnl_Id="548">
<LocList>
<Loc EndOffset="23804" SrcFileId="4" StartOffset="23734"/>
</LocList>
</BasicStmnt>
<BasicStmnt CovItemId="S321" CovItemPrefix="devops.hw1.core.Tests.java" Intrnl_Id="549">
<LocList>
<Loc EndOffset="23841" SrcFileId="4" StartOffset="23808"/>
</LocList>
</BasicStmnt>
</StmntSeq>
</HierarchyLvl>
<HierarchyLvl HierarchyLvlId="171" HierarchyLvlTypeId="6" Intrnl_Id="550" Name="testSendToVoid">
<Header>
<Loc EndOffset="23963" SrcFileId="4" StartOffset="23927"/>
</Header>
<LocList>
<Loc EndOffset="24131" SrcFileId="4" StartOffset="23927"/>
</LocList>
<StmntSeq Intrnl_Id="551">
<LocList>
<Loc EndOffset="23990" SrcFileId="4" StartOffset="23968"/>
<Loc EndOffset="24024" SrcFileId="4" StartOffset="23994"/>
<Loc EndOffset="24062" SrcFileId="4" StartOffset="24028"/>
<Loc EndOffset="24085" SrcFileId="4" StartOffset="24066"/>
<Loc EndOffset="24123" SrcFileId="4" StartOffset="24089"/>
</LocList>
<BasicStmnt CovItemId="S322" CovItemPrefix="devops.hw1.core.Tests.java" Intrnl_Id="552">
<LocList>
<Loc EndOffset="23990" SrcFileId="4" StartOffset="23968"/>
</LocList>
</BasicStmnt>
<BasicStmnt CovItemId="S323" CovItemPrefix="devops.hw1.core.Tests.java" Intrnl_Id="553">
<LocList>
<Loc EndOffset="24024" SrcFileId="4" StartOffset="23994"/>
</LocList>
</BasicStmnt>
<BasicStmnt CovItemId="S324" CovItemPrefix="devops.hw1.core.Tests.java" Intrnl_Id="554">
<LocList>
<Loc EndOffset="24062" SrcFileId="4" StartOffset="24028"/>
</LocList>
</BasicStmnt>
<BasicStmnt CovItemId="S325" CovItemPrefix="devops.hw1.core.Tests.java" Intrnl_Id="555">
<LocList>
<Loc EndOffset="24085" SrcFileId="4" StartOffset="24066"/>
</LocList>
</BasicStmnt>
<BasicStmnt CovItemId="S326" CovItemPrefix="devops.hw1.core.Tests.java" Intrnl_Id="556">
<LocList>
<Loc EndOffset="24123" SrcFileId="4" StartOffset="24089"/>
</LocList>
</BasicStmnt>
</StmntSeq>
</HierarchyLvl>
<HierarchyLvl HierarchyLvlId="172" HierarchyLvlTypeId="6" Intrnl_Id="557" Name="testAttackCard">
<Header>
<Loc EndOffset="24264" SrcFileId="4" StartOffset="24198"/>
</Header>
<LocList>
<Loc EndOffset="24638" SrcFileId="4" StartOffset="24198"/>
</LocList>
<StmntSeq Intrnl_Id="558">
<LocList>
<Loc EndOffset="24300" SrcFileId="4" StartOffset="24269"/>
<Loc EndOffset="24353" SrcFileId="4" StartOffset="24304"/>
<Loc EndOffset="24405" SrcFileId="4" StartOffset="24357"/>
<Loc EndOffset="24462" SrcFileId="4" StartOffset="24409"/>
<Loc EndOffset="24497" SrcFileId="4" StartOffset="24466"/>
<Loc EndOffset="24538" SrcFileId="4" StartOffset="24501"/>
<Loc EndOffset="24556" SrcFileId="4" StartOffset="24542"/>
<Loc EndOffset="24594" SrcFileId="4" StartOffset="24560"/>
<Loc EndOffset="24634" SrcFileId="4" StartOffset="24598"/>
</LocList>
<BasicStmnt CovItemId="S327" CovItemPrefix="devops.hw1.core.Tests.java" Intrnl_Id="559">
<LocList>
<Loc EndOffset="24300" SrcFileId="4" StartOffset="24269"/>
</LocList>
</BasicStmnt>
<BasicStmnt CovItemId="S328" CovItemPrefix="devops.hw1.core.Tests.java" Intrnl_Id="560">
<LocList>
<Loc EndOffset="24353" SrcFileId="4" StartOffset="24304"/>
</LocList>
</BasicStmnt>
<BasicStmnt CovItemId="S329" CovItemPrefix="devops.hw1.core.Tests.java" Intrnl_Id="561">
<LocList>
<Loc EndOffset="24405" SrcFileId="4" StartOffset="24357"/>
</LocList>
</BasicStmnt>
<BasicStmnt CovItemId="S330" CovItemPrefix="devops.hw1.core.Tests.java" Intrnl_Id="562">
<LocList>
<Loc EndOffset="24462" SrcFileId="4" StartOffset="24409"/>
</LocList>
</BasicStmnt>
<BasicStmnt CovItemId="S331" CovItemPrefix="devops.hw1.core.Tests.java" Intrnl_Id="563">
<LocList>
<Loc EndOffset="24497" SrcFileId="4" StartOffset="24466"/>
</LocList>
</BasicStmnt>
<BasicStmnt CovItemId="S332" CovItemPrefix="devops.hw1.core.Tests.java" Intrnl_Id="564">
<LocList>
<Loc EndOffset="24538" SrcFileId="4" StartOffset="24501"/>
</LocList>
</BasicStmnt>
<BasicStmnt CovItemId="S333" CovItemPrefix="devops.hw1.core.Tests.java" Intrnl_Id="565">
<LocList>
<Loc EndOffset="24556" SrcFileId="4" StartOffset="24542"/>
</LocList>
</BasicStmnt>
<BasicStmnt CovItemId="S334" CovItemPrefix="devops.hw1.core.Tests.java" Intrnl_Id="566">
<LocList>
<Loc EndOffset="24594" SrcFileId="4" StartOffset="24560"/>
</LocList>
</BasicStmnt>
<BasicStmnt CovItemId="S335" CovItemPrefix="devops.hw1.core.Tests.java" Intrnl_Id="567">
<LocList>
<Loc EndOffset="24634" SrcFileId="4" StartOffset="24598"/>
</LocList>
</BasicStmnt>
</StmntSeq>
</HierarchyLvl>
<HierarchyLvl HierarchyLvlId="173" HierarchyLvlTypeId="6" Intrnl_Id="568" Name="testEndTurnWithEmptyHand">
<Header>
<Loc EndOffset="24755" SrcFileId="4" StartOffset="24709"/>
</Header>
<LocList>
<Loc EndOffset="24953" SrcFileId="4" StartOffset="24709"/>
</LocList>
<StmntSeq Intrnl_Id="569">
<LocList>
<Loc EndOffset="24791" SrcFileId="4" StartOffset="24760"/>
<Loc EndOffset="24807" SrcFileId="4" StartOffset="24795"/>
<Loc EndOffset="24841" SrcFileId="4" StartOffset="24811"/>
<Loc EndOffset="24875" SrcFileId="4" StartOffset="24845"/>
<Loc EndOffset="24909" SrcFileId="4" StartOffset="24879"/>
<Loc EndOffset="24946" SrcFileId="4" StartOffset="24913"/>
</LocList>
<BasicStmnt CovItemId="S336" CovItemPrefix="devops.hw1.core.Tests.java" Intrnl_Id="570">
<LocList>
<Loc EndOffset="24791" SrcFileId="4" StartOffset="24760"/>
</LocList>
</BasicStmnt>
<BasicStmnt CovItemId="S337" CovItemPrefix="devops.hw1.core.Tests.java" Intrnl_Id="571">
<LocList>
<Loc EndOffset="24807" SrcFileId="4" StartOffset="24795"/>
</LocList>
</BasicStmnt>
<BasicStmnt CovItemId="S338" CovItemPrefix="devops.hw1.core.Tests.java" Intrnl_Id="572">
<LocList>
<Loc EndOffset="24841" SrcFileId="4" StartOffset="24811"/>
</LocList>
</BasicStmnt>
<BasicStmnt CovItemId="S339" CovItemPrefix="devops.hw1.core.Tests.java" Intrnl_Id="573">
<LocList>
<Loc EndOffset="24875" SrcFileId="4" StartOffset="24845"/>
</LocList>
</BasicStmnt>
<BasicStmnt CovItemId="S340" CovItemPrefix="devops.hw1.core.Tests.java" Intrnl_Id="574">
<LocList>
<Loc EndOffset="24909" SrcFileId="4" StartOffset="24879"/>
</LocList>
</BasicStmnt>
<BasicStmnt CovItemId="S341" CovItemPrefix="devops.hw1.core.Tests.java" Intrnl_Id="575">
<LocList>
<Loc EndOffset="24946" SrcFileId="4" StartOffset="24913"/>
</LocList>
</BasicStmnt>
</StmntSeq>
</HierarchyLvl>
</HierarchyLvl>
</HierarchyLvl>
</HierarchyLvl>
</HierarchyLvl>
</HierarchyLvl>
</MASTRoot>
</TestSessionContainer>
