<?xml version="1.0" encoding="UTF-8"?><TestSessionContainer xmlns="http://www.codecover.org/xml/testsession-container" Date="1461726981187" TestSessionContainerId="525de462-b526-4a07-b032-e59874f640dd" version="1.0">
<SrcFileList>
<SrcFile Content="/**&#13;&#10; * &#13;&#10; */&#13;&#10;package devops.hw1.core;&#13;&#10;&#13;&#10;import java.awt.image.BufferedImage;&#13;&#10;import java.util.HashMap;&#13;&#10;&#13;&#10;/**&#13;&#10; * @author fenogljc&#13;&#10; * &#13;&#10; */&#13;&#10;public abstract class ACard {&#13;&#10;&#13;&#10;&#9;protected int cost;&#13;&#10;&#9;protected HashMap&lt;String, Integer&gt; effects = new HashMap&lt;String, Integer&gt;();&#13;&#10;&#9;protected String faction;&#13;&#10;&#9;protected String name;&#13;&#10;&#9;protected int honor;&#13;&#10;&#9;protected int rarity;&#13;&#10;&#9;protected BufferedImage image;&#13;&#10;&#9;&#13;&#10;&#9;/**&#13;&#10;&#9; * This returns a card with zero cost and no other special attributes.&#13;&#10;&#9; * @return&#13;&#10;&#9; */&#13;&#10;&#13;&#10;&#9;public static ACard makeCard() {&#13;&#10;&#9;&#9;return new HeroCard();&#13;&#10;&#9;}&#13;&#10;&#13;&#10;&#9;/**&#13;&#10;&#9; * This returns a card with cost equal to the input with no other special attributes.&#13;&#10;&#9; * @param i&#13;&#10;&#9; * @return&#13;&#10;&#9; */&#13;&#10;&#9;&#13;&#10;&#9;public static ACard makeCard(int i) {&#13;&#10;&#9;&#9;return new HeroCard(i);&#13;&#10;&#9;}&#13;&#10;&#9;&#13;&#10;&#9;/**&#13;&#10;&#9; * This returns a card with the given information.&#13;&#10;&#9; * @param image&#13;&#10;&#9; * @param name&#13;&#10;&#9; * @param faction&#13;&#10;&#9; * @param type&#13;&#10;&#9; * @param cost&#13;&#10;&#9; * @param honor&#13;&#10;&#9; * @param rarity&#13;&#10;&#9; * @param effects&#13;&#10;&#9; * @return&#13;&#10;&#9; */&#13;&#10;&#13;&#10;&#9;public static ACard makeCard(BufferedImage image, String name, String faction,&#13;&#10;&#9;&#9;&#9;String type, int cost, int honor, int rarity,&#13;&#10;&#9;&#9;&#9;HashMap&lt;String, Integer&gt; effects) {&#13;&#10;&#9;&#9;&#13;&#10;&#9;&#9;// TODO: Make this not only be able to return hero cards&#13;&#10;&#9;&#9;&#13;&#10;&#9;&#9;&#9;return new HeroCard(image, name, faction, cost, honor, rarity, effects);&#13;&#10;&#9;}&#13;&#10;&#13;&#10;&#9;/**&#13;&#10;&#9; * @return the faction&#13;&#10;&#9; */&#13;&#10;&#9;public String getFaction() {&#13;&#10;&#9;&#9;return faction;&#13;&#10;&#9;}&#13;&#10;&#13;&#10;&#9;/**&#13;&#10;&#9; * @param faction&#13;&#10;&#9; *            the faction to set&#13;&#10;&#9; */&#13;&#10;&#9;public void setFaction(String faction) {&#13;&#10;&#9;&#9;this.faction = faction;&#13;&#10;&#9;}&#13;&#10;&#13;&#10;&#9;/**&#13;&#10;&#9; * @return the name&#13;&#10;&#9; */&#13;&#10;&#9;public String getName() {&#13;&#10;&#9;&#9;return name;&#13;&#10;&#9;}&#13;&#10;&#13;&#10;&#9;/**&#13;&#10;&#9; * @param name&#13;&#10;&#9; *            the name to set&#13;&#10;&#9; */&#13;&#10;&#9;public void setName(String name) {&#13;&#10;&#9;&#9;this.name = name;&#13;&#10;&#9;}&#13;&#10;&#13;&#10;&#9;/**&#13;&#10;&#9; * @return the honor&#13;&#10;&#9; */&#13;&#10;&#9;public int getHonor() {&#13;&#10;&#9;&#9;return honor;&#13;&#10;&#9;}&#13;&#10;&#13;&#10;&#9;/**&#13;&#10;&#9; * @param honor&#13;&#10;&#9; *            the honor to set&#13;&#10;&#9; */&#13;&#10;&#9;public void setHonor(int honor) {&#13;&#10;&#9;&#9;this.honor = honor;&#13;&#10;&#9;}&#13;&#10;&#13;&#10;&#9;/**&#13;&#10;&#9; * @return the rarity&#13;&#10;&#9; */&#13;&#10;&#9;public int getRarity() {&#13;&#10;&#9;&#9;return rarity;&#13;&#10;&#9;}&#13;&#10;&#13;&#10;&#9;/**&#13;&#10;&#9; * @param rarity&#13;&#10;&#9; *            the rarity to set&#13;&#10;&#9; */&#13;&#10;&#9;public void setRarity(int rarity) {&#13;&#10;&#9;&#9;this.rarity = rarity;&#13;&#10;&#9;}&#13;&#10;&#13;&#10;&#9;/**&#13;&#10;&#9; * @return the image&#13;&#10;&#9; */&#13;&#10;&#9;public BufferedImage getImage() {&#13;&#10;&#9;&#9;return image;&#13;&#10;&#9;}&#13;&#10;&#13;&#10;&#9;/**&#13;&#10;&#9; * @param image&#13;&#10;&#9; *            the image to set&#13;&#10;&#9; */&#13;&#10;&#9;public void setImage(BufferedImage image) {&#13;&#10;&#9;&#9;this.image = image;&#13;&#10;&#9;}&#13;&#10;&#13;&#10;&#9;/**&#13;&#10;&#9; * @param effects&#13;&#10;&#9; *            the effects to set&#13;&#10;&#9; */&#13;&#10;&#9;public void setEffects(HashMap&lt;String, Integer&gt; effects) {&#13;&#10;&#9;&#9;this.effects = effects;&#13;&#10;&#9;}&#13;&#10;&#13;&#10;&#9;/**&#13;&#10;&#9; * Returns that cost of the card.&#13;&#10;&#9; * &#13;&#10;&#9; * @return&#13;&#10;&#9; */&#13;&#10;&#9;public int getCost() {&#13;&#10;&#9;&#9;return this.cost;&#13;&#10;&#9;}&#13;&#10;&#13;&#10;&#9;/**&#13;&#10;&#9; * Sets the cost of the card.&#13;&#10;&#9; * &#13;&#10;&#9; * @return&#13;&#10;&#9; */&#13;&#10;&#9;public void setCost(int i) {&#13;&#10;&#9;&#9;this.cost = i;&#13;&#10;&#9;}&#13;&#10;&#13;&#10;&#9;/**&#13;&#10;&#9; * Returns the hashmap of effects the card has.&#13;&#10;&#9; * @return&#13;&#10;&#9; */&#13;&#10;&#9;public HashMap&lt;String, Integer&gt; getEffects() {&#13;&#10;&#9;&#9;return this.effects;&#13;&#10;&#9;}&#13;&#10;&#13;&#10;&#9;/**&#13;&#10;&#9; * Puts an effect string and integer value pair into the hashmap of effects for the card.&#13;&#10;&#9; * @param effect&#13;&#10;&#9; * @param value&#13;&#10;&#9; */&#13;&#10;&#9;public void setEffect(String effect, int value) {&#13;&#10;&#9;&#9;if (effect == null) {&#13;&#10;&#9;&#9;&#9;return;&#13;&#10;&#9;&#9;}&#13;&#10;&#9;&#9;this.effects.put(effect, value);&#13;&#10;&#9;}&#13;&#10;&#9;&#13;&#10;&#9;&#13;&#10;&#9;public int getStrength(){&#13;&#10;&#9;&#9;return this.cost;&#13;&#10;&#9;}&#13;&#10;&#9;&#13;&#10;}&#13;&#10;" Filename="ACard.java" Intrnl_Id="1"/>
<SrcFile Content="package devops.hw1.core;&#13;&#10;&#13;&#10;public abstract class AbstractData&lt;T&gt; implements IData&lt;T&gt; {&#13;&#10;&#9;private long id;&#13;&#10;&#9;private T value;&#13;&#10;&#9;&#13;&#10;&#9;public AbstractData(long id, T value) {&#13;&#10;&#9;&#9;this.id = id;&#13;&#10;&#9;&#9;this.value = value;&#13;&#10;&#9;}&#13;&#10;&#13;&#10;&#9;public long getId() {&#13;&#10;&#9;&#9;return this.id;&#13;&#10;&#9;}&#13;&#10;&#13;&#10;&#9;public T getValue() {&#13;&#10;&#9;&#9;return this.value;&#13;&#10;&#9;}&#13;&#10;&#13;&#10;&#9;@Override&#13;&#10;&#9;public int hashCode() {&#13;&#10;&#9;&#9;final int prime = 31;&#13;&#10;&#9;&#9;int result = 1;&#13;&#10;&#9;&#9;result = prime * result + (int) (id ^ (id &gt;&gt;&gt; 32));&#13;&#10;&#9;&#9;result = prime * result + ((value == null) ? 0 : value.hashCode());&#13;&#10;&#9;&#9;return result;&#13;&#10;&#9;}&#13;&#10;&#13;&#10;&#9;@Override&#13;&#10;&#9;public boolean equals(Object obj) {&#13;&#10;&#9;&#9;if (this == obj)&#13;&#10;&#9;&#9;&#9;return true;&#13;&#10;&#9;&#9;if (obj == null)&#13;&#10;&#9;&#9;&#9;return false;&#13;&#10;&#9;&#9;if (getClass() != obj.getClass())&#13;&#10;&#9;&#9;&#9;return false;&#13;&#10;&#13;&#10;&#9;&#9;@SuppressWarnings(&quot;unchecked&quot;)&#13;&#10;&#9;&#9;AbstractData&lt;T&gt; other = (AbstractData&lt;T&gt;) obj;&#13;&#10;&#9;&#9;if (id != other.id)&#13;&#10;&#9;&#9;&#9;return false;&#13;&#10;&#9;&#9;if (value == null) {&#13;&#10;&#9;&#9;&#9;if (other.value != null)&#13;&#10;&#9;&#9;&#9;&#9;return false;&#13;&#10;&#9;&#9;} else if (!value.equals(other.value))&#13;&#10;&#9;&#9;&#9;return false;&#13;&#10;&#9;&#9;return true;&#13;&#10;&#9;}&#9;&#13;&#10;&#9;&#13;&#10;&#9;public abstract int compareTo(IData&lt;T&gt; o);&#13;&#10;}&#13;&#10;" Filename="AbstractData.java" Intrnl_Id="2"/>
<SrcFile Content="/**&#13;&#10; * &#13;&#10; */&#13;&#10;package devops.hw1.core;&#13;&#10;&#13;&#10;import java.io.IOException;&#13;&#10;import java.util.ArrayList;&#13;&#10;import java.util.Collections;&#13;&#10;import java.util.LinkedList;&#13;&#10;&#13;&#10;/**&#13;&#10; * @author fenogljc&#13;&#10; * @author gneezyn&#13;&#10; * @author heshelhj&#13;&#10; * @author bishopcc&#13;&#10; */&#13;&#10;public class Board {&#13;&#10;&#13;&#10;&#9;private ArrayList&lt;ACard&gt; theVoid;&#13;&#10;&#9;private LinkedList&lt;ACard&gt; cenDeck;&#13;&#10;&#9;private ACard[] cenField;&#13;&#10;&#9;private ACard cultist;&#13;&#10;&#9;private ACard heavyInf;&#13;&#10;&#9;private ACard mystic;&#13;&#10;&#13;&#10;&#9;/**&#13;&#10;&#9; * The default constructor for the Board Class.&#13;&#10;&#9; * &#13;&#10;&#9; */&#13;&#10;&#9;public Board() {&#13;&#10;&#9;&#9;try {&#13;&#10;&#9;&#9;&#9;new CardCollection();&#13;&#10;&#9;&#9;} catch (IOException exception) {&#13;&#10;&#9;&#9;&#9;System.out.println(&quot;File not found&quot;);&#13;&#10;&#9;&#9;}&#13;&#10;&#9;&#9;this.theVoid = new ArrayList&lt;ACard&gt;();&#13;&#10;&#9;&#9;this.cenDeck = new LinkedList&lt;ACard&gt;();&#13;&#10;&#9;&#9;this.cenField = new ACard[6];&#13;&#10;&#9;&#9;&#13;&#10;&#9;&#9;initializeCenterDeck();&#13;&#10;&#9;&#9;&#13;&#10;&#9;&#9;this.cultist = ACard.makeCard();&#13;&#10;&#9;&#9;this.heavyInf = ACard.makeCard();&#13;&#10;&#9;&#9;this.mystic = ACard.makeCard();&#13;&#10;&#9;}&#13;&#10;&#9;&#13;&#10;&#9;/**&#13;&#10;&#9; * This method fills the deck with the necessary cards and fills the center row with the top cards of the deck.&#13;&#10;&#9; */&#13;&#10;&#9;&#13;&#10;&#9;private void initializeCenterDeck() {&#13;&#10;&#9;&#9;for (int i = 0; i &lt; CardCollection.cards.length; i++) {&#13;&#10;&#9;&#9;&#9;for (int j = 0; j &lt; CardCollection.cards[i].rarity; j++) {&#13;&#10;&#9;&#9;&#9;&#9;this.cenDeck.add(CardCollection.cards[i]);&#13;&#10;&#9;&#9;&#9;}&#13;&#10;&#9;&#9;}&#13;&#10;&#9;&#9;Collections.shuffle(this.cenDeck);&#13;&#10;&#9;&#9;for (int m = 0; m &lt; 6; m++) {&#13;&#10;&#9;&#9;&#9;centerDeckToField(m);&#13;&#10;&#9;&#9;}&#13;&#10;&#9;}&#13;&#10;&#13;&#10;&#9;/**&#13;&#10;&#9; * @return the Void field (where banished cards and defeated Monsters go)&#13;&#10;&#9; */&#13;&#10;&#9;public ArrayList&lt;ACard&gt; getVoid() {&#13;&#10;&#9;&#9;return this.theVoid;&#13;&#10;&#9;}&#13;&#10;&#13;&#10;&#9;/**&#13;&#10;&#9; * &#13;&#10;&#9; * Adds the passed card to the void&#13;&#10;&#9; *&#13;&#10;&#9; * @param card to be added to the void pile&#13;&#10;&#9; */&#13;&#10;&#9;public void sendToVoid(ACard card){&#13;&#10;&#9;&#9;if(card == null){&#13;&#10;&#9;&#9;&#9;return;&#13;&#10;&#9;&#9;}&#13;&#10;&#9;&#9;this.theVoid.add(card);&#13;&#10;&#9;}&#13;&#10;&#9;&#13;&#10;&#9;/**&#13;&#10;&#9; * @return the Center Deck &#13;&#10;&#9; */&#13;&#10;&#9;public LinkedList&lt;ACard&gt; getCenDeck() {&#13;&#10;&#9;&#9;return this.cenDeck;&#13;&#10;&#9;}&#13;&#10;&#13;&#10;&#9;/**&#13;&#10;&#9; * @return the Cultist (Standard) Card&#13;&#10;&#9; */&#13;&#10;&#9;public ACard getCultist() {&#13;&#10;&#9;&#9;return this.cultist;&#13;&#10;&#9;}&#13;&#10;&#13;&#10;&#9;/**&#13;&#10;&#9; * @return the Heavy Infantry (Standard) Card&#13;&#10;&#9; */&#13;&#10;&#9;public ACard getHeavyInf() {&#13;&#10;&#9;&#9;return this.heavyInf;&#13;&#10;&#9;}&#13;&#10;&#13;&#10;&#9;/**&#13;&#10;&#9; * @return the Mystic (Standard) Card&#13;&#10;&#9; */&#13;&#10;&#9;public ACard getMystic() {&#13;&#10;&#9;&#9;return this.mystic;&#13;&#10;&#9;}&#13;&#10;&#13;&#10;&#9;/**&#13;&#10;&#9; * Moves the card from the Center Deck to the Center Field&#13;&#10;&#9; * @param cenCard the card to move&#13;&#10;&#9; * @param index the index on the Center Field that the card is moving to (base zero)&#13;&#10;&#9; */&#13;&#10;&#9;public void centerDeckToField(int index) {&#13;&#10;&#9;&#9;ACard card = this.cenDeck.remove();&#13;&#10;&#9;&#9;this.cenField[index] = card;&#13;&#10;&#9;}&#13;&#10;&#9;/**&#13;&#10;&#9; * &#13;&#10;&#9; * gets the center row&#13;&#10;&#9; *&#13;&#10;&#9; * @return the center cards &#13;&#10;&#9; */&#13;&#10;&#9;public ACard[] getCenField() {&#13;&#10;&#9;&#9;return this.cenField;&#13;&#10;&#9;}&#13;&#10;}&#13;&#10;" Filename="Board.java" Intrnl_Id="3"/>
<SrcFile Content="package devops.hw1.core;&#13;&#10;&#13;&#10;import java.awt.image.BufferedImage;&#13;&#10;import java.io.File;&#13;&#10;import java.io.IOException;&#13;&#10;import java.util.HashMap;&#13;&#10;&#13;&#10;import javax.imageio.ImageIO;&#13;&#10;/**&#13;&#10; * &#13;&#10; * Creates the cards and attaches their images to that card&#13;&#10; *&#13;&#10; * @author heshelhj.&#13;&#10; *         Created Apr 22, 2016.&#13;&#10; */&#13;&#10;public class CardCollection {&#13;&#10;&#9;&#13;&#10;&#9;public static ACard apprentice;&#13;&#10;&#9;public static ACard militia;&#13;&#10;&#9;public static ACard arhaInitiate;&#13;&#10;&#9;public static ACard demonSlayer; &#13;&#10;&#9;public static ACard wolfShaman; &#13;&#10;&#9;public static ACard flyTrapWitch; &#13;&#10;&#9;public static ACard asceticOfTheLidlessEye;&#13;&#10;&#9;public static ACard emriOneWithTheVoid;&#13;&#10;&#9;public static ACard[] cards;&#13;&#10;&#9;&#13;&#10;&#9;public static final String RUNES = &quot;runes&quot;;&#13;&#10;&#9;public static final String POWER = &quot;power&quot;;&#13;&#10;&#9;public static final String DRAW = &quot;draw&quot;;&#13;&#10;&#9;public static final String HONOR = &quot;honor&quot;;&#13;&#10;&#9;&#13;&#10;&#9;public CardCollection() throws IOException{&#13;&#10;&#9;&#9;HashMap&lt;String,Integer&gt; map = new HashMap&lt;String, Integer&gt;();&#13;&#10;&#9;&#9;HashMap&lt;String,Integer&gt; map1 = new HashMap&lt;String, Integer&gt;();&#13;&#10;&#9;&#9;HashMap&lt;String,Integer&gt; map2 = new HashMap&lt;String, Integer&gt;();&#13;&#10;&#9;&#9;HashMap&lt;String,Integer&gt; map3 = new HashMap&lt;String, Integer&gt;();&#13;&#10;&#9;&#9;HashMap&lt;String,Integer&gt; map4 = new HashMap&lt;String, Integer&gt;();&#13;&#10;&#9;&#9;HashMap&lt;String,Integer&gt; map5 = new HashMap&lt;String, Integer&gt;();&#13;&#10;&#9;&#9;HashMap&lt;String,Integer&gt; map6 = new HashMap&lt;String, Integer&gt;();&#13;&#10;&#9;&#9;HashMap&lt;String,Integer&gt; map7 = new HashMap&lt;String, Integer&gt;();&#13;&#10;&#9;&#9;HashMap&lt;String,Integer&gt; map8 = new HashMap&lt;String, Integer&gt;();&#13;&#10;&#9;&#9;HashMap&lt;String,Integer&gt; map9 = new HashMap&lt;String, Integer&gt;();&#13;&#10;&#9;&#9;HashMap&lt;String,Integer&gt; map10 = new HashMap&lt;String, Integer&gt;();&#13;&#10;&#9;&#9;HashMap&lt;String,Integer&gt; map11 = new HashMap&lt;String, Integer&gt;();&#13;&#10;&#13;&#10;&#9;&#9;BufferedImage image = null;&#13;&#10;&#9;&#9;&#13;&#10;&#9;&#9;image = ImageIO.read(new File (&quot;cardImages/Standard/Apprentice.png&quot;));&#13;&#10;&#9;&#9;&#9;&#9;&#13;&#10;&#9;&#9;map.put(RUNES, 1);&#13;&#10;&#9;&#9;apprentice = ACard.makeCard(image, &quot;Apprentice&quot;, &quot;none&quot;, &quot;Hero&quot;, 0, 0, -1, map);&#13;&#10;&#9;&#9;&#13;&#10;&#9;&#9;image = ImageIO.read(new File (&quot;cardImages/Standard/Militia1.png&quot;));&#13;&#10;&#13;&#10;&#9;&#9;map1.put(POWER, 1);&#13;&#10;&#9;&#9;militia = ACard.makeCard(image, &quot;Militia&quot;, &quot;none&quot;, &quot;Hero&quot;, 0, 0, -1, map1);&#13;&#10;&#9;&#9;&#13;&#10;&#9;&#9;image = ImageIO.read(new File (&quot;cardImages/Heroes/Arha-Initiate.png&quot;));&#13;&#10;&#9;&#9;&#13;&#10;&#9;&#9;map2.put(DRAW, 1);&#13;&#10;&#9;&#9;arhaInitiate = ACard.makeCard(image, &quot;Arha Initiate&quot;, &quot;Enlightened&quot;,&quot;Hero&quot;,1,1,3,map2);&#13;&#10;&#9;&#9;&#13;&#10;&#9;&#9;image = ImageIO.read(new File (&quot;cardImages/Heroes/Demon-Slayer.png&quot;));&#13;&#10;&#13;&#10;&#9;&#9;map3.put(POWER, 3);&#13;&#10;&#9;&#9;demonSlayer = ACard.makeCard(image, &quot;Demon Slayer&quot;, &quot;Void&quot;,&quot;Hero&quot;,4,2,2,map3);&#13;&#10;&#9;&#9;&#13;&#10;&#9;&#9;image = ImageIO.read(new File (&quot;cardImages/Heroes/Wolf-Shaman.png&quot;));&#13;&#10;&#13;&#10;&#9;&#9;map4.put(RUNES, 1);&#13;&#10;&#9;&#9;map4.put(DRAW, 1);&#13;&#10;&#9;&#9;wolfShaman = ACard.makeCard(image, &quot;Wolf Shaman&quot;, &quot;Lifebound&quot;,&quot;Hero&quot;,3,1,3,map4);&#13;&#10;&#9;&#9;&#13;&#10;&#9;&#9;image = ImageIO.read(new File (&quot;cardImages/Heroes/Flytrap-Witch.png&quot;));&#13;&#10;&#9;&#9;&#13;&#10;&#9;&#9;map5.put(HONOR, 2);&#13;&#10;&#9;&#9;map5.put(DRAW, 1);&#13;&#10;&#9;&#9;flyTrapWitch = ACard.makeCard(image, &quot;Fly Trap Witch&quot;, &quot;Lifebound&quot;,&quot;Hero&quot;,5,2,2,map5);&#13;&#10;&#9;&#9;&#13;&#10;&#9;&#9;image = ImageIO.read(new File (&quot;cardImages/Heroes/Ascetic-of-the-Lidless-Eye.png&quot;));&#13;&#10;&#9;&#9;&#13;&#10;&#9;&#9;map6.put(DRAW, 2);&#13;&#10;&#9;&#9;asceticOfTheLidlessEye = ACard.makeCard(image, &quot;Ascetic of the Lidless Eye&quot;, &quot;Enlightened&quot;,&quot;Hero&quot;,5,2,2,map6);&#13;&#10;&#9;&#9;&#13;&#10;&#9;&#9;image = ImageIO.read(new File (&quot;cardImages/Heroes/Emri-One-with-the-Void.png&quot;));&#13;&#10;&#9;&#9;&#13;&#10;&#9;&#9;map7.put(POWER, 4);&#13;&#10;&#9;&#9;emriOneWithTheVoid = ACard.makeCard(image, &quot;Emri, One with the Void&quot;, &quot;Void&quot;,&quot;Hero&quot;,6,3,1,map7);&#13;&#10;&#9;&#9;&#13;&#10;&#9;&#9;cards = new ACard[] {arhaInitiate, demonSlayer, wolfShaman, flyTrapWitch, asceticOfTheLidlessEye, emriOneWithTheVoid};&#13;&#10;&#9;}&#13;&#10;&#13;&#10;}&#13;&#10;" Filename="CardCollection.java" Intrnl_Id="4"/>
<SrcFile Content="package devops.hw1.core;&#13;&#10;&#13;&#10;import java.awt.Point;&#13;&#10;import java.awt.Shape;&#13;&#10;import java.awt.event.MouseEvent;&#13;&#10;import java.awt.event.MouseListener;&#13;&#10;import java.util.ArrayList;&#13;&#10;&#13;&#10;/**&#13;&#10; * &#13;&#10; * Handles mouse clicks on cards and on the board&#13;&#10; *&#13;&#10; * @author heshelhj.&#13;&#10; *         Created Apr 22, 2016.&#13;&#10; */&#13;&#10;public class CardListener implements MouseListener {&#13;&#10;&#9;&#13;&#10;//&#9;private Player player;&#13;&#10;&#9;private ArrayList&lt;Shape&gt; playerHandImages;&#13;&#10;&#9;private ArrayList&lt;Shape&gt; centerHandImages;&#13;&#10;&#9;private GameBoard gameboard;&#13;&#10;&#9;private Player player;&#13;&#10;&#9;private Board board;&#13;&#10;&#9;&#13;&#10;&#9;public CardListener(Player player, ArrayList&lt;Shape&gt; playerHandImages, ArrayList&lt;Shape&gt; centerHandImages,Board board) {&#13;&#10;&#9;&#9;this.playerHandImages = playerHandImages;&#13;&#10;&#9;&#9;this.centerHandImages = centerHandImages;&#13;&#10;&#9;&#9;this.player = player;&#13;&#10;&#9;&#9;this.board = board;&#13;&#10;//&#9;&#9;this.playerHand = player.getHand();&#13;&#10;&#9;}&#13;&#10;&#9;/**&#13;&#10;&#9; * Determines if a card has been clicked and takes the appropriate action&#13;&#10;&#9; */&#13;&#10;&#9;public void mouseClicked(MouseEvent e) {&#13;&#10;&#9;&#9;gameboard = (GameBoard) e.getSource();&#13;&#10;&#9;&#9;Point currentPos = gameboard.getMousePosition();&#13;&#10;&#9;&#9;int upperBound = 695;&#13;&#10;&#9;&#9;int lowerBound = 850;&#13;&#10;&#9;&#9;&#13;&#10;&#9;&#9;//if the card clicked is in the player hand&#13;&#10;&#9;&#9;if (player.getHandSize() != 0) {&#13;&#10;&#9;&#9;&#9;int factor = (1220-600) / player.getHandSize();&#13;&#10;&#9;&#9;&#9;&#13;&#10;&#9;&#9;&#9;for (int i = 0; i &lt; player.getHandSize(); i++) {&#13;&#10;&#9;&#9;&#9;&#9;int leftBound = (factor * i) + 300;&#13;&#10;&#9;&#9;&#9;&#9;int rightBound = (factor * i) + 390;&#13;&#10;&#9;&#9;&#9;&#9;if ((currentPos.getX() &lt; rightBound &amp;&amp; currentPos.getX() &gt; leftBound)&#13;&#10;&#9;&#9;&#9;&#9;&#9;&#9;&amp;&amp; (currentPos.getY() &lt; lowerBound &amp;&amp; currentPos.getY() &gt; upperBound)) {&#13;&#10;&#9;&#9;&#9;&#9;&#9;player.playCard(player.getHand().get(i));&#13;&#10;&#9;&#9;&#9;&#9;&#9;break;&#13;&#10;&#9;&#9;&#9;&#9;}&#13;&#10;&#9;&#9;&#9;&#9;&#13;&#10;&#9;&#9;&#9;}&#13;&#10;&#9;&#9;}&#13;&#10;&#13;&#10;&#9;&#9;int centerUpperBound = 400; //board height - 400&#13;&#10;&#9;&#9;int centerLowerBound = 530; //upperbound + card height&#9;&#13;&#10;&#9;&#9;&#13;&#10;&#9;&#9;//if the card click is in the center row&#13;&#10;&#9;&#9;for (int j = 0; j &lt; 6; j++) {&#13;&#10;&#9;&#9;&#9;int leftBound = (100 * j) + 300;&#13;&#10;&#9;&#9;&#9;int rightBound = (100 * j) + 390;&#13;&#10;&#9;&#9;&#9;if ((currentPos.getX() &lt; rightBound &amp;&amp; currentPos.getX() &gt; leftBound)&#13;&#10;&#9;&#9;&#9;&#9;&#9;&amp;&amp; (currentPos.getY() &lt; centerLowerBound &amp;&amp; currentPos.getY() &gt; centerUpperBound)) {&#13;&#10;&#9;&#9;&#9;&#9;if (player.buyCard(board.getCenField()[j])) {&#13;&#10;&#9;&#9;&#9;&#9;&#9;board.centerDeckToField(j);&#9;&#9;&#9;&#9;&#9;&#13;&#10;&#9;&#9;&#9;&#9;}&#13;&#10;&#9;&#9;&#9;&#9;break;&#13;&#10;&#9;&#9;&#9;}&#13;&#10;&#13;&#10;&#9;&#9;}&#13;&#10;&#9;&#9;updateGUI();&#13;&#10;&#13;&#10;&#9;}&#13;&#10;&#9;&#13;&#10;&#9;/**&#13;&#10;&#9; * &#13;&#10;&#9; * updates the labels on the GUI and repaints &#13;&#10;&#9; *&#13;&#10;&#9; */&#13;&#10;&#9;public void updateGUI() {&#13;&#10;&#9;&#9;gameboard.runesLabel.setText(&quot;Runes: &quot; + player.getRunes());&#13;&#10;&#9;&#9;gameboard.powerLabel.setText(&quot;Power: &quot; + player.getPower());&#9;&#9;&#9;&#9;&#13;&#10;&#9;&#9;gameboard.discard_pileLabel.setText(&quot;Discard: &quot; + player.getDiscardSize());&#13;&#10;&#9;&#9;gameboard.repaint();&#13;&#10;&#9;&#9;&#13;&#10;&#9;}&#13;&#10;&#9;&#13;&#10;&#9;&#13;&#10;&#9;public void mouseEntered(MouseEvent arg0) {&#13;&#10;&#9;&#9;// not implemented&#13;&#10;&#9;}&#13;&#10;&#13;&#10;&#9;public void mouseExited(MouseEvent arg0) {&#13;&#10;&#9;&#9;// not implemented&#13;&#10;&#9;}&#13;&#10;&#13;&#10;&#9;public void mousePressed(MouseEvent arg0) {&#13;&#10;&#9;&#9;// not implemented&#13;&#10;&#9;}&#13;&#10;&#13;&#10;&#9;public void mouseReleased(MouseEvent arg0) {&#13;&#10;&#9;&#9;// not implemented&#13;&#10;&#9;}&#13;&#10;&#13;&#10;&#13;&#10;}&#13;&#10;" Filename="CardListener.java" Intrnl_Id="5"/>
<SrcFile Content="package devops.hw1.core;&#13;&#10;&#13;&#10;import java.awt.BorderLayout;&#13;&#10;import java.awt.Font;&#13;&#10;import java.awt.Graphics;&#13;&#10;import java.awt.Graphics2D;&#13;&#10;import java.awt.GridLayout;&#13;&#10;import java.awt.Shape;&#13;&#10;import java.awt.image.BufferedImage;&#13;&#10;import java.util.ArrayList;&#13;&#10;&#13;&#10;import javax.swing.JLabel;&#13;&#10;import javax.swing.JPanel;&#13;&#10;import javax.swing.border.EmptyBorder;&#13;&#10;&#13;&#10;/**&#13;&#10; * The GUI for the Ascension Game Board.&#13;&#10; */&#13;&#10;@SuppressWarnings(&quot;serial&quot;)&#13;&#10;public class GameBoard extends JPanel {&#13;&#10;&#9;&#13;&#10;&#9;// same width &amp; height as the background image&#13;&#10;&#9;private static final int WIDTH = 1220;&#13;&#10;&#9;private static final int HEIGHT = 900;&#13;&#10;&#9;private static final Font LABEL_FONT = new Font(&quot;Serif&quot;, Font.BOLD, 18);&#13;&#10;&#13;&#10;&#9;// background may be made into a separate class or just left out entirely&#13;&#10;//&#9;private BufferedImage background; currently not used&#13;&#10;&#13;&#10;&#9;// labels that display&#13;&#10;&#9;public JLabel runesLabel = new JLabel(&quot;Runes: 0&quot;);&#13;&#10;&#9;public JLabel powerLabel = new JLabel(&quot;Power: 0&quot;);&#13;&#10;&#9;public JLabel deckLabel = new JLabel(&quot;Left in Deck: 5&quot;);&#13;&#10;&#9;public JLabel discard_pileLabel = new JLabel(&quot;Discard: 0&quot;);&#13;&#10;&#13;&#10;&#9;// counters for keeping track of the various information, will be replaced as project progresses&#13;&#10;&#9;public int runeCount;&#13;&#10;&#9;public int powerCount;&#13;&#10;&#9;public int deckCount;&#13;&#10;&#9;public int discardCount;&#13;&#10;&#9;public int honorCount;&#13;&#10;&#9;&#13;&#10;&#9;// tracking positions of cards based on rectangle objects drawn beneath them&#13;&#10;&#9;public ArrayList&lt;Shape&gt; centerList;&#13;&#10;&#9;public ArrayList&lt;Shape&gt; playerList;&#13;&#10;&#9;&#13;&#10;&#9;public Player player;&#13;&#10;&#9;public Board board;&#13;&#10;&#9;&#13;&#10;&#9;//sets bounds for player hand&#13;&#10;&#9;public int playerHandLeft = 300; &#13;&#10;&#9;public int playerHandRight = WIDTH-300;&#13;&#10;&#9;public int playerHandY = HEIGHT - 200;&#13;&#10;&#9;&#13;&#10;&#9;//sets positions for the center cards&#13;&#10;&#9;public int cardY = HEIGHT-500;&#13;&#10;&#9;public int card1X = 300;&#9;&#13;&#10;&#9;/**&#13;&#10;&#9; * The default constructor for the Game Board.&#13;&#10;&#9; */&#13;&#10;&#9;public GameBoard() {&#13;&#10;&#9;&#9;// first call constructor of superclass &#13;&#10;&#9;&#9;super();&#13;&#10;&#9;&#9;&#13;&#10;&#9;&#9;// then initialize value&#13;&#10;&#9;&#9;this.runeCount = 0;&#13;&#10;&#9;&#9;this.powerCount = 0;&#13;&#10;&#9;&#9;this.deckCount = 5;&#13;&#10;&#9;&#9;this.discardCount = 0;&#13;&#10;&#9;&#9;&#13;&#10;&#9;&#9;this.centerList = new ArrayList&lt;Shape&gt;();&#13;&#10;&#9;&#9;this.playerList = new ArrayList&lt;Shape&gt;();&#13;&#10;&#9;&#9;&#13;&#10;&#9;&#9;// Setting the fonts of the labels&#13;&#10;&#9;&#9;this.runesLabel.setFont(LABEL_FONT);&#13;&#10;&#9;&#9;this.powerLabel.setFont(LABEL_FONT);&#13;&#10;&#9;&#9;this.deckLabel.setFont(LABEL_FONT);&#13;&#10;&#9;&#9;this.discard_pileLabel.setFont(LABEL_FONT);&#13;&#10;&#9;&#9;&#13;&#10;&#9;&#9;this.setLayout(new BorderLayout());&#13;&#10;&#9;&#9;&#13;&#10;&#9;&#9;JPanel leftInfo = new JPanel();&#13;&#10;&#9;&#9;leftInfo.setLayout(new GridLayout(3, 1));&#13;&#10;&#9;&#9;leftInfo.add(this.runesLabel);&#13;&#10;&#9;&#9;leftInfo.add(this.powerLabel);&#13;&#10;&#9;&#9;leftInfo.add(this.deckLabel);&#13;&#10;&#9;&#9;&#13;&#10;&#9;&#9;JPanel labels = new JPanel();&#13;&#10;&#9;&#9;labels.setLayout(new BorderLayout());&#13;&#10;&#9;&#9;labels.add(leftInfo, BorderLayout.WEST);&#13;&#10;&#9;&#9;labels.add(this.discard_pileLabel, BorderLayout.EAST);&#13;&#10;&#9;&#9;labels.setBorder(new EmptyBorder(10, 10, 10, 10));&#13;&#10;&#9;&#9;this.add(labels, BorderLayout.SOUTH);&#13;&#10;&#9;}&#13;&#10;&#9;&#13;&#10;&#9;public GameBoard(Player player, Board board) {&#13;&#10;&#9;&#9;// call the default constructor first&#13;&#10;&#9;&#9;this();&#13;&#10;&#9;&#9;&#13;&#10;&#9;&#9;// then do additional stuff&#13;&#10;&#9;&#9;this.player = player;&#13;&#10;&#9;&#9;this.runeCount = this.player.getRunes();&#13;&#10;&#9;&#9;this.discardCount = this.player.getDiscardSize();&#13;&#10;&#9;&#9;this.board = board;&#13;&#10;&#9;}&#13;&#10;&#9;/**&#13;&#10;&#9; * Paints the cards onto the game baord&#13;&#10;&#9; */&#13;&#10;&#9;@Override&#13;&#10;&#9;public void paint(Graphics g) {&#13;&#10;&#9;&#9;super.paint(g);&#13;&#10;&#9;&#9;Graphics2D g2 = (Graphics2D) g;&#13;&#10;&#9;&#9;&#13;&#10;&#9;&#9;int numCards = player.getHandSize();&#13;&#10;&#9;&#9;if(numCards!=0){&#13;&#10;&#9;&#9;&#9;int factor = (playerHandRight - playerHandLeft)/numCards;&#13;&#10;&#9;&#9;&#9;for(int i = 0; i &lt; numCards; i++){&#13;&#10;&#9;&#9;&#9;&#9;BufferedImage card = player.getHand().get(i).getImage();&#13;&#10;&#9;&#9;&#9;&#9;g2.drawImage(card, 300+(factor*i), playerHandY, null);&#13;&#10;&#9;&#9;&#9;&#9;&#13;&#10;&#9;&#9;&#9;}&#13;&#10;&#9;&#9;}&#13;&#10;&#9;&#9;for(int j = 0; j &lt; board.getCenField().length; j++){&#13;&#10;&#9;&#9;&#9;BufferedImage card = board.getCenField()[j].getImage();&#13;&#10;&#9;&#9;&#9;g2.drawImage(card, card1X+(100 * j), cardY, null);&#13;&#10;&#9;&#9;&#9;&#13;&#10;&#9;&#9;}&#13;&#10;&#9;&#9;&#13;&#10;&#9;&#9;&#13;&#10;&#9;&#9;if(player.getDiscardSize()!=0){&#13;&#10;&#9;&#9;&#9;g2.drawImage(player.getDiscardPile().get(player.getDiscardSize()-1).getImage(), 20, 600, null);&#13;&#10;&#9;&#9;}&#13;&#10;&#9;&#9;&#13;&#10;&#9;&#13;&#10;&#9;}&#13;&#10;&#9;&#13;&#10;&#9;&#13;&#10;}" Filename="GameBoard.java" Intrnl_Id="6"/>
<SrcFile Content="package devops.hw1.core;&#13;&#10;&#13;&#10;import java.awt.image.BufferedImage;&#13;&#10;import java.util.HashMap;&#13;&#10;&#13;&#10;public class HeroCard extends ACard {&#13;&#10;&#9;&#13;&#10;&#9;public HeroCard(){&#13;&#10;&#9;&#9;this.cost = 0;&#13;&#10;&#9;}&#13;&#10;&#9;&#13;&#10;&#9;public HeroCard(int i){&#13;&#10;&#9;&#9;this.cost = i;&#13;&#10;&#9;}&#13;&#10;&#13;&#10;&#9;/**&#13;&#10;&#9; * Constructs a hero card that has the given information.&#13;&#10;&#9; * @param image&#13;&#10;&#9; * @param name&#13;&#10;&#9; * @param faction&#13;&#10;&#9; * @param cost&#13;&#10;&#9; * @param honor&#13;&#10;&#9; * @param rarity&#13;&#10;&#9; * @param effects&#13;&#10;&#9; */&#13;&#10;&#9;public HeroCard(BufferedImage image, String name, String faction, int cost,&#13;&#10;&#9;&#9;&#9;int honor, int rarity, HashMap&lt;String, Integer&gt; effects) {&#13;&#10;&#9;&#9;this.image = image;&#13;&#10;&#9;&#9;this.name = name;&#13;&#10;&#9;&#9;this.faction = faction;&#13;&#10;&#9;&#9;this.cost = cost;&#13;&#10;&#9;&#9;this.honor = honor;&#13;&#10;&#9;&#9;this.rarity = rarity;&#13;&#10;&#9;&#9;this.effects = effects;&#13;&#10;&#9;}&#13;&#10;&#13;&#10;}&#13;&#10;" Filename="HeroCard.java" Intrnl_Id="7"/>
<SrcFile Content="package devops.hw1.core;&#13;&#10;&#13;&#10;public interface IData&lt;T&gt; extends Comparable&lt;IData&lt;T&gt;&gt; {&#13;&#10;&#9;public long getId();&#13;&#10;&#9;public T getValue();&#13;&#10;}&#13;&#10;" Filename="IData.java" Intrnl_Id="8"/>
<SrcFile Content="package devops.hw1.core;&#13;&#10;&#13;&#10;import java.awt.BorderLayout;&#13;&#10;&#13;&#10;import javax.swing.JFrame;&#13;&#10;&#13;&#10;/**&#13;&#10; * &#13;&#10; *Starts the GUI for Ascension&#13;&#10; *&#13;&#10; * @author heshelhj.&#13;&#10; *         Created Apr 22, 2016.&#13;&#10; */&#13;&#10;&#13;&#10;public class MainGUI {&#13;&#10;&#9;&#13;&#10;&#9;private static final int WIDTH = 1220;&#13;&#10;&#9;private static final int HEIGHT = 900;&#13;&#10;&#13;&#10;&#9;public static void main(String[] args) {&#13;&#10;&#9;&#9;Player player1 = Player.makePlayer();&#13;&#10;&#9;&#9;Board board = new Board();&#13;&#10;&#9;&#9;player1.addRunes(0);&#13;&#10;&#9;&#9;GameBoard ascension = new GameBoard(player1, board);&#13;&#10;&#9;&#9;JFrame frame = new JFrame(&quot;ASCENSION&quot;);&#13;&#10;&#9;&#9;frame.setSize(WIDTH, HEIGHT);&#13;&#10;&#9;&#9;&#13;&#10;&#9;&#9;ascension.addMouseListener(new CardListener(player1, ascension.playerList, ascension.centerList, board));&#13;&#10;&#9;&#9;&#13;&#10;&#9;&#9;frame.add(ascension, BorderLayout.CENTER);&#13;&#10;&#9;&#9;&#13;&#10;&#9;&#9;ascension.repaint();&#13;&#10;&#9;&#9;&#13;&#10;&#9;&#9;frame.setDefaultCloseOperation(JFrame.EXIT_ON_CLOSE);&#13;&#10;&#9;&#9;frame.setVisible(true);&#13;&#10;&#9;}&#13;&#10;}&#13;&#10;" Filename="MainGUI.java" Intrnl_Id="9"/>
<SrcFile Content="package devops.hw1.core;&#13;&#10;&#13;&#10;public class NumericData extends AbstractData&lt;Long&gt; {&#13;&#10;&#13;&#10;&#9;public NumericData(long id, Long value) {&#13;&#10;&#9;&#9;super(id, value);&#13;&#10;&#9;}&#13;&#10;&#13;&#10;&#9;@Override&#13;&#10;&#9;public int compareTo(IData&lt;Long&gt; other) {&#13;&#10;&#9;&#9;if(this.equals(other))&#13;&#10;&#9;&#9;&#9;return 0;&#13;&#10;&#9;&#9;&#13;&#10;&#9;&#9;Long myValue = this.getValue();&#13;&#10;&#9;&#9;Long otherValue = other.getValue();&#13;&#10;&#9;&#9;&#13;&#10;&#9;&#9;if(myValue &gt; otherValue)&#13;&#10;&#9;&#9;&#9;return 1;&#13;&#10;&#9;&#9;&#13;&#10;&#9;&#9;return -1;&#13;&#10;&#9;}&#13;&#10;}&#13;&#10;" Filename="NumericData.java" Intrnl_Id="10"/>
<SrcFile Content="/**&#13;&#10; * &#13;&#10; */&#13;&#10;package devops.hw1.core;&#13;&#10;&#13;&#10;import java.io.IOException;&#13;&#10;import java.util.ArrayList;&#13;&#10;import java.util.Collections;&#13;&#10;import java.util.HashMap;&#13;&#10;import java.util.LinkedList;&#13;&#10;import java.util.Queue;&#13;&#10;&#13;&#10;/**&#13;&#10; * @author fenogljc&#13;&#10; *&#13;&#10; */&#13;&#10;public class Player {&#13;&#10;&#13;&#10;&#9;private int runes;&#13;&#10;&#9;private int power;&#13;&#10;&#9;private int honor;&#13;&#10;&#9;private ArrayList&lt;ACard&gt; discardPile;&#13;&#10;&#9;private ArrayList&lt;ACard&gt; playerHand;&#13;&#10;&#9;private LinkedList&lt;ACard&gt; playerDeck;&#13;&#10;&#13;&#10;&#9;/**&#13;&#10;&#9; * The constructor creates a player with a hand of five cards and a deck of five cards.&#13;&#10;&#9; */&#13;&#10;&#9;&#13;&#10;&#9;private Player() {&#9;&#13;&#10;&#9;&#9;try {&#13;&#10;&#9;&#9;&#9;new CardCollection();&#13;&#10;&#9;&#9;} catch (IOException e) {&#13;&#10;&#9;&#9;&#9;System.out.println(&quot;Could not find file&quot;);&#13;&#10;&#9;&#9;}&#13;&#10;&#9;&#9;this.discardPile = new ArrayList&lt;ACard&gt;();&#13;&#10;&#9;&#9;this.playerHand = new ArrayList&lt;ACard&gt;();&#13;&#10;&#9;&#9;this.playerDeck = new LinkedList&lt;ACard&gt;();&#13;&#10;&#9;&#9;this.initialiseDeck();&#13;&#10;&#9;&#9;Collections.shuffle(this.playerDeck);&#13;&#10;&#9;&#9;this.drawCard(5);&#13;&#10;&#9;}&#13;&#10;&#13;&#10;&#9;/**&#13;&#10;&#9; * &#13;&#10;&#9; */&#13;&#10;&#9;public void initialiseDeck() {&#13;&#10;&#9;&#9;&#9;for (int i = 0; i &lt; 8; i++) { &#13;&#10;&#9;&#9;&#9;this.addCardToDeck(CardCollection.apprentice);&#13;&#10;&#9;&#9;}&#13;&#10;&#9;&#9;for (int j = 0; j &lt; 2; j++) {&#13;&#10;&#9;&#9;&#9;this.addCardToDeck(CardCollection.militia);&#13;&#10;&#9;&#9;}&#9;&#9;&#13;&#10;&#9;}&#13;&#10;&#9;&#13;&#10;&#9;/**&#13;&#10;&#9; * &#13;&#10;&#9; * Puts all of the players cards into the discard pile and draws &#13;&#10;&#9; * 5 pcards for a new hand&#13;&#10;&#9; *&#13;&#10;&#9; */&#13;&#10;&#9;public void endTurn(){&#13;&#10;&#9;&#9;for(int i = 0; i&lt; this.getHandSize(); i++){&#13;&#10;&#9;&#9;&#9;this.discard(this.playerHand.get(i));&#13;&#10;&#9;&#9;}&#13;&#10;&#9;&#9;this.drawCard(5);&#9;&#13;&#10;&#9;}&#13;&#10;&#13;&#10;&#9;/**&#13;&#10;&#9; * This constructs and returns a player.&#13;&#10;&#9; * &#13;&#10;&#9; * @return&#13;&#10;&#9; */&#13;&#10;&#9;public static Player makePlayer() {&#13;&#10;&#9;&#9;Player newPlayer = new Player();&#13;&#10;&#9;&#9;return newPlayer;&#13;&#10;&#9;}&#13;&#10;&#13;&#10;&#9;/**&#13;&#10;&#9; * This adds the given integer amount of runes to the players current total.&#13;&#10;&#9; * &#13;&#10;&#9; * @param i&#13;&#10;&#9; */&#13;&#10;&#9;public void addRunes(int i) {&#13;&#10;&#9;&#9;this.setRunes((i + this.getRunes() &gt; 0) ? this.getRunes() + i : 0);&#13;&#10;&#9;}&#13;&#10;&#13;&#10;&#9;/**&#13;&#10;&#9; * This returns the amount of runes the player currently has.&#13;&#10;&#9; * &#13;&#10;&#9; * @return the runes&#13;&#10;&#9; */&#13;&#10;&#9;public int getRunes() {&#13;&#10;&#9;&#9;return this.runes;&#13;&#10;&#9;}&#13;&#10;&#13;&#10;&#9;/**&#13;&#10;&#9; * Sets the amount of runs the player has to the given integer value.&#13;&#10;&#9; * &#13;&#10;&#9; * @param runes&#13;&#10;&#9; *            the runes to set&#13;&#10;&#9; */&#13;&#10;&#9;public void setRunes(int runes) {&#13;&#10;&#9;&#9;this.runes = runes;&#13;&#10;&#9;}&#13;&#10;&#13;&#10;&#9;/**&#13;&#10;&#9; * Returns the size of the player's discard pile.&#13;&#10;&#9; * &#13;&#10;&#9; * @return&#13;&#10;&#9; */&#13;&#10;&#9;public int getDiscardSize() {&#13;&#10;&#9;&#9;return this.discardPile.size();&#13;&#10;&#9;}&#13;&#10;&#13;&#10;&#9;/**&#13;&#10;&#9; * This puts the card given into the discard pile.&#13;&#10;&#9; * &#13;&#10;&#9; * @param card&#13;&#10;&#9; */&#13;&#10;&#9;public void discard(ACard card) {&#13;&#10;&#9;&#9;if (card == null) {&#13;&#10;&#9;&#9;&#9;System.out.println(&quot;attempted to discard null card&quot;);&#13;&#10;&#9;&#9;&#9;return;&#13;&#10;&#9;&#9;}&#13;&#10;&#9;&#9;this.discardPile.add(card);&#13;&#10;&#9;}&#13;&#10;&#13;&#10;&#9;/**&#13;&#10;&#9; * Returns the player's discard pile.&#13;&#10;&#9; * &#13;&#10;&#9; * @return&#13;&#10;&#9; */&#13;&#10;&#9;public ArrayList&lt;ACard&gt; getDiscardPile() {&#13;&#10;&#9;&#9;return this.discardPile;&#13;&#10;&#9;}&#13;&#10;&#13;&#10;&#9;/**&#13;&#10;&#9; * Places the given card into the player's discard pile as well as well as&#13;&#10;&#9; * subtracts the amount of runes the player has available. If you do not&#13;&#10;&#9; * have enough runes, this returns false, otherwise true.&#13;&#10;&#9; * &#13;&#10;&#9; * @param card&#13;&#10;&#9; * @return&#13;&#10;&#9; */&#13;&#10;&#9;public boolean buyCard(ACard card) {&#13;&#10;&#9;&#9;if (card != null &amp;&amp; card.getCost() &lt;= this.runes) {&#13;&#10;&#9;&#9;&#9;this.setRunes(this.runes - card.getCost());&#13;&#10;&#9;&#9;&#9;this.discard(card);&#13;&#10;&#9;&#9;&#9;return true;&#13;&#10;&#9;&#9;}&#13;&#10;&#9;&#9;return false;&#13;&#10;&#9;}&#13;&#10;&#13;&#10;&#9;/**&#13;&#10;&#9; * Attack card will take a card and the board.  &#13;&#10;&#9; * If the player has enough power it will place the card in&#13;&#10;&#9; * the void discard pile&#13;&#10;&#9; * &#13;&#10;&#9; * @param card to be attacked&#13;&#10;&#9; * @return true if attacked and sent to void and false&#13;&#10;&#9; * otherwise&#13;&#10;&#9; */&#13;&#10;&#9;&#13;&#10;&#9;public boolean attackCard(ACard card, Board board) {&#13;&#10;&#9;&#9;if (card != null &amp;&amp; card.getStrength() &lt;= this.power) {&#13;&#10;&#9;&#9;&#9;this.addPower(0 - card.getStrength());&#13;&#10;&#9;&#9;&#9;board.sendToVoid(card);&#13;&#10;&#9;&#9;&#9;return true;&#13;&#10;&#9;&#9;}&#13;&#10;&#9;&#9;return false;&#13;&#10;&#9;}&#13;&#10;&#9;&#13;&#10;&#9;/**&#13;&#10;&#9; * &#13;&#10;&#9; * Returns the size of the player hand&#13;&#10;&#9; *&#13;&#10;&#9; * @return the size of the player hand&#13;&#10;&#9; */&#13;&#10;&#9;public int getHandSize() {&#13;&#10;&#9;&#9;return this.playerHand.size();&#13;&#10;&#9;}&#13;&#10;&#13;&#10;&#9;/**&#13;&#10;&#9; * &#13;&#10;&#9; * Draws a card from the player deck and adds it to the player hand&#13;&#10;&#9; *&#13;&#10;&#9; */&#13;&#10;&#9;public void drawCard() {&#13;&#10;&#9;&#9;if (this.playerDeck.isEmpty()){&#13;&#10;&#9;&#9;&#9;this.playerDeck.addAll(this.discardPile);&#13;&#10;&#9;&#9;&#9;this.discardPile.clear();&#13;&#10;&#9;&#9;&#9;Collections.shuffle(this.playerDeck);&#13;&#10;&#9;&#9;}&#13;&#10;&#9;&#9;ACard fromDeck = this.playerDeck.remove();&#13;&#10;&#9;&#9;this.playerHand.add(fromDeck);&#13;&#10;&#9;}&#13;&#10;&#13;&#10;&#9;/**&#13;&#10;&#9; * &#13;&#10;&#9; * Adds a card to the player's deck&#13;&#10;&#9; *&#13;&#10;&#9; * @param card&#13;&#10;&#9; *            to be added&#13;&#10;&#9; */&#13;&#10;&#9;public void addCardToDeck(ACard card) {&#13;&#10;&#13;&#10;&#9;&#9;if (card == null) {&#13;&#10;&#9;&#9;&#9;System.out.println(&quot;attempted to add a null card to deck&quot;);&#13;&#10;&#9;&#9;&#9;return;&#13;&#10;&#9;&#9;}&#13;&#10;&#13;&#10;&#9;&#9;this.playerDeck.add(card);&#13;&#10;&#9;}&#13;&#10;&#13;&#10;&#9;/**&#13;&#10;&#9; * Adds the given card to the player's hand&#13;&#10;&#9; * &#13;&#10;&#9; * @param card&#13;&#10;&#9; *            to be added&#13;&#10;&#9; */&#13;&#10;&#9;public void addCardToHand(ACard card) {&#13;&#10;&#13;&#10;&#9;&#9;if (card == null){&#13;&#10;&#9;&#9;&#9;System.out.println(&quot;attempted to add a null card to hand&quot;);&#13;&#10;&#9;&#9;&#9;return;&#13;&#10;&#9;&#9;}&#13;&#10;&#9;&#9;this.playerHand.add(card);&#13;&#10;&#9;}&#13;&#10;&#13;&#10;&#9;/**&#13;&#10;&#9; * &#13;&#10;&#9; * Gets the current player hand&#13;&#10;&#9; *&#13;&#10;&#9; * @return the player hand&#13;&#10;&#9; */&#13;&#10;&#9;public ArrayList&lt;ACard&gt; getHand() {&#13;&#10;&#9;&#9;return this.playerHand;&#13;&#10;&#9;}&#13;&#10;&#13;&#10;&#9;/**&#13;&#10;&#9; * &#13;&#10;&#9; * Input check card in hand&#13;&#10;&#9; *&#13;&#10;&#9; * @param card&#13;&#10;&#9; */&#13;&#10;&#9;public void playCard(ACard card) {&#13;&#10;&#9;&#9;&#13;&#10;&#9;&#9;if (card == null) {&#13;&#10;&#9;&#9;&#9;System.out.println(&quot;attempted to play a null card&quot;);&#13;&#10;&#9;&#9;&#9;return;&#13;&#10;&#9;&#9;}&#13;&#10;&#9;&#9;this.playerHand.remove(card);&#13;&#10;&#9;&#9;this.applyEffects(card);&#13;&#10;&#9;&#9;this.discard(card);&#13;&#10;&#9;}&#13;&#10;&#13;&#10;&#9;/**&#13;&#10;&#9; * @param integer&#13;&#10;&#9; */&#13;&#10;&#9;public void drawCard(int cards) {&#13;&#10;&#9;&#9;for (int i = 0; i &lt; cards; i++) {&#13;&#10;&#9;&#9;&#9;this.drawCard();&#13;&#10;&#9;&#9;}&#13;&#10;&#9;}&#13;&#10;&#13;&#10;&#9;/**&#13;&#10;&#9; * @return the Player's Deck&#13;&#10;&#9; */&#13;&#10;&#9;public Queue&lt;ACard&gt; getDeck() {&#13;&#10;&#9;&#9;return this.playerDeck;&#13;&#10;&#9;}&#13;&#10;&#13;&#10;&#9;/**&#13;&#10;&#9; * @return the size of the Player's Deck for unit testing&#13;&#10;&#9; */&#13;&#10;&#9;public int getDeckSize() {&#13;&#10;&#9;&#9;return this.playerDeck.size();&#13;&#10;&#9;}&#13;&#10;&#13;&#10;&#9;/**&#13;&#10;&#9; * This method returns the amount of power the player currently has.&#13;&#10;&#9; * @return how much power the player has&#13;&#10;&#9; */&#13;&#10;&#9;public int getPower() {&#13;&#10;&#9;&#9;return this.power;&#13;&#10;&#9;}&#13;&#10;&#13;&#10;&#9;/**&#13;&#10;&#9; * This method adds power to the total amount of power the player has.&#13;&#10;&#9; * @param i&#13;&#10;&#9; */&#13;&#10;&#9;public void addPower(int i) {&#13;&#10;&#9;&#9;this.power += i;&#13;&#10;&#9;}&#13;&#10;&#13;&#10;&#9;/**&#13;&#10;&#9; * Applies the effects of the given card to the player.&#13;&#10;&#9; * @param card&#13;&#10;&#9; */&#13;&#10;&#9;@SuppressWarnings(&quot;boxing&quot;)&#13;&#10;&#9;public void applyEffects(ACard card) {&#13;&#10;&#9;&#9;HashMap&lt;String, Integer&gt; map = card.getEffects();&#13;&#10;&#9;&#9;for (String k : map.keySet()) {&#13;&#10;&#9;&#9;&#9;switch (k) {&#13;&#10;&#9;&#9;&#9;case CardCollection.RUNES:&#13;&#10;&#9;&#9;&#9;&#9;this.addRunes(map.get(k));&#13;&#10;&#9;&#9;&#9;&#9;break;&#13;&#10;&#9;&#9;&#9;case CardCollection.POWER:&#13;&#10;&#9;&#9;&#9;&#9;this.addPower(map.get(k));&#13;&#10;&#9;&#9;&#9;&#9;break;&#13;&#10;&#9;&#9;&#9;case CardCollection.DRAW:&#13;&#10;&#9;&#9;&#9;&#9;this.drawCard(map.get(k));&#13;&#10;&#9;&#9;&#9;&#9;break;&#13;&#10;&#9;&#9;&#9;case CardCollection.HONOR:&#13;&#10;&#9;&#9;&#9;&#9;this.addHonor(map.get(k));&#13;&#10;&#9;&#9;&#9;&#9;break;&#13;&#10;&#9;&#9;&#9;}&#13;&#10;&#9;&#9;}&#13;&#10;&#9;}&#13;&#10;&#9;&#13;&#10;&#9;/**&#13;&#10;&#9; * This method returns the amount of honor the player has.&#13;&#10;&#9; * @return amount of honor&#13;&#10;&#9; */&#13;&#10;&#9;public int getHonor() {&#13;&#10;&#9;&#9;return this.honor;&#13;&#10;&#9;}&#13;&#10;&#13;&#10;&#9;/**&#13;&#10;&#9; * This method adds the amount given to the total amount of honor that the player has.&#13;&#10;&#9; * @param i&#13;&#10;&#9; */&#13;&#10;&#9;public void addHonor(int i) {&#13;&#10;&#9;&#9;this.honor += i;&#13;&#10;&#9;}&#13;&#10;&#9;&#13;&#10;&#9;&#13;&#10;}&#13;&#10;" Filename="Player.java" Intrnl_Id="11"/>
</SrcFileList>
<CritList>
<CritListEntry Name="org.codecover.model.utils.criteria.LoopCoverage" PluginName="org.codecover"/>
<CritListEntry Name="org.codecover.model.utils.criteria.QMOCoverage" PluginName="org.codecover"/>
<CritListEntry Name="org.codecover.model.utils.criteria.ConditionCoverage" PluginName="org.codecover"/>
<CritListEntry Name="org.codecover.model.utils.criteria.BranchCoverage" PluginName="org.codecover"/>
<CritListEntry Name="org.codecover.model.utils.criteria.SynchronizedStatementCoverage" PluginName="org.codecover"/>
<CritListEntry Name="org.codecover.model.utils.criteria.StatementCoverage" PluginName="org.codecover"/>
</CritList>
<BoolOpList>
<BoolOp Arity="2" Intrnl_Id="12" Name="conditional and (&amp;&amp;)">
<BoolAssgnmntBoolMapList>
<MapEntry BoolAssgnmnt="02" Value="false"/>
<MapEntry BoolAssgnmnt="10" Value="false"/>
<MapEntry BoolAssgnmnt="11" Value="true"/>
</BoolAssgnmntBoolMapList>
</BoolOp>
<BoolOp Arity="1" Intrnl_Id="13" Name="not (!)">
<BoolAssgnmntBoolMapList>
<MapEntry BoolAssgnmnt="1" Value="false"/>
<MapEntry BoolAssgnmnt="0" Value="true"/>
</BoolAssgnmntBoolMapList>
</BoolOp>
</BoolOpList>
<HierarchyLvlTypeList>
<HierarchyLvlType EnglishName="package" IntrnlName="package" Intrnl_Id="14"/>
<HierarchyLvlType EnglishName="interface" IntrnlName="interface" Intrnl_Id="15"/>
<HierarchyLvlType EnglishName="method" IntrnlName="method" Intrnl_Id="16"/>
<HierarchyLvlType EnglishName="class" IntrnlName="class" Intrnl_Id="17"/>
<HierarchyLvlType EnglishName="default package" IntrnlName="default package" Intrnl_Id="18"/>
</HierarchyLvlTypeList>
<MASTRoot>
<HierarchyLvl HierarchyLvlId="97" HierarchyLvlTypeId="18" Intrnl_Id="19" Name="default package">
<Header/>
<LocList/>
<HierarchyLvl HierarchyLvlId="96" HierarchyLvlTypeId="14" Intrnl_Id="20" Name="devops">
<Header/>
<LocList/>
<HierarchyLvl HierarchyLvlId="95" HierarchyLvlTypeId="14" Intrnl_Id="21" Name="hw1">
<Header/>
<LocList/>
<HierarchyLvl HierarchyLvlId="94" HierarchyLvlTypeId="14" Intrnl_Id="22" Name="core">
<Header/>
<LocList/>
<HierarchyLvl HierarchyLvlId="22" HierarchyLvlTypeId="17" Intrnl_Id="23" Name="ACard">
<Header>
<Loc EndOffset="173" SrcFileId="1" StartOffset="146"/>
</Header>
<LocList>
<Loc EndOffset="3335" SrcFileId="1" StartOffset="146"/>
</LocList>
<StmntSeq Intrnl_Id="24">
<LocList>
<Loc EndOffset="278" SrcFileId="1" StartOffset="202"/>
</LocList>
<BasicStmnt CovItemId="S1" CovItemPrefix="devops.hw1.core.ACard.java" Intrnl_Id="25">
<LocList>
<Loc EndOffset="278" SrcFileId="1" StartOffset="202"/>
</LocList>
</BasicStmnt>
</StmntSeq>
<HierarchyLvl HierarchyLvlId="3" HierarchyLvlTypeId="16" Intrnl_Id="26" Name="makeCard">
<Header>
<Loc EndOffset="547" SrcFileId="1" StartOffset="517"/>
</Header>
<LocList>
<Loc EndOffset="579" SrcFileId="1" StartOffset="517"/>
</LocList>
<StmntSeq Intrnl_Id="27">
<LocList>
<Loc EndOffset="575" SrcFileId="1" StartOffset="553"/>
</LocList>
<BasicStmnt CovItemId="S2" CovItemPrefix="devops.hw1.core.ACard.java" Intrnl_Id="28">
<LocList>
<Loc EndOffset="575" SrcFileId="1" StartOffset="553"/>
</LocList>
</BasicStmnt>
</StmntSeq>
</HierarchyLvl>
<HierarchyLvl HierarchyLvlId="4" HierarchyLvlTypeId="16" Intrnl_Id="29" Name="makeCard">
<Header>
<Loc EndOffset="749" SrcFileId="1" StartOffset="714"/>
</Header>
<LocList>
<Loc EndOffset="782" SrcFileId="1" StartOffset="714"/>
</LocList>
<StmntSeq Intrnl_Id="30">
<LocList>
<Loc EndOffset="778" SrcFileId="1" StartOffset="755"/>
</LocList>
<BasicStmnt CovItemId="S3" CovItemPrefix="devops.hw1.core.ACard.java" Intrnl_Id="31">
<LocList>
<Loc EndOffset="778" SrcFileId="1" StartOffset="755"/>
</LocList>
</BasicStmnt>
</StmntSeq>
</HierarchyLvl>
<HierarchyLvl HierarchyLvlId="5" HierarchyLvlTypeId="16" Intrnl_Id="32" Name="makeCard">
<Header>
<Loc EndOffset="1180" SrcFileId="1" StartOffset="1014"/>
</Header>
<LocList>
<Loc EndOffset="1331" SrcFileId="1" StartOffset="1014"/>
</LocList>
<StmntSeq Intrnl_Id="33">
<LocList>
<Loc EndOffset="1327" SrcFileId="1" StartOffset="1255"/>
</LocList>
<BasicStmnt CovItemId="S4" CovItemPrefix="devops.hw1.core.ACard.java" Intrnl_Id="34">
<LocList>
<Loc EndOffset="1327" SrcFileId="1" StartOffset="1255"/>
</LocList>
</BasicStmnt>
</StmntSeq>
</HierarchyLvl>
<HierarchyLvl HierarchyLvlId="6" HierarchyLvlTypeId="16" Intrnl_Id="35" Name="getFaction">
<Header>
<Loc EndOffset="1399" SrcFileId="1" StartOffset="1373"/>
</Header>
<LocList>
<Loc EndOffset="1424" SrcFileId="1" StartOffset="1373"/>
</LocList>
<StmntSeq Intrnl_Id="36">
<LocList>
<Loc EndOffset="1420" SrcFileId="1" StartOffset="1405"/>
</LocList>
<BasicStmnt CovItemId="S5" CovItemPrefix="devops.hw1.core.ACard.java" Intrnl_Id="37">
<LocList>
<Loc EndOffset="1420" SrcFileId="1" StartOffset="1405"/>
</LocList>
</BasicStmnt>
</StmntSeq>
</HierarchyLvl>
<HierarchyLvl HierarchyLvlId="7" HierarchyLvlTypeId="16" Intrnl_Id="38" Name="setFaction">
<Header>
<Loc EndOffset="1534" SrcFileId="1" StartOffset="1496"/>
</Header>
<LocList>
<Loc EndOffset="1567" SrcFileId="1" StartOffset="1496"/>
</LocList>
<StmntSeq Intrnl_Id="39">
<LocList>
<Loc EndOffset="1563" SrcFileId="1" StartOffset="1540"/>
</LocList>
<BasicStmnt CovItemId="S6" CovItemPrefix="devops.hw1.core.ACard.java" Intrnl_Id="40">
<LocList>
<Loc EndOffset="1563" SrcFileId="1" StartOffset="1540"/>
</LocList>
</BasicStmnt>
</StmntSeq>
</HierarchyLvl>
<HierarchyLvl HierarchyLvlId="8" HierarchyLvlTypeId="16" Intrnl_Id="41" Name="getName">
<Header>
<Loc EndOffset="1629" SrcFileId="1" StartOffset="1606"/>
</Header>
<LocList>
<Loc EndOffset="1651" SrcFileId="1" StartOffset="1606"/>
</LocList>
<StmntSeq Intrnl_Id="42">
<LocList>
<Loc EndOffset="1647" SrcFileId="1" StartOffset="1635"/>
</LocList>
<BasicStmnt CovItemId="S7" CovItemPrefix="devops.hw1.core.ACard.java" Intrnl_Id="43">
<LocList>
<Loc EndOffset="1647" SrcFileId="1" StartOffset="1635"/>
</LocList>
</BasicStmnt>
</StmntSeq>
</HierarchyLvl>
<HierarchyLvl HierarchyLvlId="9" HierarchyLvlTypeId="16" Intrnl_Id="44" Name="setName">
<Header>
<Loc EndOffset="1749" SrcFileId="1" StartOffset="1717"/>
</Header>
<LocList>
<Loc EndOffset="1776" SrcFileId="1" StartOffset="1717"/>
</LocList>
<StmntSeq Intrnl_Id="45">
<LocList>
<Loc EndOffset="1772" SrcFileId="1" StartOffset="1755"/>
</LocList>
<BasicStmnt CovItemId="S8" CovItemPrefix="devops.hw1.core.ACard.java" Intrnl_Id="46">
<LocList>
<Loc EndOffset="1772" SrcFileId="1" StartOffset="1755"/>
</LocList>
</BasicStmnt>
</StmntSeq>
</HierarchyLvl>
<HierarchyLvl HierarchyLvlId="10" HierarchyLvlTypeId="16" Intrnl_Id="47" Name="getHonor">
<Header>
<Loc EndOffset="1837" SrcFileId="1" StartOffset="1816"/>
</Header>
<LocList>
<Loc EndOffset="1860" SrcFileId="1" StartOffset="1816"/>
</LocList>
<StmntSeq Intrnl_Id="48">
<LocList>
<Loc EndOffset="1856" SrcFileId="1" StartOffset="1843"/>
</LocList>
<BasicStmnt CovItemId="S9" CovItemPrefix="devops.hw1.core.ACard.java" Intrnl_Id="49">
<LocList>
<Loc EndOffset="1856" SrcFileId="1" StartOffset="1843"/>
</LocList>
</BasicStmnt>
</StmntSeq>
</HierarchyLvl>
<HierarchyLvl HierarchyLvlId="11" HierarchyLvlTypeId="16" Intrnl_Id="50" Name="setHonor">
<Header>
<Loc EndOffset="1959" SrcFileId="1" StartOffset="1928"/>
</Header>
<LocList>
<Loc EndOffset="1988" SrcFileId="1" StartOffset="1928"/>
</LocList>
<StmntSeq Intrnl_Id="51">
<LocList>
<Loc EndOffset="1984" SrcFileId="1" StartOffset="1965"/>
</LocList>
<BasicStmnt CovItemId="S10" CovItemPrefix="devops.hw1.core.ACard.java" Intrnl_Id="52">
<LocList>
<Loc EndOffset="1984" SrcFileId="1" StartOffset="1965"/>
</LocList>
</BasicStmnt>
</StmntSeq>
</HierarchyLvl>
<HierarchyLvl HierarchyLvlId="12" HierarchyLvlTypeId="16" Intrnl_Id="53" Name="getRarity">
<Header>
<Loc EndOffset="2051" SrcFileId="1" StartOffset="2029"/>
</Header>
<LocList>
<Loc EndOffset="2075" SrcFileId="1" StartOffset="2029"/>
</LocList>
<StmntSeq Intrnl_Id="54">
<LocList>
<Loc EndOffset="2071" SrcFileId="1" StartOffset="2057"/>
</LocList>
<BasicStmnt CovItemId="S11" CovItemPrefix="devops.hw1.core.ACard.java" Intrnl_Id="55">
<LocList>
<Loc EndOffset="2071" SrcFileId="1" StartOffset="2057"/>
</LocList>
</BasicStmnt>
</StmntSeq>
</HierarchyLvl>
<HierarchyLvl HierarchyLvlId="13" HierarchyLvlTypeId="16" Intrnl_Id="56" Name="setRarity">
<Header>
<Loc EndOffset="2178" SrcFileId="1" StartOffset="2145"/>
</Header>
<LocList>
<Loc EndOffset="2209" SrcFileId="1" StartOffset="2145"/>
</LocList>
<StmntSeq Intrnl_Id="57">
<LocList>
<Loc EndOffset="2205" SrcFileId="1" StartOffset="2184"/>
</LocList>
<BasicStmnt CovItemId="S12" CovItemPrefix="devops.hw1.core.ACard.java" Intrnl_Id="58">
<LocList>
<Loc EndOffset="2205" SrcFileId="1" StartOffset="2184"/>
</LocList>
</BasicStmnt>
</StmntSeq>
</HierarchyLvl>
<HierarchyLvl HierarchyLvlId="14" HierarchyLvlTypeId="16" Intrnl_Id="59" Name="getImage">
<Header>
<Loc EndOffset="2280" SrcFileId="1" StartOffset="2249"/>
</Header>
<LocList>
<Loc EndOffset="2303" SrcFileId="1" StartOffset="2249"/>
</LocList>
<StmntSeq Intrnl_Id="60">
<LocList>
<Loc EndOffset="2299" SrcFileId="1" StartOffset="2286"/>
</LocList>
<BasicStmnt CovItemId="S13" CovItemPrefix="devops.hw1.core.ACard.java" Intrnl_Id="61">
<LocList>
<Loc EndOffset="2299" SrcFileId="1" StartOffset="2286"/>
</LocList>
</BasicStmnt>
</StmntSeq>
</HierarchyLvl>
<HierarchyLvl HierarchyLvlId="15" HierarchyLvlTypeId="16" Intrnl_Id="62" Name="setImage">
<Header>
<Loc EndOffset="2412" SrcFileId="1" StartOffset="2371"/>
</Header>
<LocList>
<Loc EndOffset="2441" SrcFileId="1" StartOffset="2371"/>
</LocList>
<StmntSeq Intrnl_Id="63">
<LocList>
<Loc EndOffset="2437" SrcFileId="1" StartOffset="2418"/>
</LocList>
<BasicStmnt CovItemId="S14" CovItemPrefix="devops.hw1.core.ACard.java" Intrnl_Id="64">
<LocList>
<Loc EndOffset="2437" SrcFileId="1" StartOffset="2418"/>
</LocList>
</BasicStmnt>
</StmntSeq>
</HierarchyLvl>
<HierarchyLvl HierarchyLvlId="16" HierarchyLvlTypeId="16" Intrnl_Id="65" Name="setEffects">
<Header>
<Loc EndOffset="2569" SrcFileId="1" StartOffset="2513"/>
</Header>
<LocList>
<Loc EndOffset="2602" SrcFileId="1" StartOffset="2513"/>
</LocList>
<StmntSeq Intrnl_Id="66">
<LocList>
<Loc EndOffset="2598" SrcFileId="1" StartOffset="2575"/>
</LocList>
<BasicStmnt CovItemId="S15" CovItemPrefix="devops.hw1.core.ACard.java" Intrnl_Id="67">
<LocList>
<Loc EndOffset="2598" SrcFileId="1" StartOffset="2575"/>
</LocList>
</BasicStmnt>
</StmntSeq>
</HierarchyLvl>
<HierarchyLvl HierarchyLvlId="17" HierarchyLvlTypeId="16" Intrnl_Id="68" Name="getCost">
<Header>
<Loc EndOffset="2694" SrcFileId="1" StartOffset="2674"/>
</Header>
<LocList>
<Loc EndOffset="2721" SrcFileId="1" StartOffset="2674"/>
</LocList>
<StmntSeq Intrnl_Id="69">
<LocList>
<Loc EndOffset="2717" SrcFileId="1" StartOffset="2700"/>
</LocList>
<BasicStmnt CovItemId="S16" CovItemPrefix="devops.hw1.core.ACard.java" Intrnl_Id="70">
<LocList>
<Loc EndOffset="2717" SrcFileId="1" StartOffset="2700"/>
</LocList>
</BasicStmnt>
</StmntSeq>
</HierarchyLvl>
<HierarchyLvl HierarchyLvlId="18" HierarchyLvlTypeId="16" Intrnl_Id="71" Name="setCost">
<Header>
<Loc EndOffset="2815" SrcFileId="1" StartOffset="2789"/>
</Header>
<LocList>
<Loc EndOffset="2839" SrcFileId="1" StartOffset="2789"/>
</LocList>
<StmntSeq Intrnl_Id="72">
<LocList>
<Loc EndOffset="2835" SrcFileId="1" StartOffset="2821"/>
</LocList>
<BasicStmnt CovItemId="S17" CovItemPrefix="devops.hw1.core.ACard.java" Intrnl_Id="73">
<LocList>
<Loc EndOffset="2835" SrcFileId="1" StartOffset="2821"/>
</LocList>
</BasicStmnt>
</StmntSeq>
</HierarchyLvl>
<HierarchyLvl HierarchyLvlId="19" HierarchyLvlTypeId="16" Intrnl_Id="74" Name="getEffects">
<Header>
<Loc EndOffset="2963" SrcFileId="1" StartOffset="2919"/>
</Header>
<LocList>
<Loc EndOffset="2993" SrcFileId="1" StartOffset="2919"/>
</LocList>
<StmntSeq Intrnl_Id="75">
<LocList>
<Loc EndOffset="2989" SrcFileId="1" StartOffset="2969"/>
</LocList>
<BasicStmnt CovItemId="S18" CovItemPrefix="devops.hw1.core.ACard.java" Intrnl_Id="76">
<LocList>
<Loc EndOffset="2989" SrcFileId="1" StartOffset="2969"/>
</LocList>
</BasicStmnt>
</StmntSeq>
</HierarchyLvl>
<HierarchyLvl HierarchyLvlId="20" HierarchyLvlTypeId="16" Intrnl_Id="77" Name="setEffect">
<Header>
<Loc EndOffset="3186" SrcFileId="1" StartOffset="3139"/>
</Header>
<LocList>
<Loc EndOffset="3270" SrcFileId="1" StartOffset="3139"/>
</LocList>
<StmntSeq Intrnl_Id="78">
<LocList>
<Loc EndOffset="3230" SrcFileId="1" StartOffset="3192"/>
<Loc EndOffset="3266" SrcFileId="1" StartOffset="3234"/>
</LocList>
<CondStmnt CovItemId="S19" CovItemPrefix="devops.hw1.core.ACard.java" Intrnl_Id="79">
<Branch CovItemId="B1" CovItemPrefix="devops.hw1.core.ACard.java" Implct="false" Intrnl_Id="80">
<Cond/>
<LocList>
<Loc EndOffset="3230" SrcFileId="1" StartOffset="3212"/>
</LocList>
<StmntSeq Intrnl_Id="81">
<LocList>
<Loc EndOffset="3225" SrcFileId="1" StartOffset="3218"/>
</LocList>
<BasicStmnt CovItemId="S20" CovItemPrefix="devops.hw1.core.ACard.java" Intrnl_Id="82">
<LocList>
<Loc EndOffset="3225" SrcFileId="1" StartOffset="3218"/>
</LocList>
</BasicStmnt>
</StmntSeq>
</Branch>
<Branch CovItemId="B2" CovItemPrefix="devops.hw1.core.ACard.java" Implct="true" Intrnl_Id="83">
<Cond/>
<LocList/>
<StmntSeq Intrnl_Id="84">
<LocList/>
</StmntSeq>
</Branch>
<Keyword EndOffset="3194" SrcFileId="1" StartOffset="3192"/>
<LocList>
<Loc EndOffset="3230" SrcFileId="1" StartOffset="3192"/>
</LocList>
<RootTerm CovItemId="C1" CovItemPrefix="devops.hw1.core.ACard.java" Intrnl_Id="85">
<BasicBoolTerm Intrnl_Id="86">
<LocList>
<Loc EndOffset="3210" SrcFileId="1" StartOffset="3196"/>
</LocList>
</BasicBoolTerm>
</RootTerm>
</CondStmnt>
<BasicStmnt CovItemId="S21" CovItemPrefix="devops.hw1.core.ACard.java" Intrnl_Id="87">
<LocList>
<Loc EndOffset="3266" SrcFileId="1" StartOffset="3234"/>
</LocList>
</BasicStmnt>
</StmntSeq>
</HierarchyLvl>
<HierarchyLvl HierarchyLvlId="21" HierarchyLvlTypeId="16" Intrnl_Id="88" Name="getStrength">
<Header>
<Loc EndOffset="3303" SrcFileId="1" StartOffset="3279"/>
</Header>
<LocList>
<Loc EndOffset="3329" SrcFileId="1" StartOffset="3279"/>
</LocList>
<StmntSeq Intrnl_Id="89">
<LocList>
<Loc EndOffset="3325" SrcFileId="1" StartOffset="3308"/>
</LocList>
<BasicStmnt CovItemId="S22" CovItemPrefix="devops.hw1.core.ACard.java" Intrnl_Id="90">
<LocList>
<Loc EndOffset="3325" SrcFileId="1" StartOffset="3308"/>
</LocList>
</BasicStmnt>
</StmntSeq>
</HierarchyLvl>
</HierarchyLvl>
<HierarchyLvl HierarchyLvlId="29" HierarchyLvlTypeId="17" Intrnl_Id="91" Name="AbstractData">
<Header>
<Loc EndOffset="85" SrcFileId="2" StartOffset="28"/>
</Header>
<LocList>
<Loc EndOffset="1060" SrcFileId="2" StartOffset="28"/>
</LocList>
<HierarchyLvl HierarchyLvlId="23" HierarchyLvlTypeId="16" Intrnl_Id="92" Name="AbstractData">
<Header>
<Loc EndOffset="168" SrcFileId="2" StartOffset="131"/>
</Header>
<LocList>
<Loc EndOffset="214" SrcFileId="2" StartOffset="131"/>
</LocList>
<StmntSeq Intrnl_Id="93">
<LocList>
<Loc EndOffset="187" SrcFileId="2" StartOffset="174"/>
<Loc EndOffset="210" SrcFileId="2" StartOffset="191"/>
</LocList>
<BasicStmnt CovItemId="S1" CovItemPrefix="devops.hw1.core.AbstractData.java" Intrnl_Id="94">
<LocList>
<Loc EndOffset="187" SrcFileId="2" StartOffset="174"/>
</LocList>
</BasicStmnt>
<BasicStmnt CovItemId="S2" CovItemPrefix="devops.hw1.core.AbstractData.java" Intrnl_Id="95">
<LocList>
<Loc EndOffset="210" SrcFileId="2" StartOffset="191"/>
</LocList>
</BasicStmnt>
</StmntSeq>
</HierarchyLvl>
<HierarchyLvl HierarchyLvlId="24" HierarchyLvlTypeId="16" Intrnl_Id="96" Name="getId">
<Header>
<Loc EndOffset="238" SrcFileId="2" StartOffset="219"/>
</Header>
<LocList>
<Loc EndOffset="263" SrcFileId="2" StartOffset="219"/>
</LocList>
<StmntSeq Intrnl_Id="97">
<LocList>
<Loc EndOffset="259" SrcFileId="2" StartOffset="244"/>
</LocList>
<BasicStmnt CovItemId="S3" CovItemPrefix="devops.hw1.core.AbstractData.java" Intrnl_Id="98">
<LocList>
<Loc EndOffset="259" SrcFileId="2" StartOffset="244"/>
</LocList>
</BasicStmnt>
</StmntSeq>
</HierarchyLvl>
<HierarchyLvl HierarchyLvlId="25" HierarchyLvlTypeId="16" Intrnl_Id="99" Name="getValue">
<Header>
<Loc EndOffset="287" SrcFileId="2" StartOffset="268"/>
</Header>
<LocList>
<Loc EndOffset="315" SrcFileId="2" StartOffset="268"/>
</LocList>
<StmntSeq Intrnl_Id="100">
<LocList>
<Loc EndOffset="311" SrcFileId="2" StartOffset="293"/>
</LocList>
<BasicStmnt CovItemId="S4" CovItemPrefix="devops.hw1.core.AbstractData.java" Intrnl_Id="101">
<LocList>
<Loc EndOffset="311" SrcFileId="2" StartOffset="293"/>
</LocList>
</BasicStmnt>
</StmntSeq>
</HierarchyLvl>
<HierarchyLvl HierarchyLvlId="26" HierarchyLvlTypeId="16" Intrnl_Id="102" Name="hashCode">
<Header>
<Loc EndOffset="353" SrcFileId="2" StartOffset="320"/>
</Header>
<LocList>
<Loc EndOffset="547" SrcFileId="2" StartOffset="320"/>
</LocList>
<StmntSeq Intrnl_Id="103">
<LocList>
<Loc EndOffset="380" SrcFileId="2" StartOffset="359"/>
<Loc EndOffset="399" SrcFileId="2" StartOffset="384"/>
<Loc EndOffset="454" SrcFileId="2" StartOffset="403"/>
<Loc EndOffset="525" SrcFileId="2" StartOffset="458"/>
<Loc EndOffset="543" SrcFileId="2" StartOffset="529"/>
</LocList>
<BasicStmnt CovItemId="S5" CovItemPrefix="devops.hw1.core.AbstractData.java" Intrnl_Id="104">
<LocList>
<Loc EndOffset="380" SrcFileId="2" StartOffset="359"/>
</LocList>
</BasicStmnt>
<BasicStmnt CovItemId="S6" CovItemPrefix="devops.hw1.core.AbstractData.java" Intrnl_Id="105">
<LocList>
<Loc EndOffset="399" SrcFileId="2" StartOffset="384"/>
</LocList>
</BasicStmnt>
<BasicStmnt CovItemId="S7" CovItemPrefix="devops.hw1.core.AbstractData.java" Intrnl_Id="106">
<LocList>
<Loc EndOffset="454" SrcFileId="2" StartOffset="403"/>
</LocList>
</BasicStmnt>
<BasicStmnt CovItemId="S8" CovItemPrefix="devops.hw1.core.AbstractData.java" Intrnl_Id="107">
<LocList>
<Loc EndOffset="525" SrcFileId="2" StartOffset="458"/>
</LocList>
<QMO CovItemId="Q0" CovItemPrefix="devops.hw1.core.AbstractData.java" Intrnl_Id="108">
<LocList>
<Loc EndOffset="500" SrcFileId="2" StartOffset="485"/>
</LocList>
<QMO_E CovItemId="Q0-0" CovItemPrefix="devops.hw1.core.AbstractData.java" Intrnl_Id="109">
<LocList>
<Loc EndOffset="504" SrcFileId="2" StartOffset="503"/>
</LocList>
</QMO_E>
<QMO_E CovItemId="Q0-1" CovItemPrefix="devops.hw1.core.AbstractData.java" Intrnl_Id="110">
<LocList>
<Loc EndOffset="523" SrcFileId="2" StartOffset="507"/>
</LocList>
</QMO_E>
</QMO>
</BasicStmnt>
<BasicStmnt CovItemId="S9" CovItemPrefix="devops.hw1.core.AbstractData.java" Intrnl_Id="111">
<LocList>
<Loc EndOffset="543" SrcFileId="2" StartOffset="529"/>
</LocList>
</BasicStmnt>
</StmntSeq>
</HierarchyLvl>
<HierarchyLvl HierarchyLvlId="27" HierarchyLvlTypeId="16" Intrnl_Id="112" Name="equals">
<Header>
<Loc EndOffset="597" SrcFileId="2" StartOffset="552"/>
</Header>
<LocList>
<Loc EndOffset="1008" SrcFileId="2" StartOffset="552"/>
</LocList>
<StmntSeq Intrnl_Id="113">
<LocList>
<Loc EndOffset="636" SrcFileId="2" StartOffset="603"/>
<Loc EndOffset="674" SrcFileId="2" StartOffset="640"/>
<Loc EndOffset="729" SrcFileId="2" StartOffset="678"/>
<Loc EndOffset="815" SrcFileId="2" StartOffset="735"/>
<Loc EndOffset="856" SrcFileId="2" StartOffset="819"/>
<Loc EndOffset="988" SrcFileId="2" StartOffset="860"/>
<Loc EndOffset="1004" SrcFileId="2" StartOffset="992"/>
</LocList>
<CondStmnt CovItemId="S10" CovItemPrefix="devops.hw1.core.AbstractData.java" Intrnl_Id="114">
<Branch CovItemId="B1" CovItemPrefix="devops.hw1.core.AbstractData.java" Implct="false" Intrnl_Id="115">
<Cond/>
<LocList>
<Loc EndOffset="636" SrcFileId="2" StartOffset="624"/>
</LocList>
<StmntSeq Intrnl_Id="116">
<LocList>
<Loc EndOffset="636" SrcFileId="2" StartOffset="624"/>
</LocList>
<BasicStmnt CovItemId="S11" CovItemPrefix="devops.hw1.core.AbstractData.java" Intrnl_Id="117">
<LocList>
<Loc EndOffset="636" SrcFileId="2" StartOffset="624"/>
</LocList>
</BasicStmnt>
</StmntSeq>
</Branch>
<Branch CovItemId="B2" CovItemPrefix="devops.hw1.core.AbstractData.java" Implct="true" Intrnl_Id="118">
<Cond/>
<LocList/>
<StmntSeq Intrnl_Id="119">
<LocList/>
</StmntSeq>
</Branch>
<Keyword EndOffset="605" SrcFileId="2" StartOffset="603"/>
<LocList>
<Loc EndOffset="636" SrcFileId="2" StartOffset="603"/>
</LocList>
<RootTerm CovItemId="C1" CovItemPrefix="devops.hw1.core.AbstractData.java" Intrnl_Id="120">
<BasicBoolTerm Intrnl_Id="121">
<LocList>
<Loc EndOffset="618" SrcFileId="2" StartOffset="607"/>
</LocList>
</BasicBoolTerm>
</RootTerm>
</CondStmnt>
<CondStmnt CovItemId="S12" CovItemPrefix="devops.hw1.core.AbstractData.java" Intrnl_Id="122">
<Branch CovItemId="B3" CovItemPrefix="devops.hw1.core.AbstractData.java" Implct="false" Intrnl_Id="123">
<Cond/>
<LocList>
<Loc EndOffset="674" SrcFileId="2" StartOffset="661"/>
</LocList>
<StmntSeq Intrnl_Id="124">
<LocList>
<Loc EndOffset="674" SrcFileId="2" StartOffset="661"/>
</LocList>
<BasicStmnt CovItemId="S13" CovItemPrefix="devops.hw1.core.AbstractData.java" Intrnl_Id="125">
<LocList>
<Loc EndOffset="674" SrcFileId="2" StartOffset="661"/>
</LocList>
</BasicStmnt>
</StmntSeq>
</Branch>
<Branch CovItemId="B4" CovItemPrefix="devops.hw1.core.AbstractData.java" Implct="true" Intrnl_Id="126">
<Cond/>
<LocList/>
<StmntSeq Intrnl_Id="127">
<LocList/>
</StmntSeq>
</Branch>
<Keyword EndOffset="642" SrcFileId="2" StartOffset="640"/>
<LocList>
<Loc EndOffset="674" SrcFileId="2" StartOffset="640"/>
</LocList>
<RootTerm CovItemId="C2" CovItemPrefix="devops.hw1.core.AbstractData.java" Intrnl_Id="128">
<BasicBoolTerm Intrnl_Id="129">
<LocList>
<Loc EndOffset="655" SrcFileId="2" StartOffset="644"/>
</LocList>
</BasicBoolTerm>
</RootTerm>
</CondStmnt>
<CondStmnt CovItemId="S14" CovItemPrefix="devops.hw1.core.AbstractData.java" Intrnl_Id="130">
<Branch CovItemId="B5" CovItemPrefix="devops.hw1.core.AbstractData.java" Implct="false" Intrnl_Id="131">
<Cond/>
<LocList>
<Loc EndOffset="729" SrcFileId="2" StartOffset="716"/>
</LocList>
<StmntSeq Intrnl_Id="132">
<LocList>
<Loc EndOffset="729" SrcFileId="2" StartOffset="716"/>
</LocList>
<BasicStmnt CovItemId="S15" CovItemPrefix="devops.hw1.core.AbstractData.java" Intrnl_Id="133">
<LocList>
<Loc EndOffset="729" SrcFileId="2" StartOffset="716"/>
</LocList>
</BasicStmnt>
</StmntSeq>
</Branch>
<Branch CovItemId="B6" CovItemPrefix="devops.hw1.core.AbstractData.java" Implct="true" Intrnl_Id="134">
<Cond/>
<LocList/>
<StmntSeq Intrnl_Id="135">
<LocList/>
</StmntSeq>
</Branch>
<Keyword EndOffset="680" SrcFileId="2" StartOffset="678"/>
<LocList>
<Loc EndOffset="729" SrcFileId="2" StartOffset="678"/>
</LocList>
<RootTerm CovItemId="C3" CovItemPrefix="devops.hw1.core.AbstractData.java" Intrnl_Id="136">
<BasicBoolTerm Intrnl_Id="137">
<LocList>
<Loc EndOffset="710" SrcFileId="2" StartOffset="682"/>
</LocList>
</BasicBoolTerm>
</RootTerm>
</CondStmnt>
<BasicStmnt CovItemId="S16" CovItemPrefix="devops.hw1.core.AbstractData.java" Intrnl_Id="138">
<LocList>
<Loc EndOffset="815" SrcFileId="2" StartOffset="735"/>
</LocList>
</BasicStmnt>
<CondStmnt CovItemId="S17" CovItemPrefix="devops.hw1.core.AbstractData.java" Intrnl_Id="139">
<Branch CovItemId="B7" CovItemPrefix="devops.hw1.core.AbstractData.java" Implct="false" Intrnl_Id="140">
<Cond/>
<LocList>
<Loc EndOffset="856" SrcFileId="2" StartOffset="843"/>
</LocList>
<StmntSeq Intrnl_Id="141">
<LocList>
<Loc EndOffset="856" SrcFileId="2" StartOffset="843"/>
</LocList>
<BasicStmnt CovItemId="S18" CovItemPrefix="devops.hw1.core.AbstractData.java" Intrnl_Id="142">
<LocList>
<Loc EndOffset="856" SrcFileId="2" StartOffset="843"/>
</LocList>
</BasicStmnt>
</StmntSeq>
</Branch>
<Branch CovItemId="B8" CovItemPrefix="devops.hw1.core.AbstractData.java" Implct="true" Intrnl_Id="143">
<Cond/>
<LocList/>
<StmntSeq Intrnl_Id="144">
<LocList/>
</StmntSeq>
</Branch>
<Keyword EndOffset="821" SrcFileId="2" StartOffset="819"/>
<LocList>
<Loc EndOffset="856" SrcFileId="2" StartOffset="819"/>
</LocList>
<RootTerm CovItemId="C4" CovItemPrefix="devops.hw1.core.AbstractData.java" Intrnl_Id="145">
<BasicBoolTerm Intrnl_Id="146">
<LocList>
<Loc EndOffset="837" SrcFileId="2" StartOffset="823"/>
</LocList>
</BasicBoolTerm>
</RootTerm>
</CondStmnt>
<CondStmnt CovItemId="S19" CovItemPrefix="devops.hw1.core.AbstractData.java" Intrnl_Id="147">
<Branch CovItemId="B9" CovItemPrefix="devops.hw1.core.AbstractData.java" Implct="false" Intrnl_Id="148">
<Cond/>
<LocList>
<Loc EndOffset="933" SrcFileId="2" StartOffset="879"/>
</LocList>
<StmntSeq Intrnl_Id="149">
<LocList>
<Loc EndOffset="928" SrcFileId="2" StartOffset="885"/>
</LocList>
<CondStmnt CovItemId="S20" CovItemPrefix="devops.hw1.core.AbstractData.java" Intrnl_Id="150">
<Branch CovItemId="B11" CovItemPrefix="devops.hw1.core.AbstractData.java" Implct="false" Intrnl_Id="151">
<Cond/>
<LocList>
<Loc EndOffset="928" SrcFileId="2" StartOffset="915"/>
</LocList>
<StmntSeq Intrnl_Id="152">
<LocList>
<Loc EndOffset="928" SrcFileId="2" StartOffset="915"/>
</LocList>
<BasicStmnt CovItemId="S21" CovItemPrefix="devops.hw1.core.AbstractData.java" Intrnl_Id="153">
<LocList>
<Loc EndOffset="928" SrcFileId="2" StartOffset="915"/>
</LocList>
</BasicStmnt>
</StmntSeq>
</Branch>
<Branch CovItemId="B12" CovItemPrefix="devops.hw1.core.AbstractData.java" Implct="true" Intrnl_Id="154">
<Cond/>
<LocList/>
<StmntSeq Intrnl_Id="155">
<LocList/>
</StmntSeq>
</Branch>
<Keyword EndOffset="887" SrcFileId="2" StartOffset="885"/>
<LocList>
<Loc EndOffset="928" SrcFileId="2" StartOffset="885"/>
</LocList>
<RootTerm CovItemId="C6" CovItemPrefix="devops.hw1.core.AbstractData.java" Intrnl_Id="156">
<BasicBoolTerm Intrnl_Id="157">
<LocList>
<Loc EndOffset="908" SrcFileId="2" StartOffset="889"/>
</LocList>
</BasicBoolTerm>
</RootTerm>
</CondStmnt>
</StmntSeq>
</Branch>
<Branch CovItemId="B10" CovItemPrefix="devops.hw1.core.AbstractData.java" Implct="false" Intrnl_Id="158">
<Cond>
<Loc EndOffset="938" SrcFileId="2" StartOffset="934"/>
</Cond>
<LocList>
<Loc EndOffset="988" SrcFileId="2" StartOffset="939"/>
</LocList>
<StmntSeq Intrnl_Id="159">
<LocList>
<Loc EndOffset="988" SrcFileId="2" StartOffset="939"/>
</LocList>
<CondStmnt CovItemId="S22" CovItemPrefix="devops.hw1.core.AbstractData.java" Intrnl_Id="160">
<Branch CovItemId="B13" CovItemPrefix="devops.hw1.core.AbstractData.java" Implct="false" Intrnl_Id="161">
<Cond/>
<LocList>
<Loc EndOffset="988" SrcFileId="2" StartOffset="975"/>
</LocList>
<StmntSeq Intrnl_Id="162">
<LocList>
<Loc EndOffset="988" SrcFileId="2" StartOffset="975"/>
</LocList>
<BasicStmnt CovItemId="S23" CovItemPrefix="devops.hw1.core.AbstractData.java" Intrnl_Id="163">
<LocList>
<Loc EndOffset="988" SrcFileId="2" StartOffset="975"/>
</LocList>
</BasicStmnt>
</StmntSeq>
</Branch>
<Branch CovItemId="B14" CovItemPrefix="devops.hw1.core.AbstractData.java" Implct="true" Intrnl_Id="164">
<Cond/>
<LocList/>
<StmntSeq Intrnl_Id="165">
<LocList/>
</StmntSeq>
</Branch>
<Keyword EndOffset="941" SrcFileId="2" StartOffset="939"/>
<LocList>
<Loc EndOffset="988" SrcFileId="2" StartOffset="939"/>
</LocList>
<RootTerm CovItemId="C7" CovItemPrefix="devops.hw1.core.AbstractData.java" Intrnl_Id="166">
<OpTerm BooleanOpId="13" Intrnl_Id="167">
<BasicBoolTerm Intrnl_Id="168">
<LocList>
<Loc EndOffset="969" SrcFileId="2" StartOffset="944"/>
</LocList>
</BasicBoolTerm>
<LocList>
<Loc EndOffset="944" SrcFileId="2" StartOffset="943"/>
</LocList>
</OpTerm>
</RootTerm>
</CondStmnt>
</StmntSeq>
</Branch>
<Keyword EndOffset="862" SrcFileId="2" StartOffset="860"/>
<LocList>
<Loc EndOffset="988" SrcFileId="2" StartOffset="860"/>
</LocList>
<RootTerm CovItemId="C5" CovItemPrefix="devops.hw1.core.AbstractData.java" Intrnl_Id="169">
<BasicBoolTerm Intrnl_Id="170">
<LocList>
<Loc EndOffset="877" SrcFileId="2" StartOffset="864"/>
</LocList>
</BasicBoolTerm>
</RootTerm>
</CondStmnt>
<BasicStmnt CovItemId="S24" CovItemPrefix="devops.hw1.core.AbstractData.java" Intrnl_Id="171">
<LocList>
<Loc EndOffset="1004" SrcFileId="2" StartOffset="992"/>
</LocList>
</BasicStmnt>
</StmntSeq>
</HierarchyLvl>
<HierarchyLvl HierarchyLvlId="28" HierarchyLvlTypeId="16" Intrnl_Id="172" Name="compareTo">
<Header>
<Loc EndOffset="1056" SrcFileId="2" StartOffset="1015"/>
</Header>
<LocList>
<Loc EndOffset="1057" SrcFileId="2" StartOffset="1015"/>
</LocList>
</HierarchyLvl>
</HierarchyLvl>
<HierarchyLvl HierarchyLvlId="40" HierarchyLvlTypeId="17" Intrnl_Id="173" Name="Board">
<Header>
<Loc EndOffset="275" SrcFileId="3" StartOffset="257"/>
</Header>
<LocList>
<Loc EndOffset="2682" SrcFileId="3" StartOffset="257"/>
</LocList>
<HierarchyLvl HierarchyLvlId="30" HierarchyLvlTypeId="16" Intrnl_Id="174" Name="Board">
<Header>
<Loc EndOffset="542" SrcFileId="3" StartOffset="528"/>
</Header>
<LocList>
<Loc EndOffset="928" SrcFileId="3" StartOffset="528"/>
</LocList>
<StmntSeq Intrnl_Id="175">
<LocList>
<Loc EndOffset="579" SrcFileId="3" StartOffset="558"/>
<Loc EndOffset="663" SrcFileId="3" StartOffset="548"/>
<Loc EndOffset="705" SrcFileId="3" StartOffset="667"/>
<Loc EndOffset="748" SrcFileId="3" StartOffset="709"/>
<Loc EndOffset="781" SrcFileId="3" StartOffset="752"/>
<Loc EndOffset="812" SrcFileId="3" StartOffset="789"/>
<Loc EndOffset="852" SrcFileId="3" StartOffset="820"/>
<Loc EndOffset="889" SrcFileId="3" StartOffset="856"/>
<Loc EndOffset="924" SrcFileId="3" StartOffset="893"/>
</LocList>
<BasicStmnt CovItemId="S2" CovItemPrefix="devops.hw1.core.Board.java" Intrnl_Id="176">
<LocList>
<Loc EndOffset="579" SrcFileId="3" StartOffset="558"/>
</LocList>
</BasicStmnt>
<CondStmnt CovItemId="S1" CovItemPrefix="devops.hw1.core.Board.java" Intrnl_Id="177">
<Branch CovItemId="B1" CovItemPrefix="devops.hw1.core.Board.java" Implct="true" Intrnl_Id="178">
<Cond/>
<LocList/>
<StmntSeq Intrnl_Id="179">
<LocList/>
</StmntSeq>
</Branch>
<Branch CovItemId="B2" CovItemPrefix="devops.hw1.core.Board.java" Implct="false" Intrnl_Id="180">
<Cond>
<Loc EndOffset="614" SrcFileId="3" StartOffset="585"/>
</Cond>
<LocList>
<Loc EndOffset="663" SrcFileId="3" StartOffset="615"/>
</LocList>
<StmntSeq Intrnl_Id="181">
<LocList>
<Loc EndOffset="658" SrcFileId="3" StartOffset="621"/>
</LocList>
<BasicStmnt CovItemId="S3" CovItemPrefix="devops.hw1.core.Board.java" Intrnl_Id="182">
<LocList>
<Loc EndOffset="658" SrcFileId="3" StartOffset="621"/>
</LocList>
</BasicStmnt>
</StmntSeq>
</Branch>
<Keyword EndOffset="551" SrcFileId="3" StartOffset="548"/>
<LocList>
<Loc EndOffset="663" SrcFileId="3" StartOffset="548"/>
</LocList>
</CondStmnt>
<BasicStmnt CovItemId="S4" CovItemPrefix="devops.hw1.core.Board.java" Intrnl_Id="183">
<LocList>
<Loc EndOffset="705" SrcFileId="3" StartOffset="667"/>
</LocList>
</BasicStmnt>
<BasicStmnt CovItemId="S5" CovItemPrefix="devops.hw1.core.Board.java" Intrnl_Id="184">
<LocList>
<Loc EndOffset="748" SrcFileId="3" StartOffset="709"/>
</LocList>
</BasicStmnt>
<BasicStmnt CovItemId="S6" CovItemPrefix="devops.hw1.core.Board.java" Intrnl_Id="185">
<LocList>
<Loc EndOffset="781" SrcFileId="3" StartOffset="752"/>
</LocList>
</BasicStmnt>
<BasicStmnt CovItemId="S7" CovItemPrefix="devops.hw1.core.Board.java" Intrnl_Id="186">
<LocList>
<Loc EndOffset="812" SrcFileId="3" StartOffset="789"/>
</LocList>
</BasicStmnt>
<BasicStmnt CovItemId="S8" CovItemPrefix="devops.hw1.core.Board.java" Intrnl_Id="187">
<LocList>
<Loc EndOffset="852" SrcFileId="3" StartOffset="820"/>
</LocList>
</BasicStmnt>
<BasicStmnt CovItemId="S9" CovItemPrefix="devops.hw1.core.Board.java" Intrnl_Id="188">
<LocList>
<Loc EndOffset="889" SrcFileId="3" StartOffset="856"/>
</LocList>
</BasicStmnt>
<BasicStmnt CovItemId="S10" CovItemPrefix="devops.hw1.core.Board.java" Intrnl_Id="189">
<LocList>
<Loc EndOffset="924" SrcFileId="3" StartOffset="893"/>
</LocList>
</BasicStmnt>
</StmntSeq>
</HierarchyLvl>
<HierarchyLvl HierarchyLvlId="31" HierarchyLvlTypeId="16" Intrnl_Id="190" Name="initializeCenterDeck">
<Header>
<Loc EndOffset="1098" SrcFileId="3" StartOffset="1063"/>
</Header>
<LocList>
<Loc EndOffset="1387" SrcFileId="3" StartOffset="1063"/>
</LocList>
<StmntSeq Intrnl_Id="191">
<LocList>
<Loc EndOffset="1281" SrcFileId="3" StartOffset="1104"/>
<Loc EndOffset="1319" SrcFileId="3" StartOffset="1285"/>
<Loc EndOffset="1383" SrcFileId="3" StartOffset="1323"/>
</LocList>
<LoopStmnt CovItemId="S11" CovItemPrefix="devops.hw1.core.Board.java" Intrnl_Id="192" MltplExecId="L1-2" MltplExecPrefix="devops.hw1.core.Board.java" NvrExecId="L1-0" NvrExecPrefix="devops.hw1.core.Board.java" OnceExecutedId="L1-1" OnceExecutedPrefix="devops.hw1.core.Board.java" OptBodyExec="true">
<StmntSeq Intrnl_Id="193">
<LocList>
<Loc EndOffset="1276" SrcFileId="3" StartOffset="1164"/>
</LocList>
<LoopStmnt CovItemId="S12" CovItemPrefix="devops.hw1.core.Board.java" Intrnl_Id="194" MltplExecId="L2-2" MltplExecPrefix="devops.hw1.core.Board.java" NvrExecId="L2-0" NvrExecPrefix="devops.hw1.core.Board.java" OnceExecutedId="L2-1" OnceExecutedPrefix="devops.hw1.core.Board.java" OptBodyExec="true">
<StmntSeq Intrnl_Id="195">
<LocList>
<Loc EndOffset="1270" SrcFileId="3" StartOffset="1228"/>
</LocList>
<BasicStmnt CovItemId="S13" CovItemPrefix="devops.hw1.core.Board.java" Intrnl_Id="196">
<LocList>
<Loc EndOffset="1270" SrcFileId="3" StartOffset="1228"/>
</LocList>
</BasicStmnt>
</StmntSeq>
<Keyword EndOffset="1167" SrcFileId="3" StartOffset="1164"/>
<LocList>
<Loc EndOffset="1276" SrcFileId="3" StartOffset="1164"/>
</LocList>
<RootTerm CovItemId="C2" CovItemPrefix="devops.hw1.core.Board.java" Intrnl_Id="197">
<BasicBoolTerm Intrnl_Id="198">
<LocList>
<Loc EndOffset="1214" SrcFileId="3" StartOffset="1180"/>
</LocList>
</BasicBoolTerm>
</RootTerm>
</LoopStmnt>
</StmntSeq>
<Keyword EndOffset="1107" SrcFileId="3" StartOffset="1104"/>
<LocList>
<Loc EndOffset="1281" SrcFileId="3" StartOffset="1104"/>
</LocList>
<RootTerm CovItemId="C1" CovItemPrefix="devops.hw1.core.Board.java" Intrnl_Id="199">
<BasicBoolTerm Intrnl_Id="200">
<LocList>
<Loc EndOffset="1151" SrcFileId="3" StartOffset="1120"/>
</LocList>
</BasicBoolTerm>
</RootTerm>
</LoopStmnt>
<BasicStmnt CovItemId="S14" CovItemPrefix="devops.hw1.core.Board.java" Intrnl_Id="201">
<LocList>
<Loc EndOffset="1319" SrcFileId="3" StartOffset="1285"/>
</LocList>
</BasicStmnt>
<LoopStmnt CovItemId="S15" CovItemPrefix="devops.hw1.core.Board.java" Intrnl_Id="202" MltplExecId="L3-2" MltplExecPrefix="devops.hw1.core.Board.java" NvrExecId="L3-0" NvrExecPrefix="devops.hw1.core.Board.java" OnceExecutedId="L3-1" OnceExecutedPrefix="devops.hw1.core.Board.java" OptBodyExec="true">
<StmntSeq Intrnl_Id="203">
<LocList>
<Loc EndOffset="1378" SrcFileId="3" StartOffset="1357"/>
</LocList>
<BasicStmnt CovItemId="S16" CovItemPrefix="devops.hw1.core.Board.java" Intrnl_Id="204">
<LocList>
<Loc EndOffset="1378" SrcFileId="3" StartOffset="1357"/>
</LocList>
</BasicStmnt>
</StmntSeq>
<Keyword EndOffset="1326" SrcFileId="3" StartOffset="1323"/>
<LocList>
<Loc EndOffset="1383" SrcFileId="3" StartOffset="1323"/>
</LocList>
<RootTerm CovItemId="C3" CovItemPrefix="devops.hw1.core.Board.java" Intrnl_Id="205">
<BasicBoolTerm Intrnl_Id="206">
<LocList>
<Loc EndOffset="1344" SrcFileId="3" StartOffset="1339"/>
</LocList>
</BasicBoolTerm>
</RootTerm>
</LoopStmnt>
</StmntSeq>
</HierarchyLvl>
<HierarchyLvl HierarchyLvlId="32" HierarchyLvlTypeId="16" Intrnl_Id="207" Name="getVoid">
<Header>
<Loc EndOffset="1513" SrcFileId="3" StartOffset="1480"/>
</Header>
<LocList>
<Loc EndOffset="1543" SrcFileId="3" StartOffset="1480"/>
</LocList>
<StmntSeq Intrnl_Id="208">
<LocList>
<Loc EndOffset="1539" SrcFileId="3" StartOffset="1519"/>
</LocList>
<BasicStmnt CovItemId="S17" CovItemPrefix="devops.hw1.core.Board.java" Intrnl_Id="209">
<LocList>
<Loc EndOffset="1539" SrcFileId="3" StartOffset="1519"/>
</LocList>
</BasicStmnt>
</StmntSeq>
</HierarchyLvl>
<HierarchyLvl HierarchyLvlId="33" HierarchyLvlTypeId="16" Intrnl_Id="210" Name="sendToVoid">
<Header>
<Loc EndOffset="1689" SrcFileId="3" StartOffset="1655"/>
</Header>
<LocList>
<Loc EndOffset="1759" SrcFileId="3" StartOffset="1655"/>
</LocList>
<StmntSeq Intrnl_Id="211">
<LocList>
<Loc EndOffset="1728" SrcFileId="3" StartOffset="1694"/>
<Loc EndOffset="1755" SrcFileId="3" StartOffset="1732"/>
</LocList>
<CondStmnt CovItemId="S18" CovItemPrefix="devops.hw1.core.Board.java" Intrnl_Id="212">
<Branch CovItemId="B3" CovItemPrefix="devops.hw1.core.Board.java" Implct="false" Intrnl_Id="213">
<Cond/>
<LocList>
<Loc EndOffset="1728" SrcFileId="3" StartOffset="1710"/>
</LocList>
<StmntSeq Intrnl_Id="214">
<LocList>
<Loc EndOffset="1723" SrcFileId="3" StartOffset="1716"/>
</LocList>
<BasicStmnt CovItemId="S19" CovItemPrefix="devops.hw1.core.Board.java" Intrnl_Id="215">
<LocList>
<Loc EndOffset="1723" SrcFileId="3" StartOffset="1716"/>
</LocList>
</BasicStmnt>
</StmntSeq>
</Branch>
<Branch CovItemId="B4" CovItemPrefix="devops.hw1.core.Board.java" Implct="true" Intrnl_Id="216">
<Cond/>
<LocList/>
<StmntSeq Intrnl_Id="217">
<LocList/>
</StmntSeq>
</Branch>
<Keyword EndOffset="1696" SrcFileId="3" StartOffset="1694"/>
<LocList>
<Loc EndOffset="1728" SrcFileId="3" StartOffset="1694"/>
</LocList>
<RootTerm CovItemId="C4" CovItemPrefix="devops.hw1.core.Board.java" Intrnl_Id="218">
<BasicBoolTerm Intrnl_Id="219">
<LocList>
<Loc EndOffset="1709" SrcFileId="3" StartOffset="1697"/>
</LocList>
</BasicBoolTerm>
</RootTerm>
</CondStmnt>
<BasicStmnt CovItemId="S20" CovItemPrefix="devops.hw1.core.Board.java" Intrnl_Id="220">
<LocList>
<Loc EndOffset="1755" SrcFileId="3" StartOffset="1732"/>
</LocList>
</BasicStmnt>
</StmntSeq>
</HierarchyLvl>
<HierarchyLvl HierarchyLvlId="34" HierarchyLvlTypeId="16" Intrnl_Id="221" Name="getCenDeck">
<Header>
<Loc EndOffset="1844" SrcFileId="3" StartOffset="1807"/>
</Header>
<LocList>
<Loc EndOffset="1874" SrcFileId="3" StartOffset="1807"/>
</LocList>
<StmntSeq Intrnl_Id="222">
<LocList>
<Loc EndOffset="1870" SrcFileId="3" StartOffset="1850"/>
</LocList>
<BasicStmnt CovItemId="S21" CovItemPrefix="devops.hw1.core.Board.java" Intrnl_Id="223">
<LocList>
<Loc EndOffset="1870" SrcFileId="3" StartOffset="1850"/>
</LocList>
</BasicStmnt>
</StmntSeq>
</HierarchyLvl>
<HierarchyLvl HierarchyLvlId="35" HierarchyLvlTypeId="16" Intrnl_Id="224" Name="getCultist">
<Header>
<Loc EndOffset="1957" SrcFileId="3" StartOffset="1932"/>
</Header>
<LocList>
<Loc EndOffset="1987" SrcFileId="3" StartOffset="1932"/>
</LocList>
<StmntSeq Intrnl_Id="225">
<LocList>
<Loc EndOffset="1983" SrcFileId="3" StartOffset="1963"/>
</LocList>
<BasicStmnt CovItemId="S22" CovItemPrefix="devops.hw1.core.Board.java" Intrnl_Id="226">
<LocList>
<Loc EndOffset="1983" SrcFileId="3" StartOffset="1963"/>
</LocList>
</BasicStmnt>
</StmntSeq>
</HierarchyLvl>
<HierarchyLvl HierarchyLvlId="36" HierarchyLvlTypeId="16" Intrnl_Id="227" Name="getHeavyInf">
<Header>
<Loc EndOffset="2078" SrcFileId="3" StartOffset="2052"/>
</Header>
<LocList>
<Loc EndOffset="2109" SrcFileId="3" StartOffset="2052"/>
</LocList>
<StmntSeq Intrnl_Id="228">
<LocList>
<Loc EndOffset="2105" SrcFileId="3" StartOffset="2084"/>
</LocList>
<BasicStmnt CovItemId="S23" CovItemPrefix="devops.hw1.core.Board.java" Intrnl_Id="229">
<LocList>
<Loc EndOffset="2105" SrcFileId="3" StartOffset="2084"/>
</LocList>
</BasicStmnt>
</StmntSeq>
</HierarchyLvl>
<HierarchyLvl HierarchyLvlId="37" HierarchyLvlTypeId="16" Intrnl_Id="230" Name="getMystic">
<Header>
<Loc EndOffset="2190" SrcFileId="3" StartOffset="2166"/>
</Header>
<LocList>
<Loc EndOffset="2219" SrcFileId="3" StartOffset="2166"/>
</LocList>
<StmntSeq Intrnl_Id="231">
<LocList>
<Loc EndOffset="2215" SrcFileId="3" StartOffset="2196"/>
</LocList>
<BasicStmnt CovItemId="S24" CovItemPrefix="devops.hw1.core.Board.java" Intrnl_Id="232">
<LocList>
<Loc EndOffset="2215" SrcFileId="3" StartOffset="2196"/>
</LocList>
</BasicStmnt>
</StmntSeq>
</HierarchyLvl>
<HierarchyLvl HierarchyLvlId="38" HierarchyLvlTypeId="16" Intrnl_Id="233" Name="centerDeckToField">
<Header>
<Loc EndOffset="2461" SrcFileId="3" StartOffset="2421"/>
</Header>
<LocList>
<Loc EndOffset="2538" SrcFileId="3" StartOffset="2421"/>
</LocList>
<StmntSeq Intrnl_Id="234">
<LocList>
<Loc EndOffset="2502" SrcFileId="3" StartOffset="2467"/>
<Loc EndOffset="2534" SrcFileId="3" StartOffset="2506"/>
</LocList>
<BasicStmnt CovItemId="S25" CovItemPrefix="devops.hw1.core.Board.java" Intrnl_Id="235">
<LocList>
<Loc EndOffset="2502" SrcFileId="3" StartOffset="2467"/>
</LocList>
</BasicStmnt>
<BasicStmnt CovItemId="S26" CovItemPrefix="devops.hw1.core.Board.java" Intrnl_Id="236">
<LocList>
<Loc EndOffset="2534" SrcFileId="3" StartOffset="2506"/>
</LocList>
</BasicStmnt>
</StmntSeq>
</HierarchyLvl>
<HierarchyLvl HierarchyLvlId="39" HierarchyLvlTypeId="16" Intrnl_Id="237" Name="getCenField">
<Header>
<Loc EndOffset="2648" SrcFileId="3" StartOffset="2620"/>
</Header>
<LocList>
<Loc EndOffset="2679" SrcFileId="3" StartOffset="2620"/>
</LocList>
<StmntSeq Intrnl_Id="238">
<LocList>
<Loc EndOffset="2675" SrcFileId="3" StartOffset="2654"/>
</LocList>
<BasicStmnt CovItemId="S27" CovItemPrefix="devops.hw1.core.Board.java" Intrnl_Id="239">
<LocList>
<Loc EndOffset="2675" SrcFileId="3" StartOffset="2654"/>
</LocList>
</BasicStmnt>
</StmntSeq>
</HierarchyLvl>
</HierarchyLvl>
<HierarchyLvl HierarchyLvlId="42" HierarchyLvlTypeId="17" Intrnl_Id="240" Name="CardCollection">
<Header>
<Loc EndOffset="340" SrcFileId="4" StartOffset="313"/>
</Header>
<LocList>
<Loc EndOffset="3493" SrcFileId="4" StartOffset="313"/>
</LocList>
<StmntSeq Intrnl_Id="241">
<LocList>
<Loc EndOffset="722" SrcFileId="4" StartOffset="679"/>
<Loc EndOffset="768" SrcFileId="4" StartOffset="725"/>
<Loc EndOffset="812" SrcFileId="4" StartOffset="771"/>
<Loc EndOffset="858" SrcFileId="4" StartOffset="815"/>
</LocList>
<BasicStmnt CovItemId="S1" CovItemPrefix="devops.hw1.core.CardCollection.java" Intrnl_Id="242">
<LocList>
<Loc EndOffset="722" SrcFileId="4" StartOffset="679"/>
</LocList>
</BasicStmnt>
<BasicStmnt CovItemId="S2" CovItemPrefix="devops.hw1.core.CardCollection.java" Intrnl_Id="243">
<LocList>
<Loc EndOffset="768" SrcFileId="4" StartOffset="725"/>
</LocList>
</BasicStmnt>
<BasicStmnt CovItemId="S3" CovItemPrefix="devops.hw1.core.CardCollection.java" Intrnl_Id="244">
<LocList>
<Loc EndOffset="812" SrcFileId="4" StartOffset="771"/>
</LocList>
</BasicStmnt>
<BasicStmnt CovItemId="S4" CovItemPrefix="devops.hw1.core.CardCollection.java" Intrnl_Id="245">
<LocList>
<Loc EndOffset="858" SrcFileId="4" StartOffset="815"/>
</LocList>
</BasicStmnt>
</StmntSeq>
<HierarchyLvl HierarchyLvlId="41" HierarchyLvlTypeId="16" Intrnl_Id="246" Name="CardCollection">
<Header>
<Loc EndOffset="906" SrcFileId="4" StartOffset="864"/>
</Header>
<LocList>
<Loc EndOffset="3488" SrcFileId="4" StartOffset="864"/>
</LocList>
<StmntSeq Intrnl_Id="247">
<LocList>
<Loc EndOffset="972" SrcFileId="4" StartOffset="911"/>
<Loc EndOffset="1038" SrcFileId="4" StartOffset="976"/>
<Loc EndOffset="1104" SrcFileId="4" StartOffset="1042"/>
<Loc EndOffset="1170" SrcFileId="4" StartOffset="1108"/>
<Loc EndOffset="1236" SrcFileId="4" StartOffset="1174"/>
<Loc EndOffset="1302" SrcFileId="4" StartOffset="1240"/>
<Loc EndOffset="1368" SrcFileId="4" StartOffset="1306"/>
<Loc EndOffset="1434" SrcFileId="4" StartOffset="1372"/>
<Loc EndOffset="1500" SrcFileId="4" StartOffset="1438"/>
<Loc EndOffset="1566" SrcFileId="4" StartOffset="1504"/>
<Loc EndOffset="1633" SrcFileId="4" StartOffset="1570"/>
<Loc EndOffset="1700" SrcFileId="4" StartOffset="1637"/>
<Loc EndOffset="1733" SrcFileId="4" StartOffset="1706"/>
<Loc EndOffset="1811" SrcFileId="4" StartOffset="1741"/>
<Loc EndOffset="1839" SrcFileId="4" StartOffset="1821"/>
<Loc EndOffset="1923" SrcFileId="4" StartOffset="1843"/>
<Loc EndOffset="1999" SrcFileId="4" StartOffset="1931"/>
<Loc EndOffset="2024" SrcFileId="4" StartOffset="2005"/>
<Loc EndOffset="2103" SrcFileId="4" StartOffset="2028"/>
<Loc EndOffset="2182" SrcFileId="4" StartOffset="2111"/>
<Loc EndOffset="2208" SrcFileId="4" StartOffset="2190"/>
<Loc EndOffset="2299" SrcFileId="4" StartOffset="2212"/>
<Loc EndOffset="2377" SrcFileId="4" StartOffset="2307"/>
<Loc EndOffset="2402" SrcFileId="4" StartOffset="2383"/>
<Loc EndOffset="2484" SrcFileId="4" StartOffset="2406"/>
<Loc EndOffset="2561" SrcFileId="4" StartOffset="2492"/>
<Loc EndOffset="2586" SrcFileId="4" StartOffset="2567"/>
<Loc EndOffset="2608" SrcFileId="4" StartOffset="2590"/>
<Loc EndOffset="2693" SrcFileId="4" StartOffset="2612"/>
<Loc EndOffset="2772" SrcFileId="4" StartOffset="2701"/>
<Loc EndOffset="2799" SrcFileId="4" StartOffset="2780"/>
<Loc EndOffset="2821" SrcFileId="4" StartOffset="2803"/>
<Loc EndOffset="2911" SrcFileId="4" StartOffset="2825"/>
<Loc EndOffset="3003" SrcFileId="4" StartOffset="2919"/>
<Loc EndOffset="3029" SrcFileId="4" StartOffset="3011"/>
<Loc EndOffset="3143" SrcFileId="4" StartOffset="3033"/>
<Loc EndOffset="3231" SrcFileId="4" StartOffset="3151"/>
<Loc EndOffset="3258" SrcFileId="4" StartOffset="3239"/>
<Loc EndOffset="3358" SrcFileId="4" StartOffset="3262"/>
<Loc EndOffset="3484" SrcFileId="4" StartOffset="3366"/>
</LocList>
<BasicStmnt CovItemId="S5" CovItemPrefix="devops.hw1.core.CardCollection.java" Intrnl_Id="248">
<LocList>
<Loc EndOffset="972" SrcFileId="4" StartOffset="911"/>
</LocList>
</BasicStmnt>
<BasicStmnt CovItemId="S6" CovItemPrefix="devops.hw1.core.CardCollection.java" Intrnl_Id="249">
<LocList>
<Loc EndOffset="1038" SrcFileId="4" StartOffset="976"/>
</LocList>
</BasicStmnt>
<BasicStmnt CovItemId="S7" CovItemPrefix="devops.hw1.core.CardCollection.java" Intrnl_Id="250">
<LocList>
<Loc EndOffset="1104" SrcFileId="4" StartOffset="1042"/>
</LocList>
</BasicStmnt>
<BasicStmnt CovItemId="S8" CovItemPrefix="devops.hw1.core.CardCollection.java" Intrnl_Id="251">
<LocList>
<Loc EndOffset="1170" SrcFileId="4" StartOffset="1108"/>
</LocList>
</BasicStmnt>
<BasicStmnt CovItemId="S9" CovItemPrefix="devops.hw1.core.CardCollection.java" Intrnl_Id="252">
<LocList>
<Loc EndOffset="1236" SrcFileId="4" StartOffset="1174"/>
</LocList>
</BasicStmnt>
<BasicStmnt CovItemId="S10" CovItemPrefix="devops.hw1.core.CardCollection.java" Intrnl_Id="253">
<LocList>
<Loc EndOffset="1302" SrcFileId="4" StartOffset="1240"/>
</LocList>
</BasicStmnt>
<BasicStmnt CovItemId="S11" CovItemPrefix="devops.hw1.core.CardCollection.java" Intrnl_Id="254">
<LocList>
<Loc EndOffset="1368" SrcFileId="4" StartOffset="1306"/>
</LocList>
</BasicStmnt>
<BasicStmnt CovItemId="S12" CovItemPrefix="devops.hw1.core.CardCollection.java" Intrnl_Id="255">
<LocList>
<Loc EndOffset="1434" SrcFileId="4" StartOffset="1372"/>
</LocList>
</BasicStmnt>
<BasicStmnt CovItemId="S13" CovItemPrefix="devops.hw1.core.CardCollection.java" Intrnl_Id="256">
<LocList>
<Loc EndOffset="1500" SrcFileId="4" StartOffset="1438"/>
</LocList>
</BasicStmnt>
<BasicStmnt CovItemId="S14" CovItemPrefix="devops.hw1.core.CardCollection.java" Intrnl_Id="257">
<LocList>
<Loc EndOffset="1566" SrcFileId="4" StartOffset="1504"/>
</LocList>
</BasicStmnt>
<BasicStmnt CovItemId="S15" CovItemPrefix="devops.hw1.core.CardCollection.java" Intrnl_Id="258">
<LocList>
<Loc EndOffset="1633" SrcFileId="4" StartOffset="1570"/>
</LocList>
</BasicStmnt>
<BasicStmnt CovItemId="S16" CovItemPrefix="devops.hw1.core.CardCollection.java" Intrnl_Id="259">
<LocList>
<Loc EndOffset="1700" SrcFileId="4" StartOffset="1637"/>
</LocList>
</BasicStmnt>
<BasicStmnt CovItemId="S17" CovItemPrefix="devops.hw1.core.CardCollection.java" Intrnl_Id="260">
<LocList>
<Loc EndOffset="1733" SrcFileId="4" StartOffset="1706"/>
</LocList>
</BasicStmnt>
<BasicStmnt CovItemId="S18" CovItemPrefix="devops.hw1.core.CardCollection.java" Intrnl_Id="261">
<LocList>
<Loc EndOffset="1811" SrcFileId="4" StartOffset="1741"/>
</LocList>
</BasicStmnt>
<BasicStmnt CovItemId="S19" CovItemPrefix="devops.hw1.core.CardCollection.java" Intrnl_Id="262">
<LocList>
<Loc EndOffset="1839" SrcFileId="4" StartOffset="1821"/>
</LocList>
</BasicStmnt>
<BasicStmnt CovItemId="S20" CovItemPrefix="devops.hw1.core.CardCollection.java" Intrnl_Id="263">
<LocList>
<Loc EndOffset="1923" SrcFileId="4" StartOffset="1843"/>
</LocList>
</BasicStmnt>
<BasicStmnt CovItemId="S21" CovItemPrefix="devops.hw1.core.CardCollection.java" Intrnl_Id="264">
<LocList>
<Loc EndOffset="1999" SrcFileId="4" StartOffset="1931"/>
</LocList>
</BasicStmnt>
<BasicStmnt CovItemId="S22" CovItemPrefix="devops.hw1.core.CardCollection.java" Intrnl_Id="265">
<LocList>
<Loc EndOffset="2024" SrcFileId="4" StartOffset="2005"/>
</LocList>
</BasicStmnt>
<BasicStmnt CovItemId="S23" CovItemPrefix="devops.hw1.core.CardCollection.java" Intrnl_Id="266">
<LocList>
<Loc EndOffset="2103" SrcFileId="4" StartOffset="2028"/>
</LocList>
</BasicStmnt>
<BasicStmnt CovItemId="S24" CovItemPrefix="devops.hw1.core.CardCollection.java" Intrnl_Id="267">
<LocList>
<Loc EndOffset="2182" SrcFileId="4" StartOffset="2111"/>
</LocList>
</BasicStmnt>
<BasicStmnt CovItemId="S25" CovItemPrefix="devops.hw1.core.CardCollection.java" Intrnl_Id="268">
<LocList>
<Loc EndOffset="2208" SrcFileId="4" StartOffset="2190"/>
</LocList>
</BasicStmnt>
<BasicStmnt CovItemId="S26" CovItemPrefix="devops.hw1.core.CardCollection.java" Intrnl_Id="269">
<LocList>
<Loc EndOffset="2299" SrcFileId="4" StartOffset="2212"/>
</LocList>
</BasicStmnt>
<BasicStmnt CovItemId="S27" CovItemPrefix="devops.hw1.core.CardCollection.java" Intrnl_Id="270">
<LocList>
<Loc EndOffset="2377" SrcFileId="4" StartOffset="2307"/>
</LocList>
</BasicStmnt>
<BasicStmnt CovItemId="S28" CovItemPrefix="devops.hw1.core.CardCollection.java" Intrnl_Id="271">
<LocList>
<Loc EndOffset="2402" SrcFileId="4" StartOffset="2383"/>
</LocList>
</BasicStmnt>
<BasicStmnt CovItemId="S29" CovItemPrefix="devops.hw1.core.CardCollection.java" Intrnl_Id="272">
<LocList>
<Loc EndOffset="2484" SrcFileId="4" StartOffset="2406"/>
</LocList>
</BasicStmnt>
<BasicStmnt CovItemId="S30" CovItemPrefix="devops.hw1.core.CardCollection.java" Intrnl_Id="273">
<LocList>
<Loc EndOffset="2561" SrcFileId="4" StartOffset="2492"/>
</LocList>
</BasicStmnt>
<BasicStmnt CovItemId="S31" CovItemPrefix="devops.hw1.core.CardCollection.java" Intrnl_Id="274">
<LocList>
<Loc EndOffset="2586" SrcFileId="4" StartOffset="2567"/>
</LocList>
</BasicStmnt>
<BasicStmnt CovItemId="S32" CovItemPrefix="devops.hw1.core.CardCollection.java" Intrnl_Id="275">
<LocList>
<Loc EndOffset="2608" SrcFileId="4" StartOffset="2590"/>
</LocList>
</BasicStmnt>
<BasicStmnt CovItemId="S33" CovItemPrefix="devops.hw1.core.CardCollection.java" Intrnl_Id="276">
<LocList>
<Loc EndOffset="2693" SrcFileId="4" StartOffset="2612"/>
</LocList>
</BasicStmnt>
<BasicStmnt CovItemId="S34" CovItemPrefix="devops.hw1.core.CardCollection.java" Intrnl_Id="277">
<LocList>
<Loc EndOffset="2772" SrcFileId="4" StartOffset="2701"/>
</LocList>
</BasicStmnt>
<BasicStmnt CovItemId="S35" CovItemPrefix="devops.hw1.core.CardCollection.java" Intrnl_Id="278">
<LocList>
<Loc EndOffset="2799" SrcFileId="4" StartOffset="2780"/>
</LocList>
</BasicStmnt>
<BasicStmnt CovItemId="S36" CovItemPrefix="devops.hw1.core.CardCollection.java" Intrnl_Id="279">
<LocList>
<Loc EndOffset="2821" SrcFileId="4" StartOffset="2803"/>
</LocList>
</BasicStmnt>
<BasicStmnt CovItemId="S37" CovItemPrefix="devops.hw1.core.CardCollection.java" Intrnl_Id="280">
<LocList>
<Loc EndOffset="2911" SrcFileId="4" StartOffset="2825"/>
</LocList>
</BasicStmnt>
<BasicStmnt CovItemId="S38" CovItemPrefix="devops.hw1.core.CardCollection.java" Intrnl_Id="281">
<LocList>
<Loc EndOffset="3003" SrcFileId="4" StartOffset="2919"/>
</LocList>
</BasicStmnt>
<BasicStmnt CovItemId="S39" CovItemPrefix="devops.hw1.core.CardCollection.java" Intrnl_Id="282">
<LocList>
<Loc EndOffset="3029" SrcFileId="4" StartOffset="3011"/>
</LocList>
</BasicStmnt>
<BasicStmnt CovItemId="S40" CovItemPrefix="devops.hw1.core.CardCollection.java" Intrnl_Id="283">
<LocList>
<Loc EndOffset="3143" SrcFileId="4" StartOffset="3033"/>
</LocList>
</BasicStmnt>
<BasicStmnt CovItemId="S41" CovItemPrefix="devops.hw1.core.CardCollection.java" Intrnl_Id="284">
<LocList>
<Loc EndOffset="3231" SrcFileId="4" StartOffset="3151"/>
</LocList>
</BasicStmnt>
<BasicStmnt CovItemId="S42" CovItemPrefix="devops.hw1.core.CardCollection.java" Intrnl_Id="285">
<LocList>
<Loc EndOffset="3258" SrcFileId="4" StartOffset="3239"/>
</LocList>
</BasicStmnt>
<BasicStmnt CovItemId="S43" CovItemPrefix="devops.hw1.core.CardCollection.java" Intrnl_Id="286">
<LocList>
<Loc EndOffset="3358" SrcFileId="4" StartOffset="3262"/>
</LocList>
</BasicStmnt>
<BasicStmnt CovItemId="S44" CovItemPrefix="devops.hw1.core.CardCollection.java" Intrnl_Id="287">
<LocList>
<Loc EndOffset="3484" SrcFileId="4" StartOffset="3366"/>
</LocList>
</BasicStmnt>
</StmntSeq>
</HierarchyLvl>
</HierarchyLvl>
<HierarchyLvl HierarchyLvlId="50" HierarchyLvlTypeId="17" Intrnl_Id="288" Name="CardListener">
<Header>
<Loc EndOffset="356" SrcFileId="5" StartOffset="306"/>
</Header>
<LocList>
<Loc EndOffset="2890" SrcFileId="5" StartOffset="306"/>
</LocList>
<HierarchyLvl HierarchyLvlId="43" HierarchyLvlTypeId="16" Intrnl_Id="289" Name="CardListener">
<Header>
<Loc EndOffset="679" SrcFileId="5" StartOffset="563"/>
</Header>
<LocList>
<Loc EndOffset="864" SrcFileId="5" StartOffset="563"/>
</LocList>
<StmntSeq Intrnl_Id="290">
<LocList>
<Loc EndOffset="726" SrcFileId="5" StartOffset="685"/>
<Loc EndOffset="771" SrcFileId="5" StartOffset="730"/>
<Loc EndOffset="796" SrcFileId="5" StartOffset="775"/>
<Loc EndOffset="819" SrcFileId="5" StartOffset="800"/>
</LocList>
<BasicStmnt CovItemId="S1" CovItemPrefix="devops.hw1.core.CardListener.java" Intrnl_Id="291">
<LocList>
<Loc EndOffset="726" SrcFileId="5" StartOffset="685"/>
</LocList>
</BasicStmnt>
<BasicStmnt CovItemId="S2" CovItemPrefix="devops.hw1.core.CardListener.java" Intrnl_Id="292">
<LocList>
<Loc EndOffset="771" SrcFileId="5" StartOffset="730"/>
</LocList>
</BasicStmnt>
<BasicStmnt CovItemId="S3" CovItemPrefix="devops.hw1.core.CardListener.java" Intrnl_Id="293">
<LocList>
<Loc EndOffset="796" SrcFileId="5" StartOffset="775"/>
</LocList>
</BasicStmnt>
<BasicStmnt CovItemId="S4" CovItemPrefix="devops.hw1.core.CardListener.java" Intrnl_Id="294">
<LocList>
<Loc EndOffset="819" SrcFileId="5" StartOffset="800"/>
</LocList>
</BasicStmnt>
</StmntSeq>
</HierarchyLvl>
<HierarchyLvl HierarchyLvlId="44" HierarchyLvlTypeId="16" Intrnl_Id="295" Name="mouseClicked">
<Header>
<Loc EndOffset="993" SrcFileId="5" StartOffset="955"/>
</Header>
<LocList>
<Loc EndOffset="2237" SrcFileId="5" StartOffset="955"/>
</LocList>
<StmntSeq Intrnl_Id="296">
<LocList>
<Loc EndOffset="1037" SrcFileId="5" StartOffset="999"/>
<Loc EndOffset="1089" SrcFileId="5" StartOffset="1041"/>
<Loc EndOffset="1114" SrcFileId="5" StartOffset="1093"/>
<Loc EndOffset="1139" SrcFileId="5" StartOffset="1118"/>
<Loc EndOffset="1659" SrcFileId="5" StartOffset="1194"/>
<Loc EndOffset="1692" SrcFileId="5" StartOffset="1665"/>
<Loc EndOffset="1744" SrcFileId="5" StartOffset="1717"/>
<Loc EndOffset="2215" SrcFileId="5" StartOffset="1824"/>
<Loc EndOffset="2231" SrcFileId="5" StartOffset="2219"/>
</LocList>
<BasicStmnt CovItemId="S5" CovItemPrefix="devops.hw1.core.CardListener.java" Intrnl_Id="297">
<LocList>
<Loc EndOffset="1037" SrcFileId="5" StartOffset="999"/>
</LocList>
</BasicStmnt>
<BasicStmnt CovItemId="S6" CovItemPrefix="devops.hw1.core.CardListener.java" Intrnl_Id="298">
<LocList>
<Loc EndOffset="1089" SrcFileId="5" StartOffset="1041"/>
</LocList>
</BasicStmnt>
<BasicStmnt CovItemId="S7" CovItemPrefix="devops.hw1.core.CardListener.java" Intrnl_Id="299">
<LocList>
<Loc EndOffset="1114" SrcFileId="5" StartOffset="1093"/>
</LocList>
</BasicStmnt>
<BasicStmnt CovItemId="S8" CovItemPrefix="devops.hw1.core.CardListener.java" Intrnl_Id="300">
<LocList>
<Loc EndOffset="1139" SrcFileId="5" StartOffset="1118"/>
</LocList>
</BasicStmnt>
<CondStmnt CovItemId="S9" CovItemPrefix="devops.hw1.core.CardListener.java" Intrnl_Id="301">
<Branch CovItemId="B1" CovItemPrefix="devops.hw1.core.CardListener.java" Implct="false" Intrnl_Id="302">
<Cond/>
<LocList>
<Loc EndOffset="1659" SrcFileId="5" StartOffset="1225"/>
</LocList>
<StmntSeq Intrnl_Id="303">
<LocList>
<Loc EndOffset="1278" SrcFileId="5" StartOffset="1231"/>
<Loc EndOffset="1654" SrcFileId="5" StartOffset="1288"/>
</LocList>
<BasicStmnt CovItemId="S10" CovItemPrefix="devops.hw1.core.CardListener.java" Intrnl_Id="304">
<LocList>
<Loc EndOffset="1278" SrcFileId="5" StartOffset="1231"/>
</LocList>
</BasicStmnt>
<LoopStmnt CovItemId="S11" CovItemPrefix="devops.hw1.core.CardListener.java" Intrnl_Id="305" MltplExecId="L1-2" MltplExecPrefix="devops.hw1.core.CardListener.java" NvrExecId="L1-0" NvrExecPrefix="devops.hw1.core.CardListener.java" OnceExecutedId="L1-1" OnceExecutedPrefix="devops.hw1.core.CardListener.java" OptBodyExec="true">
<StmntSeq Intrnl_Id="306">
<LocList>
<Loc EndOffset="1377" SrcFileId="5" StartOffset="1342"/>
<Loc EndOffset="1419" SrcFileId="5" StartOffset="1383"/>
<Loc EndOffset="1642" SrcFileId="5" StartOffset="1425"/>
</LocList>
<BasicStmnt CovItemId="S12" CovItemPrefix="devops.hw1.core.CardListener.java" Intrnl_Id="307">
<LocList>
<Loc EndOffset="1377" SrcFileId="5" StartOffset="1342"/>
</LocList>
</BasicStmnt>
<BasicStmnt CovItemId="S13" CovItemPrefix="devops.hw1.core.CardListener.java" Intrnl_Id="308">
<LocList>
<Loc EndOffset="1419" SrcFileId="5" StartOffset="1383"/>
</LocList>
</BasicStmnt>
<CondStmnt CovItemId="S14" CovItemPrefix="devops.hw1.core.CardListener.java" Intrnl_Id="309">
<Branch CovItemId="B3" CovItemPrefix="devops.hw1.core.CardListener.java" Implct="false" Intrnl_Id="310">
<Cond/>
<LocList>
<Loc EndOffset="1642" SrcFileId="5" StartOffset="1573"/>
</LocList>
<StmntSeq Intrnl_Id="311">
<LocList>
<Loc EndOffset="1622" SrcFileId="5" StartOffset="1581"/>
<Loc EndOffset="1635" SrcFileId="5" StartOffset="1629"/>
</LocList>
<BasicStmnt CovItemId="S15" CovItemPrefix="devops.hw1.core.CardListener.java" Intrnl_Id="312">
<LocList>
<Loc EndOffset="1622" SrcFileId="5" StartOffset="1581"/>
</LocList>
</BasicStmnt>
<BasicStmnt CovItemId="S16" CovItemPrefix="devops.hw1.core.CardListener.java" Intrnl_Id="313">
<LocList>
<Loc EndOffset="1635" SrcFileId="5" StartOffset="1629"/>
</LocList>
</BasicStmnt>
</StmntSeq>
</Branch>
<Branch CovItemId="B4" CovItemPrefix="devops.hw1.core.CardListener.java" Implct="true" Intrnl_Id="314">
<Cond/>
<LocList/>
<StmntSeq Intrnl_Id="315">
<LocList/>
</StmntSeq>
</Branch>
<Keyword EndOffset="1427" SrcFileId="5" StartOffset="1425"/>
<LocList>
<Loc EndOffset="1642" SrcFileId="5" StartOffset="1425"/>
</LocList>
<RootTerm CovItemId="C3" CovItemPrefix="devops.hw1.core.CardListener.java" Intrnl_Id="316">
<OpTerm BooleanOpId="12" Intrnl_Id="317">
<OpTerm BooleanOpId="12" Intrnl_Id="318">
<BasicBoolTerm Intrnl_Id="319">
<LocList>
<Loc EndOffset="1460" SrcFileId="5" StartOffset="1430"/>
</LocList>
</BasicBoolTerm>
<BasicBoolTerm Intrnl_Id="320">
<LocList>
<Loc EndOffset="1493" SrcFileId="5" StartOffset="1464"/>
</LocList>
</BasicBoolTerm>
<LocList>
<Loc EndOffset="1463" SrcFileId="5" StartOffset="1461"/>
</LocList>
</OpTerm>
<OpTerm BooleanOpId="12" Intrnl_Id="321">
<BasicBoolTerm Intrnl_Id="322">
<LocList>
<Loc EndOffset="1536" SrcFileId="5" StartOffset="1506"/>
</LocList>
</BasicBoolTerm>
<BasicBoolTerm Intrnl_Id="323">
<LocList>
<Loc EndOffset="1570" SrcFileId="5" StartOffset="1540"/>
</LocList>
</BasicBoolTerm>
<LocList>
<Loc EndOffset="1539" SrcFileId="5" StartOffset="1537"/>
</LocList>
</OpTerm>
<LocList>
<Loc EndOffset="1504" SrcFileId="5" StartOffset="1502"/>
</LocList>
</OpTerm>
</RootTerm>
</CondStmnt>
</StmntSeq>
<Keyword EndOffset="1291" SrcFileId="5" StartOffset="1288"/>
<LocList>
<Loc EndOffset="1654" SrcFileId="5" StartOffset="1288"/>
</LocList>
<RootTerm CovItemId="C2" CovItemPrefix="devops.hw1.core.CardListener.java" Intrnl_Id="324">
<BasicBoolTerm Intrnl_Id="325">
<LocList>
<Loc EndOffset="1328" SrcFileId="5" StartOffset="1304"/>
</LocList>
</BasicBoolTerm>
</RootTerm>
</LoopStmnt>
</StmntSeq>
</Branch>
<Branch CovItemId="B2" CovItemPrefix="devops.hw1.core.CardListener.java" Implct="true" Intrnl_Id="326">
<Cond/>
<LocList/>
<StmntSeq Intrnl_Id="327">
<LocList/>
</StmntSeq>
</Branch>
<Keyword EndOffset="1196" SrcFileId="5" StartOffset="1194"/>
<LocList>
<Loc EndOffset="1659" SrcFileId="5" StartOffset="1194"/>
</LocList>
<RootTerm CovItemId="C1" CovItemPrefix="devops.hw1.core.CardListener.java" Intrnl_Id="328">
<BasicBoolTerm Intrnl_Id="329">
<LocList>
<Loc EndOffset="1223" SrcFileId="5" StartOffset="1198"/>
</LocList>
</BasicBoolTerm>
</RootTerm>
</CondStmnt>
<BasicStmnt CovItemId="S17" CovItemPrefix="devops.hw1.core.CardListener.java" Intrnl_Id="330">
<LocList>
<Loc EndOffset="1692" SrcFileId="5" StartOffset="1665"/>
</LocList>
</BasicStmnt>
<BasicStmnt CovItemId="S18" CovItemPrefix="devops.hw1.core.CardListener.java" Intrnl_Id="331">
<LocList>
<Loc EndOffset="1744" SrcFileId="5" StartOffset="1717"/>
</LocList>
</BasicStmnt>
<LoopStmnt CovItemId="S19" CovItemPrefix="devops.hw1.core.CardListener.java" Intrnl_Id="332" MltplExecId="L2-2" MltplExecPrefix="devops.hw1.core.CardListener.java" NvrExecId="L2-0" NvrExecPrefix="devops.hw1.core.CardListener.java" OnceExecutedId="L2-1" OnceExecutedPrefix="devops.hw1.core.CardListener.java" OptBodyExec="true">
<StmntSeq Intrnl_Id="333">
<LocList>
<Loc EndOffset="1890" SrcFileId="5" StartOffset="1858"/>
<Loc EndOffset="1928" SrcFileId="5" StartOffset="1895"/>
<Loc EndOffset="2208" SrcFileId="5" StartOffset="1933"/>
</LocList>
<BasicStmnt CovItemId="S20" CovItemPrefix="devops.hw1.core.CardListener.java" Intrnl_Id="334">
<LocList>
<Loc EndOffset="1890" SrcFileId="5" StartOffset="1858"/>
</LocList>
</BasicStmnt>
<BasicStmnt CovItemId="S21" CovItemPrefix="devops.hw1.core.CardListener.java" Intrnl_Id="335">
<LocList>
<Loc EndOffset="1928" SrcFileId="5" StartOffset="1895"/>
</LocList>
</BasicStmnt>
<CondStmnt CovItemId="S22" CovItemPrefix="devops.hw1.core.CardListener.java" Intrnl_Id="336">
<Branch CovItemId="B5" CovItemPrefix="devops.hw1.core.CardListener.java" Implct="false" Intrnl_Id="337">
<Cond/>
<LocList>
<Loc EndOffset="2208" SrcFileId="5" StartOffset="2092"/>
</LocList>
<StmntSeq Intrnl_Id="338">
<LocList>
<Loc EndOffset="2190" SrcFileId="5" StartOffset="2099"/>
<Loc EndOffset="2202" SrcFileId="5" StartOffset="2196"/>
</LocList>
<CondStmnt CovItemId="S23" CovItemPrefix="devops.hw1.core.CardListener.java" Intrnl_Id="339">
<Branch CovItemId="B7" CovItemPrefix="devops.hw1.core.CardListener.java" Implct="false" Intrnl_Id="340">
<Cond/>
<LocList>
<Loc EndOffset="2190" SrcFileId="5" StartOffset="2143"/>
</LocList>
<StmntSeq Intrnl_Id="341">
<LocList>
<Loc EndOffset="2178" SrcFileId="5" StartOffset="2151"/>
</LocList>
<BasicStmnt CovItemId="S24" CovItemPrefix="devops.hw1.core.CardListener.java" Intrnl_Id="342">
<LocList>
<Loc EndOffset="2178" SrcFileId="5" StartOffset="2151"/>
</LocList>
</BasicStmnt>
</StmntSeq>
</Branch>
<Branch CovItemId="B8" CovItemPrefix="devops.hw1.core.CardListener.java" Implct="true" Intrnl_Id="343">
<Cond/>
<LocList/>
<StmntSeq Intrnl_Id="344">
<LocList/>
</StmntSeq>
</Branch>
<Keyword EndOffset="2101" SrcFileId="5" StartOffset="2099"/>
<LocList>
<Loc EndOffset="2190" SrcFileId="5" StartOffset="2099"/>
</LocList>
<RootTerm CovItemId="C6" CovItemPrefix="devops.hw1.core.CardListener.java" Intrnl_Id="345">
<BasicBoolTerm Intrnl_Id="346">
<LocList>
<Loc EndOffset="2141" SrcFileId="5" StartOffset="2103"/>
</LocList>
</BasicBoolTerm>
</RootTerm>
</CondStmnt>
<BasicStmnt CovItemId="S25" CovItemPrefix="devops.hw1.core.CardListener.java" Intrnl_Id="347">
<LocList>
<Loc EndOffset="2202" SrcFileId="5" StartOffset="2196"/>
</LocList>
</BasicStmnt>
</StmntSeq>
</Branch>
<Branch CovItemId="B6" CovItemPrefix="devops.hw1.core.CardListener.java" Implct="true" Intrnl_Id="348">
<Cond/>
<LocList/>
<StmntSeq Intrnl_Id="349">
<LocList/>
</StmntSeq>
</Branch>
<Keyword EndOffset="1935" SrcFileId="5" StartOffset="1933"/>
<LocList>
<Loc EndOffset="2208" SrcFileId="5" StartOffset="1933"/>
</LocList>
<RootTerm CovItemId="C5" CovItemPrefix="devops.hw1.core.CardListener.java" Intrnl_Id="350">
<OpTerm BooleanOpId="12" Intrnl_Id="351">
<OpTerm BooleanOpId="12" Intrnl_Id="352">
<BasicBoolTerm Intrnl_Id="353">
<LocList>
<Loc EndOffset="1968" SrcFileId="5" StartOffset="1938"/>
</LocList>
</BasicBoolTerm>
<BasicBoolTerm Intrnl_Id="354">
<LocList>
<Loc EndOffset="2001" SrcFileId="5" StartOffset="1972"/>
</LocList>
</BasicBoolTerm>
<LocList>
<Loc EndOffset="1971" SrcFileId="5" StartOffset="1969"/>
</LocList>
</OpTerm>
<OpTerm BooleanOpId="12" Intrnl_Id="355">
<BasicBoolTerm Intrnl_Id="356">
<LocList>
<Loc EndOffset="2049" SrcFileId="5" StartOffset="2013"/>
</LocList>
</BasicBoolTerm>
<BasicBoolTerm Intrnl_Id="357">
<LocList>
<Loc EndOffset="2089" SrcFileId="5" StartOffset="2053"/>
</LocList>
</BasicBoolTerm>
<LocList>
<Loc EndOffset="2052" SrcFileId="5" StartOffset="2050"/>
</LocList>
</OpTerm>
<LocList>
<Loc EndOffset="2011" SrcFileId="5" StartOffset="2009"/>
</LocList>
</OpTerm>
</RootTerm>
</CondStmnt>
</StmntSeq>
<Keyword EndOffset="1827" SrcFileId="5" StartOffset="1824"/>
<LocList>
<Loc EndOffset="2215" SrcFileId="5" StartOffset="1824"/>
</LocList>
<RootTerm CovItemId="C4" CovItemPrefix="devops.hw1.core.CardListener.java" Intrnl_Id="358">
<BasicBoolTerm Intrnl_Id="359">
<LocList>
<Loc EndOffset="1845" SrcFileId="5" StartOffset="1840"/>
</LocList>
</BasicBoolTerm>
</RootTerm>
</LoopStmnt>
<BasicStmnt CovItemId="S26" CovItemPrefix="devops.hw1.core.CardListener.java" Intrnl_Id="360">
<LocList>
<Loc EndOffset="2231" SrcFileId="5" StartOffset="2219"/>
</LocList>
</BasicStmnt>
</StmntSeq>
</HierarchyLvl>
<HierarchyLvl HierarchyLvlId="45" HierarchyLvlTypeId="16" Intrnl_Id="361" Name="updateGUI">
<Header>
<Loc EndOffset="2338" SrcFileId="5" StartOffset="2315"/>
</Header>
<LocList>
<Loc EndOffset="2583" SrcFileId="5" StartOffset="2315"/>
</LocList>
<StmntSeq Intrnl_Id="362">
<LocList>
<Loc EndOffset="2404" SrcFileId="5" StartOffset="2344"/>
<Loc EndOffset="2468" SrcFileId="5" StartOffset="2408"/>
<Loc EndOffset="2551" SrcFileId="5" StartOffset="2476"/>
<Loc EndOffset="2575" SrcFileId="5" StartOffset="2555"/>
</LocList>
<BasicStmnt CovItemId="S27" CovItemPrefix="devops.hw1.core.CardListener.java" Intrnl_Id="363">
<LocList>
<Loc EndOffset="2404" SrcFileId="5" StartOffset="2344"/>
</LocList>
</BasicStmnt>
<BasicStmnt CovItemId="S28" CovItemPrefix="devops.hw1.core.CardListener.java" Intrnl_Id="364">
<LocList>
<Loc EndOffset="2468" SrcFileId="5" StartOffset="2408"/>
</LocList>
</BasicStmnt>
<BasicStmnt CovItemId="S29" CovItemPrefix="devops.hw1.core.CardListener.java" Intrnl_Id="365">
<LocList>
<Loc EndOffset="2551" SrcFileId="5" StartOffset="2476"/>
</LocList>
</BasicStmnt>
<BasicStmnt CovItemId="S30" CovItemPrefix="devops.hw1.core.CardListener.java" Intrnl_Id="366">
<LocList>
<Loc EndOffset="2575" SrcFileId="5" StartOffset="2555"/>
</LocList>
</BasicStmnt>
</StmntSeq>
</HierarchyLvl>
<HierarchyLvl HierarchyLvlId="46" HierarchyLvlTypeId="16" Intrnl_Id="367" Name="mouseEntered">
<Header>
<Loc EndOffset="2633" SrcFileId="5" StartOffset="2592"/>
</Header>
<LocList>
<Loc EndOffset="2661" SrcFileId="5" StartOffset="2592"/>
</LocList>
</HierarchyLvl>
<HierarchyLvl HierarchyLvlId="47" HierarchyLvlTypeId="16" Intrnl_Id="368" Name="mouseExited">
<Header>
<Loc EndOffset="2706" SrcFileId="5" StartOffset="2666"/>
</Header>
<LocList>
<Loc EndOffset="2734" SrcFileId="5" StartOffset="2666"/>
</LocList>
</HierarchyLvl>
<HierarchyLvl HierarchyLvlId="48" HierarchyLvlTypeId="16" Intrnl_Id="369" Name="mousePressed">
<Header>
<Loc EndOffset="2780" SrcFileId="5" StartOffset="2739"/>
</Header>
<LocList>
<Loc EndOffset="2808" SrcFileId="5" StartOffset="2739"/>
</LocList>
</HierarchyLvl>
<HierarchyLvl HierarchyLvlId="49" HierarchyLvlTypeId="16" Intrnl_Id="370" Name="mouseReleased">
<Header>
<Loc EndOffset="2855" SrcFileId="5" StartOffset="2813"/>
</Header>
<LocList>
<Loc EndOffset="2883" SrcFileId="5" StartOffset="2813"/>
</LocList>
</HierarchyLvl>
</HierarchyLvl>
<HierarchyLvl HierarchyLvlId="54" HierarchyLvlTypeId="17" Intrnl_Id="371" Name="GameBoard">
<Header>
<Loc EndOffset="476" SrcFileId="6" StartOffset="410"/>
</Header>
<LocList>
<Loc EndOffset="3939" SrcFileId="6" StartOffset="410"/>
</LocList>
<StmntSeq Intrnl_Id="372">
<LocList>
<Loc EndOffset="571" SrcFileId="6" StartOffset="533"/>
<Loc EndOffset="612" SrcFileId="6" StartOffset="574"/>
<Loc EndOffset="687" SrcFileId="6" StartOffset="615"/>
<Loc EndOffset="902" SrcFileId="6" StartOffset="852"/>
<Loc EndOffset="955" SrcFileId="6" StartOffset="905"/>
<Loc EndOffset="1014" SrcFileId="6" StartOffset="958"/>
<Loc EndOffset="1076" SrcFileId="6" StartOffset="1017"/>
<Loc EndOffset="1579" SrcFileId="6" StartOffset="1547"/>
<Loc EndOffset="1622" SrcFileId="6" StartOffset="1583"/>
<Loc EndOffset="1663" SrcFileId="6" StartOffset="1625"/>
<Loc EndOffset="1739" SrcFileId="6" StartOffset="1709"/>
<Loc EndOffset="1766" SrcFileId="6" StartOffset="1742"/>
</LocList>
<BasicStmnt CovItemId="S1" CovItemPrefix="devops.hw1.core.GameBoard.java" Intrnl_Id="373">
<LocList>
<Loc EndOffset="571" SrcFileId="6" StartOffset="533"/>
</LocList>
</BasicStmnt>
<BasicStmnt CovItemId="S2" CovItemPrefix="devops.hw1.core.GameBoard.java" Intrnl_Id="374">
<LocList>
<Loc EndOffset="612" SrcFileId="6" StartOffset="574"/>
</LocList>
</BasicStmnt>
<BasicStmnt CovItemId="S3" CovItemPrefix="devops.hw1.core.GameBoard.java" Intrnl_Id="375">
<LocList>
<Loc EndOffset="687" SrcFileId="6" StartOffset="615"/>
</LocList>
</BasicStmnt>
<BasicStmnt CovItemId="S4" CovItemPrefix="devops.hw1.core.GameBoard.java" Intrnl_Id="376">
<LocList>
<Loc EndOffset="902" SrcFileId="6" StartOffset="852"/>
</LocList>
</BasicStmnt>
<BasicStmnt CovItemId="S5" CovItemPrefix="devops.hw1.core.GameBoard.java" Intrnl_Id="377">
<LocList>
<Loc EndOffset="955" SrcFileId="6" StartOffset="905"/>
</LocList>
</BasicStmnt>
<BasicStmnt CovItemId="S6" CovItemPrefix="devops.hw1.core.GameBoard.java" Intrnl_Id="378">
<LocList>
<Loc EndOffset="1014" SrcFileId="6" StartOffset="958"/>
</LocList>
</BasicStmnt>
<BasicStmnt CovItemId="S7" CovItemPrefix="devops.hw1.core.GameBoard.java" Intrnl_Id="379">
<LocList>
<Loc EndOffset="1076" SrcFileId="6" StartOffset="1017"/>
</LocList>
</BasicStmnt>
<BasicStmnt CovItemId="S8" CovItemPrefix="devops.hw1.core.GameBoard.java" Intrnl_Id="380">
<LocList>
<Loc EndOffset="1579" SrcFileId="6" StartOffset="1547"/>
</LocList>
</BasicStmnt>
<BasicStmnt CovItemId="S9" CovItemPrefix="devops.hw1.core.GameBoard.java" Intrnl_Id="381">
<LocList>
<Loc EndOffset="1622" SrcFileId="6" StartOffset="1583"/>
</LocList>
</BasicStmnt>
<BasicStmnt CovItemId="S10" CovItemPrefix="devops.hw1.core.GameBoard.java" Intrnl_Id="382">
<LocList>
<Loc EndOffset="1663" SrcFileId="6" StartOffset="1625"/>
</LocList>
</BasicStmnt>
<BasicStmnt CovItemId="S11" CovItemPrefix="devops.hw1.core.GameBoard.java" Intrnl_Id="383">
<LocList>
<Loc EndOffset="1739" SrcFileId="6" StartOffset="1709"/>
</LocList>
</BasicStmnt>
<BasicStmnt CovItemId="S12" CovItemPrefix="devops.hw1.core.GameBoard.java" Intrnl_Id="384">
<LocList>
<Loc EndOffset="1766" SrcFileId="6" StartOffset="1742"/>
</LocList>
</BasicStmnt>
</StmntSeq>
<HierarchyLvl HierarchyLvlId="51" HierarchyLvlTypeId="16" Intrnl_Id="385" Name="GameBoard">
<Header>
<Loc EndOffset="1849" SrcFileId="6" StartOffset="1831"/>
</Header>
<LocList>
<Loc EndOffset="2844" SrcFileId="6" StartOffset="1831"/>
</LocList>
<StmntSeq Intrnl_Id="386">
<LocList>
<Loc EndOffset="1907" SrcFileId="6" StartOffset="1899"/>
<Loc EndOffset="1962" SrcFileId="6" StartOffset="1943"/>
<Loc EndOffset="1986" SrcFileId="6" StartOffset="1966"/>
<Loc EndOffset="2009" SrcFileId="6" StartOffset="1990"/>
<Loc EndOffset="2035" SrcFileId="6" StartOffset="2013"/>
<Loc EndOffset="2084" SrcFileId="6" StartOffset="2043"/>
<Loc EndOffset="2129" SrcFileId="6" StartOffset="2088"/>
<Loc EndOffset="2211" SrcFileId="6" StartOffset="2175"/>
<Loc EndOffset="2251" SrcFileId="6" StartOffset="2215"/>
<Loc EndOffset="2290" SrcFileId="6" StartOffset="2255"/>
<Loc EndOffset="2337" SrcFileId="6" StartOffset="2294"/>
<Loc EndOffset="2380" SrcFileId="6" StartOffset="2345"/>
<Loc EndOffset="2419" SrcFileId="6" StartOffset="2388"/>
<Loc EndOffset="2464" SrcFileId="6" StartOffset="2423"/>
<Loc EndOffset="2498" SrcFileId="6" StartOffset="2468"/>
<Loc EndOffset="2532" SrcFileId="6" StartOffset="2502"/>
<Loc EndOffset="2565" SrcFileId="6" StartOffset="2536"/>
<Loc EndOffset="2602" SrcFileId="6" StartOffset="2573"/>
<Loc EndOffset="2643" SrcFileId="6" StartOffset="2606"/>
<Loc EndOffset="2687" SrcFileId="6" StartOffset="2647"/>
<Loc EndOffset="2745" SrcFileId="6" StartOffset="2691"/>
<Loc EndOffset="2799" SrcFileId="6" StartOffset="2749"/>
<Loc EndOffset="2840" SrcFileId="6" StartOffset="2803"/>
</LocList>
<BasicStmnt CovItemId="S13" CovItemPrefix="devops.hw1.core.GameBoard.java" Intrnl_Id="387">
<LocList>
<Loc EndOffset="1907" SrcFileId="6" StartOffset="1899"/>
</LocList>
</BasicStmnt>
<BasicStmnt CovItemId="S14" CovItemPrefix="devops.hw1.core.GameBoard.java" Intrnl_Id="388">
<LocList>
<Loc EndOffset="1962" SrcFileId="6" StartOffset="1943"/>
</LocList>
</BasicStmnt>
<BasicStmnt CovItemId="S15" CovItemPrefix="devops.hw1.core.GameBoard.java" Intrnl_Id="389">
<LocList>
<Loc EndOffset="1986" SrcFileId="6" StartOffset="1966"/>
</LocList>
</BasicStmnt>
<BasicStmnt CovItemId="S16" CovItemPrefix="devops.hw1.core.GameBoard.java" Intrnl_Id="390">
<LocList>
<Loc EndOffset="2009" SrcFileId="6" StartOffset="1990"/>
</LocList>
</BasicStmnt>
<BasicStmnt CovItemId="S17" CovItemPrefix="devops.hw1.core.GameBoard.java" Intrnl_Id="391">
<LocList>
<Loc EndOffset="2035" SrcFileId="6" StartOffset="2013"/>
</LocList>
</BasicStmnt>
<BasicStmnt CovItemId="S18" CovItemPrefix="devops.hw1.core.GameBoard.java" Intrnl_Id="392">
<LocList>
<Loc EndOffset="2084" SrcFileId="6" StartOffset="2043"/>
</LocList>
</BasicStmnt>
<BasicStmnt CovItemId="S19" CovItemPrefix="devops.hw1.core.GameBoard.java" Intrnl_Id="393">
<LocList>
<Loc EndOffset="2129" SrcFileId="6" StartOffset="2088"/>
</LocList>
</BasicStmnt>
<BasicStmnt CovItemId="S20" CovItemPrefix="devops.hw1.core.GameBoard.java" Intrnl_Id="394">
<LocList>
<Loc EndOffset="2211" SrcFileId="6" StartOffset="2175"/>
</LocList>
</BasicStmnt>
<BasicStmnt CovItemId="S21" CovItemPrefix="devops.hw1.core.GameBoard.java" Intrnl_Id="395">
<LocList>
<Loc EndOffset="2251" SrcFileId="6" StartOffset="2215"/>
</LocList>
</BasicStmnt>
<BasicStmnt CovItemId="S22" CovItemPrefix="devops.hw1.core.GameBoard.java" Intrnl_Id="396">
<LocList>
<Loc EndOffset="2290" SrcFileId="6" StartOffset="2255"/>
</LocList>
</BasicStmnt>
<BasicStmnt CovItemId="S23" CovItemPrefix="devops.hw1.core.GameBoard.java" Intrnl_Id="397">
<LocList>
<Loc EndOffset="2337" SrcFileId="6" StartOffset="2294"/>
</LocList>
</BasicStmnt>
<BasicStmnt CovItemId="S24" CovItemPrefix="devops.hw1.core.GameBoard.java" Intrnl_Id="398">
<LocList>
<Loc EndOffset="2380" SrcFileId="6" StartOffset="2345"/>
</LocList>
</BasicStmnt>
<BasicStmnt CovItemId="S25" CovItemPrefix="devops.hw1.core.GameBoard.java" Intrnl_Id="399">
<LocList>
<Loc EndOffset="2419" SrcFileId="6" StartOffset="2388"/>
</LocList>
</BasicStmnt>
<BasicStmnt CovItemId="S26" CovItemPrefix="devops.hw1.core.GameBoard.java" Intrnl_Id="400">
<LocList>
<Loc EndOffset="2464" SrcFileId="6" StartOffset="2423"/>
</LocList>
</BasicStmnt>
<BasicStmnt CovItemId="S27" CovItemPrefix="devops.hw1.core.GameBoard.java" Intrnl_Id="401">
<LocList>
<Loc EndOffset="2498" SrcFileId="6" StartOffset="2468"/>
</LocList>
</BasicStmnt>
<BasicStmnt CovItemId="S28" CovItemPrefix="devops.hw1.core.GameBoard.java" Intrnl_Id="402">
<LocList>
<Loc EndOffset="2532" SrcFileId="6" StartOffset="2502"/>
</LocList>
</BasicStmnt>
<BasicStmnt CovItemId="S29" CovItemPrefix="devops.hw1.core.GameBoard.java" Intrnl_Id="403">
<LocList>
<Loc EndOffset="2565" SrcFileId="6" StartOffset="2536"/>
</LocList>
</BasicStmnt>
<BasicStmnt CovItemId="S30" CovItemPrefix="devops.hw1.core.GameBoard.java" Intrnl_Id="404">
<LocList>
<Loc EndOffset="2602" SrcFileId="6" StartOffset="2573"/>
</LocList>
</BasicStmnt>
<BasicStmnt CovItemId="S31" CovItemPrefix="devops.hw1.core.GameBoard.java" Intrnl_Id="405">
<LocList>
<Loc EndOffset="2643" SrcFileId="6" StartOffset="2606"/>
</LocList>
</BasicStmnt>
<BasicStmnt CovItemId="S32" CovItemPrefix="devops.hw1.core.GameBoard.java" Intrnl_Id="406">
<LocList>
<Loc EndOffset="2687" SrcFileId="6" StartOffset="2647"/>
</LocList>
</BasicStmnt>
<BasicStmnt CovItemId="S33" CovItemPrefix="devops.hw1.core.GameBoard.java" Intrnl_Id="407">
<LocList>
<Loc EndOffset="2745" SrcFileId="6" StartOffset="2691"/>
</LocList>
</BasicStmnt>
<BasicStmnt CovItemId="S34" CovItemPrefix="devops.hw1.core.GameBoard.java" Intrnl_Id="408">
<LocList>
<Loc EndOffset="2799" SrcFileId="6" StartOffset="2749"/>
</LocList>
</BasicStmnt>
<BasicStmnt CovItemId="S35" CovItemPrefix="devops.hw1.core.GameBoard.java" Intrnl_Id="409">
<LocList>
<Loc EndOffset="2840" SrcFileId="6" StartOffset="2803"/>
</LocList>
</BasicStmnt>
</StmntSeq>
</HierarchyLvl>
<HierarchyLvl HierarchyLvlId="52" HierarchyLvlTypeId="16" Intrnl_Id="410" Name="GameBoard">
<Header>
<Loc EndOffset="2894" SrcFileId="6" StartOffset="2850"/>
</Header>
<LocList>
<Loc EndOffset="3132" SrcFileId="6" StartOffset="2850"/>
</LocList>
<StmntSeq Intrnl_Id="411">
<LocList>
<Loc EndOffset="2948" SrcFileId="6" StartOffset="2941"/>
<Loc EndOffset="3008" SrcFileId="6" StartOffset="2987"/>
<Loc EndOffset="3052" SrcFileId="6" StartOffset="3012"/>
<Loc EndOffset="3105" SrcFileId="6" StartOffset="3056"/>
<Loc EndOffset="3128" SrcFileId="6" StartOffset="3109"/>
</LocList>
<BasicStmnt CovItemId="S36" CovItemPrefix="devops.hw1.core.GameBoard.java" Intrnl_Id="412">
<LocList>
<Loc EndOffset="2948" SrcFileId="6" StartOffset="2941"/>
</LocList>
</BasicStmnt>
<BasicStmnt CovItemId="S37" CovItemPrefix="devops.hw1.core.GameBoard.java" Intrnl_Id="413">
<LocList>
<Loc EndOffset="3008" SrcFileId="6" StartOffset="2987"/>
</LocList>
</BasicStmnt>
<BasicStmnt CovItemId="S38" CovItemPrefix="devops.hw1.core.GameBoard.java" Intrnl_Id="414">
<LocList>
<Loc EndOffset="3052" SrcFileId="6" StartOffset="3012"/>
</LocList>
</BasicStmnt>
<BasicStmnt CovItemId="S39" CovItemPrefix="devops.hw1.core.GameBoard.java" Intrnl_Id="415">
<LocList>
<Loc EndOffset="3105" SrcFileId="6" StartOffset="3056"/>
</LocList>
</BasicStmnt>
<BasicStmnt CovItemId="S40" CovItemPrefix="devops.hw1.core.GameBoard.java" Intrnl_Id="416">
<LocList>
<Loc EndOffset="3128" SrcFileId="6" StartOffset="3109"/>
</LocList>
</BasicStmnt>
</StmntSeq>
</HierarchyLvl>
<HierarchyLvl HierarchyLvlId="53" HierarchyLvlTypeId="16" Intrnl_Id="417" Name="paint">
<Header>
<Loc EndOffset="3230" SrcFileId="6" StartOffset="3189"/>
</Header>
<LocList>
<Loc EndOffset="3930" SrcFileId="6" StartOffset="3189"/>
</LocList>
<StmntSeq Intrnl_Id="418">
<LocList>
<Loc EndOffset="3251" SrcFileId="6" StartOffset="3236"/>
<Loc EndOffset="3286" SrcFileId="6" StartOffset="3255"/>
<Loc EndOffset="3330" SrcFileId="6" StartOffset="3294"/>
<Loc EndOffset="3590" SrcFileId="6" StartOffset="3334"/>
<Loc EndOffset="3771" SrcFileId="6" StartOffset="3594"/>
<Loc EndOffset="3919" SrcFileId="6" StartOffset="3783"/>
</LocList>
<BasicStmnt CovItemId="S41" CovItemPrefix="devops.hw1.core.GameBoard.java" Intrnl_Id="419">
<LocList>
<Loc EndOffset="3251" SrcFileId="6" StartOffset="3236"/>
</LocList>
</BasicStmnt>
<BasicStmnt CovItemId="S42" CovItemPrefix="devops.hw1.core.GameBoard.java" Intrnl_Id="420">
<LocList>
<Loc EndOffset="3286" SrcFileId="6" StartOffset="3255"/>
</LocList>
</BasicStmnt>
<BasicStmnt CovItemId="S43" CovItemPrefix="devops.hw1.core.GameBoard.java" Intrnl_Id="421">
<LocList>
<Loc EndOffset="3330" SrcFileId="6" StartOffset="3294"/>
</LocList>
</BasicStmnt>
<CondStmnt CovItemId="S44" CovItemPrefix="devops.hw1.core.GameBoard.java" Intrnl_Id="422">
<Branch CovItemId="B1" CovItemPrefix="devops.hw1.core.GameBoard.java" Implct="false" Intrnl_Id="423">
<Cond/>
<LocList>
<Loc EndOffset="3590" SrcFileId="6" StartOffset="3349"/>
</LocList>
<StmntSeq Intrnl_Id="424">
<LocList>
<Loc EndOffset="3412" SrcFileId="6" StartOffset="3355"/>
<Loc EndOffset="3585" SrcFileId="6" StartOffset="3417"/>
</LocList>
<BasicStmnt CovItemId="S45" CovItemPrefix="devops.hw1.core.GameBoard.java" Intrnl_Id="425">
<LocList>
<Loc EndOffset="3412" SrcFileId="6" StartOffset="3355"/>
</LocList>
</BasicStmnt>
<LoopStmnt CovItemId="S46" CovItemPrefix="devops.hw1.core.GameBoard.java" Intrnl_Id="426" MltplExecId="L1-2" MltplExecPrefix="devops.hw1.core.GameBoard.java" NvrExecId="L1-0" NvrExecPrefix="devops.hw1.core.GameBoard.java" OnceExecutedId="L1-1" OnceExecutedPrefix="devops.hw1.core.GameBoard.java" OptBodyExec="true">
<StmntSeq Intrnl_Id="427">
<LocList>
<Loc EndOffset="3513" SrcFileId="6" StartOffset="3457"/>
<Loc EndOffset="3573" SrcFileId="6" StartOffset="3519"/>
</LocList>
<BasicStmnt CovItemId="S47" CovItemPrefix="devops.hw1.core.GameBoard.java" Intrnl_Id="428">
<LocList>
<Loc EndOffset="3513" SrcFileId="6" StartOffset="3457"/>
</LocList>
</BasicStmnt>
<BasicStmnt CovItemId="S48" CovItemPrefix="devops.hw1.core.GameBoard.java" Intrnl_Id="429">
<LocList>
<Loc EndOffset="3573" SrcFileId="6" StartOffset="3519"/>
</LocList>
</BasicStmnt>
</StmntSeq>
<Keyword EndOffset="3420" SrcFileId="6" StartOffset="3417"/>
<LocList>
<Loc EndOffset="3585" SrcFileId="6" StartOffset="3417"/>
</LocList>
<RootTerm CovItemId="C2" CovItemPrefix="devops.hw1.core.GameBoard.java" Intrnl_Id="430">
<BasicBoolTerm Intrnl_Id="431">
<LocList>
<Loc EndOffset="3444" SrcFileId="6" StartOffset="3432"/>
</LocList>
</BasicBoolTerm>
</RootTerm>
</LoopStmnt>
</StmntSeq>
</Branch>
<Branch CovItemId="B2" CovItemPrefix="devops.hw1.core.GameBoard.java" Implct="true" Intrnl_Id="432">
<Cond/>
<LocList/>
<StmntSeq Intrnl_Id="433">
<LocList/>
</StmntSeq>
</Branch>
<Keyword EndOffset="3336" SrcFileId="6" StartOffset="3334"/>
<LocList>
<Loc EndOffset="3590" SrcFileId="6" StartOffset="3334"/>
</LocList>
<RootTerm CovItemId="C1" CovItemPrefix="devops.hw1.core.GameBoard.java" Intrnl_Id="434">
<BasicBoolTerm Intrnl_Id="435">
<LocList>
<Loc EndOffset="3348" SrcFileId="6" StartOffset="3337"/>
</LocList>
</BasicBoolTerm>
</RootTerm>
</CondStmnt>
<LoopStmnt CovItemId="S49" CovItemPrefix="devops.hw1.core.GameBoard.java" Intrnl_Id="436" MltplExecId="L2-2" MltplExecPrefix="devops.hw1.core.GameBoard.java" NvrExecId="L2-0" NvrExecPrefix="devops.hw1.core.GameBoard.java" OnceExecutedId="L2-1" OnceExecutedPrefix="devops.hw1.core.GameBoard.java" OptBodyExec="true">
<StmntSeq Intrnl_Id="437">
<LocList>
<Loc EndOffset="3706" SrcFileId="6" StartOffset="3651"/>
<Loc EndOffset="3761" SrcFileId="6" StartOffset="3711"/>
</LocList>
<BasicStmnt CovItemId="S50" CovItemPrefix="devops.hw1.core.GameBoard.java" Intrnl_Id="438">
<LocList>
<Loc EndOffset="3706" SrcFileId="6" StartOffset="3651"/>
</LocList>
</BasicStmnt>
<BasicStmnt CovItemId="S51" CovItemPrefix="devops.hw1.core.GameBoard.java" Intrnl_Id="439">
<LocList>
<Loc EndOffset="3761" SrcFileId="6" StartOffset="3711"/>
</LocList>
</BasicStmnt>
</StmntSeq>
<Keyword EndOffset="3597" SrcFileId="6" StartOffset="3594"/>
<LocList>
<Loc EndOffset="3771" SrcFileId="6" StartOffset="3594"/>
</LocList>
<RootTerm CovItemId="C3" CovItemPrefix="devops.hw1.core.GameBoard.java" Intrnl_Id="440">
<BasicBoolTerm Intrnl_Id="441">
<LocList>
<Loc EndOffset="3639" SrcFileId="6" StartOffset="3609"/>
</LocList>
</BasicBoolTerm>
</RootTerm>
</LoopStmnt>
<CondStmnt CovItemId="S52" CovItemPrefix="devops.hw1.core.GameBoard.java" Intrnl_Id="442">
<Branch CovItemId="B3" CovItemPrefix="devops.hw1.core.GameBoard.java" Implct="false" Intrnl_Id="443">
<Cond/>
<LocList>
<Loc EndOffset="3919" SrcFileId="6" StartOffset="3813"/>
</LocList>
<StmntSeq Intrnl_Id="444">
<LocList>
<Loc EndOffset="3914" SrcFileId="6" StartOffset="3819"/>
</LocList>
<BasicStmnt CovItemId="S53" CovItemPrefix="devops.hw1.core.GameBoard.java" Intrnl_Id="445">
<LocList>
<Loc EndOffset="3914" SrcFileId="6" StartOffset="3819"/>
</LocList>
</BasicStmnt>
</StmntSeq>
</Branch>
<Branch CovItemId="B4" CovItemPrefix="devops.hw1.core.GameBoard.java" Implct="true" Intrnl_Id="446">
<Cond/>
<LocList/>
<StmntSeq Intrnl_Id="447">
<LocList/>
</StmntSeq>
</Branch>
<Keyword EndOffset="3785" SrcFileId="6" StartOffset="3783"/>
<LocList>
<Loc EndOffset="3919" SrcFileId="6" StartOffset="3783"/>
</LocList>
<RootTerm CovItemId="C4" CovItemPrefix="devops.hw1.core.GameBoard.java" Intrnl_Id="448">
<BasicBoolTerm Intrnl_Id="449">
<LocList>
<Loc EndOffset="3812" SrcFileId="6" StartOffset="3786"/>
</LocList>
</BasicBoolTerm>
</RootTerm>
</CondStmnt>
</StmntSeq>
</HierarchyLvl>
</HierarchyLvl>
<HierarchyLvl HierarchyLvlId="58" HierarchyLvlTypeId="17" Intrnl_Id="450" Name="HeroCard">
<Header>
<Loc EndOffset="130" SrcFileId="7" StartOffset="95"/>
</Header>
<LocList>
<Loc EndOffset="749" SrcFileId="7" StartOffset="95"/>
</LocList>
<HierarchyLvl HierarchyLvlId="55" HierarchyLvlTypeId="16" Intrnl_Id="451" Name="HeroCard">
<Header>
<Loc EndOffset="155" SrcFileId="7" StartOffset="138"/>
</Header>
<LocList>
<Loc EndOffset="178" SrcFileId="7" StartOffset="138"/>
</LocList>
<StmntSeq Intrnl_Id="452">
<LocList>
<Loc EndOffset="174" SrcFileId="7" StartOffset="160"/>
</LocList>
<BasicStmnt CovItemId="S1" CovItemPrefix="devops.hw1.core.HeroCard.java" Intrnl_Id="453">
<LocList>
<Loc EndOffset="174" SrcFileId="7" StartOffset="160"/>
</LocList>
</BasicStmnt>
</StmntSeq>
</HierarchyLvl>
<HierarchyLvl HierarchyLvlId="56" HierarchyLvlTypeId="16" Intrnl_Id="454" Name="HeroCard">
<Header>
<Loc EndOffset="206" SrcFileId="7" StartOffset="184"/>
</Header>
<LocList>
<Loc EndOffset="229" SrcFileId="7" StartOffset="184"/>
</LocList>
<StmntSeq Intrnl_Id="455">
<LocList>
<Loc EndOffset="225" SrcFileId="7" StartOffset="211"/>
</LocList>
<BasicStmnt CovItemId="S2" CovItemPrefix="devops.hw1.core.HeroCard.java" Intrnl_Id="456">
<LocList>
<Loc EndOffset="225" SrcFileId="7" StartOffset="211"/>
</LocList>
</BasicStmnt>
</StmntSeq>
</HierarchyLvl>
<HierarchyLvl HierarchyLvlId="57" HierarchyLvlTypeId="16" Intrnl_Id="457" Name="HeroCard">
<Header>
<Loc EndOffset="571" SrcFileId="7" StartOffset="435"/>
</Header>
<LocList>
<Loc EndOffset="744" SrcFileId="7" StartOffset="435"/>
</LocList>
<StmntSeq Intrnl_Id="458">
<LocList>
<Loc EndOffset="596" SrcFileId="7" StartOffset="577"/>
<Loc EndOffset="617" SrcFileId="7" StartOffset="600"/>
<Loc EndOffset="644" SrcFileId="7" StartOffset="621"/>
<Loc EndOffset="665" SrcFileId="7" StartOffset="648"/>
<Loc EndOffset="688" SrcFileId="7" StartOffset="669"/>
<Loc EndOffset="713" SrcFileId="7" StartOffset="692"/>
<Loc EndOffset="740" SrcFileId="7" StartOffset="717"/>
</LocList>
<BasicStmnt CovItemId="S3" CovItemPrefix="devops.hw1.core.HeroCard.java" Intrnl_Id="459">
<LocList>
<Loc EndOffset="596" SrcFileId="7" StartOffset="577"/>
</LocList>
</BasicStmnt>
<BasicStmnt CovItemId="S4" CovItemPrefix="devops.hw1.core.HeroCard.java" Intrnl_Id="460">
<LocList>
<Loc EndOffset="617" SrcFileId="7" StartOffset="600"/>
</LocList>
</BasicStmnt>
<BasicStmnt CovItemId="S5" CovItemPrefix="devops.hw1.core.HeroCard.java" Intrnl_Id="461">
<LocList>
<Loc EndOffset="644" SrcFileId="7" StartOffset="621"/>
</LocList>
</BasicStmnt>
<BasicStmnt CovItemId="S6" CovItemPrefix="devops.hw1.core.HeroCard.java" Intrnl_Id="462">
<LocList>
<Loc EndOffset="665" SrcFileId="7" StartOffset="648"/>
</LocList>
</BasicStmnt>
<BasicStmnt CovItemId="S7" CovItemPrefix="devops.hw1.core.HeroCard.java" Intrnl_Id="463">
<LocList>
<Loc EndOffset="688" SrcFileId="7" StartOffset="669"/>
</LocList>
</BasicStmnt>
<BasicStmnt CovItemId="S8" CovItemPrefix="devops.hw1.core.HeroCard.java" Intrnl_Id="464">
<LocList>
<Loc EndOffset="713" SrcFileId="7" StartOffset="692"/>
</LocList>
</BasicStmnt>
<BasicStmnt CovItemId="S9" CovItemPrefix="devops.hw1.core.HeroCard.java" Intrnl_Id="465">
<LocList>
<Loc EndOffset="740" SrcFileId="7" StartOffset="717"/>
</LocList>
</BasicStmnt>
</StmntSeq>
</HierarchyLvl>
</HierarchyLvl>
<HierarchyLvl HierarchyLvlId="61" HierarchyLvlTypeId="15" Intrnl_Id="466" Name="IData">
<Header>
<Loc EndOffset="82" SrcFileId="8" StartOffset="28"/>
</Header>
<LocList>
<Loc EndOffset="133" SrcFileId="8" StartOffset="28"/>
</LocList>
<HierarchyLvl HierarchyLvlId="59" HierarchyLvlTypeId="16" Intrnl_Id="467" Name="getId">
<Header>
<Loc EndOffset="106" SrcFileId="8" StartOffset="87"/>
</Header>
<LocList>
<Loc EndOffset="107" SrcFileId="8" StartOffset="87"/>
</LocList>
</HierarchyLvl>
<HierarchyLvl HierarchyLvlId="60" HierarchyLvlTypeId="16" Intrnl_Id="468" Name="getValue">
<Header>
<Loc EndOffset="129" SrcFileId="8" StartOffset="110"/>
</Header>
<LocList>
<Loc EndOffset="130" SrcFileId="8" StartOffset="110"/>
</LocList>
</HierarchyLvl>
</HierarchyLvl>
<HierarchyLvl HierarchyLvlId="63" HierarchyLvlTypeId="17" Intrnl_Id="469" Name="MainGUI">
<Header>
<Loc EndOffset="220" SrcFileId="9" StartOffset="200"/>
</Header>
<LocList>
<Loc EndOffset="865" SrcFileId="9" StartOffset="200"/>
</LocList>
<StmntSeq Intrnl_Id="470">
<LocList>
<Loc EndOffset="266" SrcFileId="9" StartOffset="228"/>
<Loc EndOffset="307" SrcFileId="9" StartOffset="269"/>
</LocList>
<BasicStmnt CovItemId="S1" CovItemPrefix="devops.hw1.core.MainGUI.java" Intrnl_Id="471">
<LocList>
<Loc EndOffset="266" SrcFileId="9" StartOffset="228"/>
</LocList>
</BasicStmnt>
<BasicStmnt CovItemId="S2" CovItemPrefix="devops.hw1.core.MainGUI.java" Intrnl_Id="472">
<LocList>
<Loc EndOffset="307" SrcFileId="9" StartOffset="269"/>
</LocList>
</BasicStmnt>
</StmntSeq>
<HierarchyLvl HierarchyLvlId="62" HierarchyLvlTypeId="16" Intrnl_Id="473" Name="main">
<Header>
<Loc EndOffset="350" SrcFileId="9" StartOffset="312"/>
</Header>
<LocList>
<Loc EndOffset="862" SrcFileId="9" StartOffset="312"/>
</LocList>
<StmntSeq Intrnl_Id="474">
<LocList>
<Loc EndOffset="393" SrcFileId="9" StartOffset="356"/>
<Loc EndOffset="423" SrcFileId="9" StartOffset="397"/>
<Loc EndOffset="447" SrcFileId="9" StartOffset="427"/>
<Loc EndOffset="503" SrcFileId="9" StartOffset="451"/>
<Loc EndOffset="546" SrcFileId="9" StartOffset="507"/>
<Loc EndOffset="579" SrcFileId="9" StartOffset="550"/>
<Loc EndOffset="692" SrcFileId="9" StartOffset="587"/>
<Loc EndOffset="742" SrcFileId="9" StartOffset="700"/>
<Loc EndOffset="770" SrcFileId="9" StartOffset="750"/>
<Loc EndOffset="831" SrcFileId="9" StartOffset="778"/>
<Loc EndOffset="858" SrcFileId="9" StartOffset="835"/>
</LocList>
<BasicStmnt CovItemId="S3" CovItemPrefix="devops.hw1.core.MainGUI.java" Intrnl_Id="475">
<LocList>
<Loc EndOffset="393" SrcFileId="9" StartOffset="356"/>
</LocList>
</BasicStmnt>
<BasicStmnt CovItemId="S4" CovItemPrefix="devops.hw1.core.MainGUI.java" Intrnl_Id="476">
<LocList>
<Loc EndOffset="423" SrcFileId="9" StartOffset="397"/>
</LocList>
</BasicStmnt>
<BasicStmnt CovItemId="S5" CovItemPrefix="devops.hw1.core.MainGUI.java" Intrnl_Id="477">
<LocList>
<Loc EndOffset="447" SrcFileId="9" StartOffset="427"/>
</LocList>
</BasicStmnt>
<BasicStmnt CovItemId="S6" CovItemPrefix="devops.hw1.core.MainGUI.java" Intrnl_Id="478">
<LocList>
<Loc EndOffset="503" SrcFileId="9" StartOffset="451"/>
</LocList>
</BasicStmnt>
<BasicStmnt CovItemId="S7" CovItemPrefix="devops.hw1.core.MainGUI.java" Intrnl_Id="479">
<LocList>
<Loc EndOffset="546" SrcFileId="9" StartOffset="507"/>
</LocList>
</BasicStmnt>
<BasicStmnt CovItemId="S8" CovItemPrefix="devops.hw1.core.MainGUI.java" Intrnl_Id="480">
<LocList>
<Loc EndOffset="579" SrcFileId="9" StartOffset="550"/>
</LocList>
</BasicStmnt>
<BasicStmnt CovItemId="S9" CovItemPrefix="devops.hw1.core.MainGUI.java" Intrnl_Id="481">
<LocList>
<Loc EndOffset="692" SrcFileId="9" StartOffset="587"/>
</LocList>
</BasicStmnt>
<BasicStmnt CovItemId="S10" CovItemPrefix="devops.hw1.core.MainGUI.java" Intrnl_Id="482">
<LocList>
<Loc EndOffset="742" SrcFileId="9" StartOffset="700"/>
</LocList>
</BasicStmnt>
<BasicStmnt CovItemId="S11" CovItemPrefix="devops.hw1.core.MainGUI.java" Intrnl_Id="483">
<LocList>
<Loc EndOffset="770" SrcFileId="9" StartOffset="750"/>
</LocList>
</BasicStmnt>
<BasicStmnt CovItemId="S12" CovItemPrefix="devops.hw1.core.MainGUI.java" Intrnl_Id="484">
<LocList>
<Loc EndOffset="831" SrcFileId="9" StartOffset="778"/>
</LocList>
</BasicStmnt>
<BasicStmnt CovItemId="S13" CovItemPrefix="devops.hw1.core.MainGUI.java" Intrnl_Id="485">
<LocList>
<Loc EndOffset="858" SrcFileId="9" StartOffset="835"/>
</LocList>
</BasicStmnt>
</StmntSeq>
</HierarchyLvl>
</HierarchyLvl>
<HierarchyLvl HierarchyLvlId="66" HierarchyLvlTypeId="17" Intrnl_Id="486" Name="NumericData">
<Header>
<Loc EndOffset="79" SrcFileId="10" StartOffset="28"/>
</Header>
<LocList>
<Loc EndOffset="399" SrcFileId="10" StartOffset="28"/>
</LocList>
<HierarchyLvl HierarchyLvlId="64" HierarchyLvlTypeId="16" Intrnl_Id="487" Name="NumericData">
<Header>
<Loc EndOffset="125" SrcFileId="10" StartOffset="86"/>
</Header>
<LocList>
<Loc EndOffset="152" SrcFileId="10" StartOffset="86"/>
</LocList>
<StmntSeq Intrnl_Id="488">
<LocList>
<Loc EndOffset="148" SrcFileId="10" StartOffset="131"/>
</LocList>
<BasicStmnt CovItemId="S1" CovItemPrefix="devops.hw1.core.NumericData.java" Intrnl_Id="489">
<LocList>
<Loc EndOffset="148" SrcFileId="10" StartOffset="131"/>
</LocList>
</BasicStmnt>
</StmntSeq>
</HierarchyLvl>
<HierarchyLvl HierarchyLvlId="65" HierarchyLvlTypeId="16" Intrnl_Id="490" Name="compareTo">
<Header>
<Loc EndOffset="208" SrcFileId="10" StartOffset="157"/>
</Header>
<LocList>
<Loc EndOffset="396" SrcFileId="10" StartOffset="157"/>
</LocList>
<StmntSeq Intrnl_Id="491">
<LocList>
<Loc EndOffset="250" SrcFileId="10" StartOffset="214"/>
<Loc EndOffset="289" SrcFileId="10" StartOffset="258"/>
<Loc EndOffset="328" SrcFileId="10" StartOffset="293"/>
<Loc EndOffset="374" SrcFileId="10" StartOffset="336"/>
<Loc EndOffset="392" SrcFileId="10" StartOffset="382"/>
</LocList>
<CondStmnt CovItemId="S2" CovItemPrefix="devops.hw1.core.NumericData.java" Intrnl_Id="492">
<Branch CovItemId="B1" CovItemPrefix="devops.hw1.core.NumericData.java" Implct="false" Intrnl_Id="493">
<Cond/>
<LocList>
<Loc EndOffset="250" SrcFileId="10" StartOffset="241"/>
</LocList>
<StmntSeq Intrnl_Id="494">
<LocList>
<Loc EndOffset="250" SrcFileId="10" StartOffset="241"/>
</LocList>
<BasicStmnt CovItemId="S3" CovItemPrefix="devops.hw1.core.NumericData.java" Intrnl_Id="495">
<LocList>
<Loc EndOffset="250" SrcFileId="10" StartOffset="241"/>
</LocList>
</BasicStmnt>
</StmntSeq>
</Branch>
<Branch CovItemId="B2" CovItemPrefix="devops.hw1.core.NumericData.java" Implct="true" Intrnl_Id="496">
<Cond/>
<LocList/>
<StmntSeq Intrnl_Id="497">
<LocList/>
</StmntSeq>
</Branch>
<Keyword EndOffset="216" SrcFileId="10" StartOffset="214"/>
<LocList>
<Loc EndOffset="250" SrcFileId="10" StartOffset="214"/>
</LocList>
<RootTerm CovItemId="C1" CovItemPrefix="devops.hw1.core.NumericData.java" Intrnl_Id="498">
<BasicBoolTerm Intrnl_Id="499">
<LocList>
<Loc EndOffset="235" SrcFileId="10" StartOffset="217"/>
</LocList>
</BasicBoolTerm>
</RootTerm>
</CondStmnt>
<BasicStmnt CovItemId="S4" CovItemPrefix="devops.hw1.core.NumericData.java" Intrnl_Id="500">
<LocList>
<Loc EndOffset="289" SrcFileId="10" StartOffset="258"/>
</LocList>
</BasicStmnt>
<BasicStmnt CovItemId="S5" CovItemPrefix="devops.hw1.core.NumericData.java" Intrnl_Id="501">
<LocList>
<Loc EndOffset="328" SrcFileId="10" StartOffset="293"/>
</LocList>
</BasicStmnt>
<CondStmnt CovItemId="S6" CovItemPrefix="devops.hw1.core.NumericData.java" Intrnl_Id="502">
<Branch CovItemId="B3" CovItemPrefix="devops.hw1.core.NumericData.java" Implct="false" Intrnl_Id="503">
<Cond/>
<LocList>
<Loc EndOffset="374" SrcFileId="10" StartOffset="365"/>
</LocList>
<StmntSeq Intrnl_Id="504">
<LocList>
<Loc EndOffset="374" SrcFileId="10" StartOffset="365"/>
</LocList>
<BasicStmnt CovItemId="S7" CovItemPrefix="devops.hw1.core.NumericData.java" Intrnl_Id="505">
<LocList>
<Loc EndOffset="374" SrcFileId="10" StartOffset="365"/>
</LocList>
</BasicStmnt>
</StmntSeq>
</Branch>
<Branch CovItemId="B4" CovItemPrefix="devops.hw1.core.NumericData.java" Implct="true" Intrnl_Id="506">
<Cond/>
<LocList/>
<StmntSeq Intrnl_Id="507">
<LocList/>
</StmntSeq>
</Branch>
<Keyword EndOffset="338" SrcFileId="10" StartOffset="336"/>
<LocList>
<Loc EndOffset="374" SrcFileId="10" StartOffset="336"/>
</LocList>
<RootTerm CovItemId="C2" CovItemPrefix="devops.hw1.core.NumericData.java" Intrnl_Id="508">
<BasicBoolTerm Intrnl_Id="509">
<LocList>
<Loc EndOffset="359" SrcFileId="10" StartOffset="339"/>
</LocList>
</BasicBoolTerm>
</RootTerm>
</CondStmnt>
<BasicStmnt CovItemId="S8" CovItemPrefix="devops.hw1.core.NumericData.java" Intrnl_Id="510">
<LocList>
<Loc EndOffset="392" SrcFileId="10" StartOffset="382"/>
</LocList>
</BasicStmnt>
</StmntSeq>
</HierarchyLvl>
</HierarchyLvl>
<HierarchyLvl HierarchyLvlId="93" HierarchyLvlTypeId="17" Intrnl_Id="511" Name="Player">
<Header>
<Loc EndOffset="270" SrcFileId="11" StartOffset="251"/>
</Header>
<LocList>
<Loc EndOffset="6946" SrcFileId="11" StartOffset="251"/>
</LocList>
<HierarchyLvl HierarchyLvlId="67" HierarchyLvlTypeId="16" Intrnl_Id="512" Name="Player">
<Header>
<Loc EndOffset="582" SrcFileId="11" StartOffset="566"/>
</Header>
<LocList>
<Loc EndOffset="930" SrcFileId="11" StartOffset="566"/>
</LocList>
<StmntSeq Intrnl_Id="513">
<LocList>
<Loc EndOffset="620" SrcFileId="11" StartOffset="599"/>
<Loc EndOffset="701" SrcFileId="11" StartOffset="589"/>
<Loc EndOffset="747" SrcFileId="11" StartOffset="705"/>
<Loc EndOffset="792" SrcFileId="11" StartOffset="751"/>
<Loc EndOffset="838" SrcFileId="11" StartOffset="796"/>
<Loc EndOffset="864" SrcFileId="11" StartOffset="842"/>
<Loc EndOffset="905" SrcFileId="11" StartOffset="868"/>
<Loc EndOffset="926" SrcFileId="11" StartOffset="909"/>
</LocList>
<BasicStmnt CovItemId="S2" CovItemPrefix="devops.hw1.core.Player.java" Intrnl_Id="514">
<LocList>
<Loc EndOffset="620" SrcFileId="11" StartOffset="599"/>
</LocList>
</BasicStmnt>
<CondStmnt CovItemId="S1" CovItemPrefix="devops.hw1.core.Player.java" Intrnl_Id="515">
<Branch CovItemId="B1" CovItemPrefix="devops.hw1.core.Player.java" Implct="true" Intrnl_Id="516">
<Cond/>
<LocList/>
<StmntSeq Intrnl_Id="517">
<LocList/>
</StmntSeq>
</Branch>
<Branch CovItemId="B2" CovItemPrefix="devops.hw1.core.Player.java" Implct="false" Intrnl_Id="518">
<Cond>
<Loc EndOffset="647" SrcFileId="11" StartOffset="626"/>
</Cond>
<LocList>
<Loc EndOffset="701" SrcFileId="11" StartOffset="648"/>
</LocList>
<StmntSeq Intrnl_Id="519">
<LocList>
<Loc EndOffset="696" SrcFileId="11" StartOffset="654"/>
</LocList>
<BasicStmnt CovItemId="S3" CovItemPrefix="devops.hw1.core.Player.java" Intrnl_Id="520">
<LocList>
<Loc EndOffset="696" SrcFileId="11" StartOffset="654"/>
</LocList>
</BasicStmnt>
</StmntSeq>
</Branch>
<Keyword EndOffset="592" SrcFileId="11" StartOffset="589"/>
<LocList>
<Loc EndOffset="701" SrcFileId="11" StartOffset="589"/>
</LocList>
</CondStmnt>
<BasicStmnt CovItemId="S4" CovItemPrefix="devops.hw1.core.Player.java" Intrnl_Id="521">
<LocList>
<Loc EndOffset="747" SrcFileId="11" StartOffset="705"/>
</LocList>
</BasicStmnt>
<BasicStmnt CovItemId="S5" CovItemPrefix="devops.hw1.core.Player.java" Intrnl_Id="522">
<LocList>
<Loc EndOffset="792" SrcFileId="11" StartOffset="751"/>
</LocList>
</BasicStmnt>
<BasicStmnt CovItemId="S6" CovItemPrefix="devops.hw1.core.Player.java" Intrnl_Id="523">
<LocList>
<Loc EndOffset="838" SrcFileId="11" StartOffset="796"/>
</LocList>
</BasicStmnt>
<BasicStmnt CovItemId="S7" CovItemPrefix="devops.hw1.core.Player.java" Intrnl_Id="524">
<LocList>
<Loc EndOffset="864" SrcFileId="11" StartOffset="842"/>
</LocList>
</BasicStmnt>
<BasicStmnt CovItemId="S8" CovItemPrefix="devops.hw1.core.Player.java" Intrnl_Id="525">
<LocList>
<Loc EndOffset="905" SrcFileId="11" StartOffset="868"/>
</LocList>
</BasicStmnt>
<BasicStmnt CovItemId="S9" CovItemPrefix="devops.hw1.core.Player.java" Intrnl_Id="526">
<LocList>
<Loc EndOffset="926" SrcFileId="11" StartOffset="909"/>
</LocList>
</BasicStmnt>
</StmntSeq>
</HierarchyLvl>
<HierarchyLvl HierarchyLvlId="68" HierarchyLvlTypeId="16" Intrnl_Id="527" Name="initialiseDeck">
<Header>
<Loc EndOffset="981" SrcFileId="11" StartOffset="953"/>
</Header>
<LocList>
<Loc EndOffset="1166" SrcFileId="11" StartOffset="953"/>
</LocList>
<StmntSeq Intrnl_Id="528">
<LocList>
<Loc EndOffset="1074" SrcFileId="11" StartOffset="988"/>
<Loc EndOffset="1160" SrcFileId="11" StartOffset="1078"/>
</LocList>
<LoopStmnt CovItemId="S10" CovItemPrefix="devops.hw1.core.Player.java" Intrnl_Id="529" MltplExecId="L1-2" MltplExecPrefix="devops.hw1.core.Player.java" NvrExecId="L1-0" NvrExecPrefix="devops.hw1.core.Player.java" OnceExecutedId="L1-1" OnceExecutedPrefix="devops.hw1.core.Player.java" OptBodyExec="true">
<StmntSeq Intrnl_Id="530">
<LocList>
<Loc EndOffset="1069" SrcFileId="11" StartOffset="1023"/>
</LocList>
<BasicStmnt CovItemId="S11" CovItemPrefix="devops.hw1.core.Player.java" Intrnl_Id="531">
<LocList>
<Loc EndOffset="1069" SrcFileId="11" StartOffset="1023"/>
</LocList>
</BasicStmnt>
</StmntSeq>
<Keyword EndOffset="991" SrcFileId="11" StartOffset="988"/>
<LocList>
<Loc EndOffset="1074" SrcFileId="11" StartOffset="988"/>
</LocList>
<RootTerm CovItemId="C1" CovItemPrefix="devops.hw1.core.Player.java" Intrnl_Id="532">
<BasicBoolTerm Intrnl_Id="533">
<LocList>
<Loc EndOffset="1009" SrcFileId="11" StartOffset="1004"/>
</LocList>
</BasicBoolTerm>
</RootTerm>
</LoopStmnt>
<LoopStmnt CovItemId="S12" CovItemPrefix="devops.hw1.core.Player.java" Intrnl_Id="534" MltplExecId="L2-2" MltplExecPrefix="devops.hw1.core.Player.java" NvrExecId="L2-0" NvrExecPrefix="devops.hw1.core.Player.java" OnceExecutedId="L2-1" OnceExecutedPrefix="devops.hw1.core.Player.java" OptBodyExec="true">
<StmntSeq Intrnl_Id="535">
<LocList>
<Loc EndOffset="1155" SrcFileId="11" StartOffset="1112"/>
</LocList>
<BasicStmnt CovItemId="S13" CovItemPrefix="devops.hw1.core.Player.java" Intrnl_Id="536">
<LocList>
<Loc EndOffset="1155" SrcFileId="11" StartOffset="1112"/>
</LocList>
</BasicStmnt>
</StmntSeq>
<Keyword EndOffset="1081" SrcFileId="11" StartOffset="1078"/>
<LocList>
<Loc EndOffset="1160" SrcFileId="11" StartOffset="1078"/>
</LocList>
<RootTerm CovItemId="C2" CovItemPrefix="devops.hw1.core.Player.java" Intrnl_Id="537">
<BasicBoolTerm Intrnl_Id="538">
<LocList>
<Loc EndOffset="1099" SrcFileId="11" StartOffset="1094"/>
</LocList>
</BasicBoolTerm>
</RootTerm>
</LoopStmnt>
</StmntSeq>
</HierarchyLvl>
<HierarchyLvl HierarchyLvlId="69" HierarchyLvlTypeId="16" Intrnl_Id="539" Name="endTurn">
<Header>
<Loc EndOffset="1313" SrcFileId="11" StartOffset="1292"/>
</Header>
<LocList>
<Loc EndOffset="1434" SrcFileId="11" StartOffset="1292"/>
</LocList>
<StmntSeq Intrnl_Id="540">
<LocList>
<Loc EndOffset="1408" SrcFileId="11" StartOffset="1318"/>
<Loc EndOffset="1429" SrcFileId="11" StartOffset="1412"/>
</LocList>
<LoopStmnt CovItemId="S14" CovItemPrefix="devops.hw1.core.Player.java" Intrnl_Id="541" MltplExecId="L3-2" MltplExecPrefix="devops.hw1.core.Player.java" NvrExecId="L3-0" NvrExecPrefix="devops.hw1.core.Player.java" OnceExecutedId="L3-1" OnceExecutedPrefix="devops.hw1.core.Player.java" OptBodyExec="true">
<StmntSeq Intrnl_Id="542">
<LocList>
<Loc EndOffset="1403" SrcFileId="11" StartOffset="1366"/>
</LocList>
<BasicStmnt CovItemId="S15" CovItemPrefix="devops.hw1.core.Player.java" Intrnl_Id="543">
<LocList>
<Loc EndOffset="1403" SrcFileId="11" StartOffset="1366"/>
</LocList>
</BasicStmnt>
</StmntSeq>
<Keyword EndOffset="1321" SrcFileId="11" StartOffset="1318"/>
<LocList>
<Loc EndOffset="1408" SrcFileId="11" StartOffset="1318"/>
</LocList>
<RootTerm CovItemId="C3" CovItemPrefix="devops.hw1.core.Player.java" Intrnl_Id="544">
<BasicBoolTerm Intrnl_Id="545">
<LocList>
<Loc EndOffset="1354" SrcFileId="11" StartOffset="1333"/>
</LocList>
</BasicBoolTerm>
</RootTerm>
</LoopStmnt>
<BasicStmnt CovItemId="S16" CovItemPrefix="devops.hw1.core.Player.java" Intrnl_Id="546">
<LocList>
<Loc EndOffset="1429" SrcFileId="11" StartOffset="1412"/>
</LocList>
</BasicStmnt>
</StmntSeq>
</HierarchyLvl>
<HierarchyLvl HierarchyLvlId="70" HierarchyLvlTypeId="16" Intrnl_Id="547" Name="makePlayer">
<Header>
<Loc EndOffset="1546" SrcFileId="11" StartOffset="1513"/>
</Header>
<LocList>
<Loc EndOffset="1609" SrcFileId="11" StartOffset="1513"/>
</LocList>
<StmntSeq Intrnl_Id="548">
<LocList>
<Loc EndOffset="1584" SrcFileId="11" StartOffset="1552"/>
<Loc EndOffset="1605" SrcFileId="11" StartOffset="1588"/>
</LocList>
<BasicStmnt CovItemId="S17" CovItemPrefix="devops.hw1.core.Player.java" Intrnl_Id="549">
<LocList>
<Loc EndOffset="1584" SrcFileId="11" StartOffset="1552"/>
</LocList>
</BasicStmnt>
<BasicStmnt CovItemId="S18" CovItemPrefix="devops.hw1.core.Player.java" Intrnl_Id="550">
<LocList>
<Loc EndOffset="1605" SrcFileId="11" StartOffset="1588"/>
</LocList>
</BasicStmnt>
</StmntSeq>
</HierarchyLvl>
<HierarchyLvl HierarchyLvlId="71" HierarchyLvlTypeId="16" Intrnl_Id="551" Name="addRunes">
<Header>
<Loc EndOffset="1752" SrcFileId="11" StartOffset="1725"/>
</Header>
<LocList>
<Loc EndOffset="1829" SrcFileId="11" StartOffset="1725"/>
</LocList>
<StmntSeq Intrnl_Id="552">
<LocList>
<Loc EndOffset="1825" SrcFileId="11" StartOffset="1758"/>
</LocList>
<BasicStmnt CovItemId="S19" CovItemPrefix="devops.hw1.core.Player.java" Intrnl_Id="553">
<LocList>
<Loc EndOffset="1825" SrcFileId="11" StartOffset="1758"/>
</LocList>
<QMO CovItemId="Q0" CovItemPrefix="devops.hw1.core.Player.java" Intrnl_Id="554">
<LocList>
<Loc EndOffset="1797" SrcFileId="11" StartOffset="1772"/>
</LocList>
<QMO_E CovItemId="Q0-0" CovItemPrefix="devops.hw1.core.Player.java" Intrnl_Id="555">
<LocList>
<Loc EndOffset="1819" SrcFileId="11" StartOffset="1800"/>
</LocList>
</QMO_E>
<QMO_E CovItemId="Q0-1" CovItemPrefix="devops.hw1.core.Player.java" Intrnl_Id="556">
<LocList>
<Loc EndOffset="1823" SrcFileId="11" StartOffset="1822"/>
</LocList>
</QMO_E>
</QMO>
</BasicStmnt>
</StmntSeq>
</HierarchyLvl>
<HierarchyLvl HierarchyLvlId="72" HierarchyLvlTypeId="16" Intrnl_Id="557" Name="getRunes">
<Header>
<Loc EndOffset="1960" SrcFileId="11" StartOffset="1939"/>
</Header>
<LocList>
<Loc EndOffset="1988" SrcFileId="11" StartOffset="1939"/>
</LocList>
<StmntSeq Intrnl_Id="558">
<LocList>
<Loc EndOffset="1984" SrcFileId="11" StartOffset="1966"/>
</LocList>
<BasicStmnt CovItemId="S20" CovItemPrefix="devops.hw1.core.Player.java" Intrnl_Id="559">
<LocList>
<Loc EndOffset="1984" SrcFileId="11" StartOffset="1966"/>
</LocList>
</BasicStmnt>
</StmntSeq>
</HierarchyLvl>
<HierarchyLvl HierarchyLvlId="73" HierarchyLvlTypeId="16" Intrnl_Id="560" Name="setRunes">
<Header>
<Loc EndOffset="2165" SrcFileId="11" StartOffset="2134"/>
</Header>
<LocList>
<Loc EndOffset="2194" SrcFileId="11" StartOffset="2134"/>
</LocList>
<StmntSeq Intrnl_Id="561">
<LocList>
<Loc EndOffset="2190" SrcFileId="11" StartOffset="2171"/>
</LocList>
<BasicStmnt CovItemId="S21" CovItemPrefix="devops.hw1.core.Player.java" Intrnl_Id="562">
<LocList>
<Loc EndOffset="2190" SrcFileId="11" StartOffset="2171"/>
</LocList>
</BasicStmnt>
</StmntSeq>
</HierarchyLvl>
<HierarchyLvl HierarchyLvlId="74" HierarchyLvlTypeId="16" Intrnl_Id="563" Name="getDiscardSize">
<Header>
<Loc EndOffset="2309" SrcFileId="11" StartOffset="2282"/>
</Header>
<LocList>
<Loc EndOffset="2350" SrcFileId="11" StartOffset="2282"/>
</LocList>
<StmntSeq Intrnl_Id="564">
<LocList>
<Loc EndOffset="2346" SrcFileId="11" StartOffset="2315"/>
</LocList>
<BasicStmnt CovItemId="S22" CovItemPrefix="devops.hw1.core.Player.java" Intrnl_Id="565">
<LocList>
<Loc EndOffset="2346" SrcFileId="11" StartOffset="2315"/>
</LocList>
</BasicStmnt>
</StmntSeq>
</HierarchyLvl>
<HierarchyLvl HierarchyLvlId="75" HierarchyLvlTypeId="16" Intrnl_Id="566" Name="discard">
<Header>
<Loc EndOffset="2474" SrcFileId="11" StartOffset="2443"/>
</Header>
<LocList>
<Loc EndOffset="2609" SrcFileId="11" StartOffset="2443"/>
</LocList>
<StmntSeq Intrnl_Id="567">
<LocList>
<Loc EndOffset="2574" SrcFileId="11" StartOffset="2480"/>
<Loc EndOffset="2605" SrcFileId="11" StartOffset="2578"/>
</LocList>
<CondStmnt CovItemId="S23" CovItemPrefix="devops.hw1.core.Player.java" Intrnl_Id="568">
<Branch CovItemId="B3" CovItemPrefix="devops.hw1.core.Player.java" Implct="false" Intrnl_Id="569">
<Cond/>
<LocList>
<Loc EndOffset="2574" SrcFileId="11" StartOffset="2498"/>
</LocList>
<StmntSeq Intrnl_Id="570">
<LocList>
<Loc EndOffset="2557" SrcFileId="11" StartOffset="2504"/>
<Loc EndOffset="2569" SrcFileId="11" StartOffset="2562"/>
</LocList>
<BasicStmnt CovItemId="S24" CovItemPrefix="devops.hw1.core.Player.java" Intrnl_Id="571">
<LocList>
<Loc EndOffset="2557" SrcFileId="11" StartOffset="2504"/>
</LocList>
</BasicStmnt>
<BasicStmnt CovItemId="S25" CovItemPrefix="devops.hw1.core.Player.java" Intrnl_Id="572">
<LocList>
<Loc EndOffset="2569" SrcFileId="11" StartOffset="2562"/>
</LocList>
</BasicStmnt>
</StmntSeq>
</Branch>
<Branch CovItemId="B4" CovItemPrefix="devops.hw1.core.Player.java" Implct="true" Intrnl_Id="573">
<Cond/>
<LocList/>
<StmntSeq Intrnl_Id="574">
<LocList/>
</StmntSeq>
</Branch>
<Keyword EndOffset="2482" SrcFileId="11" StartOffset="2480"/>
<LocList>
<Loc EndOffset="2574" SrcFileId="11" StartOffset="2480"/>
</LocList>
<RootTerm CovItemId="C4" CovItemPrefix="devops.hw1.core.Player.java" Intrnl_Id="575">
<BasicBoolTerm Intrnl_Id="576">
<LocList>
<Loc EndOffset="2496" SrcFileId="11" StartOffset="2484"/>
</LocList>
</BasicBoolTerm>
</RootTerm>
</CondStmnt>
<BasicStmnt CovItemId="S26" CovItemPrefix="devops.hw1.core.Player.java" Intrnl_Id="577">
<LocList>
<Loc EndOffset="2605" SrcFileId="11" StartOffset="2578"/>
</LocList>
</BasicStmnt>
</StmntSeq>
</HierarchyLvl>
<HierarchyLvl HierarchyLvlId="76" HierarchyLvlTypeId="16" Intrnl_Id="578" Name="getDiscardPile">
<Header>
<Loc EndOffset="2725" SrcFileId="11" StartOffset="2685"/>
</Header>
<LocList>
<Loc EndOffset="2759" SrcFileId="11" StartOffset="2685"/>
</LocList>
<StmntSeq Intrnl_Id="579">
<LocList>
<Loc EndOffset="2755" SrcFileId="11" StartOffset="2731"/>
</LocList>
<BasicStmnt CovItemId="S27" CovItemPrefix="devops.hw1.core.Player.java" Intrnl_Id="580">
<LocList>
<Loc EndOffset="2755" SrcFileId="11" StartOffset="2731"/>
</LocList>
</BasicStmnt>
</StmntSeq>
</HierarchyLvl>
<HierarchyLvl HierarchyLvlId="77" HierarchyLvlTypeId="16" Intrnl_Id="581" Name="buyCard">
<Header>
<Loc EndOffset="3058" SrcFileId="11" StartOffset="3024"/>
</Header>
<LocList>
<Loc EndOffset="3230" SrcFileId="11" StartOffset="3024"/>
</LocList>
<StmntSeq Intrnl_Id="582">
<LocList>
<Loc EndOffset="3209" SrcFileId="11" StartOffset="3064"/>
<Loc EndOffset="3226" SrcFileId="11" StartOffset="3213"/>
</LocList>
<CondStmnt CovItemId="S28" CovItemPrefix="devops.hw1.core.Player.java" Intrnl_Id="583">
<Branch CovItemId="B5" CovItemPrefix="devops.hw1.core.Player.java" Implct="false" Intrnl_Id="584">
<Cond/>
<LocList>
<Loc EndOffset="3209" SrcFileId="11" StartOffset="3114"/>
</LocList>
<StmntSeq Intrnl_Id="585">
<LocList>
<Loc EndOffset="3163" SrcFileId="11" StartOffset="3120"/>
<Loc EndOffset="3187" SrcFileId="11" StartOffset="3168"/>
<Loc EndOffset="3204" SrcFileId="11" StartOffset="3192"/>
</LocList>
<BasicStmnt CovItemId="S29" CovItemPrefix="devops.hw1.core.Player.java" Intrnl_Id="586">
<LocList>
<Loc EndOffset="3163" SrcFileId="11" StartOffset="3120"/>
</LocList>
</BasicStmnt>
<BasicStmnt CovItemId="S30" CovItemPrefix="devops.hw1.core.Player.java" Intrnl_Id="587">
<LocList>
<Loc EndOffset="3187" SrcFileId="11" StartOffset="3168"/>
</LocList>
</BasicStmnt>
<BasicStmnt CovItemId="S31" CovItemPrefix="devops.hw1.core.Player.java" Intrnl_Id="588">
<LocList>
<Loc EndOffset="3204" SrcFileId="11" StartOffset="3192"/>
</LocList>
</BasicStmnt>
</StmntSeq>
</Branch>
<Branch CovItemId="B6" CovItemPrefix="devops.hw1.core.Player.java" Implct="true" Intrnl_Id="589">
<Cond/>
<LocList/>
<StmntSeq Intrnl_Id="590">
<LocList/>
</StmntSeq>
</Branch>
<Keyword EndOffset="3066" SrcFileId="11" StartOffset="3064"/>
<LocList>
<Loc EndOffset="3209" SrcFileId="11" StartOffset="3064"/>
</LocList>
<RootTerm CovItemId="C5" CovItemPrefix="devops.hw1.core.Player.java" Intrnl_Id="591">
<OpTerm BooleanOpId="12" Intrnl_Id="592">
<BasicBoolTerm Intrnl_Id="593">
<LocList>
<Loc EndOffset="3080" SrcFileId="11" StartOffset="3068"/>
</LocList>
</BasicBoolTerm>
<BasicBoolTerm Intrnl_Id="594">
<LocList>
<Loc EndOffset="3112" SrcFileId="11" StartOffset="3084"/>
</LocList>
</BasicBoolTerm>
<LocList>
<Loc EndOffset="3083" SrcFileId="11" StartOffset="3081"/>
</LocList>
</OpTerm>
</RootTerm>
</CondStmnt>
<BasicStmnt CovItemId="S32" CovItemPrefix="devops.hw1.core.Player.java" Intrnl_Id="595">
<LocList>
<Loc EndOffset="3226" SrcFileId="11" StartOffset="3213"/>
</LocList>
</BasicStmnt>
</StmntSeq>
</HierarchyLvl>
<HierarchyLvl HierarchyLvlId="78" HierarchyLvlTypeId="16" Intrnl_Id="596" Name="attackCard">
<Header>
<Loc EndOffset="3550" SrcFileId="11" StartOffset="3500"/>
</Header>
<LocList>
<Loc EndOffset="3725" SrcFileId="11" StartOffset="3500"/>
</LocList>
<StmntSeq Intrnl_Id="597">
<LocList>
<Loc EndOffset="3704" SrcFileId="11" StartOffset="3556"/>
<Loc EndOffset="3721" SrcFileId="11" StartOffset="3708"/>
</LocList>
<CondStmnt CovItemId="S33" CovItemPrefix="devops.hw1.core.Player.java" Intrnl_Id="598">
<Branch CovItemId="B7" CovItemPrefix="devops.hw1.core.Player.java" Implct="false" Intrnl_Id="599">
<Cond/>
<LocList>
<Loc EndOffset="3704" SrcFileId="11" StartOffset="3610"/>
</LocList>
<StmntSeq Intrnl_Id="600">
<LocList>
<Loc EndOffset="3654" SrcFileId="11" StartOffset="3616"/>
<Loc EndOffset="3682" SrcFileId="11" StartOffset="3659"/>
<Loc EndOffset="3699" SrcFileId="11" StartOffset="3687"/>
</LocList>
<BasicStmnt CovItemId="S34" CovItemPrefix="devops.hw1.core.Player.java" Intrnl_Id="601">
<LocList>
<Loc EndOffset="3654" SrcFileId="11" StartOffset="3616"/>
</LocList>
</BasicStmnt>
<BasicStmnt CovItemId="S35" CovItemPrefix="devops.hw1.core.Player.java" Intrnl_Id="602">
<LocList>
<Loc EndOffset="3682" SrcFileId="11" StartOffset="3659"/>
</LocList>
</BasicStmnt>
<BasicStmnt CovItemId="S36" CovItemPrefix="devops.hw1.core.Player.java" Intrnl_Id="603">
<LocList>
<Loc EndOffset="3699" SrcFileId="11" StartOffset="3687"/>
</LocList>
</BasicStmnt>
</StmntSeq>
</Branch>
<Branch CovItemId="B8" CovItemPrefix="devops.hw1.core.Player.java" Implct="true" Intrnl_Id="604">
<Cond/>
<LocList/>
<StmntSeq Intrnl_Id="605">
<LocList/>
</StmntSeq>
</Branch>
<Keyword EndOffset="3558" SrcFileId="11" StartOffset="3556"/>
<LocList>
<Loc EndOffset="3704" SrcFileId="11" StartOffset="3556"/>
</LocList>
<RootTerm CovItemId="C6" CovItemPrefix="devops.hw1.core.Player.java" Intrnl_Id="606">
<OpTerm BooleanOpId="12" Intrnl_Id="607">
<BasicBoolTerm Intrnl_Id="608">
<LocList>
<Loc EndOffset="3572" SrcFileId="11" StartOffset="3560"/>
</LocList>
</BasicBoolTerm>
<BasicBoolTerm Intrnl_Id="609">
<LocList>
<Loc EndOffset="3608" SrcFileId="11" StartOffset="3576"/>
</LocList>
</BasicBoolTerm>
<LocList>
<Loc EndOffset="3575" SrcFileId="11" StartOffset="3573"/>
</LocList>
</OpTerm>
</RootTerm>
</CondStmnt>
<BasicStmnt CovItemId="S37" CovItemPrefix="devops.hw1.core.Player.java" Intrnl_Id="610">
<LocList>
<Loc EndOffset="3721" SrcFileId="11" StartOffset="3708"/>
</LocList>
</BasicStmnt>
</StmntSeq>
</HierarchyLvl>
<HierarchyLvl HierarchyLvlId="79" HierarchyLvlTypeId="16" Intrnl_Id="611" Name="getHandSize">
<Header>
<Loc EndOffset="3860" SrcFileId="11" StartOffset="3836"/>
</Header>
<LocList>
<Loc EndOffset="3900" SrcFileId="11" StartOffset="3836"/>
</LocList>
<StmntSeq Intrnl_Id="612">
<LocList>
<Loc EndOffset="3896" SrcFileId="11" StartOffset="3866"/>
</LocList>
<BasicStmnt CovItemId="S38" CovItemPrefix="devops.hw1.core.Player.java" Intrnl_Id="613">
<LocList>
<Loc EndOffset="3896" SrcFileId="11" StartOffset="3866"/>
</LocList>
</BasicStmnt>
</StmntSeq>
</HierarchyLvl>
<HierarchyLvl HierarchyLvlId="80" HierarchyLvlTypeId="16" Intrnl_Id="614" Name="drawCard">
<Header>
<Loc EndOffset="4020" SrcFileId="11" StartOffset="3998"/>
</Header>
<LocList>
<Loc EndOffset="4264" SrcFileId="11" StartOffset="3998"/>
</LocList>
<StmntSeq Intrnl_Id="615">
<LocList>
<Loc EndOffset="4180" SrcFileId="11" StartOffset="4026"/>
<Loc EndOffset="4226" SrcFileId="11" StartOffset="4184"/>
<Loc EndOffset="4260" SrcFileId="11" StartOffset="4230"/>
</LocList>
<CondStmnt CovItemId="S39" CovItemPrefix="devops.hw1.core.Player.java" Intrnl_Id="616">
<Branch CovItemId="B9" CovItemPrefix="devops.hw1.core.Player.java" Implct="false" Intrnl_Id="617">
<Cond/>
<LocList>
<Loc EndOffset="4180" SrcFileId="11" StartOffset="4056"/>
</LocList>
<StmntSeq Intrnl_Id="618">
<LocList>
<Loc EndOffset="4103" SrcFileId="11" StartOffset="4062"/>
<Loc EndOffset="4133" SrcFileId="11" StartOffset="4108"/>
<Loc EndOffset="4175" SrcFileId="11" StartOffset="4138"/>
</LocList>
<BasicStmnt CovItemId="S40" CovItemPrefix="devops.hw1.core.Player.java" Intrnl_Id="619">
<LocList>
<Loc EndOffset="4103" SrcFileId="11" StartOffset="4062"/>
</LocList>
</BasicStmnt>
<BasicStmnt CovItemId="S41" CovItemPrefix="devops.hw1.core.Player.java" Intrnl_Id="620">
<LocList>
<Loc EndOffset="4133" SrcFileId="11" StartOffset="4108"/>
</LocList>
</BasicStmnt>
<BasicStmnt CovItemId="S42" CovItemPrefix="devops.hw1.core.Player.java" Intrnl_Id="621">
<LocList>
<Loc EndOffset="4175" SrcFileId="11" StartOffset="4138"/>
</LocList>
</BasicStmnt>
</StmntSeq>
</Branch>
<Branch CovItemId="B10" CovItemPrefix="devops.hw1.core.Player.java" Implct="true" Intrnl_Id="622">
<Cond/>
<LocList/>
<StmntSeq Intrnl_Id="623">
<LocList/>
</StmntSeq>
</Branch>
<Keyword EndOffset="4028" SrcFileId="11" StartOffset="4026"/>
<LocList>
<Loc EndOffset="4180" SrcFileId="11" StartOffset="4026"/>
</LocList>
<RootTerm CovItemId="C7" CovItemPrefix="devops.hw1.core.Player.java" Intrnl_Id="624">
<BasicBoolTerm Intrnl_Id="625">
<LocList>
<Loc EndOffset="4055" SrcFileId="11" StartOffset="4030"/>
</LocList>
</BasicBoolTerm>
</RootTerm>
</CondStmnt>
<BasicStmnt CovItemId="S43" CovItemPrefix="devops.hw1.core.Player.java" Intrnl_Id="626">
<LocList>
<Loc EndOffset="4226" SrcFileId="11" StartOffset="4184"/>
</LocList>
</BasicStmnt>
<BasicStmnt CovItemId="S44" CovItemPrefix="devops.hw1.core.Player.java" Intrnl_Id="627">
<LocList>
<Loc EndOffset="4260" SrcFileId="11" StartOffset="4230"/>
</LocList>
</BasicStmnt>
</StmntSeq>
</HierarchyLvl>
<HierarchyLvl HierarchyLvlId="81" HierarchyLvlTypeId="16" Intrnl_Id="628" Name="addCardToDeck">
<Header>
<Loc EndOffset="4412" SrcFileId="11" StartOffset="4375"/>
</Header>
<LocList>
<Loc EndOffset="4556" SrcFileId="11" StartOffset="4375"/>
</LocList>
<StmntSeq Intrnl_Id="629">
<LocList>
<Loc EndOffset="4520" SrcFileId="11" StartOffset="4420"/>
<Loc EndOffset="4552" SrcFileId="11" StartOffset="4526"/>
</LocList>
<CondStmnt CovItemId="S45" CovItemPrefix="devops.hw1.core.Player.java" Intrnl_Id="630">
<Branch CovItemId="B11" CovItemPrefix="devops.hw1.core.Player.java" Implct="false" Intrnl_Id="631">
<Cond/>
<LocList>
<Loc EndOffset="4520" SrcFileId="11" StartOffset="4438"/>
</LocList>
<StmntSeq Intrnl_Id="632">
<LocList>
<Loc EndOffset="4503" SrcFileId="11" StartOffset="4444"/>
<Loc EndOffset="4515" SrcFileId="11" StartOffset="4508"/>
</LocList>
<BasicStmnt CovItemId="S46" CovItemPrefix="devops.hw1.core.Player.java" Intrnl_Id="633">
<LocList>
<Loc EndOffset="4503" SrcFileId="11" StartOffset="4444"/>
</LocList>
</BasicStmnt>
<BasicStmnt CovItemId="S47" CovItemPrefix="devops.hw1.core.Player.java" Intrnl_Id="634">
<LocList>
<Loc EndOffset="4515" SrcFileId="11" StartOffset="4508"/>
</LocList>
</BasicStmnt>
</StmntSeq>
</Branch>
<Branch CovItemId="B12" CovItemPrefix="devops.hw1.core.Player.java" Implct="true" Intrnl_Id="635">
<Cond/>
<LocList/>
<StmntSeq Intrnl_Id="636">
<LocList/>
</StmntSeq>
</Branch>
<Keyword EndOffset="4422" SrcFileId="11" StartOffset="4420"/>
<LocList>
<Loc EndOffset="4520" SrcFileId="11" StartOffset="4420"/>
</LocList>
<RootTerm CovItemId="C8" CovItemPrefix="devops.hw1.core.Player.java" Intrnl_Id="637">
<BasicBoolTerm Intrnl_Id="638">
<LocList>
<Loc EndOffset="4436" SrcFileId="11" StartOffset="4424"/>
</LocList>
</BasicBoolTerm>
</RootTerm>
</CondStmnt>
<BasicStmnt CovItemId="S48" CovItemPrefix="devops.hw1.core.Player.java" Intrnl_Id="639">
<LocList>
<Loc EndOffset="4552" SrcFileId="11" StartOffset="4526"/>
</LocList>
</BasicStmnt>
</StmntSeq>
</HierarchyLvl>
<HierarchyLvl HierarchyLvlId="82" HierarchyLvlTypeId="16" Intrnl_Id="640" Name="addCardToHand">
<Header>
<Loc EndOffset="4707" SrcFileId="11" StartOffset="4670"/>
</Header>
<LocList>
<Loc EndOffset="4848" SrcFileId="11" StartOffset="4670"/>
</LocList>
<StmntSeq Intrnl_Id="641">
<LocList>
<Loc EndOffset="4814" SrcFileId="11" StartOffset="4715"/>
<Loc EndOffset="4844" SrcFileId="11" StartOffset="4818"/>
</LocList>
<CondStmnt CovItemId="S49" CovItemPrefix="devops.hw1.core.Player.java" Intrnl_Id="642">
<Branch CovItemId="B13" CovItemPrefix="devops.hw1.core.Player.java" Implct="false" Intrnl_Id="643">
<Cond/>
<LocList>
<Loc EndOffset="4814" SrcFileId="11" StartOffset="4732"/>
</LocList>
<StmntSeq Intrnl_Id="644">
<LocList>
<Loc EndOffset="4797" SrcFileId="11" StartOffset="4738"/>
<Loc EndOffset="4809" SrcFileId="11" StartOffset="4802"/>
</LocList>
<BasicStmnt CovItemId="S50" CovItemPrefix="devops.hw1.core.Player.java" Intrnl_Id="645">
<LocList>
<Loc EndOffset="4797" SrcFileId="11" StartOffset="4738"/>
</LocList>
</BasicStmnt>
<BasicStmnt CovItemId="S51" CovItemPrefix="devops.hw1.core.Player.java" Intrnl_Id="646">
<LocList>
<Loc EndOffset="4809" SrcFileId="11" StartOffset="4802"/>
</LocList>
</BasicStmnt>
</StmntSeq>
</Branch>
<Branch CovItemId="B14" CovItemPrefix="devops.hw1.core.Player.java" Implct="true" Intrnl_Id="647">
<Cond/>
<LocList/>
<StmntSeq Intrnl_Id="648">
<LocList/>
</StmntSeq>
</Branch>
<Keyword EndOffset="4717" SrcFileId="11" StartOffset="4715"/>
<LocList>
<Loc EndOffset="4814" SrcFileId="11" StartOffset="4715"/>
</LocList>
<RootTerm CovItemId="C9" CovItemPrefix="devops.hw1.core.Player.java" Intrnl_Id="649">
<BasicBoolTerm Intrnl_Id="650">
<LocList>
<Loc EndOffset="4731" SrcFileId="11" StartOffset="4719"/>
</LocList>
</BasicBoolTerm>
</RootTerm>
</CondStmnt>
<BasicStmnt CovItemId="S52" CovItemPrefix="devops.hw1.core.Player.java" Intrnl_Id="651">
<LocList>
<Loc EndOffset="4844" SrcFileId="11" StartOffset="4818"/>
</LocList>
</BasicStmnt>
</StmntSeq>
</HierarchyLvl>
<HierarchyLvl HierarchyLvlId="83" HierarchyLvlTypeId="16" Intrnl_Id="652" Name="getHand">
<Header>
<Loc EndOffset="4972" SrcFileId="11" StartOffset="4939"/>
</Header>
<LocList>
<Loc EndOffset="5005" SrcFileId="11" StartOffset="4939"/>
</LocList>
<StmntSeq Intrnl_Id="653">
<LocList>
<Loc EndOffset="5001" SrcFileId="11" StartOffset="4978"/>
</LocList>
<BasicStmnt CovItemId="S53" CovItemPrefix="devops.hw1.core.Player.java" Intrnl_Id="654">
<LocList>
<Loc EndOffset="5001" SrcFileId="11" StartOffset="4978"/>
</LocList>
</BasicStmnt>
</StmntSeq>
</HierarchyLvl>
<HierarchyLvl HierarchyLvlId="84" HierarchyLvlTypeId="16" Intrnl_Id="655" Name="playCard">
<Header>
<Loc EndOffset="5112" SrcFileId="11" StartOffset="5080"/>
</Header>
<LocList>
<Loc EndOffset="5303" SrcFileId="11" StartOffset="5080"/>
</LocList>
<StmntSeq Intrnl_Id="656">
<LocList>
<Loc EndOffset="5215" SrcFileId="11" StartOffset="5122"/>
<Loc EndOffset="5248" SrcFileId="11" StartOffset="5219"/>
<Loc EndOffset="5276" SrcFileId="11" StartOffset="5252"/>
<Loc EndOffset="5299" SrcFileId="11" StartOffset="5280"/>
</LocList>
<CondStmnt CovItemId="S54" CovItemPrefix="devops.hw1.core.Player.java" Intrnl_Id="657">
<Branch CovItemId="B15" CovItemPrefix="devops.hw1.core.Player.java" Implct="false" Intrnl_Id="658">
<Cond/>
<LocList>
<Loc EndOffset="5215" SrcFileId="11" StartOffset="5140"/>
</LocList>
<StmntSeq Intrnl_Id="659">
<LocList>
<Loc EndOffset="5198" SrcFileId="11" StartOffset="5146"/>
<Loc EndOffset="5210" SrcFileId="11" StartOffset="5203"/>
</LocList>
<BasicStmnt CovItemId="S55" CovItemPrefix="devops.hw1.core.Player.java" Intrnl_Id="660">
<LocList>
<Loc EndOffset="5198" SrcFileId="11" StartOffset="5146"/>
</LocList>
</BasicStmnt>
<BasicStmnt CovItemId="S56" CovItemPrefix="devops.hw1.core.Player.java" Intrnl_Id="661">
<LocList>
<Loc EndOffset="5210" SrcFileId="11" StartOffset="5203"/>
</LocList>
</BasicStmnt>
</StmntSeq>
</Branch>
<Branch CovItemId="B16" CovItemPrefix="devops.hw1.core.Player.java" Implct="true" Intrnl_Id="662">
<Cond/>
<LocList/>
<StmntSeq Intrnl_Id="663">
<LocList/>
</StmntSeq>
</Branch>
<Keyword EndOffset="5124" SrcFileId="11" StartOffset="5122"/>
<LocList>
<Loc EndOffset="5215" SrcFileId="11" StartOffset="5122"/>
</LocList>
<RootTerm CovItemId="C10" CovItemPrefix="devops.hw1.core.Player.java" Intrnl_Id="664">
<BasicBoolTerm Intrnl_Id="665">
<LocList>
<Loc EndOffset="5138" SrcFileId="11" StartOffset="5126"/>
</LocList>
</BasicBoolTerm>
</RootTerm>
</CondStmnt>
<BasicStmnt CovItemId="S57" CovItemPrefix="devops.hw1.core.Player.java" Intrnl_Id="666">
<LocList>
<Loc EndOffset="5248" SrcFileId="11" StartOffset="5219"/>
</LocList>
</BasicStmnt>
<BasicStmnt CovItemId="S58" CovItemPrefix="devops.hw1.core.Player.java" Intrnl_Id="667">
<LocList>
<Loc EndOffset="5276" SrcFileId="11" StartOffset="5252"/>
</LocList>
</BasicStmnt>
<BasicStmnt CovItemId="S59" CovItemPrefix="devops.hw1.core.Player.java" Intrnl_Id="668">
<LocList>
<Loc EndOffset="5299" SrcFileId="11" StartOffset="5280"/>
</LocList>
</BasicStmnt>
</StmntSeq>
</HierarchyLvl>
<HierarchyLvl HierarchyLvlId="85" HierarchyLvlTypeId="16" Intrnl_Id="669" Name="drawCard">
<Header>
<Loc EndOffset="5371" SrcFileId="11" StartOffset="5340"/>
</Header>
<LocList>
<Loc EndOffset="5440" SrcFileId="11" StartOffset="5340"/>
</LocList>
<StmntSeq Intrnl_Id="670">
<LocList>
<Loc EndOffset="5436" SrcFileId="11" StartOffset="5377"/>
</LocList>
<LoopStmnt CovItemId="S60" CovItemPrefix="devops.hw1.core.Player.java" Intrnl_Id="671" MltplExecId="L4-2" MltplExecPrefix="devops.hw1.core.Player.java" NvrExecId="L4-0" NvrExecPrefix="devops.hw1.core.Player.java" OnceExecutedId="L4-1" OnceExecutedPrefix="devops.hw1.core.Player.java" OptBodyExec="true">
<StmntSeq Intrnl_Id="672">
<LocList>
<Loc EndOffset="5431" SrcFileId="11" StartOffset="5415"/>
</LocList>
<BasicStmnt CovItemId="S61" CovItemPrefix="devops.hw1.core.Player.java" Intrnl_Id="673">
<LocList>
<Loc EndOffset="5431" SrcFileId="11" StartOffset="5415"/>
</LocList>
</BasicStmnt>
</StmntSeq>
<Keyword EndOffset="5380" SrcFileId="11" StartOffset="5377"/>
<LocList>
<Loc EndOffset="5436" SrcFileId="11" StartOffset="5377"/>
</LocList>
<RootTerm CovItemId="C11" CovItemPrefix="devops.hw1.core.Player.java" Intrnl_Id="674">
<BasicBoolTerm Intrnl_Id="675">
<LocList>
<Loc EndOffset="5402" SrcFileId="11" StartOffset="5393"/>
</LocList>
</BasicBoolTerm>
</RootTerm>
</LoopStmnt>
</StmntSeq>
</HierarchyLvl>
<HierarchyLvl HierarchyLvlId="86" HierarchyLvlTypeId="16" Intrnl_Id="676" Name="getDeck">
<Header>
<Loc EndOffset="5517" SrcFileId="11" StartOffset="5488"/>
</Header>
<LocList>
<Loc EndOffset="5550" SrcFileId="11" StartOffset="5488"/>
</LocList>
<StmntSeq Intrnl_Id="677">
<LocList>
<Loc EndOffset="5546" SrcFileId="11" StartOffset="5523"/>
</LocList>
<BasicStmnt CovItemId="S62" CovItemPrefix="devops.hw1.core.Player.java" Intrnl_Id="678">
<LocList>
<Loc EndOffset="5546" SrcFileId="11" StartOffset="5523"/>
</LocList>
</BasicStmnt>
</StmntSeq>
</HierarchyLvl>
<HierarchyLvl HierarchyLvlId="87" HierarchyLvlTypeId="16" Intrnl_Id="679" Name="getDeckSize">
<Header>
<Loc EndOffset="5651" SrcFileId="11" StartOffset="5627"/>
</Header>
<LocList>
<Loc EndOffset="5691" SrcFileId="11" StartOffset="5627"/>
</LocList>
<StmntSeq Intrnl_Id="680">
<LocList>
<Loc EndOffset="5687" SrcFileId="11" StartOffset="5657"/>
</LocList>
<BasicStmnt CovItemId="S63" CovItemPrefix="devops.hw1.core.Player.java" Intrnl_Id="681">
<LocList>
<Loc EndOffset="5687" SrcFileId="11" StartOffset="5657"/>
</LocList>
</BasicStmnt>
</StmntSeq>
</HierarchyLvl>
<HierarchyLvl HierarchyLvlId="88" HierarchyLvlTypeId="16" Intrnl_Id="682" Name="getPower">
<Header>
<Loc EndOffset="5843" SrcFileId="11" StartOffset="5822"/>
</Header>
<LocList>
<Loc EndOffset="5871" SrcFileId="11" StartOffset="5822"/>
</LocList>
<StmntSeq Intrnl_Id="683">
<LocList>
<Loc EndOffset="5867" SrcFileId="11" StartOffset="5849"/>
</LocList>
<BasicStmnt CovItemId="S64" CovItemPrefix="devops.hw1.core.Player.java" Intrnl_Id="684">
<LocList>
<Loc EndOffset="5867" SrcFileId="11" StartOffset="5849"/>
</LocList>
</BasicStmnt>
</StmntSeq>
</HierarchyLvl>
<HierarchyLvl HierarchyLvlId="89" HierarchyLvlTypeId="16" Intrnl_Id="685" Name="addPower">
<Header>
<Loc EndOffset="6002" SrcFileId="11" StartOffset="5975"/>
</Header>
<LocList>
<Loc EndOffset="6028" SrcFileId="11" StartOffset="5975"/>
</LocList>
<StmntSeq Intrnl_Id="686">
<LocList>
<Loc EndOffset="6024" SrcFileId="11" StartOffset="6008"/>
</LocList>
<BasicStmnt CovItemId="S65" CovItemPrefix="devops.hw1.core.Player.java" Intrnl_Id="687">
<LocList>
<Loc EndOffset="6024" SrcFileId="11" StartOffset="6008"/>
</LocList>
</BasicStmnt>
</StmntSeq>
</HierarchyLvl>
<HierarchyLvl HierarchyLvlId="90" HierarchyLvlTypeId="16" Intrnl_Id="688" Name="applyEffects">
<Header>
<Loc EndOffset="6186" SrcFileId="11" StartOffset="6120"/>
</Header>
<LocList>
<Loc EndOffset="6607" SrcFileId="11" StartOffset="6120"/>
</LocList>
<StmntSeq Intrnl_Id="689">
<LocList>
<Loc EndOffset="6241" SrcFileId="11" StartOffset="6192"/>
<Loc EndOffset="6603" SrcFileId="11" StartOffset="6245"/>
</LocList>
<BasicStmnt CovItemId="S66" CovItemPrefix="devops.hw1.core.Player.java" Intrnl_Id="690">
<LocList>
<Loc EndOffset="6241" SrcFileId="11" StartOffset="6192"/>
</LocList>
</BasicStmnt>
<LoopStmnt CovItemId="S67" CovItemPrefix="devops.hw1.core.Player.java" Intrnl_Id="691" MltplExecId="L5-2" MltplExecPrefix="devops.hw1.core.Player.java" NvrExecId="L5-0" NvrExecPrefix="devops.hw1.core.Player.java" OnceExecutedId="L5-1" OnceExecutedPrefix="devops.hw1.core.Player.java" OptBodyExec="true">
<StmntSeq Intrnl_Id="692">
<LocList>
<Loc EndOffset="6598" SrcFileId="11" StartOffset="6281"/>
</LocList>
<CondStmnt CovItemId="S68" CovItemPrefix="devops.hw1.core.Player.java" Intrnl_Id="693">
<Branch CovItemId="B17" CovItemPrefix="devops.hw1.core.Player.java" Implct="false" Intrnl_Id="694">
<Cond>
<Loc EndOffset="6323" SrcFileId="11" StartOffset="6298"/>
</Cond>
<LocList>
<Loc EndOffset="6368" SrcFileId="11" StartOffset="6330"/>
</LocList>
<StmntSeq Intrnl_Id="695">
<LocList>
<Loc EndOffset="6356" SrcFileId="11" StartOffset="6330"/>
<Loc EndOffset="6368" SrcFileId="11" StartOffset="6362"/>
</LocList>
<BasicStmnt CovItemId="S69" CovItemPrefix="devops.hw1.core.Player.java" Intrnl_Id="696">
<LocList>
<Loc EndOffset="6356" SrcFileId="11" StartOffset="6330"/>
</LocList>
</BasicStmnt>
<BasicStmnt CovItemId="S70" CovItemPrefix="devops.hw1.core.Player.java" Intrnl_Id="697">
<LocList>
<Loc EndOffset="6368" SrcFileId="11" StartOffset="6362"/>
</LocList>
</BasicStmnt>
</StmntSeq>
</Branch>
<Branch CovItemId="B18" CovItemPrefix="devops.hw1.core.Player.java" Implct="false" Intrnl_Id="698">
<Cond>
<Loc EndOffset="6398" SrcFileId="11" StartOffset="6373"/>
</Cond>
<LocList>
<Loc EndOffset="6443" SrcFileId="11" StartOffset="6405"/>
</LocList>
<StmntSeq Intrnl_Id="699">
<LocList>
<Loc EndOffset="6431" SrcFileId="11" StartOffset="6405"/>
<Loc EndOffset="6443" SrcFileId="11" StartOffset="6437"/>
</LocList>
<BasicStmnt CovItemId="S71" CovItemPrefix="devops.hw1.core.Player.java" Intrnl_Id="700">
<LocList>
<Loc EndOffset="6431" SrcFileId="11" StartOffset="6405"/>
</LocList>
</BasicStmnt>
<BasicStmnt CovItemId="S72" CovItemPrefix="devops.hw1.core.Player.java" Intrnl_Id="701">
<LocList>
<Loc EndOffset="6443" SrcFileId="11" StartOffset="6437"/>
</LocList>
</BasicStmnt>
</StmntSeq>
</Branch>
<Branch CovItemId="B19" CovItemPrefix="devops.hw1.core.Player.java" Implct="false" Intrnl_Id="702">
<Cond>
<Loc EndOffset="6472" SrcFileId="11" StartOffset="6448"/>
</Cond>
<LocList>
<Loc EndOffset="6517" SrcFileId="11" StartOffset="6479"/>
</LocList>
<StmntSeq Intrnl_Id="703">
<LocList>
<Loc EndOffset="6505" SrcFileId="11" StartOffset="6479"/>
<Loc EndOffset="6517" SrcFileId="11" StartOffset="6511"/>
</LocList>
<BasicStmnt CovItemId="S73" CovItemPrefix="devops.hw1.core.Player.java" Intrnl_Id="704">
<LocList>
<Loc EndOffset="6505" SrcFileId="11" StartOffset="6479"/>
</LocList>
</BasicStmnt>
<BasicStmnt CovItemId="S74" CovItemPrefix="devops.hw1.core.Player.java" Intrnl_Id="705">
<LocList>
<Loc EndOffset="6517" SrcFileId="11" StartOffset="6511"/>
</LocList>
</BasicStmnt>
</StmntSeq>
</Branch>
<Branch CovItemId="B20" CovItemPrefix="devops.hw1.core.Player.java" Implct="false" Intrnl_Id="706">
<Cond>
<Loc EndOffset="6547" SrcFileId="11" StartOffset="6522"/>
</Cond>
<LocList>
<Loc EndOffset="6592" SrcFileId="11" StartOffset="6554"/>
</LocList>
<StmntSeq Intrnl_Id="707">
<LocList>
<Loc EndOffset="6580" SrcFileId="11" StartOffset="6554"/>
<Loc EndOffset="6592" SrcFileId="11" StartOffset="6586"/>
</LocList>
<BasicStmnt CovItemId="S75" CovItemPrefix="devops.hw1.core.Player.java" Intrnl_Id="708">
<LocList>
<Loc EndOffset="6580" SrcFileId="11" StartOffset="6554"/>
</LocList>
</BasicStmnt>
<BasicStmnt CovItemId="S76" CovItemPrefix="devops.hw1.core.Player.java" Intrnl_Id="709">
<LocList>
<Loc EndOffset="6592" SrcFileId="11" StartOffset="6586"/>
</LocList>
</BasicStmnt>
</StmntSeq>
</Branch>
<Branch CovItemId="B21" CovItemPrefix="devops.hw1.core.Player.java" Implct="true" Intrnl_Id="710">
<Cond/>
<LocList/>
<StmntSeq Intrnl_Id="711">
<LocList/>
</StmntSeq>
</Branch>
<Keyword EndOffset="6287" SrcFileId="11" StartOffset="6281"/>
<LocList>
<Loc EndOffset="6598" SrcFileId="11" StartOffset="6281"/>
</LocList>
</CondStmnt>
</StmntSeq>
<Keyword EndOffset="6248" SrcFileId="11" StartOffset="6245"/>
<LocList>
<Loc EndOffset="6603" SrcFileId="11" StartOffset="6245"/>
</LocList>
</LoopStmnt>
</StmntSeq>
</HierarchyLvl>
<HierarchyLvl HierarchyLvlId="91" HierarchyLvlTypeId="16" Intrnl_Id="712" Name="getHonor">
<Header>
<Loc EndOffset="6736" SrcFileId="11" StartOffset="6715"/>
</Header>
<LocList>
<Loc EndOffset="6764" SrcFileId="11" StartOffset="6715"/>
</LocList>
<StmntSeq Intrnl_Id="713">
<LocList>
<Loc EndOffset="6760" SrcFileId="11" StartOffset="6742"/>
</LocList>
<BasicStmnt CovItemId="S77" CovItemPrefix="devops.hw1.core.Player.java" Intrnl_Id="714">
<LocList>
<Loc EndOffset="6760" SrcFileId="11" StartOffset="6742"/>
</LocList>
</BasicStmnt>
</StmntSeq>
</HierarchyLvl>
<HierarchyLvl HierarchyLvlId="92" HierarchyLvlTypeId="16" Intrnl_Id="715" Name="addHonor">
<Header>
<Loc EndOffset="6911" SrcFileId="11" StartOffset="6884"/>
</Header>
<LocList>
<Loc EndOffset="6937" SrcFileId="11" StartOffset="6884"/>
</LocList>
<StmntSeq Intrnl_Id="716">
<LocList>
<Loc EndOffset="6933" SrcFileId="11" StartOffset="6917"/>
</LocList>
<BasicStmnt CovItemId="S78" CovItemPrefix="devops.hw1.core.Player.java" Intrnl_Id="717">
<LocList>
<Loc EndOffset="6933" SrcFileId="11" StartOffset="6917"/>
</LocList>
</BasicStmnt>
</StmntSeq>
</HierarchyLvl>
</HierarchyLvl>
</HierarchyLvl>
</HierarchyLvl>
</HierarchyLvl>
</HierarchyLvl>
</MASTRoot>
</TestSessionContainer>
