<?xml version="1.0" encoding="UTF-8"?><TestSessionContainer xmlns="http://www.codecover.org/xml/testsession-container" Date="1461727028526" TestSessionContainerId="49fb4ffd-6b95-4dca-b4e8-8d03d2cd1408" version="1.0">
<SrcFileList>
<SrcFile Content="/**&#13;&#10; * &#13;&#10; */&#13;&#10;package devops.hw1.core;&#13;&#10;&#13;&#10;import java.awt.image.BufferedImage;&#13;&#10;import java.util.HashMap;&#13;&#10;&#13;&#10;/**&#13;&#10; * @author fenogljc&#13;&#10; * &#13;&#10; */&#13;&#10;public abstract class ACard {&#13;&#10;&#13;&#10;&#9;protected int cost;&#13;&#10;&#9;protected HashMap&lt;String, Integer&gt; effects = new HashMap&lt;String, Integer&gt;();&#13;&#10;&#9;protected String faction;&#13;&#10;&#9;protected String name;&#13;&#10;&#9;protected int honor;&#13;&#10;&#9;protected int rarity;&#13;&#10;&#9;protected BufferedImage image;&#13;&#10;&#9;&#13;&#10;&#9;/**&#13;&#10;&#9; * This returns a card with zero cost and no other special attributes.&#13;&#10;&#9; * @return&#13;&#10;&#9; */&#13;&#10;&#13;&#10;&#9;public static ACard makeCard() {&#13;&#10;&#9;&#9;return new HeroCard();&#13;&#10;&#9;}&#13;&#10;&#13;&#10;&#9;/**&#13;&#10;&#9; * This returns a card with cost equal to the input with no other special attributes.&#13;&#10;&#9; * @param i&#13;&#10;&#9; * @return&#13;&#10;&#9; */&#13;&#10;&#9;&#13;&#10;&#9;public static ACard makeCard(int i) {&#13;&#10;&#9;&#9;return new HeroCard(i);&#13;&#10;&#9;}&#13;&#10;&#9;&#13;&#10;&#9;/**&#13;&#10;&#9; * This returns a card with the given information.&#13;&#10;&#9; * @param image&#13;&#10;&#9; * @param name&#13;&#10;&#9; * @param faction&#13;&#10;&#9; * @param type&#13;&#10;&#9; * @param cost&#13;&#10;&#9; * @param honor&#13;&#10;&#9; * @param rarity&#13;&#10;&#9; * @param effects&#13;&#10;&#9; * @return&#13;&#10;&#9; */&#13;&#10;&#13;&#10;&#9;public static ACard makeCard(BufferedImage image, String name, String faction,&#13;&#10;&#9;&#9;&#9;String type, int cost, int honor, int rarity,&#13;&#10;&#9;&#9;&#9;HashMap&lt;String, Integer&gt; effects) {&#13;&#10;&#9;&#9;&#13;&#10;&#9;&#9;// TODO: Make this not only be able to return hero cards&#13;&#10;&#9;&#9;&#13;&#10;&#9;&#9;&#9;return new HeroCard(image, name, faction, cost, honor, rarity, effects);&#13;&#10;&#9;}&#13;&#10;&#13;&#10;&#9;/**&#13;&#10;&#9; * @return the faction&#13;&#10;&#9; */&#13;&#10;&#9;public String getFaction() {&#13;&#10;&#9;&#9;return faction;&#13;&#10;&#9;}&#13;&#10;&#13;&#10;&#9;/**&#13;&#10;&#9; * @param faction&#13;&#10;&#9; *            the faction to set&#13;&#10;&#9; */&#13;&#10;&#9;public void setFaction(String faction) {&#13;&#10;&#9;&#9;this.faction = faction;&#13;&#10;&#9;}&#13;&#10;&#13;&#10;&#9;/**&#13;&#10;&#9; * @return the name&#13;&#10;&#9; */&#13;&#10;&#9;public String getName() {&#13;&#10;&#9;&#9;return name;&#13;&#10;&#9;}&#13;&#10;&#13;&#10;&#9;/**&#13;&#10;&#9; * @param name&#13;&#10;&#9; *            the name to set&#13;&#10;&#9; */&#13;&#10;&#9;public void setName(String name) {&#13;&#10;&#9;&#9;this.name = name;&#13;&#10;&#9;}&#13;&#10;&#13;&#10;&#9;/**&#13;&#10;&#9; * @return the honor&#13;&#10;&#9; */&#13;&#10;&#9;public int getHonor() {&#13;&#10;&#9;&#9;return honor;&#13;&#10;&#9;}&#13;&#10;&#13;&#10;&#9;/**&#13;&#10;&#9; * @param honor&#13;&#10;&#9; *            the honor to set&#13;&#10;&#9; */&#13;&#10;&#9;public void setHonor(int honor) {&#13;&#10;&#9;&#9;this.honor = honor;&#13;&#10;&#9;}&#13;&#10;&#13;&#10;&#9;/**&#13;&#10;&#9; * @return the rarity&#13;&#10;&#9; */&#13;&#10;&#9;public int getRarity() {&#13;&#10;&#9;&#9;return rarity;&#13;&#10;&#9;}&#13;&#10;&#13;&#10;&#9;/**&#13;&#10;&#9; * @param rarity&#13;&#10;&#9; *            the rarity to set&#13;&#10;&#9; */&#13;&#10;&#9;public void setRarity(int rarity) {&#13;&#10;&#9;&#9;this.rarity = rarity;&#13;&#10;&#9;}&#13;&#10;&#13;&#10;&#9;/**&#13;&#10;&#9; * @return the image&#13;&#10;&#9; */&#13;&#10;&#9;public BufferedImage getImage() {&#13;&#10;&#9;&#9;return image;&#13;&#10;&#9;}&#13;&#10;&#13;&#10;&#9;/**&#13;&#10;&#9; * @param image&#13;&#10;&#9; *            the image to set&#13;&#10;&#9; */&#13;&#10;&#9;public void setImage(BufferedImage image) {&#13;&#10;&#9;&#9;this.image = image;&#13;&#10;&#9;}&#13;&#10;&#13;&#10;&#9;/**&#13;&#10;&#9; * @param effects&#13;&#10;&#9; *            the effects to set&#13;&#10;&#9; */&#13;&#10;&#9;public void setEffects(HashMap&lt;String, Integer&gt; effects) {&#13;&#10;&#9;&#9;this.effects = effects;&#13;&#10;&#9;}&#13;&#10;&#13;&#10;&#9;/**&#13;&#10;&#9; * Returns that cost of the card.&#13;&#10;&#9; * &#13;&#10;&#9; * @return&#13;&#10;&#9; */&#13;&#10;&#9;public int getCost() {&#13;&#10;&#9;&#9;return this.cost;&#13;&#10;&#9;}&#13;&#10;&#13;&#10;&#9;/**&#13;&#10;&#9; * Sets the cost of the card.&#13;&#10;&#9; * &#13;&#10;&#9; * @return&#13;&#10;&#9; */&#13;&#10;&#9;public void setCost(int i) {&#13;&#10;&#9;&#9;this.cost = i;&#13;&#10;&#9;}&#13;&#10;&#13;&#10;&#9;/**&#13;&#10;&#9; * Returns the hashmap of effects the card has.&#13;&#10;&#9; * @return&#13;&#10;&#9; */&#13;&#10;&#9;public HashMap&lt;String, Integer&gt; getEffects() {&#13;&#10;&#9;&#9;return this.effects;&#13;&#10;&#9;}&#13;&#10;&#13;&#10;&#9;/**&#13;&#10;&#9; * Puts an effect string and integer value pair into the hashmap of effects for the card.&#13;&#10;&#9; * @param effect&#13;&#10;&#9; * @param value&#13;&#10;&#9; */&#13;&#10;&#9;public void setEffect(String effect, int value) {&#13;&#10;&#9;&#9;if (effect == null) {&#13;&#10;&#9;&#9;&#9;return;&#13;&#10;&#9;&#9;}&#13;&#10;&#9;&#9;this.effects.put(effect, value);&#13;&#10;&#9;}&#13;&#10;&#9;&#13;&#10;&#9;&#13;&#10;&#9;public int getStrength(){&#13;&#10;&#9;&#9;return this.cost;&#13;&#10;&#9;}&#13;&#10;&#9;&#13;&#10;}&#13;&#10;" Filename="ACard.java" Intrnl_Id="1"/>
<SrcFile Content="package devops.hw1.core;&#13;&#10;&#13;&#10;public abstract class AbstractData&lt;T&gt; implements IData&lt;T&gt; {&#13;&#10;&#9;private long id;&#13;&#10;&#9;private T value;&#13;&#10;&#9;&#13;&#10;&#9;public AbstractData(long id, T value) {&#13;&#10;&#9;&#9;this.id = id;&#13;&#10;&#9;&#9;this.value = value;&#13;&#10;&#9;}&#13;&#10;&#13;&#10;&#9;public long getId() {&#13;&#10;&#9;&#9;return this.id;&#13;&#10;&#9;}&#13;&#10;&#13;&#10;&#9;public T getValue() {&#13;&#10;&#9;&#9;return this.value;&#13;&#10;&#9;}&#13;&#10;&#13;&#10;&#9;@Override&#13;&#10;&#9;public int hashCode() {&#13;&#10;&#9;&#9;final int prime = 31;&#13;&#10;&#9;&#9;int result = 1;&#13;&#10;&#9;&#9;result = prime * result + (int) (id ^ (id &gt;&gt;&gt; 32));&#13;&#10;&#9;&#9;result = prime * result + ((value == null) ? 0 : value.hashCode());&#13;&#10;&#9;&#9;return result;&#13;&#10;&#9;}&#13;&#10;&#13;&#10;&#9;@Override&#13;&#10;&#9;public boolean equals(Object obj) {&#13;&#10;&#9;&#9;if (this == obj)&#13;&#10;&#9;&#9;&#9;return true;&#13;&#10;&#9;&#9;if (obj == null)&#13;&#10;&#9;&#9;&#9;return false;&#13;&#10;&#9;&#9;if (getClass() != obj.getClass())&#13;&#10;&#9;&#9;&#9;return false;&#13;&#10;&#13;&#10;&#9;&#9;@SuppressWarnings(&quot;unchecked&quot;)&#13;&#10;&#9;&#9;AbstractData&lt;T&gt; other = (AbstractData&lt;T&gt;) obj;&#13;&#10;&#9;&#9;if (id != other.id)&#13;&#10;&#9;&#9;&#9;return false;&#13;&#10;&#9;&#9;if (value == null) {&#13;&#10;&#9;&#9;&#9;if (other.value != null)&#13;&#10;&#9;&#9;&#9;&#9;return false;&#13;&#10;&#9;&#9;} else if (!value.equals(other.value))&#13;&#10;&#9;&#9;&#9;return false;&#13;&#10;&#9;&#9;return true;&#13;&#10;&#9;}&#9;&#13;&#10;&#9;&#13;&#10;&#9;public abstract int compareTo(IData&lt;T&gt; o);&#13;&#10;}&#13;&#10;" Filename="AbstractData.java" Intrnl_Id="2"/>
<SrcFile Content="/**&#13;&#10; * &#13;&#10; */&#13;&#10;package devops.hw1.core;&#13;&#10;&#13;&#10;import java.io.IOException;&#13;&#10;import java.util.ArrayList;&#13;&#10;import java.util.Collections;&#13;&#10;import java.util.LinkedList;&#13;&#10;&#13;&#10;/**&#13;&#10; * @author fenogljc&#13;&#10; * @author gneezyn&#13;&#10; * @author heshelhj&#13;&#10; * @author bishopcc&#13;&#10; */&#13;&#10;public class Board {&#13;&#10;&#13;&#10;&#9;private ArrayList&lt;ACard&gt; theVoid;&#13;&#10;&#9;private LinkedList&lt;ACard&gt; cenDeck;&#13;&#10;&#9;private ACard[] cenField;&#13;&#10;&#9;private ACard cultist;&#13;&#10;&#9;private ACard heavyInf;&#13;&#10;&#9;private ACard mystic;&#13;&#10;&#13;&#10;&#9;/**&#13;&#10;&#9; * The default constructor for the Board Class.&#13;&#10;&#9; * &#13;&#10;&#9; */&#13;&#10;&#9;public Board() {&#13;&#10;&#9;&#9;try {&#13;&#10;&#9;&#9;&#9;new CardCollection();&#13;&#10;&#9;&#9;} catch (IOException exception) {&#13;&#10;&#9;&#9;&#9;System.out.println(&quot;File not found&quot;);&#13;&#10;&#9;&#9;}&#13;&#10;&#9;&#9;this.theVoid = new ArrayList&lt;ACard&gt;();&#13;&#10;&#9;&#9;this.cenDeck = new LinkedList&lt;ACard&gt;();&#13;&#10;&#9;&#9;this.cenField = new ACard[6];&#13;&#10;&#9;&#9;&#13;&#10;&#9;&#9;initializeCenterDeck();&#13;&#10;&#9;&#9;&#13;&#10;&#9;&#9;this.cultist = ACard.makeCard();&#13;&#10;&#9;&#9;this.heavyInf = ACard.makeCard();&#13;&#10;&#9;&#9;this.mystic = ACard.makeCard();&#13;&#10;&#9;}&#13;&#10;&#9;&#13;&#10;&#9;/**&#13;&#10;&#9; * This method fills the deck with the necessary cards and fills the center row with the top cards of the deck.&#13;&#10;&#9; */&#13;&#10;&#9;&#13;&#10;&#9;private void initializeCenterDeck() {&#13;&#10;&#9;&#9;for (int i = 0; i &lt; CardCollection.cards.length; i++) {&#13;&#10;&#9;&#9;&#9;for (int j = 0; j &lt; CardCollection.cards[i].rarity; j++) {&#13;&#10;&#9;&#9;&#9;&#9;this.cenDeck.add(CardCollection.cards[i]);&#13;&#10;&#9;&#9;&#9;}&#13;&#10;&#9;&#9;}&#13;&#10;&#9;&#9;Collections.shuffle(this.cenDeck);&#13;&#10;&#9;&#9;for (int m = 0; m &lt; 6; m++) {&#13;&#10;&#9;&#9;&#9;centerDeckToField(m);&#13;&#10;&#9;&#9;}&#13;&#10;&#9;}&#13;&#10;&#13;&#10;&#9;/**&#13;&#10;&#9; * @return the Void field (where banished cards and defeated Monsters go)&#13;&#10;&#9; */&#13;&#10;&#9;public ArrayList&lt;ACard&gt; getVoid() {&#13;&#10;&#9;&#9;return this.theVoid;&#13;&#10;&#9;}&#13;&#10;&#13;&#10;&#9;/**&#13;&#10;&#9; * &#13;&#10;&#9; * Adds the passed card to the void&#13;&#10;&#9; *&#13;&#10;&#9; * @param card to be added to the void pile&#13;&#10;&#9; */&#13;&#10;&#9;public void sendToVoid(ACard card){&#13;&#10;&#9;&#9;if(card == null){&#13;&#10;&#9;&#9;&#9;return;&#13;&#10;&#9;&#9;}&#13;&#10;&#9;&#9;this.theVoid.add(card);&#13;&#10;&#9;}&#13;&#10;&#9;&#13;&#10;&#9;/**&#13;&#10;&#9; * @return the Center Deck &#13;&#10;&#9; */&#13;&#10;&#9;public LinkedList&lt;ACard&gt; getCenDeck() {&#13;&#10;&#9;&#9;return this.cenDeck;&#13;&#10;&#9;}&#13;&#10;&#13;&#10;&#9;/**&#13;&#10;&#9; * @return the Cultist (Standard) Card&#13;&#10;&#9; */&#13;&#10;&#9;public ACard getCultist() {&#13;&#10;&#9;&#9;return this.cultist;&#13;&#10;&#9;}&#13;&#10;&#13;&#10;&#9;/**&#13;&#10;&#9; * @return the Heavy Infantry (Standard) Card&#13;&#10;&#9; */&#13;&#10;&#9;public ACard getHeavyInf() {&#13;&#10;&#9;&#9;return this.heavyInf;&#13;&#10;&#9;}&#13;&#10;&#13;&#10;&#9;/**&#13;&#10;&#9; * @return the Mystic (Standard) Card&#13;&#10;&#9; */&#13;&#10;&#9;public ACard getMystic() {&#13;&#10;&#9;&#9;return this.mystic;&#13;&#10;&#9;}&#13;&#10;&#13;&#10;&#9;/**&#13;&#10;&#9; * Moves the card from the Center Deck to the Center Field&#13;&#10;&#9; * @param cenCard the card to move&#13;&#10;&#9; * @param index the index on the Center Field that the card is moving to (base zero)&#13;&#10;&#9; */&#13;&#10;&#9;public void centerDeckToField(int index) {&#13;&#10;&#9;&#9;ACard card = this.cenDeck.remove();&#13;&#10;&#9;&#9;this.cenField[index] = card;&#13;&#10;&#9;}&#13;&#10;&#9;/**&#13;&#10;&#9; * &#13;&#10;&#9; * gets the center row&#13;&#10;&#9; *&#13;&#10;&#9; * @return the center cards &#13;&#10;&#9; */&#13;&#10;&#9;public ACard[] getCenField() {&#13;&#10;&#9;&#9;return this.cenField;&#13;&#10;&#9;}&#13;&#10;}&#13;&#10;" Filename="Board.java" Intrnl_Id="3"/>
<SrcFile Content="package devops.hw1.core;&#13;&#10;&#13;&#10;import java.awt.image.BufferedImage;&#13;&#10;import java.io.File;&#13;&#10;import java.io.IOException;&#13;&#10;import java.util.HashMap;&#13;&#10;&#13;&#10;import javax.imageio.ImageIO;&#13;&#10;/**&#13;&#10; * &#13;&#10; * Creates the cards and attaches their images to that card&#13;&#10; *&#13;&#10; * @author heshelhj.&#13;&#10; *         Created Apr 22, 2016.&#13;&#10; */&#13;&#10;public class CardCollection {&#13;&#10;&#9;&#13;&#10;&#9;public static ACard apprentice;&#13;&#10;&#9;public static ACard militia;&#13;&#10;&#9;public static ACard arhaInitiate;&#13;&#10;&#9;public static ACard demonSlayer; &#13;&#10;&#9;public static ACard wolfShaman; &#13;&#10;&#9;public static ACard flyTrapWitch; &#13;&#10;&#9;public static ACard asceticOfTheLidlessEye;&#13;&#10;&#9;public static ACard emriOneWithTheVoid;&#13;&#10;&#9;public static ACard[] cards;&#13;&#10;&#9;&#13;&#10;&#9;public static final String RUNES = &quot;runes&quot;;&#13;&#10;&#9;public static final String POWER = &quot;power&quot;;&#13;&#10;&#9;public static final String DRAW = &quot;draw&quot;;&#13;&#10;&#9;public static final String HONOR = &quot;honor&quot;;&#13;&#10;&#9;&#13;&#10;&#9;public CardCollection() throws IOException{&#13;&#10;&#9;&#9;HashMap&lt;String,Integer&gt; map = new HashMap&lt;String, Integer&gt;();&#13;&#10;&#9;&#9;HashMap&lt;String,Integer&gt; map1 = new HashMap&lt;String, Integer&gt;();&#13;&#10;&#9;&#9;HashMap&lt;String,Integer&gt; map2 = new HashMap&lt;String, Integer&gt;();&#13;&#10;&#9;&#9;HashMap&lt;String,Integer&gt; map3 = new HashMap&lt;String, Integer&gt;();&#13;&#10;&#9;&#9;HashMap&lt;String,Integer&gt; map4 = new HashMap&lt;String, Integer&gt;();&#13;&#10;&#9;&#9;HashMap&lt;String,Integer&gt; map5 = new HashMap&lt;String, Integer&gt;();&#13;&#10;&#9;&#9;HashMap&lt;String,Integer&gt; map6 = new HashMap&lt;String, Integer&gt;();&#13;&#10;&#9;&#9;HashMap&lt;String,Integer&gt; map7 = new HashMap&lt;String, Integer&gt;();&#13;&#10;&#9;&#9;HashMap&lt;String,Integer&gt; map8 = new HashMap&lt;String, Integer&gt;();&#13;&#10;&#9;&#9;HashMap&lt;String,Integer&gt; map9 = new HashMap&lt;String, Integer&gt;();&#13;&#10;&#9;&#9;HashMap&lt;String,Integer&gt; map10 = new HashMap&lt;String, Integer&gt;();&#13;&#10;&#9;&#9;HashMap&lt;String,Integer&gt; map11 = new HashMap&lt;String, Integer&gt;();&#13;&#10;&#13;&#10;&#9;&#9;BufferedImage image = null;&#13;&#10;&#9;&#9;&#13;&#10;&#9;&#9;image = ImageIO.read(new File (&quot;cardImages/Standard/Apprentice.png&quot;));&#13;&#10;&#9;&#9;&#9;&#9;&#13;&#10;&#9;&#9;map.put(RUNES, 1);&#13;&#10;&#9;&#9;apprentice = ACard.makeCard(image, &quot;Apprentice&quot;, &quot;none&quot;, &quot;Hero&quot;, 0, 0, -1, map);&#13;&#10;&#9;&#9;&#13;&#10;&#9;&#9;image = ImageIO.read(new File (&quot;cardImages/Standard/Militia1.png&quot;));&#13;&#10;&#13;&#10;&#9;&#9;map1.put(POWER, 1);&#13;&#10;&#9;&#9;militia = ACard.makeCard(image, &quot;Militia&quot;, &quot;none&quot;, &quot;Hero&quot;, 0, 0, -1, map1);&#13;&#10;&#9;&#9;&#13;&#10;&#9;&#9;image = ImageIO.read(new File (&quot;cardImages/Heroes/Arha-Initiate.png&quot;));&#13;&#10;&#9;&#9;&#13;&#10;&#9;&#9;map2.put(DRAW, 1);&#13;&#10;&#9;&#9;arhaInitiate = ACard.makeCard(image, &quot;Arha Initiate&quot;, &quot;Enlightened&quot;,&quot;Hero&quot;,1,1,3,map2);&#13;&#10;&#9;&#9;&#13;&#10;&#9;&#9;image = ImageIO.read(new File (&quot;cardImages/Heroes/Demon-Slayer.png&quot;));&#13;&#10;&#13;&#10;&#9;&#9;map3.put(POWER, 3);&#13;&#10;&#9;&#9;demonSlayer = ACard.makeCard(image, &quot;Demon Slayer&quot;, &quot;Void&quot;,&quot;Hero&quot;,4,2,2,map3);&#13;&#10;&#9;&#9;&#13;&#10;&#9;&#9;image = ImageIO.read(new File (&quot;cardImages/Heroes/Wolf-Shaman.png&quot;));&#13;&#10;&#13;&#10;&#9;&#9;map4.put(RUNES, 1);&#13;&#10;&#9;&#9;map4.put(DRAW, 1);&#13;&#10;&#9;&#9;wolfShaman = ACard.makeCard(image, &quot;Wolf Shaman&quot;, &quot;Lifebound&quot;,&quot;Hero&quot;,3,1,3,map4);&#13;&#10;&#9;&#9;&#13;&#10;&#9;&#9;image = ImageIO.read(new File (&quot;cardImages/Heroes/Flytrap-Witch.png&quot;));&#13;&#10;&#9;&#9;&#13;&#10;&#9;&#9;map5.put(HONOR, 2);&#13;&#10;&#9;&#9;map5.put(DRAW, 1);&#13;&#10;&#9;&#9;flyTrapWitch = ACard.makeCard(image, &quot;Fly Trap Witch&quot;, &quot;Lifebound&quot;,&quot;Hero&quot;,5,2,2,map5);&#13;&#10;&#9;&#9;&#13;&#10;&#9;&#9;image = ImageIO.read(new File (&quot;cardImages/Heroes/Ascetic-of-the-Lidless-Eye.png&quot;));&#13;&#10;&#9;&#9;&#13;&#10;&#9;&#9;map6.put(DRAW, 2);&#13;&#10;&#9;&#9;asceticOfTheLidlessEye = ACard.makeCard(image, &quot;Ascetic of the Lidless Eye&quot;, &quot;Enlightened&quot;,&quot;Hero&quot;,5,2,2,map6);&#13;&#10;&#9;&#9;&#13;&#10;&#9;&#9;image = ImageIO.read(new File (&quot;cardImages/Heroes/Emri-One-with-the-Void.png&quot;));&#13;&#10;&#9;&#9;&#13;&#10;&#9;&#9;map7.put(POWER, 4);&#13;&#10;&#9;&#9;emriOneWithTheVoid = ACard.makeCard(image, &quot;Emri, One with the Void&quot;, &quot;Void&quot;,&quot;Hero&quot;,6,3,1,map7);&#13;&#10;&#9;&#9;&#13;&#10;&#9;&#9;cards = new ACard[] {arhaInitiate, demonSlayer, wolfShaman, flyTrapWitch, asceticOfTheLidlessEye, emriOneWithTheVoid};&#13;&#10;&#9;}&#13;&#10;&#13;&#10;}&#13;&#10;" Filename="CardCollection.java" Intrnl_Id="4"/>
<SrcFile Content="package devops.hw1.core;&#13;&#10;&#13;&#10;import java.awt.Point;&#13;&#10;import java.awt.Shape;&#13;&#10;import java.awt.event.MouseEvent;&#13;&#10;import java.awt.event.MouseListener;&#13;&#10;import java.util.ArrayList;&#13;&#10;&#13;&#10;/**&#13;&#10; * &#13;&#10; * Handles mouse clicks on cards and on the board&#13;&#10; *&#13;&#10; * @author heshelhj.&#13;&#10; *         Created Apr 22, 2016.&#13;&#10; */&#13;&#10;public class CardListener implements MouseListener {&#13;&#10;&#9;&#13;&#10;//&#9;private Player player;&#13;&#10;&#9;private ArrayList&lt;Shape&gt; playerHandImages;&#13;&#10;&#9;private ArrayList&lt;Shape&gt; centerHandImages;&#13;&#10;&#9;private GameBoard gameboard;&#13;&#10;&#9;private Player player;&#13;&#10;&#9;private Board board;&#13;&#10;&#9;&#13;&#10;&#9;public CardListener(Player player, ArrayList&lt;Shape&gt; playerHandImages, ArrayList&lt;Shape&gt; centerHandImages,Board board) {&#13;&#10;&#9;&#9;this.playerHandImages = playerHandImages;&#13;&#10;&#9;&#9;this.centerHandImages = centerHandImages;&#13;&#10;&#9;&#9;this.player = player;&#13;&#10;&#9;&#9;this.board = board;&#13;&#10;//&#9;&#9;this.playerHand = player.getHand();&#13;&#10;&#9;}&#13;&#10;&#9;/**&#13;&#10;&#9; * Determines if a card has been clicked and takes the appropriate action&#13;&#10;&#9; */&#13;&#10;&#9;public void mouseClicked(MouseEvent e) {&#13;&#10;&#9;&#9;gameboard = (GameBoard) e.getSource();&#13;&#10;&#9;&#9;Point currentPos = gameboard.getMousePosition();&#13;&#10;&#9;&#9;int upperBound = 695;&#13;&#10;&#9;&#9;int lowerBound = 850;&#13;&#10;&#9;&#9;&#13;&#10;&#9;&#9;//if the card clicked is in the player hand&#13;&#10;&#9;&#9;if (player.getHandSize() != 0) {&#13;&#10;&#9;&#9;&#9;int factor = (1220-600) / player.getHandSize();&#13;&#10;&#9;&#9;&#9;&#13;&#10;&#9;&#9;&#9;for (int i = 0; i &lt; player.getHandSize(); i++) {&#13;&#10;&#9;&#9;&#9;&#9;int leftBound = (factor * i) + 300;&#13;&#10;&#9;&#9;&#9;&#9;int rightBound = (factor * i) + 390;&#13;&#10;&#9;&#9;&#9;&#9;if ((currentPos.getX() &lt; rightBound &amp;&amp; currentPos.getX() &gt; leftBound)&#13;&#10;&#9;&#9;&#9;&#9;&#9;&#9;&amp;&amp; (currentPos.getY() &lt; lowerBound &amp;&amp; currentPos.getY() &gt; upperBound)) {&#13;&#10;&#9;&#9;&#9;&#9;&#9;player.playCard(player.getHand().get(i));&#13;&#10;&#9;&#9;&#9;&#9;&#9;break;&#13;&#10;&#9;&#9;&#9;&#9;}&#13;&#10;&#9;&#9;&#9;&#9;&#13;&#10;&#9;&#9;&#9;}&#13;&#10;&#9;&#9;}&#13;&#10;&#13;&#10;&#9;&#9;int centerUpperBound = 400; //board height - 400&#13;&#10;&#9;&#9;int centerLowerBound = 530; //upperbound + card height&#9;&#13;&#10;&#9;&#9;&#13;&#10;&#9;&#9;//if the card click is in the center row&#13;&#10;&#9;&#9;for (int j = 0; j &lt; 6; j++) {&#13;&#10;&#9;&#9;&#9;int leftBound = (100 * j) + 300;&#13;&#10;&#9;&#9;&#9;int rightBound = (100 * j) + 390;&#13;&#10;&#9;&#9;&#9;if ((currentPos.getX() &lt; rightBound &amp;&amp; currentPos.getX() &gt; leftBound)&#13;&#10;&#9;&#9;&#9;&#9;&#9;&amp;&amp; (currentPos.getY() &lt; centerLowerBound &amp;&amp; currentPos.getY() &gt; centerUpperBound)) {&#13;&#10;&#9;&#9;&#9;&#9;if (player.buyCard(board.getCenField()[j])) {&#13;&#10;&#9;&#9;&#9;&#9;&#9;board.centerDeckToField(j);&#9;&#9;&#9;&#9;&#9;&#13;&#10;&#9;&#9;&#9;&#9;}&#13;&#10;&#9;&#9;&#9;&#9;break;&#13;&#10;&#9;&#9;&#9;}&#13;&#10;&#13;&#10;&#9;&#9;}&#13;&#10;&#9;&#9;updateGUI();&#13;&#10;&#13;&#10;&#9;}&#13;&#10;&#9;&#13;&#10;&#9;/**&#13;&#10;&#9; * &#13;&#10;&#9; * updates the labels on the GUI and repaints &#13;&#10;&#9; *&#13;&#10;&#9; */&#13;&#10;&#9;public void updateGUI() {&#13;&#10;&#9;&#9;gameboard.runesLabel.setText(&quot;Runes: &quot; + player.getRunes());&#13;&#10;&#9;&#9;gameboard.powerLabel.setText(&quot;Power: &quot; + player.getPower());&#9;&#9;&#9;&#9;&#13;&#10;&#9;&#9;gameboard.discard_pileLabel.setText(&quot;Discard: &quot; + player.getDiscardSize());&#13;&#10;&#9;&#9;gameboard.repaint();&#13;&#10;&#9;&#9;&#13;&#10;&#9;}&#13;&#10;&#9;&#13;&#10;&#9;&#13;&#10;&#9;public void mouseEntered(MouseEvent arg0) {&#13;&#10;&#9;&#9;// not implemented&#13;&#10;&#9;}&#13;&#10;&#13;&#10;&#9;public void mouseExited(MouseEvent arg0) {&#13;&#10;&#9;&#9;// not implemented&#13;&#10;&#9;}&#13;&#10;&#13;&#10;&#9;public void mousePressed(MouseEvent arg0) {&#13;&#10;&#9;&#9;// not implemented&#13;&#10;&#9;}&#13;&#10;&#13;&#10;&#9;public void mouseReleased(MouseEvent arg0) {&#13;&#10;&#9;&#9;// not implemented&#13;&#10;&#9;}&#13;&#10;&#13;&#10;&#13;&#10;}&#13;&#10;" Filename="CardListener.java" Intrnl_Id="5"/>
<SrcFile Content="package devops.hw1.core;&#13;&#10;&#13;&#10;import java.awt.BorderLayout;&#13;&#10;import java.awt.Font;&#13;&#10;import java.awt.Graphics;&#13;&#10;import java.awt.Graphics2D;&#13;&#10;import java.awt.GridLayout;&#13;&#10;import java.awt.Shape;&#13;&#10;import java.awt.image.BufferedImage;&#13;&#10;import java.util.ArrayList;&#13;&#10;&#13;&#10;import javax.swing.JLabel;&#13;&#10;import javax.swing.JPanel;&#13;&#10;import javax.swing.border.EmptyBorder;&#13;&#10;&#13;&#10;/**&#13;&#10; * The GUI for the Ascension Game Board.&#13;&#10; */&#13;&#10;@SuppressWarnings(&quot;serial&quot;)&#13;&#10;public class GameBoard extends JPanel {&#13;&#10;&#9;&#13;&#10;&#9;// same width &amp; height as the background image&#13;&#10;&#9;private static final int WIDTH = 1220;&#13;&#10;&#9;private static final int HEIGHT = 900;&#13;&#10;&#9;private static final Font LABEL_FONT = new Font(&quot;Serif&quot;, Font.BOLD, 18);&#13;&#10;&#13;&#10;&#9;// background may be made into a separate class or just left out entirely&#13;&#10;//&#9;private BufferedImage background; currently not used&#13;&#10;&#13;&#10;&#9;// labels that display&#13;&#10;&#9;public JLabel runesLabel = new JLabel(&quot;Runes: 0&quot;);&#13;&#10;&#9;public JLabel powerLabel = new JLabel(&quot;Power: 0&quot;);&#13;&#10;&#9;public JLabel deckLabel = new JLabel(&quot;Left in Deck: 5&quot;);&#13;&#10;&#9;public JLabel discard_pileLabel = new JLabel(&quot;Discard: 0&quot;);&#13;&#10;&#13;&#10;&#9;// counters for keeping track of the various information, will be replaced as project progresses&#13;&#10;&#9;public int runeCount;&#13;&#10;&#9;public int powerCount;&#13;&#10;&#9;public int deckCount;&#13;&#10;&#9;public int discardCount;&#13;&#10;&#9;public int honorCount;&#13;&#10;&#9;&#13;&#10;&#9;// tracking positions of cards based on rectangle objects drawn beneath them&#13;&#10;&#9;public ArrayList&lt;Shape&gt; centerList;&#13;&#10;&#9;public ArrayList&lt;Shape&gt; playerList;&#13;&#10;&#9;&#13;&#10;&#9;public Player player;&#13;&#10;&#9;public Board board;&#13;&#10;&#9;&#13;&#10;&#9;//sets bounds for player hand&#13;&#10;&#9;public int playerHandLeft = 300; &#13;&#10;&#9;public int playerHandRight = WIDTH-300;&#13;&#10;&#9;public int playerHandY = HEIGHT - 200;&#13;&#10;&#9;&#13;&#10;&#9;//sets positions for the center cards&#13;&#10;&#9;public int cardY = HEIGHT-500;&#13;&#10;&#9;public int card1X = 300;&#9;&#13;&#10;&#9;/**&#13;&#10;&#9; * The default constructor for the Game Board.&#13;&#10;&#9; */&#13;&#10;&#9;public GameBoard() {&#13;&#10;&#9;&#9;// first call constructor of superclass &#13;&#10;&#9;&#9;super();&#13;&#10;&#9;&#9;&#13;&#10;&#9;&#9;// then initialize value&#13;&#10;&#9;&#9;this.runeCount = 0;&#13;&#10;&#9;&#9;this.powerCount = 0;&#13;&#10;&#9;&#9;this.deckCount = 5;&#13;&#10;&#9;&#9;this.discardCount = 0;&#13;&#10;&#9;&#9;&#13;&#10;&#9;&#9;this.centerList = new ArrayList&lt;Shape&gt;();&#13;&#10;&#9;&#9;this.playerList = new ArrayList&lt;Shape&gt;();&#13;&#10;&#9;&#9;&#13;&#10;&#9;&#9;// Setting the fonts of the labels&#13;&#10;&#9;&#9;this.runesLabel.setFont(LABEL_FONT);&#13;&#10;&#9;&#9;this.powerLabel.setFont(LABEL_FONT);&#13;&#10;&#9;&#9;this.deckLabel.setFont(LABEL_FONT);&#13;&#10;&#9;&#9;this.discard_pileLabel.setFont(LABEL_FONT);&#13;&#10;&#9;&#9;&#13;&#10;&#9;&#9;this.setLayout(new BorderLayout());&#13;&#10;&#9;&#9;&#13;&#10;&#9;&#9;JPanel leftInfo = new JPanel();&#13;&#10;&#9;&#9;leftInfo.setLayout(new GridLayout(3, 1));&#13;&#10;&#9;&#9;leftInfo.add(this.runesLabel);&#13;&#10;&#9;&#9;leftInfo.add(this.powerLabel);&#13;&#10;&#9;&#9;leftInfo.add(this.deckLabel);&#13;&#10;&#9;&#9;&#13;&#10;&#9;&#9;JPanel labels = new JPanel();&#13;&#10;&#9;&#9;labels.setLayout(new BorderLayout());&#13;&#10;&#9;&#9;labels.add(leftInfo, BorderLayout.WEST);&#13;&#10;&#9;&#9;labels.add(this.discard_pileLabel, BorderLayout.EAST);&#13;&#10;&#9;&#9;labels.setBorder(new EmptyBorder(10, 10, 10, 10));&#13;&#10;&#9;&#9;this.add(labels, BorderLayout.SOUTH);&#13;&#10;&#9;}&#13;&#10;&#9;&#13;&#10;&#9;public GameBoard(Player player, Board board) {&#13;&#10;&#9;&#9;// call the default constructor first&#13;&#10;&#9;&#9;this();&#13;&#10;&#9;&#9;&#13;&#10;&#9;&#9;// then do additional stuff&#13;&#10;&#9;&#9;this.player = player;&#13;&#10;&#9;&#9;this.runeCount = this.player.getRunes();&#13;&#10;&#9;&#9;this.discardCount = this.player.getDiscardSize();&#13;&#10;&#9;&#9;this.board = board;&#13;&#10;&#9;}&#13;&#10;&#9;/**&#13;&#10;&#9; * Paints the cards onto the game baord&#13;&#10;&#9; */&#13;&#10;&#9;@Override&#13;&#10;&#9;public void paint(Graphics g) {&#13;&#10;&#9;&#9;super.paint(g);&#13;&#10;&#9;&#9;Graphics2D g2 = (Graphics2D) g;&#13;&#10;&#9;&#9;&#13;&#10;&#9;&#9;int numCards = player.getHandSize();&#13;&#10;&#9;&#9;if(numCards!=0){&#13;&#10;&#9;&#9;&#9;int factor = (playerHandRight - playerHandLeft)/numCards;&#13;&#10;&#9;&#9;&#9;for(int i = 0; i &lt; numCards; i++){&#13;&#10;&#9;&#9;&#9;&#9;BufferedImage card = player.getHand().get(i).getImage();&#13;&#10;&#9;&#9;&#9;&#9;g2.drawImage(card, 300+(factor*i), playerHandY, null);&#13;&#10;&#9;&#9;&#9;&#9;&#13;&#10;&#9;&#9;&#9;}&#13;&#10;&#9;&#9;}&#13;&#10;&#9;&#9;for(int j = 0; j &lt; board.getCenField().length; j++){&#13;&#10;&#9;&#9;&#9;BufferedImage card = board.getCenField()[j].getImage();&#13;&#10;&#9;&#9;&#9;g2.drawImage(card, card1X+(100 * j), cardY, null);&#13;&#10;&#9;&#9;&#9;&#13;&#10;&#9;&#9;}&#13;&#10;&#9;&#9;&#13;&#10;&#9;&#9;&#13;&#10;&#9;&#9;if(player.getDiscardSize()!=0){&#13;&#10;&#9;&#9;&#9;g2.drawImage(player.getDiscardPile().get(player.getDiscardSize()-1).getImage(), 20, 600, null);&#13;&#10;&#9;&#9;}&#13;&#10;&#9;&#9;&#13;&#10;&#9;&#13;&#10;&#9;}&#13;&#10;&#9;&#13;&#10;&#9;&#13;&#10;}" Filename="GameBoard.java" Intrnl_Id="6"/>
<SrcFile Content="package devops.hw1.core;&#13;&#10;&#13;&#10;import java.awt.image.BufferedImage;&#13;&#10;import java.util.HashMap;&#13;&#10;&#13;&#10;public class HeroCard extends ACard {&#13;&#10;&#9;&#13;&#10;&#9;public HeroCard(){&#13;&#10;&#9;&#9;this.cost = 0;&#13;&#10;&#9;}&#13;&#10;&#9;&#13;&#10;&#9;public HeroCard(int i){&#13;&#10;&#9;&#9;this.cost = i;&#13;&#10;&#9;}&#13;&#10;&#13;&#10;&#9;/**&#13;&#10;&#9; * Constructs a hero card that has the given information.&#13;&#10;&#9; * @param image&#13;&#10;&#9; * @param name&#13;&#10;&#9; * @param faction&#13;&#10;&#9; * @param cost&#13;&#10;&#9; * @param honor&#13;&#10;&#9; * @param rarity&#13;&#10;&#9; * @param effects&#13;&#10;&#9; */&#13;&#10;&#9;public HeroCard(BufferedImage image, String name, String faction, int cost,&#13;&#10;&#9;&#9;&#9;int honor, int rarity, HashMap&lt;String, Integer&gt; effects) {&#13;&#10;&#9;&#9;this.image = image;&#13;&#10;&#9;&#9;this.name = name;&#13;&#10;&#9;&#9;this.faction = faction;&#13;&#10;&#9;&#9;this.cost = cost;&#13;&#10;&#9;&#9;this.honor = honor;&#13;&#10;&#9;&#9;this.rarity = rarity;&#13;&#10;&#9;&#9;this.effects = effects;&#13;&#10;&#9;}&#13;&#10;&#13;&#10;}&#13;&#10;" Filename="HeroCard.java" Intrnl_Id="7"/>
<SrcFile Content="package devops.hw1.core;&#13;&#10;&#13;&#10;public interface IData&lt;T&gt; extends Comparable&lt;IData&lt;T&gt;&gt; {&#13;&#10;&#9;public long getId();&#13;&#10;&#9;public T getValue();&#13;&#10;}&#13;&#10;" Filename="IData.java" Intrnl_Id="8"/>
<SrcFile Content="package devops.hw1.core;&#13;&#10;&#13;&#10;import java.awt.BorderLayout;&#13;&#10;&#13;&#10;import javax.swing.JFrame;&#13;&#10;&#13;&#10;/**&#13;&#10; * &#13;&#10; *Starts the GUI for Ascension&#13;&#10; *&#13;&#10; * @author heshelhj.&#13;&#10; *         Created Apr 22, 2016.&#13;&#10; */&#13;&#10;&#13;&#10;public class MainGUI {&#13;&#10;&#9;&#13;&#10;&#9;private static final int WIDTH = 1220;&#13;&#10;&#9;private static final int HEIGHT = 900;&#13;&#10;&#13;&#10;&#9;public static void main(String[] args) {&#13;&#10;&#9;&#9;Player player1 = Player.makePlayer();&#13;&#10;&#9;&#9;Board board = new Board();&#13;&#10;&#9;&#9;player1.addRunes(0);&#13;&#10;&#9;&#9;GameBoard ascension = new GameBoard(player1, board);&#13;&#10;&#9;&#9;JFrame frame = new JFrame(&quot;ASCENSION&quot;);&#13;&#10;&#9;&#9;frame.setSize(WIDTH, HEIGHT);&#13;&#10;&#9;&#9;&#13;&#10;&#9;&#9;ascension.addMouseListener(new CardListener(player1, ascension.playerList, ascension.centerList, board));&#13;&#10;&#9;&#9;&#13;&#10;&#9;&#9;frame.add(ascension, BorderLayout.CENTER);&#13;&#10;&#9;&#9;&#13;&#10;&#9;&#9;ascension.repaint();&#13;&#10;&#9;&#9;&#13;&#10;&#9;&#9;frame.setDefaultCloseOperation(JFrame.EXIT_ON_CLOSE);&#13;&#10;&#9;&#9;frame.setVisible(true);&#13;&#10;&#9;}&#13;&#10;}&#13;&#10;" Filename="MainGUI.java" Intrnl_Id="9"/>
<SrcFile Content="package devops.hw1.core;&#13;&#10;&#13;&#10;public class NumericData extends AbstractData&lt;Long&gt; {&#13;&#10;&#13;&#10;&#9;public NumericData(long id, Long value) {&#13;&#10;&#9;&#9;super(id, value);&#13;&#10;&#9;}&#13;&#10;&#13;&#10;&#9;@Override&#13;&#10;&#9;public int compareTo(IData&lt;Long&gt; other) {&#13;&#10;&#9;&#9;if(this.equals(other))&#13;&#10;&#9;&#9;&#9;return 0;&#13;&#10;&#9;&#9;&#13;&#10;&#9;&#9;Long myValue = this.getValue();&#13;&#10;&#9;&#9;Long otherValue = other.getValue();&#13;&#10;&#9;&#9;&#13;&#10;&#9;&#9;if(myValue &gt; otherValue)&#13;&#10;&#9;&#9;&#9;return 1;&#13;&#10;&#9;&#9;&#13;&#10;&#9;&#9;return -1;&#13;&#10;&#9;}&#13;&#10;}&#13;&#10;" Filename="NumericData.java" Intrnl_Id="10"/>
<SrcFile Content="/**&#13;&#10; * &#13;&#10; */&#13;&#10;package devops.hw1.core;&#13;&#10;&#13;&#10;import java.io.IOException;&#13;&#10;import java.util.ArrayList;&#13;&#10;import java.util.Collections;&#13;&#10;import java.util.HashMap;&#13;&#10;import java.util.LinkedList;&#13;&#10;import java.util.Queue;&#13;&#10;&#13;&#10;/**&#13;&#10; * @author fenogljc&#13;&#10; *&#13;&#10; */&#13;&#10;public class Player {&#13;&#10;&#13;&#10;&#9;private int runes;&#13;&#10;&#9;private int power;&#13;&#10;&#9;private int honor;&#13;&#10;&#9;private ArrayList&lt;ACard&gt; discardPile;&#13;&#10;&#9;private ArrayList&lt;ACard&gt; playerHand;&#13;&#10;&#9;private LinkedList&lt;ACard&gt; playerDeck;&#13;&#10;&#13;&#10;&#9;/**&#13;&#10;&#9; * The constructor creates a player with a hand of five cards and a deck of five cards.&#13;&#10;&#9; */&#13;&#10;&#9;&#13;&#10;&#9;private Player() {&#9;&#13;&#10;&#9;&#9;try {&#13;&#10;&#9;&#9;&#9;new CardCollection();&#13;&#10;&#9;&#9;} catch (IOException e) {&#13;&#10;&#9;&#9;&#9;System.out.println(&quot;Could not find file&quot;);&#13;&#10;&#9;&#9;}&#13;&#10;&#9;&#9;this.discardPile = new ArrayList&lt;ACard&gt;();&#13;&#10;&#9;&#9;this.playerHand = new ArrayList&lt;ACard&gt;();&#13;&#10;&#9;&#9;this.playerDeck = new LinkedList&lt;ACard&gt;();&#13;&#10;&#9;&#9;this.initialiseDeck();&#13;&#10;&#9;&#9;Collections.shuffle(this.playerDeck);&#13;&#10;&#9;&#9;this.drawCard(5);&#13;&#10;&#9;}&#13;&#10;&#13;&#10;&#9;/**&#13;&#10;&#9; * &#13;&#10;&#9; */&#13;&#10;&#9;public void initialiseDeck() {&#13;&#10;&#9;&#9;&#9;for (int i = 0; i &lt; 8; i++) { &#13;&#10;&#9;&#9;&#9;this.addCardToDeck(CardCollection.apprentice);&#13;&#10;&#9;&#9;}&#13;&#10;&#9;&#9;for (int j = 0; j &lt; 2; j++) {&#13;&#10;&#9;&#9;&#9;this.addCardToDeck(CardCollection.militia);&#13;&#10;&#9;&#9;}&#9;&#9;&#13;&#10;&#9;}&#13;&#10;&#9;&#13;&#10;&#9;/**&#13;&#10;&#9; * &#13;&#10;&#9; * Puts all of the players cards into the discard pile and draws &#13;&#10;&#9; * 5 pcards for a new hand&#13;&#10;&#9; *&#13;&#10;&#9; */&#13;&#10;&#9;public void endTurn(){&#13;&#10;&#9;&#9;for(int i = 0; i&lt; this.getHandSize(); i++){&#13;&#10;&#9;&#9;&#9;this.discard(this.playerHand.get(i));&#13;&#10;&#9;&#9;}&#13;&#10;&#9;&#9;this.drawCard(5);&#9;&#13;&#10;&#9;}&#13;&#10;&#13;&#10;&#9;/**&#13;&#10;&#9; * This constructs and returns a player.&#13;&#10;&#9; * &#13;&#10;&#9; * @return&#13;&#10;&#9; */&#13;&#10;&#9;public static Player makePlayer() {&#13;&#10;&#9;&#9;Player newPlayer = new Player();&#13;&#10;&#9;&#9;return newPlayer;&#13;&#10;&#9;}&#13;&#10;&#13;&#10;&#9;/**&#13;&#10;&#9; * This adds the given integer amount of runes to the players current total.&#13;&#10;&#9; * &#13;&#10;&#9; * @param i&#13;&#10;&#9; */&#13;&#10;&#9;public void addRunes(int i) {&#13;&#10;&#9;&#9;this.setRunes((i + this.getRunes() &gt; 0) ? this.getRunes() + i : 0);&#13;&#10;&#9;}&#13;&#10;&#13;&#10;&#9;/**&#13;&#10;&#9; * This returns the amount of runes the player currently has.&#13;&#10;&#9; * &#13;&#10;&#9; * @return the runes&#13;&#10;&#9; */&#13;&#10;&#9;public int getRunes() {&#13;&#10;&#9;&#9;return this.runes;&#13;&#10;&#9;}&#13;&#10;&#13;&#10;&#9;/**&#13;&#10;&#9; * Sets the amount of runs the player has to the given integer value.&#13;&#10;&#9; * &#13;&#10;&#9; * @param runes&#13;&#10;&#9; *            the runes to set&#13;&#10;&#9; */&#13;&#10;&#9;public void setRunes(int runes) {&#13;&#10;&#9;&#9;this.runes = runes;&#13;&#10;&#9;}&#13;&#10;&#13;&#10;&#9;/**&#13;&#10;&#9; * Returns the size of the player's discard pile.&#13;&#10;&#9; * &#13;&#10;&#9; * @return&#13;&#10;&#9; */&#13;&#10;&#9;public int getDiscardSize() {&#13;&#10;&#9;&#9;return this.discardPile.size();&#13;&#10;&#9;}&#13;&#10;&#13;&#10;&#9;/**&#13;&#10;&#9; * This puts the card given into the discard pile.&#13;&#10;&#9; * &#13;&#10;&#9; * @param card&#13;&#10;&#9; */&#13;&#10;&#9;public void discard(ACard card) {&#13;&#10;&#9;&#9;if (card == null) {&#13;&#10;&#9;&#9;&#9;System.out.println(&quot;attempted to discard null card&quot;);&#13;&#10;&#9;&#9;&#9;return;&#13;&#10;&#9;&#9;}&#13;&#10;&#9;&#9;this.discardPile.add(card);&#13;&#10;&#9;}&#13;&#10;&#13;&#10;&#9;/**&#13;&#10;&#9; * Returns the player's discard pile.&#13;&#10;&#9; * &#13;&#10;&#9; * @return&#13;&#10;&#9; */&#13;&#10;&#9;public ArrayList&lt;ACard&gt; getDiscardPile() {&#13;&#10;&#9;&#9;return this.discardPile;&#13;&#10;&#9;}&#13;&#10;&#13;&#10;&#9;/**&#13;&#10;&#9; * Places the given card into the player's discard pile as well as well as&#13;&#10;&#9; * subtracts the amount of runes the player has available. If you do not&#13;&#10;&#9; * have enough runes, this returns false, otherwise true.&#13;&#10;&#9; * &#13;&#10;&#9; * @param card&#13;&#10;&#9; * @return&#13;&#10;&#9; */&#13;&#10;&#9;public boolean buyCard(ACard card) {&#13;&#10;&#9;&#9;if (card != null &amp;&amp; card.getCost() &lt;= this.runes) {&#13;&#10;&#9;&#9;&#9;this.setRunes(this.runes - card.getCost());&#13;&#10;&#9;&#9;&#9;this.discard(card);&#13;&#10;&#9;&#9;&#9;return true;&#13;&#10;&#9;&#9;}&#13;&#10;&#9;&#9;return false;&#13;&#10;&#9;}&#13;&#10;&#13;&#10;&#9;/**&#13;&#10;&#9; * Attack card will take a card and the board.  &#13;&#10;&#9; * If the player has enough power it will place the card in&#13;&#10;&#9; * the void discard pile&#13;&#10;&#9; * &#13;&#10;&#9; * @param card to be attacked&#13;&#10;&#9; * @return true if attacked and sent to void and false&#13;&#10;&#9; * otherwise&#13;&#10;&#9; */&#13;&#10;&#9;&#13;&#10;&#9;public boolean attackCard(ACard card, Board board) {&#13;&#10;&#9;&#9;if (card != null &amp;&amp; card.getStrength() &lt;= this.power) {&#13;&#10;&#9;&#9;&#9;this.addPower(0 - card.getStrength());&#13;&#10;&#9;&#9;&#9;board.sendToVoid(card);&#13;&#10;&#9;&#9;&#9;return true;&#13;&#10;&#9;&#9;}&#13;&#10;&#9;&#9;return false;&#13;&#10;&#9;}&#13;&#10;&#9;&#13;&#10;&#9;/**&#13;&#10;&#9; * &#13;&#10;&#9; * Returns the size of the player hand&#13;&#10;&#9; *&#13;&#10;&#9; * @return the size of the player hand&#13;&#10;&#9; */&#13;&#10;&#9;public int getHandSize() {&#13;&#10;&#9;&#9;return this.playerHand.size();&#13;&#10;&#9;}&#13;&#10;&#13;&#10;&#9;/**&#13;&#10;&#9; * &#13;&#10;&#9; * Draws a card from the player deck and adds it to the player hand&#13;&#10;&#9; *&#13;&#10;&#9; */&#13;&#10;&#9;public void drawCard() {&#13;&#10;&#9;&#9;if (this.playerDeck.isEmpty()){&#13;&#10;&#9;&#9;&#9;this.playerDeck.addAll(this.discardPile);&#13;&#10;&#9;&#9;&#9;this.discardPile.clear();&#13;&#10;&#9;&#9;&#9;Collections.shuffle(this.playerDeck);&#13;&#10;&#9;&#9;}&#13;&#10;&#9;&#9;ACard fromDeck = this.playerDeck.remove();&#13;&#10;&#9;&#9;this.playerHand.add(fromDeck);&#13;&#10;&#9;}&#13;&#10;&#13;&#10;&#9;/**&#13;&#10;&#9; * &#13;&#10;&#9; * Adds a card to the player's deck&#13;&#10;&#9; *&#13;&#10;&#9; * @param card&#13;&#10;&#9; *            to be added&#13;&#10;&#9; */&#13;&#10;&#9;public void addCardToDeck(ACard card) {&#13;&#10;&#13;&#10;&#9;&#9;if (card == null) {&#13;&#10;&#9;&#9;&#9;System.out.println(&quot;attempted to add a null card to deck&quot;);&#13;&#10;&#9;&#9;&#9;return;&#13;&#10;&#9;&#9;}&#13;&#10;&#13;&#10;&#9;&#9;this.playerDeck.add(card);&#13;&#10;&#9;}&#13;&#10;&#13;&#10;&#9;/**&#13;&#10;&#9; * Adds the given card to the player's hand&#13;&#10;&#9; * &#13;&#10;&#9; * @param card&#13;&#10;&#9; *            to be added&#13;&#10;&#9; */&#13;&#10;&#9;public void addCardToHand(ACard card) {&#13;&#10;&#13;&#10;&#9;&#9;if (card == null){&#13;&#10;&#9;&#9;&#9;System.out.println(&quot;attempted to add a null card to hand&quot;);&#13;&#10;&#9;&#9;&#9;return;&#13;&#10;&#9;&#9;}&#13;&#10;&#9;&#9;this.playerHand.add(card);&#13;&#10;&#9;}&#13;&#10;&#13;&#10;&#9;/**&#13;&#10;&#9; * &#13;&#10;&#9; * Gets the current player hand&#13;&#10;&#9; *&#13;&#10;&#9; * @return the player hand&#13;&#10;&#9; */&#13;&#10;&#9;public ArrayList&lt;ACard&gt; getHand() {&#13;&#10;&#9;&#9;return this.playerHand;&#13;&#10;&#9;}&#13;&#10;&#13;&#10;&#9;/**&#13;&#10;&#9; * &#13;&#10;&#9; * Input check card in hand&#13;&#10;&#9; *&#13;&#10;&#9; * @param card&#13;&#10;&#9; */&#13;&#10;&#9;public void playCard(ACard card) {&#13;&#10;&#9;&#9;&#13;&#10;&#9;&#9;if (card == null) {&#13;&#10;&#9;&#9;&#9;System.out.println(&quot;attempted to play a null card&quot;);&#13;&#10;&#9;&#9;&#9;return;&#13;&#10;&#9;&#9;}&#13;&#10;&#9;&#9;this.playerHand.remove(card);&#13;&#10;&#9;&#9;this.applyEffects(card);&#13;&#10;&#9;&#9;this.discard(card);&#13;&#10;&#9;}&#13;&#10;&#13;&#10;&#9;/**&#13;&#10;&#9; * @param integer&#13;&#10;&#9; */&#13;&#10;&#9;public void drawCard(int cards) {&#13;&#10;&#9;&#9;for (int i = 0; i &lt; cards; i++) {&#13;&#10;&#9;&#9;&#9;this.drawCard();&#13;&#10;&#9;&#9;}&#13;&#10;&#9;}&#13;&#10;&#13;&#10;&#9;/**&#13;&#10;&#9; * @return the Player's Deck&#13;&#10;&#9; */&#13;&#10;&#9;public Queue&lt;ACard&gt; getDeck() {&#13;&#10;&#9;&#9;return this.playerDeck;&#13;&#10;&#9;}&#13;&#10;&#13;&#10;&#9;/**&#13;&#10;&#9; * @return the size of the Player's Deck for unit testing&#13;&#10;&#9; */&#13;&#10;&#9;public int getDeckSize() {&#13;&#10;&#9;&#9;return this.playerDeck.size();&#13;&#10;&#9;}&#13;&#10;&#13;&#10;&#9;/**&#13;&#10;&#9; * This method returns the amount of power the player currently has.&#13;&#10;&#9; * @return how much power the player has&#13;&#10;&#9; */&#13;&#10;&#9;public int getPower() {&#13;&#10;&#9;&#9;return this.power;&#13;&#10;&#9;}&#13;&#10;&#13;&#10;&#9;/**&#13;&#10;&#9; * This method adds power to the total amount of power the player has.&#13;&#10;&#9; * @param i&#13;&#10;&#9; */&#13;&#10;&#9;public void addPower(int i) {&#13;&#10;&#9;&#9;this.power += i;&#13;&#10;&#9;}&#13;&#10;&#13;&#10;&#9;/**&#13;&#10;&#9; * Applies the effects of the given card to the player.&#13;&#10;&#9; * @param card&#13;&#10;&#9; */&#13;&#10;&#9;@SuppressWarnings(&quot;boxing&quot;)&#13;&#10;&#9;public void applyEffects(ACard card) {&#13;&#10;&#9;&#9;HashMap&lt;String, Integer&gt; map = card.getEffects();&#13;&#10;&#9;&#9;for (String k : map.keySet()) {&#13;&#10;&#9;&#9;&#9;switch (k) {&#13;&#10;&#9;&#9;&#9;case CardCollection.RUNES:&#13;&#10;&#9;&#9;&#9;&#9;this.addRunes(map.get(k));&#13;&#10;&#9;&#9;&#9;&#9;break;&#13;&#10;&#9;&#9;&#9;case CardCollection.POWER:&#13;&#10;&#9;&#9;&#9;&#9;this.addPower(map.get(k));&#13;&#10;&#9;&#9;&#9;&#9;break;&#13;&#10;&#9;&#9;&#9;case CardCollection.DRAW:&#13;&#10;&#9;&#9;&#9;&#9;this.drawCard(map.get(k));&#13;&#10;&#9;&#9;&#9;&#9;break;&#13;&#10;&#9;&#9;&#9;case CardCollection.HONOR:&#13;&#10;&#9;&#9;&#9;&#9;this.addHonor(map.get(k));&#13;&#10;&#9;&#9;&#9;&#9;break;&#13;&#10;&#9;&#9;&#9;}&#13;&#10;&#9;&#9;}&#13;&#10;&#9;}&#13;&#10;&#9;&#13;&#10;&#9;/**&#13;&#10;&#9; * This method returns the amount of honor the player has.&#13;&#10;&#9; * @return amount of honor&#13;&#10;&#9; */&#13;&#10;&#9;public int getHonor() {&#13;&#10;&#9;&#9;return this.honor;&#13;&#10;&#9;}&#13;&#10;&#13;&#10;&#9;/**&#13;&#10;&#9; * This method adds the amount given to the total amount of honor that the player has.&#13;&#10;&#9; * @param i&#13;&#10;&#9; */&#13;&#10;&#9;public void addHonor(int i) {&#13;&#10;&#9;&#9;this.honor += i;&#13;&#10;&#9;}&#13;&#10;&#9;&#13;&#10;&#9;&#13;&#10;}&#13;&#10;" Filename="Player.java" Intrnl_Id="11"/>
<SrcFile Content="package devops.hw1.core;&#13;&#10;&#13;&#10;import static org.junit.Assert.*;&#13;&#10;import org.junit.Test;&#13;&#10;&#13;&#10;public class AbstractDataTest {&#13;&#10;&#9;int id;&#13;&#10;&#9;Integer value;&#13;&#10;&#9;AbstractData&lt;Integer&gt; dataTestMock;&#13;&#10;&#9;&#13;&#10;&#9;private class IntegerDataMock extends AbstractData&lt;Integer&gt; {&#13;&#10;&#9;&#9;public IntegerDataMock(long id, Integer value) {&#13;&#10;&#9;&#9;&#9;super(id, value);&#13;&#10;&#9;&#9;}&#13;&#10;&#13;&#10;&#9;&#9;@Override&#13;&#10;&#9;&#9;public int compareTo(IData&lt;Integer&gt; o) {&#13;&#10;&#9;&#9;&#9;return 0;&#13;&#10;&#9;&#9;}&#9;&#9;&#13;&#10;&#9;}&#13;&#10;&#13;&#10;&#9;public AbstractDataTest() {&#13;&#10;&#9;&#9;this.id = 1;&#13;&#10;&#9;&#9;this.value = Integer.valueOf(2);&#13;&#10;&#9;&#9;this.dataTestMock = new IntegerDataMock(this.id, this.value);&#9;&#13;&#10;&#9;}&#13;&#10;&#13;&#10;&#9;@Test&#13;&#10;&#9;public void testHashCode() {&#13;&#10;&#9;&#9;final int prime = 31;&#13;&#10;&#9;&#9;int expected = 1;&#13;&#10;&#9;&#9;expected = prime * expected + (int)this.dataTestMock.getId();&#13;&#10;&#9;&#9;expected = prime * expected + this.dataTestMock.getValue();&#13;&#10;&#9;&#9;&#13;&#10;&#9;&#9;int actual = this.dataTestMock.hashCode();&#13;&#10;&#9;&#9;&#13;&#10;&#9;&#9;assertEquals(expected, actual);&#13;&#10;&#9;}&#13;&#10;&#13;&#10;&#9;@Test&#13;&#10;&#9;public void testAbstractDataConstructor() {&#13;&#10;&#9;&#9;assertNotNull(this.dataTestMock);&#13;&#10;&#9;}&#13;&#10;&#13;&#10;&#9;@Test&#13;&#10;&#9;public void testGetId() {&#13;&#10;&#9;&#9;assertEquals(this.dataTestMock.getId(), this.id);&#13;&#10;&#9;}&#13;&#10;&#13;&#10;&#9;@Test&#13;&#10;&#9;public void testGetValue() {&#13;&#10;&#9;&#9;assertEquals(this.dataTestMock.getValue(), this.value);&#13;&#10;&#9;}&#13;&#10;&#13;&#10;&#9;@Test&#13;&#10;&#9;public void testEqualsObjectNull() {&#13;&#10;&#9;&#9;assertFalse(this.dataTestMock.equals(null));&#13;&#10;&#9;}&#13;&#10;&#13;&#10;&#9;@Test&#13;&#10;&#9;public void testEqualsObjectEqualRef() {&#13;&#10;&#9;&#9;assertTrue(this.dataTestMock.equals(this.dataTestMock));&#13;&#10;&#9;}&#13;&#10;&#13;&#10;&#9;@Test&#13;&#10;&#9;public void testEqualsObjectForUnEqualClass() {&#13;&#10;&#9;&#9;assertFalse(this.dataTestMock.equals(this.value));&#13;&#10;&#9;}&#13;&#10;&#13;&#10;&#9;@Test&#13;&#10;&#9;public void testEqualsObjectUnEqualValues() {&#13;&#10;&#9;&#9;AbstractData&lt;Integer&gt; otherTestMock1 = new IntegerDataMock(this.id, null);&#13;&#10;&#9;&#9;assertFalse(this.dataTestMock.equals(otherTestMock1));&#13;&#10;&#13;&#10;&#9;&#9;AbstractData&lt;Integer&gt; otherTestMock2 = new IntegerDataMock(2, this.value);&#13;&#10;&#9;&#9;assertFalse(this.dataTestMock.equals(otherTestMock2));&#13;&#10;&#9;}&#13;&#10;&#13;&#10;&#9;@Test&#13;&#10;&#9;public void testEqualsObjectEqualValue() {&#13;&#10;&#9;&#9;AbstractData&lt;Integer&gt; otherTestMock = new IntegerDataMock(this.id, this.value);&#13;&#10;&#9;&#9;assertTrue(this.dataTestMock.equals(otherTestMock));&#13;&#10;&#9;}&#13;&#10;}&#13;&#10;" Filename="AbstractDataTest.java" Intrnl_Id="12"/>
<SrcFile Content="package devops.hw1.core;&#13;&#10;&#13;&#10;import static org.junit.Assert.*;&#13;&#10;&#13;&#10;import org.junit.Test;&#13;&#10;&#13;&#10;public class NumericDataTest {&#13;&#10;&#9;long id;&#13;&#10;&#9;Long value;&#13;&#10;&#9;NumericData data;&#13;&#10;&#9;&#13;&#10;&#9;public NumericDataTest() {&#13;&#10;&#9;&#9;this.id = 2;&#13;&#10;&#9;&#9;this.value = Long.valueOf(2);&#13;&#10;&#9;&#9;this.data = new NumericData(this.id, this.value);&#13;&#10;&#9;}&#13;&#10;&#13;&#10;&#9;@Test&#13;&#10;&#9;public void testNumericData() {&#13;&#10;&#9;&#9;assertNotNull(this.data);&#13;&#10;&#9;}&#13;&#10;&#13;&#10;&#9;@Test&#13;&#10;&#9;public void testCompareToEqual() {&#13;&#10;&#9;&#9;NumericData other = new NumericData(this.id, this.value);&#13;&#10;&#9;&#9;assertEquals(this.data.compareTo(other), 0);&#13;&#10;&#9;}&#13;&#10;&#13;&#10;&#9;@Test&#13;&#10;&#9;public void testCompareToLesser() {&#13;&#10;&#9;&#9;NumericData other = new NumericData(this.id, this.value + 1);&#13;&#10;&#9;&#9;assertEquals(this.data.compareTo(other), -1);&#13;&#10;&#9;}&#13;&#10;&#13;&#10;&#9;@Test&#13;&#10;&#9;public void testCompareToGreater() {&#13;&#10;&#9;&#9;NumericData other = new NumericData(this.id, this.value - 1);&#13;&#10;&#9;&#9;assertEquals(this.data.compareTo(other), 1);&#13;&#10;&#9;}&#13;&#10;}&#13;&#10;" Filename="NumericDataTest.java" Intrnl_Id="13"/>
<SrcFile Content="package devops.hw1.core;&#13;&#10;&#13;&#10;import java.util.Arrays;&#13;&#10;import java.util.Collection;&#13;&#10;&#13;&#10;import org.junit.Test;&#13;&#10;import org.junit.Before;&#13;&#10;import org.junit.runners.Parameterized;&#13;&#10;import org.junit.runner.RunWith;&#13;&#10;&#13;&#10;import static org.junit.Assert.*;&#13;&#10;&#13;&#10;/**&#13;&#10; * Parameterized Tests of some of the Unit Tests (found in Tests.java).&#13;&#10; * &#13;&#10; * @author gneezyn&#13;&#10; *&#13;&#10; */&#13;&#10;@RunWith(Parameterized.class)&#13;&#10;public class ParameterizedTestBuyCard {&#13;&#10;&#9;&#13;&#10;//&#9;private ACard fakeCard = EasyMock.niceMock(ACard.class);&#13;&#10;&#9;private Integer cardCost;&#13;&#10;&#9;private Integer expectedRunes;&#13;&#10;&#9;private Integer expectedDiscSize;&#13;&#10;&#9;private Boolean bool;&#13;&#10;&#9;private Player player1;&#13;&#10;&#13;&#10;&#9;@Before&#13;&#10;    public void initialize() {&#13;&#10;      player1 = Player.makePlayer();&#13;&#10;      player1.addRunes(10); // start the player off with some runes to use to buy a card (&#13;&#10;   }&#13;&#10;&#9;&#13;&#10;   // Each parameter should be placed as an argument here&#13;&#10;   // Every time runner triggers, it will pass the arguments&#13;&#10;   // from parameters we defined in paramNumbers() method (below)&#13;&#10;&#9; /**&#13;&#10;&#9; * @param cardCost the cost of the Card (in Runes)&#13;&#10;&#9; * @param expectedRunes the number of runes expected after calling buyCard&#13;&#10;&#9; * @param expectedDiscardSize the expected size of the player's discard pile after calling buyCard&#13;&#10;&#9; * @param bool indicates whether testing for true or false (as result of calling buyCard)&#13;&#10;&#9; */&#13;&#10;&#9;public ParameterizedTestBuyCard(Integer cardCost, &#13;&#10;      Integer expectedRunes, Integer expectedDiscardSize, Boolean bool) {&#13;&#10;      this.cardCost = cardCost;&#13;&#10;      this.expectedRunes = expectedRunes;&#13;&#10;      this.expectedDiscSize = expectedDiscardSize;&#13;&#10;      this.bool = bool;&#13;&#10;   }&#13;&#10;&#13;&#10;   @Parameterized.Parameters&#13;&#10;   public static Collection paramNumbers() {&#13;&#10;      return Arrays.asList(new Object[][] {&#13;&#10;         { 6, 4, 1, true },&#13;&#10;         { 3, 7, 1, true },&#13;&#10;         { 11, 10, 0, false }&#13;&#10;      });&#13;&#10;   }&#13;&#10;   &#13;&#10;   @Test&#13;&#10;   public void testBuyCardParameterized() {&#13;&#10;&#9;   ACard card = ACard.makeCard(cardCost);&#13;&#10;&#9;   &#13;&#10;&#9;   if (bool) {&#13;&#10;&#9;&#9;   assertTrue(player1.buyCard(card));&#9;&#9;   &#13;&#10;&#9;&#9;   assertTrue(player1.getDiscardPile().contains(card));&#13;&#10;&#9;   } else {&#13;&#10;&#9;&#9;   assertFalse(player1.buyCard(card));&#13;&#10;&#9;&#9;   assertFalse(player1.getDiscardPile().contains(card));&#13;&#10;&#9;   }&#13;&#10;&#9;   assertTrue(player1.getRunes() == expectedRunes);&#13;&#10;&#9;   assertTrue(player1.getDiscardSize() == expectedDiscSize);&#13;&#10;   }&#13;&#10;&#13;&#10;}&#13;&#10;" Filename="ParameterizedTestBuyCard.java" Intrnl_Id="14"/>
<SrcFile Content="/**&#13;&#10; * &#13;&#10; */&#13;&#10;package devops.hw1.core;&#13;&#10;&#13;&#10;import static org.junit.Assert.assertEquals;&#13;&#10;import static org.junit.Assert.assertFalse;&#13;&#10;import static org.junit.Assert.assertTrue;&#13;&#10;import static org.junit.Assert.fail;&#13;&#10;&#13;&#10;import java.util.HashMap;&#13;&#10;&#13;&#10;import org.easymock.EasyMock;&#13;&#10;import org.junit.Test;&#13;&#10;&#13;&#10;/**&#13;&#10; * @author fenogljc, gneezyn, bishopcc, heshelhj&#13;&#10; * &#13;&#10; */&#13;&#10;public class Tests {&#13;&#10;&#13;&#10;&#9;/**&#13;&#10;&#9; * Tests that a card can be made.&#13;&#10;&#9; */&#13;&#10;&#9;@Test&#13;&#10;&#9;public void testMakeCard() {&#13;&#10;&#9;&#9;ACard newCard = ACard.makeCard();&#13;&#10;&#9;&#9;assertTrue(newCard instanceof ACard);&#13;&#10;&#9;}&#13;&#10;&#13;&#10;&#9;/**&#13;&#10;&#9; * Tests that you can get a card's cost &#13;&#10;&#9; * (when it is specified by the constructor).&#13;&#10;&#9; */&#13;&#10;&#9;@Test&#13;&#10;&#9;public void testGetCardCost() {&#13;&#10;&#9;&#9;ACard newCard = ACard.makeCard(2);&#13;&#10;&#9;&#9;assertTrue(newCard.getCost() == 2);&#13;&#10;&#9;}&#13;&#10;&#13;&#10;&#9;/**&#13;&#10;&#9; * Tests that when the default constructor&#13;&#10;&#9; * is used, the card's default cost is zero.&#13;&#10;&#9; */&#13;&#10;&#9;@Test&#13;&#10;&#9;public void testGetDefaultCardCost() {&#13;&#10;&#9;&#9;ACard newCard = ACard.makeCard();&#13;&#10;&#9;&#9;assertTrue(newCard.getCost() == 0);&#13;&#10;&#9;}&#13;&#10;&#13;&#10;&#9;/**&#13;&#10;&#9; * Tests that a player is properly initialized.&#13;&#10;&#9; */&#13;&#10;&#9;@Test&#13;&#10;&#9;public void testMakePlayer() {&#13;&#10;&#9;&#9;Player newPlayer = Player.makePlayer();&#13;&#10;&#9;&#9;assertTrue(newPlayer instanceof Player);&#13;&#10;&#9;}&#13;&#10;&#13;&#10;&#9;//This test is unnecessary since a more thorough one already exists (see tesPlayerAddRunes()). &#13;&#10;//&#9;/**&#13;&#10;//&#9; * Tests that the player can have runes added (addRunes method).&#13;&#10;//&#9; */&#13;&#10;//&#9;@Test&#13;&#10;//&#9;public void testPlayerHasRunes() {&#13;&#10;//&#9;&#9;Player newPlayer = Player.makePlayer();&#13;&#10;//&#9;&#9;newPlayer.addRunes(3);&#13;&#10;//&#9;&#9;assertTrue(newPlayer.getRunes() == 3);&#13;&#10;//&#9;}&#13;&#10;&#13;&#10;&#9;/**&#13;&#10;&#9; * Tests that the player can have runes added by calling &#13;&#10;&#9; * the addRunes method. Also checks that the player starts&#13;&#10;&#9; * with no runes.&#13;&#10;&#9; */&#13;&#10;&#9;@Test&#13;&#10;&#9;public void testPlayerAddRunes() {&#13;&#10;&#9;&#9;Player newPlayer = Player.makePlayer();&#13;&#10;&#9;&#9;assertTrue(newPlayer.getRunes() == 0);&#13;&#10;&#9;&#9;newPlayer.addRunes(3);&#13;&#10;&#9;&#9;assertTrue(newPlayer.getRunes() == 3);&#13;&#10;&#9;&#9;newPlayer.addRunes(-1);&#13;&#10;&#9;&#9;assertFalse(newPlayer.getRunes() == 3);&#13;&#10;&#9;&#9;assertTrue(newPlayer.getRunes() == 2);&#13;&#10;&#9;&#9;newPlayer.addRunes(-4);&#13;&#10;&#9;&#9;assertTrue(newPlayer.getRunes() == 0);&#13;&#10;&#9;}&#13;&#10;&#13;&#10;&#9;/**&#13;&#10;&#9; * Integration test equivalent of testPlayerDiscard.&#13;&#10;&#9; * Tests that the discard method works through the &#13;&#10;&#9; * use of Mocking.&#13;&#10;&#9; */&#13;&#10;&#9;@Test&#13;&#10;&#9;public void testPlayerDiscardMock() {&#13;&#10;&#9;&#9;Player newPlayer = Player.makePlayer();&#13;&#10;&#13;&#10;&#9;&#9;ACard card1 = EasyMock.niceMock(ACard.class);&#13;&#10;&#9;&#9;ACard card2 = EasyMock.niceMock(ACard.class);&#13;&#10;&#9;&#9;ACard card3 = EasyMock.niceMock(ACard.class);&#13;&#10;&#13;&#10;&#9;&#9;assertTrue(newPlayer.getDiscardSize() == 0);&#13;&#10;&#9;&#9;newPlayer.discard(card1);&#13;&#10;&#9;&#9;assertTrue(newPlayer.getDiscardSize() == 1);&#13;&#10;&#9;&#9;newPlayer.discard(card2);&#13;&#10;&#9;&#9;newPlayer.discard(card3);&#13;&#10;&#9;&#9;assertTrue(newPlayer.getDiscardSize() == 3);&#13;&#10;&#13;&#10;&#9;}&#13;&#10;&#13;&#10;&#9;/**&#13;&#10;&#9; * Tests that the player can discard pile works appropriately.&#13;&#10;&#9; * This includes checking that cards can be added to the &#13;&#10;&#9; * discard pile and making sure that the size of the discard&#13;&#10;&#9; * pile is actually increasing.&#13;&#10;&#9; */&#13;&#10;&#9;@Test&#13;&#10;&#9;public void testPlayerDiscard() {&#13;&#10;&#9;&#9;Player newPlayer = Player.makePlayer();&#13;&#10;&#9;&#9;assertTrue(newPlayer.getDiscardSize() == 0);&#13;&#10;&#9;&#9;newPlayer.discard(ACard.makeCard());&#13;&#10;&#9;&#9;assertTrue(newPlayer.getDiscardSize() == 1);&#13;&#10;&#9;&#9;newPlayer.discard(ACard.makeCard());&#13;&#10;&#9;&#9;newPlayer.discard(ACard.makeCard());&#13;&#10;&#9;&#9;assertTrue(newPlayer.getDiscardSize() == 3);&#13;&#10;&#9;}&#13;&#10;&#13;&#10;&#9;/**&#13;&#10;&#9; * Integration test equivalent of testDiscardingCards().&#13;&#10;&#9; * Tests that the discard method actually puts the card(s)&#13;&#10;&#9; * in the discard pile through the use of Mocking.&#13;&#10;&#9; */&#13;&#10;&#9;@Test&#13;&#10;&#9;public void testDiscardingCardsMock() {&#13;&#10;&#9;&#9;Player newPlayer = Player.makePlayer();&#13;&#10;&#9;&#9;ACard card1 = EasyMock.niceMock(ACard.class);&#13;&#10;&#9;&#9;ACard card2 = EasyMock.niceMock(ACard.class);&#13;&#10;&#9;&#9;ACard card3 = EasyMock.niceMock(ACard.class);&#13;&#10;&#13;&#10;&#9;&#9;newPlayer.discard(card1);&#13;&#10;&#9;&#9;assertFalse(newPlayer.getDiscardPile().contains(card2));&#13;&#10;&#9;&#9;assertFalse(newPlayer.getDiscardPile().contains(card3));&#13;&#10;&#9;&#9;assertTrue(newPlayer.getDiscardPile().contains(card1));&#13;&#10;&#9;}&#13;&#10;&#13;&#10;&#9;/**&#13;&#10;&#9; * Tests that discard actually puts the cards in the &#13;&#10;&#9; * discard pile and that the hand doesn't have the card.&#13;&#10;&#9; */&#13;&#10;&#9;@Test&#13;&#10;&#9;public void testDiscardingCards() {&#13;&#10;&#9;&#9;Player newPlayer = Player.makePlayer();&#13;&#10;&#9;&#9;ACard newCard = ACard.makeCard(4);&#13;&#10;&#9;&#9;ACard newCard3 = ACard.makeCard(4);&#13;&#10;&#9;&#9;newPlayer.discard(newCard);&#13;&#10;&#9;&#9;assertFalse(newPlayer.getDiscardPile().contains(newCard3));&#13;&#10;&#9;&#9;assertTrue(newPlayer.getDiscardPile().contains(newCard));&#13;&#10;&#9;}&#13;&#10;&#13;&#10;&#9;/**&#13;&#10;&#9; * Tests that a player can &quot;buy&quot; a card from the center&#13;&#10;&#9; * field, if the player has enough runes.&#13;&#10;&#9; */&#13;&#10;&#9;@Test&#13;&#10;&#9;public void testPlayerBuyCard() {&#13;&#10;&#9;&#9;Player newPlayer = Player.makePlayer();&#13;&#10;&#9;&#9;newPlayer.addRunes(10);&#13;&#10;&#9;&#9;ACard card6 = ACard.makeCard(6);&#13;&#10;&#9;&#9;ACard card3 = ACard.makeCard(3);&#13;&#10;&#9;&#9;ACard card9 = ACard.makeCard(9);&#13;&#10;&#13;&#10;&#9;&#9;assertTrue(newPlayer.buyCard(card6));&#13;&#10;&#9;&#9;assertTrue(newPlayer.getRunes() == 4);&#13;&#10;&#9;&#9;assertFalse(newPlayer.getDiscardSize() == 0);&#13;&#10;&#13;&#10;&#9;&#9;assertTrue(newPlayer.buyCard(card3));&#13;&#10;&#9;&#9;assertTrue(newPlayer.getRunes() == 1);&#13;&#10;&#9;&#9;assertTrue(newPlayer.getDiscardSize() == 2);&#13;&#10;&#13;&#10;&#9;&#9;assertFalse(newPlayer.buyCard(card9));&#13;&#10;&#9;&#9;assertTrue(newPlayer.getDiscardPile().contains(card6));&#13;&#10;&#9;&#9;assertTrue(newPlayer.getDiscardPile().contains(card3));&#13;&#10;&#9;&#9;assertFalse(newPlayer.getDiscardPile().contains(card9));&#13;&#10;&#13;&#10;&#9;}&#13;&#10;&#13;&#10;&#9;/**&#13;&#10;&#9; * Error checking for buyCard (method of Player).&#13;&#10;&#9; */&#13;&#10;&#9;@Test&#13;&#10;&#9;public void testPlayerBuyCardInput() {&#13;&#10;&#9;&#9;Player player1 = Player.makePlayer();&#13;&#10;&#9;&#9;player1.addRunes(10);&#13;&#10;&#13;&#10;&#9;&#9;assertFalse(player1.buyCard(null));&#13;&#10;&#13;&#10;&#9;}&#13;&#10;&#13;&#10;&#9;/**&#13;&#10;&#9; * Error checking for discard (method of Player).&#13;&#10;&#9; */&#13;&#10;&#9;@Test&#13;&#10;&#9;public void testPlayerDiscardInput() {&#13;&#10;&#9;&#9;Player player = Player.makePlayer();&#13;&#10;&#9;&#9;player.discard(null);&#13;&#10;&#9;}&#13;&#10;&#13;&#10;&#9;/**&#13;&#10;&#9; * Testing that the player starts out with &#13;&#10;&#9; * five cards in their hand.&#13;&#10;&#9; */&#13;&#10;&#9;@Test&#13;&#10;&#9;public void testPlayerHandSize() {&#13;&#10;&#9;&#9;Player player = Player.makePlayer();&#13;&#10;&#9;&#9;int i = player.getHandSize();&#13;&#10;&#9;&#9;assertTrue(i == 5);&#13;&#10;&#9;}&#13;&#10;&#13;&#10;&#9;/**&#13;&#10;&#9; * Tests that a player can draw a card from their deck.&#13;&#10;&#9; * Checks that the player's hand and deck both start&#13;&#10;&#9; * with five cards. Also checks that drawing a card&#13;&#10;&#9; * both increases the size of the player's hand and &#13;&#10;&#9; * decreases the size of their deck (by one).&#13;&#10;&#9; */&#13;&#10;&#9;@Test&#13;&#10;&#9;public void testPlayerDrawCard() {&#13;&#10;&#9;&#9;Player player1 = Player.makePlayer();&#13;&#10;&#9;&#9;Player player2 = Player.makePlayer();&#13;&#10;&#13;&#10;&#9;&#9;// checking that the player starts with five cards in their deck and&#13;&#10;&#9;&#9;// hand (individually)&#13;&#10;&#9;&#9;assertEquals(5, player1.getHandSize());&#13;&#10;&#9;&#9;assertEquals(5, player1.getDeckSize());&#13;&#10;&#9;&#9;assertEquals(5, player2.getHandSize());&#13;&#10;&#9;&#9;assertEquals(5, player2.getDeckSize());&#13;&#10;&#13;&#10;&#9;&#9;player1.drawCard();&#13;&#10;&#13;&#10;&#9;&#9;// checking that the hand size has increased by 1 and the deck size has&#13;&#10;&#9;&#9;// decreased by 1&#13;&#10;&#9;&#9;assertTrue(player1.getHandSize() == 6);&#13;&#10;&#9;&#9;assertEquals(4, player1.getDeckSize());&#13;&#10;&#13;&#10;&#9;&#9;// checking that player1 is not the same as player2&#13;&#10;&#9;&#9;assertFalse(player1.equals(player2));&#13;&#10;&#9;}&#13;&#10;&#13;&#10;&#9;/**&#13;&#10;&#9; * Integration test equivalent of testPlayerDrawCardWithCard().&#13;&#10;&#9; * Tests that the player can draw a card from their deck and &#13;&#10;&#9; * that the card is in the player's hand through the use of Mocking.&#13;&#10;&#9; */&#13;&#10;&#9;@Test&#13;&#10;&#9;public void testPlayerDrawCardWithCardMock() {&#13;&#10;&#9;&#9;Player player = Player.makePlayer();&#13;&#10;&#13;&#10;&#9;&#9;ACard card = EasyMock.niceMock(ACard.class);&#13;&#10;&#9;&#9;player.addCardToDeck(card);&#13;&#10;&#9;&#9;player.drawCard(6);&#13;&#10;&#9;&#9;assertTrue(player.getHand().contains(card));&#13;&#10;&#9;}&#13;&#10;&#13;&#10;&#9;/**&#13;&#10;&#9; * Tests that the player can draw a card from their deck.&#13;&#10;&#9; * And checks that the player's hand actually contains&#13;&#10;&#9; * the card that was added.&#13;&#10;&#9; */&#13;&#10;&#9;@Test&#13;&#10;&#9;public void testPlayerDrawCardWithCard() {&#13;&#10;&#9;&#9;Player player = Player.makePlayer();&#13;&#10;&#9;&#9;ACard card = ACard.makeCard();&#13;&#10;&#9;&#9;player.addCardToDeck(card);&#13;&#10;&#9;&#9;player.drawCard(6);&#13;&#10;&#9;&#9;assertTrue(player.getHand().contains(card));&#13;&#10;&#9;}&#13;&#10;&#13;&#10;&#9;/**&#13;&#10;&#9; * Tests that you can set and get the effects of &#13;&#10;&#9; * different cards (only checks Hero Cards).&#13;&#10;&#9; */&#13;&#10;&#9;@Test&#13;&#10;&#9;public void testSetAndGetEffects() {&#13;&#10;&#9;&#9;ACard card = HeroCard.makeCard(1);&#13;&#10;&#9;&#9;card.setEffect(&quot;draw&quot;, 1);&#13;&#10;&#9;&#9;assertTrue(card.getEffects().containsKey(&quot;draw&quot;));&#13;&#10;&#9;}&#13;&#10;&#13;&#10;&#9;/**&#13;&#10;&#9; * Tests that the player can draw a card due to the &#13;&#10;&#9; * effect of a card that the player used.&#13;&#10;&#9; */&#13;&#10;&#9;@Test&#13;&#10;&#9;public void testDrawACardAfterPlayingCard() {&#13;&#10;&#9;&#9;Player player = Player.makePlayer();&#13;&#10;&#9;&#9;ACard cardInHand = HeroCard.makeCard(3);&#13;&#10;&#9;&#9;cardInHand.setEffect(&quot;draw&quot;, 1);&#13;&#10;&#9;&#9;ACard cardInDeck = HeroCard.makeCard(3);&#13;&#10;&#9;&#9;player.addCardToDeck(cardInHand);&#13;&#10;&#9;&#9;player.addCardToDeck(cardInDeck);&#13;&#10;&#9;&#9;player.drawCard(6);&#13;&#10;&#9;&#9;assertTrue(player.getHandSize() == 11);&#13;&#10;&#9;&#9;assertFalse(player.getHand().contains(cardInDeck));&#13;&#10;&#9;&#9;player.playCard(cardInHand);&#13;&#10;&#9;&#9;assertTrue(player.getHandSize() == 11);&#13;&#10;&#9;&#9;assertTrue(player.getHand().contains(cardInDeck));&#13;&#10;&#9;}&#13;&#10;&#13;&#10;&#9;/**&#13;&#10;&#9; * Tests that after a card is played, it goes to that&#13;&#10;&#9; * player's discard pile (exception: Constructs aren't&#13;&#10;&#9; * implemented yet and will be tested later).&#13;&#10;&#9; */&#13;&#10;&#9;@Test&#13;&#10;&#9;public void testCardGoesToDiscardAfterPlaying() {&#13;&#10;&#9;&#9;Player player = Player.makePlayer();&#13;&#10;&#9;&#9;ACard card = HeroCard.makeCard();&#13;&#10;&#9;&#9;player.addCardToDeck(card);&#13;&#10;&#9;&#9;player.drawCard();&#13;&#10;&#9;&#9;player.playCard(card);&#13;&#10;&#9;&#9;assertTrue(player.getDiscardPile().contains(card));&#13;&#10;&#9;}&#13;&#10;&#13;&#10;&#9;/**&#13;&#10;&#9; * Tests that a card can have more than one effect.&#13;&#10;&#9; */&#13;&#10;&#9;@Test&#13;&#10;&#9;public void testSetEffects() {&#13;&#10;&#9;&#9;ACard card = HeroCard.makeCard();&#13;&#10;&#9;&#9;card.setEffect(&quot;draw&quot;, 2);&#13;&#10;&#9;&#9;card.setEffect(&quot;runes&quot;, 1);&#13;&#10;&#9;&#9;assertTrue(card.getEffects().get(&quot;draw&quot;) == 2);&#13;&#10;&#9;&#9;assertTrue(card.getEffects().get(&quot;runes&quot;) == 1);&#13;&#10;&#9;}&#13;&#10;&#13;&#10;&#9;/**&#13;&#10;&#9; * Tests that when a card is played, it's effect(s)&#13;&#10;&#9; * take place.&#13;&#10;&#9; */&#13;&#10;&#9;@Test&#13;&#10;&#9;public void testPlayCardAddingRunes() {&#13;&#10;&#9;&#9;Player player = Player.makePlayer();&#13;&#10;&#9;&#9;ACard card = HeroCard.makeCard();&#13;&#10;&#9;&#9;card.setEffect(&quot;runes&quot;, 3);&#13;&#10;&#9;&#9;player.addCardToDeck(card);&#13;&#10;&#9;&#9;player.drawCard();&#13;&#10;&#9;&#9;player.playCard(card);&#13;&#10;&#9;&#9;assertTrue(player.getRunes() == 3);&#13;&#10;&#9;}&#13;&#10;&#13;&#10;&#9;// We do not want to allow input of null to the setEffect()&#13;&#10;&#13;&#10;&#9;/**&#13;&#10;&#9; * Error checking for setEffect (method of ACard).&#13;&#10;&#9; */&#13;&#10;&#9;@Test&#13;&#10;&#9;public void testSetEffectInput() {&#13;&#10;&#9;&#9;ACard card = ACard.makeCard();&#13;&#10;&#9;&#9;card.setEffect(null, 1);&#13;&#10;&#9;}&#13;&#10;&#13;&#10;&#9;/**&#13;&#10;&#9; * Error checking for playCard (method of ACard).&#13;&#10;&#9; */&#13;&#10;&#9;@Test&#13;&#10;&#9;public void testPlayCardInput() {&#13;&#10;&#9;&#9;Player p = Player.makePlayer();&#13;&#10;&#9;&#9;p.playCard(null);&#13;&#10;&#9;}&#13;&#10;&#13;&#10;&#9;// We do not want to allow input of null to the addCardToDeck()&#13;&#10;&#13;&#10;&#9;/**&#13;&#10;&#9; * Error checking for addCardToDeck (method of Player).&#13;&#10;&#9; */&#13;&#10;&#9;@Test&#13;&#10;&#9;public void testAddCardToDeckInput() {&#13;&#10;&#9;&#9;Player p = Player.makePlayer();&#13;&#10;&#9;&#9;p.addCardToDeck(null);&#13;&#10;&#9;}&#13;&#10;&#13;&#10;&#9;/**&#13;&#10;&#9; * Tests the Board's (class) default constructor. Checks&#13;&#10;&#9; * that the Board is not null.&#13;&#10;&#9; */&#13;&#10;&#9;@Test&#13;&#10;&#9;public void testConstructBoard() {&#13;&#10;&#9;&#9;Board newBored = new Board();&#13;&#10;&#9;&#9;assertFalse(newBored == null);&#13;&#10;&#9;}&#13;&#10;&#13;&#10;&#9;/**&#13;&#10;&#9; * Tests that the Void is properly initialized (starts empty) &#13;&#10;&#9; * when a new Board is made.&#13;&#10;&#9; */&#13;&#10;&#9;@Test&#13;&#10;&#9;public void testIsVoidEmpty() {&#13;&#10;&#9;&#9;Board newBored = new Board();&#13;&#10;&#9;&#9;assertTrue(newBored.getVoid().isEmpty());&#13;&#10;&#9;}&#13;&#10;&#13;&#10;&#9;/**&#13;&#10;&#9; * Tests that the Center Deck is properly initialized (starts &#13;&#10;&#9; * with 100 cards).&#13;&#10;&#9; */&#13;&#10;&#9;@Test&#13;&#10;&#9;public void testIsDeckCreated() {&#13;&#10;&#9;&#9;Board newBored = new Board();&#13;&#10;&#9;&#9;assertFalse(newBored.getCenDeck().isEmpty());&#13;&#10;&#9;&#9;assertEquals(100, newBored.getCenDeck().size());&#13;&#10;&#9;&#9;assertFalse(newBored.getCenDeck().size() == 101);&#13;&#10;&#9;}&#13;&#10;&#13;&#10;&#9;/**&#13;&#10;&#9; * Tests that distinct cards can be made and that the cards&#13;&#10;&#9; * have the correct information.&#13;&#10;&#9; */&#13;&#10;&#9;@Test&#13;&#10;&#9;public void testCompleteCardMaker() {&#13;&#10;&#9;&#9;HashMap&lt;String, Integer&gt; tempMap = new HashMap&lt;String, Integer&gt;();&#13;&#10;&#9;&#9;tempMap.put(&quot;draw&quot;, 1);&#13;&#10;&#9;&#9;&#9;&#13;&#10;&#9;&#9;HeroCard testCard = (HeroCard) ACard.makeCard(&#13;&#10;&#9;&#9;&#9;&#9;null, &quot;Arha Initiate&quot;, &quot;Enlightened&quot;,&#13;&#10;&#9;&#9;&#9;&#9;&quot;Hero&quot;, 1, 1, 3, tempMap);&#13;&#10;&#9;&#9;assertTrue(testCard.getFaction() == &quot;Enlightened&quot;);&#13;&#10;&#9;&#9;assertTrue(testCard.getEffects().containsKey(&quot;draw&quot;));&#13;&#10;&#9;&#9;assertTrue(testCard.getEffects().get(&quot;draw&quot;) == 1);&#13;&#10;&#9;&#9;assertTrue(testCard.getName() == &quot;Arha Initiate&quot;);&#13;&#10;&#9;&#9;assertTrue(testCard.getHonor() == 1);&#13;&#10;&#9;&#9;assertTrue(testCard.getRarity() == 3);&#13;&#10;&#9;}&#13;&#10;&#13;&#10;&#9;/**&#13;&#10;&#9; * Tests that Standard Cards. Checks that the standard cards&#13;&#10;&#9; * are properly initialized when the Board is created.&#13;&#10;&#9; */&#13;&#10;&#9;@Test&#13;&#10;&#9;public void testStandardCards() {&#13;&#10;&#9;&#9;// initialize the game board&#13;&#10;&#9;&#9;Board newBored = new Board();&#13;&#10;&#13;&#10;&#9;&#9;// check that cultist is not null&#13;&#10;&#9;&#9;assertFalse(newBored.getCultist() == null);&#13;&#10;&#13;&#10;&#9;&#9;// check that heavy infantry is not null&#13;&#10;&#9;&#9;assertFalse(newBored.getHeavyInf() == null);&#13;&#10;&#13;&#10;&#9;&#9;// check that mystic is not null&#13;&#10;&#9;&#9;assertFalse(newBored.getMystic() == null);&#13;&#10;&#9;}&#13;&#10;&#13;&#10;&#9;/**&#13;&#10;&#9; * Tests that cards can be added to the player's hand (doesn't&#13;&#10;&#9; * worry about where the cards are coming from).&#13;&#10;&#9; */&#13;&#10;&#9;@Test&#13;&#10;&#9;public void testAddCardToHand() {&#13;&#10;&#9;&#9;// initialize the Player Object&#13;&#10;&#9;&#9;Player newPlayer = Player.makePlayer();&#13;&#10;&#13;&#10;&#9;&#9;// using mock to create a &quot;fake&quot; card&#13;&#10;&#9;&#9;ACard card1 = EasyMock.niceMock(ACard.class);&#13;&#10;&#13;&#10;&#9;&#9;// check that adding null card does not increase the hand size&#13;&#10;&#9;&#9;newPlayer.addCardToHand(null);&#13;&#10;&#9;&#9;assertEquals(5, newPlayer.getHandSize());&#13;&#10;&#13;&#10;&#9;&#9;// adding single card to hand&#13;&#10;&#9;&#9;newPlayer.addCardToHand(card1);&#13;&#10;&#13;&#10;&#9;&#9;// check that the size of the hand is now equal to one&#13;&#10;&#9;&#9;assertEquals(6, newPlayer.getHandSize());&#13;&#10;&#13;&#10;&#9;&#9;// no limit to number of cards in hand, so checking that adding several&#13;&#10;&#9;&#9;// cards in a row works&#13;&#10;&#9;&#9;newPlayer.addCardToHand(card1);&#13;&#10;&#9;&#9;newPlayer.addCardToHand(card1);&#13;&#10;&#9;&#9;newPlayer.addCardToHand(card1);&#13;&#10;&#9;&#9;// check hand size&#13;&#10;&#9;&#9;assertEquals(9, newPlayer.getHandSize());&#13;&#10;&#13;&#10;&#9;}&#13;&#10;&#13;&#10;&#9;/**&#13;&#10;&#9; * Tests that cards can be moved from the Center Deck to the &#13;&#10;&#9; * field.&#13;&#10;&#9; */&#13;&#10;&#9;@Test&#13;&#10;&#9;public void testCenterDeckToField() {&#13;&#10;&#9;&#9;Board newBored = new Board();&#13;&#10;&#13;&#10;&#9;&#9;// cards should be added to the Center Field based on indexes [0-5] (6&#13;&#10;&#9;&#9;// positions)&#13;&#10;&#9;&#9;for (int i = 0; i &lt; 6; i++) {&#13;&#10;&#9;&#9;&#9;newBored.centerDeckToField(i);&#13;&#10;&#9;&#9;&#9;assertEquals(100 - (i + 1), newBored.getCenDeck().size());&#13;&#10;&#9;&#9;}&#13;&#10;&#9;}&#13;&#10;&#13;&#10;&#9;/**&#13;&#10;&#9; * Tests that the player can have power added by calling &#13;&#10;&#9; * the getPower method. Also checks that the player starts&#13;&#10;&#9; * with no power and that the player never has negative power.&#13;&#10;&#9; */&#13;&#10;&#9;@Test&#13;&#10;&#9;public void testGetPlayerPower() {&#13;&#10;&#9;&#9;Player player = Player.makePlayer();&#13;&#10;&#9;&#9;assertEquals(0, player.getPower());&#13;&#10;&#9;&#9;player.addPower(2);&#13;&#10;&#9;&#9;assertEquals(2, player.getPower());&#13;&#10;&#13;&#10;&#9;&#9;// Tests negative inputs.&#13;&#10;&#13;&#10;&#9;&#9;player.addPower(-2);&#13;&#10;&#9;&#9;assertEquals(0, player.getPower());&#13;&#10;&#9;}&#13;&#10;&#13;&#10;&#9;/**&#13;&#10;&#9; * Integration test equivalent of testApplyEffectsRunesMockless().&#13;&#10;&#9; * Tests that applyEffects method (from Player) works for &quot;runes&quot; &#13;&#10;&#9; * through the use of Mocking.&#13;&#10;&#9; */&#13;&#10;&#9;@Test&#13;&#10;&#9;public void testApplyEffectsRunes() {&#13;&#10;&#9;&#9;Player player = Player.makePlayer();&#13;&#10;&#9;&#9;HashMap&lt;String, Integer&gt; map = new HashMap&lt;String, Integer&gt;();&#13;&#10;&#9;&#9;map.put(&quot;runes&quot;, 1);&#13;&#10;&#9;&#9;ACard runeCard = EasyMock.niceMock(HeroCard.class);&#13;&#10;&#9;&#9;EasyMock.expect(runeCard.getEffects()).andReturn(map);&#13;&#10;&#9;&#9;EasyMock.replay(runeCard);&#13;&#10;&#13;&#10;&#9;&#9;assertEquals(0, player.getRunes());&#13;&#10;&#9;&#9;player.applyEffects(runeCard);&#13;&#10;&#9;&#9;assertEquals(1, player.getRunes());&#13;&#10;&#9;&#9;EasyMock.verify(runeCard);&#13;&#10;&#9;}&#13;&#10;&#13;&#10;&#9;/**&#13;&#10;&#9; * Tests that applying the effect of a card leads to the &#13;&#10;&#9; * effect taking place (only tested with &quot;runes&quot; effect).&#13;&#10;&#9; */&#13;&#10;&#9;@Test&#13;&#10;&#9;public void testApplyEffectsRunesMockless() {&#13;&#10;&#9;&#9;Player player = Player.makePlayer();&#13;&#10;&#9;&#9;HashMap&lt;String, Integer&gt; map = new HashMap&lt;String, Integer&gt;();&#13;&#10;&#9;&#9;map.put(&quot;runes&quot;, 1);&#13;&#10;&#9;&#9;ACard runeCard = ACard.makeCard(null, &quot;&quot;, &quot;&quot;, &quot;Hero&quot;, 0, 0, 0, map);&#13;&#10;&#9;&#9;assertEquals(0, player.getRunes());&#13;&#10;&#9;&#9;player.applyEffects(runeCard);&#13;&#10;&#9;&#9;assertEquals(1, player.getRunes());&#13;&#10;&#9;}&#13;&#10;&#13;&#10;&#9;/**&#13;&#10;&#9; * Integration test equivalent of testApplyEffectsRunesMockless().&#13;&#10;&#9; * Tests that applyEffects method (from Player) works for &quot;power&quot; &#13;&#10;&#9; * through the use of Mocking.&#13;&#10;&#9; */&#13;&#10;&#9;@Test&#13;&#10;&#9;public void testApplyEffectsPower() {&#13;&#10;&#9;&#9;Player player = Player.makePlayer();&#13;&#10;&#9;&#9;HashMap&lt;String, Integer&gt; map = new HashMap&lt;String, Integer&gt;();&#13;&#10;&#9;&#9;map.put(&quot;power&quot;, 1);&#13;&#10;&#9;&#9;ACard powerCard = EasyMock.niceMock(HeroCard.class);&#13;&#10;&#9;&#9;EasyMock.expect(powerCard.getEffects()).andReturn(map);&#13;&#10;&#9;&#9;EasyMock.replay(powerCard);&#13;&#10;&#13;&#10;&#9;&#9;assertEquals(0, player.getPower());&#13;&#10;&#9;&#9;player.applyEffects(powerCard);&#13;&#10;&#9;&#9;assertEquals(1, player.getPower());&#13;&#10;&#9;&#9;EasyMock.verify(powerCard);&#13;&#10;&#9;}&#13;&#10;&#13;&#10;&#9;/**&#13;&#10;&#9; * Tests that applying the effect of a card leads to the &#13;&#10;&#9; * effect taking place (only tested with &quot;power&quot; effect).&#13;&#10;&#9; */&#13;&#10;&#9;@Test&#13;&#10;&#9;public void testApplyEffectsPowerMockless() {&#13;&#10;&#9;&#9;Player player = Player.makePlayer();&#13;&#10;&#9;&#9;HashMap&lt;String, Integer&gt; map = new HashMap&lt;String, Integer&gt;();&#13;&#10;&#9;&#9;map.put(&quot;power&quot;, 1);&#13;&#10;&#9;&#9;ACard powerCard = ACard.makeCard(null, &quot;&quot;, &quot;&quot;, &quot;Hero&quot;, 0, 0, 0, map);&#13;&#10;&#9;&#9;assertEquals(0, player.getPower());&#13;&#10;&#9;&#9;player.applyEffects(powerCard);&#13;&#10;&#9;&#9;assertEquals(1, player.getPower());&#13;&#10;&#9;}&#13;&#10;&#13;&#10;&#9;/**&#13;&#10;&#9; * Integration test equivalent of testApplyEffectsRunesMockless().&#13;&#10;&#9; * Tests that applyEffects method (from Player) works for &quot;draw&quot; &#13;&#10;&#9; * through the use of Mocking.&#13;&#10;&#9; */&#13;&#10;&#9;@Test&#13;&#10;&#9;public void testApplyEffectsDraw() {&#13;&#10;&#9;&#9;Player player = Player.makePlayer();&#13;&#10;&#9;&#9;HashMap&lt;String, Integer&gt; map = new HashMap&lt;String, Integer&gt;();&#13;&#10;&#9;&#9;map.put(&quot;draw&quot;, 1);&#13;&#10;&#13;&#10;&#9;&#9;ACard drawCard = EasyMock.niceMock(HeroCard.class);&#13;&#10;&#9;&#9;EasyMock.expect(drawCard.getEffects()).andReturn(map);&#13;&#10;&#9;&#9;EasyMock.replay(drawCard);&#13;&#10;&#13;&#10;&#9;&#9;assertEquals(5, player.getHandSize());&#13;&#10;&#9;&#9;assertEquals(5, player.getDeckSize());&#13;&#10;&#9;&#9;player.applyEffects(drawCard);&#13;&#10;&#9;&#9;assertEquals(6, player.getHandSize());&#13;&#10;&#9;&#9;assertEquals(4, player.getDeckSize());&#13;&#10;&#9;&#9;EasyMock.verify(drawCard);&#13;&#10;&#9;}&#13;&#10;&#13;&#10;&#9;/**&#13;&#10;&#9; * Tests that applying the effect of a card leads to the &#13;&#10;&#9; * effect taking place (only tested with &quot;draw&quot; effect).&#13;&#10;&#9; */&#13;&#10;&#9;@Test&#13;&#10;&#9;public void testApplyEffectsDrawMockless() {&#13;&#10;&#9;&#9;Player player = Player.makePlayer();&#13;&#10;&#9;&#9;HashMap&lt;String, Integer&gt; map = new HashMap&lt;String, Integer&gt;();&#13;&#10;&#9;&#9;map.put(&quot;draw&quot;, 1);&#13;&#10;&#9;&#9;ACard drawCard = ACard.makeCard(null, &quot;&quot;, &quot;&quot;, &quot;Hero&quot;, 0, 0, 0, map);&#13;&#10;&#9;&#9;assertEquals(5, player.getHandSize());&#13;&#10;&#9;&#9;assertEquals(5, player.getDeckSize());&#13;&#10;&#9;&#9;player.applyEffects(drawCard);&#13;&#10;&#9;&#9;assertEquals(6, player.getHandSize());&#13;&#10;&#9;&#9;assertEquals(4, player.getDeckSize());&#13;&#10;&#9;}&#13;&#10;&#13;&#10;&#9;/**&#13;&#10;&#9; * Tests the addHonor method (of Player). Checks that the&#13;&#10;&#9; * player can have honor added to his/her honor pile and that&#13;&#10;&#9; * the player starts out with no honor.&#13;&#10;&#9; */&#13;&#10;&#9;@Test&#13;&#10;&#9;public void testGetAddHonor() {&#13;&#10;&#9;&#9;Player player = Player.makePlayer();&#13;&#10;&#9;&#9;assertEquals(0, player.getHonor());&#13;&#10;&#9;&#9;player.addHonor(5);&#13;&#10;&#9;&#9;assertEquals(5, player.getHonor());&#13;&#10;&#9;}&#13;&#10;&#13;&#10;&#9;/**&#13;&#10;&#9; * Integration test equivalent of testApplyEffectsRunesMockless().&#13;&#10;&#9; * Tests that applyEffects method (from Player) works for &quot;honor&quot; &#13;&#10;&#9; * through the use of Mocking.&#13;&#10;&#9; */&#13;&#10;&#9;@Test&#13;&#10;&#9;public void testApplyEffectsHonor() {&#13;&#10;&#9;&#9;Player player = Player.makePlayer();&#13;&#10;&#9;&#9;HashMap&lt;String, Integer&gt; map = new HashMap&lt;String, Integer&gt;();&#13;&#10;&#9;&#9;map.put(&quot;honor&quot;, 5);&#13;&#10;&#9;&#9;ACard honorCard = EasyMock.niceMock(HeroCard.class);&#13;&#10;&#9;&#9;EasyMock.expect(honorCard.getEffects()).andReturn(map);&#13;&#10;&#9;&#9;EasyMock.replay(honorCard);&#13;&#10;&#13;&#10;&#9;&#9;assertEquals(0, player.getHonor());&#13;&#10;&#9;&#9;player.applyEffects(honorCard);&#13;&#10;&#9;&#9;assertEquals(5, player.getHonor());&#13;&#10;&#9;&#9;EasyMock.verify(honorCard);&#13;&#10;&#9;}&#13;&#10;&#13;&#10;&#9;/**&#13;&#10;&#9; * Tests that applying the effect of a card leads to the &#13;&#10;&#9; * effect taking place (only tested with &quot;honor&quot; effect).&#13;&#10;&#9; */&#13;&#10;&#9;@Test&#13;&#10;&#9;public void testApplyEffectsHonorMockless() {&#13;&#10;&#9;&#9;Player player = Player.makePlayer();&#13;&#10;&#9;&#9;HashMap&lt;String, Integer&gt; map = new HashMap&lt;String, Integer&gt;();&#13;&#10;&#9;&#9;map.put(&quot;honor&quot;, 5);&#13;&#10;&#9;&#9;ACard honorCard = ACard.makeCard(null, &quot;&quot;, &quot;&quot;, &quot;Hero&quot;, 0, 0, 0, map);&#13;&#10;&#9;&#9;assertEquals(0, player.getHonor());&#13;&#10;&#9;&#9;player.applyEffects(honorCard);&#13;&#10;&#9;&#9;assertEquals(5, player.getHonor());&#13;&#10;&#9;}&#13;&#10;&#13;&#10;&#9;/**&#13;&#10;&#9; * Integration test equivalent of testApplyEffectsAllBasicMockless().&#13;&#10;&#9; * Tests that when a card has more than one effect, all of the &#13;&#10;&#9; * effects are applied properly.&#13;&#10;&#9; */&#13;&#10;&#9;@Test&#13;&#10;&#9;public void testApplyEffectsAllBasic() {&#13;&#10;&#9;&#9;Player player = Player.makePlayer();&#13;&#10;&#9;&#9;HashMap&lt;String, Integer&gt; map = new HashMap&lt;String, Integer&gt;();&#13;&#10;&#9;&#9;map.put(&quot;honor&quot;, 5);&#13;&#10;&#9;&#9;map.put(&quot;runes&quot;, 3);&#13;&#10;&#9;&#9;map.put(&quot;draw&quot;, 2);&#13;&#10;&#9;&#9;map.put(&quot;power&quot;, 4);&#13;&#10;&#9;&#9;ACard allCard = EasyMock.niceMock(HeroCard.class);&#13;&#10;&#9;&#9;EasyMock.expect(allCard.getEffects()).andReturn(map);&#13;&#10;&#9;&#9;EasyMock.replay(allCard);&#13;&#10;&#13;&#10;&#9;&#9;assertEquals(0, player.getHonor());&#13;&#10;&#9;&#9;assertEquals(0, player.getPower());&#13;&#10;&#9;&#9;assertEquals(0, player.getRunes());&#13;&#10;&#9;&#9;assertEquals(5, player.getHandSize());&#13;&#10;&#9;&#9;assertEquals(5, player.getDeckSize());&#13;&#10;&#13;&#10;&#9;&#9;player.applyEffects(allCard);&#13;&#10;&#9;&#9;assertEquals(5, player.getHonor());&#13;&#10;&#9;&#9;assertEquals(4, player.getPower());&#13;&#10;&#9;&#9;assertEquals(3, player.getRunes());&#13;&#10;&#9;&#9;assertEquals(3, player.getDeckSize());&#13;&#10;&#9;&#9;assertEquals(7, player.getHandSize());&#13;&#10;&#9;&#9;EasyMock.verify(allCard);&#13;&#10;&#9;}&#13;&#10;&#13;&#10;&#9;/**&#13;&#10;&#9; * Tests (for all of the basic effects) that a card can have&#13;&#10;&#9; * more than one effect and that when the card's effect(s) &#13;&#10;&#9; * are applied, they produce the correct results.&#13;&#10;&#9; */&#13;&#10;&#9;@Test&#13;&#10;&#9;public void testApplyEffectsAllBasicMockless() {&#13;&#10;&#9;&#9;Player player = Player.makePlayer();&#13;&#10;&#9;&#9;HashMap&lt;String, Integer&gt; map = new HashMap&lt;String, Integer&gt;();&#13;&#10;&#9;&#9;map.put(&quot;honor&quot;, 5);&#13;&#10;&#9;&#9;map.put(&quot;runes&quot;, 3);&#13;&#10;&#9;&#9;map.put(&quot;draw&quot;, 2);&#13;&#10;&#9;&#9;map.put(&quot;power&quot;, 4);&#13;&#10;&#9;&#9;ACard allCard = ACard.makeCard(null, &quot;&quot;, &quot;&quot;, &quot;Hero&quot;, 0, 0, 0, map);&#13;&#10;&#9;&#9;assertEquals(0, player.getHonor());&#13;&#10;&#9;&#9;assertEquals(0, player.getPower());&#13;&#10;&#9;&#9;assertEquals(0, player.getRunes());&#13;&#10;&#9;&#9;assertEquals(5, player.getHandSize());&#13;&#10;&#9;&#9;assertEquals(5, player.getDeckSize());&#13;&#10;&#9;&#9;player.applyEffects(allCard);&#13;&#10;&#9;&#9;assertEquals(5, player.getHonor());&#13;&#10;&#9;&#9;assertEquals(4, player.getPower());&#13;&#10;&#9;&#9;assertEquals(3, player.getRunes());&#13;&#10;&#9;&#9;assertEquals(3, player.getDeckSize());&#13;&#10;&#9;&#9;assertEquals(7, player.getHandSize());&#13;&#10;&#9;}&#13;&#10;&#13;&#10;&#9;/**&#13;&#10;&#9; * Tests that the proper effects take place when a card &#13;&#10;&#9; * is played. Uses real cards (i.e. &quot;Apprentice&quot;).&#13;&#10;&#9; */&#13;&#10;&#9;@Test&#13;&#10;&#9;public void testPlayingRealCardsWithRealEffects() {&#13;&#10;&#9;&#9;// initialise player&#13;&#10;&#9;&#9;Player player = Player.makePlayer();&#13;&#10;&#9;&#9;System.out.println(player.getHand().get(0).name);&#13;&#10;&#9;&#9;// check that player has 5 cards&#13;&#10;&#9;&#9;assertEquals(5, player.getHandSize());&#13;&#10;&#9;&#9;// keep track of runes and power&#13;&#10;&#9;&#9;int runesExpected = 0;&#13;&#10;&#9;&#9;int powerExpected = 0;&#13;&#10;&#9;&#9;for (int i = 0; i &lt; 5; i++) {&#13;&#10;&#9;&#9;&#9;// get the first card in hand&#13;&#10;&#9;&#9;&#9;ACard card = player.getHand().get(0);&#13;&#10;&#9;&#9;&#9;// do stuff based on the name of the card&#13;&#10;&#9;&#9;&#9;if (card.getName().equals(&quot;Apprentice&quot;)) {&#13;&#10;&#9;&#9;&#9;&#9;runesExpected++;&#13;&#10;&#9;&#9;&#9;&#9;player.playCard(card);&#13;&#10;&#9;&#9;&#9;&#9;assertEquals(runesExpected, player.getRunes());&#13;&#10;&#9;&#9;&#9;} else if (card.getName().equals(&quot;Militia&quot;)) {&#13;&#10;&#9;&#9;&#9;&#9;powerExpected++;&#13;&#10;&#9;&#9;&#9;&#9;player.playCard(card);&#13;&#10;&#9;&#9;&#9;&#9;assertEquals(powerExpected, player.getPower());&#13;&#10;&#9;&#9;&#9;} else {&#13;&#10;&#9;&#9;&#9;&#9;fail();&#13;&#10;&#9;&#9;&#9;}&#13;&#10;&#9;&#9;&#9;assertEquals(4 - i, player.getHandSize());&#13;&#10;&#9;&#9;}&#13;&#10;&#9;}&#13;&#10;&#13;&#10;&#9;/**&#13;&#10;&#9; * Tests that when a player tries to draw from their &#13;&#10;&#9; * deck when it is empty, the player's discard pile is&#13;&#10;&#9; * shuffled and becomes the new deck. Also makes sure &#13;&#10;&#9; * that the size of the deck never becomes negative.&#13;&#10;&#9; */&#13;&#10;&#9;@Test&#13;&#10;&#9;public void testDrawingCardsWithZeroCardsInDeck() {&#13;&#10;&#9;&#9;Player player = Player.makePlayer();&#13;&#10;&#9;&#9;player.drawCard(5);&#13;&#10;&#9;&#9;assertTrue(player.getDeck().isEmpty());&#13;&#10;&#9;&#9;assertEquals(10, player.getHandSize());&#13;&#10;&#9;&#9;for (int i = 0; i &lt; 7; i++) {&#13;&#10;&#9;&#9;&#9;player.playCard(player.getHand().get(0));&#13;&#10;&#9;&#9;}&#13;&#10;&#9;&#9;assertEquals(7, player.getDiscardSize());&#13;&#10;&#9;&#9;assertEquals(3, player.getHandSize());&#13;&#10;&#9;&#9;player.drawCard();&#13;&#10;&#9;&#9;assertEquals(0, player.getDiscardSize());&#13;&#10;&#9;&#9;assertEquals(6, player.getDeckSize());&#13;&#10;&#9;&#9;assertEquals(4, player.getHandSize());&#13;&#10;&#9;}&#13;&#10;&#9;&#13;&#10;&#9;/**&#13;&#10;&#9; * Tests that the Center Field properly initializes when&#13;&#10;&#9; * a Board is made.&#13;&#10;&#9; */&#13;&#10;&#9;@Test&#13;&#10;&#9;public void testGetCen() {&#13;&#10;&#9;&#9;Board board = new Board();&#13;&#10;&#9;&#9;assertFalse(board.getCenField() == null);&#13;&#10;&#9;}&#13;&#10;&#9;&#13;&#10;&#9;&#13;&#10;&#9;/**&#13;&#10;&#9; * Tests monster class&#13;&#10;&#9; */&#13;&#10;&#9;@Test&#13;&#10;&#9;public void testMonster(){&#13;&#10;&#9;&#9;HashMap&lt;String, Integer&gt; map = new HashMap&lt;String, Integer&gt;();&#13;&#10;&#9;&#9;map.put(&quot;draw&quot;, 1);&#13;&#10;&#9;&#9;ACard m = ACard.makeCard(null, &quot;Name&quot;, null, &quot;Monster&quot;, 4, 3, 2, map);&#13;&#10;&#9;&#9;assertEquals(4, m.getStrength());&#9;&#13;&#10;&#9;}&#13;&#10;&#9;&#13;&#10;&#9;/**&#13;&#10;&#9; * &#9;&#9;&#13;&#10;&#9; * Tests the sendToVoid function in Board class&#13;&#10;&#9; *&#13;&#10;&#9; */&#13;&#10;&#9;@Test&#13;&#10;&#9;public void testSendToVoid(){&#13;&#10;&#9;&#9;Board b = new Board();&#13;&#10;&#9;&#9;ACard card = ACard.makeCard();&#13;&#10;&#9;&#9;assertTrue(b.getVoid().size()==0);&#13;&#10;&#9;&#9;b.sendToVoid(card);&#13;&#10;&#9;&#9;assertTrue(b.getVoid().size()==1);&#13;&#10;&#9;&#9;&#13;&#10;&#9;}&#13;&#10;&#9;&#13;&#10;&#9;/**&#13;&#10;&#9; * &#13;&#10;&#9; * Tests attackCard in Player class&#13;&#10;&#9; *&#13;&#10;&#9; */&#13;&#10;&#9;@SuppressWarnings(&quot;boxing&quot;)&#13;&#10;&#9;@Test&#13;&#10;&#9;public void testAttackCard(){&#13;&#10;&#9;&#9;Player p = Player.makePlayer();&#13;&#10;&#9;&#9;Board mockBoard = EasyMock.niceMock(Board.class);&#13;&#10;&#9;&#9;ACard mockCard = EasyMock.niceMock(ACard.class);&#13;&#10;&#9;&#9;EasyMock.expect(mockCard.getStrength()).andReturn(5);&#13;&#10;&#9;&#9;mockBoard.sendToVoid(mockCard);&#13;&#10;&#9;&#9;EasyMock.replay(mockCard, mockBoard);&#13;&#10;&#9;&#9;p.addPower(5);&#13;&#10;&#9;&#9;p.attackCard(mockCard, mockBoard);&#13;&#10;&#9;&#9;EasyMock.verify(mockCard,mockBoard);&#13;&#10;&#9;}&#13;&#10;&#9;&#13;&#10;&#9;/**&#13;&#10;&#9; * &#13;&#10;&#9; * Tests ending turn with an empty hand&#13;&#10;&#9; *&#13;&#10;&#9; */&#13;&#10;&#9;@Test&#13;&#10;&#9;public void testEndTurnWithEmptyHand(){&#13;&#10;&#9;&#9;Player p = Player.makePlayer();&#13;&#10;&#9;&#9;p.endTurn();&#13;&#10;&#9;&#9;assertEquals(0, p.getRunes());&#13;&#10;&#9;&#9;assertEquals(0, p.getHonor());&#13;&#10;&#9;&#9;assertEquals(0, p.getPower());&#13;&#10;&#9;&#9;assertEquals(5, p.getHandSize());&#13;&#10;&#9;&#13;&#10;&#9;}&#13;&#10;}&#13;&#10;" Filename="Tests.java" Intrnl_Id="15"/>
</SrcFileList>
<CritList>
<CritListEntry Name="org.codecover.model.utils.criteria.LoopCoverage" PluginName="org.codecover"/>
<CritListEntry Name="org.codecover.model.utils.criteria.QMOCoverage" PluginName="org.codecover"/>
<CritListEntry Name="org.codecover.model.utils.criteria.ConditionCoverage" PluginName="org.codecover"/>
<CritListEntry Name="org.codecover.model.utils.criteria.BranchCoverage" PluginName="org.codecover"/>
<CritListEntry Name="org.codecover.model.utils.criteria.SynchronizedStatementCoverage" PluginName="org.codecover"/>
<CritListEntry Name="org.codecover.model.utils.criteria.StatementCoverage" PluginName="org.codecover"/>
</CritList>
<BoolOpList>
<BoolOp Arity="2" Intrnl_Id="16" Name="conditional and (&amp;&amp;)">
<BoolAssgnmntBoolMapList>
<MapEntry BoolAssgnmnt="02" Value="false"/>
<MapEntry BoolAssgnmnt="10" Value="false"/>
<MapEntry BoolAssgnmnt="11" Value="true"/>
</BoolAssgnmntBoolMapList>
</BoolOp>
<BoolOp Arity="1" Intrnl_Id="17" Name="not (!)">
<BoolAssgnmntBoolMapList>
<MapEntry BoolAssgnmnt="1" Value="false"/>
<MapEntry BoolAssgnmnt="0" Value="true"/>
</BoolAssgnmntBoolMapList>
</BoolOp>
</BoolOpList>
<HierarchyLvlTypeList>
<HierarchyLvlType EnglishName="package" IntrnlName="package" Intrnl_Id="18"/>
<HierarchyLvlType EnglishName="interface" IntrnlName="interface" Intrnl_Id="19"/>
<HierarchyLvlType EnglishName="method" IntrnlName="method" Intrnl_Id="20"/>
<HierarchyLvlType EnglishName="class" IntrnlName="class" Intrnl_Id="21"/>
<HierarchyLvlType EnglishName="default package" IntrnlName="default package" Intrnl_Id="22"/>
</HierarchyLvlTypeList>
<MASTRoot>
<HierarchyLvl HierarchyLvlId="349" HierarchyLvlTypeId="22" Intrnl_Id="23" Name="default package">
<Header/>
<LocList/>
<HierarchyLvl HierarchyLvlId="348" HierarchyLvlTypeId="18" Intrnl_Id="24" Name="devops">
<Header/>
<LocList/>
<HierarchyLvl HierarchyLvlId="347" HierarchyLvlTypeId="18" Intrnl_Id="25" Name="hw1">
<Header/>
<LocList/>
<HierarchyLvl HierarchyLvlId="346" HierarchyLvlTypeId="18" Intrnl_Id="26" Name="core">
<Header/>
<LocList/>
<HierarchyLvl HierarchyLvlId="198" HierarchyLvlTypeId="21" Intrnl_Id="27" Name="ACard">
<Header>
<Loc EndOffset="173" SrcFileId="1" StartOffset="146"/>
</Header>
<LocList>
<Loc EndOffset="3335" SrcFileId="1" StartOffset="146"/>
</LocList>
<StmntSeq Intrnl_Id="28">
<LocList>
<Loc EndOffset="278" SrcFileId="1" StartOffset="202"/>
</LocList>
<BasicStmnt CovItemId="S1" CovItemPrefix="devops.hw1.core.ACard.java" Intrnl_Id="29">
<LocList>
<Loc EndOffset="278" SrcFileId="1" StartOffset="202"/>
</LocList>
</BasicStmnt>
</StmntSeq>
<HierarchyLvl HierarchyLvlId="179" HierarchyLvlTypeId="20" Intrnl_Id="30" Name="makeCard">
<Header>
<Loc EndOffset="547" SrcFileId="1" StartOffset="517"/>
</Header>
<LocList>
<Loc EndOffset="579" SrcFileId="1" StartOffset="517"/>
</LocList>
<StmntSeq Intrnl_Id="31">
<LocList>
<Loc EndOffset="575" SrcFileId="1" StartOffset="553"/>
</LocList>
<BasicStmnt CovItemId="S2" CovItemPrefix="devops.hw1.core.ACard.java" Intrnl_Id="32">
<LocList>
<Loc EndOffset="575" SrcFileId="1" StartOffset="553"/>
</LocList>
</BasicStmnt>
</StmntSeq>
</HierarchyLvl>
<HierarchyLvl HierarchyLvlId="180" HierarchyLvlTypeId="20" Intrnl_Id="33" Name="makeCard">
<Header>
<Loc EndOffset="749" SrcFileId="1" StartOffset="714"/>
</Header>
<LocList>
<Loc EndOffset="782" SrcFileId="1" StartOffset="714"/>
</LocList>
<StmntSeq Intrnl_Id="34">
<LocList>
<Loc EndOffset="778" SrcFileId="1" StartOffset="755"/>
</LocList>
<BasicStmnt CovItemId="S3" CovItemPrefix="devops.hw1.core.ACard.java" Intrnl_Id="35">
<LocList>
<Loc EndOffset="778" SrcFileId="1" StartOffset="755"/>
</LocList>
</BasicStmnt>
</StmntSeq>
</HierarchyLvl>
<HierarchyLvl HierarchyLvlId="181" HierarchyLvlTypeId="20" Intrnl_Id="36" Name="makeCard">
<Header>
<Loc EndOffset="1180" SrcFileId="1" StartOffset="1014"/>
</Header>
<LocList>
<Loc EndOffset="1331" SrcFileId="1" StartOffset="1014"/>
</LocList>
<StmntSeq Intrnl_Id="37">
<LocList>
<Loc EndOffset="1327" SrcFileId="1" StartOffset="1255"/>
</LocList>
<BasicStmnt CovItemId="S4" CovItemPrefix="devops.hw1.core.ACard.java" Intrnl_Id="38">
<LocList>
<Loc EndOffset="1327" SrcFileId="1" StartOffset="1255"/>
</LocList>
</BasicStmnt>
</StmntSeq>
</HierarchyLvl>
<HierarchyLvl HierarchyLvlId="182" HierarchyLvlTypeId="20" Intrnl_Id="39" Name="getFaction">
<Header>
<Loc EndOffset="1399" SrcFileId="1" StartOffset="1373"/>
</Header>
<LocList>
<Loc EndOffset="1424" SrcFileId="1" StartOffset="1373"/>
</LocList>
<StmntSeq Intrnl_Id="40">
<LocList>
<Loc EndOffset="1420" SrcFileId="1" StartOffset="1405"/>
</LocList>
<BasicStmnt CovItemId="S5" CovItemPrefix="devops.hw1.core.ACard.java" Intrnl_Id="41">
<LocList>
<Loc EndOffset="1420" SrcFileId="1" StartOffset="1405"/>
</LocList>
</BasicStmnt>
</StmntSeq>
</HierarchyLvl>
<HierarchyLvl HierarchyLvlId="183" HierarchyLvlTypeId="20" Intrnl_Id="42" Name="setFaction">
<Header>
<Loc EndOffset="1534" SrcFileId="1" StartOffset="1496"/>
</Header>
<LocList>
<Loc EndOffset="1567" SrcFileId="1" StartOffset="1496"/>
</LocList>
<StmntSeq Intrnl_Id="43">
<LocList>
<Loc EndOffset="1563" SrcFileId="1" StartOffset="1540"/>
</LocList>
<BasicStmnt CovItemId="S6" CovItemPrefix="devops.hw1.core.ACard.java" Intrnl_Id="44">
<LocList>
<Loc EndOffset="1563" SrcFileId="1" StartOffset="1540"/>
</LocList>
</BasicStmnt>
</StmntSeq>
</HierarchyLvl>
<HierarchyLvl HierarchyLvlId="184" HierarchyLvlTypeId="20" Intrnl_Id="45" Name="getName">
<Header>
<Loc EndOffset="1629" SrcFileId="1" StartOffset="1606"/>
</Header>
<LocList>
<Loc EndOffset="1651" SrcFileId="1" StartOffset="1606"/>
</LocList>
<StmntSeq Intrnl_Id="46">
<LocList>
<Loc EndOffset="1647" SrcFileId="1" StartOffset="1635"/>
</LocList>
<BasicStmnt CovItemId="S7" CovItemPrefix="devops.hw1.core.ACard.java" Intrnl_Id="47">
<LocList>
<Loc EndOffset="1647" SrcFileId="1" StartOffset="1635"/>
</LocList>
</BasicStmnt>
</StmntSeq>
</HierarchyLvl>
<HierarchyLvl HierarchyLvlId="185" HierarchyLvlTypeId="20" Intrnl_Id="48" Name="setName">
<Header>
<Loc EndOffset="1749" SrcFileId="1" StartOffset="1717"/>
</Header>
<LocList>
<Loc EndOffset="1776" SrcFileId="1" StartOffset="1717"/>
</LocList>
<StmntSeq Intrnl_Id="49">
<LocList>
<Loc EndOffset="1772" SrcFileId="1" StartOffset="1755"/>
</LocList>
<BasicStmnt CovItemId="S8" CovItemPrefix="devops.hw1.core.ACard.java" Intrnl_Id="50">
<LocList>
<Loc EndOffset="1772" SrcFileId="1" StartOffset="1755"/>
</LocList>
</BasicStmnt>
</StmntSeq>
</HierarchyLvl>
<HierarchyLvl HierarchyLvlId="186" HierarchyLvlTypeId="20" Intrnl_Id="51" Name="getHonor">
<Header>
<Loc EndOffset="1837" SrcFileId="1" StartOffset="1816"/>
</Header>
<LocList>
<Loc EndOffset="1860" SrcFileId="1" StartOffset="1816"/>
</LocList>
<StmntSeq Intrnl_Id="52">
<LocList>
<Loc EndOffset="1856" SrcFileId="1" StartOffset="1843"/>
</LocList>
<BasicStmnt CovItemId="S9" CovItemPrefix="devops.hw1.core.ACard.java" Intrnl_Id="53">
<LocList>
<Loc EndOffset="1856" SrcFileId="1" StartOffset="1843"/>
</LocList>
</BasicStmnt>
</StmntSeq>
</HierarchyLvl>
<HierarchyLvl HierarchyLvlId="187" HierarchyLvlTypeId="20" Intrnl_Id="54" Name="setHonor">
<Header>
<Loc EndOffset="1959" SrcFileId="1" StartOffset="1928"/>
</Header>
<LocList>
<Loc EndOffset="1988" SrcFileId="1" StartOffset="1928"/>
</LocList>
<StmntSeq Intrnl_Id="55">
<LocList>
<Loc EndOffset="1984" SrcFileId="1" StartOffset="1965"/>
</LocList>
<BasicStmnt CovItemId="S10" CovItemPrefix="devops.hw1.core.ACard.java" Intrnl_Id="56">
<LocList>
<Loc EndOffset="1984" SrcFileId="1" StartOffset="1965"/>
</LocList>
</BasicStmnt>
</StmntSeq>
</HierarchyLvl>
<HierarchyLvl HierarchyLvlId="188" HierarchyLvlTypeId="20" Intrnl_Id="57" Name="getRarity">
<Header>
<Loc EndOffset="2051" SrcFileId="1" StartOffset="2029"/>
</Header>
<LocList>
<Loc EndOffset="2075" SrcFileId="1" StartOffset="2029"/>
</LocList>
<StmntSeq Intrnl_Id="58">
<LocList>
<Loc EndOffset="2071" SrcFileId="1" StartOffset="2057"/>
</LocList>
<BasicStmnt CovItemId="S11" CovItemPrefix="devops.hw1.core.ACard.java" Intrnl_Id="59">
<LocList>
<Loc EndOffset="2071" SrcFileId="1" StartOffset="2057"/>
</LocList>
</BasicStmnt>
</StmntSeq>
</HierarchyLvl>
<HierarchyLvl HierarchyLvlId="189" HierarchyLvlTypeId="20" Intrnl_Id="60" Name="setRarity">
<Header>
<Loc EndOffset="2178" SrcFileId="1" StartOffset="2145"/>
</Header>
<LocList>
<Loc EndOffset="2209" SrcFileId="1" StartOffset="2145"/>
</LocList>
<StmntSeq Intrnl_Id="61">
<LocList>
<Loc EndOffset="2205" SrcFileId="1" StartOffset="2184"/>
</LocList>
<BasicStmnt CovItemId="S12" CovItemPrefix="devops.hw1.core.ACard.java" Intrnl_Id="62">
<LocList>
<Loc EndOffset="2205" SrcFileId="1" StartOffset="2184"/>
</LocList>
</BasicStmnt>
</StmntSeq>
</HierarchyLvl>
<HierarchyLvl HierarchyLvlId="190" HierarchyLvlTypeId="20" Intrnl_Id="63" Name="getImage">
<Header>
<Loc EndOffset="2280" SrcFileId="1" StartOffset="2249"/>
</Header>
<LocList>
<Loc EndOffset="2303" SrcFileId="1" StartOffset="2249"/>
</LocList>
<StmntSeq Intrnl_Id="64">
<LocList>
<Loc EndOffset="2299" SrcFileId="1" StartOffset="2286"/>
</LocList>
<BasicStmnt CovItemId="S13" CovItemPrefix="devops.hw1.core.ACard.java" Intrnl_Id="65">
<LocList>
<Loc EndOffset="2299" SrcFileId="1" StartOffset="2286"/>
</LocList>
</BasicStmnt>
</StmntSeq>
</HierarchyLvl>
<HierarchyLvl HierarchyLvlId="191" HierarchyLvlTypeId="20" Intrnl_Id="66" Name="setImage">
<Header>
<Loc EndOffset="2412" SrcFileId="1" StartOffset="2371"/>
</Header>
<LocList>
<Loc EndOffset="2441" SrcFileId="1" StartOffset="2371"/>
</LocList>
<StmntSeq Intrnl_Id="67">
<LocList>
<Loc EndOffset="2437" SrcFileId="1" StartOffset="2418"/>
</LocList>
<BasicStmnt CovItemId="S14" CovItemPrefix="devops.hw1.core.ACard.java" Intrnl_Id="68">
<LocList>
<Loc EndOffset="2437" SrcFileId="1" StartOffset="2418"/>
</LocList>
</BasicStmnt>
</StmntSeq>
</HierarchyLvl>
<HierarchyLvl HierarchyLvlId="192" HierarchyLvlTypeId="20" Intrnl_Id="69" Name="setEffects">
<Header>
<Loc EndOffset="2569" SrcFileId="1" StartOffset="2513"/>
</Header>
<LocList>
<Loc EndOffset="2602" SrcFileId="1" StartOffset="2513"/>
</LocList>
<StmntSeq Intrnl_Id="70">
<LocList>
<Loc EndOffset="2598" SrcFileId="1" StartOffset="2575"/>
</LocList>
<BasicStmnt CovItemId="S15" CovItemPrefix="devops.hw1.core.ACard.java" Intrnl_Id="71">
<LocList>
<Loc EndOffset="2598" SrcFileId="1" StartOffset="2575"/>
</LocList>
</BasicStmnt>
</StmntSeq>
</HierarchyLvl>
<HierarchyLvl HierarchyLvlId="193" HierarchyLvlTypeId="20" Intrnl_Id="72" Name="getCost">
<Header>
<Loc EndOffset="2694" SrcFileId="1" StartOffset="2674"/>
</Header>
<LocList>
<Loc EndOffset="2721" SrcFileId="1" StartOffset="2674"/>
</LocList>
<StmntSeq Intrnl_Id="73">
<LocList>
<Loc EndOffset="2717" SrcFileId="1" StartOffset="2700"/>
</LocList>
<BasicStmnt CovItemId="S16" CovItemPrefix="devops.hw1.core.ACard.java" Intrnl_Id="74">
<LocList>
<Loc EndOffset="2717" SrcFileId="1" StartOffset="2700"/>
</LocList>
</BasicStmnt>
</StmntSeq>
</HierarchyLvl>
<HierarchyLvl HierarchyLvlId="194" HierarchyLvlTypeId="20" Intrnl_Id="75" Name="setCost">
<Header>
<Loc EndOffset="2815" SrcFileId="1" StartOffset="2789"/>
</Header>
<LocList>
<Loc EndOffset="2839" SrcFileId="1" StartOffset="2789"/>
</LocList>
<StmntSeq Intrnl_Id="76">
<LocList>
<Loc EndOffset="2835" SrcFileId="1" StartOffset="2821"/>
</LocList>
<BasicStmnt CovItemId="S17" CovItemPrefix="devops.hw1.core.ACard.java" Intrnl_Id="77">
<LocList>
<Loc EndOffset="2835" SrcFileId="1" StartOffset="2821"/>
</LocList>
</BasicStmnt>
</StmntSeq>
</HierarchyLvl>
<HierarchyLvl HierarchyLvlId="195" HierarchyLvlTypeId="20" Intrnl_Id="78" Name="getEffects">
<Header>
<Loc EndOffset="2963" SrcFileId="1" StartOffset="2919"/>
</Header>
<LocList>
<Loc EndOffset="2993" SrcFileId="1" StartOffset="2919"/>
</LocList>
<StmntSeq Intrnl_Id="79">
<LocList>
<Loc EndOffset="2989" SrcFileId="1" StartOffset="2969"/>
</LocList>
<BasicStmnt CovItemId="S18" CovItemPrefix="devops.hw1.core.ACard.java" Intrnl_Id="80">
<LocList>
<Loc EndOffset="2989" SrcFileId="1" StartOffset="2969"/>
</LocList>
</BasicStmnt>
</StmntSeq>
</HierarchyLvl>
<HierarchyLvl HierarchyLvlId="196" HierarchyLvlTypeId="20" Intrnl_Id="81" Name="setEffect">
<Header>
<Loc EndOffset="3186" SrcFileId="1" StartOffset="3139"/>
</Header>
<LocList>
<Loc EndOffset="3270" SrcFileId="1" StartOffset="3139"/>
</LocList>
<StmntSeq Intrnl_Id="82">
<LocList>
<Loc EndOffset="3230" SrcFileId="1" StartOffset="3192"/>
<Loc EndOffset="3266" SrcFileId="1" StartOffset="3234"/>
</LocList>
<CondStmnt CovItemId="S19" CovItemPrefix="devops.hw1.core.ACard.java" Intrnl_Id="83">
<Branch CovItemId="B1" CovItemPrefix="devops.hw1.core.ACard.java" Implct="false" Intrnl_Id="84">
<Cond/>
<LocList>
<Loc EndOffset="3230" SrcFileId="1" StartOffset="3212"/>
</LocList>
<StmntSeq Intrnl_Id="85">
<LocList>
<Loc EndOffset="3225" SrcFileId="1" StartOffset="3218"/>
</LocList>
<BasicStmnt CovItemId="S20" CovItemPrefix="devops.hw1.core.ACard.java" Intrnl_Id="86">
<LocList>
<Loc EndOffset="3225" SrcFileId="1" StartOffset="3218"/>
</LocList>
</BasicStmnt>
</StmntSeq>
</Branch>
<Branch CovItemId="B2" CovItemPrefix="devops.hw1.core.ACard.java" Implct="true" Intrnl_Id="87">
<Cond/>
<LocList/>
<StmntSeq Intrnl_Id="88">
<LocList/>
</StmntSeq>
</Branch>
<Keyword EndOffset="3194" SrcFileId="1" StartOffset="3192"/>
<LocList>
<Loc EndOffset="3230" SrcFileId="1" StartOffset="3192"/>
</LocList>
<RootTerm CovItemId="C1" CovItemPrefix="devops.hw1.core.ACard.java" Intrnl_Id="89">
<BasicBoolTerm Intrnl_Id="90">
<LocList>
<Loc EndOffset="3210" SrcFileId="1" StartOffset="3196"/>
</LocList>
</BasicBoolTerm>
</RootTerm>
</CondStmnt>
<BasicStmnt CovItemId="S21" CovItemPrefix="devops.hw1.core.ACard.java" Intrnl_Id="91">
<LocList>
<Loc EndOffset="3266" SrcFileId="1" StartOffset="3234"/>
</LocList>
</BasicStmnt>
</StmntSeq>
</HierarchyLvl>
<HierarchyLvl HierarchyLvlId="197" HierarchyLvlTypeId="20" Intrnl_Id="92" Name="getStrength">
<Header>
<Loc EndOffset="3303" SrcFileId="1" StartOffset="3279"/>
</Header>
<LocList>
<Loc EndOffset="3329" SrcFileId="1" StartOffset="3279"/>
</LocList>
<StmntSeq Intrnl_Id="93">
<LocList>
<Loc EndOffset="3325" SrcFileId="1" StartOffset="3308"/>
</LocList>
<BasicStmnt CovItemId="S22" CovItemPrefix="devops.hw1.core.ACard.java" Intrnl_Id="94">
<LocList>
<Loc EndOffset="3325" SrcFileId="1" StartOffset="3308"/>
</LocList>
</BasicStmnt>
</StmntSeq>
</HierarchyLvl>
</HierarchyLvl>
<HierarchyLvl HierarchyLvlId="205" HierarchyLvlTypeId="21" Intrnl_Id="95" Name="AbstractData">
<Header>
<Loc EndOffset="85" SrcFileId="2" StartOffset="28"/>
</Header>
<LocList>
<Loc EndOffset="1060" SrcFileId="2" StartOffset="28"/>
</LocList>
<HierarchyLvl HierarchyLvlId="199" HierarchyLvlTypeId="20" Intrnl_Id="96" Name="AbstractData">
<Header>
<Loc EndOffset="168" SrcFileId="2" StartOffset="131"/>
</Header>
<LocList>
<Loc EndOffset="214" SrcFileId="2" StartOffset="131"/>
</LocList>
<StmntSeq Intrnl_Id="97">
<LocList>
<Loc EndOffset="187" SrcFileId="2" StartOffset="174"/>
<Loc EndOffset="210" SrcFileId="2" StartOffset="191"/>
</LocList>
<BasicStmnt CovItemId="S1" CovItemPrefix="devops.hw1.core.AbstractData.java" Intrnl_Id="98">
<LocList>
<Loc EndOffset="187" SrcFileId="2" StartOffset="174"/>
</LocList>
</BasicStmnt>
<BasicStmnt CovItemId="S2" CovItemPrefix="devops.hw1.core.AbstractData.java" Intrnl_Id="99">
<LocList>
<Loc EndOffset="210" SrcFileId="2" StartOffset="191"/>
</LocList>
</BasicStmnt>
</StmntSeq>
</HierarchyLvl>
<HierarchyLvl HierarchyLvlId="200" HierarchyLvlTypeId="20" Intrnl_Id="100" Name="getId">
<Header>
<Loc EndOffset="238" SrcFileId="2" StartOffset="219"/>
</Header>
<LocList>
<Loc EndOffset="263" SrcFileId="2" StartOffset="219"/>
</LocList>
<StmntSeq Intrnl_Id="101">
<LocList>
<Loc EndOffset="259" SrcFileId="2" StartOffset="244"/>
</LocList>
<BasicStmnt CovItemId="S3" CovItemPrefix="devops.hw1.core.AbstractData.java" Intrnl_Id="102">
<LocList>
<Loc EndOffset="259" SrcFileId="2" StartOffset="244"/>
</LocList>
</BasicStmnt>
</StmntSeq>
</HierarchyLvl>
<HierarchyLvl HierarchyLvlId="201" HierarchyLvlTypeId="20" Intrnl_Id="103" Name="getValue">
<Header>
<Loc EndOffset="287" SrcFileId="2" StartOffset="268"/>
</Header>
<LocList>
<Loc EndOffset="315" SrcFileId="2" StartOffset="268"/>
</LocList>
<StmntSeq Intrnl_Id="104">
<LocList>
<Loc EndOffset="311" SrcFileId="2" StartOffset="293"/>
</LocList>
<BasicStmnt CovItemId="S4" CovItemPrefix="devops.hw1.core.AbstractData.java" Intrnl_Id="105">
<LocList>
<Loc EndOffset="311" SrcFileId="2" StartOffset="293"/>
</LocList>
</BasicStmnt>
</StmntSeq>
</HierarchyLvl>
<HierarchyLvl HierarchyLvlId="202" HierarchyLvlTypeId="20" Intrnl_Id="106" Name="hashCode">
<Header>
<Loc EndOffset="353" SrcFileId="2" StartOffset="320"/>
</Header>
<LocList>
<Loc EndOffset="547" SrcFileId="2" StartOffset="320"/>
</LocList>
<StmntSeq Intrnl_Id="107">
<LocList>
<Loc EndOffset="380" SrcFileId="2" StartOffset="359"/>
<Loc EndOffset="399" SrcFileId="2" StartOffset="384"/>
<Loc EndOffset="454" SrcFileId="2" StartOffset="403"/>
<Loc EndOffset="525" SrcFileId="2" StartOffset="458"/>
<Loc EndOffset="543" SrcFileId="2" StartOffset="529"/>
</LocList>
<BasicStmnt CovItemId="S5" CovItemPrefix="devops.hw1.core.AbstractData.java" Intrnl_Id="108">
<LocList>
<Loc EndOffset="380" SrcFileId="2" StartOffset="359"/>
</LocList>
</BasicStmnt>
<BasicStmnt CovItemId="S6" CovItemPrefix="devops.hw1.core.AbstractData.java" Intrnl_Id="109">
<LocList>
<Loc EndOffset="399" SrcFileId="2" StartOffset="384"/>
</LocList>
</BasicStmnt>
<BasicStmnt CovItemId="S7" CovItemPrefix="devops.hw1.core.AbstractData.java" Intrnl_Id="110">
<LocList>
<Loc EndOffset="454" SrcFileId="2" StartOffset="403"/>
</LocList>
</BasicStmnt>
<BasicStmnt CovItemId="S8" CovItemPrefix="devops.hw1.core.AbstractData.java" Intrnl_Id="111">
<LocList>
<Loc EndOffset="525" SrcFileId="2" StartOffset="458"/>
</LocList>
<QMO CovItemId="Q0" CovItemPrefix="devops.hw1.core.AbstractData.java" Intrnl_Id="112">
<LocList>
<Loc EndOffset="500" SrcFileId="2" StartOffset="485"/>
</LocList>
<QMO_E CovItemId="Q0-0" CovItemPrefix="devops.hw1.core.AbstractData.java" Intrnl_Id="113">
<LocList>
<Loc EndOffset="504" SrcFileId="2" StartOffset="503"/>
</LocList>
</QMO_E>
<QMO_E CovItemId="Q0-1" CovItemPrefix="devops.hw1.core.AbstractData.java" Intrnl_Id="114">
<LocList>
<Loc EndOffset="523" SrcFileId="2" StartOffset="507"/>
</LocList>
</QMO_E>
</QMO>
</BasicStmnt>
<BasicStmnt CovItemId="S9" CovItemPrefix="devops.hw1.core.AbstractData.java" Intrnl_Id="115">
<LocList>
<Loc EndOffset="543" SrcFileId="2" StartOffset="529"/>
</LocList>
</BasicStmnt>
</StmntSeq>
</HierarchyLvl>
<HierarchyLvl HierarchyLvlId="203" HierarchyLvlTypeId="20" Intrnl_Id="116" Name="equals">
<Header>
<Loc EndOffset="597" SrcFileId="2" StartOffset="552"/>
</Header>
<LocList>
<Loc EndOffset="1008" SrcFileId="2" StartOffset="552"/>
</LocList>
<StmntSeq Intrnl_Id="117">
<LocList>
<Loc EndOffset="636" SrcFileId="2" StartOffset="603"/>
<Loc EndOffset="674" SrcFileId="2" StartOffset="640"/>
<Loc EndOffset="729" SrcFileId="2" StartOffset="678"/>
<Loc EndOffset="815" SrcFileId="2" StartOffset="735"/>
<Loc EndOffset="856" SrcFileId="2" StartOffset="819"/>
<Loc EndOffset="988" SrcFileId="2" StartOffset="860"/>
<Loc EndOffset="1004" SrcFileId="2" StartOffset="992"/>
</LocList>
<CondStmnt CovItemId="S10" CovItemPrefix="devops.hw1.core.AbstractData.java" Intrnl_Id="118">
<Branch CovItemId="B1" CovItemPrefix="devops.hw1.core.AbstractData.java" Implct="false" Intrnl_Id="119">
<Cond/>
<LocList>
<Loc EndOffset="636" SrcFileId="2" StartOffset="624"/>
</LocList>
<StmntSeq Intrnl_Id="120">
<LocList>
<Loc EndOffset="636" SrcFileId="2" StartOffset="624"/>
</LocList>
<BasicStmnt CovItemId="S11" CovItemPrefix="devops.hw1.core.AbstractData.java" Intrnl_Id="121">
<LocList>
<Loc EndOffset="636" SrcFileId="2" StartOffset="624"/>
</LocList>
</BasicStmnt>
</StmntSeq>
</Branch>
<Branch CovItemId="B2" CovItemPrefix="devops.hw1.core.AbstractData.java" Implct="true" Intrnl_Id="122">
<Cond/>
<LocList/>
<StmntSeq Intrnl_Id="123">
<LocList/>
</StmntSeq>
</Branch>
<Keyword EndOffset="605" SrcFileId="2" StartOffset="603"/>
<LocList>
<Loc EndOffset="636" SrcFileId="2" StartOffset="603"/>
</LocList>
<RootTerm CovItemId="C1" CovItemPrefix="devops.hw1.core.AbstractData.java" Intrnl_Id="124">
<BasicBoolTerm Intrnl_Id="125">
<LocList>
<Loc EndOffset="618" SrcFileId="2" StartOffset="607"/>
</LocList>
</BasicBoolTerm>
</RootTerm>
</CondStmnt>
<CondStmnt CovItemId="S12" CovItemPrefix="devops.hw1.core.AbstractData.java" Intrnl_Id="126">
<Branch CovItemId="B3" CovItemPrefix="devops.hw1.core.AbstractData.java" Implct="false" Intrnl_Id="127">
<Cond/>
<LocList>
<Loc EndOffset="674" SrcFileId="2" StartOffset="661"/>
</LocList>
<StmntSeq Intrnl_Id="128">
<LocList>
<Loc EndOffset="674" SrcFileId="2" StartOffset="661"/>
</LocList>
<BasicStmnt CovItemId="S13" CovItemPrefix="devops.hw1.core.AbstractData.java" Intrnl_Id="129">
<LocList>
<Loc EndOffset="674" SrcFileId="2" StartOffset="661"/>
</LocList>
</BasicStmnt>
</StmntSeq>
</Branch>
<Branch CovItemId="B4" CovItemPrefix="devops.hw1.core.AbstractData.java" Implct="true" Intrnl_Id="130">
<Cond/>
<LocList/>
<StmntSeq Intrnl_Id="131">
<LocList/>
</StmntSeq>
</Branch>
<Keyword EndOffset="642" SrcFileId="2" StartOffset="640"/>
<LocList>
<Loc EndOffset="674" SrcFileId="2" StartOffset="640"/>
</LocList>
<RootTerm CovItemId="C2" CovItemPrefix="devops.hw1.core.AbstractData.java" Intrnl_Id="132">
<BasicBoolTerm Intrnl_Id="133">
<LocList>
<Loc EndOffset="655" SrcFileId="2" StartOffset="644"/>
</LocList>
</BasicBoolTerm>
</RootTerm>
</CondStmnt>
<CondStmnt CovItemId="S14" CovItemPrefix="devops.hw1.core.AbstractData.java" Intrnl_Id="134">
<Branch CovItemId="B5" CovItemPrefix="devops.hw1.core.AbstractData.java" Implct="false" Intrnl_Id="135">
<Cond/>
<LocList>
<Loc EndOffset="729" SrcFileId="2" StartOffset="716"/>
</LocList>
<StmntSeq Intrnl_Id="136">
<LocList>
<Loc EndOffset="729" SrcFileId="2" StartOffset="716"/>
</LocList>
<BasicStmnt CovItemId="S15" CovItemPrefix="devops.hw1.core.AbstractData.java" Intrnl_Id="137">
<LocList>
<Loc EndOffset="729" SrcFileId="2" StartOffset="716"/>
</LocList>
</BasicStmnt>
</StmntSeq>
</Branch>
<Branch CovItemId="B6" CovItemPrefix="devops.hw1.core.AbstractData.java" Implct="true" Intrnl_Id="138">
<Cond/>
<LocList/>
<StmntSeq Intrnl_Id="139">
<LocList/>
</StmntSeq>
</Branch>
<Keyword EndOffset="680" SrcFileId="2" StartOffset="678"/>
<LocList>
<Loc EndOffset="729" SrcFileId="2" StartOffset="678"/>
</LocList>
<RootTerm CovItemId="C3" CovItemPrefix="devops.hw1.core.AbstractData.java" Intrnl_Id="140">
<BasicBoolTerm Intrnl_Id="141">
<LocList>
<Loc EndOffset="710" SrcFileId="2" StartOffset="682"/>
</LocList>
</BasicBoolTerm>
</RootTerm>
</CondStmnt>
<BasicStmnt CovItemId="S16" CovItemPrefix="devops.hw1.core.AbstractData.java" Intrnl_Id="142">
<LocList>
<Loc EndOffset="815" SrcFileId="2" StartOffset="735"/>
</LocList>
</BasicStmnt>
<CondStmnt CovItemId="S17" CovItemPrefix="devops.hw1.core.AbstractData.java" Intrnl_Id="143">
<Branch CovItemId="B7" CovItemPrefix="devops.hw1.core.AbstractData.java" Implct="false" Intrnl_Id="144">
<Cond/>
<LocList>
<Loc EndOffset="856" SrcFileId="2" StartOffset="843"/>
</LocList>
<StmntSeq Intrnl_Id="145">
<LocList>
<Loc EndOffset="856" SrcFileId="2" StartOffset="843"/>
</LocList>
<BasicStmnt CovItemId="S18" CovItemPrefix="devops.hw1.core.AbstractData.java" Intrnl_Id="146">
<LocList>
<Loc EndOffset="856" SrcFileId="2" StartOffset="843"/>
</LocList>
</BasicStmnt>
</StmntSeq>
</Branch>
<Branch CovItemId="B8" CovItemPrefix="devops.hw1.core.AbstractData.java" Implct="true" Intrnl_Id="147">
<Cond/>
<LocList/>
<StmntSeq Intrnl_Id="148">
<LocList/>
</StmntSeq>
</Branch>
<Keyword EndOffset="821" SrcFileId="2" StartOffset="819"/>
<LocList>
<Loc EndOffset="856" SrcFileId="2" StartOffset="819"/>
</LocList>
<RootTerm CovItemId="C4" CovItemPrefix="devops.hw1.core.AbstractData.java" Intrnl_Id="149">
<BasicBoolTerm Intrnl_Id="150">
<LocList>
<Loc EndOffset="837" SrcFileId="2" StartOffset="823"/>
</LocList>
</BasicBoolTerm>
</RootTerm>
</CondStmnt>
<CondStmnt CovItemId="S19" CovItemPrefix="devops.hw1.core.AbstractData.java" Intrnl_Id="151">
<Branch CovItemId="B9" CovItemPrefix="devops.hw1.core.AbstractData.java" Implct="false" Intrnl_Id="152">
<Cond/>
<LocList>
<Loc EndOffset="933" SrcFileId="2" StartOffset="879"/>
</LocList>
<StmntSeq Intrnl_Id="153">
<LocList>
<Loc EndOffset="928" SrcFileId="2" StartOffset="885"/>
</LocList>
<CondStmnt CovItemId="S20" CovItemPrefix="devops.hw1.core.AbstractData.java" Intrnl_Id="154">
<Branch CovItemId="B11" CovItemPrefix="devops.hw1.core.AbstractData.java" Implct="false" Intrnl_Id="155">
<Cond/>
<LocList>
<Loc EndOffset="928" SrcFileId="2" StartOffset="915"/>
</LocList>
<StmntSeq Intrnl_Id="156">
<LocList>
<Loc EndOffset="928" SrcFileId="2" StartOffset="915"/>
</LocList>
<BasicStmnt CovItemId="S21" CovItemPrefix="devops.hw1.core.AbstractData.java" Intrnl_Id="157">
<LocList>
<Loc EndOffset="928" SrcFileId="2" StartOffset="915"/>
</LocList>
</BasicStmnt>
</StmntSeq>
</Branch>
<Branch CovItemId="B12" CovItemPrefix="devops.hw1.core.AbstractData.java" Implct="true" Intrnl_Id="158">
<Cond/>
<LocList/>
<StmntSeq Intrnl_Id="159">
<LocList/>
</StmntSeq>
</Branch>
<Keyword EndOffset="887" SrcFileId="2" StartOffset="885"/>
<LocList>
<Loc EndOffset="928" SrcFileId="2" StartOffset="885"/>
</LocList>
<RootTerm CovItemId="C6" CovItemPrefix="devops.hw1.core.AbstractData.java" Intrnl_Id="160">
<BasicBoolTerm Intrnl_Id="161">
<LocList>
<Loc EndOffset="908" SrcFileId="2" StartOffset="889"/>
</LocList>
</BasicBoolTerm>
</RootTerm>
</CondStmnt>
</StmntSeq>
</Branch>
<Branch CovItemId="B10" CovItemPrefix="devops.hw1.core.AbstractData.java" Implct="false" Intrnl_Id="162">
<Cond>
<Loc EndOffset="938" SrcFileId="2" StartOffset="934"/>
</Cond>
<LocList>
<Loc EndOffset="988" SrcFileId="2" StartOffset="939"/>
</LocList>
<StmntSeq Intrnl_Id="163">
<LocList>
<Loc EndOffset="988" SrcFileId="2" StartOffset="939"/>
</LocList>
<CondStmnt CovItemId="S22" CovItemPrefix="devops.hw1.core.AbstractData.java" Intrnl_Id="164">
<Branch CovItemId="B13" CovItemPrefix="devops.hw1.core.AbstractData.java" Implct="false" Intrnl_Id="165">
<Cond/>
<LocList>
<Loc EndOffset="988" SrcFileId="2" StartOffset="975"/>
</LocList>
<StmntSeq Intrnl_Id="166">
<LocList>
<Loc EndOffset="988" SrcFileId="2" StartOffset="975"/>
</LocList>
<BasicStmnt CovItemId="S23" CovItemPrefix="devops.hw1.core.AbstractData.java" Intrnl_Id="167">
<LocList>
<Loc EndOffset="988" SrcFileId="2" StartOffset="975"/>
</LocList>
</BasicStmnt>
</StmntSeq>
</Branch>
<Branch CovItemId="B14" CovItemPrefix="devops.hw1.core.AbstractData.java" Implct="true" Intrnl_Id="168">
<Cond/>
<LocList/>
<StmntSeq Intrnl_Id="169">
<LocList/>
</StmntSeq>
</Branch>
<Keyword EndOffset="941" SrcFileId="2" StartOffset="939"/>
<LocList>
<Loc EndOffset="988" SrcFileId="2" StartOffset="939"/>
</LocList>
<RootTerm CovItemId="C7" CovItemPrefix="devops.hw1.core.AbstractData.java" Intrnl_Id="170">
<OpTerm BooleanOpId="17" Intrnl_Id="171">
<BasicBoolTerm Intrnl_Id="172">
<LocList>
<Loc EndOffset="969" SrcFileId="2" StartOffset="944"/>
</LocList>
</BasicBoolTerm>
<LocList>
<Loc EndOffset="944" SrcFileId="2" StartOffset="943"/>
</LocList>
</OpTerm>
</RootTerm>
</CondStmnt>
</StmntSeq>
</Branch>
<Keyword EndOffset="862" SrcFileId="2" StartOffset="860"/>
<LocList>
<Loc EndOffset="988" SrcFileId="2" StartOffset="860"/>
</LocList>
<RootTerm CovItemId="C5" CovItemPrefix="devops.hw1.core.AbstractData.java" Intrnl_Id="173">
<BasicBoolTerm Intrnl_Id="174">
<LocList>
<Loc EndOffset="877" SrcFileId="2" StartOffset="864"/>
</LocList>
</BasicBoolTerm>
</RootTerm>
</CondStmnt>
<BasicStmnt CovItemId="S24" CovItemPrefix="devops.hw1.core.AbstractData.java" Intrnl_Id="175">
<LocList>
<Loc EndOffset="1004" SrcFileId="2" StartOffset="992"/>
</LocList>
</BasicStmnt>
</StmntSeq>
</HierarchyLvl>
<HierarchyLvl HierarchyLvlId="204" HierarchyLvlTypeId="20" Intrnl_Id="176" Name="compareTo">
<Header>
<Loc EndOffset="1056" SrcFileId="2" StartOffset="1015"/>
</Header>
<LocList>
<Loc EndOffset="1057" SrcFileId="2" StartOffset="1015"/>
</LocList>
</HierarchyLvl>
</HierarchyLvl>
<HierarchyLvl HierarchyLvlId="216" HierarchyLvlTypeId="21" Intrnl_Id="177" Name="Board">
<Header>
<Loc EndOffset="275" SrcFileId="3" StartOffset="257"/>
</Header>
<LocList>
<Loc EndOffset="2682" SrcFileId="3" StartOffset="257"/>
</LocList>
<HierarchyLvl HierarchyLvlId="206" HierarchyLvlTypeId="20" Intrnl_Id="178" Name="Board">
<Header>
<Loc EndOffset="542" SrcFileId="3" StartOffset="528"/>
</Header>
<LocList>
<Loc EndOffset="928" SrcFileId="3" StartOffset="528"/>
</LocList>
<StmntSeq Intrnl_Id="179">
<LocList>
<Loc EndOffset="579" SrcFileId="3" StartOffset="558"/>
<Loc EndOffset="663" SrcFileId="3" StartOffset="548"/>
<Loc EndOffset="705" SrcFileId="3" StartOffset="667"/>
<Loc EndOffset="748" SrcFileId="3" StartOffset="709"/>
<Loc EndOffset="781" SrcFileId="3" StartOffset="752"/>
<Loc EndOffset="812" SrcFileId="3" StartOffset="789"/>
<Loc EndOffset="852" SrcFileId="3" StartOffset="820"/>
<Loc EndOffset="889" SrcFileId="3" StartOffset="856"/>
<Loc EndOffset="924" SrcFileId="3" StartOffset="893"/>
</LocList>
<BasicStmnt CovItemId="S2" CovItemPrefix="devops.hw1.core.Board.java" Intrnl_Id="180">
<LocList>
<Loc EndOffset="579" SrcFileId="3" StartOffset="558"/>
</LocList>
</BasicStmnt>
<CondStmnt CovItemId="S1" CovItemPrefix="devops.hw1.core.Board.java" Intrnl_Id="181">
<Branch CovItemId="B1" CovItemPrefix="devops.hw1.core.Board.java" Implct="true" Intrnl_Id="182">
<Cond/>
<LocList/>
<StmntSeq Intrnl_Id="183">
<LocList/>
</StmntSeq>
</Branch>
<Branch CovItemId="B2" CovItemPrefix="devops.hw1.core.Board.java" Implct="false" Intrnl_Id="184">
<Cond>
<Loc EndOffset="614" SrcFileId="3" StartOffset="585"/>
</Cond>
<LocList>
<Loc EndOffset="663" SrcFileId="3" StartOffset="615"/>
</LocList>
<StmntSeq Intrnl_Id="185">
<LocList>
<Loc EndOffset="658" SrcFileId="3" StartOffset="621"/>
</LocList>
<BasicStmnt CovItemId="S3" CovItemPrefix="devops.hw1.core.Board.java" Intrnl_Id="186">
<LocList>
<Loc EndOffset="658" SrcFileId="3" StartOffset="621"/>
</LocList>
</BasicStmnt>
</StmntSeq>
</Branch>
<Keyword EndOffset="551" SrcFileId="3" StartOffset="548"/>
<LocList>
<Loc EndOffset="663" SrcFileId="3" StartOffset="548"/>
</LocList>
</CondStmnt>
<BasicStmnt CovItemId="S4" CovItemPrefix="devops.hw1.core.Board.java" Intrnl_Id="187">
<LocList>
<Loc EndOffset="705" SrcFileId="3" StartOffset="667"/>
</LocList>
</BasicStmnt>
<BasicStmnt CovItemId="S5" CovItemPrefix="devops.hw1.core.Board.java" Intrnl_Id="188">
<LocList>
<Loc EndOffset="748" SrcFileId="3" StartOffset="709"/>
</LocList>
</BasicStmnt>
<BasicStmnt CovItemId="S6" CovItemPrefix="devops.hw1.core.Board.java" Intrnl_Id="189">
<LocList>
<Loc EndOffset="781" SrcFileId="3" StartOffset="752"/>
</LocList>
</BasicStmnt>
<BasicStmnt CovItemId="S7" CovItemPrefix="devops.hw1.core.Board.java" Intrnl_Id="190">
<LocList>
<Loc EndOffset="812" SrcFileId="3" StartOffset="789"/>
</LocList>
</BasicStmnt>
<BasicStmnt CovItemId="S8" CovItemPrefix="devops.hw1.core.Board.java" Intrnl_Id="191">
<LocList>
<Loc EndOffset="852" SrcFileId="3" StartOffset="820"/>
</LocList>
</BasicStmnt>
<BasicStmnt CovItemId="S9" CovItemPrefix="devops.hw1.core.Board.java" Intrnl_Id="192">
<LocList>
<Loc EndOffset="889" SrcFileId="3" StartOffset="856"/>
</LocList>
</BasicStmnt>
<BasicStmnt CovItemId="S10" CovItemPrefix="devops.hw1.core.Board.java" Intrnl_Id="193">
<LocList>
<Loc EndOffset="924" SrcFileId="3" StartOffset="893"/>
</LocList>
</BasicStmnt>
</StmntSeq>
</HierarchyLvl>
<HierarchyLvl HierarchyLvlId="207" HierarchyLvlTypeId="20" Intrnl_Id="194" Name="initializeCenterDeck">
<Header>
<Loc EndOffset="1098" SrcFileId="3" StartOffset="1063"/>
</Header>
<LocList>
<Loc EndOffset="1387" SrcFileId="3" StartOffset="1063"/>
</LocList>
<StmntSeq Intrnl_Id="195">
<LocList>
<Loc EndOffset="1281" SrcFileId="3" StartOffset="1104"/>
<Loc EndOffset="1319" SrcFileId="3" StartOffset="1285"/>
<Loc EndOffset="1383" SrcFileId="3" StartOffset="1323"/>
</LocList>
<LoopStmnt CovItemId="S11" CovItemPrefix="devops.hw1.core.Board.java" Intrnl_Id="196" MltplExecId="L1-2" MltplExecPrefix="devops.hw1.core.Board.java" NvrExecId="L1-0" NvrExecPrefix="devops.hw1.core.Board.java" OnceExecutedId="L1-1" OnceExecutedPrefix="devops.hw1.core.Board.java" OptBodyExec="true">
<StmntSeq Intrnl_Id="197">
<LocList>
<Loc EndOffset="1276" SrcFileId="3" StartOffset="1164"/>
</LocList>
<LoopStmnt CovItemId="S12" CovItemPrefix="devops.hw1.core.Board.java" Intrnl_Id="198" MltplExecId="L2-2" MltplExecPrefix="devops.hw1.core.Board.java" NvrExecId="L2-0" NvrExecPrefix="devops.hw1.core.Board.java" OnceExecutedId="L2-1" OnceExecutedPrefix="devops.hw1.core.Board.java" OptBodyExec="true">
<StmntSeq Intrnl_Id="199">
<LocList>
<Loc EndOffset="1270" SrcFileId="3" StartOffset="1228"/>
</LocList>
<BasicStmnt CovItemId="S13" CovItemPrefix="devops.hw1.core.Board.java" Intrnl_Id="200">
<LocList>
<Loc EndOffset="1270" SrcFileId="3" StartOffset="1228"/>
</LocList>
</BasicStmnt>
</StmntSeq>
<Keyword EndOffset="1167" SrcFileId="3" StartOffset="1164"/>
<LocList>
<Loc EndOffset="1276" SrcFileId="3" StartOffset="1164"/>
</LocList>
<RootTerm CovItemId="C2" CovItemPrefix="devops.hw1.core.Board.java" Intrnl_Id="201">
<BasicBoolTerm Intrnl_Id="202">
<LocList>
<Loc EndOffset="1214" SrcFileId="3" StartOffset="1180"/>
</LocList>
</BasicBoolTerm>
</RootTerm>
</LoopStmnt>
</StmntSeq>
<Keyword EndOffset="1107" SrcFileId="3" StartOffset="1104"/>
<LocList>
<Loc EndOffset="1281" SrcFileId="3" StartOffset="1104"/>
</LocList>
<RootTerm CovItemId="C1" CovItemPrefix="devops.hw1.core.Board.java" Intrnl_Id="203">
<BasicBoolTerm Intrnl_Id="204">
<LocList>
<Loc EndOffset="1151" SrcFileId="3" StartOffset="1120"/>
</LocList>
</BasicBoolTerm>
</RootTerm>
</LoopStmnt>
<BasicStmnt CovItemId="S14" CovItemPrefix="devops.hw1.core.Board.java" Intrnl_Id="205">
<LocList>
<Loc EndOffset="1319" SrcFileId="3" StartOffset="1285"/>
</LocList>
</BasicStmnt>
<LoopStmnt CovItemId="S15" CovItemPrefix="devops.hw1.core.Board.java" Intrnl_Id="206" MltplExecId="L3-2" MltplExecPrefix="devops.hw1.core.Board.java" NvrExecId="L3-0" NvrExecPrefix="devops.hw1.core.Board.java" OnceExecutedId="L3-1" OnceExecutedPrefix="devops.hw1.core.Board.java" OptBodyExec="true">
<StmntSeq Intrnl_Id="207">
<LocList>
<Loc EndOffset="1378" SrcFileId="3" StartOffset="1357"/>
</LocList>
<BasicStmnt CovItemId="S16" CovItemPrefix="devops.hw1.core.Board.java" Intrnl_Id="208">
<LocList>
<Loc EndOffset="1378" SrcFileId="3" StartOffset="1357"/>
</LocList>
</BasicStmnt>
</StmntSeq>
<Keyword EndOffset="1326" SrcFileId="3" StartOffset="1323"/>
<LocList>
<Loc EndOffset="1383" SrcFileId="3" StartOffset="1323"/>
</LocList>
<RootTerm CovItemId="C3" CovItemPrefix="devops.hw1.core.Board.java" Intrnl_Id="209">
<BasicBoolTerm Intrnl_Id="210">
<LocList>
<Loc EndOffset="1344" SrcFileId="3" StartOffset="1339"/>
</LocList>
</BasicBoolTerm>
</RootTerm>
</LoopStmnt>
</StmntSeq>
</HierarchyLvl>
<HierarchyLvl HierarchyLvlId="208" HierarchyLvlTypeId="20" Intrnl_Id="211" Name="getVoid">
<Header>
<Loc EndOffset="1513" SrcFileId="3" StartOffset="1480"/>
</Header>
<LocList>
<Loc EndOffset="1543" SrcFileId="3" StartOffset="1480"/>
</LocList>
<StmntSeq Intrnl_Id="212">
<LocList>
<Loc EndOffset="1539" SrcFileId="3" StartOffset="1519"/>
</LocList>
<BasicStmnt CovItemId="S17" CovItemPrefix="devops.hw1.core.Board.java" Intrnl_Id="213">
<LocList>
<Loc EndOffset="1539" SrcFileId="3" StartOffset="1519"/>
</LocList>
</BasicStmnt>
</StmntSeq>
</HierarchyLvl>
<HierarchyLvl HierarchyLvlId="209" HierarchyLvlTypeId="20" Intrnl_Id="214" Name="sendToVoid">
<Header>
<Loc EndOffset="1689" SrcFileId="3" StartOffset="1655"/>
</Header>
<LocList>
<Loc EndOffset="1759" SrcFileId="3" StartOffset="1655"/>
</LocList>
<StmntSeq Intrnl_Id="215">
<LocList>
<Loc EndOffset="1728" SrcFileId="3" StartOffset="1694"/>
<Loc EndOffset="1755" SrcFileId="3" StartOffset="1732"/>
</LocList>
<CondStmnt CovItemId="S18" CovItemPrefix="devops.hw1.core.Board.java" Intrnl_Id="216">
<Branch CovItemId="B3" CovItemPrefix="devops.hw1.core.Board.java" Implct="false" Intrnl_Id="217">
<Cond/>
<LocList>
<Loc EndOffset="1728" SrcFileId="3" StartOffset="1710"/>
</LocList>
<StmntSeq Intrnl_Id="218">
<LocList>
<Loc EndOffset="1723" SrcFileId="3" StartOffset="1716"/>
</LocList>
<BasicStmnt CovItemId="S19" CovItemPrefix="devops.hw1.core.Board.java" Intrnl_Id="219">
<LocList>
<Loc EndOffset="1723" SrcFileId="3" StartOffset="1716"/>
</LocList>
</BasicStmnt>
</StmntSeq>
</Branch>
<Branch CovItemId="B4" CovItemPrefix="devops.hw1.core.Board.java" Implct="true" Intrnl_Id="220">
<Cond/>
<LocList/>
<StmntSeq Intrnl_Id="221">
<LocList/>
</StmntSeq>
</Branch>
<Keyword EndOffset="1696" SrcFileId="3" StartOffset="1694"/>
<LocList>
<Loc EndOffset="1728" SrcFileId="3" StartOffset="1694"/>
</LocList>
<RootTerm CovItemId="C4" CovItemPrefix="devops.hw1.core.Board.java" Intrnl_Id="222">
<BasicBoolTerm Intrnl_Id="223">
<LocList>
<Loc EndOffset="1709" SrcFileId="3" StartOffset="1697"/>
</LocList>
</BasicBoolTerm>
</RootTerm>
</CondStmnt>
<BasicStmnt CovItemId="S20" CovItemPrefix="devops.hw1.core.Board.java" Intrnl_Id="224">
<LocList>
<Loc EndOffset="1755" SrcFileId="3" StartOffset="1732"/>
</LocList>
</BasicStmnt>
</StmntSeq>
</HierarchyLvl>
<HierarchyLvl HierarchyLvlId="210" HierarchyLvlTypeId="20" Intrnl_Id="225" Name="getCenDeck">
<Header>
<Loc EndOffset="1844" SrcFileId="3" StartOffset="1807"/>
</Header>
<LocList>
<Loc EndOffset="1874" SrcFileId="3" StartOffset="1807"/>
</LocList>
<StmntSeq Intrnl_Id="226">
<LocList>
<Loc EndOffset="1870" SrcFileId="3" StartOffset="1850"/>
</LocList>
<BasicStmnt CovItemId="S21" CovItemPrefix="devops.hw1.core.Board.java" Intrnl_Id="227">
<LocList>
<Loc EndOffset="1870" SrcFileId="3" StartOffset="1850"/>
</LocList>
</BasicStmnt>
</StmntSeq>
</HierarchyLvl>
<HierarchyLvl HierarchyLvlId="211" HierarchyLvlTypeId="20" Intrnl_Id="228" Name="getCultist">
<Header>
<Loc EndOffset="1957" SrcFileId="3" StartOffset="1932"/>
</Header>
<LocList>
<Loc EndOffset="1987" SrcFileId="3" StartOffset="1932"/>
</LocList>
<StmntSeq Intrnl_Id="229">
<LocList>
<Loc EndOffset="1983" SrcFileId="3" StartOffset="1963"/>
</LocList>
<BasicStmnt CovItemId="S22" CovItemPrefix="devops.hw1.core.Board.java" Intrnl_Id="230">
<LocList>
<Loc EndOffset="1983" SrcFileId="3" StartOffset="1963"/>
</LocList>
</BasicStmnt>
</StmntSeq>
</HierarchyLvl>
<HierarchyLvl HierarchyLvlId="212" HierarchyLvlTypeId="20" Intrnl_Id="231" Name="getHeavyInf">
<Header>
<Loc EndOffset="2078" SrcFileId="3" StartOffset="2052"/>
</Header>
<LocList>
<Loc EndOffset="2109" SrcFileId="3" StartOffset="2052"/>
</LocList>
<StmntSeq Intrnl_Id="232">
<LocList>
<Loc EndOffset="2105" SrcFileId="3" StartOffset="2084"/>
</LocList>
<BasicStmnt CovItemId="S23" CovItemPrefix="devops.hw1.core.Board.java" Intrnl_Id="233">
<LocList>
<Loc EndOffset="2105" SrcFileId="3" StartOffset="2084"/>
</LocList>
</BasicStmnt>
</StmntSeq>
</HierarchyLvl>
<HierarchyLvl HierarchyLvlId="213" HierarchyLvlTypeId="20" Intrnl_Id="234" Name="getMystic">
<Header>
<Loc EndOffset="2190" SrcFileId="3" StartOffset="2166"/>
</Header>
<LocList>
<Loc EndOffset="2219" SrcFileId="3" StartOffset="2166"/>
</LocList>
<StmntSeq Intrnl_Id="235">
<LocList>
<Loc EndOffset="2215" SrcFileId="3" StartOffset="2196"/>
</LocList>
<BasicStmnt CovItemId="S24" CovItemPrefix="devops.hw1.core.Board.java" Intrnl_Id="236">
<LocList>
<Loc EndOffset="2215" SrcFileId="3" StartOffset="2196"/>
</LocList>
</BasicStmnt>
</StmntSeq>
</HierarchyLvl>
<HierarchyLvl HierarchyLvlId="214" HierarchyLvlTypeId="20" Intrnl_Id="237" Name="centerDeckToField">
<Header>
<Loc EndOffset="2461" SrcFileId="3" StartOffset="2421"/>
</Header>
<LocList>
<Loc EndOffset="2538" SrcFileId="3" StartOffset="2421"/>
</LocList>
<StmntSeq Intrnl_Id="238">
<LocList>
<Loc EndOffset="2502" SrcFileId="3" StartOffset="2467"/>
<Loc EndOffset="2534" SrcFileId="3" StartOffset="2506"/>
</LocList>
<BasicStmnt CovItemId="S25" CovItemPrefix="devops.hw1.core.Board.java" Intrnl_Id="239">
<LocList>
<Loc EndOffset="2502" SrcFileId="3" StartOffset="2467"/>
</LocList>
</BasicStmnt>
<BasicStmnt CovItemId="S26" CovItemPrefix="devops.hw1.core.Board.java" Intrnl_Id="240">
<LocList>
<Loc EndOffset="2534" SrcFileId="3" StartOffset="2506"/>
</LocList>
</BasicStmnt>
</StmntSeq>
</HierarchyLvl>
<HierarchyLvl HierarchyLvlId="215" HierarchyLvlTypeId="20" Intrnl_Id="241" Name="getCenField">
<Header>
<Loc EndOffset="2648" SrcFileId="3" StartOffset="2620"/>
</Header>
<LocList>
<Loc EndOffset="2679" SrcFileId="3" StartOffset="2620"/>
</LocList>
<StmntSeq Intrnl_Id="242">
<LocList>
<Loc EndOffset="2675" SrcFileId="3" StartOffset="2654"/>
</LocList>
<BasicStmnt CovItemId="S27" CovItemPrefix="devops.hw1.core.Board.java" Intrnl_Id="243">
<LocList>
<Loc EndOffset="2675" SrcFileId="3" StartOffset="2654"/>
</LocList>
</BasicStmnt>
</StmntSeq>
</HierarchyLvl>
</HierarchyLvl>
<HierarchyLvl HierarchyLvlId="218" HierarchyLvlTypeId="21" Intrnl_Id="244" Name="CardCollection">
<Header>
<Loc EndOffset="340" SrcFileId="4" StartOffset="313"/>
</Header>
<LocList>
<Loc EndOffset="3493" SrcFileId="4" StartOffset="313"/>
</LocList>
<StmntSeq Intrnl_Id="245">
<LocList>
<Loc EndOffset="722" SrcFileId="4" StartOffset="679"/>
<Loc EndOffset="768" SrcFileId="4" StartOffset="725"/>
<Loc EndOffset="812" SrcFileId="4" StartOffset="771"/>
<Loc EndOffset="858" SrcFileId="4" StartOffset="815"/>
</LocList>
<BasicStmnt CovItemId="S1" CovItemPrefix="devops.hw1.core.CardCollection.java" Intrnl_Id="246">
<LocList>
<Loc EndOffset="722" SrcFileId="4" StartOffset="679"/>
</LocList>
</BasicStmnt>
<BasicStmnt CovItemId="S2" CovItemPrefix="devops.hw1.core.CardCollection.java" Intrnl_Id="247">
<LocList>
<Loc EndOffset="768" SrcFileId="4" StartOffset="725"/>
</LocList>
</BasicStmnt>
<BasicStmnt CovItemId="S3" CovItemPrefix="devops.hw1.core.CardCollection.java" Intrnl_Id="248">
<LocList>
<Loc EndOffset="812" SrcFileId="4" StartOffset="771"/>
</LocList>
</BasicStmnt>
<BasicStmnt CovItemId="S4" CovItemPrefix="devops.hw1.core.CardCollection.java" Intrnl_Id="249">
<LocList>
<Loc EndOffset="858" SrcFileId="4" StartOffset="815"/>
</LocList>
</BasicStmnt>
</StmntSeq>
<HierarchyLvl HierarchyLvlId="217" HierarchyLvlTypeId="20" Intrnl_Id="250" Name="CardCollection">
<Header>
<Loc EndOffset="906" SrcFileId="4" StartOffset="864"/>
</Header>
<LocList>
<Loc EndOffset="3488" SrcFileId="4" StartOffset="864"/>
</LocList>
<StmntSeq Intrnl_Id="251">
<LocList>
<Loc EndOffset="972" SrcFileId="4" StartOffset="911"/>
<Loc EndOffset="1038" SrcFileId="4" StartOffset="976"/>
<Loc EndOffset="1104" SrcFileId="4" StartOffset="1042"/>
<Loc EndOffset="1170" SrcFileId="4" StartOffset="1108"/>
<Loc EndOffset="1236" SrcFileId="4" StartOffset="1174"/>
<Loc EndOffset="1302" SrcFileId="4" StartOffset="1240"/>
<Loc EndOffset="1368" SrcFileId="4" StartOffset="1306"/>
<Loc EndOffset="1434" SrcFileId="4" StartOffset="1372"/>
<Loc EndOffset="1500" SrcFileId="4" StartOffset="1438"/>
<Loc EndOffset="1566" SrcFileId="4" StartOffset="1504"/>
<Loc EndOffset="1633" SrcFileId="4" StartOffset="1570"/>
<Loc EndOffset="1700" SrcFileId="4" StartOffset="1637"/>
<Loc EndOffset="1733" SrcFileId="4" StartOffset="1706"/>
<Loc EndOffset="1811" SrcFileId="4" StartOffset="1741"/>
<Loc EndOffset="1839" SrcFileId="4" StartOffset="1821"/>
<Loc EndOffset="1923" SrcFileId="4" StartOffset="1843"/>
<Loc EndOffset="1999" SrcFileId="4" StartOffset="1931"/>
<Loc EndOffset="2024" SrcFileId="4" StartOffset="2005"/>
<Loc EndOffset="2103" SrcFileId="4" StartOffset="2028"/>
<Loc EndOffset="2182" SrcFileId="4" StartOffset="2111"/>
<Loc EndOffset="2208" SrcFileId="4" StartOffset="2190"/>
<Loc EndOffset="2299" SrcFileId="4" StartOffset="2212"/>
<Loc EndOffset="2377" SrcFileId="4" StartOffset="2307"/>
<Loc EndOffset="2402" SrcFileId="4" StartOffset="2383"/>
<Loc EndOffset="2484" SrcFileId="4" StartOffset="2406"/>
<Loc EndOffset="2561" SrcFileId="4" StartOffset="2492"/>
<Loc EndOffset="2586" SrcFileId="4" StartOffset="2567"/>
<Loc EndOffset="2608" SrcFileId="4" StartOffset="2590"/>
<Loc EndOffset="2693" SrcFileId="4" StartOffset="2612"/>
<Loc EndOffset="2772" SrcFileId="4" StartOffset="2701"/>
<Loc EndOffset="2799" SrcFileId="4" StartOffset="2780"/>
<Loc EndOffset="2821" SrcFileId="4" StartOffset="2803"/>
<Loc EndOffset="2911" SrcFileId="4" StartOffset="2825"/>
<Loc EndOffset="3003" SrcFileId="4" StartOffset="2919"/>
<Loc EndOffset="3029" SrcFileId="4" StartOffset="3011"/>
<Loc EndOffset="3143" SrcFileId="4" StartOffset="3033"/>
<Loc EndOffset="3231" SrcFileId="4" StartOffset="3151"/>
<Loc EndOffset="3258" SrcFileId="4" StartOffset="3239"/>
<Loc EndOffset="3358" SrcFileId="4" StartOffset="3262"/>
<Loc EndOffset="3484" SrcFileId="4" StartOffset="3366"/>
</LocList>
<BasicStmnt CovItemId="S5" CovItemPrefix="devops.hw1.core.CardCollection.java" Intrnl_Id="252">
<LocList>
<Loc EndOffset="972" SrcFileId="4" StartOffset="911"/>
</LocList>
</BasicStmnt>
<BasicStmnt CovItemId="S6" CovItemPrefix="devops.hw1.core.CardCollection.java" Intrnl_Id="253">
<LocList>
<Loc EndOffset="1038" SrcFileId="4" StartOffset="976"/>
</LocList>
</BasicStmnt>
<BasicStmnt CovItemId="S7" CovItemPrefix="devops.hw1.core.CardCollection.java" Intrnl_Id="254">
<LocList>
<Loc EndOffset="1104" SrcFileId="4" StartOffset="1042"/>
</LocList>
</BasicStmnt>
<BasicStmnt CovItemId="S8" CovItemPrefix="devops.hw1.core.CardCollection.java" Intrnl_Id="255">
<LocList>
<Loc EndOffset="1170" SrcFileId="4" StartOffset="1108"/>
</LocList>
</BasicStmnt>
<BasicStmnt CovItemId="S9" CovItemPrefix="devops.hw1.core.CardCollection.java" Intrnl_Id="256">
<LocList>
<Loc EndOffset="1236" SrcFileId="4" StartOffset="1174"/>
</LocList>
</BasicStmnt>
<BasicStmnt CovItemId="S10" CovItemPrefix="devops.hw1.core.CardCollection.java" Intrnl_Id="257">
<LocList>
<Loc EndOffset="1302" SrcFileId="4" StartOffset="1240"/>
</LocList>
</BasicStmnt>
<BasicStmnt CovItemId="S11" CovItemPrefix="devops.hw1.core.CardCollection.java" Intrnl_Id="258">
<LocList>
<Loc EndOffset="1368" SrcFileId="4" StartOffset="1306"/>
</LocList>
</BasicStmnt>
<BasicStmnt CovItemId="S12" CovItemPrefix="devops.hw1.core.CardCollection.java" Intrnl_Id="259">
<LocList>
<Loc EndOffset="1434" SrcFileId="4" StartOffset="1372"/>
</LocList>
</BasicStmnt>
<BasicStmnt CovItemId="S13" CovItemPrefix="devops.hw1.core.CardCollection.java" Intrnl_Id="260">
<LocList>
<Loc EndOffset="1500" SrcFileId="4" StartOffset="1438"/>
</LocList>
</BasicStmnt>
<BasicStmnt CovItemId="S14" CovItemPrefix="devops.hw1.core.CardCollection.java" Intrnl_Id="261">
<LocList>
<Loc EndOffset="1566" SrcFileId="4" StartOffset="1504"/>
</LocList>
</BasicStmnt>
<BasicStmnt CovItemId="S15" CovItemPrefix="devops.hw1.core.CardCollection.java" Intrnl_Id="262">
<LocList>
<Loc EndOffset="1633" SrcFileId="4" StartOffset="1570"/>
</LocList>
</BasicStmnt>
<BasicStmnt CovItemId="S16" CovItemPrefix="devops.hw1.core.CardCollection.java" Intrnl_Id="263">
<LocList>
<Loc EndOffset="1700" SrcFileId="4" StartOffset="1637"/>
</LocList>
</BasicStmnt>
<BasicStmnt CovItemId="S17" CovItemPrefix="devops.hw1.core.CardCollection.java" Intrnl_Id="264">
<LocList>
<Loc EndOffset="1733" SrcFileId="4" StartOffset="1706"/>
</LocList>
</BasicStmnt>
<BasicStmnt CovItemId="S18" CovItemPrefix="devops.hw1.core.CardCollection.java" Intrnl_Id="265">
<LocList>
<Loc EndOffset="1811" SrcFileId="4" StartOffset="1741"/>
</LocList>
</BasicStmnt>
<BasicStmnt CovItemId="S19" CovItemPrefix="devops.hw1.core.CardCollection.java" Intrnl_Id="266">
<LocList>
<Loc EndOffset="1839" SrcFileId="4" StartOffset="1821"/>
</LocList>
</BasicStmnt>
<BasicStmnt CovItemId="S20" CovItemPrefix="devops.hw1.core.CardCollection.java" Intrnl_Id="267">
<LocList>
<Loc EndOffset="1923" SrcFileId="4" StartOffset="1843"/>
</LocList>
</BasicStmnt>
<BasicStmnt CovItemId="S21" CovItemPrefix="devops.hw1.core.CardCollection.java" Intrnl_Id="268">
<LocList>
<Loc EndOffset="1999" SrcFileId="4" StartOffset="1931"/>
</LocList>
</BasicStmnt>
<BasicStmnt CovItemId="S22" CovItemPrefix="devops.hw1.core.CardCollection.java" Intrnl_Id="269">
<LocList>
<Loc EndOffset="2024" SrcFileId="4" StartOffset="2005"/>
</LocList>
</BasicStmnt>
<BasicStmnt CovItemId="S23" CovItemPrefix="devops.hw1.core.CardCollection.java" Intrnl_Id="270">
<LocList>
<Loc EndOffset="2103" SrcFileId="4" StartOffset="2028"/>
</LocList>
</BasicStmnt>
<BasicStmnt CovItemId="S24" CovItemPrefix="devops.hw1.core.CardCollection.java" Intrnl_Id="271">
<LocList>
<Loc EndOffset="2182" SrcFileId="4" StartOffset="2111"/>
</LocList>
</BasicStmnt>
<BasicStmnt CovItemId="S25" CovItemPrefix="devops.hw1.core.CardCollection.java" Intrnl_Id="272">
<LocList>
<Loc EndOffset="2208" SrcFileId="4" StartOffset="2190"/>
</LocList>
</BasicStmnt>
<BasicStmnt CovItemId="S26" CovItemPrefix="devops.hw1.core.CardCollection.java" Intrnl_Id="273">
<LocList>
<Loc EndOffset="2299" SrcFileId="4" StartOffset="2212"/>
</LocList>
</BasicStmnt>
<BasicStmnt CovItemId="S27" CovItemPrefix="devops.hw1.core.CardCollection.java" Intrnl_Id="274">
<LocList>
<Loc EndOffset="2377" SrcFileId="4" StartOffset="2307"/>
</LocList>
</BasicStmnt>
<BasicStmnt CovItemId="S28" CovItemPrefix="devops.hw1.core.CardCollection.java" Intrnl_Id="275">
<LocList>
<Loc EndOffset="2402" SrcFileId="4" StartOffset="2383"/>
</LocList>
</BasicStmnt>
<BasicStmnt CovItemId="S29" CovItemPrefix="devops.hw1.core.CardCollection.java" Intrnl_Id="276">
<LocList>
<Loc EndOffset="2484" SrcFileId="4" StartOffset="2406"/>
</LocList>
</BasicStmnt>
<BasicStmnt CovItemId="S30" CovItemPrefix="devops.hw1.core.CardCollection.java" Intrnl_Id="277">
<LocList>
<Loc EndOffset="2561" SrcFileId="4" StartOffset="2492"/>
</LocList>
</BasicStmnt>
<BasicStmnt CovItemId="S31" CovItemPrefix="devops.hw1.core.CardCollection.java" Intrnl_Id="278">
<LocList>
<Loc EndOffset="2586" SrcFileId="4" StartOffset="2567"/>
</LocList>
</BasicStmnt>
<BasicStmnt CovItemId="S32" CovItemPrefix="devops.hw1.core.CardCollection.java" Intrnl_Id="279">
<LocList>
<Loc EndOffset="2608" SrcFileId="4" StartOffset="2590"/>
</LocList>
</BasicStmnt>
<BasicStmnt CovItemId="S33" CovItemPrefix="devops.hw1.core.CardCollection.java" Intrnl_Id="280">
<LocList>
<Loc EndOffset="2693" SrcFileId="4" StartOffset="2612"/>
</LocList>
</BasicStmnt>
<BasicStmnt CovItemId="S34" CovItemPrefix="devops.hw1.core.CardCollection.java" Intrnl_Id="281">
<LocList>
<Loc EndOffset="2772" SrcFileId="4" StartOffset="2701"/>
</LocList>
</BasicStmnt>
<BasicStmnt CovItemId="S35" CovItemPrefix="devops.hw1.core.CardCollection.java" Intrnl_Id="282">
<LocList>
<Loc EndOffset="2799" SrcFileId="4" StartOffset="2780"/>
</LocList>
</BasicStmnt>
<BasicStmnt CovItemId="S36" CovItemPrefix="devops.hw1.core.CardCollection.java" Intrnl_Id="283">
<LocList>
<Loc EndOffset="2821" SrcFileId="4" StartOffset="2803"/>
</LocList>
</BasicStmnt>
<BasicStmnt CovItemId="S37" CovItemPrefix="devops.hw1.core.CardCollection.java" Intrnl_Id="284">
<LocList>
<Loc EndOffset="2911" SrcFileId="4" StartOffset="2825"/>
</LocList>
</BasicStmnt>
<BasicStmnt CovItemId="S38" CovItemPrefix="devops.hw1.core.CardCollection.java" Intrnl_Id="285">
<LocList>
<Loc EndOffset="3003" SrcFileId="4" StartOffset="2919"/>
</LocList>
</BasicStmnt>
<BasicStmnt CovItemId="S39" CovItemPrefix="devops.hw1.core.CardCollection.java" Intrnl_Id="286">
<LocList>
<Loc EndOffset="3029" SrcFileId="4" StartOffset="3011"/>
</LocList>
</BasicStmnt>
<BasicStmnt CovItemId="S40" CovItemPrefix="devops.hw1.core.CardCollection.java" Intrnl_Id="287">
<LocList>
<Loc EndOffset="3143" SrcFileId="4" StartOffset="3033"/>
</LocList>
</BasicStmnt>
<BasicStmnt CovItemId="S41" CovItemPrefix="devops.hw1.core.CardCollection.java" Intrnl_Id="288">
<LocList>
<Loc EndOffset="3231" SrcFileId="4" StartOffset="3151"/>
</LocList>
</BasicStmnt>
<BasicStmnt CovItemId="S42" CovItemPrefix="devops.hw1.core.CardCollection.java" Intrnl_Id="289">
<LocList>
<Loc EndOffset="3258" SrcFileId="4" StartOffset="3239"/>
</LocList>
</BasicStmnt>
<BasicStmnt CovItemId="S43" CovItemPrefix="devops.hw1.core.CardCollection.java" Intrnl_Id="290">
<LocList>
<Loc EndOffset="3358" SrcFileId="4" StartOffset="3262"/>
</LocList>
</BasicStmnt>
<BasicStmnt CovItemId="S44" CovItemPrefix="devops.hw1.core.CardCollection.java" Intrnl_Id="291">
<LocList>
<Loc EndOffset="3484" SrcFileId="4" StartOffset="3366"/>
</LocList>
</BasicStmnt>
</StmntSeq>
</HierarchyLvl>
</HierarchyLvl>
<HierarchyLvl HierarchyLvlId="226" HierarchyLvlTypeId="21" Intrnl_Id="292" Name="CardListener">
<Header>
<Loc EndOffset="356" SrcFileId="5" StartOffset="306"/>
</Header>
<LocList>
<Loc EndOffset="2890" SrcFileId="5" StartOffset="306"/>
</LocList>
<HierarchyLvl HierarchyLvlId="219" HierarchyLvlTypeId="20" Intrnl_Id="293" Name="CardListener">
<Header>
<Loc EndOffset="679" SrcFileId="5" StartOffset="563"/>
</Header>
<LocList>
<Loc EndOffset="864" SrcFileId="5" StartOffset="563"/>
</LocList>
<StmntSeq Intrnl_Id="294">
<LocList>
<Loc EndOffset="726" SrcFileId="5" StartOffset="685"/>
<Loc EndOffset="771" SrcFileId="5" StartOffset="730"/>
<Loc EndOffset="796" SrcFileId="5" StartOffset="775"/>
<Loc EndOffset="819" SrcFileId="5" StartOffset="800"/>
</LocList>
<BasicStmnt CovItemId="S1" CovItemPrefix="devops.hw1.core.CardListener.java" Intrnl_Id="295">
<LocList>
<Loc EndOffset="726" SrcFileId="5" StartOffset="685"/>
</LocList>
</BasicStmnt>
<BasicStmnt CovItemId="S2" CovItemPrefix="devops.hw1.core.CardListener.java" Intrnl_Id="296">
<LocList>
<Loc EndOffset="771" SrcFileId="5" StartOffset="730"/>
</LocList>
</BasicStmnt>
<BasicStmnt CovItemId="S3" CovItemPrefix="devops.hw1.core.CardListener.java" Intrnl_Id="297">
<LocList>
<Loc EndOffset="796" SrcFileId="5" StartOffset="775"/>
</LocList>
</BasicStmnt>
<BasicStmnt CovItemId="S4" CovItemPrefix="devops.hw1.core.CardListener.java" Intrnl_Id="298">
<LocList>
<Loc EndOffset="819" SrcFileId="5" StartOffset="800"/>
</LocList>
</BasicStmnt>
</StmntSeq>
</HierarchyLvl>
<HierarchyLvl HierarchyLvlId="220" HierarchyLvlTypeId="20" Intrnl_Id="299" Name="mouseClicked">
<Header>
<Loc EndOffset="993" SrcFileId="5" StartOffset="955"/>
</Header>
<LocList>
<Loc EndOffset="2237" SrcFileId="5" StartOffset="955"/>
</LocList>
<StmntSeq Intrnl_Id="300">
<LocList>
<Loc EndOffset="1037" SrcFileId="5" StartOffset="999"/>
<Loc EndOffset="1089" SrcFileId="5" StartOffset="1041"/>
<Loc EndOffset="1114" SrcFileId="5" StartOffset="1093"/>
<Loc EndOffset="1139" SrcFileId="5" StartOffset="1118"/>
<Loc EndOffset="1659" SrcFileId="5" StartOffset="1194"/>
<Loc EndOffset="1692" SrcFileId="5" StartOffset="1665"/>
<Loc EndOffset="1744" SrcFileId="5" StartOffset="1717"/>
<Loc EndOffset="2215" SrcFileId="5" StartOffset="1824"/>
<Loc EndOffset="2231" SrcFileId="5" StartOffset="2219"/>
</LocList>
<BasicStmnt CovItemId="S5" CovItemPrefix="devops.hw1.core.CardListener.java" Intrnl_Id="301">
<LocList>
<Loc EndOffset="1037" SrcFileId="5" StartOffset="999"/>
</LocList>
</BasicStmnt>
<BasicStmnt CovItemId="S6" CovItemPrefix="devops.hw1.core.CardListener.java" Intrnl_Id="302">
<LocList>
<Loc EndOffset="1089" SrcFileId="5" StartOffset="1041"/>
</LocList>
</BasicStmnt>
<BasicStmnt CovItemId="S7" CovItemPrefix="devops.hw1.core.CardListener.java" Intrnl_Id="303">
<LocList>
<Loc EndOffset="1114" SrcFileId="5" StartOffset="1093"/>
</LocList>
</BasicStmnt>
<BasicStmnt CovItemId="S8" CovItemPrefix="devops.hw1.core.CardListener.java" Intrnl_Id="304">
<LocList>
<Loc EndOffset="1139" SrcFileId="5" StartOffset="1118"/>
</LocList>
</BasicStmnt>
<CondStmnt CovItemId="S9" CovItemPrefix="devops.hw1.core.CardListener.java" Intrnl_Id="305">
<Branch CovItemId="B1" CovItemPrefix="devops.hw1.core.CardListener.java" Implct="false" Intrnl_Id="306">
<Cond/>
<LocList>
<Loc EndOffset="1659" SrcFileId="5" StartOffset="1225"/>
</LocList>
<StmntSeq Intrnl_Id="307">
<LocList>
<Loc EndOffset="1278" SrcFileId="5" StartOffset="1231"/>
<Loc EndOffset="1654" SrcFileId="5" StartOffset="1288"/>
</LocList>
<BasicStmnt CovItemId="S10" CovItemPrefix="devops.hw1.core.CardListener.java" Intrnl_Id="308">
<LocList>
<Loc EndOffset="1278" SrcFileId="5" StartOffset="1231"/>
</LocList>
</BasicStmnt>
<LoopStmnt CovItemId="S11" CovItemPrefix="devops.hw1.core.CardListener.java" Intrnl_Id="309" MltplExecId="L1-2" MltplExecPrefix="devops.hw1.core.CardListener.java" NvrExecId="L1-0" NvrExecPrefix="devops.hw1.core.CardListener.java" OnceExecutedId="L1-1" OnceExecutedPrefix="devops.hw1.core.CardListener.java" OptBodyExec="true">
<StmntSeq Intrnl_Id="310">
<LocList>
<Loc EndOffset="1377" SrcFileId="5" StartOffset="1342"/>
<Loc EndOffset="1419" SrcFileId="5" StartOffset="1383"/>
<Loc EndOffset="1642" SrcFileId="5" StartOffset="1425"/>
</LocList>
<BasicStmnt CovItemId="S12" CovItemPrefix="devops.hw1.core.CardListener.java" Intrnl_Id="311">
<LocList>
<Loc EndOffset="1377" SrcFileId="5" StartOffset="1342"/>
</LocList>
</BasicStmnt>
<BasicStmnt CovItemId="S13" CovItemPrefix="devops.hw1.core.CardListener.java" Intrnl_Id="312">
<LocList>
<Loc EndOffset="1419" SrcFileId="5" StartOffset="1383"/>
</LocList>
</BasicStmnt>
<CondStmnt CovItemId="S14" CovItemPrefix="devops.hw1.core.CardListener.java" Intrnl_Id="313">
<Branch CovItemId="B3" CovItemPrefix="devops.hw1.core.CardListener.java" Implct="false" Intrnl_Id="314">
<Cond/>
<LocList>
<Loc EndOffset="1642" SrcFileId="5" StartOffset="1573"/>
</LocList>
<StmntSeq Intrnl_Id="315">
<LocList>
<Loc EndOffset="1622" SrcFileId="5" StartOffset="1581"/>
<Loc EndOffset="1635" SrcFileId="5" StartOffset="1629"/>
</LocList>
<BasicStmnt CovItemId="S15" CovItemPrefix="devops.hw1.core.CardListener.java" Intrnl_Id="316">
<LocList>
<Loc EndOffset="1622" SrcFileId="5" StartOffset="1581"/>
</LocList>
</BasicStmnt>
<BasicStmnt CovItemId="S16" CovItemPrefix="devops.hw1.core.CardListener.java" Intrnl_Id="317">
<LocList>
<Loc EndOffset="1635" SrcFileId="5" StartOffset="1629"/>
</LocList>
</BasicStmnt>
</StmntSeq>
</Branch>
<Branch CovItemId="B4" CovItemPrefix="devops.hw1.core.CardListener.java" Implct="true" Intrnl_Id="318">
<Cond/>
<LocList/>
<StmntSeq Intrnl_Id="319">
<LocList/>
</StmntSeq>
</Branch>
<Keyword EndOffset="1427" SrcFileId="5" StartOffset="1425"/>
<LocList>
<Loc EndOffset="1642" SrcFileId="5" StartOffset="1425"/>
</LocList>
<RootTerm CovItemId="C3" CovItemPrefix="devops.hw1.core.CardListener.java" Intrnl_Id="320">
<OpTerm BooleanOpId="16" Intrnl_Id="321">
<OpTerm BooleanOpId="16" Intrnl_Id="322">
<BasicBoolTerm Intrnl_Id="323">
<LocList>
<Loc EndOffset="1460" SrcFileId="5" StartOffset="1430"/>
</LocList>
</BasicBoolTerm>
<BasicBoolTerm Intrnl_Id="324">
<LocList>
<Loc EndOffset="1493" SrcFileId="5" StartOffset="1464"/>
</LocList>
</BasicBoolTerm>
<LocList>
<Loc EndOffset="1463" SrcFileId="5" StartOffset="1461"/>
</LocList>
</OpTerm>
<OpTerm BooleanOpId="16" Intrnl_Id="325">
<BasicBoolTerm Intrnl_Id="326">
<LocList>
<Loc EndOffset="1536" SrcFileId="5" StartOffset="1506"/>
</LocList>
</BasicBoolTerm>
<BasicBoolTerm Intrnl_Id="327">
<LocList>
<Loc EndOffset="1570" SrcFileId="5" StartOffset="1540"/>
</LocList>
</BasicBoolTerm>
<LocList>
<Loc EndOffset="1539" SrcFileId="5" StartOffset="1537"/>
</LocList>
</OpTerm>
<LocList>
<Loc EndOffset="1504" SrcFileId="5" StartOffset="1502"/>
</LocList>
</OpTerm>
</RootTerm>
</CondStmnt>
</StmntSeq>
<Keyword EndOffset="1291" SrcFileId="5" StartOffset="1288"/>
<LocList>
<Loc EndOffset="1654" SrcFileId="5" StartOffset="1288"/>
</LocList>
<RootTerm CovItemId="C2" CovItemPrefix="devops.hw1.core.CardListener.java" Intrnl_Id="328">
<BasicBoolTerm Intrnl_Id="329">
<LocList>
<Loc EndOffset="1328" SrcFileId="5" StartOffset="1304"/>
</LocList>
</BasicBoolTerm>
</RootTerm>
</LoopStmnt>
</StmntSeq>
</Branch>
<Branch CovItemId="B2" CovItemPrefix="devops.hw1.core.CardListener.java" Implct="true" Intrnl_Id="330">
<Cond/>
<LocList/>
<StmntSeq Intrnl_Id="331">
<LocList/>
</StmntSeq>
</Branch>
<Keyword EndOffset="1196" SrcFileId="5" StartOffset="1194"/>
<LocList>
<Loc EndOffset="1659" SrcFileId="5" StartOffset="1194"/>
</LocList>
<RootTerm CovItemId="C1" CovItemPrefix="devops.hw1.core.CardListener.java" Intrnl_Id="332">
<BasicBoolTerm Intrnl_Id="333">
<LocList>
<Loc EndOffset="1223" SrcFileId="5" StartOffset="1198"/>
</LocList>
</BasicBoolTerm>
</RootTerm>
</CondStmnt>
<BasicStmnt CovItemId="S17" CovItemPrefix="devops.hw1.core.CardListener.java" Intrnl_Id="334">
<LocList>
<Loc EndOffset="1692" SrcFileId="5" StartOffset="1665"/>
</LocList>
</BasicStmnt>
<BasicStmnt CovItemId="S18" CovItemPrefix="devops.hw1.core.CardListener.java" Intrnl_Id="335">
<LocList>
<Loc EndOffset="1744" SrcFileId="5" StartOffset="1717"/>
</LocList>
</BasicStmnt>
<LoopStmnt CovItemId="S19" CovItemPrefix="devops.hw1.core.CardListener.java" Intrnl_Id="336" MltplExecId="L2-2" MltplExecPrefix="devops.hw1.core.CardListener.java" NvrExecId="L2-0" NvrExecPrefix="devops.hw1.core.CardListener.java" OnceExecutedId="L2-1" OnceExecutedPrefix="devops.hw1.core.CardListener.java" OptBodyExec="true">
<StmntSeq Intrnl_Id="337">
<LocList>
<Loc EndOffset="1890" SrcFileId="5" StartOffset="1858"/>
<Loc EndOffset="1928" SrcFileId="5" StartOffset="1895"/>
<Loc EndOffset="2208" SrcFileId="5" StartOffset="1933"/>
</LocList>
<BasicStmnt CovItemId="S20" CovItemPrefix="devops.hw1.core.CardListener.java" Intrnl_Id="338">
<LocList>
<Loc EndOffset="1890" SrcFileId="5" StartOffset="1858"/>
</LocList>
</BasicStmnt>
<BasicStmnt CovItemId="S21" CovItemPrefix="devops.hw1.core.CardListener.java" Intrnl_Id="339">
<LocList>
<Loc EndOffset="1928" SrcFileId="5" StartOffset="1895"/>
</LocList>
</BasicStmnt>
<CondStmnt CovItemId="S22" CovItemPrefix="devops.hw1.core.CardListener.java" Intrnl_Id="340">
<Branch CovItemId="B5" CovItemPrefix="devops.hw1.core.CardListener.java" Implct="false" Intrnl_Id="341">
<Cond/>
<LocList>
<Loc EndOffset="2208" SrcFileId="5" StartOffset="2092"/>
</LocList>
<StmntSeq Intrnl_Id="342">
<LocList>
<Loc EndOffset="2190" SrcFileId="5" StartOffset="2099"/>
<Loc EndOffset="2202" SrcFileId="5" StartOffset="2196"/>
</LocList>
<CondStmnt CovItemId="S23" CovItemPrefix="devops.hw1.core.CardListener.java" Intrnl_Id="343">
<Branch CovItemId="B7" CovItemPrefix="devops.hw1.core.CardListener.java" Implct="false" Intrnl_Id="344">
<Cond/>
<LocList>
<Loc EndOffset="2190" SrcFileId="5" StartOffset="2143"/>
</LocList>
<StmntSeq Intrnl_Id="345">
<LocList>
<Loc EndOffset="2178" SrcFileId="5" StartOffset="2151"/>
</LocList>
<BasicStmnt CovItemId="S24" CovItemPrefix="devops.hw1.core.CardListener.java" Intrnl_Id="346">
<LocList>
<Loc EndOffset="2178" SrcFileId="5" StartOffset="2151"/>
</LocList>
</BasicStmnt>
</StmntSeq>
</Branch>
<Branch CovItemId="B8" CovItemPrefix="devops.hw1.core.CardListener.java" Implct="true" Intrnl_Id="347">
<Cond/>
<LocList/>
<StmntSeq Intrnl_Id="348">
<LocList/>
</StmntSeq>
</Branch>
<Keyword EndOffset="2101" SrcFileId="5" StartOffset="2099"/>
<LocList>
<Loc EndOffset="2190" SrcFileId="5" StartOffset="2099"/>
</LocList>
<RootTerm CovItemId="C6" CovItemPrefix="devops.hw1.core.CardListener.java" Intrnl_Id="349">
<BasicBoolTerm Intrnl_Id="350">
<LocList>
<Loc EndOffset="2141" SrcFileId="5" StartOffset="2103"/>
</LocList>
</BasicBoolTerm>
</RootTerm>
</CondStmnt>
<BasicStmnt CovItemId="S25" CovItemPrefix="devops.hw1.core.CardListener.java" Intrnl_Id="351">
<LocList>
<Loc EndOffset="2202" SrcFileId="5" StartOffset="2196"/>
</LocList>
</BasicStmnt>
</StmntSeq>
</Branch>
<Branch CovItemId="B6" CovItemPrefix="devops.hw1.core.CardListener.java" Implct="true" Intrnl_Id="352">
<Cond/>
<LocList/>
<StmntSeq Intrnl_Id="353">
<LocList/>
</StmntSeq>
</Branch>
<Keyword EndOffset="1935" SrcFileId="5" StartOffset="1933"/>
<LocList>
<Loc EndOffset="2208" SrcFileId="5" StartOffset="1933"/>
</LocList>
<RootTerm CovItemId="C5" CovItemPrefix="devops.hw1.core.CardListener.java" Intrnl_Id="354">
<OpTerm BooleanOpId="16" Intrnl_Id="355">
<OpTerm BooleanOpId="16" Intrnl_Id="356">
<BasicBoolTerm Intrnl_Id="357">
<LocList>
<Loc EndOffset="1968" SrcFileId="5" StartOffset="1938"/>
</LocList>
</BasicBoolTerm>
<BasicBoolTerm Intrnl_Id="358">
<LocList>
<Loc EndOffset="2001" SrcFileId="5" StartOffset="1972"/>
</LocList>
</BasicBoolTerm>
<LocList>
<Loc EndOffset="1971" SrcFileId="5" StartOffset="1969"/>
</LocList>
</OpTerm>
<OpTerm BooleanOpId="16" Intrnl_Id="359">
<BasicBoolTerm Intrnl_Id="360">
<LocList>
<Loc EndOffset="2049" SrcFileId="5" StartOffset="2013"/>
</LocList>
</BasicBoolTerm>
<BasicBoolTerm Intrnl_Id="361">
<LocList>
<Loc EndOffset="2089" SrcFileId="5" StartOffset="2053"/>
</LocList>
</BasicBoolTerm>
<LocList>
<Loc EndOffset="2052" SrcFileId="5" StartOffset="2050"/>
</LocList>
</OpTerm>
<LocList>
<Loc EndOffset="2011" SrcFileId="5" StartOffset="2009"/>
</LocList>
</OpTerm>
</RootTerm>
</CondStmnt>
</StmntSeq>
<Keyword EndOffset="1827" SrcFileId="5" StartOffset="1824"/>
<LocList>
<Loc EndOffset="2215" SrcFileId="5" StartOffset="1824"/>
</LocList>
<RootTerm CovItemId="C4" CovItemPrefix="devops.hw1.core.CardListener.java" Intrnl_Id="362">
<BasicBoolTerm Intrnl_Id="363">
<LocList>
<Loc EndOffset="1845" SrcFileId="5" StartOffset="1840"/>
</LocList>
</BasicBoolTerm>
</RootTerm>
</LoopStmnt>
<BasicStmnt CovItemId="S26" CovItemPrefix="devops.hw1.core.CardListener.java" Intrnl_Id="364">
<LocList>
<Loc EndOffset="2231" SrcFileId="5" StartOffset="2219"/>
</LocList>
</BasicStmnt>
</StmntSeq>
</HierarchyLvl>
<HierarchyLvl HierarchyLvlId="221" HierarchyLvlTypeId="20" Intrnl_Id="365" Name="updateGUI">
<Header>
<Loc EndOffset="2338" SrcFileId="5" StartOffset="2315"/>
</Header>
<LocList>
<Loc EndOffset="2583" SrcFileId="5" StartOffset="2315"/>
</LocList>
<StmntSeq Intrnl_Id="366">
<LocList>
<Loc EndOffset="2404" SrcFileId="5" StartOffset="2344"/>
<Loc EndOffset="2468" SrcFileId="5" StartOffset="2408"/>
<Loc EndOffset="2551" SrcFileId="5" StartOffset="2476"/>
<Loc EndOffset="2575" SrcFileId="5" StartOffset="2555"/>
</LocList>
<BasicStmnt CovItemId="S27" CovItemPrefix="devops.hw1.core.CardListener.java" Intrnl_Id="367">
<LocList>
<Loc EndOffset="2404" SrcFileId="5" StartOffset="2344"/>
</LocList>
</BasicStmnt>
<BasicStmnt CovItemId="S28" CovItemPrefix="devops.hw1.core.CardListener.java" Intrnl_Id="368">
<LocList>
<Loc EndOffset="2468" SrcFileId="5" StartOffset="2408"/>
</LocList>
</BasicStmnt>
<BasicStmnt CovItemId="S29" CovItemPrefix="devops.hw1.core.CardListener.java" Intrnl_Id="369">
<LocList>
<Loc EndOffset="2551" SrcFileId="5" StartOffset="2476"/>
</LocList>
</BasicStmnt>
<BasicStmnt CovItemId="S30" CovItemPrefix="devops.hw1.core.CardListener.java" Intrnl_Id="370">
<LocList>
<Loc EndOffset="2575" SrcFileId="5" StartOffset="2555"/>
</LocList>
</BasicStmnt>
</StmntSeq>
</HierarchyLvl>
<HierarchyLvl HierarchyLvlId="222" HierarchyLvlTypeId="20" Intrnl_Id="371" Name="mouseEntered">
<Header>
<Loc EndOffset="2633" SrcFileId="5" StartOffset="2592"/>
</Header>
<LocList>
<Loc EndOffset="2661" SrcFileId="5" StartOffset="2592"/>
</LocList>
</HierarchyLvl>
<HierarchyLvl HierarchyLvlId="223" HierarchyLvlTypeId="20" Intrnl_Id="372" Name="mouseExited">
<Header>
<Loc EndOffset="2706" SrcFileId="5" StartOffset="2666"/>
</Header>
<LocList>
<Loc EndOffset="2734" SrcFileId="5" StartOffset="2666"/>
</LocList>
</HierarchyLvl>
<HierarchyLvl HierarchyLvlId="224" HierarchyLvlTypeId="20" Intrnl_Id="373" Name="mousePressed">
<Header>
<Loc EndOffset="2780" SrcFileId="5" StartOffset="2739"/>
</Header>
<LocList>
<Loc EndOffset="2808" SrcFileId="5" StartOffset="2739"/>
</LocList>
</HierarchyLvl>
<HierarchyLvl HierarchyLvlId="225" HierarchyLvlTypeId="20" Intrnl_Id="374" Name="mouseReleased">
<Header>
<Loc EndOffset="2855" SrcFileId="5" StartOffset="2813"/>
</Header>
<LocList>
<Loc EndOffset="2883" SrcFileId="5" StartOffset="2813"/>
</LocList>
</HierarchyLvl>
</HierarchyLvl>
<HierarchyLvl HierarchyLvlId="230" HierarchyLvlTypeId="21" Intrnl_Id="375" Name="GameBoard">
<Header>
<Loc EndOffset="476" SrcFileId="6" StartOffset="410"/>
</Header>
<LocList>
<Loc EndOffset="3939" SrcFileId="6" StartOffset="410"/>
</LocList>
<StmntSeq Intrnl_Id="376">
<LocList>
<Loc EndOffset="571" SrcFileId="6" StartOffset="533"/>
<Loc EndOffset="612" SrcFileId="6" StartOffset="574"/>
<Loc EndOffset="687" SrcFileId="6" StartOffset="615"/>
<Loc EndOffset="902" SrcFileId="6" StartOffset="852"/>
<Loc EndOffset="955" SrcFileId="6" StartOffset="905"/>
<Loc EndOffset="1014" SrcFileId="6" StartOffset="958"/>
<Loc EndOffset="1076" SrcFileId="6" StartOffset="1017"/>
<Loc EndOffset="1579" SrcFileId="6" StartOffset="1547"/>
<Loc EndOffset="1622" SrcFileId="6" StartOffset="1583"/>
<Loc EndOffset="1663" SrcFileId="6" StartOffset="1625"/>
<Loc EndOffset="1739" SrcFileId="6" StartOffset="1709"/>
<Loc EndOffset="1766" SrcFileId="6" StartOffset="1742"/>
</LocList>
<BasicStmnt CovItemId="S1" CovItemPrefix="devops.hw1.core.GameBoard.java" Intrnl_Id="377">
<LocList>
<Loc EndOffset="571" SrcFileId="6" StartOffset="533"/>
</LocList>
</BasicStmnt>
<BasicStmnt CovItemId="S2" CovItemPrefix="devops.hw1.core.GameBoard.java" Intrnl_Id="378">
<LocList>
<Loc EndOffset="612" SrcFileId="6" StartOffset="574"/>
</LocList>
</BasicStmnt>
<BasicStmnt CovItemId="S3" CovItemPrefix="devops.hw1.core.GameBoard.java" Intrnl_Id="379">
<LocList>
<Loc EndOffset="687" SrcFileId="6" StartOffset="615"/>
</LocList>
</BasicStmnt>
<BasicStmnt CovItemId="S4" CovItemPrefix="devops.hw1.core.GameBoard.java" Intrnl_Id="380">
<LocList>
<Loc EndOffset="902" SrcFileId="6" StartOffset="852"/>
</LocList>
</BasicStmnt>
<BasicStmnt CovItemId="S5" CovItemPrefix="devops.hw1.core.GameBoard.java" Intrnl_Id="381">
<LocList>
<Loc EndOffset="955" SrcFileId="6" StartOffset="905"/>
</LocList>
</BasicStmnt>
<BasicStmnt CovItemId="S6" CovItemPrefix="devops.hw1.core.GameBoard.java" Intrnl_Id="382">
<LocList>
<Loc EndOffset="1014" SrcFileId="6" StartOffset="958"/>
</LocList>
</BasicStmnt>
<BasicStmnt CovItemId="S7" CovItemPrefix="devops.hw1.core.GameBoard.java" Intrnl_Id="383">
<LocList>
<Loc EndOffset="1076" SrcFileId="6" StartOffset="1017"/>
</LocList>
</BasicStmnt>
<BasicStmnt CovItemId="S8" CovItemPrefix="devops.hw1.core.GameBoard.java" Intrnl_Id="384">
<LocList>
<Loc EndOffset="1579" SrcFileId="6" StartOffset="1547"/>
</LocList>
</BasicStmnt>
<BasicStmnt CovItemId="S9" CovItemPrefix="devops.hw1.core.GameBoard.java" Intrnl_Id="385">
<LocList>
<Loc EndOffset="1622" SrcFileId="6" StartOffset="1583"/>
</LocList>
</BasicStmnt>
<BasicStmnt CovItemId="S10" CovItemPrefix="devops.hw1.core.GameBoard.java" Intrnl_Id="386">
<LocList>
<Loc EndOffset="1663" SrcFileId="6" StartOffset="1625"/>
</LocList>
</BasicStmnt>
<BasicStmnt CovItemId="S11" CovItemPrefix="devops.hw1.core.GameBoard.java" Intrnl_Id="387">
<LocList>
<Loc EndOffset="1739" SrcFileId="6" StartOffset="1709"/>
</LocList>
</BasicStmnt>
<BasicStmnt CovItemId="S12" CovItemPrefix="devops.hw1.core.GameBoard.java" Intrnl_Id="388">
<LocList>
<Loc EndOffset="1766" SrcFileId="6" StartOffset="1742"/>
</LocList>
</BasicStmnt>
</StmntSeq>
<HierarchyLvl HierarchyLvlId="227" HierarchyLvlTypeId="20" Intrnl_Id="389" Name="GameBoard">
<Header>
<Loc EndOffset="1849" SrcFileId="6" StartOffset="1831"/>
</Header>
<LocList>
<Loc EndOffset="2844" SrcFileId="6" StartOffset="1831"/>
</LocList>
<StmntSeq Intrnl_Id="390">
<LocList>
<Loc EndOffset="1907" SrcFileId="6" StartOffset="1899"/>
<Loc EndOffset="1962" SrcFileId="6" StartOffset="1943"/>
<Loc EndOffset="1986" SrcFileId="6" StartOffset="1966"/>
<Loc EndOffset="2009" SrcFileId="6" StartOffset="1990"/>
<Loc EndOffset="2035" SrcFileId="6" StartOffset="2013"/>
<Loc EndOffset="2084" SrcFileId="6" StartOffset="2043"/>
<Loc EndOffset="2129" SrcFileId="6" StartOffset="2088"/>
<Loc EndOffset="2211" SrcFileId="6" StartOffset="2175"/>
<Loc EndOffset="2251" SrcFileId="6" StartOffset="2215"/>
<Loc EndOffset="2290" SrcFileId="6" StartOffset="2255"/>
<Loc EndOffset="2337" SrcFileId="6" StartOffset="2294"/>
<Loc EndOffset="2380" SrcFileId="6" StartOffset="2345"/>
<Loc EndOffset="2419" SrcFileId="6" StartOffset="2388"/>
<Loc EndOffset="2464" SrcFileId="6" StartOffset="2423"/>
<Loc EndOffset="2498" SrcFileId="6" StartOffset="2468"/>
<Loc EndOffset="2532" SrcFileId="6" StartOffset="2502"/>
<Loc EndOffset="2565" SrcFileId="6" StartOffset="2536"/>
<Loc EndOffset="2602" SrcFileId="6" StartOffset="2573"/>
<Loc EndOffset="2643" SrcFileId="6" StartOffset="2606"/>
<Loc EndOffset="2687" SrcFileId="6" StartOffset="2647"/>
<Loc EndOffset="2745" SrcFileId="6" StartOffset="2691"/>
<Loc EndOffset="2799" SrcFileId="6" StartOffset="2749"/>
<Loc EndOffset="2840" SrcFileId="6" StartOffset="2803"/>
</LocList>
<BasicStmnt CovItemId="S13" CovItemPrefix="devops.hw1.core.GameBoard.java" Intrnl_Id="391">
<LocList>
<Loc EndOffset="1907" SrcFileId="6" StartOffset="1899"/>
</LocList>
</BasicStmnt>
<BasicStmnt CovItemId="S14" CovItemPrefix="devops.hw1.core.GameBoard.java" Intrnl_Id="392">
<LocList>
<Loc EndOffset="1962" SrcFileId="6" StartOffset="1943"/>
</LocList>
</BasicStmnt>
<BasicStmnt CovItemId="S15" CovItemPrefix="devops.hw1.core.GameBoard.java" Intrnl_Id="393">
<LocList>
<Loc EndOffset="1986" SrcFileId="6" StartOffset="1966"/>
</LocList>
</BasicStmnt>
<BasicStmnt CovItemId="S16" CovItemPrefix="devops.hw1.core.GameBoard.java" Intrnl_Id="394">
<LocList>
<Loc EndOffset="2009" SrcFileId="6" StartOffset="1990"/>
</LocList>
</BasicStmnt>
<BasicStmnt CovItemId="S17" CovItemPrefix="devops.hw1.core.GameBoard.java" Intrnl_Id="395">
<LocList>
<Loc EndOffset="2035" SrcFileId="6" StartOffset="2013"/>
</LocList>
</BasicStmnt>
<BasicStmnt CovItemId="S18" CovItemPrefix="devops.hw1.core.GameBoard.java" Intrnl_Id="396">
<LocList>
<Loc EndOffset="2084" SrcFileId="6" StartOffset="2043"/>
</LocList>
</BasicStmnt>
<BasicStmnt CovItemId="S19" CovItemPrefix="devops.hw1.core.GameBoard.java" Intrnl_Id="397">
<LocList>
<Loc EndOffset="2129" SrcFileId="6" StartOffset="2088"/>
</LocList>
</BasicStmnt>
<BasicStmnt CovItemId="S20" CovItemPrefix="devops.hw1.core.GameBoard.java" Intrnl_Id="398">
<LocList>
<Loc EndOffset="2211" SrcFileId="6" StartOffset="2175"/>
</LocList>
</BasicStmnt>
<BasicStmnt CovItemId="S21" CovItemPrefix="devops.hw1.core.GameBoard.java" Intrnl_Id="399">
<LocList>
<Loc EndOffset="2251" SrcFileId="6" StartOffset="2215"/>
</LocList>
</BasicStmnt>
<BasicStmnt CovItemId="S22" CovItemPrefix="devops.hw1.core.GameBoard.java" Intrnl_Id="400">
<LocList>
<Loc EndOffset="2290" SrcFileId="6" StartOffset="2255"/>
</LocList>
</BasicStmnt>
<BasicStmnt CovItemId="S23" CovItemPrefix="devops.hw1.core.GameBoard.java" Intrnl_Id="401">
<LocList>
<Loc EndOffset="2337" SrcFileId="6" StartOffset="2294"/>
</LocList>
</BasicStmnt>
<BasicStmnt CovItemId="S24" CovItemPrefix="devops.hw1.core.GameBoard.java" Intrnl_Id="402">
<LocList>
<Loc EndOffset="2380" SrcFileId="6" StartOffset="2345"/>
</LocList>
</BasicStmnt>
<BasicStmnt CovItemId="S25" CovItemPrefix="devops.hw1.core.GameBoard.java" Intrnl_Id="403">
<LocList>
<Loc EndOffset="2419" SrcFileId="6" StartOffset="2388"/>
</LocList>
</BasicStmnt>
<BasicStmnt CovItemId="S26" CovItemPrefix="devops.hw1.core.GameBoard.java" Intrnl_Id="404">
<LocList>
<Loc EndOffset="2464" SrcFileId="6" StartOffset="2423"/>
</LocList>
</BasicStmnt>
<BasicStmnt CovItemId="S27" CovItemPrefix="devops.hw1.core.GameBoard.java" Intrnl_Id="405">
<LocList>
<Loc EndOffset="2498" SrcFileId="6" StartOffset="2468"/>
</LocList>
</BasicStmnt>
<BasicStmnt CovItemId="S28" CovItemPrefix="devops.hw1.core.GameBoard.java" Intrnl_Id="406">
<LocList>
<Loc EndOffset="2532" SrcFileId="6" StartOffset="2502"/>
</LocList>
</BasicStmnt>
<BasicStmnt CovItemId="S29" CovItemPrefix="devops.hw1.core.GameBoard.java" Intrnl_Id="407">
<LocList>
<Loc EndOffset="2565" SrcFileId="6" StartOffset="2536"/>
</LocList>
</BasicStmnt>
<BasicStmnt CovItemId="S30" CovItemPrefix="devops.hw1.core.GameBoard.java" Intrnl_Id="408">
<LocList>
<Loc EndOffset="2602" SrcFileId="6" StartOffset="2573"/>
</LocList>
</BasicStmnt>
<BasicStmnt CovItemId="S31" CovItemPrefix="devops.hw1.core.GameBoard.java" Intrnl_Id="409">
<LocList>
<Loc EndOffset="2643" SrcFileId="6" StartOffset="2606"/>
</LocList>
</BasicStmnt>
<BasicStmnt CovItemId="S32" CovItemPrefix="devops.hw1.core.GameBoard.java" Intrnl_Id="410">
<LocList>
<Loc EndOffset="2687" SrcFileId="6" StartOffset="2647"/>
</LocList>
</BasicStmnt>
<BasicStmnt CovItemId="S33" CovItemPrefix="devops.hw1.core.GameBoard.java" Intrnl_Id="411">
<LocList>
<Loc EndOffset="2745" SrcFileId="6" StartOffset="2691"/>
</LocList>
</BasicStmnt>
<BasicStmnt CovItemId="S34" CovItemPrefix="devops.hw1.core.GameBoard.java" Intrnl_Id="412">
<LocList>
<Loc EndOffset="2799" SrcFileId="6" StartOffset="2749"/>
</LocList>
</BasicStmnt>
<BasicStmnt CovItemId="S35" CovItemPrefix="devops.hw1.core.GameBoard.java" Intrnl_Id="413">
<LocList>
<Loc EndOffset="2840" SrcFileId="6" StartOffset="2803"/>
</LocList>
</BasicStmnt>
</StmntSeq>
</HierarchyLvl>
<HierarchyLvl HierarchyLvlId="228" HierarchyLvlTypeId="20" Intrnl_Id="414" Name="GameBoard">
<Header>
<Loc EndOffset="2894" SrcFileId="6" StartOffset="2850"/>
</Header>
<LocList>
<Loc EndOffset="3132" SrcFileId="6" StartOffset="2850"/>
</LocList>
<StmntSeq Intrnl_Id="415">
<LocList>
<Loc EndOffset="2948" SrcFileId="6" StartOffset="2941"/>
<Loc EndOffset="3008" SrcFileId="6" StartOffset="2987"/>
<Loc EndOffset="3052" SrcFileId="6" StartOffset="3012"/>
<Loc EndOffset="3105" SrcFileId="6" StartOffset="3056"/>
<Loc EndOffset="3128" SrcFileId="6" StartOffset="3109"/>
</LocList>
<BasicStmnt CovItemId="S36" CovItemPrefix="devops.hw1.core.GameBoard.java" Intrnl_Id="416">
<LocList>
<Loc EndOffset="2948" SrcFileId="6" StartOffset="2941"/>
</LocList>
</BasicStmnt>
<BasicStmnt CovItemId="S37" CovItemPrefix="devops.hw1.core.GameBoard.java" Intrnl_Id="417">
<LocList>
<Loc EndOffset="3008" SrcFileId="6" StartOffset="2987"/>
</LocList>
</BasicStmnt>
<BasicStmnt CovItemId="S38" CovItemPrefix="devops.hw1.core.GameBoard.java" Intrnl_Id="418">
<LocList>
<Loc EndOffset="3052" SrcFileId="6" StartOffset="3012"/>
</LocList>
</BasicStmnt>
<BasicStmnt CovItemId="S39" CovItemPrefix="devops.hw1.core.GameBoard.java" Intrnl_Id="419">
<LocList>
<Loc EndOffset="3105" SrcFileId="6" StartOffset="3056"/>
</LocList>
</BasicStmnt>
<BasicStmnt CovItemId="S40" CovItemPrefix="devops.hw1.core.GameBoard.java" Intrnl_Id="420">
<LocList>
<Loc EndOffset="3128" SrcFileId="6" StartOffset="3109"/>
</LocList>
</BasicStmnt>
</StmntSeq>
</HierarchyLvl>
<HierarchyLvl HierarchyLvlId="229" HierarchyLvlTypeId="20" Intrnl_Id="421" Name="paint">
<Header>
<Loc EndOffset="3230" SrcFileId="6" StartOffset="3189"/>
</Header>
<LocList>
<Loc EndOffset="3930" SrcFileId="6" StartOffset="3189"/>
</LocList>
<StmntSeq Intrnl_Id="422">
<LocList>
<Loc EndOffset="3251" SrcFileId="6" StartOffset="3236"/>
<Loc EndOffset="3286" SrcFileId="6" StartOffset="3255"/>
<Loc EndOffset="3330" SrcFileId="6" StartOffset="3294"/>
<Loc EndOffset="3590" SrcFileId="6" StartOffset="3334"/>
<Loc EndOffset="3771" SrcFileId="6" StartOffset="3594"/>
<Loc EndOffset="3919" SrcFileId="6" StartOffset="3783"/>
</LocList>
<BasicStmnt CovItemId="S41" CovItemPrefix="devops.hw1.core.GameBoard.java" Intrnl_Id="423">
<LocList>
<Loc EndOffset="3251" SrcFileId="6" StartOffset="3236"/>
</LocList>
</BasicStmnt>
<BasicStmnt CovItemId="S42" CovItemPrefix="devops.hw1.core.GameBoard.java" Intrnl_Id="424">
<LocList>
<Loc EndOffset="3286" SrcFileId="6" StartOffset="3255"/>
</LocList>
</BasicStmnt>
<BasicStmnt CovItemId="S43" CovItemPrefix="devops.hw1.core.GameBoard.java" Intrnl_Id="425">
<LocList>
<Loc EndOffset="3330" SrcFileId="6" StartOffset="3294"/>
</LocList>
</BasicStmnt>
<CondStmnt CovItemId="S44" CovItemPrefix="devops.hw1.core.GameBoard.java" Intrnl_Id="426">
<Branch CovItemId="B1" CovItemPrefix="devops.hw1.core.GameBoard.java" Implct="false" Intrnl_Id="427">
<Cond/>
<LocList>
<Loc EndOffset="3590" SrcFileId="6" StartOffset="3349"/>
</LocList>
<StmntSeq Intrnl_Id="428">
<LocList>
<Loc EndOffset="3412" SrcFileId="6" StartOffset="3355"/>
<Loc EndOffset="3585" SrcFileId="6" StartOffset="3417"/>
</LocList>
<BasicStmnt CovItemId="S45" CovItemPrefix="devops.hw1.core.GameBoard.java" Intrnl_Id="429">
<LocList>
<Loc EndOffset="3412" SrcFileId="6" StartOffset="3355"/>
</LocList>
</BasicStmnt>
<LoopStmnt CovItemId="S46" CovItemPrefix="devops.hw1.core.GameBoard.java" Intrnl_Id="430" MltplExecId="L1-2" MltplExecPrefix="devops.hw1.core.GameBoard.java" NvrExecId="L1-0" NvrExecPrefix="devops.hw1.core.GameBoard.java" OnceExecutedId="L1-1" OnceExecutedPrefix="devops.hw1.core.GameBoard.java" OptBodyExec="true">
<StmntSeq Intrnl_Id="431">
<LocList>
<Loc EndOffset="3513" SrcFileId="6" StartOffset="3457"/>
<Loc EndOffset="3573" SrcFileId="6" StartOffset="3519"/>
</LocList>
<BasicStmnt CovItemId="S47" CovItemPrefix="devops.hw1.core.GameBoard.java" Intrnl_Id="432">
<LocList>
<Loc EndOffset="3513" SrcFileId="6" StartOffset="3457"/>
</LocList>
</BasicStmnt>
<BasicStmnt CovItemId="S48" CovItemPrefix="devops.hw1.core.GameBoard.java" Intrnl_Id="433">
<LocList>
<Loc EndOffset="3573" SrcFileId="6" StartOffset="3519"/>
</LocList>
</BasicStmnt>
</StmntSeq>
<Keyword EndOffset="3420" SrcFileId="6" StartOffset="3417"/>
<LocList>
<Loc EndOffset="3585" SrcFileId="6" StartOffset="3417"/>
</LocList>
<RootTerm CovItemId="C2" CovItemPrefix="devops.hw1.core.GameBoard.java" Intrnl_Id="434">
<BasicBoolTerm Intrnl_Id="435">
<LocList>
<Loc EndOffset="3444" SrcFileId="6" StartOffset="3432"/>
</LocList>
</BasicBoolTerm>
</RootTerm>
</LoopStmnt>
</StmntSeq>
</Branch>
<Branch CovItemId="B2" CovItemPrefix="devops.hw1.core.GameBoard.java" Implct="true" Intrnl_Id="436">
<Cond/>
<LocList/>
<StmntSeq Intrnl_Id="437">
<LocList/>
</StmntSeq>
</Branch>
<Keyword EndOffset="3336" SrcFileId="6" StartOffset="3334"/>
<LocList>
<Loc EndOffset="3590" SrcFileId="6" StartOffset="3334"/>
</LocList>
<RootTerm CovItemId="C1" CovItemPrefix="devops.hw1.core.GameBoard.java" Intrnl_Id="438">
<BasicBoolTerm Intrnl_Id="439">
<LocList>
<Loc EndOffset="3348" SrcFileId="6" StartOffset="3337"/>
</LocList>
</BasicBoolTerm>
</RootTerm>
</CondStmnt>
<LoopStmnt CovItemId="S49" CovItemPrefix="devops.hw1.core.GameBoard.java" Intrnl_Id="440" MltplExecId="L2-2" MltplExecPrefix="devops.hw1.core.GameBoard.java" NvrExecId="L2-0" NvrExecPrefix="devops.hw1.core.GameBoard.java" OnceExecutedId="L2-1" OnceExecutedPrefix="devops.hw1.core.GameBoard.java" OptBodyExec="true">
<StmntSeq Intrnl_Id="441">
<LocList>
<Loc EndOffset="3706" SrcFileId="6" StartOffset="3651"/>
<Loc EndOffset="3761" SrcFileId="6" StartOffset="3711"/>
</LocList>
<BasicStmnt CovItemId="S50" CovItemPrefix="devops.hw1.core.GameBoard.java" Intrnl_Id="442">
<LocList>
<Loc EndOffset="3706" SrcFileId="6" StartOffset="3651"/>
</LocList>
</BasicStmnt>
<BasicStmnt CovItemId="S51" CovItemPrefix="devops.hw1.core.GameBoard.java" Intrnl_Id="443">
<LocList>
<Loc EndOffset="3761" SrcFileId="6" StartOffset="3711"/>
</LocList>
</BasicStmnt>
</StmntSeq>
<Keyword EndOffset="3597" SrcFileId="6" StartOffset="3594"/>
<LocList>
<Loc EndOffset="3771" SrcFileId="6" StartOffset="3594"/>
</LocList>
<RootTerm CovItemId="C3" CovItemPrefix="devops.hw1.core.GameBoard.java" Intrnl_Id="444">
<BasicBoolTerm Intrnl_Id="445">
<LocList>
<Loc EndOffset="3639" SrcFileId="6" StartOffset="3609"/>
</LocList>
</BasicBoolTerm>
</RootTerm>
</LoopStmnt>
<CondStmnt CovItemId="S52" CovItemPrefix="devops.hw1.core.GameBoard.java" Intrnl_Id="446">
<Branch CovItemId="B3" CovItemPrefix="devops.hw1.core.GameBoard.java" Implct="false" Intrnl_Id="447">
<Cond/>
<LocList>
<Loc EndOffset="3919" SrcFileId="6" StartOffset="3813"/>
</LocList>
<StmntSeq Intrnl_Id="448">
<LocList>
<Loc EndOffset="3914" SrcFileId="6" StartOffset="3819"/>
</LocList>
<BasicStmnt CovItemId="S53" CovItemPrefix="devops.hw1.core.GameBoard.java" Intrnl_Id="449">
<LocList>
<Loc EndOffset="3914" SrcFileId="6" StartOffset="3819"/>
</LocList>
</BasicStmnt>
</StmntSeq>
</Branch>
<Branch CovItemId="B4" CovItemPrefix="devops.hw1.core.GameBoard.java" Implct="true" Intrnl_Id="450">
<Cond/>
<LocList/>
<StmntSeq Intrnl_Id="451">
<LocList/>
</StmntSeq>
</Branch>
<Keyword EndOffset="3785" SrcFileId="6" StartOffset="3783"/>
<LocList>
<Loc EndOffset="3919" SrcFileId="6" StartOffset="3783"/>
</LocList>
<RootTerm CovItemId="C4" CovItemPrefix="devops.hw1.core.GameBoard.java" Intrnl_Id="452">
<BasicBoolTerm Intrnl_Id="453">
<LocList>
<Loc EndOffset="3812" SrcFileId="6" StartOffset="3786"/>
</LocList>
</BasicBoolTerm>
</RootTerm>
</CondStmnt>
</StmntSeq>
</HierarchyLvl>
</HierarchyLvl>
<HierarchyLvl HierarchyLvlId="234" HierarchyLvlTypeId="21" Intrnl_Id="454" Name="HeroCard">
<Header>
<Loc EndOffset="130" SrcFileId="7" StartOffset="95"/>
</Header>
<LocList>
<Loc EndOffset="749" SrcFileId="7" StartOffset="95"/>
</LocList>
<HierarchyLvl HierarchyLvlId="231" HierarchyLvlTypeId="20" Intrnl_Id="455" Name="HeroCard">
<Header>
<Loc EndOffset="155" SrcFileId="7" StartOffset="138"/>
</Header>
<LocList>
<Loc EndOffset="178" SrcFileId="7" StartOffset="138"/>
</LocList>
<StmntSeq Intrnl_Id="456">
<LocList>
<Loc EndOffset="174" SrcFileId="7" StartOffset="160"/>
</LocList>
<BasicStmnt CovItemId="S1" CovItemPrefix="devops.hw1.core.HeroCard.java" Intrnl_Id="457">
<LocList>
<Loc EndOffset="174" SrcFileId="7" StartOffset="160"/>
</LocList>
</BasicStmnt>
</StmntSeq>
</HierarchyLvl>
<HierarchyLvl HierarchyLvlId="232" HierarchyLvlTypeId="20" Intrnl_Id="458" Name="HeroCard">
<Header>
<Loc EndOffset="206" SrcFileId="7" StartOffset="184"/>
</Header>
<LocList>
<Loc EndOffset="229" SrcFileId="7" StartOffset="184"/>
</LocList>
<StmntSeq Intrnl_Id="459">
<LocList>
<Loc EndOffset="225" SrcFileId="7" StartOffset="211"/>
</LocList>
<BasicStmnt CovItemId="S2" CovItemPrefix="devops.hw1.core.HeroCard.java" Intrnl_Id="460">
<LocList>
<Loc EndOffset="225" SrcFileId="7" StartOffset="211"/>
</LocList>
</BasicStmnt>
</StmntSeq>
</HierarchyLvl>
<HierarchyLvl HierarchyLvlId="233" HierarchyLvlTypeId="20" Intrnl_Id="461" Name="HeroCard">
<Header>
<Loc EndOffset="571" SrcFileId="7" StartOffset="435"/>
</Header>
<LocList>
<Loc EndOffset="744" SrcFileId="7" StartOffset="435"/>
</LocList>
<StmntSeq Intrnl_Id="462">
<LocList>
<Loc EndOffset="596" SrcFileId="7" StartOffset="577"/>
<Loc EndOffset="617" SrcFileId="7" StartOffset="600"/>
<Loc EndOffset="644" SrcFileId="7" StartOffset="621"/>
<Loc EndOffset="665" SrcFileId="7" StartOffset="648"/>
<Loc EndOffset="688" SrcFileId="7" StartOffset="669"/>
<Loc EndOffset="713" SrcFileId="7" StartOffset="692"/>
<Loc EndOffset="740" SrcFileId="7" StartOffset="717"/>
</LocList>
<BasicStmnt CovItemId="S3" CovItemPrefix="devops.hw1.core.HeroCard.java" Intrnl_Id="463">
<LocList>
<Loc EndOffset="596" SrcFileId="7" StartOffset="577"/>
</LocList>
</BasicStmnt>
<BasicStmnt CovItemId="S4" CovItemPrefix="devops.hw1.core.HeroCard.java" Intrnl_Id="464">
<LocList>
<Loc EndOffset="617" SrcFileId="7" StartOffset="600"/>
</LocList>
</BasicStmnt>
<BasicStmnt CovItemId="S5" CovItemPrefix="devops.hw1.core.HeroCard.java" Intrnl_Id="465">
<LocList>
<Loc EndOffset="644" SrcFileId="7" StartOffset="621"/>
</LocList>
</BasicStmnt>
<BasicStmnt CovItemId="S6" CovItemPrefix="devops.hw1.core.HeroCard.java" Intrnl_Id="466">
<LocList>
<Loc EndOffset="665" SrcFileId="7" StartOffset="648"/>
</LocList>
</BasicStmnt>
<BasicStmnt CovItemId="S7" CovItemPrefix="devops.hw1.core.HeroCard.java" Intrnl_Id="467">
<LocList>
<Loc EndOffset="688" SrcFileId="7" StartOffset="669"/>
</LocList>
</BasicStmnt>
<BasicStmnt CovItemId="S8" CovItemPrefix="devops.hw1.core.HeroCard.java" Intrnl_Id="468">
<LocList>
<Loc EndOffset="713" SrcFileId="7" StartOffset="692"/>
</LocList>
</BasicStmnt>
<BasicStmnt CovItemId="S9" CovItemPrefix="devops.hw1.core.HeroCard.java" Intrnl_Id="469">
<LocList>
<Loc EndOffset="740" SrcFileId="7" StartOffset="717"/>
</LocList>
</BasicStmnt>
</StmntSeq>
</HierarchyLvl>
</HierarchyLvl>
<HierarchyLvl HierarchyLvlId="237" HierarchyLvlTypeId="19" Intrnl_Id="470" Name="IData">
<Header>
<Loc EndOffset="82" SrcFileId="8" StartOffset="28"/>
</Header>
<LocList>
<Loc EndOffset="133" SrcFileId="8" StartOffset="28"/>
</LocList>
<HierarchyLvl HierarchyLvlId="235" HierarchyLvlTypeId="20" Intrnl_Id="471" Name="getId">
<Header>
<Loc EndOffset="106" SrcFileId="8" StartOffset="87"/>
</Header>
<LocList>
<Loc EndOffset="107" SrcFileId="8" StartOffset="87"/>
</LocList>
</HierarchyLvl>
<HierarchyLvl HierarchyLvlId="236" HierarchyLvlTypeId="20" Intrnl_Id="472" Name="getValue">
<Header>
<Loc EndOffset="129" SrcFileId="8" StartOffset="110"/>
</Header>
<LocList>
<Loc EndOffset="130" SrcFileId="8" StartOffset="110"/>
</LocList>
</HierarchyLvl>
</HierarchyLvl>
<HierarchyLvl HierarchyLvlId="239" HierarchyLvlTypeId="21" Intrnl_Id="473" Name="MainGUI">
<Header>
<Loc EndOffset="220" SrcFileId="9" StartOffset="200"/>
</Header>
<LocList>
<Loc EndOffset="865" SrcFileId="9" StartOffset="200"/>
</LocList>
<StmntSeq Intrnl_Id="474">
<LocList>
<Loc EndOffset="266" SrcFileId="9" StartOffset="228"/>
<Loc EndOffset="307" SrcFileId="9" StartOffset="269"/>
</LocList>
<BasicStmnt CovItemId="S1" CovItemPrefix="devops.hw1.core.MainGUI.java" Intrnl_Id="475">
<LocList>
<Loc EndOffset="266" SrcFileId="9" StartOffset="228"/>
</LocList>
</BasicStmnt>
<BasicStmnt CovItemId="S2" CovItemPrefix="devops.hw1.core.MainGUI.java" Intrnl_Id="476">
<LocList>
<Loc EndOffset="307" SrcFileId="9" StartOffset="269"/>
</LocList>
</BasicStmnt>
</StmntSeq>
<HierarchyLvl HierarchyLvlId="238" HierarchyLvlTypeId="20" Intrnl_Id="477" Name="main">
<Header>
<Loc EndOffset="350" SrcFileId="9" StartOffset="312"/>
</Header>
<LocList>
<Loc EndOffset="862" SrcFileId="9" StartOffset="312"/>
</LocList>
<StmntSeq Intrnl_Id="478">
<LocList>
<Loc EndOffset="393" SrcFileId="9" StartOffset="356"/>
<Loc EndOffset="423" SrcFileId="9" StartOffset="397"/>
<Loc EndOffset="447" SrcFileId="9" StartOffset="427"/>
<Loc EndOffset="503" SrcFileId="9" StartOffset="451"/>
<Loc EndOffset="546" SrcFileId="9" StartOffset="507"/>
<Loc EndOffset="579" SrcFileId="9" StartOffset="550"/>
<Loc EndOffset="692" SrcFileId="9" StartOffset="587"/>
<Loc EndOffset="742" SrcFileId="9" StartOffset="700"/>
<Loc EndOffset="770" SrcFileId="9" StartOffset="750"/>
<Loc EndOffset="831" SrcFileId="9" StartOffset="778"/>
<Loc EndOffset="858" SrcFileId="9" StartOffset="835"/>
</LocList>
<BasicStmnt CovItemId="S3" CovItemPrefix="devops.hw1.core.MainGUI.java" Intrnl_Id="479">
<LocList>
<Loc EndOffset="393" SrcFileId="9" StartOffset="356"/>
</LocList>
</BasicStmnt>
<BasicStmnt CovItemId="S4" CovItemPrefix="devops.hw1.core.MainGUI.java" Intrnl_Id="480">
<LocList>
<Loc EndOffset="423" SrcFileId="9" StartOffset="397"/>
</LocList>
</BasicStmnt>
<BasicStmnt CovItemId="S5" CovItemPrefix="devops.hw1.core.MainGUI.java" Intrnl_Id="481">
<LocList>
<Loc EndOffset="447" SrcFileId="9" StartOffset="427"/>
</LocList>
</BasicStmnt>
<BasicStmnt CovItemId="S6" CovItemPrefix="devops.hw1.core.MainGUI.java" Intrnl_Id="482">
<LocList>
<Loc EndOffset="503" SrcFileId="9" StartOffset="451"/>
</LocList>
</BasicStmnt>
<BasicStmnt CovItemId="S7" CovItemPrefix="devops.hw1.core.MainGUI.java" Intrnl_Id="483">
<LocList>
<Loc EndOffset="546" SrcFileId="9" StartOffset="507"/>
</LocList>
</BasicStmnt>
<BasicStmnt CovItemId="S8" CovItemPrefix="devops.hw1.core.MainGUI.java" Intrnl_Id="484">
<LocList>
<Loc EndOffset="579" SrcFileId="9" StartOffset="550"/>
</LocList>
</BasicStmnt>
<BasicStmnt CovItemId="S9" CovItemPrefix="devops.hw1.core.MainGUI.java" Intrnl_Id="485">
<LocList>
<Loc EndOffset="692" SrcFileId="9" StartOffset="587"/>
</LocList>
</BasicStmnt>
<BasicStmnt CovItemId="S10" CovItemPrefix="devops.hw1.core.MainGUI.java" Intrnl_Id="486">
<LocList>
<Loc EndOffset="742" SrcFileId="9" StartOffset="700"/>
</LocList>
</BasicStmnt>
<BasicStmnt CovItemId="S11" CovItemPrefix="devops.hw1.core.MainGUI.java" Intrnl_Id="487">
<LocList>
<Loc EndOffset="770" SrcFileId="9" StartOffset="750"/>
</LocList>
</BasicStmnt>
<BasicStmnt CovItemId="S12" CovItemPrefix="devops.hw1.core.MainGUI.java" Intrnl_Id="488">
<LocList>
<Loc EndOffset="831" SrcFileId="9" StartOffset="778"/>
</LocList>
</BasicStmnt>
<BasicStmnt CovItemId="S13" CovItemPrefix="devops.hw1.core.MainGUI.java" Intrnl_Id="489">
<LocList>
<Loc EndOffset="858" SrcFileId="9" StartOffset="835"/>
</LocList>
</BasicStmnt>
</StmntSeq>
</HierarchyLvl>
</HierarchyLvl>
<HierarchyLvl HierarchyLvlId="242" HierarchyLvlTypeId="21" Intrnl_Id="490" Name="NumericData">
<Header>
<Loc EndOffset="79" SrcFileId="10" StartOffset="28"/>
</Header>
<LocList>
<Loc EndOffset="399" SrcFileId="10" StartOffset="28"/>
</LocList>
<HierarchyLvl HierarchyLvlId="240" HierarchyLvlTypeId="20" Intrnl_Id="491" Name="NumericData">
<Header>
<Loc EndOffset="125" SrcFileId="10" StartOffset="86"/>
</Header>
<LocList>
<Loc EndOffset="152" SrcFileId="10" StartOffset="86"/>
</LocList>
<StmntSeq Intrnl_Id="492">
<LocList>
<Loc EndOffset="148" SrcFileId="10" StartOffset="131"/>
</LocList>
<BasicStmnt CovItemId="S1" CovItemPrefix="devops.hw1.core.NumericData.java" Intrnl_Id="493">
<LocList>
<Loc EndOffset="148" SrcFileId="10" StartOffset="131"/>
</LocList>
</BasicStmnt>
</StmntSeq>
</HierarchyLvl>
<HierarchyLvl HierarchyLvlId="241" HierarchyLvlTypeId="20" Intrnl_Id="494" Name="compareTo">
<Header>
<Loc EndOffset="208" SrcFileId="10" StartOffset="157"/>
</Header>
<LocList>
<Loc EndOffset="396" SrcFileId="10" StartOffset="157"/>
</LocList>
<StmntSeq Intrnl_Id="495">
<LocList>
<Loc EndOffset="250" SrcFileId="10" StartOffset="214"/>
<Loc EndOffset="289" SrcFileId="10" StartOffset="258"/>
<Loc EndOffset="328" SrcFileId="10" StartOffset="293"/>
<Loc EndOffset="374" SrcFileId="10" StartOffset="336"/>
<Loc EndOffset="392" SrcFileId="10" StartOffset="382"/>
</LocList>
<CondStmnt CovItemId="S2" CovItemPrefix="devops.hw1.core.NumericData.java" Intrnl_Id="496">
<Branch CovItemId="B1" CovItemPrefix="devops.hw1.core.NumericData.java" Implct="false" Intrnl_Id="497">
<Cond/>
<LocList>
<Loc EndOffset="250" SrcFileId="10" StartOffset="241"/>
</LocList>
<StmntSeq Intrnl_Id="498">
<LocList>
<Loc EndOffset="250" SrcFileId="10" StartOffset="241"/>
</LocList>
<BasicStmnt CovItemId="S3" CovItemPrefix="devops.hw1.core.NumericData.java" Intrnl_Id="499">
<LocList>
<Loc EndOffset="250" SrcFileId="10" StartOffset="241"/>
</LocList>
</BasicStmnt>
</StmntSeq>
</Branch>
<Branch CovItemId="B2" CovItemPrefix="devops.hw1.core.NumericData.java" Implct="true" Intrnl_Id="500">
<Cond/>
<LocList/>
<StmntSeq Intrnl_Id="501">
<LocList/>
</StmntSeq>
</Branch>
<Keyword EndOffset="216" SrcFileId="10" StartOffset="214"/>
<LocList>
<Loc EndOffset="250" SrcFileId="10" StartOffset="214"/>
</LocList>
<RootTerm CovItemId="C1" CovItemPrefix="devops.hw1.core.NumericData.java" Intrnl_Id="502">
<BasicBoolTerm Intrnl_Id="503">
<LocList>
<Loc EndOffset="235" SrcFileId="10" StartOffset="217"/>
</LocList>
</BasicBoolTerm>
</RootTerm>
</CondStmnt>
<BasicStmnt CovItemId="S4" CovItemPrefix="devops.hw1.core.NumericData.java" Intrnl_Id="504">
<LocList>
<Loc EndOffset="289" SrcFileId="10" StartOffset="258"/>
</LocList>
</BasicStmnt>
<BasicStmnt CovItemId="S5" CovItemPrefix="devops.hw1.core.NumericData.java" Intrnl_Id="505">
<LocList>
<Loc EndOffset="328" SrcFileId="10" StartOffset="293"/>
</LocList>
</BasicStmnt>
<CondStmnt CovItemId="S6" CovItemPrefix="devops.hw1.core.NumericData.java" Intrnl_Id="506">
<Branch CovItemId="B3" CovItemPrefix="devops.hw1.core.NumericData.java" Implct="false" Intrnl_Id="507">
<Cond/>
<LocList>
<Loc EndOffset="374" SrcFileId="10" StartOffset="365"/>
</LocList>
<StmntSeq Intrnl_Id="508">
<LocList>
<Loc EndOffset="374" SrcFileId="10" StartOffset="365"/>
</LocList>
<BasicStmnt CovItemId="S7" CovItemPrefix="devops.hw1.core.NumericData.java" Intrnl_Id="509">
<LocList>
<Loc EndOffset="374" SrcFileId="10" StartOffset="365"/>
</LocList>
</BasicStmnt>
</StmntSeq>
</Branch>
<Branch CovItemId="B4" CovItemPrefix="devops.hw1.core.NumericData.java" Implct="true" Intrnl_Id="510">
<Cond/>
<LocList/>
<StmntSeq Intrnl_Id="511">
<LocList/>
</StmntSeq>
</Branch>
<Keyword EndOffset="338" SrcFileId="10" StartOffset="336"/>
<LocList>
<Loc EndOffset="374" SrcFileId="10" StartOffset="336"/>
</LocList>
<RootTerm CovItemId="C2" CovItemPrefix="devops.hw1.core.NumericData.java" Intrnl_Id="512">
<BasicBoolTerm Intrnl_Id="513">
<LocList>
<Loc EndOffset="359" SrcFileId="10" StartOffset="339"/>
</LocList>
</BasicBoolTerm>
</RootTerm>
</CondStmnt>
<BasicStmnt CovItemId="S8" CovItemPrefix="devops.hw1.core.NumericData.java" Intrnl_Id="514">
<LocList>
<Loc EndOffset="392" SrcFileId="10" StartOffset="382"/>
</LocList>
</BasicStmnt>
</StmntSeq>
</HierarchyLvl>
</HierarchyLvl>
<HierarchyLvl HierarchyLvlId="269" HierarchyLvlTypeId="21" Intrnl_Id="515" Name="Player">
<Header>
<Loc EndOffset="270" SrcFileId="11" StartOffset="251"/>
</Header>
<LocList>
<Loc EndOffset="6946" SrcFileId="11" StartOffset="251"/>
</LocList>
<HierarchyLvl HierarchyLvlId="243" HierarchyLvlTypeId="20" Intrnl_Id="516" Name="Player">
<Header>
<Loc EndOffset="582" SrcFileId="11" StartOffset="566"/>
</Header>
<LocList>
<Loc EndOffset="930" SrcFileId="11" StartOffset="566"/>
</LocList>
<StmntSeq Intrnl_Id="517">
<LocList>
<Loc EndOffset="620" SrcFileId="11" StartOffset="599"/>
<Loc EndOffset="701" SrcFileId="11" StartOffset="589"/>
<Loc EndOffset="747" SrcFileId="11" StartOffset="705"/>
<Loc EndOffset="792" SrcFileId="11" StartOffset="751"/>
<Loc EndOffset="838" SrcFileId="11" StartOffset="796"/>
<Loc EndOffset="864" SrcFileId="11" StartOffset="842"/>
<Loc EndOffset="905" SrcFileId="11" StartOffset="868"/>
<Loc EndOffset="926" SrcFileId="11" StartOffset="909"/>
</LocList>
<BasicStmnt CovItemId="S2" CovItemPrefix="devops.hw1.core.Player.java" Intrnl_Id="518">
<LocList>
<Loc EndOffset="620" SrcFileId="11" StartOffset="599"/>
</LocList>
</BasicStmnt>
<CondStmnt CovItemId="S1" CovItemPrefix="devops.hw1.core.Player.java" Intrnl_Id="519">
<Branch CovItemId="B1" CovItemPrefix="devops.hw1.core.Player.java" Implct="true" Intrnl_Id="520">
<Cond/>
<LocList/>
<StmntSeq Intrnl_Id="521">
<LocList/>
</StmntSeq>
</Branch>
<Branch CovItemId="B2" CovItemPrefix="devops.hw1.core.Player.java" Implct="false" Intrnl_Id="522">
<Cond>
<Loc EndOffset="647" SrcFileId="11" StartOffset="626"/>
</Cond>
<LocList>
<Loc EndOffset="701" SrcFileId="11" StartOffset="648"/>
</LocList>
<StmntSeq Intrnl_Id="523">
<LocList>
<Loc EndOffset="696" SrcFileId="11" StartOffset="654"/>
</LocList>
<BasicStmnt CovItemId="S3" CovItemPrefix="devops.hw1.core.Player.java" Intrnl_Id="524">
<LocList>
<Loc EndOffset="696" SrcFileId="11" StartOffset="654"/>
</LocList>
</BasicStmnt>
</StmntSeq>
</Branch>
<Keyword EndOffset="592" SrcFileId="11" StartOffset="589"/>
<LocList>
<Loc EndOffset="701" SrcFileId="11" StartOffset="589"/>
</LocList>
</CondStmnt>
<BasicStmnt CovItemId="S4" CovItemPrefix="devops.hw1.core.Player.java" Intrnl_Id="525">
<LocList>
<Loc EndOffset="747" SrcFileId="11" StartOffset="705"/>
</LocList>
</BasicStmnt>
<BasicStmnt CovItemId="S5" CovItemPrefix="devops.hw1.core.Player.java" Intrnl_Id="526">
<LocList>
<Loc EndOffset="792" SrcFileId="11" StartOffset="751"/>
</LocList>
</BasicStmnt>
<BasicStmnt CovItemId="S6" CovItemPrefix="devops.hw1.core.Player.java" Intrnl_Id="527">
<LocList>
<Loc EndOffset="838" SrcFileId="11" StartOffset="796"/>
</LocList>
</BasicStmnt>
<BasicStmnt CovItemId="S7" CovItemPrefix="devops.hw1.core.Player.java" Intrnl_Id="528">
<LocList>
<Loc EndOffset="864" SrcFileId="11" StartOffset="842"/>
</LocList>
</BasicStmnt>
<BasicStmnt CovItemId="S8" CovItemPrefix="devops.hw1.core.Player.java" Intrnl_Id="529">
<LocList>
<Loc EndOffset="905" SrcFileId="11" StartOffset="868"/>
</LocList>
</BasicStmnt>
<BasicStmnt CovItemId="S9" CovItemPrefix="devops.hw1.core.Player.java" Intrnl_Id="530">
<LocList>
<Loc EndOffset="926" SrcFileId="11" StartOffset="909"/>
</LocList>
</BasicStmnt>
</StmntSeq>
</HierarchyLvl>
<HierarchyLvl HierarchyLvlId="244" HierarchyLvlTypeId="20" Intrnl_Id="531" Name="initialiseDeck">
<Header>
<Loc EndOffset="981" SrcFileId="11" StartOffset="953"/>
</Header>
<LocList>
<Loc EndOffset="1166" SrcFileId="11" StartOffset="953"/>
</LocList>
<StmntSeq Intrnl_Id="532">
<LocList>
<Loc EndOffset="1074" SrcFileId="11" StartOffset="988"/>
<Loc EndOffset="1160" SrcFileId="11" StartOffset="1078"/>
</LocList>
<LoopStmnt CovItemId="S10" CovItemPrefix="devops.hw1.core.Player.java" Intrnl_Id="533" MltplExecId="L1-2" MltplExecPrefix="devops.hw1.core.Player.java" NvrExecId="L1-0" NvrExecPrefix="devops.hw1.core.Player.java" OnceExecutedId="L1-1" OnceExecutedPrefix="devops.hw1.core.Player.java" OptBodyExec="true">
<StmntSeq Intrnl_Id="534">
<LocList>
<Loc EndOffset="1069" SrcFileId="11" StartOffset="1023"/>
</LocList>
<BasicStmnt CovItemId="S11" CovItemPrefix="devops.hw1.core.Player.java" Intrnl_Id="535">
<LocList>
<Loc EndOffset="1069" SrcFileId="11" StartOffset="1023"/>
</LocList>
</BasicStmnt>
</StmntSeq>
<Keyword EndOffset="991" SrcFileId="11" StartOffset="988"/>
<LocList>
<Loc EndOffset="1074" SrcFileId="11" StartOffset="988"/>
</LocList>
<RootTerm CovItemId="C1" CovItemPrefix="devops.hw1.core.Player.java" Intrnl_Id="536">
<BasicBoolTerm Intrnl_Id="537">
<LocList>
<Loc EndOffset="1009" SrcFileId="11" StartOffset="1004"/>
</LocList>
</BasicBoolTerm>
</RootTerm>
</LoopStmnt>
<LoopStmnt CovItemId="S12" CovItemPrefix="devops.hw1.core.Player.java" Intrnl_Id="538" MltplExecId="L2-2" MltplExecPrefix="devops.hw1.core.Player.java" NvrExecId="L2-0" NvrExecPrefix="devops.hw1.core.Player.java" OnceExecutedId="L2-1" OnceExecutedPrefix="devops.hw1.core.Player.java" OptBodyExec="true">
<StmntSeq Intrnl_Id="539">
<LocList>
<Loc EndOffset="1155" SrcFileId="11" StartOffset="1112"/>
</LocList>
<BasicStmnt CovItemId="S13" CovItemPrefix="devops.hw1.core.Player.java" Intrnl_Id="540">
<LocList>
<Loc EndOffset="1155" SrcFileId="11" StartOffset="1112"/>
</LocList>
</BasicStmnt>
</StmntSeq>
<Keyword EndOffset="1081" SrcFileId="11" StartOffset="1078"/>
<LocList>
<Loc EndOffset="1160" SrcFileId="11" StartOffset="1078"/>
</LocList>
<RootTerm CovItemId="C2" CovItemPrefix="devops.hw1.core.Player.java" Intrnl_Id="541">
<BasicBoolTerm Intrnl_Id="542">
<LocList>
<Loc EndOffset="1099" SrcFileId="11" StartOffset="1094"/>
</LocList>
</BasicBoolTerm>
</RootTerm>
</LoopStmnt>
</StmntSeq>
</HierarchyLvl>
<HierarchyLvl HierarchyLvlId="245" HierarchyLvlTypeId="20" Intrnl_Id="543" Name="endTurn">
<Header>
<Loc EndOffset="1313" SrcFileId="11" StartOffset="1292"/>
</Header>
<LocList>
<Loc EndOffset="1434" SrcFileId="11" StartOffset="1292"/>
</LocList>
<StmntSeq Intrnl_Id="544">
<LocList>
<Loc EndOffset="1408" SrcFileId="11" StartOffset="1318"/>
<Loc EndOffset="1429" SrcFileId="11" StartOffset="1412"/>
</LocList>
<LoopStmnt CovItemId="S14" CovItemPrefix="devops.hw1.core.Player.java" Intrnl_Id="545" MltplExecId="L3-2" MltplExecPrefix="devops.hw1.core.Player.java" NvrExecId="L3-0" NvrExecPrefix="devops.hw1.core.Player.java" OnceExecutedId="L3-1" OnceExecutedPrefix="devops.hw1.core.Player.java" OptBodyExec="true">
<StmntSeq Intrnl_Id="546">
<LocList>
<Loc EndOffset="1403" SrcFileId="11" StartOffset="1366"/>
</LocList>
<BasicStmnt CovItemId="S15" CovItemPrefix="devops.hw1.core.Player.java" Intrnl_Id="547">
<LocList>
<Loc EndOffset="1403" SrcFileId="11" StartOffset="1366"/>
</LocList>
</BasicStmnt>
</StmntSeq>
<Keyword EndOffset="1321" SrcFileId="11" StartOffset="1318"/>
<LocList>
<Loc EndOffset="1408" SrcFileId="11" StartOffset="1318"/>
</LocList>
<RootTerm CovItemId="C3" CovItemPrefix="devops.hw1.core.Player.java" Intrnl_Id="548">
<BasicBoolTerm Intrnl_Id="549">
<LocList>
<Loc EndOffset="1354" SrcFileId="11" StartOffset="1333"/>
</LocList>
</BasicBoolTerm>
</RootTerm>
</LoopStmnt>
<BasicStmnt CovItemId="S16" CovItemPrefix="devops.hw1.core.Player.java" Intrnl_Id="550">
<LocList>
<Loc EndOffset="1429" SrcFileId="11" StartOffset="1412"/>
</LocList>
</BasicStmnt>
</StmntSeq>
</HierarchyLvl>
<HierarchyLvl HierarchyLvlId="246" HierarchyLvlTypeId="20" Intrnl_Id="551" Name="makePlayer">
<Header>
<Loc EndOffset="1546" SrcFileId="11" StartOffset="1513"/>
</Header>
<LocList>
<Loc EndOffset="1609" SrcFileId="11" StartOffset="1513"/>
</LocList>
<StmntSeq Intrnl_Id="552">
<LocList>
<Loc EndOffset="1584" SrcFileId="11" StartOffset="1552"/>
<Loc EndOffset="1605" SrcFileId="11" StartOffset="1588"/>
</LocList>
<BasicStmnt CovItemId="S17" CovItemPrefix="devops.hw1.core.Player.java" Intrnl_Id="553">
<LocList>
<Loc EndOffset="1584" SrcFileId="11" StartOffset="1552"/>
</LocList>
</BasicStmnt>
<BasicStmnt CovItemId="S18" CovItemPrefix="devops.hw1.core.Player.java" Intrnl_Id="554">
<LocList>
<Loc EndOffset="1605" SrcFileId="11" StartOffset="1588"/>
</LocList>
</BasicStmnt>
</StmntSeq>
</HierarchyLvl>
<HierarchyLvl HierarchyLvlId="247" HierarchyLvlTypeId="20" Intrnl_Id="555" Name="addRunes">
<Header>
<Loc EndOffset="1752" SrcFileId="11" StartOffset="1725"/>
</Header>
<LocList>
<Loc EndOffset="1829" SrcFileId="11" StartOffset="1725"/>
</LocList>
<StmntSeq Intrnl_Id="556">
<LocList>
<Loc EndOffset="1825" SrcFileId="11" StartOffset="1758"/>
</LocList>
<BasicStmnt CovItemId="S19" CovItemPrefix="devops.hw1.core.Player.java" Intrnl_Id="557">
<LocList>
<Loc EndOffset="1825" SrcFileId="11" StartOffset="1758"/>
</LocList>
<QMO CovItemId="Q0" CovItemPrefix="devops.hw1.core.Player.java" Intrnl_Id="558">
<LocList>
<Loc EndOffset="1797" SrcFileId="11" StartOffset="1772"/>
</LocList>
<QMO_E CovItemId="Q0-0" CovItemPrefix="devops.hw1.core.Player.java" Intrnl_Id="559">
<LocList>
<Loc EndOffset="1819" SrcFileId="11" StartOffset="1800"/>
</LocList>
</QMO_E>
<QMO_E CovItemId="Q0-1" CovItemPrefix="devops.hw1.core.Player.java" Intrnl_Id="560">
<LocList>
<Loc EndOffset="1823" SrcFileId="11" StartOffset="1822"/>
</LocList>
</QMO_E>
</QMO>
</BasicStmnt>
</StmntSeq>
</HierarchyLvl>
<HierarchyLvl HierarchyLvlId="248" HierarchyLvlTypeId="20" Intrnl_Id="561" Name="getRunes">
<Header>
<Loc EndOffset="1960" SrcFileId="11" StartOffset="1939"/>
</Header>
<LocList>
<Loc EndOffset="1988" SrcFileId="11" StartOffset="1939"/>
</LocList>
<StmntSeq Intrnl_Id="562">
<LocList>
<Loc EndOffset="1984" SrcFileId="11" StartOffset="1966"/>
</LocList>
<BasicStmnt CovItemId="S20" CovItemPrefix="devops.hw1.core.Player.java" Intrnl_Id="563">
<LocList>
<Loc EndOffset="1984" SrcFileId="11" StartOffset="1966"/>
</LocList>
</BasicStmnt>
</StmntSeq>
</HierarchyLvl>
<HierarchyLvl HierarchyLvlId="249" HierarchyLvlTypeId="20" Intrnl_Id="564" Name="setRunes">
<Header>
<Loc EndOffset="2165" SrcFileId="11" StartOffset="2134"/>
</Header>
<LocList>
<Loc EndOffset="2194" SrcFileId="11" StartOffset="2134"/>
</LocList>
<StmntSeq Intrnl_Id="565">
<LocList>
<Loc EndOffset="2190" SrcFileId="11" StartOffset="2171"/>
</LocList>
<BasicStmnt CovItemId="S21" CovItemPrefix="devops.hw1.core.Player.java" Intrnl_Id="566">
<LocList>
<Loc EndOffset="2190" SrcFileId="11" StartOffset="2171"/>
</LocList>
</BasicStmnt>
</StmntSeq>
</HierarchyLvl>
<HierarchyLvl HierarchyLvlId="250" HierarchyLvlTypeId="20" Intrnl_Id="567" Name="getDiscardSize">
<Header>
<Loc EndOffset="2309" SrcFileId="11" StartOffset="2282"/>
</Header>
<LocList>
<Loc EndOffset="2350" SrcFileId="11" StartOffset="2282"/>
</LocList>
<StmntSeq Intrnl_Id="568">
<LocList>
<Loc EndOffset="2346" SrcFileId="11" StartOffset="2315"/>
</LocList>
<BasicStmnt CovItemId="S22" CovItemPrefix="devops.hw1.core.Player.java" Intrnl_Id="569">
<LocList>
<Loc EndOffset="2346" SrcFileId="11" StartOffset="2315"/>
</LocList>
</BasicStmnt>
</StmntSeq>
</HierarchyLvl>
<HierarchyLvl HierarchyLvlId="251" HierarchyLvlTypeId="20" Intrnl_Id="570" Name="discard">
<Header>
<Loc EndOffset="2474" SrcFileId="11" StartOffset="2443"/>
</Header>
<LocList>
<Loc EndOffset="2609" SrcFileId="11" StartOffset="2443"/>
</LocList>
<StmntSeq Intrnl_Id="571">
<LocList>
<Loc EndOffset="2574" SrcFileId="11" StartOffset="2480"/>
<Loc EndOffset="2605" SrcFileId="11" StartOffset="2578"/>
</LocList>
<CondStmnt CovItemId="S23" CovItemPrefix="devops.hw1.core.Player.java" Intrnl_Id="572">
<Branch CovItemId="B3" CovItemPrefix="devops.hw1.core.Player.java" Implct="false" Intrnl_Id="573">
<Cond/>
<LocList>
<Loc EndOffset="2574" SrcFileId="11" StartOffset="2498"/>
</LocList>
<StmntSeq Intrnl_Id="574">
<LocList>
<Loc EndOffset="2557" SrcFileId="11" StartOffset="2504"/>
<Loc EndOffset="2569" SrcFileId="11" StartOffset="2562"/>
</LocList>
<BasicStmnt CovItemId="S24" CovItemPrefix="devops.hw1.core.Player.java" Intrnl_Id="575">
<LocList>
<Loc EndOffset="2557" SrcFileId="11" StartOffset="2504"/>
</LocList>
</BasicStmnt>
<BasicStmnt CovItemId="S25" CovItemPrefix="devops.hw1.core.Player.java" Intrnl_Id="576">
<LocList>
<Loc EndOffset="2569" SrcFileId="11" StartOffset="2562"/>
</LocList>
</BasicStmnt>
</StmntSeq>
</Branch>
<Branch CovItemId="B4" CovItemPrefix="devops.hw1.core.Player.java" Implct="true" Intrnl_Id="577">
<Cond/>
<LocList/>
<StmntSeq Intrnl_Id="578">
<LocList/>
</StmntSeq>
</Branch>
<Keyword EndOffset="2482" SrcFileId="11" StartOffset="2480"/>
<LocList>
<Loc EndOffset="2574" SrcFileId="11" StartOffset="2480"/>
</LocList>
<RootTerm CovItemId="C4" CovItemPrefix="devops.hw1.core.Player.java" Intrnl_Id="579">
<BasicBoolTerm Intrnl_Id="580">
<LocList>
<Loc EndOffset="2496" SrcFileId="11" StartOffset="2484"/>
</LocList>
</BasicBoolTerm>
</RootTerm>
</CondStmnt>
<BasicStmnt CovItemId="S26" CovItemPrefix="devops.hw1.core.Player.java" Intrnl_Id="581">
<LocList>
<Loc EndOffset="2605" SrcFileId="11" StartOffset="2578"/>
</LocList>
</BasicStmnt>
</StmntSeq>
</HierarchyLvl>
<HierarchyLvl HierarchyLvlId="252" HierarchyLvlTypeId="20" Intrnl_Id="582" Name="getDiscardPile">
<Header>
<Loc EndOffset="2725" SrcFileId="11" StartOffset="2685"/>
</Header>
<LocList>
<Loc EndOffset="2759" SrcFileId="11" StartOffset="2685"/>
</LocList>
<StmntSeq Intrnl_Id="583">
<LocList>
<Loc EndOffset="2755" SrcFileId="11" StartOffset="2731"/>
</LocList>
<BasicStmnt CovItemId="S27" CovItemPrefix="devops.hw1.core.Player.java" Intrnl_Id="584">
<LocList>
<Loc EndOffset="2755" SrcFileId="11" StartOffset="2731"/>
</LocList>
</BasicStmnt>
</StmntSeq>
</HierarchyLvl>
<HierarchyLvl HierarchyLvlId="253" HierarchyLvlTypeId="20" Intrnl_Id="585" Name="buyCard">
<Header>
<Loc EndOffset="3058" SrcFileId="11" StartOffset="3024"/>
</Header>
<LocList>
<Loc EndOffset="3230" SrcFileId="11" StartOffset="3024"/>
</LocList>
<StmntSeq Intrnl_Id="586">
<LocList>
<Loc EndOffset="3209" SrcFileId="11" StartOffset="3064"/>
<Loc EndOffset="3226" SrcFileId="11" StartOffset="3213"/>
</LocList>
<CondStmnt CovItemId="S28" CovItemPrefix="devops.hw1.core.Player.java" Intrnl_Id="587">
<Branch CovItemId="B5" CovItemPrefix="devops.hw1.core.Player.java" Implct="false" Intrnl_Id="588">
<Cond/>
<LocList>
<Loc EndOffset="3209" SrcFileId="11" StartOffset="3114"/>
</LocList>
<StmntSeq Intrnl_Id="589">
<LocList>
<Loc EndOffset="3163" SrcFileId="11" StartOffset="3120"/>
<Loc EndOffset="3187" SrcFileId="11" StartOffset="3168"/>
<Loc EndOffset="3204" SrcFileId="11" StartOffset="3192"/>
</LocList>
<BasicStmnt CovItemId="S29" CovItemPrefix="devops.hw1.core.Player.java" Intrnl_Id="590">
<LocList>
<Loc EndOffset="3163" SrcFileId="11" StartOffset="3120"/>
</LocList>
</BasicStmnt>
<BasicStmnt CovItemId="S30" CovItemPrefix="devops.hw1.core.Player.java" Intrnl_Id="591">
<LocList>
<Loc EndOffset="3187" SrcFileId="11" StartOffset="3168"/>
</LocList>
</BasicStmnt>
<BasicStmnt CovItemId="S31" CovItemPrefix="devops.hw1.core.Player.java" Intrnl_Id="592">
<LocList>
<Loc EndOffset="3204" SrcFileId="11" StartOffset="3192"/>
</LocList>
</BasicStmnt>
</StmntSeq>
</Branch>
<Branch CovItemId="B6" CovItemPrefix="devops.hw1.core.Player.java" Implct="true" Intrnl_Id="593">
<Cond/>
<LocList/>
<StmntSeq Intrnl_Id="594">
<LocList/>
</StmntSeq>
</Branch>
<Keyword EndOffset="3066" SrcFileId="11" StartOffset="3064"/>
<LocList>
<Loc EndOffset="3209" SrcFileId="11" StartOffset="3064"/>
</LocList>
<RootTerm CovItemId="C5" CovItemPrefix="devops.hw1.core.Player.java" Intrnl_Id="595">
<OpTerm BooleanOpId="16" Intrnl_Id="596">
<BasicBoolTerm Intrnl_Id="597">
<LocList>
<Loc EndOffset="3080" SrcFileId="11" StartOffset="3068"/>
</LocList>
</BasicBoolTerm>
<BasicBoolTerm Intrnl_Id="598">
<LocList>
<Loc EndOffset="3112" SrcFileId="11" StartOffset="3084"/>
</LocList>
</BasicBoolTerm>
<LocList>
<Loc EndOffset="3083" SrcFileId="11" StartOffset="3081"/>
</LocList>
</OpTerm>
</RootTerm>
</CondStmnt>
<BasicStmnt CovItemId="S32" CovItemPrefix="devops.hw1.core.Player.java" Intrnl_Id="599">
<LocList>
<Loc EndOffset="3226" SrcFileId="11" StartOffset="3213"/>
</LocList>
</BasicStmnt>
</StmntSeq>
</HierarchyLvl>
<HierarchyLvl HierarchyLvlId="254" HierarchyLvlTypeId="20" Intrnl_Id="600" Name="attackCard">
<Header>
<Loc EndOffset="3550" SrcFileId="11" StartOffset="3500"/>
</Header>
<LocList>
<Loc EndOffset="3725" SrcFileId="11" StartOffset="3500"/>
</LocList>
<StmntSeq Intrnl_Id="601">
<LocList>
<Loc EndOffset="3704" SrcFileId="11" StartOffset="3556"/>
<Loc EndOffset="3721" SrcFileId="11" StartOffset="3708"/>
</LocList>
<CondStmnt CovItemId="S33" CovItemPrefix="devops.hw1.core.Player.java" Intrnl_Id="602">
<Branch CovItemId="B7" CovItemPrefix="devops.hw1.core.Player.java" Implct="false" Intrnl_Id="603">
<Cond/>
<LocList>
<Loc EndOffset="3704" SrcFileId="11" StartOffset="3610"/>
</LocList>
<StmntSeq Intrnl_Id="604">
<LocList>
<Loc EndOffset="3654" SrcFileId="11" StartOffset="3616"/>
<Loc EndOffset="3682" SrcFileId="11" StartOffset="3659"/>
<Loc EndOffset="3699" SrcFileId="11" StartOffset="3687"/>
</LocList>
<BasicStmnt CovItemId="S34" CovItemPrefix="devops.hw1.core.Player.java" Intrnl_Id="605">
<LocList>
<Loc EndOffset="3654" SrcFileId="11" StartOffset="3616"/>
</LocList>
</BasicStmnt>
<BasicStmnt CovItemId="S35" CovItemPrefix="devops.hw1.core.Player.java" Intrnl_Id="606">
<LocList>
<Loc EndOffset="3682" SrcFileId="11" StartOffset="3659"/>
</LocList>
</BasicStmnt>
<BasicStmnt CovItemId="S36" CovItemPrefix="devops.hw1.core.Player.java" Intrnl_Id="607">
<LocList>
<Loc EndOffset="3699" SrcFileId="11" StartOffset="3687"/>
</LocList>
</BasicStmnt>
</StmntSeq>
</Branch>
<Branch CovItemId="B8" CovItemPrefix="devops.hw1.core.Player.java" Implct="true" Intrnl_Id="608">
<Cond/>
<LocList/>
<StmntSeq Intrnl_Id="609">
<LocList/>
</StmntSeq>
</Branch>
<Keyword EndOffset="3558" SrcFileId="11" StartOffset="3556"/>
<LocList>
<Loc EndOffset="3704" SrcFileId="11" StartOffset="3556"/>
</LocList>
<RootTerm CovItemId="C6" CovItemPrefix="devops.hw1.core.Player.java" Intrnl_Id="610">
<OpTerm BooleanOpId="16" Intrnl_Id="611">
<BasicBoolTerm Intrnl_Id="612">
<LocList>
<Loc EndOffset="3572" SrcFileId="11" StartOffset="3560"/>
</LocList>
</BasicBoolTerm>
<BasicBoolTerm Intrnl_Id="613">
<LocList>
<Loc EndOffset="3608" SrcFileId="11" StartOffset="3576"/>
</LocList>
</BasicBoolTerm>
<LocList>
<Loc EndOffset="3575" SrcFileId="11" StartOffset="3573"/>
</LocList>
</OpTerm>
</RootTerm>
</CondStmnt>
<BasicStmnt CovItemId="S37" CovItemPrefix="devops.hw1.core.Player.java" Intrnl_Id="614">
<LocList>
<Loc EndOffset="3721" SrcFileId="11" StartOffset="3708"/>
</LocList>
</BasicStmnt>
</StmntSeq>
</HierarchyLvl>
<HierarchyLvl HierarchyLvlId="255" HierarchyLvlTypeId="20" Intrnl_Id="615" Name="getHandSize">
<Header>
<Loc EndOffset="3860" SrcFileId="11" StartOffset="3836"/>
</Header>
<LocList>
<Loc EndOffset="3900" SrcFileId="11" StartOffset="3836"/>
</LocList>
<StmntSeq Intrnl_Id="616">
<LocList>
<Loc EndOffset="3896" SrcFileId="11" StartOffset="3866"/>
</LocList>
<BasicStmnt CovItemId="S38" CovItemPrefix="devops.hw1.core.Player.java" Intrnl_Id="617">
<LocList>
<Loc EndOffset="3896" SrcFileId="11" StartOffset="3866"/>
</LocList>
</BasicStmnt>
</StmntSeq>
</HierarchyLvl>
<HierarchyLvl HierarchyLvlId="256" HierarchyLvlTypeId="20" Intrnl_Id="618" Name="drawCard">
<Header>
<Loc EndOffset="4020" SrcFileId="11" StartOffset="3998"/>
</Header>
<LocList>
<Loc EndOffset="4264" SrcFileId="11" StartOffset="3998"/>
</LocList>
<StmntSeq Intrnl_Id="619">
<LocList>
<Loc EndOffset="4180" SrcFileId="11" StartOffset="4026"/>
<Loc EndOffset="4226" SrcFileId="11" StartOffset="4184"/>
<Loc EndOffset="4260" SrcFileId="11" StartOffset="4230"/>
</LocList>
<CondStmnt CovItemId="S39" CovItemPrefix="devops.hw1.core.Player.java" Intrnl_Id="620">
<Branch CovItemId="B9" CovItemPrefix="devops.hw1.core.Player.java" Implct="false" Intrnl_Id="621">
<Cond/>
<LocList>
<Loc EndOffset="4180" SrcFileId="11" StartOffset="4056"/>
</LocList>
<StmntSeq Intrnl_Id="622">
<LocList>
<Loc EndOffset="4103" SrcFileId="11" StartOffset="4062"/>
<Loc EndOffset="4133" SrcFileId="11" StartOffset="4108"/>
<Loc EndOffset="4175" SrcFileId="11" StartOffset="4138"/>
</LocList>
<BasicStmnt CovItemId="S40" CovItemPrefix="devops.hw1.core.Player.java" Intrnl_Id="623">
<LocList>
<Loc EndOffset="4103" SrcFileId="11" StartOffset="4062"/>
</LocList>
</BasicStmnt>
<BasicStmnt CovItemId="S41" CovItemPrefix="devops.hw1.core.Player.java" Intrnl_Id="624">
<LocList>
<Loc EndOffset="4133" SrcFileId="11" StartOffset="4108"/>
</LocList>
</BasicStmnt>
<BasicStmnt CovItemId="S42" CovItemPrefix="devops.hw1.core.Player.java" Intrnl_Id="625">
<LocList>
<Loc EndOffset="4175" SrcFileId="11" StartOffset="4138"/>
</LocList>
</BasicStmnt>
</StmntSeq>
</Branch>
<Branch CovItemId="B10" CovItemPrefix="devops.hw1.core.Player.java" Implct="true" Intrnl_Id="626">
<Cond/>
<LocList/>
<StmntSeq Intrnl_Id="627">
<LocList/>
</StmntSeq>
</Branch>
<Keyword EndOffset="4028" SrcFileId="11" StartOffset="4026"/>
<LocList>
<Loc EndOffset="4180" SrcFileId="11" StartOffset="4026"/>
</LocList>
<RootTerm CovItemId="C7" CovItemPrefix="devops.hw1.core.Player.java" Intrnl_Id="628">
<BasicBoolTerm Intrnl_Id="629">
<LocList>
<Loc EndOffset="4055" SrcFileId="11" StartOffset="4030"/>
</LocList>
</BasicBoolTerm>
</RootTerm>
</CondStmnt>
<BasicStmnt CovItemId="S43" CovItemPrefix="devops.hw1.core.Player.java" Intrnl_Id="630">
<LocList>
<Loc EndOffset="4226" SrcFileId="11" StartOffset="4184"/>
</LocList>
</BasicStmnt>
<BasicStmnt CovItemId="S44" CovItemPrefix="devops.hw1.core.Player.java" Intrnl_Id="631">
<LocList>
<Loc EndOffset="4260" SrcFileId="11" StartOffset="4230"/>
</LocList>
</BasicStmnt>
</StmntSeq>
</HierarchyLvl>
<HierarchyLvl HierarchyLvlId="257" HierarchyLvlTypeId="20" Intrnl_Id="632" Name="addCardToDeck">
<Header>
<Loc EndOffset="4412" SrcFileId="11" StartOffset="4375"/>
</Header>
<LocList>
<Loc EndOffset="4556" SrcFileId="11" StartOffset="4375"/>
</LocList>
<StmntSeq Intrnl_Id="633">
<LocList>
<Loc EndOffset="4520" SrcFileId="11" StartOffset="4420"/>
<Loc EndOffset="4552" SrcFileId="11" StartOffset="4526"/>
</LocList>
<CondStmnt CovItemId="S45" CovItemPrefix="devops.hw1.core.Player.java" Intrnl_Id="634">
<Branch CovItemId="B11" CovItemPrefix="devops.hw1.core.Player.java" Implct="false" Intrnl_Id="635">
<Cond/>
<LocList>
<Loc EndOffset="4520" SrcFileId="11" StartOffset="4438"/>
</LocList>
<StmntSeq Intrnl_Id="636">
<LocList>
<Loc EndOffset="4503" SrcFileId="11" StartOffset="4444"/>
<Loc EndOffset="4515" SrcFileId="11" StartOffset="4508"/>
</LocList>
<BasicStmnt CovItemId="S46" CovItemPrefix="devops.hw1.core.Player.java" Intrnl_Id="637">
<LocList>
<Loc EndOffset="4503" SrcFileId="11" StartOffset="4444"/>
</LocList>
</BasicStmnt>
<BasicStmnt CovItemId="S47" CovItemPrefix="devops.hw1.core.Player.java" Intrnl_Id="638">
<LocList>
<Loc EndOffset="4515" SrcFileId="11" StartOffset="4508"/>
</LocList>
</BasicStmnt>
</StmntSeq>
</Branch>
<Branch CovItemId="B12" CovItemPrefix="devops.hw1.core.Player.java" Implct="true" Intrnl_Id="639">
<Cond/>
<LocList/>
<StmntSeq Intrnl_Id="640">
<LocList/>
</StmntSeq>
</Branch>
<Keyword EndOffset="4422" SrcFileId="11" StartOffset="4420"/>
<LocList>
<Loc EndOffset="4520" SrcFileId="11" StartOffset="4420"/>
</LocList>
<RootTerm CovItemId="C8" CovItemPrefix="devops.hw1.core.Player.java" Intrnl_Id="641">
<BasicBoolTerm Intrnl_Id="642">
<LocList>
<Loc EndOffset="4436" SrcFileId="11" StartOffset="4424"/>
</LocList>
</BasicBoolTerm>
</RootTerm>
</CondStmnt>
<BasicStmnt CovItemId="S48" CovItemPrefix="devops.hw1.core.Player.java" Intrnl_Id="643">
<LocList>
<Loc EndOffset="4552" SrcFileId="11" StartOffset="4526"/>
</LocList>
</BasicStmnt>
</StmntSeq>
</HierarchyLvl>
<HierarchyLvl HierarchyLvlId="258" HierarchyLvlTypeId="20" Intrnl_Id="644" Name="addCardToHand">
<Header>
<Loc EndOffset="4707" SrcFileId="11" StartOffset="4670"/>
</Header>
<LocList>
<Loc EndOffset="4848" SrcFileId="11" StartOffset="4670"/>
</LocList>
<StmntSeq Intrnl_Id="645">
<LocList>
<Loc EndOffset="4814" SrcFileId="11" StartOffset="4715"/>
<Loc EndOffset="4844" SrcFileId="11" StartOffset="4818"/>
</LocList>
<CondStmnt CovItemId="S49" CovItemPrefix="devops.hw1.core.Player.java" Intrnl_Id="646">
<Branch CovItemId="B13" CovItemPrefix="devops.hw1.core.Player.java" Implct="false" Intrnl_Id="647">
<Cond/>
<LocList>
<Loc EndOffset="4814" SrcFileId="11" StartOffset="4732"/>
</LocList>
<StmntSeq Intrnl_Id="648">
<LocList>
<Loc EndOffset="4797" SrcFileId="11" StartOffset="4738"/>
<Loc EndOffset="4809" SrcFileId="11" StartOffset="4802"/>
</LocList>
<BasicStmnt CovItemId="S50" CovItemPrefix="devops.hw1.core.Player.java" Intrnl_Id="649">
<LocList>
<Loc EndOffset="4797" SrcFileId="11" StartOffset="4738"/>
</LocList>
</BasicStmnt>
<BasicStmnt CovItemId="S51" CovItemPrefix="devops.hw1.core.Player.java" Intrnl_Id="650">
<LocList>
<Loc EndOffset="4809" SrcFileId="11" StartOffset="4802"/>
</LocList>
</BasicStmnt>
</StmntSeq>
</Branch>
<Branch CovItemId="B14" CovItemPrefix="devops.hw1.core.Player.java" Implct="true" Intrnl_Id="651">
<Cond/>
<LocList/>
<StmntSeq Intrnl_Id="652">
<LocList/>
</StmntSeq>
</Branch>
<Keyword EndOffset="4717" SrcFileId="11" StartOffset="4715"/>
<LocList>
<Loc EndOffset="4814" SrcFileId="11" StartOffset="4715"/>
</LocList>
<RootTerm CovItemId="C9" CovItemPrefix="devops.hw1.core.Player.java" Intrnl_Id="653">
<BasicBoolTerm Intrnl_Id="654">
<LocList>
<Loc EndOffset="4731" SrcFileId="11" StartOffset="4719"/>
</LocList>
</BasicBoolTerm>
</RootTerm>
</CondStmnt>
<BasicStmnt CovItemId="S52" CovItemPrefix="devops.hw1.core.Player.java" Intrnl_Id="655">
<LocList>
<Loc EndOffset="4844" SrcFileId="11" StartOffset="4818"/>
</LocList>
</BasicStmnt>
</StmntSeq>
</HierarchyLvl>
<HierarchyLvl HierarchyLvlId="259" HierarchyLvlTypeId="20" Intrnl_Id="656" Name="getHand">
<Header>
<Loc EndOffset="4972" SrcFileId="11" StartOffset="4939"/>
</Header>
<LocList>
<Loc EndOffset="5005" SrcFileId="11" StartOffset="4939"/>
</LocList>
<StmntSeq Intrnl_Id="657">
<LocList>
<Loc EndOffset="5001" SrcFileId="11" StartOffset="4978"/>
</LocList>
<BasicStmnt CovItemId="S53" CovItemPrefix="devops.hw1.core.Player.java" Intrnl_Id="658">
<LocList>
<Loc EndOffset="5001" SrcFileId="11" StartOffset="4978"/>
</LocList>
</BasicStmnt>
</StmntSeq>
</HierarchyLvl>
<HierarchyLvl HierarchyLvlId="260" HierarchyLvlTypeId="20" Intrnl_Id="659" Name="playCard">
<Header>
<Loc EndOffset="5112" SrcFileId="11" StartOffset="5080"/>
</Header>
<LocList>
<Loc EndOffset="5303" SrcFileId="11" StartOffset="5080"/>
</LocList>
<StmntSeq Intrnl_Id="660">
<LocList>
<Loc EndOffset="5215" SrcFileId="11" StartOffset="5122"/>
<Loc EndOffset="5248" SrcFileId="11" StartOffset="5219"/>
<Loc EndOffset="5276" SrcFileId="11" StartOffset="5252"/>
<Loc EndOffset="5299" SrcFileId="11" StartOffset="5280"/>
</LocList>
<CondStmnt CovItemId="S54" CovItemPrefix="devops.hw1.core.Player.java" Intrnl_Id="661">
<Branch CovItemId="B15" CovItemPrefix="devops.hw1.core.Player.java" Implct="false" Intrnl_Id="662">
<Cond/>
<LocList>
<Loc EndOffset="5215" SrcFileId="11" StartOffset="5140"/>
</LocList>
<StmntSeq Intrnl_Id="663">
<LocList>
<Loc EndOffset="5198" SrcFileId="11" StartOffset="5146"/>
<Loc EndOffset="5210" SrcFileId="11" StartOffset="5203"/>
</LocList>
<BasicStmnt CovItemId="S55" CovItemPrefix="devops.hw1.core.Player.java" Intrnl_Id="664">
<LocList>
<Loc EndOffset="5198" SrcFileId="11" StartOffset="5146"/>
</LocList>
</BasicStmnt>
<BasicStmnt CovItemId="S56" CovItemPrefix="devops.hw1.core.Player.java" Intrnl_Id="665">
<LocList>
<Loc EndOffset="5210" SrcFileId="11" StartOffset="5203"/>
</LocList>
</BasicStmnt>
</StmntSeq>
</Branch>
<Branch CovItemId="B16" CovItemPrefix="devops.hw1.core.Player.java" Implct="true" Intrnl_Id="666">
<Cond/>
<LocList/>
<StmntSeq Intrnl_Id="667">
<LocList/>
</StmntSeq>
</Branch>
<Keyword EndOffset="5124" SrcFileId="11" StartOffset="5122"/>
<LocList>
<Loc EndOffset="5215" SrcFileId="11" StartOffset="5122"/>
</LocList>
<RootTerm CovItemId="C10" CovItemPrefix="devops.hw1.core.Player.java" Intrnl_Id="668">
<BasicBoolTerm Intrnl_Id="669">
<LocList>
<Loc EndOffset="5138" SrcFileId="11" StartOffset="5126"/>
</LocList>
</BasicBoolTerm>
</RootTerm>
</CondStmnt>
<BasicStmnt CovItemId="S57" CovItemPrefix="devops.hw1.core.Player.java" Intrnl_Id="670">
<LocList>
<Loc EndOffset="5248" SrcFileId="11" StartOffset="5219"/>
</LocList>
</BasicStmnt>
<BasicStmnt CovItemId="S58" CovItemPrefix="devops.hw1.core.Player.java" Intrnl_Id="671">
<LocList>
<Loc EndOffset="5276" SrcFileId="11" StartOffset="5252"/>
</LocList>
</BasicStmnt>
<BasicStmnt CovItemId="S59" CovItemPrefix="devops.hw1.core.Player.java" Intrnl_Id="672">
<LocList>
<Loc EndOffset="5299" SrcFileId="11" StartOffset="5280"/>
</LocList>
</BasicStmnt>
</StmntSeq>
</HierarchyLvl>
<HierarchyLvl HierarchyLvlId="261" HierarchyLvlTypeId="20" Intrnl_Id="673" Name="drawCard">
<Header>
<Loc EndOffset="5371" SrcFileId="11" StartOffset="5340"/>
</Header>
<LocList>
<Loc EndOffset="5440" SrcFileId="11" StartOffset="5340"/>
</LocList>
<StmntSeq Intrnl_Id="674">
<LocList>
<Loc EndOffset="5436" SrcFileId="11" StartOffset="5377"/>
</LocList>
<LoopStmnt CovItemId="S60" CovItemPrefix="devops.hw1.core.Player.java" Intrnl_Id="675" MltplExecId="L4-2" MltplExecPrefix="devops.hw1.core.Player.java" NvrExecId="L4-0" NvrExecPrefix="devops.hw1.core.Player.java" OnceExecutedId="L4-1" OnceExecutedPrefix="devops.hw1.core.Player.java" OptBodyExec="true">
<StmntSeq Intrnl_Id="676">
<LocList>
<Loc EndOffset="5431" SrcFileId="11" StartOffset="5415"/>
</LocList>
<BasicStmnt CovItemId="S61" CovItemPrefix="devops.hw1.core.Player.java" Intrnl_Id="677">
<LocList>
<Loc EndOffset="5431" SrcFileId="11" StartOffset="5415"/>
</LocList>
</BasicStmnt>
</StmntSeq>
<Keyword EndOffset="5380" SrcFileId="11" StartOffset="5377"/>
<LocList>
<Loc EndOffset="5436" SrcFileId="11" StartOffset="5377"/>
</LocList>
<RootTerm CovItemId="C11" CovItemPrefix="devops.hw1.core.Player.java" Intrnl_Id="678">
<BasicBoolTerm Intrnl_Id="679">
<LocList>
<Loc EndOffset="5402" SrcFileId="11" StartOffset="5393"/>
</LocList>
</BasicBoolTerm>
</RootTerm>
</LoopStmnt>
</StmntSeq>
</HierarchyLvl>
<HierarchyLvl HierarchyLvlId="262" HierarchyLvlTypeId="20" Intrnl_Id="680" Name="getDeck">
<Header>
<Loc EndOffset="5517" SrcFileId="11" StartOffset="5488"/>
</Header>
<LocList>
<Loc EndOffset="5550" SrcFileId="11" StartOffset="5488"/>
</LocList>
<StmntSeq Intrnl_Id="681">
<LocList>
<Loc EndOffset="5546" SrcFileId="11" StartOffset="5523"/>
</LocList>
<BasicStmnt CovItemId="S62" CovItemPrefix="devops.hw1.core.Player.java" Intrnl_Id="682">
<LocList>
<Loc EndOffset="5546" SrcFileId="11" StartOffset="5523"/>
</LocList>
</BasicStmnt>
</StmntSeq>
</HierarchyLvl>
<HierarchyLvl HierarchyLvlId="263" HierarchyLvlTypeId="20" Intrnl_Id="683" Name="getDeckSize">
<Header>
<Loc EndOffset="5651" SrcFileId="11" StartOffset="5627"/>
</Header>
<LocList>
<Loc EndOffset="5691" SrcFileId="11" StartOffset="5627"/>
</LocList>
<StmntSeq Intrnl_Id="684">
<LocList>
<Loc EndOffset="5687" SrcFileId="11" StartOffset="5657"/>
</LocList>
<BasicStmnt CovItemId="S63" CovItemPrefix="devops.hw1.core.Player.java" Intrnl_Id="685">
<LocList>
<Loc EndOffset="5687" SrcFileId="11" StartOffset="5657"/>
</LocList>
</BasicStmnt>
</StmntSeq>
</HierarchyLvl>
<HierarchyLvl HierarchyLvlId="264" HierarchyLvlTypeId="20" Intrnl_Id="686" Name="getPower">
<Header>
<Loc EndOffset="5843" SrcFileId="11" StartOffset="5822"/>
</Header>
<LocList>
<Loc EndOffset="5871" SrcFileId="11" StartOffset="5822"/>
</LocList>
<StmntSeq Intrnl_Id="687">
<LocList>
<Loc EndOffset="5867" SrcFileId="11" StartOffset="5849"/>
</LocList>
<BasicStmnt CovItemId="S64" CovItemPrefix="devops.hw1.core.Player.java" Intrnl_Id="688">
<LocList>
<Loc EndOffset="5867" SrcFileId="11" StartOffset="5849"/>
</LocList>
</BasicStmnt>
</StmntSeq>
</HierarchyLvl>
<HierarchyLvl HierarchyLvlId="265" HierarchyLvlTypeId="20" Intrnl_Id="689" Name="addPower">
<Header>
<Loc EndOffset="6002" SrcFileId="11" StartOffset="5975"/>
</Header>
<LocList>
<Loc EndOffset="6028" SrcFileId="11" StartOffset="5975"/>
</LocList>
<StmntSeq Intrnl_Id="690">
<LocList>
<Loc EndOffset="6024" SrcFileId="11" StartOffset="6008"/>
</LocList>
<BasicStmnt CovItemId="S65" CovItemPrefix="devops.hw1.core.Player.java" Intrnl_Id="691">
<LocList>
<Loc EndOffset="6024" SrcFileId="11" StartOffset="6008"/>
</LocList>
</BasicStmnt>
</StmntSeq>
</HierarchyLvl>
<HierarchyLvl HierarchyLvlId="266" HierarchyLvlTypeId="20" Intrnl_Id="692" Name="applyEffects">
<Header>
<Loc EndOffset="6186" SrcFileId="11" StartOffset="6120"/>
</Header>
<LocList>
<Loc EndOffset="6607" SrcFileId="11" StartOffset="6120"/>
</LocList>
<StmntSeq Intrnl_Id="693">
<LocList>
<Loc EndOffset="6241" SrcFileId="11" StartOffset="6192"/>
<Loc EndOffset="6603" SrcFileId="11" StartOffset="6245"/>
</LocList>
<BasicStmnt CovItemId="S66" CovItemPrefix="devops.hw1.core.Player.java" Intrnl_Id="694">
<LocList>
<Loc EndOffset="6241" SrcFileId="11" StartOffset="6192"/>
</LocList>
</BasicStmnt>
<LoopStmnt CovItemId="S67" CovItemPrefix="devops.hw1.core.Player.java" Intrnl_Id="695" MltplExecId="L5-2" MltplExecPrefix="devops.hw1.core.Player.java" NvrExecId="L5-0" NvrExecPrefix="devops.hw1.core.Player.java" OnceExecutedId="L5-1" OnceExecutedPrefix="devops.hw1.core.Player.java" OptBodyExec="true">
<StmntSeq Intrnl_Id="696">
<LocList>
<Loc EndOffset="6598" SrcFileId="11" StartOffset="6281"/>
</LocList>
<CondStmnt CovItemId="S68" CovItemPrefix="devops.hw1.core.Player.java" Intrnl_Id="697">
<Branch CovItemId="B17" CovItemPrefix="devops.hw1.core.Player.java" Implct="false" Intrnl_Id="698">
<Cond>
<Loc EndOffset="6323" SrcFileId="11" StartOffset="6298"/>
</Cond>
<LocList>
<Loc EndOffset="6368" SrcFileId="11" StartOffset="6330"/>
</LocList>
<StmntSeq Intrnl_Id="699">
<LocList>
<Loc EndOffset="6356" SrcFileId="11" StartOffset="6330"/>
<Loc EndOffset="6368" SrcFileId="11" StartOffset="6362"/>
</LocList>
<BasicStmnt CovItemId="S69" CovItemPrefix="devops.hw1.core.Player.java" Intrnl_Id="700">
<LocList>
<Loc EndOffset="6356" SrcFileId="11" StartOffset="6330"/>
</LocList>
</BasicStmnt>
<BasicStmnt CovItemId="S70" CovItemPrefix="devops.hw1.core.Player.java" Intrnl_Id="701">
<LocList>
<Loc EndOffset="6368" SrcFileId="11" StartOffset="6362"/>
</LocList>
</BasicStmnt>
</StmntSeq>
</Branch>
<Branch CovItemId="B18" CovItemPrefix="devops.hw1.core.Player.java" Implct="false" Intrnl_Id="702">
<Cond>
<Loc EndOffset="6398" SrcFileId="11" StartOffset="6373"/>
</Cond>
<LocList>
<Loc EndOffset="6443" SrcFileId="11" StartOffset="6405"/>
</LocList>
<StmntSeq Intrnl_Id="703">
<LocList>
<Loc EndOffset="6431" SrcFileId="11" StartOffset="6405"/>
<Loc EndOffset="6443" SrcFileId="11" StartOffset="6437"/>
</LocList>
<BasicStmnt CovItemId="S71" CovItemPrefix="devops.hw1.core.Player.java" Intrnl_Id="704">
<LocList>
<Loc EndOffset="6431" SrcFileId="11" StartOffset="6405"/>
</LocList>
</BasicStmnt>
<BasicStmnt CovItemId="S72" CovItemPrefix="devops.hw1.core.Player.java" Intrnl_Id="705">
<LocList>
<Loc EndOffset="6443" SrcFileId="11" StartOffset="6437"/>
</LocList>
</BasicStmnt>
</StmntSeq>
</Branch>
<Branch CovItemId="B19" CovItemPrefix="devops.hw1.core.Player.java" Implct="false" Intrnl_Id="706">
<Cond>
<Loc EndOffset="6472" SrcFileId="11" StartOffset="6448"/>
</Cond>
<LocList>
<Loc EndOffset="6517" SrcFileId="11" StartOffset="6479"/>
</LocList>
<StmntSeq Intrnl_Id="707">
<LocList>
<Loc EndOffset="6505" SrcFileId="11" StartOffset="6479"/>
<Loc EndOffset="6517" SrcFileId="11" StartOffset="6511"/>
</LocList>
<BasicStmnt CovItemId="S73" CovItemPrefix="devops.hw1.core.Player.java" Intrnl_Id="708">
<LocList>
<Loc EndOffset="6505" SrcFileId="11" StartOffset="6479"/>
</LocList>
</BasicStmnt>
<BasicStmnt CovItemId="S74" CovItemPrefix="devops.hw1.core.Player.java" Intrnl_Id="709">
<LocList>
<Loc EndOffset="6517" SrcFileId="11" StartOffset="6511"/>
</LocList>
</BasicStmnt>
</StmntSeq>
</Branch>
<Branch CovItemId="B20" CovItemPrefix="devops.hw1.core.Player.java" Implct="false" Intrnl_Id="710">
<Cond>
<Loc EndOffset="6547" SrcFileId="11" StartOffset="6522"/>
</Cond>
<LocList>
<Loc EndOffset="6592" SrcFileId="11" StartOffset="6554"/>
</LocList>
<StmntSeq Intrnl_Id="711">
<LocList>
<Loc EndOffset="6580" SrcFileId="11" StartOffset="6554"/>
<Loc EndOffset="6592" SrcFileId="11" StartOffset="6586"/>
</LocList>
<BasicStmnt CovItemId="S75" CovItemPrefix="devops.hw1.core.Player.java" Intrnl_Id="712">
<LocList>
<Loc EndOffset="6580" SrcFileId="11" StartOffset="6554"/>
</LocList>
</BasicStmnt>
<BasicStmnt CovItemId="S76" CovItemPrefix="devops.hw1.core.Player.java" Intrnl_Id="713">
<LocList>
<Loc EndOffset="6592" SrcFileId="11" StartOffset="6586"/>
</LocList>
</BasicStmnt>
</StmntSeq>
</Branch>
<Branch CovItemId="B21" CovItemPrefix="devops.hw1.core.Player.java" Implct="true" Intrnl_Id="714">
<Cond/>
<LocList/>
<StmntSeq Intrnl_Id="715">
<LocList/>
</StmntSeq>
</Branch>
<Keyword EndOffset="6287" SrcFileId="11" StartOffset="6281"/>
<LocList>
<Loc EndOffset="6598" SrcFileId="11" StartOffset="6281"/>
</LocList>
</CondStmnt>
</StmntSeq>
<Keyword EndOffset="6248" SrcFileId="11" StartOffset="6245"/>
<LocList>
<Loc EndOffset="6603" SrcFileId="11" StartOffset="6245"/>
</LocList>
</LoopStmnt>
</StmntSeq>
</HierarchyLvl>
<HierarchyLvl HierarchyLvlId="267" HierarchyLvlTypeId="20" Intrnl_Id="716" Name="getHonor">
<Header>
<Loc EndOffset="6736" SrcFileId="11" StartOffset="6715"/>
</Header>
<LocList>
<Loc EndOffset="6764" SrcFileId="11" StartOffset="6715"/>
</LocList>
<StmntSeq Intrnl_Id="717">
<LocList>
<Loc EndOffset="6760" SrcFileId="11" StartOffset="6742"/>
</LocList>
<BasicStmnt CovItemId="S77" CovItemPrefix="devops.hw1.core.Player.java" Intrnl_Id="718">
<LocList>
<Loc EndOffset="6760" SrcFileId="11" StartOffset="6742"/>
</LocList>
</BasicStmnt>
</StmntSeq>
</HierarchyLvl>
<HierarchyLvl HierarchyLvlId="268" HierarchyLvlTypeId="20" Intrnl_Id="719" Name="addHonor">
<Header>
<Loc EndOffset="6911" SrcFileId="11" StartOffset="6884"/>
</Header>
<LocList>
<Loc EndOffset="6937" SrcFileId="11" StartOffset="6884"/>
</LocList>
<StmntSeq Intrnl_Id="720">
<LocList>
<Loc EndOffset="6933" SrcFileId="11" StartOffset="6917"/>
</LocList>
<BasicStmnt CovItemId="S78" CovItemPrefix="devops.hw1.core.Player.java" Intrnl_Id="721">
<LocList>
<Loc EndOffset="6933" SrcFileId="11" StartOffset="6917"/>
</LocList>
</BasicStmnt>
</StmntSeq>
</HierarchyLvl>
</HierarchyLvl>
<HierarchyLvl HierarchyLvlId="283" HierarchyLvlTypeId="21" Intrnl_Id="722" Name="AbstractDataTest">
<Header>
<Loc EndOffset="118" SrcFileId="12" StartOffset="89"/>
</Header>
<LocList>
<Loc EndOffset="191" SrcFileId="12" StartOffset="89"/>
<Loc EndOffset="2046" SrcFileId="12" StartOffset="415"/>
</LocList>
<HierarchyLvl HierarchyLvlId="272" HierarchyLvlTypeId="21" Intrnl_Id="723" Name="IntegerDataMock">
<Header>
<Loc EndOffset="250" SrcFileId="12" StartOffset="191"/>
</Header>
<LocList>
<Loc EndOffset="415" SrcFileId="12" StartOffset="191"/>
</LocList>
<HierarchyLvl HierarchyLvlId="270" HierarchyLvlTypeId="20" Intrnl_Id="724" Name="IntegerDataMock">
<Header>
<Loc EndOffset="302" SrcFileId="12" StartOffset="256"/>
</Header>
<LocList>
<Loc EndOffset="331" SrcFileId="12" StartOffset="256"/>
</LocList>
<StmntSeq Intrnl_Id="725">
<LocList>
<Loc EndOffset="326" SrcFileId="12" StartOffset="309"/>
</LocList>
<BasicStmnt CovItemId="S1" CovItemPrefix="devops.hw1.core.AbstractDataTest.java" Intrnl_Id="726">
<LocList>
<Loc EndOffset="326" SrcFileId="12" StartOffset="309"/>
</LocList>
</BasicStmnt>
</StmntSeq>
</HierarchyLvl>
<HierarchyLvl HierarchyLvlId="271" HierarchyLvlTypeId="20" Intrnl_Id="727" Name="compareTo">
<Header>
<Loc EndOffset="388" SrcFileId="12" StartOffset="337"/>
</Header>
<LocList>
<Loc EndOffset="409" SrcFileId="12" StartOffset="337"/>
</LocList>
<StmntSeq Intrnl_Id="728">
<LocList>
<Loc EndOffset="404" SrcFileId="12" StartOffset="395"/>
</LocList>
<BasicStmnt CovItemId="S2" CovItemPrefix="devops.hw1.core.AbstractDataTest.java" Intrnl_Id="729">
<LocList>
<Loc EndOffset="404" SrcFileId="12" StartOffset="395"/>
</LocList>
</BasicStmnt>
</StmntSeq>
</HierarchyLvl>
</HierarchyLvl>
<HierarchyLvl HierarchyLvlId="273" HierarchyLvlTypeId="20" Intrnl_Id="730" Name="AbstractDataTest">
<Header>
<Loc EndOffset="445" SrcFileId="12" StartOffset="420"/>
</Header>
<LocList>
<Loc EndOffset="569" SrcFileId="12" StartOffset="420"/>
</LocList>
<StmntSeq Intrnl_Id="731">
<LocList>
<Loc EndOffset="463" SrcFileId="12" StartOffset="451"/>
<Loc EndOffset="499" SrcFileId="12" StartOffset="467"/>
<Loc EndOffset="564" SrcFileId="12" StartOffset="503"/>
</LocList>
<BasicStmnt CovItemId="S3" CovItemPrefix="devops.hw1.core.AbstractDataTest.java" Intrnl_Id="732">
<LocList>
<Loc EndOffset="463" SrcFileId="12" StartOffset="451"/>
</LocList>
</BasicStmnt>
<BasicStmnt CovItemId="S4" CovItemPrefix="devops.hw1.core.AbstractDataTest.java" Intrnl_Id="733">
<LocList>
<Loc EndOffset="499" SrcFileId="12" StartOffset="467"/>
</LocList>
</BasicStmnt>
<BasicStmnt CovItemId="S5" CovItemPrefix="devops.hw1.core.AbstractDataTest.java" Intrnl_Id="734">
<LocList>
<Loc EndOffset="564" SrcFileId="12" StartOffset="503"/>
</LocList>
</BasicStmnt>
</StmntSeq>
</HierarchyLvl>
<HierarchyLvl HierarchyLvlId="274" HierarchyLvlTypeId="20" Intrnl_Id="735" Name="testHashCode">
<Header>
<Loc EndOffset="608" SrcFileId="12" StartOffset="574"/>
</Header>
<LocList>
<Loc EndOffset="877" SrcFileId="12" StartOffset="574"/>
</LocList>
<StmntSeq Intrnl_Id="736">
<LocList>
<Loc EndOffset="635" SrcFileId="12" StartOffset="614"/>
<Loc EndOffset="656" SrcFileId="12" StartOffset="639"/>
<Loc EndOffset="721" SrcFileId="12" StartOffset="660"/>
<Loc EndOffset="784" SrcFileId="12" StartOffset="725"/>
<Loc EndOffset="834" SrcFileId="12" StartOffset="792"/>
<Loc EndOffset="873" SrcFileId="12" StartOffset="842"/>
</LocList>
<BasicStmnt CovItemId="S6" CovItemPrefix="devops.hw1.core.AbstractDataTest.java" Intrnl_Id="737">
<LocList>
<Loc EndOffset="635" SrcFileId="12" StartOffset="614"/>
</LocList>
</BasicStmnt>
<BasicStmnt CovItemId="S7" CovItemPrefix="devops.hw1.core.AbstractDataTest.java" Intrnl_Id="738">
<LocList>
<Loc EndOffset="656" SrcFileId="12" StartOffset="639"/>
</LocList>
</BasicStmnt>
<BasicStmnt CovItemId="S8" CovItemPrefix="devops.hw1.core.AbstractDataTest.java" Intrnl_Id="739">
<LocList>
<Loc EndOffset="721" SrcFileId="12" StartOffset="660"/>
</LocList>
</BasicStmnt>
<BasicStmnt CovItemId="S9" CovItemPrefix="devops.hw1.core.AbstractDataTest.java" Intrnl_Id="740">
<LocList>
<Loc EndOffset="784" SrcFileId="12" StartOffset="725"/>
</LocList>
</BasicStmnt>
<BasicStmnt CovItemId="S10" CovItemPrefix="devops.hw1.core.AbstractDataTest.java" Intrnl_Id="741">
<LocList>
<Loc EndOffset="834" SrcFileId="12" StartOffset="792"/>
</LocList>
</BasicStmnt>
<BasicStmnt CovItemId="S11" CovItemPrefix="devops.hw1.core.AbstractDataTest.java" Intrnl_Id="742">
<LocList>
<Loc EndOffset="873" SrcFileId="12" StartOffset="842"/>
</LocList>
</BasicStmnt>
</StmntSeq>
</HierarchyLvl>
<HierarchyLvl HierarchyLvlId="275" HierarchyLvlTypeId="20" Intrnl_Id="743" Name="testAbstractDataConstructor">
<Header>
<Loc EndOffset="931" SrcFileId="12" StartOffset="882"/>
</Header>
<LocList>
<Loc EndOffset="974" SrcFileId="12" StartOffset="882"/>
</LocList>
<StmntSeq Intrnl_Id="744">
<LocList>
<Loc EndOffset="970" SrcFileId="12" StartOffset="937"/>
</LocList>
<BasicStmnt CovItemId="S12" CovItemPrefix="devops.hw1.core.AbstractDataTest.java" Intrnl_Id="745">
<LocList>
<Loc EndOffset="970" SrcFileId="12" StartOffset="937"/>
</LocList>
</BasicStmnt>
</StmntSeq>
</HierarchyLvl>
<HierarchyLvl HierarchyLvlId="276" HierarchyLvlTypeId="20" Intrnl_Id="746" Name="testGetId">
<Header>
<Loc EndOffset="1010" SrcFileId="12" StartOffset="979"/>
</Header>
<LocList>
<Loc EndOffset="1069" SrcFileId="12" StartOffset="979"/>
</LocList>
<StmntSeq Intrnl_Id="747">
<LocList>
<Loc EndOffset="1065" SrcFileId="12" StartOffset="1016"/>
</LocList>
<BasicStmnt CovItemId="S13" CovItemPrefix="devops.hw1.core.AbstractDataTest.java" Intrnl_Id="748">
<LocList>
<Loc EndOffset="1065" SrcFileId="12" StartOffset="1016"/>
</LocList>
</BasicStmnt>
</StmntSeq>
</HierarchyLvl>
<HierarchyLvl HierarchyLvlId="277" HierarchyLvlTypeId="20" Intrnl_Id="749" Name="testGetValue">
<Header>
<Loc EndOffset="1108" SrcFileId="12" StartOffset="1074"/>
</Header>
<LocList>
<Loc EndOffset="1173" SrcFileId="12" StartOffset="1074"/>
</LocList>
<StmntSeq Intrnl_Id="750">
<LocList>
<Loc EndOffset="1169" SrcFileId="12" StartOffset="1114"/>
</LocList>
<BasicStmnt CovItemId="S14" CovItemPrefix="devops.hw1.core.AbstractDataTest.java" Intrnl_Id="751">
<LocList>
<Loc EndOffset="1169" SrcFileId="12" StartOffset="1114"/>
</LocList>
</BasicStmnt>
</StmntSeq>
</HierarchyLvl>
<HierarchyLvl HierarchyLvlId="278" HierarchyLvlTypeId="20" Intrnl_Id="752" Name="testEqualsObjectNull">
<Header>
<Loc EndOffset="1220" SrcFileId="12" StartOffset="1178"/>
</Header>
<LocList>
<Loc EndOffset="1274" SrcFileId="12" StartOffset="1178"/>
</LocList>
<StmntSeq Intrnl_Id="753">
<LocList>
<Loc EndOffset="1270" SrcFileId="12" StartOffset="1226"/>
</LocList>
<BasicStmnt CovItemId="S15" CovItemPrefix="devops.hw1.core.AbstractDataTest.java" Intrnl_Id="754">
<LocList>
<Loc EndOffset="1270" SrcFileId="12" StartOffset="1226"/>
</LocList>
</BasicStmnt>
</StmntSeq>
</HierarchyLvl>
<HierarchyLvl HierarchyLvlId="279" HierarchyLvlTypeId="20" Intrnl_Id="755" Name="testEqualsObjectEqualRef">
<Header>
<Loc EndOffset="1325" SrcFileId="12" StartOffset="1279"/>
</Header>
<LocList>
<Loc EndOffset="1391" SrcFileId="12" StartOffset="1279"/>
</LocList>
<StmntSeq Intrnl_Id="756">
<LocList>
<Loc EndOffset="1387" SrcFileId="12" StartOffset="1331"/>
</LocList>
<BasicStmnt CovItemId="S16" CovItemPrefix="devops.hw1.core.AbstractDataTest.java" Intrnl_Id="757">
<LocList>
<Loc EndOffset="1387" SrcFileId="12" StartOffset="1331"/>
</LocList>
</BasicStmnt>
</StmntSeq>
</HierarchyLvl>
<HierarchyLvl HierarchyLvlId="280" HierarchyLvlTypeId="20" Intrnl_Id="758" Name="testEqualsObjectForUnEqualClass">
<Header>
<Loc EndOffset="1449" SrcFileId="12" StartOffset="1396"/>
</Header>
<LocList>
<Loc EndOffset="1509" SrcFileId="12" StartOffset="1396"/>
</LocList>
<StmntSeq Intrnl_Id="759">
<LocList>
<Loc EndOffset="1505" SrcFileId="12" StartOffset="1455"/>
</LocList>
<BasicStmnt CovItemId="S17" CovItemPrefix="devops.hw1.core.AbstractDataTest.java" Intrnl_Id="760">
<LocList>
<Loc EndOffset="1505" SrcFileId="12" StartOffset="1455"/>
</LocList>
</BasicStmnt>
</StmntSeq>
</HierarchyLvl>
<HierarchyLvl HierarchyLvlId="281" HierarchyLvlTypeId="20" Intrnl_Id="761" Name="testEqualsObjectUnEqualValues">
<Header>
<Loc EndOffset="1565" SrcFileId="12" StartOffset="1514"/>
</Header>
<LocList>
<Loc EndOffset="1845" SrcFileId="12" StartOffset="1514"/>
</LocList>
<StmntSeq Intrnl_Id="762">
<LocList>
<Loc EndOffset="1645" SrcFileId="12" StartOffset="1571"/>
<Loc EndOffset="1703" SrcFileId="12" StartOffset="1649"/>
<Loc EndOffset="1783" SrcFileId="12" StartOffset="1709"/>
<Loc EndOffset="1841" SrcFileId="12" StartOffset="1787"/>
</LocList>
<BasicStmnt CovItemId="S18" CovItemPrefix="devops.hw1.core.AbstractDataTest.java" Intrnl_Id="763">
<LocList>
<Loc EndOffset="1645" SrcFileId="12" StartOffset="1571"/>
</LocList>
</BasicStmnt>
<BasicStmnt CovItemId="S19" CovItemPrefix="devops.hw1.core.AbstractDataTest.java" Intrnl_Id="764">
<LocList>
<Loc EndOffset="1703" SrcFileId="12" StartOffset="1649"/>
</LocList>
</BasicStmnt>
<BasicStmnt CovItemId="S20" CovItemPrefix="devops.hw1.core.AbstractDataTest.java" Intrnl_Id="765">
<LocList>
<Loc EndOffset="1783" SrcFileId="12" StartOffset="1709"/>
</LocList>
</BasicStmnt>
<BasicStmnt CovItemId="S21" CovItemPrefix="devops.hw1.core.AbstractDataTest.java" Intrnl_Id="766">
<LocList>
<Loc EndOffset="1841" SrcFileId="12" StartOffset="1787"/>
</LocList>
</BasicStmnt>
</StmntSeq>
</HierarchyLvl>
<HierarchyLvl HierarchyLvlId="282" HierarchyLvlTypeId="20" Intrnl_Id="767" Name="testEqualsObjectEqualValue">
<Header>
<Loc EndOffset="1898" SrcFileId="12" StartOffset="1850"/>
</Header>
<LocList>
<Loc EndOffset="2043" SrcFileId="12" StartOffset="1850"/>
</LocList>
<StmntSeq Intrnl_Id="768">
<LocList>
<Loc EndOffset="1983" SrcFileId="12" StartOffset="1904"/>
<Loc EndOffset="2039" SrcFileId="12" StartOffset="1987"/>
</LocList>
<BasicStmnt CovItemId="S22" CovItemPrefix="devops.hw1.core.AbstractDataTest.java" Intrnl_Id="769">
<LocList>
<Loc EndOffset="1983" SrcFileId="12" StartOffset="1904"/>
</LocList>
</BasicStmnt>
<BasicStmnt CovItemId="S23" CovItemPrefix="devops.hw1.core.AbstractDataTest.java" Intrnl_Id="770">
<LocList>
<Loc EndOffset="2039" SrcFileId="12" StartOffset="1987"/>
</LocList>
</BasicStmnt>
</StmntSeq>
</HierarchyLvl>
</HierarchyLvl>
<HierarchyLvl HierarchyLvlId="289" HierarchyLvlTypeId="21" Intrnl_Id="771" Name="NumericDataTest">
<Header>
<Loc EndOffset="119" SrcFileId="13" StartOffset="91"/>
</Header>
<LocList>
<Loc EndOffset="876" SrcFileId="13" StartOffset="91"/>
</LocList>
<HierarchyLvl HierarchyLvlId="284" HierarchyLvlTypeId="20" Intrnl_Id="772" Name="NumericDataTest">
<Header>
<Loc EndOffset="196" SrcFileId="13" StartOffset="172"/>
</Header>
<LocList>
<Loc EndOffset="304" SrcFileId="13" StartOffset="172"/>
</LocList>
<StmntSeq Intrnl_Id="773">
<LocList>
<Loc EndOffset="214" SrcFileId="13" StartOffset="202"/>
<Loc EndOffset="247" SrcFileId="13" StartOffset="218"/>
<Loc EndOffset="300" SrcFileId="13" StartOffset="251"/>
</LocList>
<BasicStmnt CovItemId="S1" CovItemPrefix="devops.hw1.core.NumericDataTest.java" Intrnl_Id="774">
<LocList>
<Loc EndOffset="214" SrcFileId="13" StartOffset="202"/>
</LocList>
</BasicStmnt>
<BasicStmnt CovItemId="S2" CovItemPrefix="devops.hw1.core.NumericDataTest.java" Intrnl_Id="775">
<LocList>
<Loc EndOffset="247" SrcFileId="13" StartOffset="218"/>
</LocList>
</BasicStmnt>
<BasicStmnt CovItemId="S3" CovItemPrefix="devops.hw1.core.NumericDataTest.java" Intrnl_Id="776">
<LocList>
<Loc EndOffset="300" SrcFileId="13" StartOffset="251"/>
</LocList>
</BasicStmnt>
</StmntSeq>
</HierarchyLvl>
<HierarchyLvl HierarchyLvlId="285" HierarchyLvlTypeId="20" Intrnl_Id="777" Name="testNumericData">
<Header>
<Loc EndOffset="346" SrcFileId="13" StartOffset="309"/>
</Header>
<LocList>
<Loc EndOffset="381" SrcFileId="13" StartOffset="309"/>
</LocList>
<StmntSeq Intrnl_Id="778">
<LocList>
<Loc EndOffset="377" SrcFileId="13" StartOffset="352"/>
</LocList>
<BasicStmnt CovItemId="S4" CovItemPrefix="devops.hw1.core.NumericDataTest.java" Intrnl_Id="779">
<LocList>
<Loc EndOffset="377" SrcFileId="13" StartOffset="352"/>
</LocList>
</BasicStmnt>
</StmntSeq>
</HierarchyLvl>
<HierarchyLvl HierarchyLvlId="286" HierarchyLvlTypeId="20" Intrnl_Id="780" Name="testCompareToEqual">
<Header>
<Loc EndOffset="426" SrcFileId="13" StartOffset="386"/>
</Header>
<LocList>
<Loc EndOffset="541" SrcFileId="13" StartOffset="386"/>
</LocList>
<StmntSeq Intrnl_Id="781">
<LocList>
<Loc EndOffset="489" SrcFileId="13" StartOffset="432"/>
<Loc EndOffset="537" SrcFileId="13" StartOffset="493"/>
</LocList>
<BasicStmnt CovItemId="S5" CovItemPrefix="devops.hw1.core.NumericDataTest.java" Intrnl_Id="782">
<LocList>
<Loc EndOffset="489" SrcFileId="13" StartOffset="432"/>
</LocList>
</BasicStmnt>
<BasicStmnt CovItemId="S6" CovItemPrefix="devops.hw1.core.NumericDataTest.java" Intrnl_Id="783">
<LocList>
<Loc EndOffset="537" SrcFileId="13" StartOffset="493"/>
</LocList>
</BasicStmnt>
</StmntSeq>
</HierarchyLvl>
<HierarchyLvl HierarchyLvlId="287" HierarchyLvlTypeId="20" Intrnl_Id="784" Name="testCompareToLesser">
<Header>
<Loc EndOffset="587" SrcFileId="13" StartOffset="546"/>
</Header>
<LocList>
<Loc EndOffset="707" SrcFileId="13" StartOffset="546"/>
</LocList>
<StmntSeq Intrnl_Id="785">
<LocList>
<Loc EndOffset="654" SrcFileId="13" StartOffset="593"/>
<Loc EndOffset="703" SrcFileId="13" StartOffset="658"/>
</LocList>
<BasicStmnt CovItemId="S7" CovItemPrefix="devops.hw1.core.NumericDataTest.java" Intrnl_Id="786">
<LocList>
<Loc EndOffset="654" SrcFileId="13" StartOffset="593"/>
</LocList>
</BasicStmnt>
<BasicStmnt CovItemId="S8" CovItemPrefix="devops.hw1.core.NumericDataTest.java" Intrnl_Id="787">
<LocList>
<Loc EndOffset="703" SrcFileId="13" StartOffset="658"/>
</LocList>
</BasicStmnt>
</StmntSeq>
</HierarchyLvl>
<HierarchyLvl HierarchyLvlId="288" HierarchyLvlTypeId="20" Intrnl_Id="788" Name="testCompareToGreater">
<Header>
<Loc EndOffset="754" SrcFileId="13" StartOffset="712"/>
</Header>
<LocList>
<Loc EndOffset="873" SrcFileId="13" StartOffset="712"/>
</LocList>
<StmntSeq Intrnl_Id="789">
<LocList>
<Loc EndOffset="821" SrcFileId="13" StartOffset="760"/>
<Loc EndOffset="869" SrcFileId="13" StartOffset="825"/>
</LocList>
<BasicStmnt CovItemId="S9" CovItemPrefix="devops.hw1.core.NumericDataTest.java" Intrnl_Id="790">
<LocList>
<Loc EndOffset="821" SrcFileId="13" StartOffset="760"/>
</LocList>
</BasicStmnt>
<BasicStmnt CovItemId="S10" CovItemPrefix="devops.hw1.core.NumericDataTest.java" Intrnl_Id="791">
<LocList>
<Loc EndOffset="869" SrcFileId="13" StartOffset="825"/>
</LocList>
</BasicStmnt>
</StmntSeq>
</HierarchyLvl>
</HierarchyLvl>
<HierarchyLvl HierarchyLvlId="294" HierarchyLvlTypeId="21" Intrnl_Id="792" Name="ParameterizedTestBuyCard">
<Header>
<Loc EndOffset="430" SrcFileId="14" StartOffset="362"/>
</Header>
<LocList>
<Loc EndOffset="2349" SrcFileId="14" StartOffset="362"/>
</LocList>
<HierarchyLvl HierarchyLvlId="290" HierarchyLvlTypeId="20" Intrnl_Id="793" Name="initialize">
<Header>
<Loc EndOffset="685" SrcFileId="14" StartOffset="648"/>
</Header>
<LocList>
<Loc EndOffset="823" SrcFileId="14" StartOffset="648"/>
</LocList>
<StmntSeq Intrnl_Id="794">
<LocList>
<Loc EndOffset="725" SrcFileId="14" StartOffset="695"/>
<Loc EndOffset="754" SrcFileId="14" StartOffset="733"/>
</LocList>
<BasicStmnt CovItemId="S1" CovItemPrefix="devops.hw1.core.ParameterizedTestBuyCard.java" Intrnl_Id="795">
<LocList>
<Loc EndOffset="725" SrcFileId="14" StartOffset="695"/>
</LocList>
</BasicStmnt>
<BasicStmnt CovItemId="S2" CovItemPrefix="devops.hw1.core.ParameterizedTestBuyCard.java" Intrnl_Id="796">
<LocList>
<Loc EndOffset="754" SrcFileId="14" StartOffset="733"/>
</LocList>
</BasicStmnt>
</StmntSeq>
</HierarchyLvl>
<HierarchyLvl HierarchyLvlId="291" HierarchyLvlTypeId="20" Intrnl_Id="797" Name="ParameterizedTestBuyCard">
<Header>
<Loc EndOffset="1476" SrcFileId="14" StartOffset="1353"/>
</Header>
<LocList>
<Loc EndOffset="1637" SrcFileId="14" StartOffset="1353"/>
</LocList>
<StmntSeq Intrnl_Id="798">
<LocList>
<Loc EndOffset="1511" SrcFileId="14" StartOffset="1486"/>
<Loc EndOffset="1554" SrcFileId="14" StartOffset="1519"/>
<Loc EndOffset="1606" SrcFileId="14" StartOffset="1562"/>
<Loc EndOffset="1631" SrcFileId="14" StartOffset="1614"/>
</LocList>
<BasicStmnt CovItemId="S3" CovItemPrefix="devops.hw1.core.ParameterizedTestBuyCard.java" Intrnl_Id="799">
<LocList>
<Loc EndOffset="1511" SrcFileId="14" StartOffset="1486"/>
</LocList>
</BasicStmnt>
<BasicStmnt CovItemId="S4" CovItemPrefix="devops.hw1.core.ParameterizedTestBuyCard.java" Intrnl_Id="800">
<LocList>
<Loc EndOffset="1554" SrcFileId="14" StartOffset="1519"/>
</LocList>
</BasicStmnt>
<BasicStmnt CovItemId="S5" CovItemPrefix="devops.hw1.core.ParameterizedTestBuyCard.java" Intrnl_Id="801">
<LocList>
<Loc EndOffset="1606" SrcFileId="14" StartOffset="1562"/>
</LocList>
</BasicStmnt>
<BasicStmnt CovItemId="S6" CovItemPrefix="devops.hw1.core.ParameterizedTestBuyCard.java" Intrnl_Id="802">
<LocList>
<Loc EndOffset="1631" SrcFileId="14" StartOffset="1614"/>
</LocList>
</BasicStmnt>
</StmntSeq>
</HierarchyLvl>
<HierarchyLvl HierarchyLvlId="292" HierarchyLvlTypeId="20" Intrnl_Id="803" Name="paramNumbers">
<Header>
<Loc EndOffset="1713" SrcFileId="14" StartOffset="1644"/>
</Header>
<LocList>
<Loc EndOffset="1866" SrcFileId="14" StartOffset="1644"/>
</LocList>
<StmntSeq Intrnl_Id="804">
<LocList>
<Loc EndOffset="1860" SrcFileId="14" StartOffset="1723"/>
</LocList>
<BasicStmnt CovItemId="S7" CovItemPrefix="devops.hw1.core.ParameterizedTestBuyCard.java" Intrnl_Id="805">
<LocList>
<Loc EndOffset="1860" SrcFileId="14" StartOffset="1723"/>
</LocList>
</BasicStmnt>
</StmntSeq>
</HierarchyLvl>
<HierarchyLvl HierarchyLvlId="293" HierarchyLvlTypeId="20" Intrnl_Id="806" Name="testBuyCardParameterized">
<Header>
<Loc EndOffset="1924" SrcFileId="14" StartOffset="1876"/>
</Header>
<LocList>
<Loc EndOffset="2344" SrcFileId="14" StartOffset="1876"/>
</LocList>
<StmntSeq Intrnl_Id="807">
<LocList>
<Loc EndOffset="1970" SrcFileId="14" StartOffset="1932"/>
<Loc EndOffset="2221" SrcFileId="14" StartOffset="1982"/>
<Loc EndOffset="2275" SrcFileId="14" StartOffset="2227"/>
<Loc EndOffset="2338" SrcFileId="14" StartOffset="2281"/>
</LocList>
<BasicStmnt CovItemId="S8" CovItemPrefix="devops.hw1.core.ParameterizedTestBuyCard.java" Intrnl_Id="808">
<LocList>
<Loc EndOffset="1970" SrcFileId="14" StartOffset="1932"/>
</LocList>
</BasicStmnt>
<CondStmnt CovItemId="S9" CovItemPrefix="devops.hw1.core.ParameterizedTestBuyCard.java" Intrnl_Id="809">
<Branch CovItemId="B1" CovItemPrefix="devops.hw1.core.ParameterizedTestBuyCard.java" Implct="false" Intrnl_Id="810">
<Cond/>
<LocList>
<Loc EndOffset="2105" SrcFileId="14" StartOffset="1992"/>
</LocList>
<StmntSeq Intrnl_Id="811">
<LocList>
<Loc EndOffset="2034" SrcFileId="14" StartOffset="2000"/>
<Loc EndOffset="2098" SrcFileId="14" StartOffset="2046"/>
</LocList>
<BasicStmnt CovItemId="S10" CovItemPrefix="devops.hw1.core.ParameterizedTestBuyCard.java" Intrnl_Id="812">
<LocList>
<Loc EndOffset="2034" SrcFileId="14" StartOffset="2000"/>
</LocList>
</BasicStmnt>
<BasicStmnt CovItemId="S11" CovItemPrefix="devops.hw1.core.ParameterizedTestBuyCard.java" Intrnl_Id="813">
<LocList>
<Loc EndOffset="2098" SrcFileId="14" StartOffset="2046"/>
</LocList>
</BasicStmnt>
</StmntSeq>
</Branch>
<Branch CovItemId="B2" CovItemPrefix="devops.hw1.core.ParameterizedTestBuyCard.java" Implct="false" Intrnl_Id="814">
<Cond>
<Loc EndOffset="2110" SrcFileId="14" StartOffset="2106"/>
</Cond>
<LocList>
<Loc EndOffset="2221" SrcFileId="14" StartOffset="2111"/>
</LocList>
<StmntSeq Intrnl_Id="815">
<LocList>
<Loc EndOffset="2154" SrcFileId="14" StartOffset="2119"/>
<Loc EndOffset="2214" SrcFileId="14" StartOffset="2161"/>
</LocList>
<BasicStmnt CovItemId="S12" CovItemPrefix="devops.hw1.core.ParameterizedTestBuyCard.java" Intrnl_Id="816">
<LocList>
<Loc EndOffset="2154" SrcFileId="14" StartOffset="2119"/>
</LocList>
</BasicStmnt>
<BasicStmnt CovItemId="S13" CovItemPrefix="devops.hw1.core.ParameterizedTestBuyCard.java" Intrnl_Id="817">
<LocList>
<Loc EndOffset="2214" SrcFileId="14" StartOffset="2161"/>
</LocList>
</BasicStmnt>
</StmntSeq>
</Branch>
<Keyword EndOffset="1984" SrcFileId="14" StartOffset="1982"/>
<LocList>
<Loc EndOffset="2221" SrcFileId="14" StartOffset="1982"/>
</LocList>
<RootTerm CovItemId="C1" CovItemPrefix="devops.hw1.core.ParameterizedTestBuyCard.java" Intrnl_Id="818">
<BasicBoolTerm Intrnl_Id="819">
<LocList>
<Loc EndOffset="1990" SrcFileId="14" StartOffset="1986"/>
</LocList>
</BasicBoolTerm>
</RootTerm>
</CondStmnt>
<BasicStmnt CovItemId="S14" CovItemPrefix="devops.hw1.core.ParameterizedTestBuyCard.java" Intrnl_Id="820">
<LocList>
<Loc EndOffset="2275" SrcFileId="14" StartOffset="2227"/>
</LocList>
</BasicStmnt>
<BasicStmnt CovItemId="S15" CovItemPrefix="devops.hw1.core.ParameterizedTestBuyCard.java" Intrnl_Id="821">
<LocList>
<Loc EndOffset="2338" SrcFileId="14" StartOffset="2281"/>
</LocList>
</BasicStmnt>
</StmntSeq>
</HierarchyLvl>
</HierarchyLvl>
<HierarchyLvl HierarchyLvlId="345" HierarchyLvlTypeId="21" Intrnl_Id="822" Name="Tests">
<Header>
<Loc EndOffset="387" SrcFileId="15" StartOffset="369"/>
</Header>
<LocList>
<Loc EndOffset="24956" SrcFileId="15" StartOffset="369"/>
</LocList>
<HierarchyLvl HierarchyLvlId="295" HierarchyLvlTypeId="20" Intrnl_Id="823" Name="testMakeCard">
<Header>
<Loc EndOffset="476" SrcFileId="15" StartOffset="442"/>
</Header>
<LocList>
<Loc EndOffset="560" SrcFileId="15" StartOffset="442"/>
</LocList>
<StmntSeq Intrnl_Id="824">
<LocList>
<Loc EndOffset="515" SrcFileId="15" StartOffset="482"/>
<Loc EndOffset="556" SrcFileId="15" StartOffset="519"/>
</LocList>
<BasicStmnt CovItemId="S1" CovItemPrefix="devops.hw1.core.Tests.java" Intrnl_Id="825">
<LocList>
<Loc EndOffset="515" SrcFileId="15" StartOffset="482"/>
</LocList>
</BasicStmnt>
<BasicStmnt CovItemId="S2" CovItemPrefix="devops.hw1.core.Tests.java" Intrnl_Id="826">
<LocList>
<Loc EndOffset="556" SrcFileId="15" StartOffset="519"/>
</LocList>
</BasicStmnt>
</StmntSeq>
</HierarchyLvl>
<HierarchyLvl HierarchyLvlId="296" HierarchyLvlTypeId="20" Intrnl_Id="827" Name="testGetCardCost">
<Header>
<Loc EndOffset="705" SrcFileId="15" StartOffset="668"/>
</Header>
<LocList>
<Loc EndOffset="788" SrcFileId="15" StartOffset="668"/>
</LocList>
<StmntSeq Intrnl_Id="828">
<LocList>
<Loc EndOffset="745" SrcFileId="15" StartOffset="711"/>
<Loc EndOffset="784" SrcFileId="15" StartOffset="749"/>
</LocList>
<BasicStmnt CovItemId="S3" CovItemPrefix="devops.hw1.core.Tests.java" Intrnl_Id="829">
<LocList>
<Loc EndOffset="745" SrcFileId="15" StartOffset="711"/>
</LocList>
</BasicStmnt>
<BasicStmnt CovItemId="S4" CovItemPrefix="devops.hw1.core.Tests.java" Intrnl_Id="830">
<LocList>
<Loc EndOffset="784" SrcFileId="15" StartOffset="749"/>
</LocList>
</BasicStmnt>
</StmntSeq>
</HierarchyLvl>
<HierarchyLvl HierarchyLvlId="297" HierarchyLvlTypeId="20" Intrnl_Id="831" Name="testGetDefaultCardCost">
<Header>
<Loc EndOffset="941" SrcFileId="15" StartOffset="897"/>
</Header>
<LocList>
<Loc EndOffset="1023" SrcFileId="15" StartOffset="897"/>
</LocList>
<StmntSeq Intrnl_Id="832">
<LocList>
<Loc EndOffset="980" SrcFileId="15" StartOffset="947"/>
<Loc EndOffset="1019" SrcFileId="15" StartOffset="984"/>
</LocList>
<BasicStmnt CovItemId="S5" CovItemPrefix="devops.hw1.core.Tests.java" Intrnl_Id="833">
<LocList>
<Loc EndOffset="980" SrcFileId="15" StartOffset="947"/>
</LocList>
</BasicStmnt>
<BasicStmnt CovItemId="S6" CovItemPrefix="devops.hw1.core.Tests.java" Intrnl_Id="834">
<LocList>
<Loc EndOffset="1019" SrcFileId="15" StartOffset="984"/>
</LocList>
</BasicStmnt>
</StmntSeq>
</HierarchyLvl>
<HierarchyLvl HierarchyLvlId="298" HierarchyLvlTypeId="20" Intrnl_Id="835" Name="testMakePlayer">
<Header>
<Loc EndOffset="1126" SrcFileId="15" StartOffset="1090"/>
</Header>
<LocList>
<Loc EndOffset="1219" SrcFileId="15" StartOffset="1090"/>
</LocList>
<StmntSeq Intrnl_Id="836">
<LocList>
<Loc EndOffset="1171" SrcFileId="15" StartOffset="1132"/>
<Loc EndOffset="1215" SrcFileId="15" StartOffset="1175"/>
</LocList>
<BasicStmnt CovItemId="S7" CovItemPrefix="devops.hw1.core.Tests.java" Intrnl_Id="837">
<LocList>
<Loc EndOffset="1171" SrcFileId="15" StartOffset="1132"/>
</LocList>
</BasicStmnt>
<BasicStmnt CovItemId="S8" CovItemPrefix="devops.hw1.core.Tests.java" Intrnl_Id="838">
<LocList>
<Loc EndOffset="1215" SrcFileId="15" StartOffset="1175"/>
</LocList>
</BasicStmnt>
</StmntSeq>
</HierarchyLvl>
<HierarchyLvl HierarchyLvlId="299" HierarchyLvlTypeId="20" Intrnl_Id="839" Name="testPlayerAddRunes">
<Header>
<Loc EndOffset="1774" SrcFileId="15" StartOffset="1734"/>
</Header>
<LocList>
<Loc EndOffset="2114" SrcFileId="15" StartOffset="1734"/>
</LocList>
<StmntSeq Intrnl_Id="840">
<LocList>
<Loc EndOffset="1819" SrcFileId="15" StartOffset="1780"/>
<Loc EndOffset="1861" SrcFileId="15" StartOffset="1823"/>
<Loc EndOffset="1887" SrcFileId="15" StartOffset="1865"/>
<Loc EndOffset="1929" SrcFileId="15" StartOffset="1891"/>
<Loc EndOffset="1956" SrcFileId="15" StartOffset="1933"/>
<Loc EndOffset="1999" SrcFileId="15" StartOffset="1960"/>
<Loc EndOffset="2041" SrcFileId="15" StartOffset="2003"/>
<Loc EndOffset="2068" SrcFileId="15" StartOffset="2045"/>
<Loc EndOffset="2110" SrcFileId="15" StartOffset="2072"/>
</LocList>
<BasicStmnt CovItemId="S9" CovItemPrefix="devops.hw1.core.Tests.java" Intrnl_Id="841">
<LocList>
<Loc EndOffset="1819" SrcFileId="15" StartOffset="1780"/>
</LocList>
</BasicStmnt>
<BasicStmnt CovItemId="S10" CovItemPrefix="devops.hw1.core.Tests.java" Intrnl_Id="842">
<LocList>
<Loc EndOffset="1861" SrcFileId="15" StartOffset="1823"/>
</LocList>
</BasicStmnt>
<BasicStmnt CovItemId="S11" CovItemPrefix="devops.hw1.core.Tests.java" Intrnl_Id="843">
<LocList>
<Loc EndOffset="1887" SrcFileId="15" StartOffset="1865"/>
</LocList>
</BasicStmnt>
<BasicStmnt CovItemId="S12" CovItemPrefix="devops.hw1.core.Tests.java" Intrnl_Id="844">
<LocList>
<Loc EndOffset="1929" SrcFileId="15" StartOffset="1891"/>
</LocList>
</BasicStmnt>
<BasicStmnt CovItemId="S13" CovItemPrefix="devops.hw1.core.Tests.java" Intrnl_Id="845">
<LocList>
<Loc EndOffset="1956" SrcFileId="15" StartOffset="1933"/>
</LocList>
</BasicStmnt>
<BasicStmnt CovItemId="S14" CovItemPrefix="devops.hw1.core.Tests.java" Intrnl_Id="846">
<LocList>
<Loc EndOffset="1999" SrcFileId="15" StartOffset="1960"/>
</LocList>
</BasicStmnt>
<BasicStmnt CovItemId="S15" CovItemPrefix="devops.hw1.core.Tests.java" Intrnl_Id="847">
<LocList>
<Loc EndOffset="2041" SrcFileId="15" StartOffset="2003"/>
</LocList>
</BasicStmnt>
<BasicStmnt CovItemId="S16" CovItemPrefix="devops.hw1.core.Tests.java" Intrnl_Id="848">
<LocList>
<Loc EndOffset="2068" SrcFileId="15" StartOffset="2045"/>
</LocList>
</BasicStmnt>
<BasicStmnt CovItemId="S17" CovItemPrefix="devops.hw1.core.Tests.java" Intrnl_Id="849">
<LocList>
<Loc EndOffset="2110" SrcFileId="15" StartOffset="2072"/>
</LocList>
</BasicStmnt>
</StmntSeq>
</HierarchyLvl>
<HierarchyLvl HierarchyLvlId="300" HierarchyLvlTypeId="20" Intrnl_Id="850" Name="testPlayerDiscardMock">
<Header>
<Loc EndOffset="2304" SrcFileId="15" StartOffset="2261"/>
</Header>
<LocList>
<Loc EndOffset="2737" SrcFileId="15" StartOffset="2261"/>
</LocList>
<StmntSeq Intrnl_Id="851">
<LocList>
<Loc EndOffset="2349" SrcFileId="15" StartOffset="2310"/>
<Loc EndOffset="2400" SrcFileId="15" StartOffset="2355"/>
<Loc EndOffset="2449" SrcFileId="15" StartOffset="2404"/>
<Loc EndOffset="2498" SrcFileId="15" StartOffset="2453"/>
<Loc EndOffset="2548" SrcFileId="15" StartOffset="2504"/>
<Loc EndOffset="2577" SrcFileId="15" StartOffset="2552"/>
<Loc EndOffset="2625" SrcFileId="15" StartOffset="2581"/>
<Loc EndOffset="2654" SrcFileId="15" StartOffset="2629"/>
<Loc EndOffset="2683" SrcFileId="15" StartOffset="2658"/>
<Loc EndOffset="2731" SrcFileId="15" StartOffset="2687"/>
</LocList>
<BasicStmnt CovItemId="S18" CovItemPrefix="devops.hw1.core.Tests.java" Intrnl_Id="852">
<LocList>
<Loc EndOffset="2349" SrcFileId="15" StartOffset="2310"/>
</LocList>
</BasicStmnt>
<BasicStmnt CovItemId="S19" CovItemPrefix="devops.hw1.core.Tests.java" Intrnl_Id="853">
<LocList>
<Loc EndOffset="2400" SrcFileId="15" StartOffset="2355"/>
</LocList>
</BasicStmnt>
<BasicStmnt CovItemId="S20" CovItemPrefix="devops.hw1.core.Tests.java" Intrnl_Id="854">
<LocList>
<Loc EndOffset="2449" SrcFileId="15" StartOffset="2404"/>
</LocList>
</BasicStmnt>
<BasicStmnt CovItemId="S21" CovItemPrefix="devops.hw1.core.Tests.java" Intrnl_Id="855">
<LocList>
<Loc EndOffset="2498" SrcFileId="15" StartOffset="2453"/>
</LocList>
</BasicStmnt>
<BasicStmnt CovItemId="S22" CovItemPrefix="devops.hw1.core.Tests.java" Intrnl_Id="856">
<LocList>
<Loc EndOffset="2548" SrcFileId="15" StartOffset="2504"/>
</LocList>
</BasicStmnt>
<BasicStmnt CovItemId="S23" CovItemPrefix="devops.hw1.core.Tests.java" Intrnl_Id="857">
<LocList>
<Loc EndOffset="2577" SrcFileId="15" StartOffset="2552"/>
</LocList>
</BasicStmnt>
<BasicStmnt CovItemId="S24" CovItemPrefix="devops.hw1.core.Tests.java" Intrnl_Id="858">
<LocList>
<Loc EndOffset="2625" SrcFileId="15" StartOffset="2581"/>
</LocList>
</BasicStmnt>
<BasicStmnt CovItemId="S25" CovItemPrefix="devops.hw1.core.Tests.java" Intrnl_Id="859">
<LocList>
<Loc EndOffset="2654" SrcFileId="15" StartOffset="2629"/>
</LocList>
</BasicStmnt>
<BasicStmnt CovItemId="S26" CovItemPrefix="devops.hw1.core.Tests.java" Intrnl_Id="860">
<LocList>
<Loc EndOffset="2683" SrcFileId="15" StartOffset="2658"/>
</LocList>
</BasicStmnt>
<BasicStmnt CovItemId="S27" CovItemPrefix="devops.hw1.core.Tests.java" Intrnl_Id="861">
<LocList>
<Loc EndOffset="2731" SrcFileId="15" StartOffset="2687"/>
</LocList>
</BasicStmnt>
</StmntSeq>
</HierarchyLvl>
<HierarchyLvl HierarchyLvlId="301" HierarchyLvlTypeId="20" Intrnl_Id="862" Name="testPlayerDiscard">
<Header>
<Loc EndOffset="3015" SrcFileId="15" StartOffset="2976"/>
</Header>
<LocList>
<Loc EndOffset="3328" SrcFileId="15" StartOffset="2976"/>
</LocList>
<StmntSeq Intrnl_Id="863">
<LocList>
<Loc EndOffset="3060" SrcFileId="15" StartOffset="3021"/>
<Loc EndOffset="3108" SrcFileId="15" StartOffset="3064"/>
<Loc EndOffset="3148" SrcFileId="15" StartOffset="3112"/>
<Loc EndOffset="3196" SrcFileId="15" StartOffset="3152"/>
<Loc EndOffset="3236" SrcFileId="15" StartOffset="3200"/>
<Loc EndOffset="3276" SrcFileId="15" StartOffset="3240"/>
<Loc EndOffset="3324" SrcFileId="15" StartOffset="3280"/>
</LocList>
<BasicStmnt CovItemId="S28" CovItemPrefix="devops.hw1.core.Tests.java" Intrnl_Id="864">
<LocList>
<Loc EndOffset="3060" SrcFileId="15" StartOffset="3021"/>
</LocList>
</BasicStmnt>
<BasicStmnt CovItemId="S29" CovItemPrefix="devops.hw1.core.Tests.java" Intrnl_Id="865">
<LocList>
<Loc EndOffset="3108" SrcFileId="15" StartOffset="3064"/>
</LocList>
</BasicStmnt>
<BasicStmnt CovItemId="S30" CovItemPrefix="devops.hw1.core.Tests.java" Intrnl_Id="866">
<LocList>
<Loc EndOffset="3148" SrcFileId="15" StartOffset="3112"/>
</LocList>
</BasicStmnt>
<BasicStmnt CovItemId="S31" CovItemPrefix="devops.hw1.core.Tests.java" Intrnl_Id="867">
<LocList>
<Loc EndOffset="3196" SrcFileId="15" StartOffset="3152"/>
</LocList>
</BasicStmnt>
<BasicStmnt CovItemId="S32" CovItemPrefix="devops.hw1.core.Tests.java" Intrnl_Id="868">
<LocList>
<Loc EndOffset="3236" SrcFileId="15" StartOffset="3200"/>
</LocList>
</BasicStmnt>
<BasicStmnt CovItemId="S33" CovItemPrefix="devops.hw1.core.Tests.java" Intrnl_Id="869">
<LocList>
<Loc EndOffset="3276" SrcFileId="15" StartOffset="3240"/>
</LocList>
</BasicStmnt>
<BasicStmnt CovItemId="S34" CovItemPrefix="devops.hw1.core.Tests.java" Intrnl_Id="870">
<LocList>
<Loc EndOffset="3324" SrcFileId="15" StartOffset="3280"/>
</LocList>
</BasicStmnt>
</StmntSeq>
</HierarchyLvl>
<HierarchyLvl HierarchyLvlId="302" HierarchyLvlTypeId="20" Intrnl_Id="871" Name="testDiscardingCardsMock">
<Header>
<Loc EndOffset="3563" SrcFileId="15" StartOffset="3518"/>
</Header>
<LocList>
<Loc EndOffset="3969" SrcFileId="15" StartOffset="3518"/>
</LocList>
<StmntSeq Intrnl_Id="872">
<LocList>
<Loc EndOffset="3608" SrcFileId="15" StartOffset="3569"/>
<Loc EndOffset="3657" SrcFileId="15" StartOffset="3612"/>
<Loc EndOffset="3706" SrcFileId="15" StartOffset="3661"/>
<Loc EndOffset="3755" SrcFileId="15" StartOffset="3710"/>
<Loc EndOffset="3786" SrcFileId="15" StartOffset="3761"/>
<Loc EndOffset="3846" SrcFileId="15" StartOffset="3790"/>
<Loc EndOffset="3906" SrcFileId="15" StartOffset="3850"/>
<Loc EndOffset="3965" SrcFileId="15" StartOffset="3910"/>
</LocList>
<BasicStmnt CovItemId="S35" CovItemPrefix="devops.hw1.core.Tests.java" Intrnl_Id="873">
<LocList>
<Loc EndOffset="3608" SrcFileId="15" StartOffset="3569"/>
</LocList>
</BasicStmnt>
<BasicStmnt CovItemId="S36" CovItemPrefix="devops.hw1.core.Tests.java" Intrnl_Id="874">
<LocList>
<Loc EndOffset="3657" SrcFileId="15" StartOffset="3612"/>
</LocList>
</BasicStmnt>
<BasicStmnt CovItemId="S37" CovItemPrefix="devops.hw1.core.Tests.java" Intrnl_Id="875">
<LocList>
<Loc EndOffset="3706" SrcFileId="15" StartOffset="3661"/>
</LocList>
</BasicStmnt>
<BasicStmnt CovItemId="S38" CovItemPrefix="devops.hw1.core.Tests.java" Intrnl_Id="876">
<LocList>
<Loc EndOffset="3755" SrcFileId="15" StartOffset="3710"/>
</LocList>
</BasicStmnt>
<BasicStmnt CovItemId="S39" CovItemPrefix="devops.hw1.core.Tests.java" Intrnl_Id="877">
<LocList>
<Loc EndOffset="3786" SrcFileId="15" StartOffset="3761"/>
</LocList>
</BasicStmnt>
<BasicStmnt CovItemId="S40" CovItemPrefix="devops.hw1.core.Tests.java" Intrnl_Id="878">
<LocList>
<Loc EndOffset="3846" SrcFileId="15" StartOffset="3790"/>
</LocList>
</BasicStmnt>
<BasicStmnt CovItemId="S41" CovItemPrefix="devops.hw1.core.Tests.java" Intrnl_Id="879">
<LocList>
<Loc EndOffset="3906" SrcFileId="15" StartOffset="3850"/>
</LocList>
</BasicStmnt>
<BasicStmnt CovItemId="S42" CovItemPrefix="devops.hw1.core.Tests.java" Intrnl_Id="880">
<LocList>
<Loc EndOffset="3965" SrcFileId="15" StartOffset="3910"/>
</LocList>
</BasicStmnt>
</StmntSeq>
</HierarchyLvl>
<HierarchyLvl HierarchyLvlId="303" HierarchyLvlTypeId="20" Intrnl_Id="881" Name="testDiscardingCards">
<Header>
<Loc EndOffset="4142" SrcFileId="15" StartOffset="4101"/>
</Header>
<LocList>
<Loc EndOffset="4423" SrcFileId="15" StartOffset="4101"/>
</LocList>
<StmntSeq Intrnl_Id="882">
<LocList>
<Loc EndOffset="4187" SrcFileId="15" StartOffset="4148"/>
<Loc EndOffset="4225" SrcFileId="15" StartOffset="4191"/>
<Loc EndOffset="4264" SrcFileId="15" StartOffset="4229"/>
<Loc EndOffset="4295" SrcFileId="15" StartOffset="4268"/>
<Loc EndOffset="4358" SrcFileId="15" StartOffset="4299"/>
<Loc EndOffset="4419" SrcFileId="15" StartOffset="4362"/>
</LocList>
<BasicStmnt CovItemId="S43" CovItemPrefix="devops.hw1.core.Tests.java" Intrnl_Id="883">
<LocList>
<Loc EndOffset="4187" SrcFileId="15" StartOffset="4148"/>
</LocList>
</BasicStmnt>
<BasicStmnt CovItemId="S44" CovItemPrefix="devops.hw1.core.Tests.java" Intrnl_Id="884">
<LocList>
<Loc EndOffset="4225" SrcFileId="15" StartOffset="4191"/>
</LocList>
</BasicStmnt>
<BasicStmnt CovItemId="S45" CovItemPrefix="devops.hw1.core.Tests.java" Intrnl_Id="885">
<LocList>
<Loc EndOffset="4264" SrcFileId="15" StartOffset="4229"/>
</LocList>
</BasicStmnt>
<BasicStmnt CovItemId="S46" CovItemPrefix="devops.hw1.core.Tests.java" Intrnl_Id="886">
<LocList>
<Loc EndOffset="4295" SrcFileId="15" StartOffset="4268"/>
</LocList>
</BasicStmnt>
<BasicStmnt CovItemId="S47" CovItemPrefix="devops.hw1.core.Tests.java" Intrnl_Id="887">
<LocList>
<Loc EndOffset="4358" SrcFileId="15" StartOffset="4299"/>
</LocList>
</BasicStmnt>
<BasicStmnt CovItemId="S48" CovItemPrefix="devops.hw1.core.Tests.java" Intrnl_Id="888">
<LocList>
<Loc EndOffset="4419" SrcFileId="15" StartOffset="4362"/>
</LocList>
</BasicStmnt>
</StmntSeq>
</HierarchyLvl>
<HierarchyLvl HierarchyLvlId="304" HierarchyLvlTypeId="20" Intrnl_Id="889" Name="testPlayerBuyCard">
<Header>
<Loc EndOffset="4581" SrcFileId="15" StartOffset="4542"/>
</Header>
<LocList>
<Loc EndOffset="5256" SrcFileId="15" StartOffset="4542"/>
</LocList>
<StmntSeq Intrnl_Id="890">
<LocList>
<Loc EndOffset="4626" SrcFileId="15" StartOffset="4587"/>
<Loc EndOffset="4653" SrcFileId="15" StartOffset="4630"/>
<Loc EndOffset="4689" SrcFileId="15" StartOffset="4657"/>
<Loc EndOffset="4725" SrcFileId="15" StartOffset="4693"/>
<Loc EndOffset="4761" SrcFileId="15" StartOffset="4729"/>
<Loc EndOffset="4804" SrcFileId="15" StartOffset="4767"/>
<Loc EndOffset="4846" SrcFileId="15" StartOffset="4808"/>
<Loc EndOffset="4895" SrcFileId="15" StartOffset="4850"/>
<Loc EndOffset="4938" SrcFileId="15" StartOffset="4901"/>
<Loc EndOffset="4980" SrcFileId="15" StartOffset="4942"/>
<Loc EndOffset="5028" SrcFileId="15" StartOffset="4984"/>
<Loc EndOffset="5072" SrcFileId="15" StartOffset="5034"/>
<Loc EndOffset="5131" SrcFileId="15" StartOffset="5076"/>
<Loc EndOffset="5190" SrcFileId="15" StartOffset="5135"/>
<Loc EndOffset="5250" SrcFileId="15" StartOffset="5194"/>
</LocList>
<BasicStmnt CovItemId="S49" CovItemPrefix="devops.hw1.core.Tests.java" Intrnl_Id="891">
<LocList>
<Loc EndOffset="4626" SrcFileId="15" StartOffset="4587"/>
</LocList>
</BasicStmnt>
<BasicStmnt CovItemId="S50" CovItemPrefix="devops.hw1.core.Tests.java" Intrnl_Id="892">
<LocList>
<Loc EndOffset="4653" SrcFileId="15" StartOffset="4630"/>
</LocList>
</BasicStmnt>
<BasicStmnt CovItemId="S51" CovItemPrefix="devops.hw1.core.Tests.java" Intrnl_Id="893">
<LocList>
<Loc EndOffset="4689" SrcFileId="15" StartOffset="4657"/>
</LocList>
</BasicStmnt>
<BasicStmnt CovItemId="S52" CovItemPrefix="devops.hw1.core.Tests.java" Intrnl_Id="894">
<LocList>
<Loc EndOffset="4725" SrcFileId="15" StartOffset="4693"/>
</LocList>
</BasicStmnt>
<BasicStmnt CovItemId="S53" CovItemPrefix="devops.hw1.core.Tests.java" Intrnl_Id="895">
<LocList>
<Loc EndOffset="4761" SrcFileId="15" StartOffset="4729"/>
</LocList>
</BasicStmnt>
<BasicStmnt CovItemId="S54" CovItemPrefix="devops.hw1.core.Tests.java" Intrnl_Id="896">
<LocList>
<Loc EndOffset="4804" SrcFileId="15" StartOffset="4767"/>
</LocList>
</BasicStmnt>
<BasicStmnt CovItemId="S55" CovItemPrefix="devops.hw1.core.Tests.java" Intrnl_Id="897">
<LocList>
<Loc EndOffset="4846" SrcFileId="15" StartOffset="4808"/>
</LocList>
</BasicStmnt>
<BasicStmnt CovItemId="S56" CovItemPrefix="devops.hw1.core.Tests.java" Intrnl_Id="898">
<LocList>
<Loc EndOffset="4895" SrcFileId="15" StartOffset="4850"/>
</LocList>
</BasicStmnt>
<BasicStmnt CovItemId="S57" CovItemPrefix="devops.hw1.core.Tests.java" Intrnl_Id="899">
<LocList>
<Loc EndOffset="4938" SrcFileId="15" StartOffset="4901"/>
</LocList>
</BasicStmnt>
<BasicStmnt CovItemId="S58" CovItemPrefix="devops.hw1.core.Tests.java" Intrnl_Id="900">
<LocList>
<Loc EndOffset="4980" SrcFileId="15" StartOffset="4942"/>
</LocList>
</BasicStmnt>
<BasicStmnt CovItemId="S59" CovItemPrefix="devops.hw1.core.Tests.java" Intrnl_Id="901">
<LocList>
<Loc EndOffset="5028" SrcFileId="15" StartOffset="4984"/>
</LocList>
</BasicStmnt>
<BasicStmnt CovItemId="S60" CovItemPrefix="devops.hw1.core.Tests.java" Intrnl_Id="902">
<LocList>
<Loc EndOffset="5072" SrcFileId="15" StartOffset="5034"/>
</LocList>
</BasicStmnt>
<BasicStmnt CovItemId="S61" CovItemPrefix="devops.hw1.core.Tests.java" Intrnl_Id="903">
<LocList>
<Loc EndOffset="5131" SrcFileId="15" StartOffset="5076"/>
</LocList>
</BasicStmnt>
<BasicStmnt CovItemId="S62" CovItemPrefix="devops.hw1.core.Tests.java" Intrnl_Id="904">
<LocList>
<Loc EndOffset="5190" SrcFileId="15" StartOffset="5135"/>
</LocList>
</BasicStmnt>
<BasicStmnt CovItemId="S63" CovItemPrefix="devops.hw1.core.Tests.java" Intrnl_Id="905">
<LocList>
<Loc EndOffset="5250" SrcFileId="15" StartOffset="5194"/>
</LocList>
</BasicStmnt>
</StmntSeq>
</HierarchyLvl>
<HierarchyLvl HierarchyLvlId="305" HierarchyLvlTypeId="20" Intrnl_Id="906" Name="testPlayerBuyCardInput">
<Header>
<Loc EndOffset="5369" SrcFileId="15" StartOffset="5325"/>
</Header>
<LocList>
<Loc EndOffset="5484" SrcFileId="15" StartOffset="5325"/>
</LocList>
<StmntSeq Intrnl_Id="907">
<LocList>
<Loc EndOffset="5412" SrcFileId="15" StartOffset="5375"/>
<Loc EndOffset="5437" SrcFileId="15" StartOffset="5416"/>
<Loc EndOffset="5478" SrcFileId="15" StartOffset="5443"/>
</LocList>
<BasicStmnt CovItemId="S64" CovItemPrefix="devops.hw1.core.Tests.java" Intrnl_Id="908">
<LocList>
<Loc EndOffset="5412" SrcFileId="15" StartOffset="5375"/>
</LocList>
</BasicStmnt>
<BasicStmnt CovItemId="S65" CovItemPrefix="devops.hw1.core.Tests.java" Intrnl_Id="909">
<LocList>
<Loc EndOffset="5437" SrcFileId="15" StartOffset="5416"/>
</LocList>
</BasicStmnt>
<BasicStmnt CovItemId="S66" CovItemPrefix="devops.hw1.core.Tests.java" Intrnl_Id="910">
<LocList>
<Loc EndOffset="5478" SrcFileId="15" StartOffset="5443"/>
</LocList>
</BasicStmnt>
</StmntSeq>
</HierarchyLvl>
<HierarchyLvl HierarchyLvlId="306" HierarchyLvlTypeId="20" Intrnl_Id="911" Name="testPlayerDiscardInput">
<Header>
<Loc EndOffset="5597" SrcFileId="15" StartOffset="5553"/>
</Header>
<LocList>
<Loc EndOffset="5668" SrcFileId="15" StartOffset="5553"/>
</LocList>
<StmntSeq Intrnl_Id="912">
<LocList>
<Loc EndOffset="5639" SrcFileId="15" StartOffset="5603"/>
<Loc EndOffset="5664" SrcFileId="15" StartOffset="5643"/>
</LocList>
<BasicStmnt CovItemId="S67" CovItemPrefix="devops.hw1.core.Tests.java" Intrnl_Id="913">
<LocList>
<Loc EndOffset="5639" SrcFileId="15" StartOffset="5603"/>
</LocList>
</BasicStmnt>
<BasicStmnt CovItemId="S68" CovItemPrefix="devops.hw1.core.Tests.java" Intrnl_Id="914">
<LocList>
<Loc EndOffset="5664" SrcFileId="15" StartOffset="5643"/>
</LocList>
</BasicStmnt>
</StmntSeq>
</HierarchyLvl>
<HierarchyLvl HierarchyLvlId="307" HierarchyLvlTypeId="20" Intrnl_Id="915" Name="testPlayerHandSize">
<Header>
<Loc EndOffset="5802" SrcFileId="15" StartOffset="5762"/>
</Header>
<LocList>
<Loc EndOffset="5904" SrcFileId="15" StartOffset="5762"/>
</LocList>
<StmntSeq Intrnl_Id="916">
<LocList>
<Loc EndOffset="5844" SrcFileId="15" StartOffset="5808"/>
<Loc EndOffset="5877" SrcFileId="15" StartOffset="5848"/>
<Loc EndOffset="5900" SrcFileId="15" StartOffset="5881"/>
</LocList>
<BasicStmnt CovItemId="S69" CovItemPrefix="devops.hw1.core.Tests.java" Intrnl_Id="917">
<LocList>
<Loc EndOffset="5844" SrcFileId="15" StartOffset="5808"/>
</LocList>
</BasicStmnt>
<BasicStmnt CovItemId="S70" CovItemPrefix="devops.hw1.core.Tests.java" Intrnl_Id="918">
<LocList>
<Loc EndOffset="5877" SrcFileId="15" StartOffset="5848"/>
</LocList>
</BasicStmnt>
<BasicStmnt CovItemId="S71" CovItemPrefix="devops.hw1.core.Tests.java" Intrnl_Id="919">
<LocList>
<Loc EndOffset="5900" SrcFileId="15" StartOffset="5881"/>
</LocList>
</BasicStmnt>
</StmntSeq>
</HierarchyLvl>
<HierarchyLvl HierarchyLvlId="308" HierarchyLvlTypeId="20" Intrnl_Id="920" Name="testPlayerDrawCard">
<Header>
<Loc EndOffset="6231" SrcFileId="15" StartOffset="6191"/>
</Header>
<LocList>
<Loc EndOffset="6898" SrcFileId="15" StartOffset="6191"/>
</LocList>
<StmntSeq Intrnl_Id="921">
<LocList>
<Loc EndOffset="6274" SrcFileId="15" StartOffset="6237"/>
<Loc EndOffset="6315" SrcFileId="15" StartOffset="6278"/>
<Loc EndOffset="6458" SrcFileId="15" StartOffset="6419"/>
<Loc EndOffset="6501" SrcFileId="15" StartOffset="6462"/>
<Loc EndOffset="6544" SrcFileId="15" StartOffset="6505"/>
<Loc EndOffset="6587" SrcFileId="15" StartOffset="6548"/>
<Loc EndOffset="6612" SrcFileId="15" StartOffset="6593"/>
<Loc EndOffset="6753" SrcFileId="15" StartOffset="6714"/>
<Loc EndOffset="6796" SrcFileId="15" StartOffset="6757"/>
<Loc EndOffset="6894" SrcFileId="15" StartOffset="6857"/>
</LocList>
<BasicStmnt CovItemId="S72" CovItemPrefix="devops.hw1.core.Tests.java" Intrnl_Id="922">
<LocList>
<Loc EndOffset="6274" SrcFileId="15" StartOffset="6237"/>
</LocList>
</BasicStmnt>
<BasicStmnt CovItemId="S73" CovItemPrefix="devops.hw1.core.Tests.java" Intrnl_Id="923">
<LocList>
<Loc EndOffset="6315" SrcFileId="15" StartOffset="6278"/>
</LocList>
</BasicStmnt>
<BasicStmnt CovItemId="S74" CovItemPrefix="devops.hw1.core.Tests.java" Intrnl_Id="924">
<LocList>
<Loc EndOffset="6458" SrcFileId="15" StartOffset="6419"/>
</LocList>
</BasicStmnt>
<BasicStmnt CovItemId="S75" CovItemPrefix="devops.hw1.core.Tests.java" Intrnl_Id="925">
<LocList>
<Loc EndOffset="6501" SrcFileId="15" StartOffset="6462"/>
</LocList>
</BasicStmnt>
<BasicStmnt CovItemId="S76" CovItemPrefix="devops.hw1.core.Tests.java" Intrnl_Id="926">
<LocList>
<Loc EndOffset="6544" SrcFileId="15" StartOffset="6505"/>
</LocList>
</BasicStmnt>
<BasicStmnt CovItemId="S77" CovItemPrefix="devops.hw1.core.Tests.java" Intrnl_Id="927">
<LocList>
<Loc EndOffset="6587" SrcFileId="15" StartOffset="6548"/>
</LocList>
</BasicStmnt>
<BasicStmnt CovItemId="S78" CovItemPrefix="devops.hw1.core.Tests.java" Intrnl_Id="928">
<LocList>
<Loc EndOffset="6612" SrcFileId="15" StartOffset="6593"/>
</LocList>
</BasicStmnt>
<BasicStmnt CovItemId="S79" CovItemPrefix="devops.hw1.core.Tests.java" Intrnl_Id="929">
<LocList>
<Loc EndOffset="6753" SrcFileId="15" StartOffset="6714"/>
</LocList>
</BasicStmnt>
<BasicStmnt CovItemId="S80" CovItemPrefix="devops.hw1.core.Tests.java" Intrnl_Id="930">
<LocList>
<Loc EndOffset="6796" SrcFileId="15" StartOffset="6757"/>
</LocList>
</BasicStmnt>
<BasicStmnt CovItemId="S81" CovItemPrefix="devops.hw1.core.Tests.java" Intrnl_Id="931">
<LocList>
<Loc EndOffset="6894" SrcFileId="15" StartOffset="6857"/>
</LocList>
</BasicStmnt>
</StmntSeq>
</HierarchyLvl>
<HierarchyLvl HierarchyLvlId="309" HierarchyLvlTypeId="20" Intrnl_Id="932" Name="testPlayerDrawCardWithCardMock">
<Header>
<Loc EndOffset="7168" SrcFileId="15" StartOffset="7116"/>
</Header>
<LocList>
<Loc EndOffset="7366" SrcFileId="15" StartOffset="7116"/>
</LocList>
<StmntSeq Intrnl_Id="933">
<LocList>
<Loc EndOffset="7210" SrcFileId="15" StartOffset="7174"/>
<Loc EndOffset="7260" SrcFileId="15" StartOffset="7216"/>
<Loc EndOffset="7291" SrcFileId="15" StartOffset="7264"/>
<Loc EndOffset="7314" SrcFileId="15" StartOffset="7295"/>
<Loc EndOffset="7362" SrcFileId="15" StartOffset="7318"/>
</LocList>
<BasicStmnt CovItemId="S82" CovItemPrefix="devops.hw1.core.Tests.java" Intrnl_Id="934">
<LocList>
<Loc EndOffset="7210" SrcFileId="15" StartOffset="7174"/>
</LocList>
</BasicStmnt>
<BasicStmnt CovItemId="S83" CovItemPrefix="devops.hw1.core.Tests.java" Intrnl_Id="935">
<LocList>
<Loc EndOffset="7260" SrcFileId="15" StartOffset="7216"/>
</LocList>
</BasicStmnt>
<BasicStmnt CovItemId="S84" CovItemPrefix="devops.hw1.core.Tests.java" Intrnl_Id="936">
<LocList>
<Loc EndOffset="7291" SrcFileId="15" StartOffset="7264"/>
</LocList>
</BasicStmnt>
<BasicStmnt CovItemId="S85" CovItemPrefix="devops.hw1.core.Tests.java" Intrnl_Id="937">
<LocList>
<Loc EndOffset="7314" SrcFileId="15" StartOffset="7295"/>
</LocList>
</BasicStmnt>
<BasicStmnt CovItemId="S86" CovItemPrefix="devops.hw1.core.Tests.java" Intrnl_Id="938">
<LocList>
<Loc EndOffset="7362" SrcFileId="15" StartOffset="7318"/>
</LocList>
</BasicStmnt>
</StmntSeq>
</HierarchyLvl>
<HierarchyLvl HierarchyLvlId="310" HierarchyLvlTypeId="20" Intrnl_Id="939" Name="testPlayerDrawCardWithCard">
<Header>
<Loc EndOffset="7578" SrcFileId="15" StartOffset="7530"/>
</Header>
<LocList>
<Loc EndOffset="7760" SrcFileId="15" StartOffset="7530"/>
</LocList>
<StmntSeq Intrnl_Id="940">
<LocList>
<Loc EndOffset="7620" SrcFileId="15" StartOffset="7584"/>
<Loc EndOffset="7654" SrcFileId="15" StartOffset="7624"/>
<Loc EndOffset="7685" SrcFileId="15" StartOffset="7658"/>
<Loc EndOffset="7708" SrcFileId="15" StartOffset="7689"/>
<Loc EndOffset="7756" SrcFileId="15" StartOffset="7712"/>
</LocList>
<BasicStmnt CovItemId="S87" CovItemPrefix="devops.hw1.core.Tests.java" Intrnl_Id="941">
<LocList>
<Loc EndOffset="7620" SrcFileId="15" StartOffset="7584"/>
</LocList>
</BasicStmnt>
<BasicStmnt CovItemId="S88" CovItemPrefix="devops.hw1.core.Tests.java" Intrnl_Id="942">
<LocList>
<Loc EndOffset="7654" SrcFileId="15" StartOffset="7624"/>
</LocList>
</BasicStmnt>
<BasicStmnt CovItemId="S89" CovItemPrefix="devops.hw1.core.Tests.java" Intrnl_Id="943">
<LocList>
<Loc EndOffset="7685" SrcFileId="15" StartOffset="7658"/>
</LocList>
</BasicStmnt>
<BasicStmnt CovItemId="S90" CovItemPrefix="devops.hw1.core.Tests.java" Intrnl_Id="944">
<LocList>
<Loc EndOffset="7708" SrcFileId="15" StartOffset="7689"/>
</LocList>
</BasicStmnt>
<BasicStmnt CovItemId="S91" CovItemPrefix="devops.hw1.core.Tests.java" Intrnl_Id="945">
<LocList>
<Loc EndOffset="7756" SrcFileId="15" StartOffset="7712"/>
</LocList>
</BasicStmnt>
</StmntSeq>
</HierarchyLvl>
<HierarchyLvl HierarchyLvlId="311" HierarchyLvlTypeId="20" Intrnl_Id="946" Name="testSetAndGetEffects">
<Header>
<Loc EndOffset="7918" SrcFileId="15" StartOffset="7876"/>
</Header>
<LocList>
<Loc EndOffset="8046" SrcFileId="15" StartOffset="7876"/>
</LocList>
<StmntSeq Intrnl_Id="947">
<LocList>
<Loc EndOffset="7958" SrcFileId="15" StartOffset="7924"/>
<Loc EndOffset="7988" SrcFileId="15" StartOffset="7962"/>
<Loc EndOffset="8042" SrcFileId="15" StartOffset="7992"/>
</LocList>
<BasicStmnt CovItemId="S92" CovItemPrefix="devops.hw1.core.Tests.java" Intrnl_Id="948">
<LocList>
<Loc EndOffset="7958" SrcFileId="15" StartOffset="7924"/>
</LocList>
</BasicStmnt>
<BasicStmnt CovItemId="S93" CovItemPrefix="devops.hw1.core.Tests.java" Intrnl_Id="949">
<LocList>
<Loc EndOffset="7988" SrcFileId="15" StartOffset="7962"/>
</LocList>
</BasicStmnt>
<BasicStmnt CovItemId="S94" CovItemPrefix="devops.hw1.core.Tests.java" Intrnl_Id="950">
<LocList>
<Loc EndOffset="8042" SrcFileId="15" StartOffset="7992"/>
</LocList>
</BasicStmnt>
</StmntSeq>
</HierarchyLvl>
<HierarchyLvl HierarchyLvlId="312" HierarchyLvlTypeId="20" Intrnl_Id="951" Name="testDrawACardAfterPlayingCard">
<Header>
<Loc EndOffset="8213" SrcFileId="15" StartOffset="8162"/>
</Header>
<LocList>
<Loc EndOffset="8707" SrcFileId="15" StartOffset="8162"/>
</LocList>
<StmntSeq Intrnl_Id="952">
<LocList>
<Loc EndOffset="8255" SrcFileId="15" StartOffset="8219"/>
<Loc EndOffset="8299" SrcFileId="15" StartOffset="8259"/>
<Loc EndOffset="8335" SrcFileId="15" StartOffset="8303"/>
<Loc EndOffset="8379" SrcFileId="15" StartOffset="8339"/>
<Loc EndOffset="8416" SrcFileId="15" StartOffset="8383"/>
<Loc EndOffset="8453" SrcFileId="15" StartOffset="8420"/>
<Loc EndOffset="8476" SrcFileId="15" StartOffset="8457"/>
<Loc EndOffset="8519" SrcFileId="15" StartOffset="8480"/>
<Loc EndOffset="8574" SrcFileId="15" StartOffset="8523"/>
<Loc EndOffset="8606" SrcFileId="15" StartOffset="8578"/>
<Loc EndOffset="8649" SrcFileId="15" StartOffset="8610"/>
<Loc EndOffset="8703" SrcFileId="15" StartOffset="8653"/>
</LocList>
<BasicStmnt CovItemId="S95" CovItemPrefix="devops.hw1.core.Tests.java" Intrnl_Id="953">
<LocList>
<Loc EndOffset="8255" SrcFileId="15" StartOffset="8219"/>
</LocList>
</BasicStmnt>
<BasicStmnt CovItemId="S96" CovItemPrefix="devops.hw1.core.Tests.java" Intrnl_Id="954">
<LocList>
<Loc EndOffset="8299" SrcFileId="15" StartOffset="8259"/>
</LocList>
</BasicStmnt>
<BasicStmnt CovItemId="S97" CovItemPrefix="devops.hw1.core.Tests.java" Intrnl_Id="955">
<LocList>
<Loc EndOffset="8335" SrcFileId="15" StartOffset="8303"/>
</LocList>
</BasicStmnt>
<BasicStmnt CovItemId="S98" CovItemPrefix="devops.hw1.core.Tests.java" Intrnl_Id="956">
<LocList>
<Loc EndOffset="8379" SrcFileId="15" StartOffset="8339"/>
</LocList>
</BasicStmnt>
<BasicStmnt CovItemId="S99" CovItemPrefix="devops.hw1.core.Tests.java" Intrnl_Id="957">
<LocList>
<Loc EndOffset="8416" SrcFileId="15" StartOffset="8383"/>
</LocList>
</BasicStmnt>
<BasicStmnt CovItemId="S100" CovItemPrefix="devops.hw1.core.Tests.java" Intrnl_Id="958">
<LocList>
<Loc EndOffset="8453" SrcFileId="15" StartOffset="8420"/>
</LocList>
</BasicStmnt>
<BasicStmnt CovItemId="S101" CovItemPrefix="devops.hw1.core.Tests.java" Intrnl_Id="959">
<LocList>
<Loc EndOffset="8476" SrcFileId="15" StartOffset="8457"/>
</LocList>
</BasicStmnt>
<BasicStmnt CovItemId="S102" CovItemPrefix="devops.hw1.core.Tests.java" Intrnl_Id="960">
<LocList>
<Loc EndOffset="8519" SrcFileId="15" StartOffset="8480"/>
</LocList>
</BasicStmnt>
<BasicStmnt CovItemId="S103" CovItemPrefix="devops.hw1.core.Tests.java" Intrnl_Id="961">
<LocList>
<Loc EndOffset="8574" SrcFileId="15" StartOffset="8523"/>
</LocList>
</BasicStmnt>
<BasicStmnt CovItemId="S104" CovItemPrefix="devops.hw1.core.Tests.java" Intrnl_Id="962">
<LocList>
<Loc EndOffset="8606" SrcFileId="15" StartOffset="8578"/>
</LocList>
</BasicStmnt>
<BasicStmnt CovItemId="S105" CovItemPrefix="devops.hw1.core.Tests.java" Intrnl_Id="963">
<LocList>
<Loc EndOffset="8649" SrcFileId="15" StartOffset="8610"/>
</LocList>
</BasicStmnt>
<BasicStmnt CovItemId="S106" CovItemPrefix="devops.hw1.core.Tests.java" Intrnl_Id="964">
<LocList>
<Loc EndOffset="8703" SrcFileId="15" StartOffset="8653"/>
</LocList>
</BasicStmnt>
</StmntSeq>
</HierarchyLvl>
<HierarchyLvl HierarchyLvlId="313" HierarchyLvlTypeId="20" Intrnl_Id="965" Name="testCardGoesToDiscardAfterPlaying">
<Header>
<Loc EndOffset="8940" SrcFileId="15" StartOffset="8885"/>
</Header>
<LocList>
<Loc EndOffset="9157" SrcFileId="15" StartOffset="8885"/>
</LocList>
<StmntSeq Intrnl_Id="966">
<LocList>
<Loc EndOffset="8982" SrcFileId="15" StartOffset="8946"/>
<Loc EndOffset="9019" SrcFileId="15" StartOffset="8986"/>
<Loc EndOffset="9050" SrcFileId="15" StartOffset="9023"/>
<Loc EndOffset="9072" SrcFileId="15" StartOffset="9054"/>
<Loc EndOffset="9098" SrcFileId="15" StartOffset="9076"/>
<Loc EndOffset="9153" SrcFileId="15" StartOffset="9102"/>
</LocList>
<BasicStmnt CovItemId="S107" CovItemPrefix="devops.hw1.core.Tests.java" Intrnl_Id="967">
<LocList>
<Loc EndOffset="8982" SrcFileId="15" StartOffset="8946"/>
</LocList>
</BasicStmnt>
<BasicStmnt CovItemId="S108" CovItemPrefix="devops.hw1.core.Tests.java" Intrnl_Id="968">
<LocList>
<Loc EndOffset="9019" SrcFileId="15" StartOffset="8986"/>
</LocList>
</BasicStmnt>
<BasicStmnt CovItemId="S109" CovItemPrefix="devops.hw1.core.Tests.java" Intrnl_Id="969">
<LocList>
<Loc EndOffset="9050" SrcFileId="15" StartOffset="9023"/>
</LocList>
</BasicStmnt>
<BasicStmnt CovItemId="S110" CovItemPrefix="devops.hw1.core.Tests.java" Intrnl_Id="970">
<LocList>
<Loc EndOffset="9072" SrcFileId="15" StartOffset="9054"/>
</LocList>
</BasicStmnt>
<BasicStmnt CovItemId="S111" CovItemPrefix="devops.hw1.core.Tests.java" Intrnl_Id="971">
<LocList>
<Loc EndOffset="9098" SrcFileId="15" StartOffset="9076"/>
</LocList>
</BasicStmnt>
<BasicStmnt CovItemId="S112" CovItemPrefix="devops.hw1.core.Tests.java" Intrnl_Id="972">
<LocList>
<Loc EndOffset="9153" SrcFileId="15" StartOffset="9102"/>
</LocList>
</BasicStmnt>
</StmntSeq>
</HierarchyLvl>
<HierarchyLvl HierarchyLvlId="314" HierarchyLvlTypeId="20" Intrnl_Id="973" Name="testSetEffects">
<Header>
<Loc EndOffset="9264" SrcFileId="15" StartOffset="9228"/>
</Header>
<LocList>
<Loc EndOffset="9471" SrcFileId="15" StartOffset="9228"/>
</LocList>
<StmntSeq Intrnl_Id="974">
<LocList>
<Loc EndOffset="9303" SrcFileId="15" StartOffset="9270"/>
<Loc EndOffset="9333" SrcFileId="15" StartOffset="9307"/>
<Loc EndOffset="9364" SrcFileId="15" StartOffset="9337"/>
<Loc EndOffset="9415" SrcFileId="15" StartOffset="9368"/>
<Loc EndOffset="9467" SrcFileId="15" StartOffset="9419"/>
</LocList>
<BasicStmnt CovItemId="S113" CovItemPrefix="devops.hw1.core.Tests.java" Intrnl_Id="975">
<LocList>
<Loc EndOffset="9303" SrcFileId="15" StartOffset="9270"/>
</LocList>
</BasicStmnt>
<BasicStmnt CovItemId="S114" CovItemPrefix="devops.hw1.core.Tests.java" Intrnl_Id="976">
<LocList>
<Loc EndOffset="9333" SrcFileId="15" StartOffset="9307"/>
</LocList>
</BasicStmnt>
<BasicStmnt CovItemId="S115" CovItemPrefix="devops.hw1.core.Tests.java" Intrnl_Id="977">
<LocList>
<Loc EndOffset="9364" SrcFileId="15" StartOffset="9337"/>
</LocList>
</BasicStmnt>
<BasicStmnt CovItemId="S116" CovItemPrefix="devops.hw1.core.Tests.java" Intrnl_Id="978">
<LocList>
<Loc EndOffset="9415" SrcFileId="15" StartOffset="9368"/>
</LocList>
</BasicStmnt>
<BasicStmnt CovItemId="S117" CovItemPrefix="devops.hw1.core.Tests.java" Intrnl_Id="979">
<LocList>
<Loc EndOffset="9467" SrcFileId="15" StartOffset="9419"/>
</LocList>
</BasicStmnt>
</StmntSeq>
</HierarchyLvl>
<HierarchyLvl HierarchyLvlId="315" HierarchyLvlTypeId="20" Intrnl_Id="980" Name="testPlayCardAddingRunes">
<Header>
<Loc EndOffset="9604" SrcFileId="15" StartOffset="9559"/>
</Header>
<LocList>
<Loc EndOffset="9836" SrcFileId="15" StartOffset="9559"/>
</LocList>
<StmntSeq Intrnl_Id="981">
<LocList>
<Loc EndOffset="9646" SrcFileId="15" StartOffset="9610"/>
<Loc EndOffset="9683" SrcFileId="15" StartOffset="9650"/>
<Loc EndOffset="9714" SrcFileId="15" StartOffset="9687"/>
<Loc EndOffset="9745" SrcFileId="15" StartOffset="9718"/>
<Loc EndOffset="9767" SrcFileId="15" StartOffset="9749"/>
<Loc EndOffset="9793" SrcFileId="15" StartOffset="9771"/>
<Loc EndOffset="9832" SrcFileId="15" StartOffset="9797"/>
</LocList>
<BasicStmnt CovItemId="S118" CovItemPrefix="devops.hw1.core.Tests.java" Intrnl_Id="982">
<LocList>
<Loc EndOffset="9646" SrcFileId="15" StartOffset="9610"/>
</LocList>
</BasicStmnt>
<BasicStmnt CovItemId="S119" CovItemPrefix="devops.hw1.core.Tests.java" Intrnl_Id="983">
<LocList>
<Loc EndOffset="9683" SrcFileId="15" StartOffset="9650"/>
</LocList>
</BasicStmnt>
<BasicStmnt CovItemId="S120" CovItemPrefix="devops.hw1.core.Tests.java" Intrnl_Id="984">
<LocList>
<Loc EndOffset="9714" SrcFileId="15" StartOffset="9687"/>
</LocList>
</BasicStmnt>
<BasicStmnt CovItemId="S121" CovItemPrefix="devops.hw1.core.Tests.java" Intrnl_Id="985">
<LocList>
<Loc EndOffset="9745" SrcFileId="15" StartOffset="9718"/>
</LocList>
</BasicStmnt>
<BasicStmnt CovItemId="S122" CovItemPrefix="devops.hw1.core.Tests.java" Intrnl_Id="986">
<LocList>
<Loc EndOffset="9767" SrcFileId="15" StartOffset="9749"/>
</LocList>
</BasicStmnt>
<BasicStmnt CovItemId="S123" CovItemPrefix="devops.hw1.core.Tests.java" Intrnl_Id="987">
<LocList>
<Loc EndOffset="9793" SrcFileId="15" StartOffset="9771"/>
</LocList>
</BasicStmnt>
<BasicStmnt CovItemId="S124" CovItemPrefix="devops.hw1.core.Tests.java" Intrnl_Id="988">
<LocList>
<Loc EndOffset="9832" SrcFileId="15" StartOffset="9797"/>
</LocList>
</BasicStmnt>
</StmntSeq>
</HierarchyLvl>
<HierarchyLvl HierarchyLvlId="316" HierarchyLvlTypeId="20" Intrnl_Id="989" Name="testSetEffectInput">
<Header>
<Loc EndOffset="10010" SrcFileId="15" StartOffset="9970"/>
</Header>
<LocList>
<Loc EndOffset="10078" SrcFileId="15" StartOffset="9970"/>
</LocList>
<StmntSeq Intrnl_Id="990">
<LocList>
<Loc EndOffset="10046" SrcFileId="15" StartOffset="10016"/>
<Loc EndOffset="10074" SrcFileId="15" StartOffset="10050"/>
</LocList>
<BasicStmnt CovItemId="S125" CovItemPrefix="devops.hw1.core.Tests.java" Intrnl_Id="991">
<LocList>
<Loc EndOffset="10046" SrcFileId="15" StartOffset="10016"/>
</LocList>
</BasicStmnt>
<BasicStmnt CovItemId="S126" CovItemPrefix="devops.hw1.core.Tests.java" Intrnl_Id="992">
<LocList>
<Loc EndOffset="10074" SrcFileId="15" StartOffset="10050"/>
</LocList>
</BasicStmnt>
</StmntSeq>
</HierarchyLvl>
<HierarchyLvl HierarchyLvlId="317" HierarchyLvlTypeId="20" Intrnl_Id="993" Name="testPlayCardInput">
<Header>
<Loc EndOffset="10186" SrcFileId="15" StartOffset="10147"/>
</Header>
<LocList>
<Loc EndOffset="10248" SrcFileId="15" StartOffset="10147"/>
</LocList>
<StmntSeq Intrnl_Id="994">
<LocList>
<Loc EndOffset="10223" SrcFileId="15" StartOffset="10192"/>
<Loc EndOffset="10244" SrcFileId="15" StartOffset="10227"/>
</LocList>
<BasicStmnt CovItemId="S127" CovItemPrefix="devops.hw1.core.Tests.java" Intrnl_Id="995">
<LocList>
<Loc EndOffset="10223" SrcFileId="15" StartOffset="10192"/>
</LocList>
</BasicStmnt>
<BasicStmnt CovItemId="S128" CovItemPrefix="devops.hw1.core.Tests.java" Intrnl_Id="996">
<LocList>
<Loc EndOffset="10244" SrcFileId="15" StartOffset="10227"/>
</LocList>
</BasicStmnt>
</StmntSeq>
</HierarchyLvl>
<HierarchyLvl HierarchyLvlId="318" HierarchyLvlTypeId="20" Intrnl_Id="997" Name="testAddCardToDeckInput">
<Header>
<Loc EndOffset="10435" SrcFileId="15" StartOffset="10391"/>
</Header>
<LocList>
<Loc EndOffset="10502" SrcFileId="15" StartOffset="10391"/>
</LocList>
<StmntSeq Intrnl_Id="998">
<LocList>
<Loc EndOffset="10472" SrcFileId="15" StartOffset="10441"/>
<Loc EndOffset="10498" SrcFileId="15" StartOffset="10476"/>
</LocList>
<BasicStmnt CovItemId="S129" CovItemPrefix="devops.hw1.core.Tests.java" Intrnl_Id="999">
<LocList>
<Loc EndOffset="10472" SrcFileId="15" StartOffset="10441"/>
</LocList>
</BasicStmnt>
<BasicStmnt CovItemId="S130" CovItemPrefix="devops.hw1.core.Tests.java" Intrnl_Id="1000">
<LocList>
<Loc EndOffset="10498" SrcFileId="15" StartOffset="10476"/>
</LocList>
</BasicStmnt>
</StmntSeq>
</HierarchyLvl>
<HierarchyLvl HierarchyLvlId="319" HierarchyLvlTypeId="20" Intrnl_Id="1001" Name="testConstructBoard">
<Header>
<Loc EndOffset="10651" SrcFileId="15" StartOffset="10611"/>
</Header>
<LocList>
<Loc EndOffset="10724" SrcFileId="15" StartOffset="10611"/>
</LocList>
<StmntSeq Intrnl_Id="1002">
<LocList>
<Loc EndOffset="10686" SrcFileId="15" StartOffset="10657"/>
<Loc EndOffset="10720" SrcFileId="15" StartOffset="10690"/>
</LocList>
<BasicStmnt CovItemId="S131" CovItemPrefix="devops.hw1.core.Tests.java" Intrnl_Id="1003">
<LocList>
<Loc EndOffset="10686" SrcFileId="15" StartOffset="10657"/>
</LocList>
</BasicStmnt>
<BasicStmnt CovItemId="S132" CovItemPrefix="devops.hw1.core.Tests.java" Intrnl_Id="1004">
<LocList>
<Loc EndOffset="10720" SrcFileId="15" StartOffset="10690"/>
</LocList>
</BasicStmnt>
</StmntSeq>
</HierarchyLvl>
<HierarchyLvl HierarchyLvlId="320" HierarchyLvlTypeId="20" Intrnl_Id="1005" Name="testIsVoidEmpty">
<Header>
<Loc EndOffset="10874" SrcFileId="15" StartOffset="10837"/>
</Header>
<LocList>
<Loc EndOffset="10958" SrcFileId="15" StartOffset="10837"/>
</LocList>
<StmntSeq Intrnl_Id="1006">
<LocList>
<Loc EndOffset="10909" SrcFileId="15" StartOffset="10880"/>
<Loc EndOffset="10954" SrcFileId="15" StartOffset="10913"/>
</LocList>
<BasicStmnt CovItemId="S133" CovItemPrefix="devops.hw1.core.Tests.java" Intrnl_Id="1007">
<LocList>
<Loc EndOffset="10909" SrcFileId="15" StartOffset="10880"/>
</LocList>
</BasicStmnt>
<BasicStmnt CovItemId="S134" CovItemPrefix="devops.hw1.core.Tests.java" Intrnl_Id="1008">
<LocList>
<Loc EndOffset="10954" SrcFileId="15" StartOffset="10913"/>
</LocList>
</BasicStmnt>
</StmntSeq>
</HierarchyLvl>
<HierarchyLvl HierarchyLvlId="321" HierarchyLvlTypeId="20" Intrnl_Id="1009" Name="testIsDeckCreated">
<Header>
<Loc EndOffset="11101" SrcFileId="15" StartOffset="11062"/>
</Header>
<LocList>
<Loc EndOffset="11294" SrcFileId="15" StartOffset="11062"/>
</LocList>
<StmntSeq Intrnl_Id="1010">
<LocList>
<Loc EndOffset="11136" SrcFileId="15" StartOffset="11107"/>
<Loc EndOffset="11185" SrcFileId="15" StartOffset="11140"/>
<Loc EndOffset="11237" SrcFileId="15" StartOffset="11189"/>
<Loc EndOffset="11290" SrcFileId="15" StartOffset="11241"/>
</LocList>
<BasicStmnt CovItemId="S135" CovItemPrefix="devops.hw1.core.Tests.java" Intrnl_Id="1011">
<LocList>
<Loc EndOffset="11136" SrcFileId="15" StartOffset="11107"/>
</LocList>
</BasicStmnt>
<BasicStmnt CovItemId="S136" CovItemPrefix="devops.hw1.core.Tests.java" Intrnl_Id="1012">
<LocList>
<Loc EndOffset="11185" SrcFileId="15" StartOffset="11140"/>
</LocList>
</BasicStmnt>
<BasicStmnt CovItemId="S137" CovItemPrefix="devops.hw1.core.Tests.java" Intrnl_Id="1013">
<LocList>
<Loc EndOffset="11237" SrcFileId="15" StartOffset="11189"/>
</LocList>
</BasicStmnt>
<BasicStmnt CovItemId="S138" CovItemPrefix="devops.hw1.core.Tests.java" Intrnl_Id="1014">
<LocList>
<Loc EndOffset="11290" SrcFileId="15" StartOffset="11241"/>
</LocList>
</BasicStmnt>
</StmntSeq>
</HierarchyLvl>
<HierarchyLvl HierarchyLvlId="322" HierarchyLvlTypeId="20" Intrnl_Id="1015" Name="testCompleteCardMaker">
<Header>
<Loc EndOffset="11451" SrcFileId="15" StartOffset="11408"/>
</Header>
<LocList>
<Loc EndOffset="11989" SrcFileId="15" StartOffset="11408"/>
</LocList>
<StmntSeq Intrnl_Id="1016">
<LocList>
<Loc EndOffset="11523" SrcFileId="15" StartOffset="11457"/>
<Loc EndOffset="11550" SrcFileId="15" StartOffset="11527"/>
<Loc EndOffset="11680" SrcFileId="15" StartOffset="11559"/>
<Loc EndOffset="11735" SrcFileId="15" StartOffset="11684"/>
<Loc EndOffset="11793" SrcFileId="15" StartOffset="11739"/>
<Loc EndOffset="11848" SrcFileId="15" StartOffset="11797"/>
<Loc EndOffset="11902" SrcFileId="15" StartOffset="11852"/>
<Loc EndOffset="11943" SrcFileId="15" StartOffset="11906"/>
<Loc EndOffset="11985" SrcFileId="15" StartOffset="11947"/>
</LocList>
<BasicStmnt CovItemId="S139" CovItemPrefix="devops.hw1.core.Tests.java" Intrnl_Id="1017">
<LocList>
<Loc EndOffset="11523" SrcFileId="15" StartOffset="11457"/>
</LocList>
</BasicStmnt>
<BasicStmnt CovItemId="S140" CovItemPrefix="devops.hw1.core.Tests.java" Intrnl_Id="1018">
<LocList>
<Loc EndOffset="11550" SrcFileId="15" StartOffset="11527"/>
</LocList>
</BasicStmnt>
<BasicStmnt CovItemId="S141" CovItemPrefix="devops.hw1.core.Tests.java" Intrnl_Id="1019">
<LocList>
<Loc EndOffset="11680" SrcFileId="15" StartOffset="11559"/>
</LocList>
</BasicStmnt>
<BasicStmnt CovItemId="S142" CovItemPrefix="devops.hw1.core.Tests.java" Intrnl_Id="1020">
<LocList>
<Loc EndOffset="11735" SrcFileId="15" StartOffset="11684"/>
</LocList>
</BasicStmnt>
<BasicStmnt CovItemId="S143" CovItemPrefix="devops.hw1.core.Tests.java" Intrnl_Id="1021">
<LocList>
<Loc EndOffset="11793" SrcFileId="15" StartOffset="11739"/>
</LocList>
</BasicStmnt>
<BasicStmnt CovItemId="S144" CovItemPrefix="devops.hw1.core.Tests.java" Intrnl_Id="1022">
<LocList>
<Loc EndOffset="11848" SrcFileId="15" StartOffset="11797"/>
</LocList>
</BasicStmnt>
<BasicStmnt CovItemId="S145" CovItemPrefix="devops.hw1.core.Tests.java" Intrnl_Id="1023">
<LocList>
<Loc EndOffset="11902" SrcFileId="15" StartOffset="11852"/>
</LocList>
</BasicStmnt>
<BasicStmnt CovItemId="S146" CovItemPrefix="devops.hw1.core.Tests.java" Intrnl_Id="1024">
<LocList>
<Loc EndOffset="11943" SrcFileId="15" StartOffset="11906"/>
</LocList>
</BasicStmnt>
<BasicStmnt CovItemId="S147" CovItemPrefix="devops.hw1.core.Tests.java" Intrnl_Id="1025">
<LocList>
<Loc EndOffset="11985" SrcFileId="15" StartOffset="11947"/>
</LocList>
</BasicStmnt>
</StmntSeq>
</HierarchyLvl>
<HierarchyLvl HierarchyLvlId="323" HierarchyLvlTypeId="20" Intrnl_Id="1026" Name="testStandardCards">
<Header>
<Loc EndOffset="12165" SrcFileId="15" StartOffset="12126"/>
</Header>
<LocList>
<Loc EndOffset="12500" SrcFileId="15" StartOffset="12126"/>
</LocList>
<StmntSeq Intrnl_Id="1027">
<LocList>
<Loc EndOffset="12232" SrcFileId="15" StartOffset="12203"/>
<Loc EndOffset="12318" SrcFileId="15" StartOffset="12275"/>
<Loc EndOffset="12412" SrcFileId="15" StartOffset="12368"/>
<Loc EndOffset="12496" SrcFileId="15" StartOffset="12454"/>
</LocList>
<BasicStmnt CovItemId="S148" CovItemPrefix="devops.hw1.core.Tests.java" Intrnl_Id="1028">
<LocList>
<Loc EndOffset="12232" SrcFileId="15" StartOffset="12203"/>
</LocList>
</BasicStmnt>
<BasicStmnt CovItemId="S149" CovItemPrefix="devops.hw1.core.Tests.java" Intrnl_Id="1029">
<LocList>
<Loc EndOffset="12318" SrcFileId="15" StartOffset="12275"/>
</LocList>
</BasicStmnt>
<BasicStmnt CovItemId="S150" CovItemPrefix="devops.hw1.core.Tests.java" Intrnl_Id="1030">
<LocList>
<Loc EndOffset="12412" SrcFileId="15" StartOffset="12368"/>
</LocList>
</BasicStmnt>
<BasicStmnt CovItemId="S151" CovItemPrefix="devops.hw1.core.Tests.java" Intrnl_Id="1031">
<LocList>
<Loc EndOffset="12496" SrcFileId="15" StartOffset="12454"/>
</LocList>
</BasicStmnt>
</StmntSeq>
</HierarchyLvl>
<HierarchyLvl HierarchyLvlId="324" HierarchyLvlTypeId="20" Intrnl_Id="1032" Name="testAddCardToHand">
<Header>
<Loc EndOffset="12672" SrcFileId="15" StartOffset="12633"/>
</Header>
<LocList>
<Loc EndOffset="13448" SrcFileId="15" StartOffset="12633"/>
</LocList>
<StmntSeq Intrnl_Id="1033">
<LocList>
<Loc EndOffset="12752" SrcFileId="15" StartOffset="12713"/>
<Loc EndOffset="12844" SrcFileId="15" StartOffset="12799"/>
<Loc EndOffset="12946" SrcFileId="15" StartOffset="12916"/>
<Loc EndOffset="12991" SrcFileId="15" StartOffset="12950"/>
<Loc EndOffset="13061" SrcFileId="15" StartOffset="13030"/>
<Loc EndOffset="13166" SrcFileId="15" StartOffset="13125"/>
<Loc EndOffset="13305" SrcFileId="15" StartOffset="13274"/>
<Loc EndOffset="13340" SrcFileId="15" StartOffset="13309"/>
<Loc EndOffset="13375" SrcFileId="15" StartOffset="13344"/>
<Loc EndOffset="13442" SrcFileId="15" StartOffset="13401"/>
</LocList>
<BasicStmnt CovItemId="S152" CovItemPrefix="devops.hw1.core.Tests.java" Intrnl_Id="1034">
<LocList>
<Loc EndOffset="12752" SrcFileId="15" StartOffset="12713"/>
</LocList>
</BasicStmnt>
<BasicStmnt CovItemId="S153" CovItemPrefix="devops.hw1.core.Tests.java" Intrnl_Id="1035">
<LocList>
<Loc EndOffset="12844" SrcFileId="15" StartOffset="12799"/>
</LocList>
</BasicStmnt>
<BasicStmnt CovItemId="S154" CovItemPrefix="devops.hw1.core.Tests.java" Intrnl_Id="1036">
<LocList>
<Loc EndOffset="12946" SrcFileId="15" StartOffset="12916"/>
</LocList>
</BasicStmnt>
<BasicStmnt CovItemId="S155" CovItemPrefix="devops.hw1.core.Tests.java" Intrnl_Id="1037">
<LocList>
<Loc EndOffset="12991" SrcFileId="15" StartOffset="12950"/>
</LocList>
</BasicStmnt>
<BasicStmnt CovItemId="S156" CovItemPrefix="devops.hw1.core.Tests.java" Intrnl_Id="1038">
<LocList>
<Loc EndOffset="13061" SrcFileId="15" StartOffset="13030"/>
</LocList>
</BasicStmnt>
<BasicStmnt CovItemId="S157" CovItemPrefix="devops.hw1.core.Tests.java" Intrnl_Id="1039">
<LocList>
<Loc EndOffset="13166" SrcFileId="15" StartOffset="13125"/>
</LocList>
</BasicStmnt>
<BasicStmnt CovItemId="S158" CovItemPrefix="devops.hw1.core.Tests.java" Intrnl_Id="1040">
<LocList>
<Loc EndOffset="13305" SrcFileId="15" StartOffset="13274"/>
</LocList>
</BasicStmnt>
<BasicStmnt CovItemId="S159" CovItemPrefix="devops.hw1.core.Tests.java" Intrnl_Id="1041">
<LocList>
<Loc EndOffset="13340" SrcFileId="15" StartOffset="13309"/>
</LocList>
</BasicStmnt>
<BasicStmnt CovItemId="S160" CovItemPrefix="devops.hw1.core.Tests.java" Intrnl_Id="1042">
<LocList>
<Loc EndOffset="13375" SrcFileId="15" StartOffset="13344"/>
</LocList>
</BasicStmnt>
<BasicStmnt CovItemId="S161" CovItemPrefix="devops.hw1.core.Tests.java" Intrnl_Id="1043">
<LocList>
<Loc EndOffset="13442" SrcFileId="15" StartOffset="13401"/>
</LocList>
</BasicStmnt>
</StmntSeq>
</HierarchyLvl>
<HierarchyLvl HierarchyLvlId="325" HierarchyLvlTypeId="20" Intrnl_Id="1044" Name="testCenterDeckToField">
<Header>
<Loc EndOffset="13584" SrcFileId="15" StartOffset="13541"/>
</Header>
<LocList>
<Loc EndOffset="13852" SrcFileId="15" StartOffset="13541"/>
</LocList>
<StmntSeq Intrnl_Id="1045">
<LocList>
<Loc EndOffset="13619" SrcFileId="15" StartOffset="13590"/>
<Loc EndOffset="13848" SrcFileId="15" StartOffset="13716"/>
</LocList>
<BasicStmnt CovItemId="S162" CovItemPrefix="devops.hw1.core.Tests.java" Intrnl_Id="1046">
<LocList>
<Loc EndOffset="13619" SrcFileId="15" StartOffset="13590"/>
</LocList>
</BasicStmnt>
<LoopStmnt CovItemId="S163" CovItemPrefix="devops.hw1.core.Tests.java" Intrnl_Id="1047" MltplExecId="L1-2" MltplExecPrefix="devops.hw1.core.Tests.java" NvrExecId="L1-0" NvrExecPrefix="devops.hw1.core.Tests.java" OnceExecutedId="L1-1" OnceExecutedPrefix="devops.hw1.core.Tests.java" OptBodyExec="true">
<StmntSeq Intrnl_Id="1048">
<LocList>
<Loc EndOffset="13780" SrcFileId="15" StartOffset="13750"/>
<Loc EndOffset="13843" SrcFileId="15" StartOffset="13785"/>
</LocList>
<BasicStmnt CovItemId="S164" CovItemPrefix="devops.hw1.core.Tests.java" Intrnl_Id="1049">
<LocList>
<Loc EndOffset="13780" SrcFileId="15" StartOffset="13750"/>
</LocList>
</BasicStmnt>
<BasicStmnt CovItemId="S165" CovItemPrefix="devops.hw1.core.Tests.java" Intrnl_Id="1050">
<LocList>
<Loc EndOffset="13843" SrcFileId="15" StartOffset="13785"/>
</LocList>
</BasicStmnt>
</StmntSeq>
<Keyword EndOffset="13719" SrcFileId="15" StartOffset="13716"/>
<LocList>
<Loc EndOffset="13848" SrcFileId="15" StartOffset="13716"/>
</LocList>
<RootTerm CovItemId="C1" CovItemPrefix="devops.hw1.core.Tests.java" Intrnl_Id="1051">
<BasicBoolTerm Intrnl_Id="1052">
<LocList>
<Loc EndOffset="13737" SrcFileId="15" StartOffset="13732"/>
</LocList>
</BasicBoolTerm>
</RootTerm>
</LoopStmnt>
</StmntSeq>
</HierarchyLvl>
<HierarchyLvl HierarchyLvlId="326" HierarchyLvlTypeId="20" Intrnl_Id="1053" Name="testGetPlayerPower">
<Header>
<Loc EndOffset="14095" SrcFileId="15" StartOffset="14055"/>
</Header>
<LocList>
<Loc EndOffset="14338" SrcFileId="15" StartOffset="14055"/>
</LocList>
<StmntSeq Intrnl_Id="1054">
<LocList>
<Loc EndOffset="14137" SrcFileId="15" StartOffset="14101"/>
<Loc EndOffset="14176" SrcFileId="15" StartOffset="14141"/>
<Loc EndOffset="14199" SrcFileId="15" StartOffset="14180"/>
<Loc EndOffset="14238" SrcFileId="15" StartOffset="14203"/>
<Loc EndOffset="14295" SrcFileId="15" StartOffset="14275"/>
<Loc EndOffset="14334" SrcFileId="15" StartOffset="14299"/>
</LocList>
<BasicStmnt CovItemId="S166" CovItemPrefix="devops.hw1.core.Tests.java" Intrnl_Id="1055">
<LocList>
<Loc EndOffset="14137" SrcFileId="15" StartOffset="14101"/>
</LocList>
</BasicStmnt>
<BasicStmnt CovItemId="S167" CovItemPrefix="devops.hw1.core.Tests.java" Intrnl_Id="1056">
<LocList>
<Loc EndOffset="14176" SrcFileId="15" StartOffset="14141"/>
</LocList>
</BasicStmnt>
<BasicStmnt CovItemId="S168" CovItemPrefix="devops.hw1.core.Tests.java" Intrnl_Id="1057">
<LocList>
<Loc EndOffset="14199" SrcFileId="15" StartOffset="14180"/>
</LocList>
</BasicStmnt>
<BasicStmnt CovItemId="S169" CovItemPrefix="devops.hw1.core.Tests.java" Intrnl_Id="1058">
<LocList>
<Loc EndOffset="14238" SrcFileId="15" StartOffset="14203"/>
</LocList>
</BasicStmnt>
<BasicStmnt CovItemId="S170" CovItemPrefix="devops.hw1.core.Tests.java" Intrnl_Id="1059">
<LocList>
<Loc EndOffset="14295" SrcFileId="15" StartOffset="14275"/>
</LocList>
</BasicStmnt>
<BasicStmnt CovItemId="S171" CovItemPrefix="devops.hw1.core.Tests.java" Intrnl_Id="1060">
<LocList>
<Loc EndOffset="14334" SrcFileId="15" StartOffset="14299"/>
</LocList>
</BasicStmnt>
</StmntSeq>
</HierarchyLvl>
<HierarchyLvl HierarchyLvlId="327" HierarchyLvlTypeId="20" Intrnl_Id="1061" Name="testApplyEffectsRunes">
<Header>
<Loc EndOffset="14569" SrcFileId="15" StartOffset="14526"/>
</Header>
<LocList>
<Loc EndOffset="14992" SrcFileId="15" StartOffset="14526"/>
</LocList>
<StmntSeq Intrnl_Id="1062">
<LocList>
<Loc EndOffset="14611" SrcFileId="15" StartOffset="14575"/>
<Loc EndOffset="14677" SrcFileId="15" StartOffset="14615"/>
<Loc EndOffset="14701" SrcFileId="15" StartOffset="14681"/>
<Loc EndOffset="14756" SrcFileId="15" StartOffset="14705"/>
<Loc EndOffset="14814" SrcFileId="15" StartOffset="14760"/>
<Loc EndOffset="14844" SrcFileId="15" StartOffset="14818"/>
<Loc EndOffset="14885" SrcFileId="15" StartOffset="14850"/>
<Loc EndOffset="14919" SrcFileId="15" StartOffset="14889"/>
<Loc EndOffset="14958" SrcFileId="15" StartOffset="14923"/>
<Loc EndOffset="14988" SrcFileId="15" StartOffset="14962"/>
</LocList>
<BasicStmnt CovItemId="S172" CovItemPrefix="devops.hw1.core.Tests.java" Intrnl_Id="1063">
<LocList>
<Loc EndOffset="14611" SrcFileId="15" StartOffset="14575"/>
</LocList>
</BasicStmnt>
<BasicStmnt CovItemId="S173" CovItemPrefix="devops.hw1.core.Tests.java" Intrnl_Id="1064">
<LocList>
<Loc EndOffset="14677" SrcFileId="15" StartOffset="14615"/>
</LocList>
</BasicStmnt>
<BasicStmnt CovItemId="S174" CovItemPrefix="devops.hw1.core.Tests.java" Intrnl_Id="1065">
<LocList>
<Loc EndOffset="14701" SrcFileId="15" StartOffset="14681"/>
</LocList>
</BasicStmnt>
<BasicStmnt CovItemId="S175" CovItemPrefix="devops.hw1.core.Tests.java" Intrnl_Id="1066">
<LocList>
<Loc EndOffset="14756" SrcFileId="15" StartOffset="14705"/>
</LocList>
</BasicStmnt>
<BasicStmnt CovItemId="S176" CovItemPrefix="devops.hw1.core.Tests.java" Intrnl_Id="1067">
<LocList>
<Loc EndOffset="14814" SrcFileId="15" StartOffset="14760"/>
</LocList>
</BasicStmnt>
<BasicStmnt CovItemId="S177" CovItemPrefix="devops.hw1.core.Tests.java" Intrnl_Id="1068">
<LocList>
<Loc EndOffset="14844" SrcFileId="15" StartOffset="14818"/>
</LocList>
</BasicStmnt>
<BasicStmnt CovItemId="S178" CovItemPrefix="devops.hw1.core.Tests.java" Intrnl_Id="1069">
<LocList>
<Loc EndOffset="14885" SrcFileId="15" StartOffset="14850"/>
</LocList>
</BasicStmnt>
<BasicStmnt CovItemId="S179" CovItemPrefix="devops.hw1.core.Tests.java" Intrnl_Id="1070">
<LocList>
<Loc EndOffset="14919" SrcFileId="15" StartOffset="14889"/>
</LocList>
</BasicStmnt>
<BasicStmnt CovItemId="S180" CovItemPrefix="devops.hw1.core.Tests.java" Intrnl_Id="1071">
<LocList>
<Loc EndOffset="14958" SrcFileId="15" StartOffset="14923"/>
</LocList>
</BasicStmnt>
<BasicStmnt CovItemId="S181" CovItemPrefix="devops.hw1.core.Tests.java" Intrnl_Id="1072">
<LocList>
<Loc EndOffset="14988" SrcFileId="15" StartOffset="14962"/>
</LocList>
</BasicStmnt>
</StmntSeq>
</HierarchyLvl>
<HierarchyLvl HierarchyLvlId="328" HierarchyLvlTypeId="20" Intrnl_Id="1073" Name="testApplyEffectsRunesMockless">
<Header>
<Loc EndOffset="15180" SrcFileId="15" StartOffset="15129"/>
</Header>
<LocList>
<Loc EndOffset="15500" SrcFileId="15" StartOffset="15129"/>
</LocList>
<StmntSeq Intrnl_Id="1074">
<LocList>
<Loc EndOffset="15222" SrcFileId="15" StartOffset="15186"/>
<Loc EndOffset="15288" SrcFileId="15" StartOffset="15226"/>
<Loc EndOffset="15312" SrcFileId="15" StartOffset="15292"/>
<Loc EndOffset="15384" SrcFileId="15" StartOffset="15316"/>
<Loc EndOffset="15423" SrcFileId="15" StartOffset="15388"/>
<Loc EndOffset="15457" SrcFileId="15" StartOffset="15427"/>
<Loc EndOffset="15496" SrcFileId="15" StartOffset="15461"/>
</LocList>
<BasicStmnt CovItemId="S182" CovItemPrefix="devops.hw1.core.Tests.java" Intrnl_Id="1075">
<LocList>
<Loc EndOffset="15222" SrcFileId="15" StartOffset="15186"/>
</LocList>
</BasicStmnt>
<BasicStmnt CovItemId="S183" CovItemPrefix="devops.hw1.core.Tests.java" Intrnl_Id="1076">
<LocList>
<Loc EndOffset="15288" SrcFileId="15" StartOffset="15226"/>
</LocList>
</BasicStmnt>
<BasicStmnt CovItemId="S184" CovItemPrefix="devops.hw1.core.Tests.java" Intrnl_Id="1077">
<LocList>
<Loc EndOffset="15312" SrcFileId="15" StartOffset="15292"/>
</LocList>
</BasicStmnt>
<BasicStmnt CovItemId="S185" CovItemPrefix="devops.hw1.core.Tests.java" Intrnl_Id="1078">
<LocList>
<Loc EndOffset="15384" SrcFileId="15" StartOffset="15316"/>
</LocList>
</BasicStmnt>
<BasicStmnt CovItemId="S186" CovItemPrefix="devops.hw1.core.Tests.java" Intrnl_Id="1079">
<LocList>
<Loc EndOffset="15423" SrcFileId="15" StartOffset="15388"/>
</LocList>
</BasicStmnt>
<BasicStmnt CovItemId="S187" CovItemPrefix="devops.hw1.core.Tests.java" Intrnl_Id="1080">
<LocList>
<Loc EndOffset="15457" SrcFileId="15" StartOffset="15427"/>
</LocList>
</BasicStmnt>
<BasicStmnt CovItemId="S188" CovItemPrefix="devops.hw1.core.Tests.java" Intrnl_Id="1081">
<LocList>
<Loc EndOffset="15496" SrcFileId="15" StartOffset="15461"/>
</LocList>
</BasicStmnt>
</StmntSeq>
</HierarchyLvl>
<HierarchyLvl HierarchyLvlId="329" HierarchyLvlTypeId="20" Intrnl_Id="1082" Name="testApplyEffectsPower">
<Header>
<Loc EndOffset="15731" SrcFileId="15" StartOffset="15688"/>
</Header>
<LocList>
<Loc EndOffset="16159" SrcFileId="15" StartOffset="15688"/>
</LocList>
<StmntSeq Intrnl_Id="1083">
<LocList>
<Loc EndOffset="15773" SrcFileId="15" StartOffset="15737"/>
<Loc EndOffset="15839" SrcFileId="15" StartOffset="15777"/>
<Loc EndOffset="15863" SrcFileId="15" StartOffset="15843"/>
<Loc EndOffset="15919" SrcFileId="15" StartOffset="15867"/>
<Loc EndOffset="15978" SrcFileId="15" StartOffset="15923"/>
<Loc EndOffset="16009" SrcFileId="15" StartOffset="15982"/>
<Loc EndOffset="16050" SrcFileId="15" StartOffset="16015"/>
<Loc EndOffset="16085" SrcFileId="15" StartOffset="16054"/>
<Loc EndOffset="16124" SrcFileId="15" StartOffset="16089"/>
<Loc EndOffset="16155" SrcFileId="15" StartOffset="16128"/>
</LocList>
<BasicStmnt CovItemId="S189" CovItemPrefix="devops.hw1.core.Tests.java" Intrnl_Id="1084">
<LocList>
<Loc EndOffset="15773" SrcFileId="15" StartOffset="15737"/>
</LocList>
</BasicStmnt>
<BasicStmnt CovItemId="S190" CovItemPrefix="devops.hw1.core.Tests.java" Intrnl_Id="1085">
<LocList>
<Loc EndOffset="15839" SrcFileId="15" StartOffset="15777"/>
</LocList>
</BasicStmnt>
<BasicStmnt CovItemId="S191" CovItemPrefix="devops.hw1.core.Tests.java" Intrnl_Id="1086">
<LocList>
<Loc EndOffset="15863" SrcFileId="15" StartOffset="15843"/>
</LocList>
</BasicStmnt>
<BasicStmnt CovItemId="S192" CovItemPrefix="devops.hw1.core.Tests.java" Intrnl_Id="1087">
<LocList>
<Loc EndOffset="15919" SrcFileId="15" StartOffset="15867"/>
</LocList>
</BasicStmnt>
<BasicStmnt CovItemId="S193" CovItemPrefix="devops.hw1.core.Tests.java" Intrnl_Id="1088">
<LocList>
<Loc EndOffset="15978" SrcFileId="15" StartOffset="15923"/>
</LocList>
</BasicStmnt>
<BasicStmnt CovItemId="S194" CovItemPrefix="devops.hw1.core.Tests.java" Intrnl_Id="1089">
<LocList>
<Loc EndOffset="16009" SrcFileId="15" StartOffset="15982"/>
</LocList>
</BasicStmnt>
<BasicStmnt CovItemId="S195" CovItemPrefix="devops.hw1.core.Tests.java" Intrnl_Id="1090">
<LocList>
<Loc EndOffset="16050" SrcFileId="15" StartOffset="16015"/>
</LocList>
</BasicStmnt>
<BasicStmnt CovItemId="S196" CovItemPrefix="devops.hw1.core.Tests.java" Intrnl_Id="1091">
<LocList>
<Loc EndOffset="16085" SrcFileId="15" StartOffset="16054"/>
</LocList>
</BasicStmnt>
<BasicStmnt CovItemId="S197" CovItemPrefix="devops.hw1.core.Tests.java" Intrnl_Id="1092">
<LocList>
<Loc EndOffset="16124" SrcFileId="15" StartOffset="16089"/>
</LocList>
</BasicStmnt>
<BasicStmnt CovItemId="S198" CovItemPrefix="devops.hw1.core.Tests.java" Intrnl_Id="1093">
<LocList>
<Loc EndOffset="16155" SrcFileId="15" StartOffset="16128"/>
</LocList>
</BasicStmnt>
</StmntSeq>
</HierarchyLvl>
<HierarchyLvl HierarchyLvlId="330" HierarchyLvlTypeId="20" Intrnl_Id="1094" Name="testApplyEffectsPowerMockless">
<Header>
<Loc EndOffset="16347" SrcFileId="15" StartOffset="16296"/>
</Header>
<LocList>
<Loc EndOffset="16669" SrcFileId="15" StartOffset="16296"/>
</LocList>
<StmntSeq Intrnl_Id="1095">
<LocList>
<Loc EndOffset="16389" SrcFileId="15" StartOffset="16353"/>
<Loc EndOffset="16455" SrcFileId="15" StartOffset="16393"/>
<Loc EndOffset="16479" SrcFileId="15" StartOffset="16459"/>
<Loc EndOffset="16552" SrcFileId="15" StartOffset="16483"/>
<Loc EndOffset="16591" SrcFileId="15" StartOffset="16556"/>
<Loc EndOffset="16626" SrcFileId="15" StartOffset="16595"/>
<Loc EndOffset="16665" SrcFileId="15" StartOffset="16630"/>
</LocList>
<BasicStmnt CovItemId="S199" CovItemPrefix="devops.hw1.core.Tests.java" Intrnl_Id="1096">
<LocList>
<Loc EndOffset="16389" SrcFileId="15" StartOffset="16353"/>
</LocList>
</BasicStmnt>
<BasicStmnt CovItemId="S200" CovItemPrefix="devops.hw1.core.Tests.java" Intrnl_Id="1097">
<LocList>
<Loc EndOffset="16455" SrcFileId="15" StartOffset="16393"/>
</LocList>
</BasicStmnt>
<BasicStmnt CovItemId="S201" CovItemPrefix="devops.hw1.core.Tests.java" Intrnl_Id="1098">
<LocList>
<Loc EndOffset="16479" SrcFileId="15" StartOffset="16459"/>
</LocList>
</BasicStmnt>
<BasicStmnt CovItemId="S202" CovItemPrefix="devops.hw1.core.Tests.java" Intrnl_Id="1099">
<LocList>
<Loc EndOffset="16552" SrcFileId="15" StartOffset="16483"/>
</LocList>
</BasicStmnt>
<BasicStmnt CovItemId="S203" CovItemPrefix="devops.hw1.core.Tests.java" Intrnl_Id="1100">
<LocList>
<Loc EndOffset="16591" SrcFileId="15" StartOffset="16556"/>
</LocList>
</BasicStmnt>
<BasicStmnt CovItemId="S204" CovItemPrefix="devops.hw1.core.Tests.java" Intrnl_Id="1101">
<LocList>
<Loc EndOffset="16626" SrcFileId="15" StartOffset="16595"/>
</LocList>
</BasicStmnt>
<BasicStmnt CovItemId="S205" CovItemPrefix="devops.hw1.core.Tests.java" Intrnl_Id="1102">
<LocList>
<Loc EndOffset="16665" SrcFileId="15" StartOffset="16630"/>
</LocList>
</BasicStmnt>
</StmntSeq>
</HierarchyLvl>
<HierarchyLvl HierarchyLvlId="331" HierarchyLvlTypeId="20" Intrnl_Id="1103" Name="testApplyEffectsDraw">
<Header>
<Loc EndOffset="16898" SrcFileId="15" StartOffset="16856"/>
</Header>
<LocList>
<Loc EndOffset="17412" SrcFileId="15" StartOffset="16856"/>
</LocList>
<StmntSeq Intrnl_Id="1104">
<LocList>
<Loc EndOffset="16940" SrcFileId="15" StartOffset="16904"/>
<Loc EndOffset="17006" SrcFileId="15" StartOffset="16944"/>
<Loc EndOffset="17029" SrcFileId="15" StartOffset="17010"/>
<Loc EndOffset="17086" SrcFileId="15" StartOffset="17035"/>
<Loc EndOffset="17144" SrcFileId="15" StartOffset="17090"/>
<Loc EndOffset="17174" SrcFileId="15" StartOffset="17148"/>
<Loc EndOffset="17218" SrcFileId="15" StartOffset="17180"/>
<Loc EndOffset="17260" SrcFileId="15" StartOffset="17222"/>
<Loc EndOffset="17294" SrcFileId="15" StartOffset="17264"/>
<Loc EndOffset="17336" SrcFileId="15" StartOffset="17298"/>
<Loc EndOffset="17378" SrcFileId="15" StartOffset="17340"/>
<Loc EndOffset="17408" SrcFileId="15" StartOffset="17382"/>
</LocList>
<BasicStmnt CovItemId="S206" CovItemPrefix="devops.hw1.core.Tests.java" Intrnl_Id="1105">
<LocList>
<Loc EndOffset="16940" SrcFileId="15" StartOffset="16904"/>
</LocList>
</BasicStmnt>
<BasicStmnt CovItemId="S207" CovItemPrefix="devops.hw1.core.Tests.java" Intrnl_Id="1106">
<LocList>
<Loc EndOffset="17006" SrcFileId="15" StartOffset="16944"/>
</LocList>
</BasicStmnt>
<BasicStmnt CovItemId="S208" CovItemPrefix="devops.hw1.core.Tests.java" Intrnl_Id="1107">
<LocList>
<Loc EndOffset="17029" SrcFileId="15" StartOffset="17010"/>
</LocList>
</BasicStmnt>
<BasicStmnt CovItemId="S209" CovItemPrefix="devops.hw1.core.Tests.java" Intrnl_Id="1108">
<LocList>
<Loc EndOffset="17086" SrcFileId="15" StartOffset="17035"/>
</LocList>
</BasicStmnt>
<BasicStmnt CovItemId="S210" CovItemPrefix="devops.hw1.core.Tests.java" Intrnl_Id="1109">
<LocList>
<Loc EndOffset="17144" SrcFileId="15" StartOffset="17090"/>
</LocList>
</BasicStmnt>
<BasicStmnt CovItemId="S211" CovItemPrefix="devops.hw1.core.Tests.java" Intrnl_Id="1110">
<LocList>
<Loc EndOffset="17174" SrcFileId="15" StartOffset="17148"/>
</LocList>
</BasicStmnt>
<BasicStmnt CovItemId="S212" CovItemPrefix="devops.hw1.core.Tests.java" Intrnl_Id="1111">
<LocList>
<Loc EndOffset="17218" SrcFileId="15" StartOffset="17180"/>
</LocList>
</BasicStmnt>
<BasicStmnt CovItemId="S213" CovItemPrefix="devops.hw1.core.Tests.java" Intrnl_Id="1112">
<LocList>
<Loc EndOffset="17260" SrcFileId="15" StartOffset="17222"/>
</LocList>
</BasicStmnt>
<BasicStmnt CovItemId="S214" CovItemPrefix="devops.hw1.core.Tests.java" Intrnl_Id="1113">
<LocList>
<Loc EndOffset="17294" SrcFileId="15" StartOffset="17264"/>
</LocList>
</BasicStmnt>
<BasicStmnt CovItemId="S215" CovItemPrefix="devops.hw1.core.Tests.java" Intrnl_Id="1114">
<LocList>
<Loc EndOffset="17336" SrcFileId="15" StartOffset="17298"/>
</LocList>
</BasicStmnt>
<BasicStmnt CovItemId="S216" CovItemPrefix="devops.hw1.core.Tests.java" Intrnl_Id="1115">
<LocList>
<Loc EndOffset="17378" SrcFileId="15" StartOffset="17340"/>
</LocList>
</BasicStmnt>
<BasicStmnt CovItemId="S217" CovItemPrefix="devops.hw1.core.Tests.java" Intrnl_Id="1116">
<LocList>
<Loc EndOffset="17408" SrcFileId="15" StartOffset="17382"/>
</LocList>
</BasicStmnt>
</StmntSeq>
</HierarchyLvl>
<HierarchyLvl HierarchyLvlId="332" HierarchyLvlTypeId="20" Intrnl_Id="1117" Name="testApplyEffectsDrawMockless">
<Header>
<Loc EndOffset="17598" SrcFileId="15" StartOffset="17548"/>
</Header>
<LocList>
<Loc EndOffset="18007" SrcFileId="15" StartOffset="17548"/>
</LocList>
<StmntSeq Intrnl_Id="1118">
<LocList>
<Loc EndOffset="17640" SrcFileId="15" StartOffset="17604"/>
<Loc EndOffset="17706" SrcFileId="15" StartOffset="17644"/>
<Loc EndOffset="17729" SrcFileId="15" StartOffset="17710"/>
<Loc EndOffset="17801" SrcFileId="15" StartOffset="17733"/>
<Loc EndOffset="17843" SrcFileId="15" StartOffset="17805"/>
<Loc EndOffset="17885" SrcFileId="15" StartOffset="17847"/>
<Loc EndOffset="17919" SrcFileId="15" StartOffset="17889"/>
<Loc EndOffset="17961" SrcFileId="15" StartOffset="17923"/>
<Loc EndOffset="18003" SrcFileId="15" StartOffset="17965"/>
</LocList>
<BasicStmnt CovItemId="S218" CovItemPrefix="devops.hw1.core.Tests.java" Intrnl_Id="1119">
<LocList>
<Loc EndOffset="17640" SrcFileId="15" StartOffset="17604"/>
</LocList>
</BasicStmnt>
<BasicStmnt CovItemId="S219" CovItemPrefix="devops.hw1.core.Tests.java" Intrnl_Id="1120">
<LocList>
<Loc EndOffset="17706" SrcFileId="15" StartOffset="17644"/>
</LocList>
</BasicStmnt>
<BasicStmnt CovItemId="S220" CovItemPrefix="devops.hw1.core.Tests.java" Intrnl_Id="1121">
<LocList>
<Loc EndOffset="17729" SrcFileId="15" StartOffset="17710"/>
</LocList>
</BasicStmnt>
<BasicStmnt CovItemId="S221" CovItemPrefix="devops.hw1.core.Tests.java" Intrnl_Id="1122">
<LocList>
<Loc EndOffset="17801" SrcFileId="15" StartOffset="17733"/>
</LocList>
</BasicStmnt>
<BasicStmnt CovItemId="S222" CovItemPrefix="devops.hw1.core.Tests.java" Intrnl_Id="1123">
<LocList>
<Loc EndOffset="17843" SrcFileId="15" StartOffset="17805"/>
</LocList>
</BasicStmnt>
<BasicStmnt CovItemId="S223" CovItemPrefix="devops.hw1.core.Tests.java" Intrnl_Id="1124">
<LocList>
<Loc EndOffset="17885" SrcFileId="15" StartOffset="17847"/>
</LocList>
</BasicStmnt>
<BasicStmnt CovItemId="S224" CovItemPrefix="devops.hw1.core.Tests.java" Intrnl_Id="1125">
<LocList>
<Loc EndOffset="17919" SrcFileId="15" StartOffset="17889"/>
</LocList>
</BasicStmnt>
<BasicStmnt CovItemId="S225" CovItemPrefix="devops.hw1.core.Tests.java" Intrnl_Id="1126">
<LocList>
<Loc EndOffset="17961" SrcFileId="15" StartOffset="17923"/>
</LocList>
</BasicStmnt>
<BasicStmnt CovItemId="S226" CovItemPrefix="devops.hw1.core.Tests.java" Intrnl_Id="1127">
<LocList>
<Loc EndOffset="18003" SrcFileId="15" StartOffset="17965"/>
</LocList>
</BasicStmnt>
</StmntSeq>
</HierarchyLvl>
<HierarchyLvl HierarchyLvlId="333" HierarchyLvlTypeId="20" Intrnl_Id="1128" Name="testGetAddHonor">
<Header>
<Loc EndOffset="18227" SrcFileId="15" StartOffset="18190"/>
</Header>
<LocList>
<Loc EndOffset="18374" SrcFileId="15" StartOffset="18190"/>
</LocList>
<StmntSeq Intrnl_Id="1129">
<LocList>
<Loc EndOffset="18269" SrcFileId="15" StartOffset="18233"/>
<Loc EndOffset="18308" SrcFileId="15" StartOffset="18273"/>
<Loc EndOffset="18331" SrcFileId="15" StartOffset="18312"/>
<Loc EndOffset="18370" SrcFileId="15" StartOffset="18335"/>
</LocList>
<BasicStmnt CovItemId="S227" CovItemPrefix="devops.hw1.core.Tests.java" Intrnl_Id="1130">
<LocList>
<Loc EndOffset="18269" SrcFileId="15" StartOffset="18233"/>
</LocList>
</BasicStmnt>
<BasicStmnt CovItemId="S228" CovItemPrefix="devops.hw1.core.Tests.java" Intrnl_Id="1131">
<LocList>
<Loc EndOffset="18308" SrcFileId="15" StartOffset="18273"/>
</LocList>
</BasicStmnt>
<BasicStmnt CovItemId="S229" CovItemPrefix="devops.hw1.core.Tests.java" Intrnl_Id="1132">
<LocList>
<Loc EndOffset="18331" SrcFileId="15" StartOffset="18312"/>
</LocList>
</BasicStmnt>
<BasicStmnt CovItemId="S230" CovItemPrefix="devops.hw1.core.Tests.java" Intrnl_Id="1133">
<LocList>
<Loc EndOffset="18370" SrcFileId="15" StartOffset="18335"/>
</LocList>
</BasicStmnt>
</StmntSeq>
</HierarchyLvl>
<HierarchyLvl HierarchyLvlId="334" HierarchyLvlTypeId="20" Intrnl_Id="1134" Name="testApplyEffectsHonor">
<Header>
<Loc EndOffset="18605" SrcFileId="15" StartOffset="18562"/>
</Header>
<LocList>
<Loc EndOffset="19033" SrcFileId="15" StartOffset="18562"/>
</LocList>
<StmntSeq Intrnl_Id="1135">
<LocList>
<Loc EndOffset="18647" SrcFileId="15" StartOffset="18611"/>
<Loc EndOffset="18713" SrcFileId="15" StartOffset="18651"/>
<Loc EndOffset="18737" SrcFileId="15" StartOffset="18717"/>
<Loc EndOffset="18793" SrcFileId="15" StartOffset="18741"/>
<Loc EndOffset="18852" SrcFileId="15" StartOffset="18797"/>
<Loc EndOffset="18883" SrcFileId="15" StartOffset="18856"/>
<Loc EndOffset="18924" SrcFileId="15" StartOffset="18889"/>
<Loc EndOffset="18959" SrcFileId="15" StartOffset="18928"/>
<Loc EndOffset="18998" SrcFileId="15" StartOffset="18963"/>
<Loc EndOffset="19029" SrcFileId="15" StartOffset="19002"/>
</LocList>
<BasicStmnt CovItemId="S231" CovItemPrefix="devops.hw1.core.Tests.java" Intrnl_Id="1136">
<LocList>
<Loc EndOffset="18647" SrcFileId="15" StartOffset="18611"/>
</LocList>
</BasicStmnt>
<BasicStmnt CovItemId="S232" CovItemPrefix="devops.hw1.core.Tests.java" Intrnl_Id="1137">
<LocList>
<Loc EndOffset="18713" SrcFileId="15" StartOffset="18651"/>
</LocList>
</BasicStmnt>
<BasicStmnt CovItemId="S233" CovItemPrefix="devops.hw1.core.Tests.java" Intrnl_Id="1138">
<LocList>
<Loc EndOffset="18737" SrcFileId="15" StartOffset="18717"/>
</LocList>
</BasicStmnt>
<BasicStmnt CovItemId="S234" CovItemPrefix="devops.hw1.core.Tests.java" Intrnl_Id="1139">
<LocList>
<Loc EndOffset="18793" SrcFileId="15" StartOffset="18741"/>
</LocList>
</BasicStmnt>
<BasicStmnt CovItemId="S235" CovItemPrefix="devops.hw1.core.Tests.java" Intrnl_Id="1140">
<LocList>
<Loc EndOffset="18852" SrcFileId="15" StartOffset="18797"/>
</LocList>
</BasicStmnt>
<BasicStmnt CovItemId="S236" CovItemPrefix="devops.hw1.core.Tests.java" Intrnl_Id="1141">
<LocList>
<Loc EndOffset="18883" SrcFileId="15" StartOffset="18856"/>
</LocList>
</BasicStmnt>
<BasicStmnt CovItemId="S237" CovItemPrefix="devops.hw1.core.Tests.java" Intrnl_Id="1142">
<LocList>
<Loc EndOffset="18924" SrcFileId="15" StartOffset="18889"/>
</LocList>
</BasicStmnt>
<BasicStmnt CovItemId="S238" CovItemPrefix="devops.hw1.core.Tests.java" Intrnl_Id="1143">
<LocList>
<Loc EndOffset="18959" SrcFileId="15" StartOffset="18928"/>
</LocList>
</BasicStmnt>
<BasicStmnt CovItemId="S239" CovItemPrefix="devops.hw1.core.Tests.java" Intrnl_Id="1144">
<LocList>
<Loc EndOffset="18998" SrcFileId="15" StartOffset="18963"/>
</LocList>
</BasicStmnt>
<BasicStmnt CovItemId="S240" CovItemPrefix="devops.hw1.core.Tests.java" Intrnl_Id="1145">
<LocList>
<Loc EndOffset="19029" SrcFileId="15" StartOffset="19002"/>
</LocList>
</BasicStmnt>
</StmntSeq>
</HierarchyLvl>
<HierarchyLvl HierarchyLvlId="335" HierarchyLvlTypeId="20" Intrnl_Id="1146" Name="testApplyEffectsHonorMockless">
<Header>
<Loc EndOffset="19221" SrcFileId="15" StartOffset="19170"/>
</Header>
<LocList>
<Loc EndOffset="19543" SrcFileId="15" StartOffset="19170"/>
</LocList>
<StmntSeq Intrnl_Id="1147">
<LocList>
<Loc EndOffset="19263" SrcFileId="15" StartOffset="19227"/>
<Loc EndOffset="19329" SrcFileId="15" StartOffset="19267"/>
<Loc EndOffset="19353" SrcFileId="15" StartOffset="19333"/>
<Loc EndOffset="19426" SrcFileId="15" StartOffset="19357"/>
<Loc EndOffset="19465" SrcFileId="15" StartOffset="19430"/>
<Loc EndOffset="19500" SrcFileId="15" StartOffset="19469"/>
<Loc EndOffset="19539" SrcFileId="15" StartOffset="19504"/>
</LocList>
<BasicStmnt CovItemId="S241" CovItemPrefix="devops.hw1.core.Tests.java" Intrnl_Id="1148">
<LocList>
<Loc EndOffset="19263" SrcFileId="15" StartOffset="19227"/>
</LocList>
</BasicStmnt>
<BasicStmnt CovItemId="S242" CovItemPrefix="devops.hw1.core.Tests.java" Intrnl_Id="1149">
<LocList>
<Loc EndOffset="19329" SrcFileId="15" StartOffset="19267"/>
</LocList>
</BasicStmnt>
<BasicStmnt CovItemId="S243" CovItemPrefix="devops.hw1.core.Tests.java" Intrnl_Id="1150">
<LocList>
<Loc EndOffset="19353" SrcFileId="15" StartOffset="19333"/>
</LocList>
</BasicStmnt>
<BasicStmnt CovItemId="S244" CovItemPrefix="devops.hw1.core.Tests.java" Intrnl_Id="1151">
<LocList>
<Loc EndOffset="19426" SrcFileId="15" StartOffset="19357"/>
</LocList>
</BasicStmnt>
<BasicStmnt CovItemId="S245" CovItemPrefix="devops.hw1.core.Tests.java" Intrnl_Id="1152">
<LocList>
<Loc EndOffset="19465" SrcFileId="15" StartOffset="19430"/>
</LocList>
</BasicStmnt>
<BasicStmnt CovItemId="S246" CovItemPrefix="devops.hw1.core.Tests.java" Intrnl_Id="1153">
<LocList>
<Loc EndOffset="19500" SrcFileId="15" StartOffset="19469"/>
</LocList>
</BasicStmnt>
<BasicStmnt CovItemId="S247" CovItemPrefix="devops.hw1.core.Tests.java" Intrnl_Id="1154">
<LocList>
<Loc EndOffset="19539" SrcFileId="15" StartOffset="19504"/>
</LocList>
</BasicStmnt>
</StmntSeq>
</HierarchyLvl>
<HierarchyLvl HierarchyLvlId="336" HierarchyLvlTypeId="20" Intrnl_Id="1155" Name="testApplyEffectsAllBasic">
<Header>
<Loc EndOffset="19779" SrcFileId="15" StartOffset="19733"/>
</Header>
<LocList>
<Loc EndOffset="20594" SrcFileId="15" StartOffset="19733"/>
</LocList>
<StmntSeq Intrnl_Id="1156">
<LocList>
<Loc EndOffset="19821" SrcFileId="15" StartOffset="19785"/>
<Loc EndOffset="19887" SrcFileId="15" StartOffset="19825"/>
<Loc EndOffset="19911" SrcFileId="15" StartOffset="19891"/>
<Loc EndOffset="19935" SrcFileId="15" StartOffset="19915"/>
<Loc EndOffset="19958" SrcFileId="15" StartOffset="19939"/>
<Loc EndOffset="19982" SrcFileId="15" StartOffset="19962"/>
<Loc EndOffset="20036" SrcFileId="15" StartOffset="19986"/>
<Loc EndOffset="20093" SrcFileId="15" StartOffset="20040"/>
<Loc EndOffset="20122" SrcFileId="15" StartOffset="20097"/>
<Loc EndOffset="20163" SrcFileId="15" StartOffset="20128"/>
<Loc EndOffset="20202" SrcFileId="15" StartOffset="20167"/>
<Loc EndOffset="20241" SrcFileId="15" StartOffset="20206"/>
<Loc EndOffset="20283" SrcFileId="15" StartOffset="20245"/>
<Loc EndOffset="20325" SrcFileId="15" StartOffset="20287"/>
<Loc EndOffset="20360" SrcFileId="15" StartOffset="20331"/>
<Loc EndOffset="20399" SrcFileId="15" StartOffset="20364"/>
<Loc EndOffset="20438" SrcFileId="15" StartOffset="20403"/>
<Loc EndOffset="20477" SrcFileId="15" StartOffset="20442"/>
<Loc EndOffset="20519" SrcFileId="15" StartOffset="20481"/>
<Loc EndOffset="20561" SrcFileId="15" StartOffset="20523"/>
<Loc EndOffset="20590" SrcFileId="15" StartOffset="20565"/>
</LocList>
<BasicStmnt CovItemId="S248" CovItemPrefix="devops.hw1.core.Tests.java" Intrnl_Id="1157">
<LocList>
<Loc EndOffset="19821" SrcFileId="15" StartOffset="19785"/>
</LocList>
</BasicStmnt>
<BasicStmnt CovItemId="S249" CovItemPrefix="devops.hw1.core.Tests.java" Intrnl_Id="1158">
<LocList>
<Loc EndOffset="19887" SrcFileId="15" StartOffset="19825"/>
</LocList>
</BasicStmnt>
<BasicStmnt CovItemId="S250" CovItemPrefix="devops.hw1.core.Tests.java" Intrnl_Id="1159">
<LocList>
<Loc EndOffset="19911" SrcFileId="15" StartOffset="19891"/>
</LocList>
</BasicStmnt>
<BasicStmnt CovItemId="S251" CovItemPrefix="devops.hw1.core.Tests.java" Intrnl_Id="1160">
<LocList>
<Loc EndOffset="19935" SrcFileId="15" StartOffset="19915"/>
</LocList>
</BasicStmnt>
<BasicStmnt CovItemId="S252" CovItemPrefix="devops.hw1.core.Tests.java" Intrnl_Id="1161">
<LocList>
<Loc EndOffset="19958" SrcFileId="15" StartOffset="19939"/>
</LocList>
</BasicStmnt>
<BasicStmnt CovItemId="S253" CovItemPrefix="devops.hw1.core.Tests.java" Intrnl_Id="1162">
<LocList>
<Loc EndOffset="19982" SrcFileId="15" StartOffset="19962"/>
</LocList>
</BasicStmnt>
<BasicStmnt CovItemId="S254" CovItemPrefix="devops.hw1.core.Tests.java" Intrnl_Id="1163">
<LocList>
<Loc EndOffset="20036" SrcFileId="15" StartOffset="19986"/>
</LocList>
</BasicStmnt>
<BasicStmnt CovItemId="S255" CovItemPrefix="devops.hw1.core.Tests.java" Intrnl_Id="1164">
<LocList>
<Loc EndOffset="20093" SrcFileId="15" StartOffset="20040"/>
</LocList>
</BasicStmnt>
<BasicStmnt CovItemId="S256" CovItemPrefix="devops.hw1.core.Tests.java" Intrnl_Id="1165">
<LocList>
<Loc EndOffset="20122" SrcFileId="15" StartOffset="20097"/>
</LocList>
</BasicStmnt>
<BasicStmnt CovItemId="S257" CovItemPrefix="devops.hw1.core.Tests.java" Intrnl_Id="1166">
<LocList>
<Loc EndOffset="20163" SrcFileId="15" StartOffset="20128"/>
</LocList>
</BasicStmnt>
<BasicStmnt CovItemId="S258" CovItemPrefix="devops.hw1.core.Tests.java" Intrnl_Id="1167">
<LocList>
<Loc EndOffset="20202" SrcFileId="15" StartOffset="20167"/>
</LocList>
</BasicStmnt>
<BasicStmnt CovItemId="S259" CovItemPrefix="devops.hw1.core.Tests.java" Intrnl_Id="1168">
<LocList>
<Loc EndOffset="20241" SrcFileId="15" StartOffset="20206"/>
</LocList>
</BasicStmnt>
<BasicStmnt CovItemId="S260" CovItemPrefix="devops.hw1.core.Tests.java" Intrnl_Id="1169">
<LocList>
<Loc EndOffset="20283" SrcFileId="15" StartOffset="20245"/>
</LocList>
</BasicStmnt>
<BasicStmnt CovItemId="S261" CovItemPrefix="devops.hw1.core.Tests.java" Intrnl_Id="1170">
<LocList>
<Loc EndOffset="20325" SrcFileId="15" StartOffset="20287"/>
</LocList>
</BasicStmnt>
<BasicStmnt CovItemId="S262" CovItemPrefix="devops.hw1.core.Tests.java" Intrnl_Id="1171">
<LocList>
<Loc EndOffset="20360" SrcFileId="15" StartOffset="20331"/>
</LocList>
</BasicStmnt>
<BasicStmnt CovItemId="S263" CovItemPrefix="devops.hw1.core.Tests.java" Intrnl_Id="1172">
<LocList>
<Loc EndOffset="20399" SrcFileId="15" StartOffset="20364"/>
</LocList>
</BasicStmnt>
<BasicStmnt CovItemId="S264" CovItemPrefix="devops.hw1.core.Tests.java" Intrnl_Id="1173">
<LocList>
<Loc EndOffset="20438" SrcFileId="15" StartOffset="20403"/>
</LocList>
</BasicStmnt>
<BasicStmnt CovItemId="S265" CovItemPrefix="devops.hw1.core.Tests.java" Intrnl_Id="1174">
<LocList>
<Loc EndOffset="20477" SrcFileId="15" StartOffset="20442"/>
</LocList>
</BasicStmnt>
<BasicStmnt CovItemId="S266" CovItemPrefix="devops.hw1.core.Tests.java" Intrnl_Id="1175">
<LocList>
<Loc EndOffset="20519" SrcFileId="15" StartOffset="20481"/>
</LocList>
</BasicStmnt>
<BasicStmnt CovItemId="S267" CovItemPrefix="devops.hw1.core.Tests.java" Intrnl_Id="1176">
<LocList>
<Loc EndOffset="20561" SrcFileId="15" StartOffset="20523"/>
</LocList>
</BasicStmnt>
<BasicStmnt CovItemId="S268" CovItemPrefix="devops.hw1.core.Tests.java" Intrnl_Id="1177">
<LocList>
<Loc EndOffset="20590" SrcFileId="15" StartOffset="20565"/>
</LocList>
</BasicStmnt>
</StmntSeq>
</HierarchyLvl>
<HierarchyLvl HierarchyLvlId="337" HierarchyLvlTypeId="20" Intrnl_Id="1178" Name="testApplyEffectsAllBasicMockless">
<Header>
<Loc EndOffset="20842" SrcFileId="15" StartOffset="20788"/>
</Header>
<LocList>
<Loc EndOffset="21555" SrcFileId="15" StartOffset="20788"/>
</LocList>
<StmntSeq Intrnl_Id="1179">
<LocList>
<Loc EndOffset="20884" SrcFileId="15" StartOffset="20848"/>
<Loc EndOffset="20950" SrcFileId="15" StartOffset="20888"/>
<Loc EndOffset="20974" SrcFileId="15" StartOffset="20954"/>
<Loc EndOffset="20998" SrcFileId="15" StartOffset="20978"/>
<Loc EndOffset="21021" SrcFileId="15" StartOffset="21002"/>
<Loc EndOffset="21045" SrcFileId="15" StartOffset="21025"/>
<Loc EndOffset="21116" SrcFileId="15" StartOffset="21049"/>
<Loc EndOffset="21155" SrcFileId="15" StartOffset="21120"/>
<Loc EndOffset="21194" SrcFileId="15" StartOffset="21159"/>
<Loc EndOffset="21233" SrcFileId="15" StartOffset="21198"/>
<Loc EndOffset="21275" SrcFileId="15" StartOffset="21237"/>
<Loc EndOffset="21317" SrcFileId="15" StartOffset="21279"/>
<Loc EndOffset="21350" SrcFileId="15" StartOffset="21321"/>
<Loc EndOffset="21389" SrcFileId="15" StartOffset="21354"/>
<Loc EndOffset="21428" SrcFileId="15" StartOffset="21393"/>
<Loc EndOffset="21467" SrcFileId="15" StartOffset="21432"/>
<Loc EndOffset="21509" SrcFileId="15" StartOffset="21471"/>
<Loc EndOffset="21551" SrcFileId="15" StartOffset="21513"/>
</LocList>
<BasicStmnt CovItemId="S269" CovItemPrefix="devops.hw1.core.Tests.java" Intrnl_Id="1180">
<LocList>
<Loc EndOffset="20884" SrcFileId="15" StartOffset="20848"/>
</LocList>
</BasicStmnt>
<BasicStmnt CovItemId="S270" CovItemPrefix="devops.hw1.core.Tests.java" Intrnl_Id="1181">
<LocList>
<Loc EndOffset="20950" SrcFileId="15" StartOffset="20888"/>
</LocList>
</BasicStmnt>
<BasicStmnt CovItemId="S271" CovItemPrefix="devops.hw1.core.Tests.java" Intrnl_Id="1182">
<LocList>
<Loc EndOffset="20974" SrcFileId="15" StartOffset="20954"/>
</LocList>
</BasicStmnt>
<BasicStmnt CovItemId="S272" CovItemPrefix="devops.hw1.core.Tests.java" Intrnl_Id="1183">
<LocList>
<Loc EndOffset="20998" SrcFileId="15" StartOffset="20978"/>
</LocList>
</BasicStmnt>
<BasicStmnt CovItemId="S273" CovItemPrefix="devops.hw1.core.Tests.java" Intrnl_Id="1184">
<LocList>
<Loc EndOffset="21021" SrcFileId="15" StartOffset="21002"/>
</LocList>
</BasicStmnt>
<BasicStmnt CovItemId="S274" CovItemPrefix="devops.hw1.core.Tests.java" Intrnl_Id="1185">
<LocList>
<Loc EndOffset="21045" SrcFileId="15" StartOffset="21025"/>
</LocList>
</BasicStmnt>
<BasicStmnt CovItemId="S275" CovItemPrefix="devops.hw1.core.Tests.java" Intrnl_Id="1186">
<LocList>
<Loc EndOffset="21116" SrcFileId="15" StartOffset="21049"/>
</LocList>
</BasicStmnt>
<BasicStmnt CovItemId="S276" CovItemPrefix="devops.hw1.core.Tests.java" Intrnl_Id="1187">
<LocList>
<Loc EndOffset="21155" SrcFileId="15" StartOffset="21120"/>
</LocList>
</BasicStmnt>
<BasicStmnt CovItemId="S277" CovItemPrefix="devops.hw1.core.Tests.java" Intrnl_Id="1188">
<LocList>
<Loc EndOffset="21194" SrcFileId="15" StartOffset="21159"/>
</LocList>
</BasicStmnt>
<BasicStmnt CovItemId="S278" CovItemPrefix="devops.hw1.core.Tests.java" Intrnl_Id="1189">
<LocList>
<Loc EndOffset="21233" SrcFileId="15" StartOffset="21198"/>
</LocList>
</BasicStmnt>
<BasicStmnt CovItemId="S279" CovItemPrefix="devops.hw1.core.Tests.java" Intrnl_Id="1190">
<LocList>
<Loc EndOffset="21275" SrcFileId="15" StartOffset="21237"/>
</LocList>
</BasicStmnt>
<BasicStmnt CovItemId="S280" CovItemPrefix="devops.hw1.core.Tests.java" Intrnl_Id="1191">
<LocList>
<Loc EndOffset="21317" SrcFileId="15" StartOffset="21279"/>
</LocList>
</BasicStmnt>
<BasicStmnt CovItemId="S281" CovItemPrefix="devops.hw1.core.Tests.java" Intrnl_Id="1192">
<LocList>
<Loc EndOffset="21350" SrcFileId="15" StartOffset="21321"/>
</LocList>
</BasicStmnt>
<BasicStmnt CovItemId="S282" CovItemPrefix="devops.hw1.core.Tests.java" Intrnl_Id="1193">
<LocList>
<Loc EndOffset="21389" SrcFileId="15" StartOffset="21354"/>
</LocList>
</BasicStmnt>
<BasicStmnt CovItemId="S283" CovItemPrefix="devops.hw1.core.Tests.java" Intrnl_Id="1194">
<LocList>
<Loc EndOffset="21428" SrcFileId="15" StartOffset="21393"/>
</LocList>
</BasicStmnt>
<BasicStmnt CovItemId="S284" CovItemPrefix="devops.hw1.core.Tests.java" Intrnl_Id="1195">
<LocList>
<Loc EndOffset="21467" SrcFileId="15" StartOffset="21432"/>
</LocList>
</BasicStmnt>
<BasicStmnt CovItemId="S285" CovItemPrefix="devops.hw1.core.Tests.java" Intrnl_Id="1196">
<LocList>
<Loc EndOffset="21509" SrcFileId="15" StartOffset="21471"/>
</LocList>
</BasicStmnt>
<BasicStmnt CovItemId="S286" CovItemPrefix="devops.hw1.core.Tests.java" Intrnl_Id="1197">
<LocList>
<Loc EndOffset="21551" SrcFileId="15" StartOffset="21513"/>
</LocList>
</BasicStmnt>
</StmntSeq>
</HierarchyLvl>
<HierarchyLvl HierarchyLvlId="338" HierarchyLvlTypeId="20" Intrnl_Id="1198" Name="testPlayingRealCardsWithRealEffects">
<Header>
<Loc EndOffset="21741" SrcFileId="15" StartOffset="21684"/>
</Header>
<LocList>
<Loc EndOffset="22573" SrcFileId="15" StartOffset="21684"/>
</LocList>
<StmntSeq Intrnl_Id="1199">
<LocList>
<Loc EndOffset="21807" SrcFileId="15" StartOffset="21771"/>
<Loc EndOffset="21860" SrcFileId="15" StartOffset="21811"/>
<Loc EndOffset="21938" SrcFileId="15" StartOffset="21900"/>
<Loc EndOffset="22000" SrcFileId="15" StartOffset="21978"/>
<Loc EndOffset="22026" SrcFileId="15" StartOffset="22004"/>
<Loc EndOffset="22569" SrcFileId="15" StartOffset="22030"/>
</LocList>
<BasicStmnt CovItemId="S287" CovItemPrefix="devops.hw1.core.Tests.java" Intrnl_Id="1200">
<LocList>
<Loc EndOffset="21807" SrcFileId="15" StartOffset="21771"/>
</LocList>
</BasicStmnt>
<BasicStmnt CovItemId="S288" CovItemPrefix="devops.hw1.core.Tests.java" Intrnl_Id="1201">
<LocList>
<Loc EndOffset="21860" SrcFileId="15" StartOffset="21811"/>
</LocList>
</BasicStmnt>
<BasicStmnt CovItemId="S289" CovItemPrefix="devops.hw1.core.Tests.java" Intrnl_Id="1202">
<LocList>
<Loc EndOffset="21938" SrcFileId="15" StartOffset="21900"/>
</LocList>
</BasicStmnt>
<BasicStmnt CovItemId="S290" CovItemPrefix="devops.hw1.core.Tests.java" Intrnl_Id="1203">
<LocList>
<Loc EndOffset="22000" SrcFileId="15" StartOffset="21978"/>
</LocList>
</BasicStmnt>
<BasicStmnt CovItemId="S291" CovItemPrefix="devops.hw1.core.Tests.java" Intrnl_Id="1204">
<LocList>
<Loc EndOffset="22026" SrcFileId="15" StartOffset="22004"/>
</LocList>
</BasicStmnt>
<LoopStmnt CovItemId="S292" CovItemPrefix="devops.hw1.core.Tests.java" Intrnl_Id="1205" MltplExecId="L2-2" MltplExecPrefix="devops.hw1.core.Tests.java" NvrExecId="L2-0" NvrExecPrefix="devops.hw1.core.Tests.java" OnceExecutedId="L2-1" OnceExecutedPrefix="devops.hw1.core.Tests.java" OptBodyExec="true">
<StmntSeq Intrnl_Id="1206">
<LocList>
<Loc EndOffset="22135" SrcFileId="15" StartOffset="22098"/>
<Loc EndOffset="22517" SrcFileId="15" StartOffset="22186"/>
<Loc EndOffset="22564" SrcFileId="15" StartOffset="22522"/>
</LocList>
<BasicStmnt CovItemId="S293" CovItemPrefix="devops.hw1.core.Tests.java" Intrnl_Id="1207">
<LocList>
<Loc EndOffset="22135" SrcFileId="15" StartOffset="22098"/>
</LocList>
</BasicStmnt>
<CondStmnt CovItemId="S294" CovItemPrefix="devops.hw1.core.Tests.java" Intrnl_Id="1208">
<Branch CovItemId="B1" CovItemPrefix="devops.hw1.core.Tests.java" Implct="false" Intrnl_Id="1209">
<Cond/>
<LocList>
<Loc EndOffset="22337" SrcFileId="15" StartOffset="22227"/>
</LocList>
<StmntSeq Intrnl_Id="1210">
<LocList>
<Loc EndOffset="22250" SrcFileId="15" StartOffset="22234"/>
<Loc EndOffset="22278" SrcFileId="15" StartOffset="22256"/>
<Loc EndOffset="22331" SrcFileId="15" StartOffset="22284"/>
</LocList>
<BasicStmnt CovItemId="S295" CovItemPrefix="devops.hw1.core.Tests.java" Intrnl_Id="1211">
<LocList>
<Loc EndOffset="22250" SrcFileId="15" StartOffset="22234"/>
</LocList>
</BasicStmnt>
<BasicStmnt CovItemId="S296" CovItemPrefix="devops.hw1.core.Tests.java" Intrnl_Id="1212">
<LocList>
<Loc EndOffset="22278" SrcFileId="15" StartOffset="22256"/>
</LocList>
</BasicStmnt>
<BasicStmnt CovItemId="S297" CovItemPrefix="devops.hw1.core.Tests.java" Intrnl_Id="1213">
<LocList>
<Loc EndOffset="22331" SrcFileId="15" StartOffset="22284"/>
</LocList>
</BasicStmnt>
</StmntSeq>
</Branch>
<Branch CovItemId="B2" CovItemPrefix="devops.hw1.core.Tests.java" Implct="false" Intrnl_Id="1214">
<Cond>
<Loc EndOffset="22342" SrcFileId="15" StartOffset="22338"/>
</Cond>
<LocList>
<Loc EndOffset="22517" SrcFileId="15" StartOffset="22343"/>
</LocList>
<StmntSeq Intrnl_Id="1215">
<LocList>
<Loc EndOffset="22517" SrcFileId="15" StartOffset="22343"/>
</LocList>
<CondStmnt CovItemId="S298" CovItemPrefix="devops.hw1.core.Tests.java" Intrnl_Id="1216">
<Branch CovItemId="B3" CovItemPrefix="devops.hw1.core.Tests.java" Implct="false" Intrnl_Id="1217">
<Cond/>
<LocList>
<Loc EndOffset="22491" SrcFileId="15" StartOffset="22381"/>
</LocList>
<StmntSeq Intrnl_Id="1218">
<LocList>
<Loc EndOffset="22404" SrcFileId="15" StartOffset="22388"/>
<Loc EndOffset="22432" SrcFileId="15" StartOffset="22410"/>
<Loc EndOffset="22485" SrcFileId="15" StartOffset="22438"/>
</LocList>
<BasicStmnt CovItemId="S299" CovItemPrefix="devops.hw1.core.Tests.java" Intrnl_Id="1219">
<LocList>
<Loc EndOffset="22404" SrcFileId="15" StartOffset="22388"/>
</LocList>
</BasicStmnt>
<BasicStmnt CovItemId="S300" CovItemPrefix="devops.hw1.core.Tests.java" Intrnl_Id="1220">
<LocList>
<Loc EndOffset="22432" SrcFileId="15" StartOffset="22410"/>
</LocList>
</BasicStmnt>
<BasicStmnt CovItemId="S301" CovItemPrefix="devops.hw1.core.Tests.java" Intrnl_Id="1221">
<LocList>
<Loc EndOffset="22485" SrcFileId="15" StartOffset="22438"/>
</LocList>
</BasicStmnt>
</StmntSeq>
</Branch>
<Branch CovItemId="B4" CovItemPrefix="devops.hw1.core.Tests.java" Implct="false" Intrnl_Id="1222">
<Cond>
<Loc EndOffset="22496" SrcFileId="15" StartOffset="22492"/>
</Cond>
<LocList>
<Loc EndOffset="22517" SrcFileId="15" StartOffset="22497"/>
</LocList>
<StmntSeq Intrnl_Id="1223">
<LocList>
<Loc EndOffset="22511" SrcFileId="15" StartOffset="22504"/>
</LocList>
<BasicStmnt CovItemId="S302" CovItemPrefix="devops.hw1.core.Tests.java" Intrnl_Id="1224">
<LocList>
<Loc EndOffset="22511" SrcFileId="15" StartOffset="22504"/>
</LocList>
</BasicStmnt>
</StmntSeq>
</Branch>
<Keyword EndOffset="22345" SrcFileId="15" StartOffset="22343"/>
<LocList>
<Loc EndOffset="22517" SrcFileId="15" StartOffset="22343"/>
</LocList>
<RootTerm CovItemId="C4" CovItemPrefix="devops.hw1.core.Tests.java" Intrnl_Id="1225">
<BasicBoolTerm Intrnl_Id="1226">
<LocList>
<Loc EndOffset="22379" SrcFileId="15" StartOffset="22347"/>
</LocList>
</BasicBoolTerm>
</RootTerm>
</CondStmnt>
</StmntSeq>
</Branch>
<Keyword EndOffset="22188" SrcFileId="15" StartOffset="22186"/>
<LocList>
<Loc EndOffset="22517" SrcFileId="15" StartOffset="22186"/>
</LocList>
<RootTerm CovItemId="C3" CovItemPrefix="devops.hw1.core.Tests.java" Intrnl_Id="1227">
<BasicBoolTerm Intrnl_Id="1228">
<LocList>
<Loc EndOffset="22225" SrcFileId="15" StartOffset="22190"/>
</LocList>
</BasicBoolTerm>
</RootTerm>
</CondStmnt>
<BasicStmnt CovItemId="S303" CovItemPrefix="devops.hw1.core.Tests.java" Intrnl_Id="1229">
<LocList>
<Loc EndOffset="22564" SrcFileId="15" StartOffset="22522"/>
</LocList>
</BasicStmnt>
</StmntSeq>
<Keyword EndOffset="22033" SrcFileId="15" StartOffset="22030"/>
<LocList>
<Loc EndOffset="22569" SrcFileId="15" StartOffset="22030"/>
</LocList>
<RootTerm CovItemId="C2" CovItemPrefix="devops.hw1.core.Tests.java" Intrnl_Id="1230">
<BasicBoolTerm Intrnl_Id="1231">
<LocList>
<Loc EndOffset="22051" SrcFileId="15" StartOffset="22046"/>
</LocList>
</BasicBoolTerm>
</RootTerm>
</LoopStmnt>
</StmntSeq>
</HierarchyLvl>
<HierarchyLvl HierarchyLvlId="339" HierarchyLvlTypeId="20" Intrnl_Id="1232" Name="testDrawingCardsWithZeroCardsInDeck">
<Header>
<Loc EndOffset="22872" SrcFileId="15" StartOffset="22815"/>
</Header>
<LocList>
<Loc EndOffset="23349" SrcFileId="15" StartOffset="22815"/>
</LocList>
<StmntSeq Intrnl_Id="1233">
<LocList>
<Loc EndOffset="22914" SrcFileId="15" StartOffset="22878"/>
<Loc EndOffset="22937" SrcFileId="15" StartOffset="22918"/>
<Loc EndOffset="22980" SrcFileId="15" StartOffset="22941"/>
<Loc EndOffset="23023" SrcFileId="15" StartOffset="22984"/>
<Loc EndOffset="23107" SrcFileId="15" StartOffset="23027"/>
<Loc EndOffset="23152" SrcFileId="15" StartOffset="23111"/>
<Loc EndOffset="23194" SrcFileId="15" StartOffset="23156"/>
<Loc EndOffset="23216" SrcFileId="15" StartOffset="23198"/>
<Loc EndOffset="23261" SrcFileId="15" StartOffset="23220"/>
<Loc EndOffset="23303" SrcFileId="15" StartOffset="23265"/>
<Loc EndOffset="23345" SrcFileId="15" StartOffset="23307"/>
</LocList>
<BasicStmnt CovItemId="S304" CovItemPrefix="devops.hw1.core.Tests.java" Intrnl_Id="1234">
<LocList>
<Loc EndOffset="22914" SrcFileId="15" StartOffset="22878"/>
</LocList>
</BasicStmnt>
<BasicStmnt CovItemId="S305" CovItemPrefix="devops.hw1.core.Tests.java" Intrnl_Id="1235">
<LocList>
<Loc EndOffset="22937" SrcFileId="15" StartOffset="22918"/>
</LocList>
</BasicStmnt>
<BasicStmnt CovItemId="S306" CovItemPrefix="devops.hw1.core.Tests.java" Intrnl_Id="1236">
<LocList>
<Loc EndOffset="22980" SrcFileId="15" StartOffset="22941"/>
</LocList>
</BasicStmnt>
<BasicStmnt CovItemId="S307" CovItemPrefix="devops.hw1.core.Tests.java" Intrnl_Id="1237">
<LocList>
<Loc EndOffset="23023" SrcFileId="15" StartOffset="22984"/>
</LocList>
</BasicStmnt>
<LoopStmnt CovItemId="S308" CovItemPrefix="devops.hw1.core.Tests.java" Intrnl_Id="1238" MltplExecId="L3-2" MltplExecPrefix="devops.hw1.core.Tests.java" NvrExecId="L3-0" NvrExecPrefix="devops.hw1.core.Tests.java" OnceExecutedId="L3-1" OnceExecutedPrefix="devops.hw1.core.Tests.java" OptBodyExec="true">
<StmntSeq Intrnl_Id="1239">
<LocList>
<Loc EndOffset="23102" SrcFileId="15" StartOffset="23061"/>
</LocList>
<BasicStmnt CovItemId="S309" CovItemPrefix="devops.hw1.core.Tests.java" Intrnl_Id="1240">
<LocList>
<Loc EndOffset="23102" SrcFileId="15" StartOffset="23061"/>
</LocList>
</BasicStmnt>
</StmntSeq>
<Keyword EndOffset="23030" SrcFileId="15" StartOffset="23027"/>
<LocList>
<Loc EndOffset="23107" SrcFileId="15" StartOffset="23027"/>
</LocList>
<RootTerm CovItemId="C5" CovItemPrefix="devops.hw1.core.Tests.java" Intrnl_Id="1241">
<BasicBoolTerm Intrnl_Id="1242">
<LocList>
<Loc EndOffset="23048" SrcFileId="15" StartOffset="23043"/>
</LocList>
</BasicBoolTerm>
</RootTerm>
</LoopStmnt>
<BasicStmnt CovItemId="S310" CovItemPrefix="devops.hw1.core.Tests.java" Intrnl_Id="1243">
<LocList>
<Loc EndOffset="23152" SrcFileId="15" StartOffset="23111"/>
</LocList>
</BasicStmnt>
<BasicStmnt CovItemId="S311" CovItemPrefix="devops.hw1.core.Tests.java" Intrnl_Id="1244">
<LocList>
<Loc EndOffset="23194" SrcFileId="15" StartOffset="23156"/>
</LocList>
</BasicStmnt>
<BasicStmnt CovItemId="S312" CovItemPrefix="devops.hw1.core.Tests.java" Intrnl_Id="1245">
<LocList>
<Loc EndOffset="23216" SrcFileId="15" StartOffset="23198"/>
</LocList>
</BasicStmnt>
<BasicStmnt CovItemId="S313" CovItemPrefix="devops.hw1.core.Tests.java" Intrnl_Id="1246">
<LocList>
<Loc EndOffset="23261" SrcFileId="15" StartOffset="23220"/>
</LocList>
</BasicStmnt>
<BasicStmnt CovItemId="S314" CovItemPrefix="devops.hw1.core.Tests.java" Intrnl_Id="1247">
<LocList>
<Loc EndOffset="23303" SrcFileId="15" StartOffset="23265"/>
</LocList>
</BasicStmnt>
<BasicStmnt CovItemId="S315" CovItemPrefix="devops.hw1.core.Tests.java" Intrnl_Id="1248">
<LocList>
<Loc EndOffset="23345" SrcFileId="15" StartOffset="23307"/>
</LocList>
</BasicStmnt>
</StmntSeq>
</HierarchyLvl>
<HierarchyLvl HierarchyLvlId="340" HierarchyLvlTypeId="20" Intrnl_Id="1249" Name="testGetCen">
<Header>
<Loc EndOffset="23480" SrcFileId="15" StartOffset="23448"/>
</Header>
<LocList>
<Loc EndOffset="23561" SrcFileId="15" StartOffset="23448"/>
</LocList>
<StmntSeq Intrnl_Id="1250">
<LocList>
<Loc EndOffset="23512" SrcFileId="15" StartOffset="23486"/>
<Loc EndOffset="23557" SrcFileId="15" StartOffset="23516"/>
</LocList>
<BasicStmnt CovItemId="S316" CovItemPrefix="devops.hw1.core.Tests.java" Intrnl_Id="1251">
<LocList>
<Loc EndOffset="23512" SrcFileId="15" StartOffset="23486"/>
</LocList>
</BasicStmnt>
<BasicStmnt CovItemId="S317" CovItemPrefix="devops.hw1.core.Tests.java" Intrnl_Id="1252">
<LocList>
<Loc EndOffset="23557" SrcFileId="15" StartOffset="23516"/>
</LocList>
</BasicStmnt>
</StmntSeq>
</HierarchyLvl>
<HierarchyLvl HierarchyLvlId="341" HierarchyLvlTypeId="20" Intrnl_Id="1253" Name="testMonster">
<Header>
<Loc EndOffset="23640" SrcFileId="15" StartOffset="23607"/>
</Header>
<LocList>
<Loc EndOffset="23846" SrcFileId="15" StartOffset="23607"/>
</LocList>
<StmntSeq Intrnl_Id="1254">
<LocList>
<Loc EndOffset="23707" SrcFileId="15" StartOffset="23645"/>
<Loc EndOffset="23730" SrcFileId="15" StartOffset="23711"/>
<Loc EndOffset="23804" SrcFileId="15" StartOffset="23734"/>
<Loc EndOffset="23841" SrcFileId="15" StartOffset="23808"/>
</LocList>
<BasicStmnt CovItemId="S318" CovItemPrefix="devops.hw1.core.Tests.java" Intrnl_Id="1255">
<LocList>
<Loc EndOffset="23707" SrcFileId="15" StartOffset="23645"/>
</LocList>
</BasicStmnt>
<BasicStmnt CovItemId="S319" CovItemPrefix="devops.hw1.core.Tests.java" Intrnl_Id="1256">
<LocList>
<Loc EndOffset="23730" SrcFileId="15" StartOffset="23711"/>
</LocList>
</BasicStmnt>
<BasicStmnt CovItemId="S320" CovItemPrefix="devops.hw1.core.Tests.java" Intrnl_Id="1257">
<LocList>
<Loc EndOffset="23804" SrcFileId="15" StartOffset="23734"/>
</LocList>
</BasicStmnt>
<BasicStmnt CovItemId="S321" CovItemPrefix="devops.hw1.core.Tests.java" Intrnl_Id="1258">
<LocList>
<Loc EndOffset="23841" SrcFileId="15" StartOffset="23808"/>
</LocList>
</BasicStmnt>
</StmntSeq>
</HierarchyLvl>
<HierarchyLvl HierarchyLvlId="342" HierarchyLvlTypeId="20" Intrnl_Id="1259" Name="testSendToVoid">
<Header>
<Loc EndOffset="23963" SrcFileId="15" StartOffset="23927"/>
</Header>
<LocList>
<Loc EndOffset="24131" SrcFileId="15" StartOffset="23927"/>
</LocList>
<StmntSeq Intrnl_Id="1260">
<LocList>
<Loc EndOffset="23990" SrcFileId="15" StartOffset="23968"/>
<Loc EndOffset="24024" SrcFileId="15" StartOffset="23994"/>
<Loc EndOffset="24062" SrcFileId="15" StartOffset="24028"/>
<Loc EndOffset="24085" SrcFileId="15" StartOffset="24066"/>
<Loc EndOffset="24123" SrcFileId="15" StartOffset="24089"/>
</LocList>
<BasicStmnt CovItemId="S322" CovItemPrefix="devops.hw1.core.Tests.java" Intrnl_Id="1261">
<LocList>
<Loc EndOffset="23990" SrcFileId="15" StartOffset="23968"/>
</LocList>
</BasicStmnt>
<BasicStmnt CovItemId="S323" CovItemPrefix="devops.hw1.core.Tests.java" Intrnl_Id="1262">
<LocList>
<Loc EndOffset="24024" SrcFileId="15" StartOffset="23994"/>
</LocList>
</BasicStmnt>
<BasicStmnt CovItemId="S324" CovItemPrefix="devops.hw1.core.Tests.java" Intrnl_Id="1263">
<LocList>
<Loc EndOffset="24062" SrcFileId="15" StartOffset="24028"/>
</LocList>
</BasicStmnt>
<BasicStmnt CovItemId="S325" CovItemPrefix="devops.hw1.core.Tests.java" Intrnl_Id="1264">
<LocList>
<Loc EndOffset="24085" SrcFileId="15" StartOffset="24066"/>
</LocList>
</BasicStmnt>
<BasicStmnt CovItemId="S326" CovItemPrefix="devops.hw1.core.Tests.java" Intrnl_Id="1265">
<LocList>
<Loc EndOffset="24123" SrcFileId="15" StartOffset="24089"/>
</LocList>
</BasicStmnt>
</StmntSeq>
</HierarchyLvl>
<HierarchyLvl HierarchyLvlId="343" HierarchyLvlTypeId="20" Intrnl_Id="1266" Name="testAttackCard">
<Header>
<Loc EndOffset="24264" SrcFileId="15" StartOffset="24198"/>
</Header>
<LocList>
<Loc EndOffset="24638" SrcFileId="15" StartOffset="24198"/>
</LocList>
<StmntSeq Intrnl_Id="1267">
<LocList>
<Loc EndOffset="24300" SrcFileId="15" StartOffset="24269"/>
<Loc EndOffset="24353" SrcFileId="15" StartOffset="24304"/>
<Loc EndOffset="24405" SrcFileId="15" StartOffset="24357"/>
<Loc EndOffset="24462" SrcFileId="15" StartOffset="24409"/>
<Loc EndOffset="24497" SrcFileId="15" StartOffset="24466"/>
<Loc EndOffset="24538" SrcFileId="15" StartOffset="24501"/>
<Loc EndOffset="24556" SrcFileId="15" StartOffset="24542"/>
<Loc EndOffset="24594" SrcFileId="15" StartOffset="24560"/>
<Loc EndOffset="24634" SrcFileId="15" StartOffset="24598"/>
</LocList>
<BasicStmnt CovItemId="S327" CovItemPrefix="devops.hw1.core.Tests.java" Intrnl_Id="1268">
<LocList>
<Loc EndOffset="24300" SrcFileId="15" StartOffset="24269"/>
</LocList>
</BasicStmnt>
<BasicStmnt CovItemId="S328" CovItemPrefix="devops.hw1.core.Tests.java" Intrnl_Id="1269">
<LocList>
<Loc EndOffset="24353" SrcFileId="15" StartOffset="24304"/>
</LocList>
</BasicStmnt>
<BasicStmnt CovItemId="S329" CovItemPrefix="devops.hw1.core.Tests.java" Intrnl_Id="1270">
<LocList>
<Loc EndOffset="24405" SrcFileId="15" StartOffset="24357"/>
</LocList>
</BasicStmnt>
<BasicStmnt CovItemId="S330" CovItemPrefix="devops.hw1.core.Tests.java" Intrnl_Id="1271">
<LocList>
<Loc EndOffset="24462" SrcFileId="15" StartOffset="24409"/>
</LocList>
</BasicStmnt>
<BasicStmnt CovItemId="S331" CovItemPrefix="devops.hw1.core.Tests.java" Intrnl_Id="1272">
<LocList>
<Loc EndOffset="24497" SrcFileId="15" StartOffset="24466"/>
</LocList>
</BasicStmnt>
<BasicStmnt CovItemId="S332" CovItemPrefix="devops.hw1.core.Tests.java" Intrnl_Id="1273">
<LocList>
<Loc EndOffset="24538" SrcFileId="15" StartOffset="24501"/>
</LocList>
</BasicStmnt>
<BasicStmnt CovItemId="S333" CovItemPrefix="devops.hw1.core.Tests.java" Intrnl_Id="1274">
<LocList>
<Loc EndOffset="24556" SrcFileId="15" StartOffset="24542"/>
</LocList>
</BasicStmnt>
<BasicStmnt CovItemId="S334" CovItemPrefix="devops.hw1.core.Tests.java" Intrnl_Id="1275">
<LocList>
<Loc EndOffset="24594" SrcFileId="15" StartOffset="24560"/>
</LocList>
</BasicStmnt>
<BasicStmnt CovItemId="S335" CovItemPrefix="devops.hw1.core.Tests.java" Intrnl_Id="1276">
<LocList>
<Loc EndOffset="24634" SrcFileId="15" StartOffset="24598"/>
</LocList>
</BasicStmnt>
</StmntSeq>
</HierarchyLvl>
<HierarchyLvl HierarchyLvlId="344" HierarchyLvlTypeId="20" Intrnl_Id="1277" Name="testEndTurnWithEmptyHand">
<Header>
<Loc EndOffset="24755" SrcFileId="15" StartOffset="24709"/>
</Header>
<LocList>
<Loc EndOffset="24953" SrcFileId="15" StartOffset="24709"/>
</LocList>
<StmntSeq Intrnl_Id="1278">
<LocList>
<Loc EndOffset="24791" SrcFileId="15" StartOffset="24760"/>
<Loc EndOffset="24807" SrcFileId="15" StartOffset="24795"/>
<Loc EndOffset="24841" SrcFileId="15" StartOffset="24811"/>
<Loc EndOffset="24875" SrcFileId="15" StartOffset="24845"/>
<Loc EndOffset="24909" SrcFileId="15" StartOffset="24879"/>
<Loc EndOffset="24946" SrcFileId="15" StartOffset="24913"/>
</LocList>
<BasicStmnt CovItemId="S336" CovItemPrefix="devops.hw1.core.Tests.java" Intrnl_Id="1279">
<LocList>
<Loc EndOffset="24791" SrcFileId="15" StartOffset="24760"/>
</LocList>
</BasicStmnt>
<BasicStmnt CovItemId="S337" CovItemPrefix="devops.hw1.core.Tests.java" Intrnl_Id="1280">
<LocList>
<Loc EndOffset="24807" SrcFileId="15" StartOffset="24795"/>
</LocList>
</BasicStmnt>
<BasicStmnt CovItemId="S338" CovItemPrefix="devops.hw1.core.Tests.java" Intrnl_Id="1281">
<LocList>
<Loc EndOffset="24841" SrcFileId="15" StartOffset="24811"/>
</LocList>
</BasicStmnt>
<BasicStmnt CovItemId="S339" CovItemPrefix="devops.hw1.core.Tests.java" Intrnl_Id="1282">
<LocList>
<Loc EndOffset="24875" SrcFileId="15" StartOffset="24845"/>
</LocList>
</BasicStmnt>
<BasicStmnt CovItemId="S340" CovItemPrefix="devops.hw1.core.Tests.java" Intrnl_Id="1283">
<LocList>
<Loc EndOffset="24909" SrcFileId="15" StartOffset="24879"/>
</LocList>
</BasicStmnt>
<BasicStmnt CovItemId="S341" CovItemPrefix="devops.hw1.core.Tests.java" Intrnl_Id="1284">
<LocList>
<Loc EndOffset="24946" SrcFileId="15" StartOffset="24913"/>
</LocList>
</BasicStmnt>
</StmntSeq>
</HierarchyLvl>
</HierarchyLvl>
</HierarchyLvl>
</HierarchyLvl>
</HierarchyLvl>
</HierarchyLvl>
</MASTRoot>
</TestSessionContainer>
