<?xml version="1.0" encoding="UTF-8"?><TestSessionContainer xmlns="http://www.codecover.org/xml/testsession-container" Date="1461893492844" TestSessionContainerId="4d486077-b656-4170-b53d-a87016c66c7b" version="1.0">
<SrcFileList>
<SrcFile Content="/**&#13;&#10; * &#13;&#10; */&#13;&#10;package devops.hw1.core;&#13;&#10;&#13;&#10;import java.io.IOException;&#13;&#10;import java.util.ArrayList;&#13;&#10;import java.util.Collections;&#13;&#10;import java.util.HashMap;&#13;&#10;import java.util.LinkedList;&#13;&#10;import java.util.Queue;&#13;&#10;&#13;&#10;/**&#13;&#10; * @author fenogljc&#13;&#10; *&#13;&#10; */&#13;&#10;public class Player {&#13;&#10;&#13;&#10;&#9;private int runes;&#13;&#10;&#9;private int power;&#13;&#10;&#9;private int honor;&#13;&#10;&#9;private ArrayList&lt;ACard&gt; discardPile;&#13;&#10;&#9;private ArrayList&lt;ACard&gt; playerHand;&#13;&#10;&#9;private LinkedList&lt;ACard&gt; playerDeck;&#13;&#10;&#13;&#10;&#9;/**&#13;&#10;&#9; * The constructor creates a player with a hand of five cards and a deck of&#13;&#10;&#9; * five cards.&#13;&#10;&#9; */&#13;&#10;&#13;&#10;&#9;private Player() {&#13;&#10;&#9;&#9;try {&#13;&#10;&#9;&#9;&#9;new CardCollection();&#13;&#10;&#9;&#9;} catch (IOException e) {&#13;&#10;&#9;&#9;&#9;System.out.println(&quot;Could not find file&quot;);&#13;&#10;&#9;&#9;}&#13;&#10;&#9;&#9;this.discardPile = new ArrayList&lt;ACard&gt;();&#13;&#10;&#9;&#9;this.playerHand = new ArrayList&lt;ACard&gt;();&#13;&#10;&#9;&#9;this.playerDeck = new LinkedList&lt;ACard&gt;();&#13;&#10;&#9;&#9;this.initialiseDeck();&#13;&#10;&#9;&#9;Collections.shuffle(this.playerDeck);&#13;&#10;&#9;&#9;this.drawCard(5);&#13;&#10;&#9;}&#13;&#10;&#13;&#10;&#9;/**&#13;&#10;&#9; * &#13;&#10;&#9; */&#13;&#10;&#9;public void initialiseDeck() {&#13;&#10;&#9;&#9;for (int i = 0; i &lt; 8; i++) {&#13;&#10;&#9;&#9;&#9;this.addCardToDeck(CardCollection.apprentice);&#13;&#10;&#9;&#9;}&#13;&#10;&#9;&#9;for (int j = 0; j &lt; 2; j++) {&#13;&#10;&#9;&#9;&#9;this.addCardToDeck(CardCollection.militia);&#13;&#10;&#9;&#9;}&#13;&#10;&#9;}&#13;&#10;&#13;&#10;&#9;/**&#13;&#10;&#9; * &#13;&#10;&#9; * Puts all of the players cards into the discard pile and draws 5 pcards&#13;&#10;&#9; * for a new hand&#13;&#10;&#9; *&#13;&#10;&#9; */&#13;&#10;&#9;public void endTurn() {&#13;&#10;&#9;&#9;this.discardPile.addAll(this.getHand());&#13;&#10;&#9;&#9;this.getHand().clear();&#13;&#10;&#9;&#9;this.setRunes(0);&#13;&#10;&#9;&#9;this.addPower(0 - this.power);&#13;&#10;&#9;&#9;this.drawCard(5);&#13;&#10;&#9;}&#13;&#10;&#13;&#10;&#9;/**&#13;&#10;&#9; * This constructs and returns a player.&#13;&#10;&#9; * &#13;&#10;&#9; * @return&#13;&#10;&#9; */&#13;&#10;&#9;public static Player makePlayer() {&#13;&#10;&#9;&#9;Player newPlayer = new Player();&#13;&#10;&#9;&#9;return newPlayer;&#13;&#10;&#9;}&#13;&#10;&#13;&#10;&#9;/**&#13;&#10;&#9; * This adds the given integer amount of runes to the players current total.&#13;&#10;&#9; * &#13;&#10;&#9; * @param i&#13;&#10;&#9; */&#13;&#10;&#9;public void addRunes(int i) {&#13;&#10;&#9;&#9;this.setRunes((i + this.getRunes() &gt; 0) ? this.getRunes() + i : 0);&#13;&#10;&#9;}&#13;&#10;&#13;&#10;&#9;/**&#13;&#10;&#9; * This returns the amount of runes the player currently has.&#13;&#10;&#9; * &#13;&#10;&#9; * @return the runes&#13;&#10;&#9; */&#13;&#10;&#9;public int getRunes() {&#13;&#10;&#9;&#9;return this.runes;&#13;&#10;&#9;}&#13;&#10;&#13;&#10;&#9;/**&#13;&#10;&#9; * Sets the amount of runs the player has to the given integer value.&#13;&#10;&#9; * &#13;&#10;&#9; * @param runes&#13;&#10;&#9; *            the runes to set&#13;&#10;&#9; */&#13;&#10;&#9;public void setRunes(int runes) {&#13;&#10;&#9;&#9;this.runes = runes;&#13;&#10;&#9;}&#13;&#10;&#13;&#10;&#9;/**&#13;&#10;&#9; * Returns the size of the player's discard pile.&#13;&#10;&#9; * &#13;&#10;&#9; * @return&#13;&#10;&#9; */&#13;&#10;&#9;public int getDiscardSize() {&#13;&#10;&#9;&#9;return this.discardPile.size();&#13;&#10;&#9;}&#13;&#10;&#13;&#10;&#9;/**&#13;&#10;&#9; * This puts the card given into the discard pile.&#13;&#10;&#9; * &#13;&#10;&#9; * @param card&#13;&#10;&#9; */&#13;&#10;&#9;public void discard(ACard card) {&#13;&#10;&#9;&#9;if (card == null) {&#13;&#10;&#9;&#9;&#9;System.out.println(&quot;attempted to discard null card&quot;);&#13;&#10;&#9;&#9;&#9;return;&#13;&#10;&#9;&#9;}&#13;&#10;&#9;&#9;this.discardPile.add(card);&#13;&#10;&#9;}&#13;&#10;&#13;&#10;&#9;/**&#13;&#10;&#9; * Returns the player's discard pile.&#13;&#10;&#9; * &#13;&#10;&#9; * @return&#13;&#10;&#9; */&#13;&#10;&#9;public ArrayList&lt;ACard&gt; getDiscardPile() {&#13;&#10;&#9;&#9;return this.discardPile;&#13;&#10;&#9;}&#13;&#10;&#13;&#10;&#9;/**&#13;&#10;&#9; * Places the given card into the player's discard pile as well as well as&#13;&#10;&#9; * subtracts the amount of runes the player has available. If you do not&#13;&#10;&#9; * have enough runes, this returns false, otherwise true.&#13;&#10;&#9; * &#13;&#10;&#9; * @param card&#13;&#10;&#9; * @return&#13;&#10;&#9; */&#13;&#10;&#9;public boolean buyCard(ACard card) {&#13;&#10;&#9;&#9;if (card != null &amp;&amp; card.getCost() &lt;= this.runes) {&#13;&#10;&#9;&#9;&#9;this.setRunes(this.runes - card.getCost());&#13;&#10;&#9;&#9;&#9;this.discard(card);&#13;&#10;&#9;&#9;&#9;return true;&#13;&#10;&#9;&#9;}&#13;&#10;&#9;&#9;return false;&#13;&#10;&#9;}&#13;&#10;&#13;&#10;&#9;/**&#13;&#10;&#9; * Attack card will take a card and the board. If the player has enough&#13;&#10;&#9; * power it will place the card in the void discard pile&#13;&#10;&#9; * &#13;&#10;&#9; * @param card&#13;&#10;&#9; *            to be attacked&#13;&#10;&#9; * @return true if attacked and sent to void and false otherwise&#13;&#10;&#9; */&#13;&#10;&#13;&#10;&#9;public boolean attackCard(ACard card, Board board) {&#13;&#10;&#9;&#9;if (card != null &amp;&amp; card.getStrength() &lt;= this.power) {&#13;&#10;&#9;&#9;&#9;this.addPower(0 - card.getStrength());&#13;&#10;&#9;&#9;&#9;board.sendToVoid(card);&#13;&#10;&#9;&#9;&#9;return true;&#13;&#10;&#9;&#9;}&#13;&#10;&#9;&#9;return false;&#13;&#10;&#9;}&#13;&#10;&#13;&#10;&#9;/**&#13;&#10;&#9; * &#13;&#10;&#9; * Returns the size of the player hand&#13;&#10;&#9; *&#13;&#10;&#9; * @return the size of the player hand&#13;&#10;&#9; */&#13;&#10;&#9;public int getHandSize() {&#13;&#10;&#9;&#9;return this.playerHand.size();&#13;&#10;&#9;}&#13;&#10;&#13;&#10;&#9;/**&#13;&#10;&#9; * &#13;&#10;&#9; * Draws a card from the player deck and adds it to the player hand&#13;&#10;&#9; *&#13;&#10;&#9; */&#13;&#10;&#9;public void drawCard() {&#13;&#10;&#9;&#9;if (this.playerDeck.isEmpty()) {&#13;&#10;&#9;&#9;&#9;this.playerDeck.addAll(this.discardPile);&#13;&#10;&#9;&#9;&#9;this.discardPile.clear();&#13;&#10;&#9;&#9;&#9;Collections.shuffle(this.playerDeck);&#13;&#10;&#9;&#9;}&#13;&#10;&#9;&#9;ACard fromDeck = this.playerDeck.remove();&#13;&#10;&#9;&#9;this.playerHand.add(fromDeck);&#13;&#10;&#9;}&#13;&#10;&#13;&#10;&#9;/**&#13;&#10;&#9; * &#13;&#10;&#9; * Adds a card to the player's deck&#13;&#10;&#9; *&#13;&#10;&#9; * @param card&#13;&#10;&#9; *            to be added&#13;&#10;&#9; */&#13;&#10;&#9;public void addCardToDeck(ACard card) {&#13;&#10;&#13;&#10;&#9;&#9;if (card == null) {&#13;&#10;&#9;&#9;&#9;System.out.println(&quot;attempted to add a null card to deck&quot;);&#13;&#10;&#9;&#9;&#9;return;&#13;&#10;&#9;&#9;}&#13;&#10;&#13;&#10;&#9;&#9;this.playerDeck.add(card);&#13;&#10;&#9;}&#13;&#10;&#13;&#10;&#9;/**&#13;&#10;&#9; * Adds the given card to the player's hand&#13;&#10;&#9; * &#13;&#10;&#9; * @param card&#13;&#10;&#9; *            to be added&#13;&#10;&#9; */&#13;&#10;&#9;public void addCardToHand(ACard card) {&#13;&#10;&#13;&#10;&#9;&#9;if (card == null) {&#13;&#10;&#9;&#9;&#9;System.out.println(&quot;attempted to add a null card to hand&quot;);&#13;&#10;&#9;&#9;&#9;return;&#13;&#10;&#9;&#9;}&#13;&#10;&#9;&#9;this.playerHand.add(card);&#13;&#10;&#9;}&#13;&#10;&#13;&#10;&#9;/**&#13;&#10;&#9; * &#13;&#10;&#9; * Gets the current player hand&#13;&#10;&#9; *&#13;&#10;&#9; * @return the player hand&#13;&#10;&#9; */&#13;&#10;&#9;public ArrayList&lt;ACard&gt; getHand() {&#13;&#10;&#9;&#9;return this.playerHand;&#13;&#10;&#9;}&#13;&#10;&#13;&#10;&#9;/**&#13;&#10;&#9; * &#13;&#10;&#9; * Input check card in hand&#13;&#10;&#9; *&#13;&#10;&#9; * @param card&#13;&#10;&#9; */&#13;&#10;&#9;public void playCard(ACard card) {&#13;&#10;&#13;&#10;&#9;&#9;if (card == null) {&#13;&#10;&#9;&#9;&#9;System.out.println(&quot;attempted to play a null card&quot;);&#13;&#10;&#9;&#9;&#9;return;&#13;&#10;&#9;&#9;}&#13;&#10;&#9;&#9;this.playerHand.remove(card);&#13;&#10;&#9;&#9;this.applyEffects(card);&#13;&#10;&#9;&#9;this.discard(card);&#13;&#10;&#9;}&#13;&#10;&#13;&#10;&#9;/**&#13;&#10;&#9; * @param integer&#13;&#10;&#9; */&#13;&#10;&#9;public void drawCard(int cards) {&#13;&#10;&#9;&#9;for (int i = 0; i &lt; cards; i++) {&#13;&#10;&#9;&#9;&#9;this.drawCard();&#13;&#10;&#9;&#9;}&#13;&#10;&#9;}&#13;&#10;&#13;&#10;&#9;/**&#13;&#10;&#9; * @return the Player's Deck&#13;&#10;&#9; */&#13;&#10;&#9;public Queue&lt;ACard&gt; getDeck() {&#13;&#10;&#9;&#9;return this.playerDeck;&#13;&#10;&#9;}&#13;&#10;&#13;&#10;&#9;/**&#13;&#10;&#9; * @return the size of the Player's Deck for unit testing&#13;&#10;&#9; */&#13;&#10;&#9;public int getDeckSize() {&#13;&#10;&#9;&#9;return this.playerDeck.size();&#13;&#10;&#9;}&#13;&#10;&#13;&#10;&#9;/**&#13;&#10;&#9; * This method returns the amount of power the player currently has.&#13;&#10;&#9; * &#13;&#10;&#9; * @return how much power the player has&#13;&#10;&#9; */&#13;&#10;&#9;public int getPower() {&#13;&#10;&#9;&#9;return this.power;&#13;&#10;&#9;}&#13;&#10;&#13;&#10;&#9;/**&#13;&#10;&#9; * This method adds power to the total amount of power the player has.&#13;&#10;&#9; * &#13;&#10;&#9; * @param i&#13;&#10;&#9; */&#13;&#10;&#9;public void addPower(int i) {&#13;&#10;&#9;&#9;this.power += i;&#13;&#10;&#9;}&#13;&#10;&#13;&#10;&#9;/**&#13;&#10;&#9; * Applies the effects of the given card to the player.&#13;&#10;&#9; * &#13;&#10;&#9; * @param card&#13;&#10;&#9; */&#13;&#10;&#9;@SuppressWarnings(&quot;boxing&quot;)&#13;&#10;&#9;public void applyEffects(ACard card) {&#13;&#10;&#9;&#9;HashMap&lt;String, Integer&gt; map = card.getEffects();&#13;&#10;&#9;&#9;for (String k : map.keySet()) {&#13;&#10;&#9;&#9;&#9;switch (k) {&#13;&#10;&#9;&#9;&#9;case CardCollection.RUNES:&#13;&#10;&#9;&#9;&#9;&#9;this.addRunes(map.get(k));&#13;&#10;&#9;&#9;&#9;&#9;break;&#13;&#10;&#9;&#9;&#9;case CardCollection.POWER:&#13;&#10;&#9;&#9;&#9;&#9;this.addPower(map.get(k));&#13;&#10;&#9;&#9;&#9;&#9;break;&#13;&#10;&#9;&#9;&#9;case CardCollection.DRAW:&#13;&#10;&#9;&#9;&#9;&#9;this.drawCard(map.get(k));&#13;&#10;&#9;&#9;&#9;&#9;break;&#13;&#10;&#9;&#9;&#9;case CardCollection.HONOR:&#13;&#10;&#9;&#9;&#9;&#9;this.addHonor(map.get(k));&#13;&#10;&#9;&#9;&#9;&#9;break;&#13;&#10;&#9;&#9;&#9;}&#13;&#10;&#9;&#9;}&#13;&#10;&#9;}&#13;&#10;&#13;&#10;&#9;/**&#13;&#10;&#9; * This method returns the amount of honor the player has.&#13;&#10;&#9; * &#13;&#10;&#9; * @return amount of honor&#13;&#10;&#9; */&#13;&#10;&#9;public int getHonor() {&#13;&#10;&#9;&#9;return this.honor;&#13;&#10;&#9;}&#13;&#10;&#13;&#10;&#9;/**&#13;&#10;&#9; * This method adds the amount given to the total amount of honor that the&#13;&#10;&#9; * player has.&#13;&#10;&#9; * &#13;&#10;&#9; * @param i&#13;&#10;&#9; */&#13;&#10;&#9;public void addHonor(int i) {&#13;&#10;&#9;&#9;this.honor += i;&#13;&#10;&#9;}&#13;&#10;&#13;&#10;}&#13;&#10;" Filename="Player.java" Intrnl_Id="1"/>
<SrcFile Content="package devops.hw1.core;&#13;&#10;&#13;&#10;import java.awt.BorderLayout;&#13;&#10;&#13;&#10;import javax.swing.JFrame;&#13;&#10;&#13;&#10;/**&#13;&#10; * &#13;&#10; * Starts the GUI for Ascension&#13;&#10; *&#13;&#10; * @author heshelhj. Created Apr 22, 2016.&#13;&#10; */&#13;&#10;&#13;&#10;public class MainGUI {&#13;&#10;&#13;&#10;&#9;private static final int WIDTH = 1220;&#13;&#10;&#9;private static final int HEIGHT = 900;&#13;&#10;&#13;&#10;&#9;public static void main(String[] args) {&#13;&#10;&#9;&#9;Player player1 = Player.makePlayer();&#13;&#10;&#9;&#9;Board board = new Board();&#13;&#10;&#9;&#9;player1.addRunes(0);&#13;&#10;&#9;&#9;GameBoard ascension = new GameBoard(player1, board);&#13;&#10;&#9;&#9;JFrame frame = new JFrame(&quot;ASCENSION&quot;);&#13;&#10;&#9;&#9;frame.setSize(WIDTH, HEIGHT);&#13;&#10;&#13;&#10;&#9;&#9;ascension.addMouseListener(new CardListener(player1,&#13;&#10;&#9;&#9;&#9;&#9;ascension.playerList, ascension.centerList, board));&#13;&#10;&#13;&#10;&#9;&#9;frame.add(ascension, BorderLayout.CENTER);&#13;&#10;&#13;&#10;&#9;&#9;ascension.repaint();&#13;&#10;&#13;&#10;&#9;&#9;frame.setDefaultCloseOperation(JFrame.EXIT_ON_CLOSE);&#13;&#10;&#9;&#9;frame.setVisible(true);&#13;&#10;&#9;}&#13;&#10;}&#13;&#10;" Filename="MainGUI.java" Intrnl_Id="2"/>
<SrcFile Content="package devops.hw1.core;&#13;&#10;&#13;&#10;import java.awt.image.BufferedImage;&#13;&#10;import java.util.HashMap;&#13;&#10;&#13;&#10;public class HeroCard extends ACard {&#13;&#10;&#13;&#10;&#9;public HeroCard() {&#13;&#10;&#9;&#9;this.cost = 0;&#13;&#10;&#9;}&#13;&#10;&#13;&#10;&#9;public HeroCard(int i) {&#13;&#10;&#9;&#9;this.cost = i;&#13;&#10;&#9;}&#13;&#10;&#13;&#10;&#9;/**&#13;&#10;&#9; * Constructs a hero card that has the given information.&#13;&#10;&#9; * &#13;&#10;&#9; * @param image&#13;&#10;&#9; * @param name&#13;&#10;&#9; * @param faction&#13;&#10;&#9; * @param cost&#13;&#10;&#9; * @param honor&#13;&#10;&#9; * @param rarity&#13;&#10;&#9; * @param effects&#13;&#10;&#9; */&#13;&#10;&#9;public HeroCard(BufferedImage image, String name, String faction, int cost,&#13;&#10;&#9;&#9;&#9;int honor, int rarity, HashMap&lt;String, Integer&gt; effects) {&#13;&#10;&#9;&#9;this.image = image;&#13;&#10;&#9;&#9;this.name = name;&#13;&#10;&#9;&#9;this.faction = faction;&#13;&#10;&#9;&#9;this.cost = cost;&#13;&#10;&#9;&#9;this.honor = honor;&#13;&#10;&#9;&#9;this.rarity = rarity;&#13;&#10;&#9;&#9;this.effects = effects;&#13;&#10;&#9;}&#13;&#10;&#13;&#10;}&#13;&#10;" Filename="HeroCard.java" Intrnl_Id="3"/>
<SrcFile Content="package devops.hw1.core;&#13;&#10;&#13;&#10;import java.awt.BorderLayout;&#13;&#10;import java.awt.Font;&#13;&#10;import java.awt.Graphics;&#13;&#10;import java.awt.Graphics2D;&#13;&#10;import java.awt.GridLayout;&#13;&#10;import java.awt.Shape;&#13;&#10;import java.awt.event.ActionEvent;&#13;&#10;import java.awt.event.ActionListener;&#13;&#10;import java.awt.image.BufferedImage;&#13;&#10;import java.util.ArrayList;&#13;&#10;&#13;&#10;import javax.swing.JButton;&#13;&#10;import javax.swing.JLabel;&#13;&#10;import javax.swing.JPanel;&#13;&#10;import javax.swing.border.EmptyBorder;&#13;&#10;&#13;&#10;/**&#13;&#10; * The GUI for the Ascension Game Board.&#13;&#10; */&#13;&#10;@SuppressWarnings(&quot;serial&quot;)&#13;&#10;public class GameBoard extends JPanel {&#13;&#10;&#13;&#10;&#9;// same width &amp; height as the background image&#13;&#10;&#9;private static final int WIDTH = 1220;&#13;&#10;&#9;private static final int HEIGHT = 900;&#13;&#10;&#9;private static final Font LABEL_FONT = new Font(&quot;Serif&quot;, Font.BOLD, 18);&#13;&#10;&#13;&#10;&#9;// background may be made into a separate class or just left out entirely&#13;&#10;&#9;// private BufferedImage background; currently not used&#13;&#10;&#13;&#10;&#9;// labels that display&#13;&#10;&#9;public JLabel runesLabel = new JLabel(&quot;Runes: 0&quot;);&#13;&#10;&#9;public JLabel powerLabel = new JLabel(&quot;Power: 0&quot;);&#13;&#10;&#9;public JLabel deckLabel = new JLabel(&quot;Left in Deck: 5&quot;);&#13;&#10;&#9;public JLabel discard_pileLabel = new JLabel(&quot;Discard: 0&quot;);&#13;&#10;&#9;public JButton endTurnButton = new JButton(&quot;End Turn&quot;);&#13;&#10;&#13;&#10;&#9;// counters for keeping track of the various information, will be replaced&#13;&#10;&#9;// as project progresses&#13;&#10;&#9;public int runeCount;&#13;&#10;&#9;public int powerCount;&#13;&#10;&#9;public int deckCount;&#13;&#10;&#9;public int discardCount;&#13;&#10;&#9;public int honorCount;&#13;&#10;&#13;&#10;&#9;// tracking positions of cards based on rectangle objects drawn beneath them&#13;&#10;&#9;public ArrayList&lt;Shape&gt; centerList;&#13;&#10;&#9;public ArrayList&lt;Shape&gt; playerList;&#13;&#10;&#13;&#10;&#9;public Player player;&#13;&#10;&#9;public Board board;&#13;&#10;&#13;&#10;&#9;// sets bounds for player hand&#13;&#10;&#9;public int playerHandLeft = 300;&#13;&#10;&#9;public int playerHandRight = WIDTH - 300;&#13;&#10;&#9;public int playerHandY = HEIGHT - 200;&#13;&#10;&#13;&#10;&#9;// sets positions for the center cards&#13;&#10;&#9;public int cardY = HEIGHT - 500;&#13;&#10;&#9;public int card1X = 300;&#13;&#10;&#13;&#10;&#9;/**&#13;&#10;&#9; * The default constructor for the Game Board.&#13;&#10;&#9; */&#13;&#10;&#9;public GameBoard() {&#13;&#10;&#9;&#9;// first call constructor of superclass&#13;&#10;&#9;&#9;super();&#13;&#10;&#13;&#10;&#9;&#9;// then initialize value&#13;&#10;&#9;&#9;this.runeCount = 0;&#13;&#10;&#9;&#9;this.powerCount = 0;&#13;&#10;&#9;&#9;this.deckCount = 5;&#13;&#10;&#9;&#9;this.discardCount = 0;&#13;&#10;&#13;&#10;&#9;&#9;this.centerList = new ArrayList&lt;Shape&gt;();&#13;&#10;&#9;&#9;this.playerList = new ArrayList&lt;Shape&gt;();&#13;&#10;&#13;&#10;&#9;&#9;// Setting the fonts of the labels&#13;&#10;&#9;&#9;this.runesLabel.setFont(LABEL_FONT);&#13;&#10;&#9;&#9;this.powerLabel.setFont(LABEL_FONT);&#13;&#10;&#9;&#9;this.deckLabel.setFont(LABEL_FONT);&#13;&#10;&#9;&#9;this.discard_pileLabel.setFont(LABEL_FONT);&#13;&#10;&#13;&#10;&#9;&#9;this.setLayout(new BorderLayout());&#13;&#10;&#13;&#10;&#9;&#9;JPanel leftInfo = new JPanel();&#13;&#10;&#9;&#9;leftInfo.setLayout(new GridLayout(4, 1));&#13;&#10;&#9;&#9;leftInfo.add(this.endTurnButton);&#13;&#10;&#9;&#9;leftInfo.add(this.runesLabel);&#13;&#10;&#9;&#9;leftInfo.add(this.powerLabel);&#13;&#10;&#9;&#9;leftInfo.add(this.deckLabel);&#13;&#10;&#13;&#10;&#9;&#9;JPanel labels = new JPanel();&#13;&#10;&#9;&#9;labels.setLayout(new BorderLayout());&#13;&#10;&#9;&#9;labels.add(leftInfo, BorderLayout.WEST);&#13;&#10;&#9;&#9;labels.add(this.discard_pileLabel, BorderLayout.EAST);&#13;&#10;&#9;&#9;labels.setBorder(new EmptyBorder(10, 10, 10, 10));&#13;&#10;&#9;&#9;this.add(labels, BorderLayout.SOUTH);&#13;&#10;&#9;}&#13;&#10;&#13;&#10;&#9;public GameBoard(Player player, Board board) {&#13;&#10;&#9;&#9;// call the default constructor first&#13;&#10;&#9;&#9;this();&#13;&#10;&#13;&#10;&#9;&#9;// then do additional stuff&#13;&#10;&#9;&#9;this.player = player;&#13;&#10;&#9;&#9;this.runeCount = this.player.getRunes();&#13;&#10;&#9;&#9;this.discardCount = this.player.getDiscardSize();&#13;&#10;&#9;&#9;this.board = board;&#13;&#10;&#9;&#9;this.endTurnButton.addActionListener(new EndTurnListener(this.player,&#13;&#10;&#9;&#9;&#9;&#9;this));&#13;&#10;&#9;}&#13;&#10;&#13;&#10;&#9;/**&#13;&#10;&#9; * Paints the cards onto the game baord&#13;&#10;&#9; */&#13;&#10;&#9;@Override&#13;&#10;&#9;public void paint(Graphics g) {&#13;&#10;&#9;&#9;super.paint(g);&#13;&#10;&#9;&#9;Graphics2D g2 = (Graphics2D) g;&#13;&#10;&#13;&#10;&#9;&#9;int numCards = player.getHandSize();&#13;&#10;&#9;&#9;if (numCards != 0) {&#13;&#10;&#9;&#9;&#9;int factor = (playerHandRight - playerHandLeft) / numCards;&#13;&#10;&#9;&#9;&#9;for (int i = 0; i &lt; numCards; i++) {&#13;&#10;&#9;&#9;&#9;&#9;BufferedImage card = player.getHand().get(i).getImage();&#13;&#10;&#9;&#9;&#9;&#9;g2.drawImage(card, 300 + (factor * i), playerHandY, null);&#13;&#10;&#13;&#10;&#9;&#9;&#9;}&#13;&#10;&#9;&#9;}&#13;&#10;&#9;&#9;for (int j = 0; j &lt; board.getCenField().length; j++) {&#13;&#10;&#9;&#9;&#9;BufferedImage card = board.getCenField()[j].getImage();&#13;&#10;&#9;&#9;&#9;g2.drawImage(card, card1X + (100 * j), cardY, null);&#13;&#10;&#13;&#10;&#9;&#9;}&#13;&#10;&#13;&#10;&#9;&#9;if (player.getDiscardSize() != 0) {&#13;&#10;&#9;&#9;&#9;g2.drawImage(&#13;&#10;&#9;&#9;&#9;&#9;&#9;player.getDiscardPile().get(player.getDiscardSize() - 1)&#13;&#10;&#9;&#9;&#9;&#9;&#9;&#9;&#9;.getImage(), 20, 600, null);&#13;&#10;&#9;&#9;}&#13;&#10;&#13;&#10;&#9;}&#13;&#10;&#13;&#10;}" Filename="GameBoard.java" Intrnl_Id="4"/>
<SrcFile Content="/**&#13;&#10; * &#13;&#10; */&#13;&#10;package devops.hw1.core;&#13;&#10;&#13;&#10;import java.awt.event.ActionEvent;&#13;&#10;import java.awt.event.ActionListener;&#13;&#10;&#13;&#10;/**&#13;&#10; * @author fenogljc&#13;&#10; *&#13;&#10; */&#13;&#10;public class EndTurnListener implements ActionListener {&#13;&#10;&#13;&#10;&#9;private Player player;&#13;&#10;&#9;private GameBoard gameboard;&#13;&#10;&#13;&#10;&#9;/**&#13;&#10;&#9; * @param player&#13;&#10;&#9; */&#13;&#10;&#9;public EndTurnListener(Player player, GameBoard gameboard) {&#13;&#10;&#9;&#9;super();&#13;&#10;&#9;&#9;this.player = player;&#13;&#10;&#9;&#9;this.gameboard = gameboard;&#13;&#10;&#9;}&#13;&#10;&#13;&#10;&#9;/**&#13;&#10;&#9; * updates the labels on the GUI and repaints&#13;&#10;&#9; */&#13;&#10;&#9;public void updateGUI() {&#13;&#10;&#9;&#9;gameboard.runesLabel.setText(&quot;Runes: &quot; + player.getRunes());&#13;&#10;&#9;&#9;gameboard.powerLabel.setText(&quot;Power: &quot; + player.getPower());&#13;&#10;&#9;&#9;gameboard.discard_pileLabel.setText(&quot;Discard: &quot;&#13;&#10;&#9;&#9;&#9;&#9;+ player.getDiscardSize());&#13;&#10;&#9;&#9;gameboard.deckLabel.setText(&quot;Left in Deck: &quot; + player.getDeckSize());&#13;&#10;&#9;&#9;gameboard.repaint();&#13;&#10;&#13;&#10;&#9;}&#13;&#10;&#13;&#10;&#9;/*&#13;&#10;&#9; * (non-Javadoc)&#13;&#10;&#9; * &#13;&#10;&#9; * @see&#13;&#10;&#9; * java.awt.event.ActionListener#actionPerformed(java.awt.event.ActionEvent)&#13;&#10;&#9; */&#13;&#10;&#9;@Override&#13;&#10;&#9;public void actionPerformed(ActionEvent e) {&#13;&#10;&#9;&#9;this.player.endTurn();&#13;&#10;&#9;&#9;this.updateGUI();&#13;&#10;&#9;}&#13;&#10;&#13;&#10;}&#13;&#10;" Filename="EndTurnListener.java" Intrnl_Id="5"/>
<SrcFile Content="package devops.hw1.core;&#13;&#10;&#13;&#10;import java.awt.Point;&#13;&#10;import java.awt.Shape;&#13;&#10;import java.awt.event.MouseEvent;&#13;&#10;import java.awt.event.MouseListener;&#13;&#10;import java.util.ArrayList;&#13;&#10;&#13;&#10;/**&#13;&#10; * &#13;&#10; * Handles mouse clicks on cards and on the board&#13;&#10; *&#13;&#10; * @author heshelhj. Created Apr 22, 2016.&#13;&#10; */&#13;&#10;public class CardListener implements MouseListener {&#13;&#10;&#13;&#10;&#9;// private Player player;&#13;&#10;&#9;private ArrayList&lt;Shape&gt; playerHandImages;&#13;&#10;&#9;private ArrayList&lt;Shape&gt; centerHandImages;&#13;&#10;&#9;private GameBoard gameboard;&#13;&#10;&#9;private Player player;&#13;&#10;&#9;private Board board;&#13;&#10;&#13;&#10;&#9;public CardListener(Player player, ArrayList&lt;Shape&gt; playerHandImages,&#13;&#10;&#9;&#9;&#9;ArrayList&lt;Shape&gt; centerHandImages, Board board) {&#13;&#10;&#9;&#9;this.playerHandImages = playerHandImages;&#13;&#10;&#9;&#9;this.centerHandImages = centerHandImages;&#13;&#10;&#9;&#9;this.player = player;&#13;&#10;&#9;&#9;this.board = board;&#13;&#10;&#9;&#9;// this.playerHand = player.getHand();&#13;&#10;&#9;}&#13;&#10;&#13;&#10;&#9;/**&#13;&#10;&#9; * Determines if a card has been clicked and takes the appropriate action&#13;&#10;&#9; */&#13;&#10;&#9;public void mouseClicked(MouseEvent e) {&#13;&#10;&#9;&#9;gameboard = (GameBoard) e.getSource();&#13;&#10;&#9;&#9;Point currentPos = gameboard.getMousePosition();&#13;&#10;&#9;&#9;int upperBound = 695;&#13;&#10;&#9;&#9;int lowerBound = 850;&#13;&#10;&#13;&#10;&#9;&#9;// if the card clicked is in the player hand&#13;&#10;&#9;&#9;if (player.getHandSize() != 0) {&#13;&#10;&#9;&#9;&#9;int factor = (1220 - 600) / player.getHandSize();&#13;&#10;&#13;&#10;&#9;&#9;&#9;for (int i = 0; i &lt; player.getHandSize(); i++) {&#13;&#10;&#9;&#9;&#9;&#9;int leftBound = (factor * i) + 300;&#13;&#10;&#9;&#9;&#9;&#9;int rightBound = (factor * i) + 390;&#13;&#10;&#9;&#9;&#9;&#9;if ((currentPos.getX() &lt; rightBound &amp;&amp; currentPos.getX() &gt; leftBound)&#13;&#10;&#9;&#9;&#9;&#9;&#9;&#9;&amp;&amp; (currentPos.getY() &lt; lowerBound &amp;&amp; currentPos.getY() &gt; upperBound)) {&#13;&#10;&#9;&#9;&#9;&#9;&#9;player.playCard(player.getHand().get(i));&#13;&#10;&#9;&#9;&#9;&#9;&#9;break;&#13;&#10;&#9;&#9;&#9;&#9;}&#13;&#10;&#13;&#10;&#9;&#9;&#9;}&#13;&#10;&#9;&#9;}&#13;&#10;&#13;&#10;&#9;&#9;int centerUpperBound = 400; // board height - 400&#13;&#10;&#9;&#9;int centerLowerBound = 530; // upperbound + card height&#13;&#10;&#13;&#10;&#9;&#9;// if the card click is in the center row&#13;&#10;&#9;&#9;for (int j = 0; j &lt; 6; j++) {&#13;&#10;&#9;&#9;&#9;int leftBound = (100 * j) + 300;&#13;&#10;&#9;&#9;&#9;int rightBound = (100 * j) + 390;&#13;&#10;&#9;&#9;&#9;if ((currentPos.getX() &lt; rightBound &amp;&amp; currentPos.getX() &gt; leftBound)&#13;&#10;&#9;&#9;&#9;&#9;&#9;&amp;&amp; (currentPos.getY() &lt; centerLowerBound &amp;&amp; currentPos&#13;&#10;&#9;&#9;&#9;&#9;&#9;&#9;&#9;.getY() &gt; centerUpperBound)) {&#13;&#10;&#9;&#9;&#9;&#9;if (player.buyCard(board.getCenField()[j])) {&#13;&#10;&#9;&#9;&#9;&#9;&#9;board.centerDeckToField(j);&#13;&#10;&#9;&#9;&#9;&#9;}&#13;&#10;&#9;&#9;&#9;&#9;break;&#13;&#10;&#9;&#9;&#9;}&#13;&#10;&#13;&#10;&#9;&#9;}&#13;&#10;&#9;&#9;updateGUI();&#13;&#10;&#13;&#10;&#9;}&#13;&#10;&#13;&#10;&#9;/**&#13;&#10;&#9; * &#13;&#10;&#9; * updates the labels on the GUI and repaints&#13;&#10;&#9; *&#13;&#10;&#9; */&#13;&#10;&#9;public void updateGUI() {&#13;&#10;&#9;&#9;gameboard.runesLabel.setText(&quot;Runes: &quot; + player.getRunes());&#13;&#10;&#9;&#9;gameboard.powerLabel.setText(&quot;Power: &quot; + player.getPower());&#13;&#10;&#9;&#9;gameboard.discard_pileLabel.setText(&quot;Discard: &quot;&#13;&#10;&#9;&#9;&#9;&#9;+ player.getDiscardSize());&#13;&#10;&#9;&#9;gameboard.deckLabel.setText(&quot;Left in Deck: &quot; + player.getDeckSize());&#13;&#10;&#9;&#9;gameboard.repaint();&#13;&#10;&#13;&#10;&#9;}&#13;&#10;&#13;&#10;&#9;public void mouseEntered(MouseEvent arg0) {&#13;&#10;&#9;&#9;// not implemented&#13;&#10;&#9;}&#13;&#10;&#13;&#10;&#9;public void mouseExited(MouseEvent arg0) {&#13;&#10;&#9;&#9;// not implemented&#13;&#10;&#9;}&#13;&#10;&#13;&#10;&#9;public void mousePressed(MouseEvent arg0) {&#13;&#10;&#9;&#9;// not implemented&#13;&#10;&#9;}&#13;&#10;&#13;&#10;&#9;public void mouseReleased(MouseEvent arg0) {&#13;&#10;&#9;&#9;// not implemented&#13;&#10;&#9;}&#13;&#10;&#13;&#10;}&#13;&#10;" Filename="CardListener.java" Intrnl_Id="6"/>
<SrcFile Content="package devops.hw1.core;&#13;&#10;&#13;&#10;import java.awt.image.BufferedImage;&#13;&#10;import java.io.File;&#13;&#10;import java.io.IOException;&#13;&#10;import java.util.HashMap;&#13;&#10;&#13;&#10;import javax.imageio.ImageIO;&#13;&#10;&#13;&#10;/**&#13;&#10; * &#13;&#10; * Creates the cards and attaches their images to that card&#13;&#10; *&#13;&#10; * @author heshelhj. Created Apr 22, 2016.&#13;&#10; */&#13;&#10;public class CardCollection {&#13;&#10;&#13;&#10;&#9;public static ACard apprentice;&#13;&#10;&#9;public static ACard militia;&#13;&#10;&#9;public static ACard arhaInitiate;&#13;&#10;&#9;public static ACard demonSlayer;&#13;&#10;&#9;public static ACard wolfShaman;&#13;&#10;&#9;public static ACard flyTrapWitch;&#13;&#10;&#9;public static ACard asceticOfTheLidlessEye;&#13;&#10;&#9;public static ACard emriOneWithTheVoid;&#13;&#10;&#9;public static ACard arbiterOfThePrecipice;&#13;&#10;&#9;public static ACard arhaTemplar;&#13;&#10;&#9;public static ACard avatarGolem;&#13;&#10;&#9;public static ACard avatarOfTheFallen;&#13;&#10;&#9;public static ACard burrowerMarkII;&#13;&#10;&#9;public static ACard cetraWeaverOfStars;&#13;&#10;&#9;public static ACard corrosiveWidow;&#13;&#10;&#9;public static ACard druidsOfTheStoneCircle;&#13;&#10;&#9;public static ACard earthTyrant;&#13;&#10;&#9;public static ACard hedronCannon;&#13;&#10;&#9;public static ACard hedronLinkDevice;&#13;&#10;&#9;public static ACard korTheFerromancer;&#13;&#10;&#9;public static ACard landtalker;&#13;&#10;&#9;public static ACard lifeboundInitiate;&#13;&#10;&#9;public static ACard masterDhartha;&#13;&#10;&#9;public static ACard mechanaInitiate;&#13;&#10;&#9;public static ACard mephit;&#13;&#10;&#9;public static ACard mistakeOfCreation;&#13;&#10;&#9;public static ACard muramasa;&#13;&#10;&#9;public static ACard oziahThePeerless;&#13;&#10;&#9;public static ACard reactorMonk;&#13;&#10;&#9;public static ACard rocketCourierX99;&#13;&#10;&#9;public static ACard runicLycanthrope;&#13;&#10;&#9;public static ACard samaelsTrickster;&#13;&#10;&#9;public static ACard seaTyrant;&#13;&#10;&#9;public static ACard seerOfTheForkedPath;&#13;&#10;&#9;public static ACard shadeOfTheBlackWatch;&#13;&#10;&#9;public static ACard shadowStar;&#13;&#10;&#9;public static ACard snapdragon;&#13;&#10;&#9;public static ACard spikeVixen;&#13;&#10;&#9;public static ACard tabletOfTimesDawn;&#13;&#10;&#9;public static ACard templeLibrarian;&#13;&#10;&#9;public static ACard theAllSeeingEye;&#13;&#10;&#9;public static ACard theGrandDesign;&#13;&#10;&#9;public static ACard tormentedSoul;&#13;&#10;&#9;public static ACard twofoldAskara;&#13;&#10;&#9;public static ACard voidInitiate;&#13;&#10;&#9;public static ACard voidthirster;&#13;&#10;&#9;public static ACard watchmakersAltar;&#13;&#10;&#9;public static ACard windTyrant;&#13;&#10;&#9;public static ACard xeronDukeOfLies;&#13;&#10;&#9;public static ACard yggdrasilStaff;&#13;&#10;&#9;public static ACard[] cards;&#13;&#10;&#13;&#10;&#9;public static final String RUNES = &quot;runes&quot;;&#13;&#10;&#9;public static final String POWER = &quot;power&quot;;&#13;&#10;&#9;public static final String DRAW = &quot;draw&quot;;&#13;&#10;&#9;public static final String HONOR = &quot;honor&quot;;&#13;&#10;&#13;&#10;&#9;public CardCollection() throws IOException {&#13;&#10;&#9;&#9;HashMap&lt;String, Integer&gt; map = new HashMap&lt;String, Integer&gt;();&#13;&#10;&#9;&#9;HashMap&lt;String, Integer&gt; map1 = new HashMap&lt;String, Integer&gt;();&#13;&#10;&#9;&#9;HashMap&lt;String, Integer&gt; map2 = new HashMap&lt;String, Integer&gt;();&#13;&#10;&#9;&#9;HashMap&lt;String, Integer&gt; map3 = new HashMap&lt;String, Integer&gt;();&#13;&#10;&#9;&#9;HashMap&lt;String, Integer&gt; map4 = new HashMap&lt;String, Integer&gt;();&#13;&#10;&#9;&#9;HashMap&lt;String, Integer&gt; map5 = new HashMap&lt;String, Integer&gt;();&#13;&#10;&#9;&#9;HashMap&lt;String, Integer&gt; map6 = new HashMap&lt;String, Integer&gt;();&#13;&#10;&#9;&#9;HashMap&lt;String, Integer&gt; map7 = new HashMap&lt;String, Integer&gt;();&#13;&#10;&#9;&#9;HashMap&lt;String, Integer&gt; map8 = new HashMap&lt;String, Integer&gt;();&#13;&#10;&#9;&#9;HashMap&lt;String, Integer&gt; map9 = new HashMap&lt;String, Integer&gt;();&#13;&#10;&#9;&#9;HashMap&lt;String, Integer&gt; map10 = new HashMap&lt;String, Integer&gt;();&#13;&#10;&#9;&#9;HashMap&lt;String, Integer&gt; map11 = new HashMap&lt;String, Integer&gt;();&#13;&#10;&#9;&#9;HashMap&lt;String, Integer&gt; map12 = new HashMap&lt;String, Integer&gt;();&#13;&#10;&#9;&#9;HashMap&lt;String, Integer&gt; map13 = new HashMap&lt;String, Integer&gt;();&#13;&#10;&#9;&#9;HashMap&lt;String, Integer&gt; map14 = new HashMap&lt;String, Integer&gt;();&#13;&#10;&#9;&#9;HashMap&lt;String, Integer&gt; map15 = new HashMap&lt;String, Integer&gt;();&#13;&#10;&#9;&#9;HashMap&lt;String, Integer&gt; map16 = new HashMap&lt;String, Integer&gt;();&#13;&#10;&#9;&#9;HashMap&lt;String, Integer&gt; map17 = new HashMap&lt;String, Integer&gt;();&#13;&#10;&#9;&#9;HashMap&lt;String, Integer&gt; map18 = new HashMap&lt;String, Integer&gt;();&#13;&#10;&#9;&#9;HashMap&lt;String, Integer&gt; map19 = new HashMap&lt;String, Integer&gt;();&#13;&#10;&#9;&#9;HashMap&lt;String, Integer&gt; map20 = new HashMap&lt;String, Integer&gt;();&#13;&#10;&#9;&#9;HashMap&lt;String, Integer&gt; map21 = new HashMap&lt;String, Integer&gt;();&#13;&#10;&#9;&#9;HashMap&lt;String, Integer&gt; map22 = new HashMap&lt;String, Integer&gt;();&#13;&#10;&#9;&#9;HashMap&lt;String, Integer&gt; map23 = new HashMap&lt;String, Integer&gt;();&#13;&#10;&#9;&#9;HashMap&lt;String, Integer&gt; map24 = new HashMap&lt;String, Integer&gt;();&#13;&#10;&#9;&#9;HashMap&lt;String, Integer&gt; map25 = new HashMap&lt;String, Integer&gt;();&#13;&#10;&#9;&#9;HashMap&lt;String, Integer&gt; map26 = new HashMap&lt;String, Integer&gt;();&#13;&#10;&#9;&#9;HashMap&lt;String, Integer&gt; map27 = new HashMap&lt;String, Integer&gt;();&#13;&#10;&#9;&#9;HashMap&lt;String, Integer&gt; map28 = new HashMap&lt;String, Integer&gt;();&#13;&#10;&#9;&#9;HashMap&lt;String, Integer&gt; map29 = new HashMap&lt;String, Integer&gt;();&#13;&#10;&#9;&#9;HashMap&lt;String, Integer&gt; map30 = new HashMap&lt;String, Integer&gt;();&#13;&#10;&#9;&#9;HashMap&lt;String, Integer&gt; map31 = new HashMap&lt;String, Integer&gt;();&#13;&#10;&#9;&#9;HashMap&lt;String, Integer&gt; map32 = new HashMap&lt;String, Integer&gt;();&#13;&#10;&#9;&#9;HashMap&lt;String, Integer&gt; map33 = new HashMap&lt;String, Integer&gt;();&#13;&#10;&#9;&#9;HashMap&lt;String, Integer&gt; map34 = new HashMap&lt;String, Integer&gt;();&#13;&#10;&#9;&#9;HashMap&lt;String, Integer&gt; map35 = new HashMap&lt;String, Integer&gt;();&#13;&#10;&#9;&#9;HashMap&lt;String, Integer&gt; map36 = new HashMap&lt;String, Integer&gt;();&#13;&#10;&#9;&#9;HashMap&lt;String, Integer&gt; map37 = new HashMap&lt;String, Integer&gt;();&#13;&#10;&#9;&#9;HashMap&lt;String, Integer&gt; map38 = new HashMap&lt;String, Integer&gt;();&#13;&#10;&#9;&#9;HashMap&lt;String, Integer&gt; map39 = new HashMap&lt;String, Integer&gt;();&#13;&#10;&#9;&#9;HashMap&lt;String, Integer&gt; map40 = new HashMap&lt;String, Integer&gt;();&#13;&#10;&#9;&#9;HashMap&lt;String, Integer&gt; map41 = new HashMap&lt;String, Integer&gt;();&#13;&#10;&#9;&#9;HashMap&lt;String, Integer&gt; map42 = new HashMap&lt;String, Integer&gt;();&#13;&#10;&#9;&#9;HashMap&lt;String, Integer&gt; map43 = new HashMap&lt;String, Integer&gt;();&#13;&#10;&#9;&#9;HashMap&lt;String, Integer&gt; map44 = new HashMap&lt;String, Integer&gt;();&#13;&#10;&#9;&#9;HashMap&lt;String, Integer&gt; map45 = new HashMap&lt;String, Integer&gt;();&#13;&#10;&#9;&#9;HashMap&lt;String, Integer&gt; map46 = new HashMap&lt;String, Integer&gt;();&#13;&#10;&#9;&#9;HashMap&lt;String, Integer&gt; map47 = new HashMap&lt;String, Integer&gt;();&#13;&#10;&#9;&#9;HashMap&lt;String, Integer&gt; map48 = new HashMap&lt;String, Integer&gt;();&#13;&#10;&#9;&#9;HashMap&lt;String, Integer&gt; map49 = new HashMap&lt;String, Integer&gt;();&#13;&#10;&#13;&#10;&#9;&#9;BufferedImage image = null;&#13;&#10;&#13;&#10;&#9;&#9;image = ImageIO.read(new File(&quot;cardImages/Standard/Apprentice.png&quot;));&#13;&#10;&#13;&#10;&#9;&#9;map.put(RUNES, 1);&#13;&#10;&#9;&#9;apprentice = ACard.makeCard(image, &quot;Apprentice&quot;, &quot;none&quot;, &quot;Hero&quot;, 0, 0,&#13;&#10;&#9;&#9;&#9;&#9;-1, map);&#13;&#10;&#13;&#10;&#9;&#9;image = ImageIO.read(new File(&quot;cardImages/Standard/Militia1.png&quot;));&#13;&#10;&#13;&#10;&#9;&#9;map1.put(POWER, 1);&#13;&#10;&#9;&#9;militia = ACard.makeCard(image, &quot;Militia&quot;, &quot;none&quot;, &quot;Hero&quot;, 0, 0, -1,&#13;&#10;&#9;&#9;&#9;&#9;map1);&#13;&#10;&#13;&#10;&#9;&#9;image = ImageIO.read(new File(&quot;cardImages/Heroes/Arha-Initiate.png&quot;));&#13;&#10;&#13;&#10;&#9;&#9;map2.put(DRAW, 1);&#13;&#10;&#9;&#9;arhaInitiate = ACard.makeCard(image, &quot;Arha Initiate&quot;, &quot;Enlightened&quot;,&#13;&#10;&#9;&#9;&#9;&#9;&quot;Hero&quot;, 1, 1, 3, map2);&#13;&#10;&#13;&#10;&#9;&#9;image = ImageIO.read(new File(&quot;cardImages/Heroes/Demon-Slayer.png&quot;));&#13;&#10;&#13;&#10;&#9;&#9;map3.put(POWER, 3);&#13;&#10;&#9;&#9;demonSlayer = ACard.makeCard(image, &quot;Demon Slayer&quot;, &quot;Void&quot;, &quot;Hero&quot;, 4,&#13;&#10;&#9;&#9;&#9;&#9;2, 2, map3);&#13;&#10;&#13;&#10;&#9;&#9;image = ImageIO.read(new File(&quot;cardImages/Heroes/Wolf-Shaman.png&quot;));&#13;&#10;&#13;&#10;&#9;&#9;map4.put(RUNES, 1);&#13;&#10;&#9;&#9;map4.put(DRAW, 1);&#13;&#10;&#9;&#9;wolfShaman = ACard.makeCard(image, &quot;Wolf Shaman&quot;, &quot;Lifebound&quot;, &quot;Hero&quot;,&#13;&#10;&#9;&#9;&#9;&#9;3, 1, 3, map4);&#13;&#10;&#13;&#10;&#9;&#9;image = ImageIO.read(new File(&quot;cardImages/Heroes/Flytrap-Witch.png&quot;));&#13;&#10;&#13;&#10;&#9;&#9;map5.put(HONOR, 2);&#13;&#10;&#9;&#9;map5.put(DRAW, 1);&#13;&#10;&#9;&#9;flyTrapWitch = ACard.makeCard(image, &quot;Fly Trap Witch&quot;, &quot;Lifebound&quot;,&#13;&#10;&#9;&#9;&#9;&#9;&quot;Hero&quot;, 5, 2, 2, map5);&#13;&#10;&#13;&#10;&#9;&#9;image = ImageIO.read(new File(&#13;&#10;&#9;&#9;&#9;&#9;&quot;cardImages/Heroes/Ascetic-of-the-Lidless-Eye.png&quot;));&#13;&#10;&#13;&#10;&#9;&#9;map6.put(DRAW, 2);&#13;&#10;&#9;&#9;asceticOfTheLidlessEye = ACard.makeCard(image,&#13;&#10;&#9;&#9;&#9;&#9;&quot;Ascetic of the Lidless Eye&quot;, &quot;Enlightened&quot;, &quot;Hero&quot;, 5, 2, 2,&#13;&#10;&#9;&#9;&#9;&#9;map6);&#13;&#10;&#13;&#10;&#9;&#9;image = ImageIO.read(new File(&#13;&#10;&#9;&#9;&#9;&#9;&quot;cardImages/Heroes/Emri-One-with-the-Void.png&quot;));&#13;&#10;&#13;&#10;&#9;&#9;map7.put(POWER, 4);&#13;&#10;&#9;&#9;emriOneWithTheVoid = ACard.makeCard(image, &quot;Emri, One with the Void&quot;,&#13;&#10;&#9;&#9;&#9;&#9;&quot;Void&quot;, &quot;Hero&quot;, 6, 3, 1, map7);&#13;&#10;&#13;&#10;&#9;&#9;image = ImageIO.read(new File(&#13;&#10;&#9;&#9;&#9;&#9;&quot;cardImages/Heroes/Arbiter-of-the-Precipice.png&quot;));&#13;&#10;&#13;&#10;&#9;&#9;// TODO: Add more effects for this card. Banish one from hand&#13;&#10;&#13;&#10;&#9;&#9;map8.put(DRAW, 2);&#13;&#10;&#9;&#9;arbiterOfThePrecipice = ACard.makeCard(image,&#13;&#10;&#9;&#9;&#9;&#9;&quot;Arbiter of the Precipice&quot;, &quot;Void&quot;, &quot;Hero&quot;, 4, 1, 2, map8);&#13;&#10;&#13;&#10;&#9;&#9;image = ImageIO.read(new File(&quot;cardImages/Heroes/Arha-Templar.png&quot;));&#13;&#10;&#13;&#10;&#9;&#9;// TODO: Add the effect, Kill one monster with 4 strength or less.&#13;&#10;&#13;&#10;&#9;&#9;arhaTemplar = ACard.makeCard(image, &quot;Arha Templar&quot;, &quot;Enlightened&quot;,&#13;&#10;&#9;&#9;&#9;&#9;&quot;Hero&quot;, 4, 3, 2, map9);&#13;&#10;&#13;&#10;&#9;&#9;image = ImageIO.read(new File(&quot;cardImages/Heroes/Avatar-Golem.png&quot;));&#13;&#10;&#13;&#10;&#9;&#9;// TODO: Add the effect, gain one honor for each faction construct&#13;&#10;&#13;&#10;&#9;&#9;map10.put(POWER, 2);&#13;&#10;&#9;&#9;avatarGolem = ACard.makeCard(image, &quot;Avatar Golem&quot;, &quot;Mechana&quot;, &quot;Hero&quot;,&#13;&#10;&#9;&#9;&#9;&#9;4, 2, 2, map10);&#13;&#10;&#13;&#10;&#9;&#9;image = ImageIO.read(new File(&#13;&#10;&#9;&#9;&#9;&#9;&quot;cardImages/Monsters/Avatar-of-the-Fallen.png&quot;));&#13;&#10;&#13;&#10;&#9;&#9;// TODO: Add the effect, Unbanishable, gain or defeat one card in the&#13;&#10;&#9;&#9;// center row.&#13;&#10;&#9;&#9;map11.put(HONOR, 4);&#13;&#10;&#9;&#9;avatarOfTheFallen = ACard.makeCard(image, &quot;Avatar of the Fallen&quot;,&#13;&#10;&#9;&#9;&#9;&#9;&quot;Monster&quot;, &quot;Monster&quot;, 7, 4, 1, map11);&#13;&#10;&#13;&#10;&#9;&#9;image = ImageIO.read(new File(&#13;&#10;&#9;&#9;&#9;&#9;&quot;cardImages/Constructs/Burrower-Mark-II.png&quot;));&#13;&#10;&#13;&#10;&#9;&#9;// TODO: Add the effect, once per turn draw when a mechana construct&#13;&#10;&#9;&#9;// enters your area.&#13;&#10;&#13;&#10;&#9;&#9;burrowerMarkII = ACard.makeCard(image, &quot;Burrower Mark II&quot;, &quot;Mechana&quot;,&#13;&#10;&#9;&#9;&#9;&#9;&quot;Construct&quot;, 3, 3, 2, map12);&#13;&#10;&#13;&#10;&#9;&#9;image = ImageIO.read(new File(&#13;&#10;&#9;&#9;&#9;&#9;&quot;cardImages/Heroes/Cetra-Weaver-of-Stars.png&quot;));&#13;&#10;&#13;&#10;&#9;&#9;// TODO: Add the effect, acquire a hero without paying for it.&#13;&#10;&#13;&#10;&#9;&#9;cetraWeaverOfStars = ACard.makeCard(image, &quot;Cetra, Weaver of Stars&quot;,&#13;&#10;&#9;&#9;&#9;&#9;&quot;Lifebound&quot;, &quot;Hero&quot;, 7, 4, 1, map13);&#13;&#10;&#13;&#10;&#9;&#9;image = ImageIO&#13;&#10;&#9;&#9;&#9;&#9;.read(new File(&quot;cardImages/Monsters/Corrosive-Widow.png&quot;));&#13;&#10;&#13;&#10;&#9;&#9;// TODO: Add the effect, choose a player, they destroy one construct&#13;&#10;&#9;&#9;map14.put(HONOR, 3);&#13;&#10;&#9;&#9;corrosiveWidow = ACard.makeCard(image, &quot;Corrosive Widow&quot;, &quot;Monster&quot;,&#13;&#10;&#9;&#9;&#9;&#9;&quot;Monster&quot;, 4, 3, 4, map14);&#13;&#10;&#13;&#10;&#9;&#9;image = ImageIO.read(new File(&#13;&#10;&#9;&#9;&#9;&#9;&quot;cardImages/Heroes/Druids-of-the-Stone-Circle.png&quot;));&#13;&#10;&#13;&#10;&#9;&#9;// TODO: Add the effect, acquire a hero without paying for it that costs&#13;&#10;&#9;&#9;// three or less.&#13;&#10;&#13;&#10;&#9;&#9;druidsOfTheStoneCircle = ACard.makeCard(image,&#13;&#10;&#9;&#9;&#9;&#9;&quot;Druids of the Stone Circle&quot;, &quot;Lifebound&quot;, &quot;Hero&quot;, 4, 3, 2,&#13;&#10;&#9;&#9;&#9;&#9;map15);&#13;&#10;&#13;&#10;&#9;&#9;image = ImageIO.read(new File(&quot;cardImages/Monsters/Earth-Tyrant.png&quot;));&#13;&#10;&#13;&#10;&#9;&#9;map16.put(DRAW, 2);&#13;&#10;&#9;&#9;map16.put(HONOR, 5);&#13;&#10;&#9;&#9;earthTyrant = ACard.makeCard(image, &quot;Earth Tyrant&quot;, &quot;Monster&quot;,&#13;&#10;&#9;&#9;&#9;&#9;&quot;Monster&quot;, 6, 5, 2, map16);&#13;&#10;&#13;&#10;&#9;&#9;image = ImageIO&#13;&#10;&#9;&#9;&#9;&#9;.read(new File(&quot;cardImages/Constructs/Hedron-Cannon.png&quot;));&#13;&#10;&#13;&#10;&#9;&#9;// TODO: Add the effect, gain one power for each mechana construct.&#13;&#10;&#13;&#10;&#9;&#9;hedronCannon = ACard.makeCard(image, &quot;Hedron Cannon&quot;, &quot;Mechana&quot;,&#13;&#10;&#9;&#9;&#9;&#9;&quot;Construct&quot;, 8, 8, 1, map17);&#13;&#10;&#13;&#10;&#9;&#9;image = ImageIO.read(new File(&#13;&#10;&#9;&#9;&#9;&#9;&quot;cardImages/Constructs/Hedron-Link-Device.png&quot;));&#13;&#10;&#13;&#10;&#9;&#9;// TODO: Add the effect, you may consider all constructs as mechana&#13;&#10;&#9;&#9;// constructs&#13;&#10;&#13;&#10;&#9;&#9;hedronLinkDevice = ACard.makeCard(image, &quot;Hedron Link Device&quot;,&#13;&#10;&#9;&#9;&#9;&#9;&quot;Mechana&quot;, &quot;Construct&quot;, 7, 7, 1, map18);&#13;&#10;&#13;&#10;&#9;&#9;image = ImageIO.read(new File(&#13;&#10;&#9;&#9;&#9;&#9;&quot;cardImages/Heroes/Kor-the-Ferromancer.png&quot;));&#13;&#10;&#13;&#10;&#9;&#9;// TODO: Add the effect, draw a card if you control two or more&#13;&#10;&#9;&#9;// constructs&#13;&#10;&#13;&#10;&#9;&#9;map19.put(POWER, 2);&#13;&#10;&#9;&#9;korTheFerromancer = ACard.makeCard(image, &quot;Kor, the Ferromancer&quot;,&#13;&#10;&#9;&#9;&#9;&#9;&quot;Mechana&quot;, &quot;Hero&quot;, 3, 2, 1, map19);&#13;&#10;&#13;&#10;&#9;&#9;image = ImageIO.read(new File(&quot;cardImages/Heroes/Landtalker.png&quot;));&#13;&#10;&#13;&#10;&#9;&#9;map20.put(RUNES, 3);&#13;&#10;&#9;&#9;landtalker = ACard.makeCard(image, &quot;Landtalker&quot;, &quot;Lifebound&quot;, &quot;Hero&quot;,&#13;&#10;&#9;&#9;&#9;&#9;6, 3, 1, map20);&#13;&#10;&#13;&#10;&#9;&#9;image = ImageIO.read(new File(&#13;&#10;&#9;&#9;&#9;&#9;&quot;cardImages/Heroes/Lifebound-Initiate.png&quot;));&#13;&#10;&#13;&#10;&#9;&#9;map21.put(RUNES, 1);&#13;&#10;&#9;&#9;map21.put(HONOR, 1);&#13;&#10;&#9;&#9;lifeboundInitiate = ACard.makeCard(image, &quot;Lifebound Initiate&quot;,&#13;&#10;&#9;&#9;&#9;&#9;&quot;Lifebound&quot;, &quot;Hero&quot;, 1, 1, 3, map21);&#13;&#10;&#13;&#10;&#9;&#9;image = ImageIO.read(new File(&quot;cardImages/Heroes/Master-Dhartha.png&quot;));&#13;&#10;&#13;&#10;&#9;&#9;map22.put(DRAW, 3);&#13;&#10;&#9;&#9;masterDhartha = ACard.makeCard(image, &quot;Master Dhartha&quot;, &quot;Enlightened&quot;,&#13;&#10;&#9;&#9;&#9;&#9;&quot;Hero&quot;, 7, 3, 1, map22);&#13;&#10;&#13;&#10;&#9;&#9;image = ImageIO&#13;&#10;&#9;&#9;&#9;&#9;.read(new File(&quot;cardImages/Heroes/Mechana-Initiate.png&quot;));&#13;&#10;&#13;&#10;&#9;&#9;// TODO: Add the effect, gain one rune or power&#13;&#10;&#13;&#10;&#9;&#9;mechanaInitiate = ACard.makeCard(image, &quot;Mechana Initiate&quot;, &quot;Mechana&quot;,&#13;&#10;&#9;&#9;&#9;&#9;&quot;Hero&quot;, 1, 1, 3, map23);&#13;&#10;&#13;&#10;&#9;&#9;image = ImageIO.read(new File(&quot;cardImages/Monsters/Mephit.png&quot;));&#13;&#10;&#13;&#10;&#9;&#9;// TODO: Add the effect, banish a card from the center row&#13;&#10;&#9;&#9;map24.put(HONOR, 2);&#13;&#10;&#9;&#9;mephit = ACard.makeCard(image, &quot;Mephit&quot;, &quot;Monster&quot;, &quot;Monster&quot;, 3, 2, 3,&#13;&#10;&#9;&#9;&#9;&#9;map24);&#13;&#10;&#13;&#10;&#9;&#9;image = ImageIO.read(new File(&#13;&#10;&#9;&#9;&#9;&#9;&quot;cardImages/Monsters/Mistake-of-Creation.png&quot;));&#13;&#10;&#13;&#10;&#9;&#9;// TODO: Add the effect, banish a card from the center and/or your&#13;&#10;&#9;&#9;// discard&#13;&#10;&#9;&#9;map25.put(HONOR, 4);&#13;&#10;&#9;&#9;mistakeOfCreation = ACard.makeCard(image, &quot;Mistake Of Creation&quot;,&#13;&#10;&#9;&#9;&#9;&#9;&quot;Monster&quot;, &quot;Monster&quot;, 4, 4, 4, map25);&#13;&#10;&#13;&#10;&#9;&#9;image = ImageIO.read(new File(&quot;cardImages/Constructs/Muramasa.png&quot;));&#13;&#10;&#13;&#10;&#9;&#9;// TODO: Add the effect, once per turn gain 3 power&#13;&#10;&#13;&#10;&#9;&#9;muramasa = ACard.makeCard(image, &quot;Muramasa&quot;, &quot;Void&quot;, &quot;Construct&quot;, 7, 4,&#13;&#10;&#9;&#9;&#9;&#9;1, map26);&#13;&#10;&#13;&#10;&#9;&#9;image = ImageIO.read(new File(&#13;&#10;&#9;&#9;&#9;&#9;&quot;cardImages/Heroes/Oziah-the-Peerless.png&quot;));&#13;&#10;&#13;&#10;&#9;&#9;// TODO: Add the effect, defeat a monster with 6 or lower strength&#13;&#10;&#13;&#10;&#9;&#9;oziahThePeerless = ACard.makeCard(image, &quot;Oziah the Peerless&quot;,&#13;&#10;&#9;&#9;&#9;&#9;&quot;Enlightened&quot;, &quot;Hero&quot;, 6, 3, 1, map27);&#13;&#10;&#13;&#10;&#9;&#9;image = ImageIO.read(new File(&quot;cardImages/Heroes/Reactor-Monk.png&quot;));&#13;&#10;&#13;&#10;&#9;&#9;// TODO: Add the effect, you pay one less for the next mechana construct&#13;&#10;&#9;&#9;map28.put(RUNES, 2);&#13;&#10;&#9;&#9;reactorMonk = ACard.makeCard(image, &quot;Reactor Monk&quot;, &quot;Mechana&quot;, &quot;Hero&quot;,&#13;&#10;&#9;&#9;&#9;&#9;4, 2, 2, map28);&#13;&#10;&#13;&#10;&#9;&#9;image = ImageIO.read(new File(&#13;&#10;&#9;&#9;&#9;&#9;&quot;cardImages/Constructs/Rocket-Courier-X-99.png&quot;));&#13;&#10;&#13;&#10;&#9;&#9;// TODO: Add the effect, once per turn, play the next mechana construct&#13;&#10;&#9;&#9;// you acquire.&#13;&#10;&#13;&#10;&#9;&#9;rocketCourierX99 = ACard.makeCard(image, &quot;Rocket Courier X-99&quot;,&#13;&#10;&#9;&#9;&#9;&#9;&quot;Mechana&quot;, &quot;Construct&quot;, 4, 4, 2, map29);&#13;&#10;&#13;&#10;&#9;&#9;image = ImageIO&#13;&#10;&#9;&#9;&#9;&#9;.read(new File(&quot;cardImages/Heroes/Runic-Lycanthrope.png&quot;));&#13;&#10;&#13;&#10;&#9;&#9;// TODO: Add the effect, If you have played a lifebound this turn gain 2&#13;&#10;&#9;&#9;// power.&#13;&#10;&#9;&#9;map30.put(RUNES, 2);&#13;&#10;&#9;&#9;runicLycanthrope = ACard.makeCard(image, &quot;Runic Lycanthrope&quot;,&#13;&#10;&#9;&#9;&#9;&#9;&quot;Lifebound&quot;, &quot;Hero&quot;, 3, 1, 2, map30);&#13;&#10;&#13;&#10;&#9;&#9;image = ImageIO.read(new File(&#13;&#10;&#9;&#9;&#9;&#9;&quot;cardImages/Monsters/Samaels-Trickster.png&quot;));&#13;&#10;&#13;&#10;&#9;&#9;map31.put(HONOR, 1);&#13;&#10;&#9;&#9;map31.put(RUNES, 1);&#13;&#10;&#9;&#9;samaelsTrickster = ACard.makeCard(image, &quot;Samael's Trickster&quot;,&#13;&#10;&#9;&#9;&#9;&#9;&quot;Monster&quot;, &quot;Monster&quot;, 3, 1, 4, map31);&#13;&#10;&#9;&#9;//&#13;&#10;&#9;&#9;image = ImageIO.read(new File(&quot;cardImages/Monsters/Sea-Tyrant.png&quot;));&#13;&#10;&#13;&#10;&#9;&#9;// TODO: Add the effect, all players destroy constructs until they have&#13;&#10;&#9;&#9;// 1 left&#13;&#10;&#9;&#9;map32.put(HONOR, 5);&#13;&#10;&#9;&#9;seaTyrant = ACard.makeCard(image, &quot;Sea Tyrant&quot;, &quot;Monster&quot;, &quot;Monster&quot;,&#13;&#10;&#9;&#9;&#9;&#9;5, 5, 3, map32);&#13;&#10;&#13;&#10;&#9;&#9;image = ImageIO.read(new File(&#13;&#10;&#9;&#9;&#9;&#9;&quot;cardImages/Heroes/Seer-of-the-Forked-Path.png&quot;));&#13;&#10;&#13;&#10;&#9;&#9;// TODO: Add the effect, you may banish out of the center row.&#13;&#10;&#9;&#9;map33.put(DRAW, 1);&#13;&#10;&#9;&#9;seerOfTheForkedPath = ACard.makeCard(image, &quot;Seer of the Forked Path&quot;,&#13;&#10;&#9;&#9;&#9;&#9;&quot;Enlightened&quot;, &quot;Hero&quot;, 2, 1, 3, map33);&#13;&#10;&#13;&#10;&#9;&#9;image = ImageIO.read(new File(&#13;&#10;&#9;&#9;&#9;&#9;&quot;cardImages/Heroes/Shade-of-the-Black-Watch.png&quot;));&#13;&#10;&#13;&#10;&#9;&#9;// TODO: Add the effect, you may banish from hand or discard&#13;&#10;&#9;&#9;map34.put(POWER, 2);&#13;&#10;&#9;&#9;shadeOfTheBlackWatch = ACard.makeCard(image,&#13;&#10;&#9;&#9;&#9;&#9;&quot;Shade of the Black Watch&quot;, &quot;Void&quot;, &quot;Hero&quot;, 3, 1, 3, map34);&#13;&#10;&#13;&#10;&#9;&#9;image = ImageIO.read(new File(&quot;cardImages/Constructs/Shadow-Star.png&quot;));&#13;&#10;&#13;&#10;&#9;&#9;// TODO: Add the effect, once per turn gain one power.&#13;&#10;&#13;&#10;&#9;&#9;shadowStar = ACard.makeCard(image, &quot;Shadow Star&quot;, &quot;Void&quot;, &quot;Construct&quot;,&#13;&#10;&#9;&#9;&#9;&#9;3, 2, 2, map35);&#13;&#10;&#13;&#10;&#9;&#9;image = ImageIO.read(new File(&quot;cardImages/Constructs/Snapdragon.png&quot;));&#13;&#10;&#13;&#10;&#9;&#9;// TODO: Add the effect, once per turn gain a rune and the first time&#13;&#10;&#9;&#9;// you play a lifebound gain one honor&#13;&#10;&#13;&#10;&#9;&#9;snapdragon = ACard.makeCard(image, &quot;Snapdragon&quot;, &quot;Lifebound&quot;,&#13;&#10;&#9;&#9;&#9;&#9;&quot;Construct&quot;, 5, 2, 2, map36);&#13;&#10;&#13;&#10;&#9;&#9;image = ImageIO.read(new File(&quot;cardImages/Heroes/Spike-Vixen.png&quot;));&#13;&#10;&#13;&#10;&#9;&#9;map37.put(POWER, 1);&#13;&#10;&#9;&#9;map37.put(DRAW, 1);&#13;&#10;&#9;&#9;spikeVixen = ACard.makeCard(image, &quot;Spike Vixen&quot;, &quot;Void&quot;, &quot;Hero&quot;, 2, 1,&#13;&#10;&#9;&#9;&#9;&#9;2, map37);&#13;&#10;&#13;&#10;&#9;&#9;image = ImageIO.read(new File(&#13;&#10;&#9;&#9;&#9;&#9;&quot;cardImages/Constructs/Tablet-of-Times-Dawn.png&quot;));&#13;&#10;&#13;&#10;&#9;&#9;// TODO: Add the effect, you may banish this construct to take another&#13;&#10;&#9;&#9;// turn&#13;&#10;&#13;&#10;&#9;&#9;tabletOfTimesDawn = ACard.makeCard(image, &quot;Tablet of Time's Dawn&quot;,&#13;&#10;&#9;&#9;&#9;&#9;&quot;Enlightened&quot;, &quot;Construct&quot;, 5, 2, 1, map38);&#13;&#10;&#13;&#10;&#9;&#9;image = ImageIO&#13;&#10;&#9;&#9;&#9;&#9;.read(new File(&quot;cardImages/Heroes/Temple-Librarian.png&quot;));&#13;&#10;&#13;&#10;&#9;&#9;// TODO: Add the effect, discard one card then draw two&#13;&#10;&#13;&#10;&#9;&#9;templeLibrarian = ACard.makeCard(image, &quot;Temple Librarian&quot;,&#13;&#10;&#9;&#9;&#9;&#9;&quot;Enlightened&quot;, &quot;Hero&quot;, 2, 1, 3, map39);&#13;&#10;&#13;&#10;&#9;&#9;image = ImageIO.read(new File(&#13;&#10;&#9;&#9;&#9;&#9;&quot;cardImages/Constructs/The-All-Seeing-Eye.png&quot;));&#13;&#10;&#13;&#10;&#9;&#9;// TODO: Add the effect, once per turn you may draw a card&#13;&#10;&#13;&#10;&#9;&#9;theAllSeeingEye = ACard.makeCard(image, &quot;The All-Seeing Eye&quot;,&#13;&#10;&#9;&#9;&#9;&#9;&quot;Enlightened&quot;, &quot;Construct&quot;, 6, 2, 1, map40);&#13;&#10;&#13;&#10;&#9;&#9;image = ImageIO.read(new File(&#13;&#10;&#9;&#9;&#9;&#9;&quot;cardImages/Constructs/The-Grand-Design.png&quot;));&#13;&#10;&#13;&#10;&#9;&#9;// TODO: Add the effect, gain two runes towards a mechana construct&#13;&#10;&#13;&#10;&#9;&#9;theGrandDesign = ACard.makeCard(image, &quot;The Grand Design&quot;, &quot;Mechana&quot;,&#13;&#10;&#9;&#9;&#9;&#9;&quot;Construct&quot;, 6, 6, 2, map41);&#13;&#10;&#13;&#10;&#9;&#9;image = ImageIO&#13;&#10;&#9;&#9;&#9;&#9;.read(new File(&quot;cardImages/Monsters/Tormented-Soul.png&quot;));&#13;&#10;&#13;&#10;&#9;&#9;map42.put(HONOR, 1);&#13;&#10;&#9;&#9;map42.put(DRAW, 1);&#13;&#10;&#9;&#9;tormentedSoul = ACard.makeCard(image, &quot;Tormented Soul&quot;, &quot;Monster&quot;,&#13;&#10;&#9;&#9;&#9;&#9;&quot;Monster&quot;, 3, 1, 3, map42);&#13;&#10;&#13;&#10;&#9;&#9;image = ImageIO.read(new File(&quot;cardImages/Heroes/Twofold-Askara.png&quot;));&#13;&#10;&#13;&#10;&#9;&#9;// TODO: Add the effect, copy the effect of a hero played this turn&#13;&#10;&#13;&#10;&#9;&#9;twofoldAskara = ACard.makeCard(image, &quot;Twofold Askara&quot;, &quot;Enlightened&quot;,&#13;&#10;&#9;&#9;&#9;&#9;&quot;Hero&quot;, 4, 2, 1, map43);&#13;&#10;&#13;&#10;&#9;&#9;image = ImageIO.read(new File(&quot;cardImages/Heroes/Void-Initiate.png&quot;));&#13;&#10;&#13;&#10;&#9;&#9;// TODO: Add the effect, you may banish one from the hand or discard&#13;&#10;&#9;&#9;map44.put(RUNES, 1);&#13;&#10;&#9;&#9;voidInitiate = ACard.makeCard(image, &quot;Void Initiate&quot;, &quot;Void&quot;, &quot;Hero&quot;,&#13;&#10;&#9;&#9;&#9;&#9;1, 1, 3, map44);&#13;&#10;&#13;&#10;&#9;&#9;image = ImageIO&#13;&#10;&#9;&#9;&#9;&#9;.read(new File(&quot;cardImages/Constructs/Voidthirster.png&quot;));&#13;&#10;&#13;&#10;&#9;&#9;// TODO: Add the effect, once per turn gain one power and the first time&#13;&#10;&#9;&#9;// you kill a monster gain one honor&#13;&#10;&#13;&#10;&#9;&#9;voidthirster = ACard.makeCard(image, &quot;Voidthirster&quot;, &quot;Void&quot;,&#13;&#10;&#9;&#9;&#9;&#9;&quot;Construct&quot;, 5, 3, 2, map45);&#13;&#10;&#13;&#10;&#9;&#9;image = ImageIO.read(new File(&#13;&#10;&#9;&#9;&#9;&#9;&quot;cardImages/Constructs/Watchmakers-Altar.png&quot;));&#13;&#10;&#13;&#10;&#9;&#9;// TODO: Add the effect, once per turn gain one rune toward a mechana&#13;&#10;&#9;&#9;// construct&#13;&#10;&#13;&#10;&#9;&#9;watchmakersAltar = ACard.makeCard(image, &quot;Watchmaker's Altar&quot;,&#13;&#10;&#9;&#9;&#9;&#9;&quot;Mechana&quot;, &quot;Construct&quot;, 5, 5, 2, map46);&#13;&#10;&#13;&#10;&#9;&#9;image = ImageIO.read(new File(&quot;cardImages/Monsters/Wind-Tyrant.png&quot;));&#13;&#10;&#13;&#10;&#9;&#9;map47.put(HONOR, 3);&#13;&#10;&#9;&#9;map47.put(RUNES, 3);&#13;&#10;&#9;&#9;windTyrant = ACard.makeCard(image, &quot;Wind Tyrant&quot;, &quot;Monster&quot;, &quot;Monster&quot;,&#13;&#10;&#9;&#9;&#9;&#9;5, 3, 3, map47);&#13;&#10;&#13;&#10;&#9;&#9;image = ImageIO.read(new File(&#13;&#10;&#9;&#9;&#9;&#9;&quot;cardImages/Monsters/Xeron-Duke-of-Lies.png&quot;));&#13;&#10;&#13;&#10;&#9;&#9;// TODO: Add the effect, take a card out of each player's hand and add&#13;&#10;&#9;&#9;// it to your own&#13;&#10;&#13;&#10;&#9;&#9;xeronDukeOfLies = ACard.makeCard(image, &quot;Xeron, Duke of Lies&quot;,&#13;&#10;&#9;&#9;&#9;&#9;&quot;Monster&quot;, &quot;Monster&quot;, 6, 3, 1, map48);&#13;&#10;&#13;&#10;&#9;&#9;image = ImageIO.read(new File(&#13;&#10;&#9;&#9;&#9;&#9;&quot;cardImages/Constructs/Yggdrasil-Staff.png&quot;));&#13;&#10;&#13;&#10;&#9;&#9;// TODO: Add the effect, once per turn gain one power, you can pay 4&#13;&#10;&#9;&#9;// runes for 3 honor&#13;&#10;&#13;&#10;&#9;&#9;yggdrasilStaff = ACard.makeCard(image, &quot;Yggdrasil Staff&quot;, &quot;Lifebound&quot;,&#13;&#10;&#9;&#9;&#9;&#9;&quot;Construct&quot;, 4, 2, 2, map49);&#13;&#10;&#13;&#10;&#9;&#9;cards = new ACard[] { arhaInitiate, demonSlayer, wolfShaman,&#13;&#10;&#9;&#9;&#9;&#9;flyTrapWitch, asceticOfTheLidlessEye, emriOneWithTheVoid,&#13;&#10;&#9;&#9;&#9;&#9;arbiterOfThePrecipice, arhaTemplar, avatarGolem,&#13;&#10;&#9;&#9;&#9;&#9;avatarOfTheFallen, burrowerMarkII, cetraWeaverOfStars,&#13;&#10;&#9;&#9;&#9;&#9;corrosiveWidow, druidsOfTheStoneCircle, earthTyrant,&#13;&#10;&#9;&#9;&#9;&#9;hedronCannon, hedronLinkDevice, korTheFerromancer, landtalker,&#13;&#10;&#9;&#9;&#9;&#9;lifeboundInitiate, masterDhartha, mechanaInitiate, mephit,&#13;&#10;&#9;&#9;&#9;&#9;mistakeOfCreation, muramasa, oziahThePeerless, reactorMonk,&#13;&#10;&#9;&#9;&#9;&#9;rocketCourierX99, runicLycanthrope, samaelsTrickster,&#13;&#10;&#9;&#9;&#9;&#9;seaTyrant, seerOfTheForkedPath, shadeOfTheBlackWatch,&#13;&#10;&#9;&#9;&#9;&#9;shadowStar, snapdragon, spikeVixen, tabletOfTimesDawn,&#13;&#10;&#9;&#9;&#9;&#9;templeLibrarian, theAllSeeingEye, theGrandDesign,&#13;&#10;&#9;&#9;&#9;&#9;tormentedSoul, twofoldAskara, voidInitiate, voidthirster,&#13;&#10;&#9;&#9;&#9;&#9;watchmakersAltar, windTyrant, xeronDukeOfLies, yggdrasilStaff };&#13;&#10;&#9;}&#13;&#10;&#13;&#10;}&#13;&#10;" Filename="CardCollection.java" Intrnl_Id="7"/>
<SrcFile Content="/**&#13;&#10; * &#13;&#10; */&#13;&#10;package devops.hw1.core;&#13;&#10;&#13;&#10;import java.io.IOException;&#13;&#10;import java.util.ArrayList;&#13;&#10;import java.util.Collections;&#13;&#10;import java.util.LinkedList;&#13;&#10;&#13;&#10;/**&#13;&#10; * @author fenogljc&#13;&#10; * @author gneezyn&#13;&#10; * @author heshelhj&#13;&#10; * @author bishopcc&#13;&#10; */&#13;&#10;public class Board {&#13;&#10;&#13;&#10;&#9;private ArrayList&lt;ACard&gt; theVoid;&#13;&#10;&#9;private LinkedList&lt;ACard&gt; cenDeck;&#13;&#10;&#9;private ACard[] cenField;&#13;&#10;&#9;private ACard cultist;&#13;&#10;&#9;private ACard heavyInf;&#13;&#10;&#9;private ACard mystic;&#13;&#10;&#13;&#10;&#9;/**&#13;&#10;&#9; * The default constructor for the Board Class.&#13;&#10;&#9; * &#13;&#10;&#9; */&#13;&#10;&#9;public Board() {&#13;&#10;&#9;&#9;try {&#13;&#10;&#9;&#9;&#9;new CardCollection();&#13;&#10;&#9;&#9;} catch (IOException exception) {&#13;&#10;&#9;&#9;&#9;System.out.println(&quot;File not found&quot;);&#13;&#10;&#9;&#9;}&#13;&#10;&#9;&#9;this.theVoid = new ArrayList&lt;ACard&gt;();&#13;&#10;&#9;&#9;this.cenDeck = new LinkedList&lt;ACard&gt;();&#13;&#10;&#9;&#9;this.cenField = new ACard[6];&#13;&#10;&#13;&#10;&#9;&#9;initializeCenterDeck();&#13;&#10;&#13;&#10;&#9;&#9;this.cultist = ACard.makeCard();&#13;&#10;&#9;&#9;this.heavyInf = ACard.makeCard();&#13;&#10;&#9;&#9;this.mystic = ACard.makeCard();&#13;&#10;&#9;}&#13;&#10;&#13;&#10;&#9;/**&#13;&#10;&#9; * This method fills the deck with the necessary cards and fills the center&#13;&#10;&#9; * row with the top cards of the deck.&#13;&#10;&#9; */&#13;&#10;&#13;&#10;&#9;private void initializeCenterDeck() {&#13;&#10;&#9;&#9;for (int i = 0; i &lt; CardCollection.cards.length; i++) {&#13;&#10;&#9;&#9;&#9;for (int j = 0; j &lt; CardCollection.cards[i].rarity; j++) {&#13;&#10;&#9;&#9;&#9;&#9;this.cenDeck.add(CardCollection.cards[i]);&#13;&#10;&#9;&#9;&#9;}&#13;&#10;&#9;&#9;}&#13;&#10;&#9;&#9;Collections.shuffle(this.cenDeck);&#13;&#10;&#9;&#9;for (int m = 0; m &lt; 6; m++) {&#13;&#10;&#9;&#9;&#9;centerDeckToField(m);&#13;&#10;&#9;&#9;}&#13;&#10;&#9;}&#13;&#10;&#13;&#10;&#9;/**&#13;&#10;&#9; * @return the Void field (where banished cards and defeated Monsters go)&#13;&#10;&#9; */&#13;&#10;&#9;public ArrayList&lt;ACard&gt; getVoid() {&#13;&#10;&#9;&#9;return this.theVoid;&#13;&#10;&#9;}&#13;&#10;&#13;&#10;&#9;/**&#13;&#10;&#9; * &#13;&#10;&#9; * Adds the passed card to the void&#13;&#10;&#9; *&#13;&#10;&#9; * @param card&#13;&#10;&#9; *            to be added to the void pile&#13;&#10;&#9; */&#13;&#10;&#9;public void sendToVoid(ACard card) {&#13;&#10;&#9;&#9;if (card == null) {&#13;&#10;&#9;&#9;&#9;return;&#13;&#10;&#9;&#9;}&#13;&#10;&#9;&#9;this.theVoid.add(card);&#13;&#10;&#9;}&#13;&#10;&#13;&#10;&#9;/**&#13;&#10;&#9; * @return the Center Deck&#13;&#10;&#9; */&#13;&#10;&#9;public LinkedList&lt;ACard&gt; getCenDeck() {&#13;&#10;&#9;&#9;return this.cenDeck;&#13;&#10;&#9;}&#13;&#10;&#13;&#10;&#9;/**&#13;&#10;&#9; * @return the Cultist (Standard) Card&#13;&#10;&#9; */&#13;&#10;&#9;public ACard getCultist() {&#13;&#10;&#9;&#9;return this.cultist;&#13;&#10;&#9;}&#13;&#10;&#13;&#10;&#9;/**&#13;&#10;&#9; * @return the Heavy Infantry (Standard) Card&#13;&#10;&#9; */&#13;&#10;&#9;public ACard getHeavyInf() {&#13;&#10;&#9;&#9;return this.heavyInf;&#13;&#10;&#9;}&#13;&#10;&#13;&#10;&#9;/**&#13;&#10;&#9; * @return the Mystic (Standard) Card&#13;&#10;&#9; */&#13;&#10;&#9;public ACard getMystic() {&#13;&#10;&#9;&#9;return this.mystic;&#13;&#10;&#9;}&#13;&#10;&#13;&#10;&#9;/**&#13;&#10;&#9; * Moves the card from the Center Deck to the Center Field&#13;&#10;&#9; * &#13;&#10;&#9; * @param cenCard&#13;&#10;&#9; *            the card to move&#13;&#10;&#9; * @param index&#13;&#10;&#9; *            the index on the Center Field that the card is moving to (base&#13;&#10;&#9; *            zero)&#13;&#10;&#9; */&#13;&#10;&#9;public void centerDeckToField(int index) {&#13;&#10;&#9;&#9;ACard card = this.cenDeck.remove();&#13;&#10;&#9;&#9;this.cenField[index] = card;&#13;&#10;&#9;}&#13;&#10;&#13;&#10;&#9;/**&#13;&#10;&#9; * &#13;&#10;&#9; * gets the center row&#13;&#10;&#9; *&#13;&#10;&#9; * @return the center cards&#13;&#10;&#9; */&#13;&#10;&#9;public ACard[] getCenField() {&#13;&#10;&#9;&#9;return this.cenField;&#13;&#10;&#9;}&#13;&#10;}&#13;&#10;" Filename="Board.java" Intrnl_Id="8"/>
<SrcFile Content="/**&#13;&#10; * &#13;&#10; */&#13;&#10;package devops.hw1.core;&#13;&#10;&#13;&#10;import java.awt.image.BufferedImage;&#13;&#10;import java.util.ArrayList;&#13;&#10;import java.util.HashMap;&#13;&#10;&#13;&#10;/**&#13;&#10; * @author fenogljc&#13;&#10; * &#13;&#10; */&#13;&#10;public abstract class ACard {&#13;&#10;&#13;&#10;&#9;protected int cost;&#13;&#10;&#9;protected HashMap&lt;String, Integer&gt; effects = new HashMap&lt;String, Integer&gt;();&#13;&#10;&#9;protected String faction;&#13;&#10;&#9;protected String name;&#13;&#10;&#9;protected int honor;&#13;&#10;&#9;protected int rarity;&#13;&#10;&#9;protected BufferedImage image;&#13;&#10;&#13;&#10;&#9;/**&#13;&#10;&#9; * This returns a card with zero cost and no other special attributes.&#13;&#10;&#9; * &#13;&#10;&#9; * @return&#13;&#10;&#9; */&#13;&#10;&#13;&#10;&#9;public static ACard makeCard() {&#13;&#10;&#9;&#9;return new HeroCard();&#13;&#10;&#9;}&#13;&#10;&#13;&#10;&#9;/**&#13;&#10;&#9; * This returns a card with cost equal to the input with no other special&#13;&#10;&#9; * attributes.&#13;&#10;&#9; * &#13;&#10;&#9; * @param i&#13;&#10;&#9; * @return&#13;&#10;&#9; */&#13;&#10;&#13;&#10;&#9;public static ACard makeCard(int i) {&#13;&#10;&#9;&#9;return new HeroCard(i);&#13;&#10;&#9;}&#13;&#10;&#13;&#10;&#9;/**&#13;&#10;&#9; * This returns a card with the given information.&#13;&#10;&#9; * &#13;&#10;&#9; * @param image&#13;&#10;&#9; *            the image of the card (as .png file)&#13;&#10;&#9; * @param name&#13;&#10;&#9; *            the name of the card (i.e. &quot;Cultist&quot;)&#13;&#10;&#9; * @param faction&#13;&#10;&#9; *            the card's faction (i.e. &quot;Lifebound&quot;)&#13;&#10;&#9; * @param type&#13;&#10;&#9; *            the card's type (i.e. Hero, Monster, etc.)&#13;&#10;&#9; * @param cost&#13;&#10;&#9; *            the amount paid to obtain the card (in runes or power)&#13;&#10;&#9; * @param honor&#13;&#10;&#9; *            the amount of honor that the card is worth&#13;&#10;&#9; * @param rarity&#13;&#10;&#9; *            the number of occurrences of the card in the game&#13;&#10;&#9; * @param effects&#13;&#10;&#9; *            a HashMap of the card's effect(s)&#13;&#10;&#9; * @return&#13;&#10;&#9; */&#13;&#10;&#9;public static ACard makeCard(BufferedImage image, String name,&#13;&#10;&#9;&#9;&#9;String faction, String type, int cost, int honor, int rarity,&#13;&#10;&#9;&#9;&#9;HashMap&lt;String, Integer&gt; effects) {&#13;&#10;&#9;&#9;// array list of accepted card types (all in lower case, for&#13;&#10;&#9;&#9;// consistency)&#13;&#10;&#9;&#9;ArrayList&lt;String&gt; acceptedTypes = new ArrayList&lt;String&gt;();&#13;&#10;&#9;&#9;acceptedTypes.add(&quot;hero&quot;);&#13;&#10;&#9;&#9;acceptedTypes.add(&quot;monster&quot;);&#13;&#10;&#9;&#9;acceptedTypes.add(&quot;construct&quot;);&#13;&#10;&#9;&#9;acceptedTypes.add(&quot;standard&quot;);&#13;&#10;&#13;&#10;&#9;&#9;// before returning the card, need to do input validation&#13;&#10;&#9;&#9;if (name == null || type == null) {&#13;&#10;&#9;&#9;&#9;throw new NullPointerException(&#13;&#10;&#9;&#9;&#9;&#9;&#9;&quot;The following values can not be null for a card: &quot;&#13;&#10;&#9;&#9;&#9;&#9;&#9;&#9;&#9;+ &quot;name, type, cost, honor, rarity, and effect.&quot;);&#13;&#10;&#9;&#9;} else if (effects.keySet().contains(null)) {&#13;&#10;&#9;&#9;&#9;throw new NullPointerException(&#13;&#10;&#9;&#9;&#9;&#9;&#9;&quot;The following values can not be null for a card: &quot;&#13;&#10;&#9;&#9;&#9;&#9;&#9;&#9;&#9;+ &quot;name, type, cost, honor, rarity, and effect.&quot;);&#13;&#10;&#9;&#9;} else if (effects.keySet().contains(&quot;&quot;)&#13;&#10;&#9;&#9;&#9;&#9;|| effects.values().contains(0)) {&#13;&#10;&#9;&#9;&#9;throw new IllegalArgumentException(&#13;&#10;&#9;&#9;&#9;&#9;&#9;&quot;One or more of the arguments given for the card &quot;&#13;&#10;&#9;&#9;&#9;&#9;&#9;&#9;&#9;+ &quot;were not correct.&quot;);&#13;&#10;&#9;&#9;} else if (!(acceptedTypes.contains(type.toLowerCase()))) {&#13;&#10;&#9;&#9;&#9;throw new IllegalArgumentException(&#13;&#10;&#9;&#9;&#9;&#9;&#9;&quot;One or more of the arguments given for the card &quot;&#13;&#10;&#9;&#9;&#9;&#9;&#9;&#9;&#9;+ &quot;were not correct.&quot;);&#13;&#10;&#9;&#9;}&#13;&#10;&#13;&#10;&#9;&#9;// TODO: Make this not only be able to return hero cards&#13;&#10;&#13;&#10;&#9;&#9;return new HeroCard(image, name, faction, cost, honor, rarity, effects);&#13;&#10;&#9;}&#13;&#10;&#13;&#10;&#9;/**&#13;&#10;&#9; * @return the faction&#13;&#10;&#9; */&#13;&#10;&#9;public String getFaction() {&#13;&#10;&#9;&#9;return faction;&#13;&#10;&#9;}&#13;&#10;&#13;&#10;&#9;/**&#13;&#10;&#9; * @param faction&#13;&#10;&#9; *            the faction to set&#13;&#10;&#9; */&#13;&#10;&#9;public void setFaction(String faction) {&#13;&#10;&#9;&#9;this.faction = faction;&#13;&#10;&#9;}&#13;&#10;&#13;&#10;&#9;/**&#13;&#10;&#9; * @return the name&#13;&#10;&#9; */&#13;&#10;&#9;public String getName() {&#13;&#10;&#9;&#9;return name;&#13;&#10;&#9;}&#13;&#10;&#13;&#10;&#9;/**&#13;&#10;&#9; * @param name&#13;&#10;&#9; *            the name to set&#13;&#10;&#9; */&#13;&#10;&#9;public void setName(String name) {&#13;&#10;&#9;&#9;this.name = name;&#13;&#10;&#9;}&#13;&#10;&#13;&#10;&#9;/**&#13;&#10;&#9; * @return the honor&#13;&#10;&#9; */&#13;&#10;&#9;public int getHonor() {&#13;&#10;&#9;&#9;return honor;&#13;&#10;&#9;}&#13;&#10;&#13;&#10;&#9;/**&#13;&#10;&#9; * @param honor&#13;&#10;&#9; *            the honor to set&#13;&#10;&#9; */&#13;&#10;&#9;public void setHonor(int honor) {&#13;&#10;&#9;&#9;this.honor = honor;&#13;&#10;&#9;}&#13;&#10;&#13;&#10;&#9;/**&#13;&#10;&#9; * @return the rarity&#13;&#10;&#9; */&#13;&#10;&#9;public int getRarity() {&#13;&#10;&#9;&#9;return rarity;&#13;&#10;&#9;}&#13;&#10;&#13;&#10;&#9;/**&#13;&#10;&#9; * @param rarity&#13;&#10;&#9; *            the rarity to set&#13;&#10;&#9; */&#13;&#10;&#9;public void setRarity(int rarity) {&#13;&#10;&#9;&#9;this.rarity = rarity;&#13;&#10;&#9;}&#13;&#10;&#13;&#10;&#9;/**&#13;&#10;&#9; * @return the image&#13;&#10;&#9; */&#13;&#10;&#9;public BufferedImage getImage() {&#13;&#10;&#9;&#9;return image;&#13;&#10;&#9;}&#13;&#10;&#13;&#10;&#9;/**&#13;&#10;&#9; * @param image&#13;&#10;&#9; *            the image to set&#13;&#10;&#9; */&#13;&#10;&#9;public void setImage(BufferedImage image) {&#13;&#10;&#9;&#9;this.image = image;&#13;&#10;&#9;}&#13;&#10;&#13;&#10;&#9;/**&#13;&#10;&#9; * @param effects&#13;&#10;&#9; *            the effects to set&#13;&#10;&#9; */&#13;&#10;&#9;public void setEffects(HashMap&lt;String, Integer&gt; effects) {&#13;&#10;&#9;&#9;this.effects = effects;&#13;&#10;&#9;}&#13;&#10;&#13;&#10;&#9;/**&#13;&#10;&#9; * Returns that cost of the card.&#13;&#10;&#9; * &#13;&#10;&#9; * @return&#13;&#10;&#9; */&#13;&#10;&#9;public int getCost() {&#13;&#10;&#9;&#9;return this.cost;&#13;&#10;&#9;}&#13;&#10;&#13;&#10;&#9;/**&#13;&#10;&#9; * Sets the cost of the card.&#13;&#10;&#9; * &#13;&#10;&#9; * @return&#13;&#10;&#9; */&#13;&#10;&#9;public void setCost(int i) {&#13;&#10;&#9;&#9;this.cost = i;&#13;&#10;&#9;}&#13;&#10;&#13;&#10;&#9;/**&#13;&#10;&#9; * Returns the hashmap of effects the card has.&#13;&#10;&#9; * &#13;&#10;&#9; * @return&#13;&#10;&#9; */&#13;&#10;&#9;public HashMap&lt;String, Integer&gt; getEffects() {&#13;&#10;&#9;&#9;return this.effects;&#13;&#10;&#9;}&#13;&#10;&#13;&#10;&#9;/**&#13;&#10;&#9; * Puts an effect string and integer value pair into the hashmap of effects&#13;&#10;&#9; * for the card.&#13;&#10;&#9; * &#13;&#10;&#9; * @param effect&#13;&#10;&#9; * @param value&#13;&#10;&#9; */&#13;&#10;&#9;public void setEffect(String effect, int value) {&#13;&#10;&#9;&#9;if (effect == null) {&#13;&#10;&#9;&#9;&#9;return;&#13;&#10;&#9;&#9;}&#13;&#10;&#9;&#9;this.effects.put(effect, value);&#13;&#10;&#9;}&#13;&#10;&#13;&#10;&#9;public int getStrength() {&#13;&#10;&#9;&#9;return this.cost;&#13;&#10;&#9;}&#13;&#10;&#13;&#10;}&#13;&#10;" Filename="ACard.java" Intrnl_Id="9"/>
</SrcFileList>
<CritList>
<CritListEntry Name="org.codecover.model.utils.criteria.LoopCoverage" PluginName="org.codecover"/>
<CritListEntry Name="org.codecover.model.utils.criteria.QMOCoverage" PluginName="org.codecover"/>
<CritListEntry Name="org.codecover.model.utils.criteria.ConditionCoverage" PluginName="org.codecover"/>
<CritListEntry Name="org.codecover.model.utils.criteria.BranchCoverage" PluginName="org.codecover"/>
<CritListEntry Name="org.codecover.model.utils.criteria.SynchronizedStatementCoverage" PluginName="org.codecover"/>
<CritListEntry Name="org.codecover.model.utils.criteria.StatementCoverage" PluginName="org.codecover"/>
</CritList>
<BoolOpList>
<BoolOp Arity="2" Intrnl_Id="10" Name="conditional and (&amp;&amp;)">
<BoolAssgnmntBoolMapList>
<MapEntry BoolAssgnmnt="02" Value="false"/>
<MapEntry BoolAssgnmnt="10" Value="false"/>
<MapEntry BoolAssgnmnt="11" Value="true"/>
</BoolAssgnmntBoolMapList>
</BoolOp>
<BoolOp Arity="2" Intrnl_Id="11" Name="conditional or (||)">
<BoolAssgnmntBoolMapList>
<MapEntry BoolAssgnmnt="00" Value="false"/>
<MapEntry BoolAssgnmnt="01" Value="true"/>
<MapEntry BoolAssgnmnt="12" Value="true"/>
</BoolAssgnmntBoolMapList>
</BoolOp>
<BoolOp Arity="1" Intrnl_Id="12" Name="not (!)">
<BoolAssgnmntBoolMapList>
<MapEntry BoolAssgnmnt="1" Value="false"/>
<MapEntry BoolAssgnmnt="0" Value="true"/>
</BoolAssgnmntBoolMapList>
</BoolOp>
</BoolOpList>
<HierarchyLvlTypeList>
<HierarchyLvlType EnglishName="package" IntrnlName="package" Intrnl_Id="13"/>
<HierarchyLvlType EnglishName="method" IntrnlName="method" Intrnl_Id="14"/>
<HierarchyLvlType EnglishName="class" IntrnlName="class" Intrnl_Id="15"/>
<HierarchyLvlType EnglishName="default package" IntrnlName="default package" Intrnl_Id="16"/>
</HierarchyLvlTypeList>
<MASTRoot>
<HierarchyLvl HierarchyLvlId="14869" HierarchyLvlTypeId="16" Intrnl_Id="17" Name="default package">
<Header/>
<LocList/>
<HierarchyLvl HierarchyLvlId="14868" HierarchyLvlTypeId="13" Intrnl_Id="18" Name="devops">
<Header/>
<LocList/>
<HierarchyLvl HierarchyLvlId="14867" HierarchyLvlTypeId="13" Intrnl_Id="19" Name="hw1">
<Header/>
<LocList/>
<HierarchyLvl HierarchyLvlId="14866" HierarchyLvlTypeId="13" Intrnl_Id="20" Name="core">
<Header/>
<LocList/>
<HierarchyLvl HierarchyLvlId="14810" HierarchyLvlTypeId="15" Intrnl_Id="21" Name="Player">
<Header>
<Loc EndOffset="270" SrcFileId="1" StartOffset="251"/>
</Header>
<LocList>
<Loc EndOffset="7007" SrcFileId="1" StartOffset="251"/>
</LocList>
<HierarchyLvl HierarchyLvlId="14784" HierarchyLvlTypeId="14" Intrnl_Id="22" Name="Player">
<Header>
<Loc EndOffset="586" SrcFileId="1" StartOffset="570"/>
</Header>
<LocList>
<Loc EndOffset="933" SrcFileId="1" StartOffset="570"/>
</LocList>
<StmntSeq Intrnl_Id="23">
<LocList>
<Loc EndOffset="623" SrcFileId="1" StartOffset="602"/>
<Loc EndOffset="704" SrcFileId="1" StartOffset="592"/>
<Loc EndOffset="750" SrcFileId="1" StartOffset="708"/>
<Loc EndOffset="795" SrcFileId="1" StartOffset="754"/>
<Loc EndOffset="841" SrcFileId="1" StartOffset="799"/>
<Loc EndOffset="867" SrcFileId="1" StartOffset="845"/>
<Loc EndOffset="908" SrcFileId="1" StartOffset="871"/>
<Loc EndOffset="929" SrcFileId="1" StartOffset="912"/>
</LocList>
<BasicStmnt CovItemId="S2" CovItemPrefix="devops.hw1.core.Player.java" Intrnl_Id="24">
<LocList>
<Loc EndOffset="623" SrcFileId="1" StartOffset="602"/>
</LocList>
</BasicStmnt>
<CondStmnt CovItemId="S1" CovItemPrefix="devops.hw1.core.Player.java" Intrnl_Id="25">
<Branch CovItemId="B1" CovItemPrefix="devops.hw1.core.Player.java" Implct="true" Intrnl_Id="26">
<Cond/>
<LocList/>
<StmntSeq Intrnl_Id="27">
<LocList/>
</StmntSeq>
</Branch>
<Branch CovItemId="B2" CovItemPrefix="devops.hw1.core.Player.java" Implct="false" Intrnl_Id="28">
<Cond>
<Loc EndOffset="650" SrcFileId="1" StartOffset="629"/>
</Cond>
<LocList>
<Loc EndOffset="704" SrcFileId="1" StartOffset="651"/>
</LocList>
<StmntSeq Intrnl_Id="29">
<LocList>
<Loc EndOffset="699" SrcFileId="1" StartOffset="657"/>
</LocList>
<BasicStmnt CovItemId="S3" CovItemPrefix="devops.hw1.core.Player.java" Intrnl_Id="30">
<LocList>
<Loc EndOffset="699" SrcFileId="1" StartOffset="657"/>
</LocList>
</BasicStmnt>
</StmntSeq>
</Branch>
<Keyword EndOffset="595" SrcFileId="1" StartOffset="592"/>
<LocList>
<Loc EndOffset="704" SrcFileId="1" StartOffset="592"/>
</LocList>
</CondStmnt>
<BasicStmnt CovItemId="S4" CovItemPrefix="devops.hw1.core.Player.java" Intrnl_Id="31">
<LocList>
<Loc EndOffset="750" SrcFileId="1" StartOffset="708"/>
</LocList>
</BasicStmnt>
<BasicStmnt CovItemId="S5" CovItemPrefix="devops.hw1.core.Player.java" Intrnl_Id="32">
<LocList>
<Loc EndOffset="795" SrcFileId="1" StartOffset="754"/>
</LocList>
</BasicStmnt>
<BasicStmnt CovItemId="S6" CovItemPrefix="devops.hw1.core.Player.java" Intrnl_Id="33">
<LocList>
<Loc EndOffset="841" SrcFileId="1" StartOffset="799"/>
</LocList>
</BasicStmnt>
<BasicStmnt CovItemId="S7" CovItemPrefix="devops.hw1.core.Player.java" Intrnl_Id="34">
<LocList>
<Loc EndOffset="867" SrcFileId="1" StartOffset="845"/>
</LocList>
</BasicStmnt>
<BasicStmnt CovItemId="S8" CovItemPrefix="devops.hw1.core.Player.java" Intrnl_Id="35">
<LocList>
<Loc EndOffset="908" SrcFileId="1" StartOffset="871"/>
</LocList>
</BasicStmnt>
<BasicStmnt CovItemId="S9" CovItemPrefix="devops.hw1.core.Player.java" Intrnl_Id="36">
<LocList>
<Loc EndOffset="929" SrcFileId="1" StartOffset="912"/>
</LocList>
</BasicStmnt>
</StmntSeq>
</HierarchyLvl>
<HierarchyLvl HierarchyLvlId="14785" HierarchyLvlTypeId="14" Intrnl_Id="37" Name="initialiseDeck">
<Header>
<Loc EndOffset="984" SrcFileId="1" StartOffset="956"/>
</Header>
<LocList>
<Loc EndOffset="1165" SrcFileId="1" StartOffset="956"/>
</LocList>
<StmntSeq Intrnl_Id="38">
<LocList>
<Loc EndOffset="1075" SrcFileId="1" StartOffset="990"/>
<Loc EndOffset="1161" SrcFileId="1" StartOffset="1079"/>
</LocList>
<LoopStmnt CovItemId="S10" CovItemPrefix="devops.hw1.core.Player.java" Intrnl_Id="39" MltplExecId="L1-2" MltplExecPrefix="devops.hw1.core.Player.java" NvrExecId="L1-0" NvrExecPrefix="devops.hw1.core.Player.java" OnceExecutedId="L1-1" OnceExecutedPrefix="devops.hw1.core.Player.java" OptBodyExec="true">
<StmntSeq Intrnl_Id="40">
<LocList>
<Loc EndOffset="1070" SrcFileId="1" StartOffset="1024"/>
</LocList>
<BasicStmnt CovItemId="S11" CovItemPrefix="devops.hw1.core.Player.java" Intrnl_Id="41">
<LocList>
<Loc EndOffset="1070" SrcFileId="1" StartOffset="1024"/>
</LocList>
</BasicStmnt>
</StmntSeq>
<Keyword EndOffset="993" SrcFileId="1" StartOffset="990"/>
<LocList>
<Loc EndOffset="1075" SrcFileId="1" StartOffset="990"/>
</LocList>
<RootTerm CovItemId="C1" CovItemPrefix="devops.hw1.core.Player.java" Intrnl_Id="42">
<BasicBoolTerm Intrnl_Id="43">
<LocList>
<Loc EndOffset="1011" SrcFileId="1" StartOffset="1006"/>
</LocList>
</BasicBoolTerm>
</RootTerm>
</LoopStmnt>
<LoopStmnt CovItemId="S12" CovItemPrefix="devops.hw1.core.Player.java" Intrnl_Id="44" MltplExecId="L2-2" MltplExecPrefix="devops.hw1.core.Player.java" NvrExecId="L2-0" NvrExecPrefix="devops.hw1.core.Player.java" OnceExecutedId="L2-1" OnceExecutedPrefix="devops.hw1.core.Player.java" OptBodyExec="true">
<StmntSeq Intrnl_Id="45">
<LocList>
<Loc EndOffset="1156" SrcFileId="1" StartOffset="1113"/>
</LocList>
<BasicStmnt CovItemId="S13" CovItemPrefix="devops.hw1.core.Player.java" Intrnl_Id="46">
<LocList>
<Loc EndOffset="1156" SrcFileId="1" StartOffset="1113"/>
</LocList>
</BasicStmnt>
</StmntSeq>
<Keyword EndOffset="1082" SrcFileId="1" StartOffset="1079"/>
<LocList>
<Loc EndOffset="1161" SrcFileId="1" StartOffset="1079"/>
</LocList>
<RootTerm CovItemId="C2" CovItemPrefix="devops.hw1.core.Player.java" Intrnl_Id="47">
<BasicBoolTerm Intrnl_Id="48">
<LocList>
<Loc EndOffset="1100" SrcFileId="1" StartOffset="1095"/>
</LocList>
</BasicBoolTerm>
</RootTerm>
</LoopStmnt>
</StmntSeq>
</HierarchyLvl>
<HierarchyLvl HierarchyLvlId="14786" HierarchyLvlTypeId="14" Intrnl_Id="49" Name="endTurn">
<Header>
<Loc EndOffset="1310" SrcFileId="1" StartOffset="1289"/>
</Header>
<LocList>
<Loc EndOffset="1463" SrcFileId="1" StartOffset="1289"/>
</LocList>
<StmntSeq Intrnl_Id="50">
<LocList>
<Loc EndOffset="1356" SrcFileId="1" StartOffset="1316"/>
<Loc EndOffset="1383" SrcFileId="1" StartOffset="1360"/>
<Loc EndOffset="1404" SrcFileId="1" StartOffset="1387"/>
<Loc EndOffset="1438" SrcFileId="1" StartOffset="1408"/>
<Loc EndOffset="1459" SrcFileId="1" StartOffset="1442"/>
</LocList>
<BasicStmnt CovItemId="S14" CovItemPrefix="devops.hw1.core.Player.java" Intrnl_Id="51">
<LocList>
<Loc EndOffset="1356" SrcFileId="1" StartOffset="1316"/>
</LocList>
</BasicStmnt>
<BasicStmnt CovItemId="S15" CovItemPrefix="devops.hw1.core.Player.java" Intrnl_Id="52">
<LocList>
<Loc EndOffset="1383" SrcFileId="1" StartOffset="1360"/>
</LocList>
</BasicStmnt>
<BasicStmnt CovItemId="S16" CovItemPrefix="devops.hw1.core.Player.java" Intrnl_Id="53">
<LocList>
<Loc EndOffset="1404" SrcFileId="1" StartOffset="1387"/>
</LocList>
</BasicStmnt>
<BasicStmnt CovItemId="S17" CovItemPrefix="devops.hw1.core.Player.java" Intrnl_Id="54">
<LocList>
<Loc EndOffset="1438" SrcFileId="1" StartOffset="1408"/>
</LocList>
</BasicStmnt>
<BasicStmnt CovItemId="S18" CovItemPrefix="devops.hw1.core.Player.java" Intrnl_Id="55">
<LocList>
<Loc EndOffset="1459" SrcFileId="1" StartOffset="1442"/>
</LocList>
</BasicStmnt>
</StmntSeq>
</HierarchyLvl>
<HierarchyLvl HierarchyLvlId="14787" HierarchyLvlTypeId="14" Intrnl_Id="56" Name="makePlayer">
<Header>
<Loc EndOffset="1575" SrcFileId="1" StartOffset="1542"/>
</Header>
<LocList>
<Loc EndOffset="1638" SrcFileId="1" StartOffset="1542"/>
</LocList>
<StmntSeq Intrnl_Id="57">
<LocList>
<Loc EndOffset="1613" SrcFileId="1" StartOffset="1581"/>
<Loc EndOffset="1634" SrcFileId="1" StartOffset="1617"/>
</LocList>
<BasicStmnt CovItemId="S19" CovItemPrefix="devops.hw1.core.Player.java" Intrnl_Id="58">
<LocList>
<Loc EndOffset="1613" SrcFileId="1" StartOffset="1581"/>
</LocList>
</BasicStmnt>
<BasicStmnt CovItemId="S20" CovItemPrefix="devops.hw1.core.Player.java" Intrnl_Id="59">
<LocList>
<Loc EndOffset="1634" SrcFileId="1" StartOffset="1617"/>
</LocList>
</BasicStmnt>
</StmntSeq>
</HierarchyLvl>
<HierarchyLvl HierarchyLvlId="14788" HierarchyLvlTypeId="14" Intrnl_Id="60" Name="addRunes">
<Header>
<Loc EndOffset="1781" SrcFileId="1" StartOffset="1754"/>
</Header>
<LocList>
<Loc EndOffset="1858" SrcFileId="1" StartOffset="1754"/>
</LocList>
<StmntSeq Intrnl_Id="61">
<LocList>
<Loc EndOffset="1854" SrcFileId="1" StartOffset="1787"/>
</LocList>
<BasicStmnt CovItemId="S21" CovItemPrefix="devops.hw1.core.Player.java" Intrnl_Id="62">
<LocList>
<Loc EndOffset="1854" SrcFileId="1" StartOffset="1787"/>
</LocList>
<QMO CovItemId="Q0" CovItemPrefix="devops.hw1.core.Player.java" Intrnl_Id="63">
<LocList>
<Loc EndOffset="1826" SrcFileId="1" StartOffset="1801"/>
</LocList>
<QMO_E CovItemId="Q0-0" CovItemPrefix="devops.hw1.core.Player.java" Intrnl_Id="64">
<LocList>
<Loc EndOffset="1848" SrcFileId="1" StartOffset="1829"/>
</LocList>
</QMO_E>
<QMO_E CovItemId="Q0-1" CovItemPrefix="devops.hw1.core.Player.java" Intrnl_Id="65">
<LocList>
<Loc EndOffset="1852" SrcFileId="1" StartOffset="1851"/>
</LocList>
</QMO_E>
</QMO>
</BasicStmnt>
</StmntSeq>
</HierarchyLvl>
<HierarchyLvl HierarchyLvlId="14789" HierarchyLvlTypeId="14" Intrnl_Id="66" Name="getRunes">
<Header>
<Loc EndOffset="1989" SrcFileId="1" StartOffset="1968"/>
</Header>
<LocList>
<Loc EndOffset="2017" SrcFileId="1" StartOffset="1968"/>
</LocList>
<StmntSeq Intrnl_Id="67">
<LocList>
<Loc EndOffset="2013" SrcFileId="1" StartOffset="1995"/>
</LocList>
<BasicStmnt CovItemId="S22" CovItemPrefix="devops.hw1.core.Player.java" Intrnl_Id="68">
<LocList>
<Loc EndOffset="2013" SrcFileId="1" StartOffset="1995"/>
</LocList>
</BasicStmnt>
</StmntSeq>
</HierarchyLvl>
<HierarchyLvl HierarchyLvlId="14790" HierarchyLvlTypeId="14" Intrnl_Id="69" Name="setRunes">
<Header>
<Loc EndOffset="2194" SrcFileId="1" StartOffset="2163"/>
</Header>
<LocList>
<Loc EndOffset="2223" SrcFileId="1" StartOffset="2163"/>
</LocList>
<StmntSeq Intrnl_Id="70">
<LocList>
<Loc EndOffset="2219" SrcFileId="1" StartOffset="2200"/>
</LocList>
<BasicStmnt CovItemId="S23" CovItemPrefix="devops.hw1.core.Player.java" Intrnl_Id="71">
<LocList>
<Loc EndOffset="2219" SrcFileId="1" StartOffset="2200"/>
</LocList>
</BasicStmnt>
</StmntSeq>
</HierarchyLvl>
<HierarchyLvl HierarchyLvlId="14791" HierarchyLvlTypeId="14" Intrnl_Id="72" Name="getDiscardSize">
<Header>
<Loc EndOffset="2338" SrcFileId="1" StartOffset="2311"/>
</Header>
<LocList>
<Loc EndOffset="2379" SrcFileId="1" StartOffset="2311"/>
</LocList>
<StmntSeq Intrnl_Id="73">
<LocList>
<Loc EndOffset="2375" SrcFileId="1" StartOffset="2344"/>
</LocList>
<BasicStmnt CovItemId="S24" CovItemPrefix="devops.hw1.core.Player.java" Intrnl_Id="74">
<LocList>
<Loc EndOffset="2375" SrcFileId="1" StartOffset="2344"/>
</LocList>
</BasicStmnt>
</StmntSeq>
</HierarchyLvl>
<HierarchyLvl HierarchyLvlId="14792" HierarchyLvlTypeId="14" Intrnl_Id="75" Name="discard">
<Header>
<Loc EndOffset="2503" SrcFileId="1" StartOffset="2472"/>
</Header>
<LocList>
<Loc EndOffset="2638" SrcFileId="1" StartOffset="2472"/>
</LocList>
<StmntSeq Intrnl_Id="76">
<LocList>
<Loc EndOffset="2603" SrcFileId="1" StartOffset="2509"/>
<Loc EndOffset="2634" SrcFileId="1" StartOffset="2607"/>
</LocList>
<CondStmnt CovItemId="S25" CovItemPrefix="devops.hw1.core.Player.java" Intrnl_Id="77">
<Branch CovItemId="B3" CovItemPrefix="devops.hw1.core.Player.java" Implct="false" Intrnl_Id="78">
<Cond/>
<LocList>
<Loc EndOffset="2603" SrcFileId="1" StartOffset="2527"/>
</LocList>
<StmntSeq Intrnl_Id="79">
<LocList>
<Loc EndOffset="2586" SrcFileId="1" StartOffset="2533"/>
<Loc EndOffset="2598" SrcFileId="1" StartOffset="2591"/>
</LocList>
<BasicStmnt CovItemId="S26" CovItemPrefix="devops.hw1.core.Player.java" Intrnl_Id="80">
<LocList>
<Loc EndOffset="2586" SrcFileId="1" StartOffset="2533"/>
</LocList>
</BasicStmnt>
<BasicStmnt CovItemId="S27" CovItemPrefix="devops.hw1.core.Player.java" Intrnl_Id="81">
<LocList>
<Loc EndOffset="2598" SrcFileId="1" StartOffset="2591"/>
</LocList>
</BasicStmnt>
</StmntSeq>
</Branch>
<Branch CovItemId="B4" CovItemPrefix="devops.hw1.core.Player.java" Implct="true" Intrnl_Id="82">
<Cond/>
<LocList/>
<StmntSeq Intrnl_Id="83">
<LocList/>
</StmntSeq>
</Branch>
<Keyword EndOffset="2511" SrcFileId="1" StartOffset="2509"/>
<LocList>
<Loc EndOffset="2603" SrcFileId="1" StartOffset="2509"/>
</LocList>
<RootTerm CovItemId="C3" CovItemPrefix="devops.hw1.core.Player.java" Intrnl_Id="84">
<BasicBoolTerm Intrnl_Id="85">
<LocList>
<Loc EndOffset="2525" SrcFileId="1" StartOffset="2513"/>
</LocList>
</BasicBoolTerm>
</RootTerm>
</CondStmnt>
<BasicStmnt CovItemId="S28" CovItemPrefix="devops.hw1.core.Player.java" Intrnl_Id="86">
<LocList>
<Loc EndOffset="2634" SrcFileId="1" StartOffset="2607"/>
</LocList>
</BasicStmnt>
</StmntSeq>
</HierarchyLvl>
<HierarchyLvl HierarchyLvlId="14793" HierarchyLvlTypeId="14" Intrnl_Id="87" Name="getDiscardPile">
<Header>
<Loc EndOffset="2754" SrcFileId="1" StartOffset="2714"/>
</Header>
<LocList>
<Loc EndOffset="2788" SrcFileId="1" StartOffset="2714"/>
</LocList>
<StmntSeq Intrnl_Id="88">
<LocList>
<Loc EndOffset="2784" SrcFileId="1" StartOffset="2760"/>
</LocList>
<BasicStmnt CovItemId="S29" CovItemPrefix="devops.hw1.core.Player.java" Intrnl_Id="89">
<LocList>
<Loc EndOffset="2784" SrcFileId="1" StartOffset="2760"/>
</LocList>
</BasicStmnt>
</StmntSeq>
</HierarchyLvl>
<HierarchyLvl HierarchyLvlId="14794" HierarchyLvlTypeId="14" Intrnl_Id="90" Name="buyCard">
<Header>
<Loc EndOffset="3087" SrcFileId="1" StartOffset="3053"/>
</Header>
<LocList>
<Loc EndOffset="3259" SrcFileId="1" StartOffset="3053"/>
</LocList>
<StmntSeq Intrnl_Id="91">
<LocList>
<Loc EndOffset="3238" SrcFileId="1" StartOffset="3093"/>
<Loc EndOffset="3255" SrcFileId="1" StartOffset="3242"/>
</LocList>
<CondStmnt CovItemId="S30" CovItemPrefix="devops.hw1.core.Player.java" Intrnl_Id="92">
<Branch CovItemId="B5" CovItemPrefix="devops.hw1.core.Player.java" Implct="false" Intrnl_Id="93">
<Cond/>
<LocList>
<Loc EndOffset="3238" SrcFileId="1" StartOffset="3143"/>
</LocList>
<StmntSeq Intrnl_Id="94">
<LocList>
<Loc EndOffset="3192" SrcFileId="1" StartOffset="3149"/>
<Loc EndOffset="3216" SrcFileId="1" StartOffset="3197"/>
<Loc EndOffset="3233" SrcFileId="1" StartOffset="3221"/>
</LocList>
<BasicStmnt CovItemId="S31" CovItemPrefix="devops.hw1.core.Player.java" Intrnl_Id="95">
<LocList>
<Loc EndOffset="3192" SrcFileId="1" StartOffset="3149"/>
</LocList>
</BasicStmnt>
<BasicStmnt CovItemId="S32" CovItemPrefix="devops.hw1.core.Player.java" Intrnl_Id="96">
<LocList>
<Loc EndOffset="3216" SrcFileId="1" StartOffset="3197"/>
</LocList>
</BasicStmnt>
<BasicStmnt CovItemId="S33" CovItemPrefix="devops.hw1.core.Player.java" Intrnl_Id="97">
<LocList>
<Loc EndOffset="3233" SrcFileId="1" StartOffset="3221"/>
</LocList>
</BasicStmnt>
</StmntSeq>
</Branch>
<Branch CovItemId="B6" CovItemPrefix="devops.hw1.core.Player.java" Implct="true" Intrnl_Id="98">
<Cond/>
<LocList/>
<StmntSeq Intrnl_Id="99">
<LocList/>
</StmntSeq>
</Branch>
<Keyword EndOffset="3095" SrcFileId="1" StartOffset="3093"/>
<LocList>
<Loc EndOffset="3238" SrcFileId="1" StartOffset="3093"/>
</LocList>
<RootTerm CovItemId="C4" CovItemPrefix="devops.hw1.core.Player.java" Intrnl_Id="100">
<OpTerm BooleanOpId="10" Intrnl_Id="101">
<BasicBoolTerm Intrnl_Id="102">
<LocList>
<Loc EndOffset="3109" SrcFileId="1" StartOffset="3097"/>
</LocList>
</BasicBoolTerm>
<BasicBoolTerm Intrnl_Id="103">
<LocList>
<Loc EndOffset="3141" SrcFileId="1" StartOffset="3113"/>
</LocList>
</BasicBoolTerm>
<LocList>
<Loc EndOffset="3112" SrcFileId="1" StartOffset="3110"/>
</LocList>
</OpTerm>
</RootTerm>
</CondStmnt>
<BasicStmnt CovItemId="S34" CovItemPrefix="devops.hw1.core.Player.java" Intrnl_Id="104">
<LocList>
<Loc EndOffset="3255" SrcFileId="1" StartOffset="3242"/>
</LocList>
</BasicStmnt>
</StmntSeq>
</HierarchyLvl>
<HierarchyLvl HierarchyLvlId="14795" HierarchyLvlTypeId="14" Intrnl_Id="105" Name="attackCard">
<Header>
<Loc EndOffset="3582" SrcFileId="1" StartOffset="3532"/>
</Header>
<LocList>
<Loc EndOffset="3757" SrcFileId="1" StartOffset="3532"/>
</LocList>
<StmntSeq Intrnl_Id="106">
<LocList>
<Loc EndOffset="3736" SrcFileId="1" StartOffset="3588"/>
<Loc EndOffset="3753" SrcFileId="1" StartOffset="3740"/>
</LocList>
<CondStmnt CovItemId="S35" CovItemPrefix="devops.hw1.core.Player.java" Intrnl_Id="107">
<Branch CovItemId="B7" CovItemPrefix="devops.hw1.core.Player.java" Implct="false" Intrnl_Id="108">
<Cond/>
<LocList>
<Loc EndOffset="3736" SrcFileId="1" StartOffset="3642"/>
</LocList>
<StmntSeq Intrnl_Id="109">
<LocList>
<Loc EndOffset="3686" SrcFileId="1" StartOffset="3648"/>
<Loc EndOffset="3714" SrcFileId="1" StartOffset="3691"/>
<Loc EndOffset="3731" SrcFileId="1" StartOffset="3719"/>
</LocList>
<BasicStmnt CovItemId="S36" CovItemPrefix="devops.hw1.core.Player.java" Intrnl_Id="110">
<LocList>
<Loc EndOffset="3686" SrcFileId="1" StartOffset="3648"/>
</LocList>
</BasicStmnt>
<BasicStmnt CovItemId="S37" CovItemPrefix="devops.hw1.core.Player.java" Intrnl_Id="111">
<LocList>
<Loc EndOffset="3714" SrcFileId="1" StartOffset="3691"/>
</LocList>
</BasicStmnt>
<BasicStmnt CovItemId="S38" CovItemPrefix="devops.hw1.core.Player.java" Intrnl_Id="112">
<LocList>
<Loc EndOffset="3731" SrcFileId="1" StartOffset="3719"/>
</LocList>
</BasicStmnt>
</StmntSeq>
</Branch>
<Branch CovItemId="B8" CovItemPrefix="devops.hw1.core.Player.java" Implct="true" Intrnl_Id="113">
<Cond/>
<LocList/>
<StmntSeq Intrnl_Id="114">
<LocList/>
</StmntSeq>
</Branch>
<Keyword EndOffset="3590" SrcFileId="1" StartOffset="3588"/>
<LocList>
<Loc EndOffset="3736" SrcFileId="1" StartOffset="3588"/>
</LocList>
<RootTerm CovItemId="C5" CovItemPrefix="devops.hw1.core.Player.java" Intrnl_Id="115">
<OpTerm BooleanOpId="10" Intrnl_Id="116">
<BasicBoolTerm Intrnl_Id="117">
<LocList>
<Loc EndOffset="3604" SrcFileId="1" StartOffset="3592"/>
</LocList>
</BasicBoolTerm>
<BasicBoolTerm Intrnl_Id="118">
<LocList>
<Loc EndOffset="3640" SrcFileId="1" StartOffset="3608"/>
</LocList>
</BasicBoolTerm>
<LocList>
<Loc EndOffset="3607" SrcFileId="1" StartOffset="3605"/>
</LocList>
</OpTerm>
</RootTerm>
</CondStmnt>
<BasicStmnt CovItemId="S39" CovItemPrefix="devops.hw1.core.Player.java" Intrnl_Id="119">
<LocList>
<Loc EndOffset="3753" SrcFileId="1" StartOffset="3740"/>
</LocList>
</BasicStmnt>
</StmntSeq>
</HierarchyLvl>
<HierarchyLvl HierarchyLvlId="14796" HierarchyLvlTypeId="14" Intrnl_Id="120" Name="getHandSize">
<Header>
<Loc EndOffset="3891" SrcFileId="1" StartOffset="3867"/>
</Header>
<LocList>
<Loc EndOffset="3931" SrcFileId="1" StartOffset="3867"/>
</LocList>
<StmntSeq Intrnl_Id="121">
<LocList>
<Loc EndOffset="3927" SrcFileId="1" StartOffset="3897"/>
</LocList>
<BasicStmnt CovItemId="S40" CovItemPrefix="devops.hw1.core.Player.java" Intrnl_Id="122">
<LocList>
<Loc EndOffset="3927" SrcFileId="1" StartOffset="3897"/>
</LocList>
</BasicStmnt>
</StmntSeq>
</HierarchyLvl>
<HierarchyLvl HierarchyLvlId="14797" HierarchyLvlTypeId="14" Intrnl_Id="123" Name="drawCard">
<Header>
<Loc EndOffset="4051" SrcFileId="1" StartOffset="4029"/>
</Header>
<LocList>
<Loc EndOffset="4296" SrcFileId="1" StartOffset="4029"/>
</LocList>
<StmntSeq Intrnl_Id="124">
<LocList>
<Loc EndOffset="4212" SrcFileId="1" StartOffset="4057"/>
<Loc EndOffset="4258" SrcFileId="1" StartOffset="4216"/>
<Loc EndOffset="4292" SrcFileId="1" StartOffset="4262"/>
</LocList>
<CondStmnt CovItemId="S41" CovItemPrefix="devops.hw1.core.Player.java" Intrnl_Id="125">
<Branch CovItemId="B9" CovItemPrefix="devops.hw1.core.Player.java" Implct="false" Intrnl_Id="126">
<Cond/>
<LocList>
<Loc EndOffset="4212" SrcFileId="1" StartOffset="4088"/>
</LocList>
<StmntSeq Intrnl_Id="127">
<LocList>
<Loc EndOffset="4135" SrcFileId="1" StartOffset="4094"/>
<Loc EndOffset="4165" SrcFileId="1" StartOffset="4140"/>
<Loc EndOffset="4207" SrcFileId="1" StartOffset="4170"/>
</LocList>
<BasicStmnt CovItemId="S42" CovItemPrefix="devops.hw1.core.Player.java" Intrnl_Id="128">
<LocList>
<Loc EndOffset="4135" SrcFileId="1" StartOffset="4094"/>
</LocList>
</BasicStmnt>
<BasicStmnt CovItemId="S43" CovItemPrefix="devops.hw1.core.Player.java" Intrnl_Id="129">
<LocList>
<Loc EndOffset="4165" SrcFileId="1" StartOffset="4140"/>
</LocList>
</BasicStmnt>
<BasicStmnt CovItemId="S44" CovItemPrefix="devops.hw1.core.Player.java" Intrnl_Id="130">
<LocList>
<Loc EndOffset="4207" SrcFileId="1" StartOffset="4170"/>
</LocList>
</BasicStmnt>
</StmntSeq>
</Branch>
<Branch CovItemId="B10" CovItemPrefix="devops.hw1.core.Player.java" Implct="true" Intrnl_Id="131">
<Cond/>
<LocList/>
<StmntSeq Intrnl_Id="132">
<LocList/>
</StmntSeq>
</Branch>
<Keyword EndOffset="4059" SrcFileId="1" StartOffset="4057"/>
<LocList>
<Loc EndOffset="4212" SrcFileId="1" StartOffset="4057"/>
</LocList>
<RootTerm CovItemId="C6" CovItemPrefix="devops.hw1.core.Player.java" Intrnl_Id="133">
<BasicBoolTerm Intrnl_Id="134">
<LocList>
<Loc EndOffset="4086" SrcFileId="1" StartOffset="4061"/>
</LocList>
</BasicBoolTerm>
</RootTerm>
</CondStmnt>
<BasicStmnt CovItemId="S45" CovItemPrefix="devops.hw1.core.Player.java" Intrnl_Id="135">
<LocList>
<Loc EndOffset="4258" SrcFileId="1" StartOffset="4216"/>
</LocList>
</BasicStmnt>
<BasicStmnt CovItemId="S46" CovItemPrefix="devops.hw1.core.Player.java" Intrnl_Id="136">
<LocList>
<Loc EndOffset="4292" SrcFileId="1" StartOffset="4262"/>
</LocList>
</BasicStmnt>
</StmntSeq>
</HierarchyLvl>
<HierarchyLvl HierarchyLvlId="14798" HierarchyLvlTypeId="14" Intrnl_Id="137" Name="addCardToDeck">
<Header>
<Loc EndOffset="4444" SrcFileId="1" StartOffset="4407"/>
</Header>
<LocList>
<Loc EndOffset="4588" SrcFileId="1" StartOffset="4407"/>
</LocList>
<StmntSeq Intrnl_Id="138">
<LocList>
<Loc EndOffset="4552" SrcFileId="1" StartOffset="4452"/>
<Loc EndOffset="4584" SrcFileId="1" StartOffset="4558"/>
</LocList>
<CondStmnt CovItemId="S47" CovItemPrefix="devops.hw1.core.Player.java" Intrnl_Id="139">
<Branch CovItemId="B11" CovItemPrefix="devops.hw1.core.Player.java" Implct="false" Intrnl_Id="140">
<Cond/>
<LocList>
<Loc EndOffset="4552" SrcFileId="1" StartOffset="4470"/>
</LocList>
<StmntSeq Intrnl_Id="141">
<LocList>
<Loc EndOffset="4535" SrcFileId="1" StartOffset="4476"/>
<Loc EndOffset="4547" SrcFileId="1" StartOffset="4540"/>
</LocList>
<BasicStmnt CovItemId="S48" CovItemPrefix="devops.hw1.core.Player.java" Intrnl_Id="142">
<LocList>
<Loc EndOffset="4535" SrcFileId="1" StartOffset="4476"/>
</LocList>
</BasicStmnt>
<BasicStmnt CovItemId="S49" CovItemPrefix="devops.hw1.core.Player.java" Intrnl_Id="143">
<LocList>
<Loc EndOffset="4547" SrcFileId="1" StartOffset="4540"/>
</LocList>
</BasicStmnt>
</StmntSeq>
</Branch>
<Branch CovItemId="B12" CovItemPrefix="devops.hw1.core.Player.java" Implct="true" Intrnl_Id="144">
<Cond/>
<LocList/>
<StmntSeq Intrnl_Id="145">
<LocList/>
</StmntSeq>
</Branch>
<Keyword EndOffset="4454" SrcFileId="1" StartOffset="4452"/>
<LocList>
<Loc EndOffset="4552" SrcFileId="1" StartOffset="4452"/>
</LocList>
<RootTerm CovItemId="C7" CovItemPrefix="devops.hw1.core.Player.java" Intrnl_Id="146">
<BasicBoolTerm Intrnl_Id="147">
<LocList>
<Loc EndOffset="4468" SrcFileId="1" StartOffset="4456"/>
</LocList>
</BasicBoolTerm>
</RootTerm>
</CondStmnt>
<BasicStmnt CovItemId="S50" CovItemPrefix="devops.hw1.core.Player.java" Intrnl_Id="148">
<LocList>
<Loc EndOffset="4584" SrcFileId="1" StartOffset="4558"/>
</LocList>
</BasicStmnt>
</StmntSeq>
</HierarchyLvl>
<HierarchyLvl HierarchyLvlId="14799" HierarchyLvlTypeId="14" Intrnl_Id="149" Name="addCardToHand">
<Header>
<Loc EndOffset="4739" SrcFileId="1" StartOffset="4702"/>
</Header>
<LocList>
<Loc EndOffset="4881" SrcFileId="1" StartOffset="4702"/>
</LocList>
<StmntSeq Intrnl_Id="150">
<LocList>
<Loc EndOffset="4847" SrcFileId="1" StartOffset="4747"/>
<Loc EndOffset="4877" SrcFileId="1" StartOffset="4851"/>
</LocList>
<CondStmnt CovItemId="S51" CovItemPrefix="devops.hw1.core.Player.java" Intrnl_Id="151">
<Branch CovItemId="B13" CovItemPrefix="devops.hw1.core.Player.java" Implct="false" Intrnl_Id="152">
<Cond/>
<LocList>
<Loc EndOffset="4847" SrcFileId="1" StartOffset="4765"/>
</LocList>
<StmntSeq Intrnl_Id="153">
<LocList>
<Loc EndOffset="4830" SrcFileId="1" StartOffset="4771"/>
<Loc EndOffset="4842" SrcFileId="1" StartOffset="4835"/>
</LocList>
<BasicStmnt CovItemId="S52" CovItemPrefix="devops.hw1.core.Player.java" Intrnl_Id="154">
<LocList>
<Loc EndOffset="4830" SrcFileId="1" StartOffset="4771"/>
</LocList>
</BasicStmnt>
<BasicStmnt CovItemId="S53" CovItemPrefix="devops.hw1.core.Player.java" Intrnl_Id="155">
<LocList>
<Loc EndOffset="4842" SrcFileId="1" StartOffset="4835"/>
</LocList>
</BasicStmnt>
</StmntSeq>
</Branch>
<Branch CovItemId="B14" CovItemPrefix="devops.hw1.core.Player.java" Implct="true" Intrnl_Id="156">
<Cond/>
<LocList/>
<StmntSeq Intrnl_Id="157">
<LocList/>
</StmntSeq>
</Branch>
<Keyword EndOffset="4749" SrcFileId="1" StartOffset="4747"/>
<LocList>
<Loc EndOffset="4847" SrcFileId="1" StartOffset="4747"/>
</LocList>
<RootTerm CovItemId="C8" CovItemPrefix="devops.hw1.core.Player.java" Intrnl_Id="158">
<BasicBoolTerm Intrnl_Id="159">
<LocList>
<Loc EndOffset="4763" SrcFileId="1" StartOffset="4751"/>
</LocList>
</BasicBoolTerm>
</RootTerm>
</CondStmnt>
<BasicStmnt CovItemId="S54" CovItemPrefix="devops.hw1.core.Player.java" Intrnl_Id="160">
<LocList>
<Loc EndOffset="4877" SrcFileId="1" StartOffset="4851"/>
</LocList>
</BasicStmnt>
</StmntSeq>
</HierarchyLvl>
<HierarchyLvl HierarchyLvlId="14800" HierarchyLvlTypeId="14" Intrnl_Id="161" Name="getHand">
<Header>
<Loc EndOffset="5005" SrcFileId="1" StartOffset="4972"/>
</Header>
<LocList>
<Loc EndOffset="5038" SrcFileId="1" StartOffset="4972"/>
</LocList>
<StmntSeq Intrnl_Id="162">
<LocList>
<Loc EndOffset="5034" SrcFileId="1" StartOffset="5011"/>
</LocList>
<BasicStmnt CovItemId="S55" CovItemPrefix="devops.hw1.core.Player.java" Intrnl_Id="163">
<LocList>
<Loc EndOffset="5034" SrcFileId="1" StartOffset="5011"/>
</LocList>
</BasicStmnt>
</StmntSeq>
</HierarchyLvl>
<HierarchyLvl HierarchyLvlId="14801" HierarchyLvlTypeId="14" Intrnl_Id="164" Name="playCard">
<Header>
<Loc EndOffset="5145" SrcFileId="1" StartOffset="5113"/>
</Header>
<LocList>
<Loc EndOffset="5334" SrcFileId="1" StartOffset="5113"/>
</LocList>
<StmntSeq Intrnl_Id="165">
<LocList>
<Loc EndOffset="5246" SrcFileId="1" StartOffset="5153"/>
<Loc EndOffset="5279" SrcFileId="1" StartOffset="5250"/>
<Loc EndOffset="5307" SrcFileId="1" StartOffset="5283"/>
<Loc EndOffset="5330" SrcFileId="1" StartOffset="5311"/>
</LocList>
<CondStmnt CovItemId="S56" CovItemPrefix="devops.hw1.core.Player.java" Intrnl_Id="166">
<Branch CovItemId="B15" CovItemPrefix="devops.hw1.core.Player.java" Implct="false" Intrnl_Id="167">
<Cond/>
<LocList>
<Loc EndOffset="5246" SrcFileId="1" StartOffset="5171"/>
</LocList>
<StmntSeq Intrnl_Id="168">
<LocList>
<Loc EndOffset="5229" SrcFileId="1" StartOffset="5177"/>
<Loc EndOffset="5241" SrcFileId="1" StartOffset="5234"/>
</LocList>
<BasicStmnt CovItemId="S57" CovItemPrefix="devops.hw1.core.Player.java" Intrnl_Id="169">
<LocList>
<Loc EndOffset="5229" SrcFileId="1" StartOffset="5177"/>
</LocList>
</BasicStmnt>
<BasicStmnt CovItemId="S58" CovItemPrefix="devops.hw1.core.Player.java" Intrnl_Id="170">
<LocList>
<Loc EndOffset="5241" SrcFileId="1" StartOffset="5234"/>
</LocList>
</BasicStmnt>
</StmntSeq>
</Branch>
<Branch CovItemId="B16" CovItemPrefix="devops.hw1.core.Player.java" Implct="true" Intrnl_Id="171">
<Cond/>
<LocList/>
<StmntSeq Intrnl_Id="172">
<LocList/>
</StmntSeq>
</Branch>
<Keyword EndOffset="5155" SrcFileId="1" StartOffset="5153"/>
<LocList>
<Loc EndOffset="5246" SrcFileId="1" StartOffset="5153"/>
</LocList>
<RootTerm CovItemId="C9" CovItemPrefix="devops.hw1.core.Player.java" Intrnl_Id="173">
<BasicBoolTerm Intrnl_Id="174">
<LocList>
<Loc EndOffset="5169" SrcFileId="1" StartOffset="5157"/>
</LocList>
</BasicBoolTerm>
</RootTerm>
</CondStmnt>
<BasicStmnt CovItemId="S59" CovItemPrefix="devops.hw1.core.Player.java" Intrnl_Id="175">
<LocList>
<Loc EndOffset="5279" SrcFileId="1" StartOffset="5250"/>
</LocList>
</BasicStmnt>
<BasicStmnt CovItemId="S60" CovItemPrefix="devops.hw1.core.Player.java" Intrnl_Id="176">
<LocList>
<Loc EndOffset="5307" SrcFileId="1" StartOffset="5283"/>
</LocList>
</BasicStmnt>
<BasicStmnt CovItemId="S61" CovItemPrefix="devops.hw1.core.Player.java" Intrnl_Id="177">
<LocList>
<Loc EndOffset="5330" SrcFileId="1" StartOffset="5311"/>
</LocList>
</BasicStmnt>
</StmntSeq>
</HierarchyLvl>
<HierarchyLvl HierarchyLvlId="14802" HierarchyLvlTypeId="14" Intrnl_Id="178" Name="drawCard">
<Header>
<Loc EndOffset="5402" SrcFileId="1" StartOffset="5371"/>
</Header>
<LocList>
<Loc EndOffset="5471" SrcFileId="1" StartOffset="5371"/>
</LocList>
<StmntSeq Intrnl_Id="179">
<LocList>
<Loc EndOffset="5467" SrcFileId="1" StartOffset="5408"/>
</LocList>
<LoopStmnt CovItemId="S62" CovItemPrefix="devops.hw1.core.Player.java" Intrnl_Id="180" MltplExecId="L3-2" MltplExecPrefix="devops.hw1.core.Player.java" NvrExecId="L3-0" NvrExecPrefix="devops.hw1.core.Player.java" OnceExecutedId="L3-1" OnceExecutedPrefix="devops.hw1.core.Player.java" OptBodyExec="true">
<StmntSeq Intrnl_Id="181">
<LocList>
<Loc EndOffset="5462" SrcFileId="1" StartOffset="5446"/>
</LocList>
<BasicStmnt CovItemId="S63" CovItemPrefix="devops.hw1.core.Player.java" Intrnl_Id="182">
<LocList>
<Loc EndOffset="5462" SrcFileId="1" StartOffset="5446"/>
</LocList>
</BasicStmnt>
</StmntSeq>
<Keyword EndOffset="5411" SrcFileId="1" StartOffset="5408"/>
<LocList>
<Loc EndOffset="5467" SrcFileId="1" StartOffset="5408"/>
</LocList>
<RootTerm CovItemId="C10" CovItemPrefix="devops.hw1.core.Player.java" Intrnl_Id="183">
<BasicBoolTerm Intrnl_Id="184">
<LocList>
<Loc EndOffset="5433" SrcFileId="1" StartOffset="5424"/>
</LocList>
</BasicBoolTerm>
</RootTerm>
</LoopStmnt>
</StmntSeq>
</HierarchyLvl>
<HierarchyLvl HierarchyLvlId="14803" HierarchyLvlTypeId="14" Intrnl_Id="185" Name="getDeck">
<Header>
<Loc EndOffset="5548" SrcFileId="1" StartOffset="5519"/>
</Header>
<LocList>
<Loc EndOffset="5581" SrcFileId="1" StartOffset="5519"/>
</LocList>
<StmntSeq Intrnl_Id="186">
<LocList>
<Loc EndOffset="5577" SrcFileId="1" StartOffset="5554"/>
</LocList>
<BasicStmnt CovItemId="S64" CovItemPrefix="devops.hw1.core.Player.java" Intrnl_Id="187">
<LocList>
<Loc EndOffset="5577" SrcFileId="1" StartOffset="5554"/>
</LocList>
</BasicStmnt>
</StmntSeq>
</HierarchyLvl>
<HierarchyLvl HierarchyLvlId="14804" HierarchyLvlTypeId="14" Intrnl_Id="188" Name="getDeckSize">
<Header>
<Loc EndOffset="5682" SrcFileId="1" StartOffset="5658"/>
</Header>
<LocList>
<Loc EndOffset="5722" SrcFileId="1" StartOffset="5658"/>
</LocList>
<StmntSeq Intrnl_Id="189">
<LocList>
<Loc EndOffset="5718" SrcFileId="1" StartOffset="5688"/>
</LocList>
<BasicStmnt CovItemId="S65" CovItemPrefix="devops.hw1.core.Player.java" Intrnl_Id="190">
<LocList>
<Loc EndOffset="5718" SrcFileId="1" StartOffset="5688"/>
</LocList>
</BasicStmnt>
</StmntSeq>
</HierarchyLvl>
<HierarchyLvl HierarchyLvlId="14805" HierarchyLvlTypeId="14" Intrnl_Id="191" Name="getPower">
<Header>
<Loc EndOffset="5880" SrcFileId="1" StartOffset="5859"/>
</Header>
<LocList>
<Loc EndOffset="5908" SrcFileId="1" StartOffset="5859"/>
</LocList>
<StmntSeq Intrnl_Id="192">
<LocList>
<Loc EndOffset="5904" SrcFileId="1" StartOffset="5886"/>
</LocList>
<BasicStmnt CovItemId="S66" CovItemPrefix="devops.hw1.core.Player.java" Intrnl_Id="193">
<LocList>
<Loc EndOffset="5904" SrcFileId="1" StartOffset="5886"/>
</LocList>
</BasicStmnt>
</StmntSeq>
</HierarchyLvl>
<HierarchyLvl HierarchyLvlId="14806" HierarchyLvlTypeId="14" Intrnl_Id="194" Name="addPower">
<Header>
<Loc EndOffset="6045" SrcFileId="1" StartOffset="6018"/>
</Header>
<LocList>
<Loc EndOffset="6071" SrcFileId="1" StartOffset="6018"/>
</LocList>
<StmntSeq Intrnl_Id="195">
<LocList>
<Loc EndOffset="6067" SrcFileId="1" StartOffset="6051"/>
</LocList>
<BasicStmnt CovItemId="S67" CovItemPrefix="devops.hw1.core.Player.java" Intrnl_Id="196">
<LocList>
<Loc EndOffset="6067" SrcFileId="1" StartOffset="6051"/>
</LocList>
</BasicStmnt>
</StmntSeq>
</HierarchyLvl>
<HierarchyLvl HierarchyLvlId="14807" HierarchyLvlTypeId="14" Intrnl_Id="197" Name="applyEffects">
<Header>
<Loc EndOffset="6235" SrcFileId="1" StartOffset="6169"/>
</Header>
<LocList>
<Loc EndOffset="6656" SrcFileId="1" StartOffset="6169"/>
</LocList>
<StmntSeq Intrnl_Id="198">
<LocList>
<Loc EndOffset="6290" SrcFileId="1" StartOffset="6241"/>
<Loc EndOffset="6652" SrcFileId="1" StartOffset="6294"/>
</LocList>
<BasicStmnt CovItemId="S68" CovItemPrefix="devops.hw1.core.Player.java" Intrnl_Id="199">
<LocList>
<Loc EndOffset="6290" SrcFileId="1" StartOffset="6241"/>
</LocList>
</BasicStmnt>
<LoopStmnt CovItemId="S69" CovItemPrefix="devops.hw1.core.Player.java" Intrnl_Id="200" MltplExecId="L4-2" MltplExecPrefix="devops.hw1.core.Player.java" NvrExecId="L4-0" NvrExecPrefix="devops.hw1.core.Player.java" OnceExecutedId="L4-1" OnceExecutedPrefix="devops.hw1.core.Player.java" OptBodyExec="true">
<StmntSeq Intrnl_Id="201">
<LocList>
<Loc EndOffset="6647" SrcFileId="1" StartOffset="6330"/>
</LocList>
<CondStmnt CovItemId="S70" CovItemPrefix="devops.hw1.core.Player.java" Intrnl_Id="202">
<Branch CovItemId="B17" CovItemPrefix="devops.hw1.core.Player.java" Implct="false" Intrnl_Id="203">
<Cond>
<Loc EndOffset="6372" SrcFileId="1" StartOffset="6347"/>
</Cond>
<LocList>
<Loc EndOffset="6417" SrcFileId="1" StartOffset="6379"/>
</LocList>
<StmntSeq Intrnl_Id="204">
<LocList>
<Loc EndOffset="6405" SrcFileId="1" StartOffset="6379"/>
<Loc EndOffset="6417" SrcFileId="1" StartOffset="6411"/>
</LocList>
<BasicStmnt CovItemId="S71" CovItemPrefix="devops.hw1.core.Player.java" Intrnl_Id="205">
<LocList>
<Loc EndOffset="6405" SrcFileId="1" StartOffset="6379"/>
</LocList>
</BasicStmnt>
<BasicStmnt CovItemId="S72" CovItemPrefix="devops.hw1.core.Player.java" Intrnl_Id="206">
<LocList>
<Loc EndOffset="6417" SrcFileId="1" StartOffset="6411"/>
</LocList>
</BasicStmnt>
</StmntSeq>
</Branch>
<Branch CovItemId="B18" CovItemPrefix="devops.hw1.core.Player.java" Implct="false" Intrnl_Id="207">
<Cond>
<Loc EndOffset="6447" SrcFileId="1" StartOffset="6422"/>
</Cond>
<LocList>
<Loc EndOffset="6492" SrcFileId="1" StartOffset="6454"/>
</LocList>
<StmntSeq Intrnl_Id="208">
<LocList>
<Loc EndOffset="6480" SrcFileId="1" StartOffset="6454"/>
<Loc EndOffset="6492" SrcFileId="1" StartOffset="6486"/>
</LocList>
<BasicStmnt CovItemId="S73" CovItemPrefix="devops.hw1.core.Player.java" Intrnl_Id="209">
<LocList>
<Loc EndOffset="6480" SrcFileId="1" StartOffset="6454"/>
</LocList>
</BasicStmnt>
<BasicStmnt CovItemId="S74" CovItemPrefix="devops.hw1.core.Player.java" Intrnl_Id="210">
<LocList>
<Loc EndOffset="6492" SrcFileId="1" StartOffset="6486"/>
</LocList>
</BasicStmnt>
</StmntSeq>
</Branch>
<Branch CovItemId="B19" CovItemPrefix="devops.hw1.core.Player.java" Implct="false" Intrnl_Id="211">
<Cond>
<Loc EndOffset="6521" SrcFileId="1" StartOffset="6497"/>
</Cond>
<LocList>
<Loc EndOffset="6566" SrcFileId="1" StartOffset="6528"/>
</LocList>
<StmntSeq Intrnl_Id="212">
<LocList>
<Loc EndOffset="6554" SrcFileId="1" StartOffset="6528"/>
<Loc EndOffset="6566" SrcFileId="1" StartOffset="6560"/>
</LocList>
<BasicStmnt CovItemId="S75" CovItemPrefix="devops.hw1.core.Player.java" Intrnl_Id="213">
<LocList>
<Loc EndOffset="6554" SrcFileId="1" StartOffset="6528"/>
</LocList>
</BasicStmnt>
<BasicStmnt CovItemId="S76" CovItemPrefix="devops.hw1.core.Player.java" Intrnl_Id="214">
<LocList>
<Loc EndOffset="6566" SrcFileId="1" StartOffset="6560"/>
</LocList>
</BasicStmnt>
</StmntSeq>
</Branch>
<Branch CovItemId="B20" CovItemPrefix="devops.hw1.core.Player.java" Implct="false" Intrnl_Id="215">
<Cond>
<Loc EndOffset="6596" SrcFileId="1" StartOffset="6571"/>
</Cond>
<LocList>
<Loc EndOffset="6641" SrcFileId="1" StartOffset="6603"/>
</LocList>
<StmntSeq Intrnl_Id="216">
<LocList>
<Loc EndOffset="6629" SrcFileId="1" StartOffset="6603"/>
<Loc EndOffset="6641" SrcFileId="1" StartOffset="6635"/>
</LocList>
<BasicStmnt CovItemId="S77" CovItemPrefix="devops.hw1.core.Player.java" Intrnl_Id="217">
<LocList>
<Loc EndOffset="6629" SrcFileId="1" StartOffset="6603"/>
</LocList>
</BasicStmnt>
<BasicStmnt CovItemId="S78" CovItemPrefix="devops.hw1.core.Player.java" Intrnl_Id="218">
<LocList>
<Loc EndOffset="6641" SrcFileId="1" StartOffset="6635"/>
</LocList>
</BasicStmnt>
</StmntSeq>
</Branch>
<Branch CovItemId="B21" CovItemPrefix="devops.hw1.core.Player.java" Implct="true" Intrnl_Id="219">
<Cond/>
<LocList/>
<StmntSeq Intrnl_Id="220">
<LocList/>
</StmntSeq>
</Branch>
<Keyword EndOffset="6336" SrcFileId="1" StartOffset="6330"/>
<LocList>
<Loc EndOffset="6647" SrcFileId="1" StartOffset="6330"/>
</LocList>
</CondStmnt>
</StmntSeq>
<Keyword EndOffset="6297" SrcFileId="1" StartOffset="6294"/>
<LocList>
<Loc EndOffset="6652" SrcFileId="1" StartOffset="6294"/>
</LocList>
</LoopStmnt>
</StmntSeq>
</HierarchyLvl>
<HierarchyLvl HierarchyLvlId="14808" HierarchyLvlTypeId="14" Intrnl_Id="221" Name="getHonor">
<Header>
<Loc EndOffset="6790" SrcFileId="1" StartOffset="6769"/>
</Header>
<LocList>
<Loc EndOffset="6818" SrcFileId="1" StartOffset="6769"/>
</LocList>
<StmntSeq Intrnl_Id="222">
<LocList>
<Loc EndOffset="6814" SrcFileId="1" StartOffset="6796"/>
</LocList>
<BasicStmnt CovItemId="S79" CovItemPrefix="devops.hw1.core.Player.java" Intrnl_Id="223">
<LocList>
<Loc EndOffset="6814" SrcFileId="1" StartOffset="6796"/>
</LocList>
</BasicStmnt>
</StmntSeq>
</HierarchyLvl>
<HierarchyLvl HierarchyLvlId="14809" HierarchyLvlTypeId="14" Intrnl_Id="224" Name="addHonor">
<Header>
<Loc EndOffset="6976" SrcFileId="1" StartOffset="6949"/>
</Header>
<LocList>
<Loc EndOffset="7002" SrcFileId="1" StartOffset="6949"/>
</LocList>
<StmntSeq Intrnl_Id="225">
<LocList>
<Loc EndOffset="6998" SrcFileId="1" StartOffset="6982"/>
</LocList>
<BasicStmnt CovItemId="S80" CovItemPrefix="devops.hw1.core.Player.java" Intrnl_Id="226">
<LocList>
<Loc EndOffset="6998" SrcFileId="1" StartOffset="6982"/>
</LocList>
</BasicStmnt>
</StmntSeq>
</HierarchyLvl>
</HierarchyLvl>
<HierarchyLvl HierarchyLvlId="14812" HierarchyLvlTypeId="15" Intrnl_Id="227" Name="MainGUI">
<Header>
<Loc EndOffset="209" SrcFileId="2" StartOffset="189"/>
</Header>
<LocList>
<Loc EndOffset="850" SrcFileId="2" StartOffset="189"/>
</LocList>
<StmntSeq Intrnl_Id="228">
<LocList>
<Loc EndOffset="254" SrcFileId="2" StartOffset="216"/>
<Loc EndOffset="295" SrcFileId="2" StartOffset="257"/>
</LocList>
<BasicStmnt CovItemId="S1" CovItemPrefix="devops.hw1.core.MainGUI.java" Intrnl_Id="229">
<LocList>
<Loc EndOffset="254" SrcFileId="2" StartOffset="216"/>
</LocList>
</BasicStmnt>
<BasicStmnt CovItemId="S2" CovItemPrefix="devops.hw1.core.MainGUI.java" Intrnl_Id="230">
<LocList>
<Loc EndOffset="295" SrcFileId="2" StartOffset="257"/>
</LocList>
</BasicStmnt>
</StmntSeq>
<HierarchyLvl HierarchyLvlId="14811" HierarchyLvlTypeId="14" Intrnl_Id="231" Name="main">
<Header>
<Loc EndOffset="338" SrcFileId="2" StartOffset="300"/>
</Header>
<LocList>
<Loc EndOffset="847" SrcFileId="2" StartOffset="300"/>
</LocList>
<StmntSeq Intrnl_Id="232">
<LocList>
<Loc EndOffset="381" SrcFileId="2" StartOffset="344"/>
<Loc EndOffset="411" SrcFileId="2" StartOffset="385"/>
<Loc EndOffset="435" SrcFileId="2" StartOffset="415"/>
<Loc EndOffset="491" SrcFileId="2" StartOffset="439"/>
<Loc EndOffset="534" SrcFileId="2" StartOffset="495"/>
<Loc EndOffset="567" SrcFileId="2" StartOffset="538"/>
<Loc EndOffset="683" SrcFileId="2" StartOffset="573"/>
<Loc EndOffset="731" SrcFileId="2" StartOffset="689"/>
<Loc EndOffset="757" SrcFileId="2" StartOffset="737"/>
<Loc EndOffset="816" SrcFileId="2" StartOffset="763"/>
<Loc EndOffset="843" SrcFileId="2" StartOffset="820"/>
</LocList>
<BasicStmnt CovItemId="S3" CovItemPrefix="devops.hw1.core.MainGUI.java" Intrnl_Id="233">
<LocList>
<Loc EndOffset="381" SrcFileId="2" StartOffset="344"/>
</LocList>
</BasicStmnt>
<BasicStmnt CovItemId="S4" CovItemPrefix="devops.hw1.core.MainGUI.java" Intrnl_Id="234">
<LocList>
<Loc EndOffset="411" SrcFileId="2" StartOffset="385"/>
</LocList>
</BasicStmnt>
<BasicStmnt CovItemId="S5" CovItemPrefix="devops.hw1.core.MainGUI.java" Intrnl_Id="235">
<LocList>
<Loc EndOffset="435" SrcFileId="2" StartOffset="415"/>
</LocList>
</BasicStmnt>
<BasicStmnt CovItemId="S6" CovItemPrefix="devops.hw1.core.MainGUI.java" Intrnl_Id="236">
<LocList>
<Loc EndOffset="491" SrcFileId="2" StartOffset="439"/>
</LocList>
</BasicStmnt>
<BasicStmnt CovItemId="S7" CovItemPrefix="devops.hw1.core.MainGUI.java" Intrnl_Id="237">
<LocList>
<Loc EndOffset="534" SrcFileId="2" StartOffset="495"/>
</LocList>
</BasicStmnt>
<BasicStmnt CovItemId="S8" CovItemPrefix="devops.hw1.core.MainGUI.java" Intrnl_Id="238">
<LocList>
<Loc EndOffset="567" SrcFileId="2" StartOffset="538"/>
</LocList>
</BasicStmnt>
<BasicStmnt CovItemId="S9" CovItemPrefix="devops.hw1.core.MainGUI.java" Intrnl_Id="239">
<LocList>
<Loc EndOffset="683" SrcFileId="2" StartOffset="573"/>
</LocList>
</BasicStmnt>
<BasicStmnt CovItemId="S10" CovItemPrefix="devops.hw1.core.MainGUI.java" Intrnl_Id="240">
<LocList>
<Loc EndOffset="731" SrcFileId="2" StartOffset="689"/>
</LocList>
</BasicStmnt>
<BasicStmnt CovItemId="S11" CovItemPrefix="devops.hw1.core.MainGUI.java" Intrnl_Id="241">
<LocList>
<Loc EndOffset="757" SrcFileId="2" StartOffset="737"/>
</LocList>
</BasicStmnt>
<BasicStmnt CovItemId="S12" CovItemPrefix="devops.hw1.core.MainGUI.java" Intrnl_Id="242">
<LocList>
<Loc EndOffset="816" SrcFileId="2" StartOffset="763"/>
</LocList>
</BasicStmnt>
<BasicStmnt CovItemId="S13" CovItemPrefix="devops.hw1.core.MainGUI.java" Intrnl_Id="243">
<LocList>
<Loc EndOffset="843" SrcFileId="2" StartOffset="820"/>
</LocList>
</BasicStmnt>
</StmntSeq>
</HierarchyLvl>
</HierarchyLvl>
<HierarchyLvl HierarchyLvlId="14816" HierarchyLvlTypeId="15" Intrnl_Id="244" Name="HeroCard">
<Header>
<Loc EndOffset="130" SrcFileId="3" StartOffset="95"/>
</Header>
<LocList>
<Loc EndOffset="755" SrcFileId="3" StartOffset="95"/>
</LocList>
<HierarchyLvl HierarchyLvlId="14813" HierarchyLvlTypeId="14" Intrnl_Id="245" Name="HeroCard">
<Header>
<Loc EndOffset="154" SrcFileId="3" StartOffset="137"/>
</Header>
<LocList>
<Loc EndOffset="178" SrcFileId="3" StartOffset="137"/>
</LocList>
<StmntSeq Intrnl_Id="246">
<LocList>
<Loc EndOffset="174" SrcFileId="3" StartOffset="160"/>
</LocList>
<BasicStmnt CovItemId="S1" CovItemPrefix="devops.hw1.core.HeroCard.java" Intrnl_Id="247">
<LocList>
<Loc EndOffset="174" SrcFileId="3" StartOffset="160"/>
</LocList>
</BasicStmnt>
</StmntSeq>
</HierarchyLvl>
<HierarchyLvl HierarchyLvlId="14814" HierarchyLvlTypeId="14" Intrnl_Id="248" Name="HeroCard">
<Header>
<Loc EndOffset="205" SrcFileId="3" StartOffset="183"/>
</Header>
<LocList>
<Loc EndOffset="229" SrcFileId="3" StartOffset="183"/>
</LocList>
<StmntSeq Intrnl_Id="249">
<LocList>
<Loc EndOffset="225" SrcFileId="3" StartOffset="211"/>
</LocList>
<BasicStmnt CovItemId="S2" CovItemPrefix="devops.hw1.core.HeroCard.java" Intrnl_Id="250">
<LocList>
<Loc EndOffset="225" SrcFileId="3" StartOffset="211"/>
</LocList>
</BasicStmnt>
</StmntSeq>
</HierarchyLvl>
<HierarchyLvl HierarchyLvlId="14815" HierarchyLvlTypeId="14" Intrnl_Id="251" Name="HeroCard">
<Header>
<Loc EndOffset="577" SrcFileId="3" StartOffset="441"/>
</Header>
<LocList>
<Loc EndOffset="750" SrcFileId="3" StartOffset="441"/>
</LocList>
<StmntSeq Intrnl_Id="252">
<LocList>
<Loc EndOffset="602" SrcFileId="3" StartOffset="583"/>
<Loc EndOffset="623" SrcFileId="3" StartOffset="606"/>
<Loc EndOffset="650" SrcFileId="3" StartOffset="627"/>
<Loc EndOffset="671" SrcFileId="3" StartOffset="654"/>
<Loc EndOffset="694" SrcFileId="3" StartOffset="675"/>
<Loc EndOffset="719" SrcFileId="3" StartOffset="698"/>
<Loc EndOffset="746" SrcFileId="3" StartOffset="723"/>
</LocList>
<BasicStmnt CovItemId="S3" CovItemPrefix="devops.hw1.core.HeroCard.java" Intrnl_Id="253">
<LocList>
<Loc EndOffset="602" SrcFileId="3" StartOffset="583"/>
</LocList>
</BasicStmnt>
<BasicStmnt CovItemId="S4" CovItemPrefix="devops.hw1.core.HeroCard.java" Intrnl_Id="254">
<LocList>
<Loc EndOffset="623" SrcFileId="3" StartOffset="606"/>
</LocList>
</BasicStmnt>
<BasicStmnt CovItemId="S5" CovItemPrefix="devops.hw1.core.HeroCard.java" Intrnl_Id="255">
<LocList>
<Loc EndOffset="650" SrcFileId="3" StartOffset="627"/>
</LocList>
</BasicStmnt>
<BasicStmnt CovItemId="S6" CovItemPrefix="devops.hw1.core.HeroCard.java" Intrnl_Id="256">
<LocList>
<Loc EndOffset="671" SrcFileId="3" StartOffset="654"/>
</LocList>
</BasicStmnt>
<BasicStmnt CovItemId="S7" CovItemPrefix="devops.hw1.core.HeroCard.java" Intrnl_Id="257">
<LocList>
<Loc EndOffset="694" SrcFileId="3" StartOffset="675"/>
</LocList>
</BasicStmnt>
<BasicStmnt CovItemId="S8" CovItemPrefix="devops.hw1.core.HeroCard.java" Intrnl_Id="258">
<LocList>
<Loc EndOffset="719" SrcFileId="3" StartOffset="698"/>
</LocList>
</BasicStmnt>
<BasicStmnt CovItemId="S9" CovItemPrefix="devops.hw1.core.HeroCard.java" Intrnl_Id="259">
<LocList>
<Loc EndOffset="746" SrcFileId="3" StartOffset="723"/>
</LocList>
</BasicStmnt>
</StmntSeq>
</HierarchyLvl>
</HierarchyLvl>
<HierarchyLvl HierarchyLvlId="14820" HierarchyLvlTypeId="15" Intrnl_Id="260" Name="GameBoard">
<Header>
<Loc EndOffset="580" SrcFileId="4" StartOffset="514"/>
</Header>
<LocList>
<Loc EndOffset="4231" SrcFileId="4" StartOffset="514"/>
</LocList>
<StmntSeq Intrnl_Id="261">
<LocList>
<Loc EndOffset="674" SrcFileId="4" StartOffset="636"/>
<Loc EndOffset="715" SrcFileId="4" StartOffset="677"/>
<Loc EndOffset="790" SrcFileId="4" StartOffset="718"/>
<Loc EndOffset="1006" SrcFileId="4" StartOffset="956"/>
<Loc EndOffset="1059" SrcFileId="4" StartOffset="1009"/>
<Loc EndOffset="1118" SrcFileId="4" StartOffset="1062"/>
<Loc EndOffset="1180" SrcFileId="4" StartOffset="1121"/>
<Loc EndOffset="1238" SrcFileId="4" StartOffset="1183"/>
<Loc EndOffset="1744" SrcFileId="4" StartOffset="1712"/>
<Loc EndOffset="1788" SrcFileId="4" StartOffset="1747"/>
<Loc EndOffset="1829" SrcFileId="4" StartOffset="1791"/>
<Loc EndOffset="1907" SrcFileId="4" StartOffset="1875"/>
<Loc EndOffset="1934" SrcFileId="4" StartOffset="1910"/>
</LocList>
<BasicStmnt CovItemId="S1" CovItemPrefix="devops.hw1.core.GameBoard.java" Intrnl_Id="262">
<LocList>
<Loc EndOffset="674" SrcFileId="4" StartOffset="636"/>
</LocList>
</BasicStmnt>
<BasicStmnt CovItemId="S2" CovItemPrefix="devops.hw1.core.GameBoard.java" Intrnl_Id="263">
<LocList>
<Loc EndOffset="715" SrcFileId="4" StartOffset="677"/>
</LocList>
</BasicStmnt>
<BasicStmnt CovItemId="S3" CovItemPrefix="devops.hw1.core.GameBoard.java" Intrnl_Id="264">
<LocList>
<Loc EndOffset="790" SrcFileId="4" StartOffset="718"/>
</LocList>
</BasicStmnt>
<BasicStmnt CovItemId="S4" CovItemPrefix="devops.hw1.core.GameBoard.java" Intrnl_Id="265">
<LocList>
<Loc EndOffset="1006" SrcFileId="4" StartOffset="956"/>
</LocList>
</BasicStmnt>
<BasicStmnt CovItemId="S5" CovItemPrefix="devops.hw1.core.GameBoard.java" Intrnl_Id="266">
<LocList>
<Loc EndOffset="1059" SrcFileId="4" StartOffset="1009"/>
</LocList>
</BasicStmnt>
<BasicStmnt CovItemId="S6" CovItemPrefix="devops.hw1.core.GameBoard.java" Intrnl_Id="267">
<LocList>
<Loc EndOffset="1118" SrcFileId="4" StartOffset="1062"/>
</LocList>
</BasicStmnt>
<BasicStmnt CovItemId="S7" CovItemPrefix="devops.hw1.core.GameBoard.java" Intrnl_Id="268">
<LocList>
<Loc EndOffset="1180" SrcFileId="4" StartOffset="1121"/>
</LocList>
</BasicStmnt>
<BasicStmnt CovItemId="S8" CovItemPrefix="devops.hw1.core.GameBoard.java" Intrnl_Id="269">
<LocList>
<Loc EndOffset="1238" SrcFileId="4" StartOffset="1183"/>
</LocList>
</BasicStmnt>
<BasicStmnt CovItemId="S9" CovItemPrefix="devops.hw1.core.GameBoard.java" Intrnl_Id="270">
<LocList>
<Loc EndOffset="1744" SrcFileId="4" StartOffset="1712"/>
</LocList>
</BasicStmnt>
<BasicStmnt CovItemId="S10" CovItemPrefix="devops.hw1.core.GameBoard.java" Intrnl_Id="271">
<LocList>
<Loc EndOffset="1788" SrcFileId="4" StartOffset="1747"/>
</LocList>
</BasicStmnt>
<BasicStmnt CovItemId="S11" CovItemPrefix="devops.hw1.core.GameBoard.java" Intrnl_Id="272">
<LocList>
<Loc EndOffset="1829" SrcFileId="4" StartOffset="1791"/>
</LocList>
</BasicStmnt>
<BasicStmnt CovItemId="S12" CovItemPrefix="devops.hw1.core.GameBoard.java" Intrnl_Id="273">
<LocList>
<Loc EndOffset="1907" SrcFileId="4" StartOffset="1875"/>
</LocList>
</BasicStmnt>
<BasicStmnt CovItemId="S13" CovItemPrefix="devops.hw1.core.GameBoard.java" Intrnl_Id="274">
<LocList>
<Loc EndOffset="1934" SrcFileId="4" StartOffset="1910"/>
</LocList>
</BasicStmnt>
</StmntSeq>
<HierarchyLvl HierarchyLvlId="14817" HierarchyLvlTypeId="14" Intrnl_Id="275" Name="GameBoard">
<Header>
<Loc EndOffset="2018" SrcFileId="4" StartOffset="2000"/>
</Header>
<LocList>
<Loc EndOffset="3037" SrcFileId="4" StartOffset="2000"/>
</LocList>
<StmntSeq Intrnl_Id="276">
<LocList>
<Loc EndOffset="2075" SrcFileId="4" StartOffset="2067"/>
<Loc EndOffset="2128" SrcFileId="4" StartOffset="2109"/>
<Loc EndOffset="2152" SrcFileId="4" StartOffset="2132"/>
<Loc EndOffset="2175" SrcFileId="4" StartOffset="2156"/>
<Loc EndOffset="2201" SrcFileId="4" StartOffset="2179"/>
<Loc EndOffset="2248" SrcFileId="4" StartOffset="2207"/>
<Loc EndOffset="2293" SrcFileId="4" StartOffset="2252"/>
<Loc EndOffset="2373" SrcFileId="4" StartOffset="2337"/>
<Loc EndOffset="2413" SrcFileId="4" StartOffset="2377"/>
<Loc EndOffset="2452" SrcFileId="4" StartOffset="2417"/>
<Loc EndOffset="2499" SrcFileId="4" StartOffset="2456"/>
<Loc EndOffset="2540" SrcFileId="4" StartOffset="2505"/>
<Loc EndOffset="2577" SrcFileId="4" StartOffset="2546"/>
<Loc EndOffset="2622" SrcFileId="4" StartOffset="2581"/>
<Loc EndOffset="2659" SrcFileId="4" StartOffset="2626"/>
<Loc EndOffset="2693" SrcFileId="4" StartOffset="2663"/>
<Loc EndOffset="2727" SrcFileId="4" StartOffset="2697"/>
<Loc EndOffset="2760" SrcFileId="4" StartOffset="2731"/>
<Loc EndOffset="2795" SrcFileId="4" StartOffset="2766"/>
<Loc EndOffset="2836" SrcFileId="4" StartOffset="2799"/>
<Loc EndOffset="2880" SrcFileId="4" StartOffset="2840"/>
<Loc EndOffset="2938" SrcFileId="4" StartOffset="2884"/>
<Loc EndOffset="2992" SrcFileId="4" StartOffset="2942"/>
<Loc EndOffset="3033" SrcFileId="4" StartOffset="2996"/>
</LocList>
<BasicStmnt CovItemId="S14" CovItemPrefix="devops.hw1.core.GameBoard.java" Intrnl_Id="277">
<LocList>
<Loc EndOffset="2075" SrcFileId="4" StartOffset="2067"/>
</LocList>
</BasicStmnt>
<BasicStmnt CovItemId="S15" CovItemPrefix="devops.hw1.core.GameBoard.java" Intrnl_Id="278">
<LocList>
<Loc EndOffset="2128" SrcFileId="4" StartOffset="2109"/>
</LocList>
</BasicStmnt>
<BasicStmnt CovItemId="S16" CovItemPrefix="devops.hw1.core.GameBoard.java" Intrnl_Id="279">
<LocList>
<Loc EndOffset="2152" SrcFileId="4" StartOffset="2132"/>
</LocList>
</BasicStmnt>
<BasicStmnt CovItemId="S17" CovItemPrefix="devops.hw1.core.GameBoard.java" Intrnl_Id="280">
<LocList>
<Loc EndOffset="2175" SrcFileId="4" StartOffset="2156"/>
</LocList>
</BasicStmnt>
<BasicStmnt CovItemId="S18" CovItemPrefix="devops.hw1.core.GameBoard.java" Intrnl_Id="281">
<LocList>
<Loc EndOffset="2201" SrcFileId="4" StartOffset="2179"/>
</LocList>
</BasicStmnt>
<BasicStmnt CovItemId="S19" CovItemPrefix="devops.hw1.core.GameBoard.java" Intrnl_Id="282">
<LocList>
<Loc EndOffset="2248" SrcFileId="4" StartOffset="2207"/>
</LocList>
</BasicStmnt>
<BasicStmnt CovItemId="S20" CovItemPrefix="devops.hw1.core.GameBoard.java" Intrnl_Id="283">
<LocList>
<Loc EndOffset="2293" SrcFileId="4" StartOffset="2252"/>
</LocList>
</BasicStmnt>
<BasicStmnt CovItemId="S21" CovItemPrefix="devops.hw1.core.GameBoard.java" Intrnl_Id="284">
<LocList>
<Loc EndOffset="2373" SrcFileId="4" StartOffset="2337"/>
</LocList>
</BasicStmnt>
<BasicStmnt CovItemId="S22" CovItemPrefix="devops.hw1.core.GameBoard.java" Intrnl_Id="285">
<LocList>
<Loc EndOffset="2413" SrcFileId="4" StartOffset="2377"/>
</LocList>
</BasicStmnt>
<BasicStmnt CovItemId="S23" CovItemPrefix="devops.hw1.core.GameBoard.java" Intrnl_Id="286">
<LocList>
<Loc EndOffset="2452" SrcFileId="4" StartOffset="2417"/>
</LocList>
</BasicStmnt>
<BasicStmnt CovItemId="S24" CovItemPrefix="devops.hw1.core.GameBoard.java" Intrnl_Id="287">
<LocList>
<Loc EndOffset="2499" SrcFileId="4" StartOffset="2456"/>
</LocList>
</BasicStmnt>
<BasicStmnt CovItemId="S25" CovItemPrefix="devops.hw1.core.GameBoard.java" Intrnl_Id="288">
<LocList>
<Loc EndOffset="2540" SrcFileId="4" StartOffset="2505"/>
</LocList>
</BasicStmnt>
<BasicStmnt CovItemId="S26" CovItemPrefix="devops.hw1.core.GameBoard.java" Intrnl_Id="289">
<LocList>
<Loc EndOffset="2577" SrcFileId="4" StartOffset="2546"/>
</LocList>
</BasicStmnt>
<BasicStmnt CovItemId="S27" CovItemPrefix="devops.hw1.core.GameBoard.java" Intrnl_Id="290">
<LocList>
<Loc EndOffset="2622" SrcFileId="4" StartOffset="2581"/>
</LocList>
</BasicStmnt>
<BasicStmnt CovItemId="S28" CovItemPrefix="devops.hw1.core.GameBoard.java" Intrnl_Id="291">
<LocList>
<Loc EndOffset="2659" SrcFileId="4" StartOffset="2626"/>
</LocList>
</BasicStmnt>
<BasicStmnt CovItemId="S29" CovItemPrefix="devops.hw1.core.GameBoard.java" Intrnl_Id="292">
<LocList>
<Loc EndOffset="2693" SrcFileId="4" StartOffset="2663"/>
</LocList>
</BasicStmnt>
<BasicStmnt CovItemId="S30" CovItemPrefix="devops.hw1.core.GameBoard.java" Intrnl_Id="293">
<LocList>
<Loc EndOffset="2727" SrcFileId="4" StartOffset="2697"/>
</LocList>
</BasicStmnt>
<BasicStmnt CovItemId="S31" CovItemPrefix="devops.hw1.core.GameBoard.java" Intrnl_Id="294">
<LocList>
<Loc EndOffset="2760" SrcFileId="4" StartOffset="2731"/>
</LocList>
</BasicStmnt>
<BasicStmnt CovItemId="S32" CovItemPrefix="devops.hw1.core.GameBoard.java" Intrnl_Id="295">
<LocList>
<Loc EndOffset="2795" SrcFileId="4" StartOffset="2766"/>
</LocList>
</BasicStmnt>
<BasicStmnt CovItemId="S33" CovItemPrefix="devops.hw1.core.GameBoard.java" Intrnl_Id="296">
<LocList>
<Loc EndOffset="2836" SrcFileId="4" StartOffset="2799"/>
</LocList>
</BasicStmnt>
<BasicStmnt CovItemId="S34" CovItemPrefix="devops.hw1.core.GameBoard.java" Intrnl_Id="297">
<LocList>
<Loc EndOffset="2880" SrcFileId="4" StartOffset="2840"/>
</LocList>
</BasicStmnt>
<BasicStmnt CovItemId="S35" CovItemPrefix="devops.hw1.core.GameBoard.java" Intrnl_Id="298">
<LocList>
<Loc EndOffset="2938" SrcFileId="4" StartOffset="2884"/>
</LocList>
</BasicStmnt>
<BasicStmnt CovItemId="S36" CovItemPrefix="devops.hw1.core.GameBoard.java" Intrnl_Id="299">
<LocList>
<Loc EndOffset="2992" SrcFileId="4" StartOffset="2942"/>
</LocList>
</BasicStmnt>
<BasicStmnt CovItemId="S37" CovItemPrefix="devops.hw1.core.GameBoard.java" Intrnl_Id="300">
<LocList>
<Loc EndOffset="3033" SrcFileId="4" StartOffset="2996"/>
</LocList>
</BasicStmnt>
</StmntSeq>
</HierarchyLvl>
<HierarchyLvl HierarchyLvlId="14818" HierarchyLvlTypeId="14" Intrnl_Id="301" Name="GameBoard">
<Header>
<Loc EndOffset="3086" SrcFileId="4" StartOffset="3042"/>
</Header>
<LocList>
<Loc EndOffset="3408" SrcFileId="4" StartOffset="3042"/>
</LocList>
<StmntSeq Intrnl_Id="302">
<LocList>
<Loc EndOffset="3140" SrcFileId="4" StartOffset="3133"/>
<Loc EndOffset="3198" SrcFileId="4" StartOffset="3177"/>
<Loc EndOffset="3242" SrcFileId="4" StartOffset="3202"/>
<Loc EndOffset="3295" SrcFileId="4" StartOffset="3246"/>
<Loc EndOffset="3318" SrcFileId="4" StartOffset="3299"/>
<Loc EndOffset="3404" SrcFileId="4" StartOffset="3322"/>
</LocList>
<BasicStmnt CovItemId="S38" CovItemPrefix="devops.hw1.core.GameBoard.java" Intrnl_Id="303">
<LocList>
<Loc EndOffset="3140" SrcFileId="4" StartOffset="3133"/>
</LocList>
</BasicStmnt>
<BasicStmnt CovItemId="S39" CovItemPrefix="devops.hw1.core.GameBoard.java" Intrnl_Id="304">
<LocList>
<Loc EndOffset="3198" SrcFileId="4" StartOffset="3177"/>
</LocList>
</BasicStmnt>
<BasicStmnt CovItemId="S40" CovItemPrefix="devops.hw1.core.GameBoard.java" Intrnl_Id="305">
<LocList>
<Loc EndOffset="3242" SrcFileId="4" StartOffset="3202"/>
</LocList>
</BasicStmnt>
<BasicStmnt CovItemId="S41" CovItemPrefix="devops.hw1.core.GameBoard.java" Intrnl_Id="306">
<LocList>
<Loc EndOffset="3295" SrcFileId="4" StartOffset="3246"/>
</LocList>
</BasicStmnt>
<BasicStmnt CovItemId="S42" CovItemPrefix="devops.hw1.core.GameBoard.java" Intrnl_Id="307">
<LocList>
<Loc EndOffset="3318" SrcFileId="4" StartOffset="3299"/>
</LocList>
</BasicStmnt>
<BasicStmnt CovItemId="S43" CovItemPrefix="devops.hw1.core.GameBoard.java" Intrnl_Id="308">
<LocList>
<Loc EndOffset="3404" SrcFileId="4" StartOffset="3322"/>
</LocList>
</BasicStmnt>
</StmntSeq>
</HierarchyLvl>
<HierarchyLvl HierarchyLvlId="14819" HierarchyLvlTypeId="14" Intrnl_Id="309" Name="paint">
<Header>
<Loc EndOffset="3508" SrcFileId="4" StartOffset="3467"/>
</Header>
<LocList>
<Loc EndOffset="4226" SrcFileId="4" StartOffset="3467"/>
</LocList>
<StmntSeq Intrnl_Id="310">
<LocList>
<Loc EndOffset="3529" SrcFileId="4" StartOffset="3514"/>
<Loc EndOffset="3564" SrcFileId="4" StartOffset="3533"/>
<Loc EndOffset="3606" SrcFileId="4" StartOffset="3570"/>
<Loc EndOffset="3874" SrcFileId="4" StartOffset="3610"/>
<Loc EndOffset="4056" SrcFileId="4" StartOffset="3878"/>
<Loc EndOffset="4220" SrcFileId="4" StartOffset="4062"/>
</LocList>
<BasicStmnt CovItemId="S44" CovItemPrefix="devops.hw1.core.GameBoard.java" Intrnl_Id="311">
<LocList>
<Loc EndOffset="3529" SrcFileId="4" StartOffset="3514"/>
</LocList>
</BasicStmnt>
<BasicStmnt CovItemId="S45" CovItemPrefix="devops.hw1.core.GameBoard.java" Intrnl_Id="312">
<LocList>
<Loc EndOffset="3564" SrcFileId="4" StartOffset="3533"/>
</LocList>
</BasicStmnt>
<BasicStmnt CovItemId="S46" CovItemPrefix="devops.hw1.core.GameBoard.java" Intrnl_Id="313">
<LocList>
<Loc EndOffset="3606" SrcFileId="4" StartOffset="3570"/>
</LocList>
</BasicStmnt>
<CondStmnt CovItemId="S47" CovItemPrefix="devops.hw1.core.GameBoard.java" Intrnl_Id="314">
<Branch CovItemId="B1" CovItemPrefix="devops.hw1.core.GameBoard.java" Implct="false" Intrnl_Id="315">
<Cond/>
<LocList>
<Loc EndOffset="3874" SrcFileId="4" StartOffset="3629"/>
</LocList>
<StmntSeq Intrnl_Id="316">
<LocList>
<Loc EndOffset="3694" SrcFileId="4" StartOffset="3635"/>
<Loc EndOffset="3869" SrcFileId="4" StartOffset="3699"/>
</LocList>
<BasicStmnt CovItemId="S48" CovItemPrefix="devops.hw1.core.GameBoard.java" Intrnl_Id="317">
<LocList>
<Loc EndOffset="3694" SrcFileId="4" StartOffset="3635"/>
</LocList>
</BasicStmnt>
<LoopStmnt CovItemId="S49" CovItemPrefix="devops.hw1.core.GameBoard.java" Intrnl_Id="318" MltplExecId="L1-2" MltplExecPrefix="devops.hw1.core.GameBoard.java" NvrExecId="L1-0" NvrExecPrefix="devops.hw1.core.GameBoard.java" OnceExecutedId="L1-1" OnceExecutedPrefix="devops.hw1.core.GameBoard.java" OptBodyExec="true">
<StmntSeq Intrnl_Id="319">
<LocList>
<Loc EndOffset="3797" SrcFileId="4" StartOffset="3741"/>
<Loc EndOffset="3861" SrcFileId="4" StartOffset="3803"/>
</LocList>
<BasicStmnt CovItemId="S50" CovItemPrefix="devops.hw1.core.GameBoard.java" Intrnl_Id="320">
<LocList>
<Loc EndOffset="3797" SrcFileId="4" StartOffset="3741"/>
</LocList>
</BasicStmnt>
<BasicStmnt CovItemId="S51" CovItemPrefix="devops.hw1.core.GameBoard.java" Intrnl_Id="321">
<LocList>
<Loc EndOffset="3861" SrcFileId="4" StartOffset="3803"/>
</LocList>
</BasicStmnt>
</StmntSeq>
<Keyword EndOffset="3702" SrcFileId="4" StartOffset="3699"/>
<LocList>
<Loc EndOffset="3869" SrcFileId="4" StartOffset="3699"/>
</LocList>
<RootTerm CovItemId="C2" CovItemPrefix="devops.hw1.core.GameBoard.java" Intrnl_Id="322">
<BasicBoolTerm Intrnl_Id="323">
<LocList>
<Loc EndOffset="3727" SrcFileId="4" StartOffset="3715"/>
</LocList>
</BasicBoolTerm>
</RootTerm>
</LoopStmnt>
</StmntSeq>
</Branch>
<Branch CovItemId="B2" CovItemPrefix="devops.hw1.core.GameBoard.java" Implct="true" Intrnl_Id="324">
<Cond/>
<LocList/>
<StmntSeq Intrnl_Id="325">
<LocList/>
</StmntSeq>
</Branch>
<Keyword EndOffset="3612" SrcFileId="4" StartOffset="3610"/>
<LocList>
<Loc EndOffset="3874" SrcFileId="4" StartOffset="3610"/>
</LocList>
<RootTerm CovItemId="C1" CovItemPrefix="devops.hw1.core.GameBoard.java" Intrnl_Id="326">
<BasicBoolTerm Intrnl_Id="327">
<LocList>
<Loc EndOffset="3627" SrcFileId="4" StartOffset="3614"/>
</LocList>
</BasicBoolTerm>
</RootTerm>
</CondStmnt>
<LoopStmnt CovItemId="S52" CovItemPrefix="devops.hw1.core.GameBoard.java" Intrnl_Id="328" MltplExecId="L2-2" MltplExecPrefix="devops.hw1.core.GameBoard.java" NvrExecId="L2-0" NvrExecPrefix="devops.hw1.core.GameBoard.java" OnceExecutedId="L2-1" OnceExecutedPrefix="devops.hw1.core.GameBoard.java" OptBodyExec="true">
<StmntSeq Intrnl_Id="329">
<LocList>
<Loc EndOffset="3992" SrcFileId="4" StartOffset="3937"/>
<Loc EndOffset="4049" SrcFileId="4" StartOffset="3997"/>
</LocList>
<BasicStmnt CovItemId="S53" CovItemPrefix="devops.hw1.core.GameBoard.java" Intrnl_Id="330">
<LocList>
<Loc EndOffset="3992" SrcFileId="4" StartOffset="3937"/>
</LocList>
</BasicStmnt>
<BasicStmnt CovItemId="S54" CovItemPrefix="devops.hw1.core.GameBoard.java" Intrnl_Id="331">
<LocList>
<Loc EndOffset="4049" SrcFileId="4" StartOffset="3997"/>
</LocList>
</BasicStmnt>
</StmntSeq>
<Keyword EndOffset="3881" SrcFileId="4" StartOffset="3878"/>
<LocList>
<Loc EndOffset="4056" SrcFileId="4" StartOffset="3878"/>
</LocList>
<RootTerm CovItemId="C3" CovItemPrefix="devops.hw1.core.GameBoard.java" Intrnl_Id="332">
<BasicBoolTerm Intrnl_Id="333">
<LocList>
<Loc EndOffset="3924" SrcFileId="4" StartOffset="3894"/>
</LocList>
</BasicBoolTerm>
</RootTerm>
</LoopStmnt>
<CondStmnt CovItemId="S55" CovItemPrefix="devops.hw1.core.GameBoard.java" Intrnl_Id="334">
<Branch CovItemId="B3" CovItemPrefix="devops.hw1.core.GameBoard.java" Implct="false" Intrnl_Id="335">
<Cond/>
<LocList>
<Loc EndOffset="4220" SrcFileId="4" StartOffset="4096"/>
</LocList>
<StmntSeq Intrnl_Id="336">
<LocList>
<Loc EndOffset="4215" SrcFileId="4" StartOffset="4102"/>
</LocList>
<BasicStmnt CovItemId="S56" CovItemPrefix="devops.hw1.core.GameBoard.java" Intrnl_Id="337">
<LocList>
<Loc EndOffset="4215" SrcFileId="4" StartOffset="4102"/>
</LocList>
</BasicStmnt>
</StmntSeq>
</Branch>
<Branch CovItemId="B4" CovItemPrefix="devops.hw1.core.GameBoard.java" Implct="true" Intrnl_Id="338">
<Cond/>
<LocList/>
<StmntSeq Intrnl_Id="339">
<LocList/>
</StmntSeq>
</Branch>
<Keyword EndOffset="4064" SrcFileId="4" StartOffset="4062"/>
<LocList>
<Loc EndOffset="4220" SrcFileId="4" StartOffset="4062"/>
</LocList>
<RootTerm CovItemId="C4" CovItemPrefix="devops.hw1.core.GameBoard.java" Intrnl_Id="340">
<BasicBoolTerm Intrnl_Id="341">
<LocList>
<Loc EndOffset="4094" SrcFileId="4" StartOffset="4066"/>
</LocList>
</BasicBoolTerm>
</RootTerm>
</CondStmnt>
</StmntSeq>
</HierarchyLvl>
</HierarchyLvl>
<HierarchyLvl HierarchyLvlId="14824" HierarchyLvlTypeId="15" Intrnl_Id="342" Name="EndTurnListener">
<Header>
<Loc EndOffset="209" SrcFileId="5" StartOffset="155"/>
</Header>
<LocList>
<Loc EndOffset="1084" SrcFileId="5" StartOffset="155"/>
</LocList>
<HierarchyLvl HierarchyLvlId="14821" HierarchyLvlTypeId="14" Intrnl_Id="343" Name="EndTurnListener">
<Header>
<Loc EndOffset="363" SrcFileId="5" StartOffset="305"/>
</Header>
<LocList>
<Loc EndOffset="437" SrcFileId="5" StartOffset="305"/>
</LocList>
<StmntSeq Intrnl_Id="344">
<LocList>
<Loc EndOffset="377" SrcFileId="5" StartOffset="369"/>
<Loc EndOffset="402" SrcFileId="5" StartOffset="381"/>
<Loc EndOffset="433" SrcFileId="5" StartOffset="406"/>
</LocList>
<BasicStmnt CovItemId="S1" CovItemPrefix="devops.hw1.core.EndTurnListener.java" Intrnl_Id="345">
<LocList>
<Loc EndOffset="377" SrcFileId="5" StartOffset="369"/>
</LocList>
</BasicStmnt>
<BasicStmnt CovItemId="S2" CovItemPrefix="devops.hw1.core.EndTurnListener.java" Intrnl_Id="346">
<LocList>
<Loc EndOffset="402" SrcFileId="5" StartOffset="381"/>
</LocList>
</BasicStmnt>
<BasicStmnt CovItemId="S3" CovItemPrefix="devops.hw1.core.EndTurnListener.java" Intrnl_Id="347">
<LocList>
<Loc EndOffset="433" SrcFileId="5" StartOffset="406"/>
</LocList>
</BasicStmnt>
</StmntSeq>
</HierarchyLvl>
<HierarchyLvl HierarchyLvlId="14822" HierarchyLvlTypeId="14" Intrnl_Id="348" Name="updateGUI">
<Header>
<Loc EndOffset="525" SrcFileId="5" StartOffset="502"/>
</Header>
<LocList>
<Loc EndOffset="842" SrcFileId="5" StartOffset="502"/>
</LocList>
<StmntSeq Intrnl_Id="349">
<LocList>
<Loc EndOffset="591" SrcFileId="5" StartOffset="531"/>
<Loc EndOffset="655" SrcFileId="5" StartOffset="595"/>
<Loc EndOffset="739" SrcFileId="5" StartOffset="659"/>
<Loc EndOffset="812" SrcFileId="5" StartOffset="743"/>
<Loc EndOffset="836" SrcFileId="5" StartOffset="816"/>
</LocList>
<BasicStmnt CovItemId="S4" CovItemPrefix="devops.hw1.core.EndTurnListener.java" Intrnl_Id="350">
<LocList>
<Loc EndOffset="591" SrcFileId="5" StartOffset="531"/>
</LocList>
</BasicStmnt>
<BasicStmnt CovItemId="S5" CovItemPrefix="devops.hw1.core.EndTurnListener.java" Intrnl_Id="351">
<LocList>
<Loc EndOffset="655" SrcFileId="5" StartOffset="595"/>
</LocList>
</BasicStmnt>
<BasicStmnt CovItemId="S6" CovItemPrefix="devops.hw1.core.EndTurnListener.java" Intrnl_Id="352">
<LocList>
<Loc EndOffset="739" SrcFileId="5" StartOffset="659"/>
</LocList>
</BasicStmnt>
<BasicStmnt CovItemId="S7" CovItemPrefix="devops.hw1.core.EndTurnListener.java" Intrnl_Id="353">
<LocList>
<Loc EndOffset="812" SrcFileId="5" StartOffset="743"/>
</LocList>
</BasicStmnt>
<BasicStmnt CovItemId="S8" CovItemPrefix="devops.hw1.core.EndTurnListener.java" Intrnl_Id="354">
<LocList>
<Loc EndOffset="836" SrcFileId="5" StartOffset="816"/>
</LocList>
</BasicStmnt>
</StmntSeq>
</HierarchyLvl>
<HierarchyLvl HierarchyLvlId="14823" HierarchyLvlTypeId="14" Intrnl_Id="355" Name="actionPerformed">
<Header>
<Loc EndOffset="1026" SrcFileId="5" StartOffset="972"/>
</Header>
<LocList>
<Loc EndOffset="1079" SrcFileId="5" StartOffset="972"/>
</LocList>
<StmntSeq Intrnl_Id="356">
<LocList>
<Loc EndOffset="1054" SrcFileId="5" StartOffset="1032"/>
<Loc EndOffset="1075" SrcFileId="5" StartOffset="1058"/>
</LocList>
<BasicStmnt CovItemId="S9" CovItemPrefix="devops.hw1.core.EndTurnListener.java" Intrnl_Id="357">
<LocList>
<Loc EndOffset="1054" SrcFileId="5" StartOffset="1032"/>
</LocList>
</BasicStmnt>
<BasicStmnt CovItemId="S10" CovItemPrefix="devops.hw1.core.EndTurnListener.java" Intrnl_Id="358">
<LocList>
<Loc EndOffset="1075" SrcFileId="5" StartOffset="1058"/>
</LocList>
</BasicStmnt>
</StmntSeq>
</HierarchyLvl>
</HierarchyLvl>
<HierarchyLvl HierarchyLvlId="14832" HierarchyLvlTypeId="15" Intrnl_Id="359" Name="CardListener">
<Header>
<Loc EndOffset="344" SrcFileId="6" StartOffset="294"/>
</Header>
<LocList>
<Loc EndOffset="2947" SrcFileId="6" StartOffset="294"/>
</LocList>
<HierarchyLvl HierarchyLvlId="14825" HierarchyLvlTypeId="14" Intrnl_Id="360" Name="CardListener">
<Header>
<Loc EndOffset="671" SrcFileId="6" StartOffset="550"/>
</Header>
<LocList>
<Loc EndOffset="857" SrcFileId="6" StartOffset="550"/>
</LocList>
<StmntSeq Intrnl_Id="361">
<LocList>
<Loc EndOffset="718" SrcFileId="6" StartOffset="677"/>
<Loc EndOffset="763" SrcFileId="6" StartOffset="722"/>
<Loc EndOffset="788" SrcFileId="6" StartOffset="767"/>
<Loc EndOffset="811" SrcFileId="6" StartOffset="792"/>
</LocList>
<BasicStmnt CovItemId="S1" CovItemPrefix="devops.hw1.core.CardListener.java" Intrnl_Id="362">
<LocList>
<Loc EndOffset="718" SrcFileId="6" StartOffset="677"/>
</LocList>
</BasicStmnt>
<BasicStmnt CovItemId="S2" CovItemPrefix="devops.hw1.core.CardListener.java" Intrnl_Id="363">
<LocList>
<Loc EndOffset="763" SrcFileId="6" StartOffset="722"/>
</LocList>
</BasicStmnt>
<BasicStmnt CovItemId="S3" CovItemPrefix="devops.hw1.core.CardListener.java" Intrnl_Id="364">
<LocList>
<Loc EndOffset="788" SrcFileId="6" StartOffset="767"/>
</LocList>
</BasicStmnt>
<BasicStmnt CovItemId="S4" CovItemPrefix="devops.hw1.core.CardListener.java" Intrnl_Id="365">
<LocList>
<Loc EndOffset="811" SrcFileId="6" StartOffset="792"/>
</LocList>
</BasicStmnt>
</StmntSeq>
</HierarchyLvl>
<HierarchyLvl HierarchyLvlId="14826" HierarchyLvlTypeId="14" Intrnl_Id="366" Name="mouseClicked">
<Header>
<Loc EndOffset="988" SrcFileId="6" StartOffset="950"/>
</Header>
<LocList>
<Loc EndOffset="2230" SrcFileId="6" StartOffset="950"/>
</LocList>
<StmntSeq Intrnl_Id="367">
<LocList>
<Loc EndOffset="1032" SrcFileId="6" StartOffset="994"/>
<Loc EndOffset="1084" SrcFileId="6" StartOffset="1036"/>
<Loc EndOffset="1109" SrcFileId="6" StartOffset="1088"/>
<Loc EndOffset="1134" SrcFileId="6" StartOffset="1113"/>
<Loc EndOffset="1648" SrcFileId="6" StartOffset="1188"/>
<Loc EndOffset="1681" SrcFileId="6" StartOffset="1654"/>
<Loc EndOffset="1734" SrcFileId="6" StartOffset="1707"/>
<Loc EndOffset="2208" SrcFileId="6" StartOffset="1813"/>
<Loc EndOffset="2224" SrcFileId="6" StartOffset="2212"/>
</LocList>
<BasicStmnt CovItemId="S5" CovItemPrefix="devops.hw1.core.CardListener.java" Intrnl_Id="368">
<LocList>
<Loc EndOffset="1032" SrcFileId="6" StartOffset="994"/>
</LocList>
</BasicStmnt>
<BasicStmnt CovItemId="S6" CovItemPrefix="devops.hw1.core.CardListener.java" Intrnl_Id="369">
<LocList>
<Loc EndOffset="1084" SrcFileId="6" StartOffset="1036"/>
</LocList>
</BasicStmnt>
<BasicStmnt CovItemId="S7" CovItemPrefix="devops.hw1.core.CardListener.java" Intrnl_Id="370">
<LocList>
<Loc EndOffset="1109" SrcFileId="6" StartOffset="1088"/>
</LocList>
</BasicStmnt>
<BasicStmnt CovItemId="S8" CovItemPrefix="devops.hw1.core.CardListener.java" Intrnl_Id="371">
<LocList>
<Loc EndOffset="1134" SrcFileId="6" StartOffset="1113"/>
</LocList>
</BasicStmnt>
<CondStmnt CovItemId="S9" CovItemPrefix="devops.hw1.core.CardListener.java" Intrnl_Id="372">
<Branch CovItemId="B1" CovItemPrefix="devops.hw1.core.CardListener.java" Implct="false" Intrnl_Id="373">
<Cond/>
<LocList>
<Loc EndOffset="1648" SrcFileId="6" StartOffset="1219"/>
</LocList>
<StmntSeq Intrnl_Id="374">
<LocList>
<Loc EndOffset="1274" SrcFileId="6" StartOffset="1225"/>
<Loc EndOffset="1643" SrcFileId="6" StartOffset="1281"/>
</LocList>
<BasicStmnt CovItemId="S10" CovItemPrefix="devops.hw1.core.CardListener.java" Intrnl_Id="375">
<LocList>
<Loc EndOffset="1274" SrcFileId="6" StartOffset="1225"/>
</LocList>
</BasicStmnt>
<LoopStmnt CovItemId="S11" CovItemPrefix="devops.hw1.core.CardListener.java" Intrnl_Id="376" MltplExecId="L1-2" MltplExecPrefix="devops.hw1.core.CardListener.java" NvrExecId="L1-0" NvrExecPrefix="devops.hw1.core.CardListener.java" OnceExecutedId="L1-1" OnceExecutedPrefix="devops.hw1.core.CardListener.java" OptBodyExec="true">
<StmntSeq Intrnl_Id="377">
<LocList>
<Loc EndOffset="1370" SrcFileId="6" StartOffset="1335"/>
<Loc EndOffset="1412" SrcFileId="6" StartOffset="1376"/>
<Loc EndOffset="1635" SrcFileId="6" StartOffset="1418"/>
</LocList>
<BasicStmnt CovItemId="S12" CovItemPrefix="devops.hw1.core.CardListener.java" Intrnl_Id="378">
<LocList>
<Loc EndOffset="1370" SrcFileId="6" StartOffset="1335"/>
</LocList>
</BasicStmnt>
<BasicStmnt CovItemId="S13" CovItemPrefix="devops.hw1.core.CardListener.java" Intrnl_Id="379">
<LocList>
<Loc EndOffset="1412" SrcFileId="6" StartOffset="1376"/>
</LocList>
</BasicStmnt>
<CondStmnt CovItemId="S14" CovItemPrefix="devops.hw1.core.CardListener.java" Intrnl_Id="380">
<Branch CovItemId="B3" CovItemPrefix="devops.hw1.core.CardListener.java" Implct="false" Intrnl_Id="381">
<Cond/>
<LocList>
<Loc EndOffset="1635" SrcFileId="6" StartOffset="1566"/>
</LocList>
<StmntSeq Intrnl_Id="382">
<LocList>
<Loc EndOffset="1615" SrcFileId="6" StartOffset="1574"/>
<Loc EndOffset="1628" SrcFileId="6" StartOffset="1622"/>
</LocList>
<BasicStmnt CovItemId="S15" CovItemPrefix="devops.hw1.core.CardListener.java" Intrnl_Id="383">
<LocList>
<Loc EndOffset="1615" SrcFileId="6" StartOffset="1574"/>
</LocList>
</BasicStmnt>
<BasicStmnt CovItemId="S16" CovItemPrefix="devops.hw1.core.CardListener.java" Intrnl_Id="384">
<LocList>
<Loc EndOffset="1628" SrcFileId="6" StartOffset="1622"/>
</LocList>
</BasicStmnt>
</StmntSeq>
</Branch>
<Branch CovItemId="B4" CovItemPrefix="devops.hw1.core.CardListener.java" Implct="true" Intrnl_Id="385">
<Cond/>
<LocList/>
<StmntSeq Intrnl_Id="386">
<LocList/>
</StmntSeq>
</Branch>
<Keyword EndOffset="1420" SrcFileId="6" StartOffset="1418"/>
<LocList>
<Loc EndOffset="1635" SrcFileId="6" StartOffset="1418"/>
</LocList>
<RootTerm CovItemId="C3" CovItemPrefix="devops.hw1.core.CardListener.java" Intrnl_Id="387">
<OpTerm BooleanOpId="10" Intrnl_Id="388">
<OpTerm BooleanOpId="10" Intrnl_Id="389">
<BasicBoolTerm Intrnl_Id="390">
<LocList>
<Loc EndOffset="1453" SrcFileId="6" StartOffset="1423"/>
</LocList>
</BasicBoolTerm>
<BasicBoolTerm Intrnl_Id="391">
<LocList>
<Loc EndOffset="1486" SrcFileId="6" StartOffset="1457"/>
</LocList>
</BasicBoolTerm>
<LocList>
<Loc EndOffset="1456" SrcFileId="6" StartOffset="1454"/>
</LocList>
</OpTerm>
<OpTerm BooleanOpId="10" Intrnl_Id="392">
<BasicBoolTerm Intrnl_Id="393">
<LocList>
<Loc EndOffset="1529" SrcFileId="6" StartOffset="1499"/>
</LocList>
</BasicBoolTerm>
<BasicBoolTerm Intrnl_Id="394">
<LocList>
<Loc EndOffset="1563" SrcFileId="6" StartOffset="1533"/>
</LocList>
</BasicBoolTerm>
<LocList>
<Loc EndOffset="1532" SrcFileId="6" StartOffset="1530"/>
</LocList>
</OpTerm>
<LocList>
<Loc EndOffset="1497" SrcFileId="6" StartOffset="1495"/>
</LocList>
</OpTerm>
</RootTerm>
</CondStmnt>
</StmntSeq>
<Keyword EndOffset="1284" SrcFileId="6" StartOffset="1281"/>
<LocList>
<Loc EndOffset="1643" SrcFileId="6" StartOffset="1281"/>
</LocList>
<RootTerm CovItemId="C2" CovItemPrefix="devops.hw1.core.CardListener.java" Intrnl_Id="395">
<BasicBoolTerm Intrnl_Id="396">
<LocList>
<Loc EndOffset="1321" SrcFileId="6" StartOffset="1297"/>
</LocList>
</BasicBoolTerm>
</RootTerm>
</LoopStmnt>
</StmntSeq>
</Branch>
<Branch CovItemId="B2" CovItemPrefix="devops.hw1.core.CardListener.java" Implct="true" Intrnl_Id="397">
<Cond/>
<LocList/>
<StmntSeq Intrnl_Id="398">
<LocList/>
</StmntSeq>
</Branch>
<Keyword EndOffset="1190" SrcFileId="6" StartOffset="1188"/>
<LocList>
<Loc EndOffset="1648" SrcFileId="6" StartOffset="1188"/>
</LocList>
<RootTerm CovItemId="C1" CovItemPrefix="devops.hw1.core.CardListener.java" Intrnl_Id="399">
<BasicBoolTerm Intrnl_Id="400">
<LocList>
<Loc EndOffset="1217" SrcFileId="6" StartOffset="1192"/>
</LocList>
</BasicBoolTerm>
</RootTerm>
</CondStmnt>
<BasicStmnt CovItemId="S17" CovItemPrefix="devops.hw1.core.CardListener.java" Intrnl_Id="401">
<LocList>
<Loc EndOffset="1681" SrcFileId="6" StartOffset="1654"/>
</LocList>
</BasicStmnt>
<BasicStmnt CovItemId="S18" CovItemPrefix="devops.hw1.core.CardListener.java" Intrnl_Id="402">
<LocList>
<Loc EndOffset="1734" SrcFileId="6" StartOffset="1707"/>
</LocList>
</BasicStmnt>
<LoopStmnt CovItemId="S19" CovItemPrefix="devops.hw1.core.CardListener.java" Intrnl_Id="403" MltplExecId="L2-2" MltplExecPrefix="devops.hw1.core.CardListener.java" NvrExecId="L2-0" NvrExecPrefix="devops.hw1.core.CardListener.java" OnceExecutedId="L2-1" OnceExecutedPrefix="devops.hw1.core.CardListener.java" OptBodyExec="true">
<StmntSeq Intrnl_Id="404">
<LocList>
<Loc EndOffset="1879" SrcFileId="6" StartOffset="1847"/>
<Loc EndOffset="1917" SrcFileId="6" StartOffset="1884"/>
<Loc EndOffset="2201" SrcFileId="6" StartOffset="1922"/>
</LocList>
<BasicStmnt CovItemId="S20" CovItemPrefix="devops.hw1.core.CardListener.java" Intrnl_Id="405">
<LocList>
<Loc EndOffset="1879" SrcFileId="6" StartOffset="1847"/>
</LocList>
</BasicStmnt>
<BasicStmnt CovItemId="S21" CovItemPrefix="devops.hw1.core.CardListener.java" Intrnl_Id="406">
<LocList>
<Loc EndOffset="1917" SrcFileId="6" StartOffset="1884"/>
</LocList>
</BasicStmnt>
<CondStmnt CovItemId="S22" CovItemPrefix="devops.hw1.core.CardListener.java" Intrnl_Id="407">
<Branch CovItemId="B5" CovItemPrefix="devops.hw1.core.CardListener.java" Implct="false" Intrnl_Id="408">
<Cond/>
<LocList>
<Loc EndOffset="2201" SrcFileId="6" StartOffset="2090"/>
</LocList>
<StmntSeq Intrnl_Id="409">
<LocList>
<Loc EndOffset="2183" SrcFileId="6" StartOffset="2097"/>
<Loc EndOffset="2195" SrcFileId="6" StartOffset="2189"/>
</LocList>
<CondStmnt CovItemId="S23" CovItemPrefix="devops.hw1.core.CardListener.java" Intrnl_Id="410">
<Branch CovItemId="B7" CovItemPrefix="devops.hw1.core.CardListener.java" Implct="false" Intrnl_Id="411">
<Cond/>
<LocList>
<Loc EndOffset="2183" SrcFileId="6" StartOffset="2141"/>
</LocList>
<StmntSeq Intrnl_Id="412">
<LocList>
<Loc EndOffset="2176" SrcFileId="6" StartOffset="2149"/>
</LocList>
<BasicStmnt CovItemId="S24" CovItemPrefix="devops.hw1.core.CardListener.java" Intrnl_Id="413">
<LocList>
<Loc EndOffset="2176" SrcFileId="6" StartOffset="2149"/>
</LocList>
</BasicStmnt>
</StmntSeq>
</Branch>
<Branch CovItemId="B8" CovItemPrefix="devops.hw1.core.CardListener.java" Implct="true" Intrnl_Id="414">
<Cond/>
<LocList/>
<StmntSeq Intrnl_Id="415">
<LocList/>
</StmntSeq>
</Branch>
<Keyword EndOffset="2099" SrcFileId="6" StartOffset="2097"/>
<LocList>
<Loc EndOffset="2183" SrcFileId="6" StartOffset="2097"/>
</LocList>
<RootTerm CovItemId="C6" CovItemPrefix="devops.hw1.core.CardListener.java" Intrnl_Id="416">
<BasicBoolTerm Intrnl_Id="417">
<LocList>
<Loc EndOffset="2139" SrcFileId="6" StartOffset="2101"/>
</LocList>
</BasicBoolTerm>
</RootTerm>
</CondStmnt>
<BasicStmnt CovItemId="S25" CovItemPrefix="devops.hw1.core.CardListener.java" Intrnl_Id="418">
<LocList>
<Loc EndOffset="2195" SrcFileId="6" StartOffset="2189"/>
</LocList>
</BasicStmnt>
</StmntSeq>
</Branch>
<Branch CovItemId="B6" CovItemPrefix="devops.hw1.core.CardListener.java" Implct="true" Intrnl_Id="419">
<Cond/>
<LocList/>
<StmntSeq Intrnl_Id="420">
<LocList/>
</StmntSeq>
</Branch>
<Keyword EndOffset="1924" SrcFileId="6" StartOffset="1922"/>
<LocList>
<Loc EndOffset="2201" SrcFileId="6" StartOffset="1922"/>
</LocList>
<RootTerm CovItemId="C5" CovItemPrefix="devops.hw1.core.CardListener.java" Intrnl_Id="421">
<OpTerm BooleanOpId="10" Intrnl_Id="422">
<OpTerm BooleanOpId="10" Intrnl_Id="423">
<BasicBoolTerm Intrnl_Id="424">
<LocList>
<Loc EndOffset="1957" SrcFileId="6" StartOffset="1927"/>
</LocList>
</BasicBoolTerm>
<BasicBoolTerm Intrnl_Id="425">
<LocList>
<Loc EndOffset="1990" SrcFileId="6" StartOffset="1961"/>
</LocList>
</BasicBoolTerm>
<LocList>
<Loc EndOffset="1960" SrcFileId="6" StartOffset="1958"/>
</LocList>
</OpTerm>
<OpTerm BooleanOpId="10" Intrnl_Id="426">
<BasicBoolTerm Intrnl_Id="427">
<LocList>
<Loc EndOffset="2038" SrcFileId="6" StartOffset="2002"/>
</LocList>
</BasicBoolTerm>
<BasicBoolTerm Intrnl_Id="428">
<LocList>
<Loc EndOffset="2087" SrcFileId="6" StartOffset="2042"/>
</LocList>
</BasicBoolTerm>
<LocList>
<Loc EndOffset="2041" SrcFileId="6" StartOffset="2039"/>
</LocList>
</OpTerm>
<LocList>
<Loc EndOffset="2000" SrcFileId="6" StartOffset="1998"/>
</LocList>
</OpTerm>
</RootTerm>
</CondStmnt>
</StmntSeq>
<Keyword EndOffset="1816" SrcFileId="6" StartOffset="1813"/>
<LocList>
<Loc EndOffset="2208" SrcFileId="6" StartOffset="1813"/>
</LocList>
<RootTerm CovItemId="C4" CovItemPrefix="devops.hw1.core.CardListener.java" Intrnl_Id="429">
<BasicBoolTerm Intrnl_Id="430">
<LocList>
<Loc EndOffset="1834" SrcFileId="6" StartOffset="1829"/>
</LocList>
</BasicBoolTerm>
</RootTerm>
</LoopStmnt>
<BasicStmnt CovItemId="S26" CovItemPrefix="devops.hw1.core.CardListener.java" Intrnl_Id="431">
<LocList>
<Loc EndOffset="2224" SrcFileId="6" StartOffset="2212"/>
</LocList>
</BasicStmnt>
</StmntSeq>
</HierarchyLvl>
<HierarchyLvl HierarchyLvlId="14827" HierarchyLvlTypeId="14" Intrnl_Id="432" Name="updateGUI">
<Header>
<Loc EndOffset="2329" SrcFileId="6" StartOffset="2306"/>
</Header>
<LocList>
<Loc EndOffset="2646" SrcFileId="6" StartOffset="2306"/>
</LocList>
<StmntSeq Intrnl_Id="433">
<LocList>
<Loc EndOffset="2395" SrcFileId="6" StartOffset="2335"/>
<Loc EndOffset="2459" SrcFileId="6" StartOffset="2399"/>
<Loc EndOffset="2543" SrcFileId="6" StartOffset="2463"/>
<Loc EndOffset="2616" SrcFileId="6" StartOffset="2547"/>
<Loc EndOffset="2640" SrcFileId="6" StartOffset="2620"/>
</LocList>
<BasicStmnt CovItemId="S27" CovItemPrefix="devops.hw1.core.CardListener.java" Intrnl_Id="434">
<LocList>
<Loc EndOffset="2395" SrcFileId="6" StartOffset="2335"/>
</LocList>
</BasicStmnt>
<BasicStmnt CovItemId="S28" CovItemPrefix="devops.hw1.core.CardListener.java" Intrnl_Id="435">
<LocList>
<Loc EndOffset="2459" SrcFileId="6" StartOffset="2399"/>
</LocList>
</BasicStmnt>
<BasicStmnt CovItemId="S29" CovItemPrefix="devops.hw1.core.CardListener.java" Intrnl_Id="436">
<LocList>
<Loc EndOffset="2543" SrcFileId="6" StartOffset="2463"/>
</LocList>
</BasicStmnt>
<BasicStmnt CovItemId="S30" CovItemPrefix="devops.hw1.core.CardListener.java" Intrnl_Id="437">
<LocList>
<Loc EndOffset="2616" SrcFileId="6" StartOffset="2547"/>
</LocList>
</BasicStmnt>
<BasicStmnt CovItemId="S31" CovItemPrefix="devops.hw1.core.CardListener.java" Intrnl_Id="438">
<LocList>
<Loc EndOffset="2640" SrcFileId="6" StartOffset="2620"/>
</LocList>
</BasicStmnt>
</StmntSeq>
</HierarchyLvl>
<HierarchyLvl HierarchyLvlId="14828" HierarchyLvlTypeId="14" Intrnl_Id="439" Name="mouseEntered">
<Header>
<Loc EndOffset="2692" SrcFileId="6" StartOffset="2651"/>
</Header>
<LocList>
<Loc EndOffset="2720" SrcFileId="6" StartOffset="2651"/>
</LocList>
</HierarchyLvl>
<HierarchyLvl HierarchyLvlId="14829" HierarchyLvlTypeId="14" Intrnl_Id="440" Name="mouseExited">
<Header>
<Loc EndOffset="2765" SrcFileId="6" StartOffset="2725"/>
</Header>
<LocList>
<Loc EndOffset="2793" SrcFileId="6" StartOffset="2725"/>
</LocList>
</HierarchyLvl>
<HierarchyLvl HierarchyLvlId="14830" HierarchyLvlTypeId="14" Intrnl_Id="441" Name="mousePressed">
<Header>
<Loc EndOffset="2839" SrcFileId="6" StartOffset="2798"/>
</Header>
<LocList>
<Loc EndOffset="2867" SrcFileId="6" StartOffset="2798"/>
</LocList>
</HierarchyLvl>
<HierarchyLvl HierarchyLvlId="14831" HierarchyLvlTypeId="14" Intrnl_Id="442" Name="mouseReleased">
<Header>
<Loc EndOffset="2914" SrcFileId="6" StartOffset="2872"/>
</Header>
<LocList>
<Loc EndOffset="2942" SrcFileId="6" StartOffset="2872"/>
</LocList>
</HierarchyLvl>
</HierarchyLvl>
<HierarchyLvl HierarchyLvlId="14834" HierarchyLvlTypeId="15" Intrnl_Id="443" Name="CardCollection">
<Header>
<Loc EndOffset="330" SrcFileId="7" StartOffset="303"/>
</Header>
<LocList>
<Loc EndOffset="19869" SrcFileId="7" StartOffset="303"/>
</LocList>
<StmntSeq Intrnl_Id="444">
<LocList>
<Loc EndOffset="2304" SrcFileId="7" StartOffset="2261"/>
<Loc EndOffset="2350" SrcFileId="7" StartOffset="2307"/>
<Loc EndOffset="2394" SrcFileId="7" StartOffset="2353"/>
<Loc EndOffset="2440" SrcFileId="7" StartOffset="2397"/>
</LocList>
<BasicStmnt CovItemId="S1" CovItemPrefix="devops.hw1.core.CardCollection.java" Intrnl_Id="445">
<LocList>
<Loc EndOffset="2304" SrcFileId="7" StartOffset="2261"/>
</LocList>
</BasicStmnt>
<BasicStmnt CovItemId="S2" CovItemPrefix="devops.hw1.core.CardCollection.java" Intrnl_Id="446">
<LocList>
<Loc EndOffset="2350" SrcFileId="7" StartOffset="2307"/>
</LocList>
</BasicStmnt>
<BasicStmnt CovItemId="S3" CovItemPrefix="devops.hw1.core.CardCollection.java" Intrnl_Id="447">
<LocList>
<Loc EndOffset="2394" SrcFileId="7" StartOffset="2353"/>
</LocList>
</BasicStmnt>
<BasicStmnt CovItemId="S4" CovItemPrefix="devops.hw1.core.CardCollection.java" Intrnl_Id="448">
<LocList>
<Loc EndOffset="2440" SrcFileId="7" StartOffset="2397"/>
</LocList>
</BasicStmnt>
</StmntSeq>
<HierarchyLvl HierarchyLvlId="14833" HierarchyLvlTypeId="14" Intrnl_Id="449" Name="CardCollection">
<Header>
<Loc EndOffset="2487" SrcFileId="7" StartOffset="2445"/>
</Header>
<LocList>
<Loc EndOffset="19864" SrcFileId="7" StartOffset="2445"/>
</LocList>
<StmntSeq Intrnl_Id="450">
<LocList>
<Loc EndOffset="2555" SrcFileId="7" StartOffset="2493"/>
<Loc EndOffset="2622" SrcFileId="7" StartOffset="2559"/>
<Loc EndOffset="2689" SrcFileId="7" StartOffset="2626"/>
<Loc EndOffset="2756" SrcFileId="7" StartOffset="2693"/>
<Loc EndOffset="2823" SrcFileId="7" StartOffset="2760"/>
<Loc EndOffset="2890" SrcFileId="7" StartOffset="2827"/>
<Loc EndOffset="2957" SrcFileId="7" StartOffset="2894"/>
<Loc EndOffset="3024" SrcFileId="7" StartOffset="2961"/>
<Loc EndOffset="3091" SrcFileId="7" StartOffset="3028"/>
<Loc EndOffset="3158" SrcFileId="7" StartOffset="3095"/>
<Loc EndOffset="3226" SrcFileId="7" StartOffset="3162"/>
<Loc EndOffset="3294" SrcFileId="7" StartOffset="3230"/>
<Loc EndOffset="3362" SrcFileId="7" StartOffset="3298"/>
<Loc EndOffset="3430" SrcFileId="7" StartOffset="3366"/>
<Loc EndOffset="3498" SrcFileId="7" StartOffset="3434"/>
<Loc EndOffset="3566" SrcFileId="7" StartOffset="3502"/>
<Loc EndOffset="3634" SrcFileId="7" StartOffset="3570"/>
<Loc EndOffset="3702" SrcFileId="7" StartOffset="3638"/>
<Loc EndOffset="3770" SrcFileId="7" StartOffset="3706"/>
<Loc EndOffset="3838" SrcFileId="7" StartOffset="3774"/>
<Loc EndOffset="3906" SrcFileId="7" StartOffset="3842"/>
<Loc EndOffset="3974" SrcFileId="7" StartOffset="3910"/>
<Loc EndOffset="4042" SrcFileId="7" StartOffset="3978"/>
<Loc EndOffset="4110" SrcFileId="7" StartOffset="4046"/>
<Loc EndOffset="4178" SrcFileId="7" StartOffset="4114"/>
<Loc EndOffset="4246" SrcFileId="7" StartOffset="4182"/>
<Loc EndOffset="4314" SrcFileId="7" StartOffset="4250"/>
<Loc EndOffset="4382" SrcFileId="7" StartOffset="4318"/>
<Loc EndOffset="4450" SrcFileId="7" StartOffset="4386"/>
<Loc EndOffset="4518" SrcFileId="7" StartOffset="4454"/>
<Loc EndOffset="4586" SrcFileId="7" StartOffset="4522"/>
<Loc EndOffset="4654" SrcFileId="7" StartOffset="4590"/>
<Loc EndOffset="4722" SrcFileId="7" StartOffset="4658"/>
<Loc EndOffset="4790" SrcFileId="7" StartOffset="4726"/>
<Loc EndOffset="4858" SrcFileId="7" StartOffset="4794"/>
<Loc EndOffset="4926" SrcFileId="7" StartOffset="4862"/>
<Loc EndOffset="4994" SrcFileId="7" StartOffset="4930"/>
<Loc EndOffset="5062" SrcFileId="7" StartOffset="4998"/>
<Loc EndOffset="5130" SrcFileId="7" StartOffset="5066"/>
<Loc EndOffset="5198" SrcFileId="7" StartOffset="5134"/>
<Loc EndOffset="5266" SrcFileId="7" StartOffset="5202"/>
<Loc EndOffset="5334" SrcFileId="7" StartOffset="5270"/>
<Loc EndOffset="5402" SrcFileId="7" StartOffset="5338"/>
<Loc EndOffset="5470" SrcFileId="7" StartOffset="5406"/>
<Loc EndOffset="5538" SrcFileId="7" StartOffset="5474"/>
<Loc EndOffset="5606" SrcFileId="7" StartOffset="5542"/>
<Loc EndOffset="5674" SrcFileId="7" StartOffset="5610"/>
<Loc EndOffset="5742" SrcFileId="7" StartOffset="5678"/>
<Loc EndOffset="5810" SrcFileId="7" StartOffset="5746"/>
<Loc EndOffset="5878" SrcFileId="7" StartOffset="5814"/>
<Loc EndOffset="5911" SrcFileId="7" StartOffset="5884"/>
<Loc EndOffset="5986" SrcFileId="7" StartOffset="5917"/>
<Loc EndOffset="6010" SrcFileId="7" StartOffset="5992"/>
<Loc EndOffset="6099" SrcFileId="7" StartOffset="6014"/>
<Loc EndOffset="6172" SrcFileId="7" StartOffset="6105"/>
<Loc EndOffset="6197" SrcFileId="7" StartOffset="6178"/>
<Loc EndOffset="6281" SrcFileId="7" StartOffset="6201"/>
<Loc EndOffset="6357" SrcFileId="7" StartOffset="6287"/>
<Loc EndOffset="6381" SrcFileId="7" StartOffset="6363"/>
<Loc EndOffset="6482" SrcFileId="7" StartOffset="6385"/>
<Loc EndOffset="6557" SrcFileId="7" StartOffset="6488"/>
<Loc EndOffset="6582" SrcFileId="7" StartOffset="6563"/>
<Loc EndOffset="6674" SrcFileId="7" StartOffset="6586"/>
<Loc EndOffset="6748" SrcFileId="7" StartOffset="6680"/>
<Loc EndOffset="6773" SrcFileId="7" StartOffset="6754"/>
<Loc EndOffset="6795" SrcFileId="7" StartOffset="6777"/>
<Loc EndOffset="6890" SrcFileId="7" StartOffset="6799"/>
<Loc EndOffset="6966" SrcFileId="7" StartOffset="6896"/>
<Loc EndOffset="6991" SrcFileId="7" StartOffset="6972"/>
<Loc EndOffset="7013" SrcFileId="7" StartOffset="6995"/>
<Loc EndOffset="7113" SrcFileId="7" StartOffset="7017"/>
<Loc EndOffset="7208" SrcFileId="7" StartOffset="7119"/>
<Loc EndOffset="7232" SrcFileId="7" StartOffset="7214"/>
<Loc EndOffset="7361" SrcFileId="7" StartOffset="7236"/>
<Loc EndOffset="7452" SrcFileId="7" StartOffset="7367"/>
<Loc EndOffset="7477" SrcFileId="7" StartOffset="7458"/>
<Loc EndOffset="7587" SrcFileId="7" StartOffset="7481"/>
<Loc EndOffset="7680" SrcFileId="7" StartOffset="7593"/>
<Loc EndOffset="7771" SrcFileId="7" StartOffset="7753"/>
<Loc EndOffset="7885" SrcFileId="7" StartOffset="7775"/>
<Loc EndOffset="7960" SrcFileId="7" StartOffset="7891"/>
<Loc EndOffset="8133" SrcFileId="7" StartOffset="8038"/>
<Loc EndOffset="8208" SrcFileId="7" StartOffset="8139"/>
<Loc EndOffset="8306" SrcFileId="7" StartOffset="8286"/>
<Loc EndOffset="8402" SrcFileId="7" StartOffset="8310"/>
<Loc EndOffset="8493" SrcFileId="7" StartOffset="8408"/>
<Loc EndOffset="8610" SrcFileId="7" StartOffset="8590"/>
<Loc EndOffset="8723" SrcFileId="7" StartOffset="8614"/>
<Loc EndOffset="8812" SrcFileId="7" StartOffset="8729"/>
<Loc EndOffset="9020" SrcFileId="7" StartOffset="8916"/>
<Loc EndOffset="9110" SrcFileId="7" StartOffset="9026"/>
<Loc EndOffset="9295" SrcFileId="7" StartOffset="9184"/>
<Loc EndOffset="9381" SrcFileId="7" StartOffset="9301"/>
<Loc EndOffset="9479" SrcFileId="7" StartOffset="9459"/>
<Loc EndOffset="9584" SrcFileId="7" StartOffset="9483"/>
<Loc EndOffset="9679" SrcFileId="7" StartOffset="9590"/>
<Loc EndOffset="9908" SrcFileId="7" StartOffset="9784"/>
<Loc EndOffset="9985" SrcFileId="7" StartOffset="9914"/>
<Loc EndOffset="10010" SrcFileId="7" StartOffset="9991"/>
<Loc EndOffset="10034" SrcFileId="7" StartOffset="10014"/>
<Loc EndOffset="10133" SrcFileId="7" StartOffset="10038"/>
<Loc EndOffset="10219" SrcFileId="7" StartOffset="10139"/>
<Loc EndOffset="10397" SrcFileId="7" StartOffset="10298"/>
<Loc EndOffset="10488" SrcFileId="7" StartOffset="10403"/>
<Loc EndOffset="10692" SrcFileId="7" StartOffset="10584"/>
<Loc EndOffset="10780" SrcFileId="7" StartOffset="10698"/>
<Loc EndOffset="10892" SrcFileId="7" StartOffset="10872"/>
<Loc EndOffset="11002" SrcFileId="7" StartOffset="10896"/>
<Loc EndOffset="11075" SrcFileId="7" StartOffset="11008"/>
<Loc EndOffset="11101" SrcFileId="7" StartOffset="11081"/>
<Loc EndOffset="11196" SrcFileId="7" StartOffset="11105"/>
<Loc EndOffset="11283" SrcFileId="7" StartOffset="11202"/>
<Loc EndOffset="11309" SrcFileId="7" StartOffset="11289"/>
<Loc EndOffset="11333" SrcFileId="7" StartOffset="11313"/>
<Loc EndOffset="11443" SrcFileId="7" StartOffset="11337"/>
<Loc EndOffset="11520" SrcFileId="7" StartOffset="11449"/>
<Loc EndOffset="11545" SrcFileId="7" StartOffset="11526"/>
<Loc EndOffset="11649" SrcFileId="7" StartOffset="11549"/>
<Loc EndOffset="11734" SrcFileId="7" StartOffset="11655"/>
<Loc EndOffset="11893" SrcFileId="7" StartOffset="11793"/>
<Loc EndOffset="11964" SrcFileId="7" StartOffset="11899"/>
<Loc EndOffset="12052" SrcFileId="7" StartOffset="12032"/>
<Loc EndOffset="12140" SrcFileId="7" StartOffset="12056"/>
<Loc EndOffset="12230" SrcFileId="7" StartOffset="12146"/>
<Loc EndOffset="12340" SrcFileId="7" StartOffset="12320"/>
<Loc EndOffset="12452" SrcFileId="7" StartOffset="12344"/>
<Loc EndOffset="12527" SrcFileId="7" StartOffset="12458"/>
<Loc EndOffset="12677" SrcFileId="7" StartOffset="12590"/>
<Loc EndOffset="12764" SrcFileId="7" StartOffset="12683"/>
<Loc EndOffset="12949" SrcFileId="7" StartOffset="12842"/>
<Loc EndOffset="13024" SrcFileId="7" StartOffset="12955"/>
<Loc EndOffset="13126" SrcFileId="7" StartOffset="13106"/>
<Loc EndOffset="13222" SrcFileId="7" StartOffset="13130"/>
<Loc EndOffset="13314" SrcFileId="7" StartOffset="13228"/>
<Loc EndOffset="13525" SrcFileId="7" StartOffset="13416"/>
<Loc EndOffset="13611" SrcFileId="7" StartOffset="13531"/>
<Loc EndOffset="13726" SrcFileId="7" StartOffset="13706"/>
<Loc EndOffset="13834" SrcFileId="7" StartOffset="13730"/>
<Loc EndOffset="13922" SrcFileId="7" StartOffset="13840"/>
<Loc EndOffset="13948" SrcFileId="7" StartOffset="13928"/>
<Loc EndOffset="13972" SrcFileId="7" StartOffset="13952"/>
<Loc EndOffset="14082" SrcFileId="7" StartOffset="13976"/>
<Loc EndOffset="14161" SrcFileId="7" StartOffset="14092"/>
<Loc EndOffset="14275" SrcFileId="7" StartOffset="14255"/>
<Loc EndOffset="14370" SrcFileId="7" StartOffset="14279"/>
<Loc EndOffset="14462" SrcFileId="7" StartOffset="14376"/>
<Loc EndOffset="14553" SrcFileId="7" StartOffset="14534"/>
<Loc EndOffset="14672" SrcFileId="7" StartOffset="14557"/>
<Loc EndOffset="14765" SrcFileId="7" StartOffset="14678"/>
<Loc EndOffset="14855" SrcFileId="7" StartOffset="14835"/>
<Loc EndOffset="14969" SrcFileId="7" StartOffset="14859"/>
<Loc EndOffset="15047" SrcFileId="7" StartOffset="14975"/>
<Loc EndOffset="15205" SrcFileId="7" StartOffset="15113"/>
<Loc EndOffset="15282" SrcFileId="7" StartOffset="15211"/>
<Loc EndOffset="15501" SrcFileId="7" StartOffset="15405"/>
<Loc EndOffset="15575" SrcFileId="7" StartOffset="15507"/>
<Loc EndOffset="15601" SrcFileId="7" StartOffset="15581"/>
<Loc EndOffset="15624" SrcFileId="7" StartOffset="15605"/>
<Loc EndOffset="15715" SrcFileId="7" StartOffset="15628"/>
<Loc EndOffset="15808" SrcFileId="7" StartOffset="15721"/>
<Loc EndOffset="16017" SrcFileId="7" StartOffset="15901"/>
<Loc EndOffset="16102" SrcFileId="7" StartOffset="16023"/>
<Loc EndOffset="16273" SrcFileId="7" StartOffset="16169"/>
<Loc EndOffset="16364" SrcFileId="7" StartOffset="16279"/>
<Loc EndOffset="16545" SrcFileId="7" StartOffset="16434"/>
<Loc EndOffset="16634" SrcFileId="7" StartOffset="16551"/>
<Loc EndOffset="16817" SrcFileId="7" StartOffset="16713"/>
<Loc EndOffset="16902" SrcFileId="7" StartOffset="16823"/>
<Loc EndOffset="16928" SrcFileId="7" StartOffset="16908"/>
<Loc EndOffset="16951" SrcFileId="7" StartOffset="16932"/>
<Loc EndOffset="17054" SrcFileId="7" StartOffset="16955"/>
<Loc EndOffset="17131" SrcFileId="7" StartOffset="17060"/>
<Loc EndOffset="17310" SrcFileId="7" StartOffset="17210"/>
<Loc EndOffset="17386" SrcFileId="7" StartOffset="17316"/>
<Loc EndOffset="17484" SrcFileId="7" StartOffset="17464"/>
<Loc EndOffset="17579" SrcFileId="7" StartOffset="17488"/>
<Loc EndOffset="17664" SrcFileId="7" StartOffset="17585"/>
<Loc EndOffset="17883" SrcFileId="7" StartOffset="17788"/>
<Loc EndOffset="17973" SrcFileId="7" StartOffset="17889"/>
<Loc EndOffset="18178" SrcFileId="7" StartOffset="18070"/>
<Loc EndOffset="18254" SrcFileId="7" StartOffset="18184"/>
<Loc EndOffset="18280" SrcFileId="7" StartOffset="18260"/>
<Loc EndOffset="18304" SrcFileId="7" StartOffset="18284"/>
<Loc EndOffset="18401" SrcFileId="7" StartOffset="18308"/>
<Loc EndOffset="18490" SrcFileId="7" StartOffset="18407"/>
<Loc EndOffset="18699" SrcFileId="7" StartOffset="18593"/>
<Loc EndOffset="18787" SrcFileId="7" StartOffset="18705"/>
<Loc EndOffset="18996" SrcFileId="7" StartOffset="18891"/>
<Loc EndOffset="19860" SrcFileId="7" StartOffset="19002"/>
</LocList>
<BasicStmnt CovItemId="S5" CovItemPrefix="devops.hw1.core.CardCollection.java" Intrnl_Id="451">
<LocList>
<Loc EndOffset="2555" SrcFileId="7" StartOffset="2493"/>
</LocList>
</BasicStmnt>
<BasicStmnt CovItemId="S6" CovItemPrefix="devops.hw1.core.CardCollection.java" Intrnl_Id="452">
<LocList>
<Loc EndOffset="2622" SrcFileId="7" StartOffset="2559"/>
</LocList>
</BasicStmnt>
<BasicStmnt CovItemId="S7" CovItemPrefix="devops.hw1.core.CardCollection.java" Intrnl_Id="453">
<LocList>
<Loc EndOffset="2689" SrcFileId="7" StartOffset="2626"/>
</LocList>
</BasicStmnt>
<BasicStmnt CovItemId="S8" CovItemPrefix="devops.hw1.core.CardCollection.java" Intrnl_Id="454">
<LocList>
<Loc EndOffset="2756" SrcFileId="7" StartOffset="2693"/>
</LocList>
</BasicStmnt>
<BasicStmnt CovItemId="S9" CovItemPrefix="devops.hw1.core.CardCollection.java" Intrnl_Id="455">
<LocList>
<Loc EndOffset="2823" SrcFileId="7" StartOffset="2760"/>
</LocList>
</BasicStmnt>
<BasicStmnt CovItemId="S10" CovItemPrefix="devops.hw1.core.CardCollection.java" Intrnl_Id="456">
<LocList>
<Loc EndOffset="2890" SrcFileId="7" StartOffset="2827"/>
</LocList>
</BasicStmnt>
<BasicStmnt CovItemId="S11" CovItemPrefix="devops.hw1.core.CardCollection.java" Intrnl_Id="457">
<LocList>
<Loc EndOffset="2957" SrcFileId="7" StartOffset="2894"/>
</LocList>
</BasicStmnt>
<BasicStmnt CovItemId="S12" CovItemPrefix="devops.hw1.core.CardCollection.java" Intrnl_Id="458">
<LocList>
<Loc EndOffset="3024" SrcFileId="7" StartOffset="2961"/>
</LocList>
</BasicStmnt>
<BasicStmnt CovItemId="S13" CovItemPrefix="devops.hw1.core.CardCollection.java" Intrnl_Id="459">
<LocList>
<Loc EndOffset="3091" SrcFileId="7" StartOffset="3028"/>
</LocList>
</BasicStmnt>
<BasicStmnt CovItemId="S14" CovItemPrefix="devops.hw1.core.CardCollection.java" Intrnl_Id="460">
<LocList>
<Loc EndOffset="3158" SrcFileId="7" StartOffset="3095"/>
</LocList>
</BasicStmnt>
<BasicStmnt CovItemId="S15" CovItemPrefix="devops.hw1.core.CardCollection.java" Intrnl_Id="461">
<LocList>
<Loc EndOffset="3226" SrcFileId="7" StartOffset="3162"/>
</LocList>
</BasicStmnt>
<BasicStmnt CovItemId="S16" CovItemPrefix="devops.hw1.core.CardCollection.java" Intrnl_Id="462">
<LocList>
<Loc EndOffset="3294" SrcFileId="7" StartOffset="3230"/>
</LocList>
</BasicStmnt>
<BasicStmnt CovItemId="S17" CovItemPrefix="devops.hw1.core.CardCollection.java" Intrnl_Id="463">
<LocList>
<Loc EndOffset="3362" SrcFileId="7" StartOffset="3298"/>
</LocList>
</BasicStmnt>
<BasicStmnt CovItemId="S18" CovItemPrefix="devops.hw1.core.CardCollection.java" Intrnl_Id="464">
<LocList>
<Loc EndOffset="3430" SrcFileId="7" StartOffset="3366"/>
</LocList>
</BasicStmnt>
<BasicStmnt CovItemId="S19" CovItemPrefix="devops.hw1.core.CardCollection.java" Intrnl_Id="465">
<LocList>
<Loc EndOffset="3498" SrcFileId="7" StartOffset="3434"/>
</LocList>
</BasicStmnt>
<BasicStmnt CovItemId="S20" CovItemPrefix="devops.hw1.core.CardCollection.java" Intrnl_Id="466">
<LocList>
<Loc EndOffset="3566" SrcFileId="7" StartOffset="3502"/>
</LocList>
</BasicStmnt>
<BasicStmnt CovItemId="S21" CovItemPrefix="devops.hw1.core.CardCollection.java" Intrnl_Id="467">
<LocList>
<Loc EndOffset="3634" SrcFileId="7" StartOffset="3570"/>
</LocList>
</BasicStmnt>
<BasicStmnt CovItemId="S22" CovItemPrefix="devops.hw1.core.CardCollection.java" Intrnl_Id="468">
<LocList>
<Loc EndOffset="3702" SrcFileId="7" StartOffset="3638"/>
</LocList>
</BasicStmnt>
<BasicStmnt CovItemId="S23" CovItemPrefix="devops.hw1.core.CardCollection.java" Intrnl_Id="469">
<LocList>
<Loc EndOffset="3770" SrcFileId="7" StartOffset="3706"/>
</LocList>
</BasicStmnt>
<BasicStmnt CovItemId="S24" CovItemPrefix="devops.hw1.core.CardCollection.java" Intrnl_Id="470">
<LocList>
<Loc EndOffset="3838" SrcFileId="7" StartOffset="3774"/>
</LocList>
</BasicStmnt>
<BasicStmnt CovItemId="S25" CovItemPrefix="devops.hw1.core.CardCollection.java" Intrnl_Id="471">
<LocList>
<Loc EndOffset="3906" SrcFileId="7" StartOffset="3842"/>
</LocList>
</BasicStmnt>
<BasicStmnt CovItemId="S26" CovItemPrefix="devops.hw1.core.CardCollection.java" Intrnl_Id="472">
<LocList>
<Loc EndOffset="3974" SrcFileId="7" StartOffset="3910"/>
</LocList>
</BasicStmnt>
<BasicStmnt CovItemId="S27" CovItemPrefix="devops.hw1.core.CardCollection.java" Intrnl_Id="473">
<LocList>
<Loc EndOffset="4042" SrcFileId="7" StartOffset="3978"/>
</LocList>
</BasicStmnt>
<BasicStmnt CovItemId="S28" CovItemPrefix="devops.hw1.core.CardCollection.java" Intrnl_Id="474">
<LocList>
<Loc EndOffset="4110" SrcFileId="7" StartOffset="4046"/>
</LocList>
</BasicStmnt>
<BasicStmnt CovItemId="S29" CovItemPrefix="devops.hw1.core.CardCollection.java" Intrnl_Id="475">
<LocList>
<Loc EndOffset="4178" SrcFileId="7" StartOffset="4114"/>
</LocList>
</BasicStmnt>
<BasicStmnt CovItemId="S30" CovItemPrefix="devops.hw1.core.CardCollection.java" Intrnl_Id="476">
<LocList>
<Loc EndOffset="4246" SrcFileId="7" StartOffset="4182"/>
</LocList>
</BasicStmnt>
<BasicStmnt CovItemId="S31" CovItemPrefix="devops.hw1.core.CardCollection.java" Intrnl_Id="477">
<LocList>
<Loc EndOffset="4314" SrcFileId="7" StartOffset="4250"/>
</LocList>
</BasicStmnt>
<BasicStmnt CovItemId="S32" CovItemPrefix="devops.hw1.core.CardCollection.java" Intrnl_Id="478">
<LocList>
<Loc EndOffset="4382" SrcFileId="7" StartOffset="4318"/>
</LocList>
</BasicStmnt>
<BasicStmnt CovItemId="S33" CovItemPrefix="devops.hw1.core.CardCollection.java" Intrnl_Id="479">
<LocList>
<Loc EndOffset="4450" SrcFileId="7" StartOffset="4386"/>
</LocList>
</BasicStmnt>
<BasicStmnt CovItemId="S34" CovItemPrefix="devops.hw1.core.CardCollection.java" Intrnl_Id="480">
<LocList>
<Loc EndOffset="4518" SrcFileId="7" StartOffset="4454"/>
</LocList>
</BasicStmnt>
<BasicStmnt CovItemId="S35" CovItemPrefix="devops.hw1.core.CardCollection.java" Intrnl_Id="481">
<LocList>
<Loc EndOffset="4586" SrcFileId="7" StartOffset="4522"/>
</LocList>
</BasicStmnt>
<BasicStmnt CovItemId="S36" CovItemPrefix="devops.hw1.core.CardCollection.java" Intrnl_Id="482">
<LocList>
<Loc EndOffset="4654" SrcFileId="7" StartOffset="4590"/>
</LocList>
</BasicStmnt>
<BasicStmnt CovItemId="S37" CovItemPrefix="devops.hw1.core.CardCollection.java" Intrnl_Id="483">
<LocList>
<Loc EndOffset="4722" SrcFileId="7" StartOffset="4658"/>
</LocList>
</BasicStmnt>
<BasicStmnt CovItemId="S38" CovItemPrefix="devops.hw1.core.CardCollection.java" Intrnl_Id="484">
<LocList>
<Loc EndOffset="4790" SrcFileId="7" StartOffset="4726"/>
</LocList>
</BasicStmnt>
<BasicStmnt CovItemId="S39" CovItemPrefix="devops.hw1.core.CardCollection.java" Intrnl_Id="485">
<LocList>
<Loc EndOffset="4858" SrcFileId="7" StartOffset="4794"/>
</LocList>
</BasicStmnt>
<BasicStmnt CovItemId="S40" CovItemPrefix="devops.hw1.core.CardCollection.java" Intrnl_Id="486">
<LocList>
<Loc EndOffset="4926" SrcFileId="7" StartOffset="4862"/>
</LocList>
</BasicStmnt>
<BasicStmnt CovItemId="S41" CovItemPrefix="devops.hw1.core.CardCollection.java" Intrnl_Id="487">
<LocList>
<Loc EndOffset="4994" SrcFileId="7" StartOffset="4930"/>
</LocList>
</BasicStmnt>
<BasicStmnt CovItemId="S42" CovItemPrefix="devops.hw1.core.CardCollection.java" Intrnl_Id="488">
<LocList>
<Loc EndOffset="5062" SrcFileId="7" StartOffset="4998"/>
</LocList>
</BasicStmnt>
<BasicStmnt CovItemId="S43" CovItemPrefix="devops.hw1.core.CardCollection.java" Intrnl_Id="489">
<LocList>
<Loc EndOffset="5130" SrcFileId="7" StartOffset="5066"/>
</LocList>
</BasicStmnt>
<BasicStmnt CovItemId="S44" CovItemPrefix="devops.hw1.core.CardCollection.java" Intrnl_Id="490">
<LocList>
<Loc EndOffset="5198" SrcFileId="7" StartOffset="5134"/>
</LocList>
</BasicStmnt>
<BasicStmnt CovItemId="S45" CovItemPrefix="devops.hw1.core.CardCollection.java" Intrnl_Id="491">
<LocList>
<Loc EndOffset="5266" SrcFileId="7" StartOffset="5202"/>
</LocList>
</BasicStmnt>
<BasicStmnt CovItemId="S46" CovItemPrefix="devops.hw1.core.CardCollection.java" Intrnl_Id="492">
<LocList>
<Loc EndOffset="5334" SrcFileId="7" StartOffset="5270"/>
</LocList>
</BasicStmnt>
<BasicStmnt CovItemId="S47" CovItemPrefix="devops.hw1.core.CardCollection.java" Intrnl_Id="493">
<LocList>
<Loc EndOffset="5402" SrcFileId="7" StartOffset="5338"/>
</LocList>
</BasicStmnt>
<BasicStmnt CovItemId="S48" CovItemPrefix="devops.hw1.core.CardCollection.java" Intrnl_Id="494">
<LocList>
<Loc EndOffset="5470" SrcFileId="7" StartOffset="5406"/>
</LocList>
</BasicStmnt>
<BasicStmnt CovItemId="S49" CovItemPrefix="devops.hw1.core.CardCollection.java" Intrnl_Id="495">
<LocList>
<Loc EndOffset="5538" SrcFileId="7" StartOffset="5474"/>
</LocList>
</BasicStmnt>
<BasicStmnt CovItemId="S50" CovItemPrefix="devops.hw1.core.CardCollection.java" Intrnl_Id="496">
<LocList>
<Loc EndOffset="5606" SrcFileId="7" StartOffset="5542"/>
</LocList>
</BasicStmnt>
<BasicStmnt CovItemId="S51" CovItemPrefix="devops.hw1.core.CardCollection.java" Intrnl_Id="497">
<LocList>
<Loc EndOffset="5674" SrcFileId="7" StartOffset="5610"/>
</LocList>
</BasicStmnt>
<BasicStmnt CovItemId="S52" CovItemPrefix="devops.hw1.core.CardCollection.java" Intrnl_Id="498">
<LocList>
<Loc EndOffset="5742" SrcFileId="7" StartOffset="5678"/>
</LocList>
</BasicStmnt>
<BasicStmnt CovItemId="S53" CovItemPrefix="devops.hw1.core.CardCollection.java" Intrnl_Id="499">
<LocList>
<Loc EndOffset="5810" SrcFileId="7" StartOffset="5746"/>
</LocList>
</BasicStmnt>
<BasicStmnt CovItemId="S54" CovItemPrefix="devops.hw1.core.CardCollection.java" Intrnl_Id="500">
<LocList>
<Loc EndOffset="5878" SrcFileId="7" StartOffset="5814"/>
</LocList>
</BasicStmnt>
<BasicStmnt CovItemId="S55" CovItemPrefix="devops.hw1.core.CardCollection.java" Intrnl_Id="501">
<LocList>
<Loc EndOffset="5911" SrcFileId="7" StartOffset="5884"/>
</LocList>
</BasicStmnt>
<BasicStmnt CovItemId="S56" CovItemPrefix="devops.hw1.core.CardCollection.java" Intrnl_Id="502">
<LocList>
<Loc EndOffset="5986" SrcFileId="7" StartOffset="5917"/>
</LocList>
</BasicStmnt>
<BasicStmnt CovItemId="S57" CovItemPrefix="devops.hw1.core.CardCollection.java" Intrnl_Id="503">
<LocList>
<Loc EndOffset="6010" SrcFileId="7" StartOffset="5992"/>
</LocList>
</BasicStmnt>
<BasicStmnt CovItemId="S58" CovItemPrefix="devops.hw1.core.CardCollection.java" Intrnl_Id="504">
<LocList>
<Loc EndOffset="6099" SrcFileId="7" StartOffset="6014"/>
</LocList>
</BasicStmnt>
<BasicStmnt CovItemId="S59" CovItemPrefix="devops.hw1.core.CardCollection.java" Intrnl_Id="505">
<LocList>
<Loc EndOffset="6172" SrcFileId="7" StartOffset="6105"/>
</LocList>
</BasicStmnt>
<BasicStmnt CovItemId="S60" CovItemPrefix="devops.hw1.core.CardCollection.java" Intrnl_Id="506">
<LocList>
<Loc EndOffset="6197" SrcFileId="7" StartOffset="6178"/>
</LocList>
</BasicStmnt>
<BasicStmnt CovItemId="S61" CovItemPrefix="devops.hw1.core.CardCollection.java" Intrnl_Id="507">
<LocList>
<Loc EndOffset="6281" SrcFileId="7" StartOffset="6201"/>
</LocList>
</BasicStmnt>
<BasicStmnt CovItemId="S62" CovItemPrefix="devops.hw1.core.CardCollection.java" Intrnl_Id="508">
<LocList>
<Loc EndOffset="6357" SrcFileId="7" StartOffset="6287"/>
</LocList>
</BasicStmnt>
<BasicStmnt CovItemId="S63" CovItemPrefix="devops.hw1.core.CardCollection.java" Intrnl_Id="509">
<LocList>
<Loc EndOffset="6381" SrcFileId="7" StartOffset="6363"/>
</LocList>
</BasicStmnt>
<BasicStmnt CovItemId="S64" CovItemPrefix="devops.hw1.core.CardCollection.java" Intrnl_Id="510">
<LocList>
<Loc EndOffset="6482" SrcFileId="7" StartOffset="6385"/>
</LocList>
</BasicStmnt>
<BasicStmnt CovItemId="S65" CovItemPrefix="devops.hw1.core.CardCollection.java" Intrnl_Id="511">
<LocList>
<Loc EndOffset="6557" SrcFileId="7" StartOffset="6488"/>
</LocList>
</BasicStmnt>
<BasicStmnt CovItemId="S66" CovItemPrefix="devops.hw1.core.CardCollection.java" Intrnl_Id="512">
<LocList>
<Loc EndOffset="6582" SrcFileId="7" StartOffset="6563"/>
</LocList>
</BasicStmnt>
<BasicStmnt CovItemId="S67" CovItemPrefix="devops.hw1.core.CardCollection.java" Intrnl_Id="513">
<LocList>
<Loc EndOffset="6674" SrcFileId="7" StartOffset="6586"/>
</LocList>
</BasicStmnt>
<BasicStmnt CovItemId="S68" CovItemPrefix="devops.hw1.core.CardCollection.java" Intrnl_Id="514">
<LocList>
<Loc EndOffset="6748" SrcFileId="7" StartOffset="6680"/>
</LocList>
</BasicStmnt>
<BasicStmnt CovItemId="S69" CovItemPrefix="devops.hw1.core.CardCollection.java" Intrnl_Id="515">
<LocList>
<Loc EndOffset="6773" SrcFileId="7" StartOffset="6754"/>
</LocList>
</BasicStmnt>
<BasicStmnt CovItemId="S70" CovItemPrefix="devops.hw1.core.CardCollection.java" Intrnl_Id="516">
<LocList>
<Loc EndOffset="6795" SrcFileId="7" StartOffset="6777"/>
</LocList>
</BasicStmnt>
<BasicStmnt CovItemId="S71" CovItemPrefix="devops.hw1.core.CardCollection.java" Intrnl_Id="517">
<LocList>
<Loc EndOffset="6890" SrcFileId="7" StartOffset="6799"/>
</LocList>
</BasicStmnt>
<BasicStmnt CovItemId="S72" CovItemPrefix="devops.hw1.core.CardCollection.java" Intrnl_Id="518">
<LocList>
<Loc EndOffset="6966" SrcFileId="7" StartOffset="6896"/>
</LocList>
</BasicStmnt>
<BasicStmnt CovItemId="S73" CovItemPrefix="devops.hw1.core.CardCollection.java" Intrnl_Id="519">
<LocList>
<Loc EndOffset="6991" SrcFileId="7" StartOffset="6972"/>
</LocList>
</BasicStmnt>
<BasicStmnt CovItemId="S74" CovItemPrefix="devops.hw1.core.CardCollection.java" Intrnl_Id="520">
<LocList>
<Loc EndOffset="7013" SrcFileId="7" StartOffset="6995"/>
</LocList>
</BasicStmnt>
<BasicStmnt CovItemId="S75" CovItemPrefix="devops.hw1.core.CardCollection.java" Intrnl_Id="521">
<LocList>
<Loc EndOffset="7113" SrcFileId="7" StartOffset="7017"/>
</LocList>
</BasicStmnt>
<BasicStmnt CovItemId="S76" CovItemPrefix="devops.hw1.core.CardCollection.java" Intrnl_Id="522">
<LocList>
<Loc EndOffset="7208" SrcFileId="7" StartOffset="7119"/>
</LocList>
</BasicStmnt>
<BasicStmnt CovItemId="S77" CovItemPrefix="devops.hw1.core.CardCollection.java" Intrnl_Id="523">
<LocList>
<Loc EndOffset="7232" SrcFileId="7" StartOffset="7214"/>
</LocList>
</BasicStmnt>
<BasicStmnt CovItemId="S78" CovItemPrefix="devops.hw1.core.CardCollection.java" Intrnl_Id="524">
<LocList>
<Loc EndOffset="7361" SrcFileId="7" StartOffset="7236"/>
</LocList>
</BasicStmnt>
<BasicStmnt CovItemId="S79" CovItemPrefix="devops.hw1.core.CardCollection.java" Intrnl_Id="525">
<LocList>
<Loc EndOffset="7452" SrcFileId="7" StartOffset="7367"/>
</LocList>
</BasicStmnt>
<BasicStmnt CovItemId="S80" CovItemPrefix="devops.hw1.core.CardCollection.java" Intrnl_Id="526">
<LocList>
<Loc EndOffset="7477" SrcFileId="7" StartOffset="7458"/>
</LocList>
</BasicStmnt>
<BasicStmnt CovItemId="S81" CovItemPrefix="devops.hw1.core.CardCollection.java" Intrnl_Id="527">
<LocList>
<Loc EndOffset="7587" SrcFileId="7" StartOffset="7481"/>
</LocList>
</BasicStmnt>
<BasicStmnt CovItemId="S82" CovItemPrefix="devops.hw1.core.CardCollection.java" Intrnl_Id="528">
<LocList>
<Loc EndOffset="7680" SrcFileId="7" StartOffset="7593"/>
</LocList>
</BasicStmnt>
<BasicStmnt CovItemId="S83" CovItemPrefix="devops.hw1.core.CardCollection.java" Intrnl_Id="529">
<LocList>
<Loc EndOffset="7771" SrcFileId="7" StartOffset="7753"/>
</LocList>
</BasicStmnt>
<BasicStmnt CovItemId="S84" CovItemPrefix="devops.hw1.core.CardCollection.java" Intrnl_Id="530">
<LocList>
<Loc EndOffset="7885" SrcFileId="7" StartOffset="7775"/>
</LocList>
</BasicStmnt>
<BasicStmnt CovItemId="S85" CovItemPrefix="devops.hw1.core.CardCollection.java" Intrnl_Id="531">
<LocList>
<Loc EndOffset="7960" SrcFileId="7" StartOffset="7891"/>
</LocList>
</BasicStmnt>
<BasicStmnt CovItemId="S86" CovItemPrefix="devops.hw1.core.CardCollection.java" Intrnl_Id="532">
<LocList>
<Loc EndOffset="8133" SrcFileId="7" StartOffset="8038"/>
</LocList>
</BasicStmnt>
<BasicStmnt CovItemId="S87" CovItemPrefix="devops.hw1.core.CardCollection.java" Intrnl_Id="533">
<LocList>
<Loc EndOffset="8208" SrcFileId="7" StartOffset="8139"/>
</LocList>
</BasicStmnt>
<BasicStmnt CovItemId="S88" CovItemPrefix="devops.hw1.core.CardCollection.java" Intrnl_Id="534">
<LocList>
<Loc EndOffset="8306" SrcFileId="7" StartOffset="8286"/>
</LocList>
</BasicStmnt>
<BasicStmnt CovItemId="S89" CovItemPrefix="devops.hw1.core.CardCollection.java" Intrnl_Id="535">
<LocList>
<Loc EndOffset="8402" SrcFileId="7" StartOffset="8310"/>
</LocList>
</BasicStmnt>
<BasicStmnt CovItemId="S90" CovItemPrefix="devops.hw1.core.CardCollection.java" Intrnl_Id="536">
<LocList>
<Loc EndOffset="8493" SrcFileId="7" StartOffset="8408"/>
</LocList>
</BasicStmnt>
<BasicStmnt CovItemId="S91" CovItemPrefix="devops.hw1.core.CardCollection.java" Intrnl_Id="537">
<LocList>
<Loc EndOffset="8610" SrcFileId="7" StartOffset="8590"/>
</LocList>
</BasicStmnt>
<BasicStmnt CovItemId="S92" CovItemPrefix="devops.hw1.core.CardCollection.java" Intrnl_Id="538">
<LocList>
<Loc EndOffset="8723" SrcFileId="7" StartOffset="8614"/>
</LocList>
</BasicStmnt>
<BasicStmnt CovItemId="S93" CovItemPrefix="devops.hw1.core.CardCollection.java" Intrnl_Id="539">
<LocList>
<Loc EndOffset="8812" SrcFileId="7" StartOffset="8729"/>
</LocList>
</BasicStmnt>
<BasicStmnt CovItemId="S94" CovItemPrefix="devops.hw1.core.CardCollection.java" Intrnl_Id="540">
<LocList>
<Loc EndOffset="9020" SrcFileId="7" StartOffset="8916"/>
</LocList>
</BasicStmnt>
<BasicStmnt CovItemId="S95" CovItemPrefix="devops.hw1.core.CardCollection.java" Intrnl_Id="541">
<LocList>
<Loc EndOffset="9110" SrcFileId="7" StartOffset="9026"/>
</LocList>
</BasicStmnt>
<BasicStmnt CovItemId="S96" CovItemPrefix="devops.hw1.core.CardCollection.java" Intrnl_Id="542">
<LocList>
<Loc EndOffset="9295" SrcFileId="7" StartOffset="9184"/>
</LocList>
</BasicStmnt>
<BasicStmnt CovItemId="S97" CovItemPrefix="devops.hw1.core.CardCollection.java" Intrnl_Id="543">
<LocList>
<Loc EndOffset="9381" SrcFileId="7" StartOffset="9301"/>
</LocList>
</BasicStmnt>
<BasicStmnt CovItemId="S98" CovItemPrefix="devops.hw1.core.CardCollection.java" Intrnl_Id="544">
<LocList>
<Loc EndOffset="9479" SrcFileId="7" StartOffset="9459"/>
</LocList>
</BasicStmnt>
<BasicStmnt CovItemId="S99" CovItemPrefix="devops.hw1.core.CardCollection.java" Intrnl_Id="545">
<LocList>
<Loc EndOffset="9584" SrcFileId="7" StartOffset="9483"/>
</LocList>
</BasicStmnt>
<BasicStmnt CovItemId="S100" CovItemPrefix="devops.hw1.core.CardCollection.java" Intrnl_Id="546">
<LocList>
<Loc EndOffset="9679" SrcFileId="7" StartOffset="9590"/>
</LocList>
</BasicStmnt>
<BasicStmnt CovItemId="S101" CovItemPrefix="devops.hw1.core.CardCollection.java" Intrnl_Id="547">
<LocList>
<Loc EndOffset="9908" SrcFileId="7" StartOffset="9784"/>
</LocList>
</BasicStmnt>
<BasicStmnt CovItemId="S102" CovItemPrefix="devops.hw1.core.CardCollection.java" Intrnl_Id="548">
<LocList>
<Loc EndOffset="9985" SrcFileId="7" StartOffset="9914"/>
</LocList>
</BasicStmnt>
<BasicStmnt CovItemId="S103" CovItemPrefix="devops.hw1.core.CardCollection.java" Intrnl_Id="549">
<LocList>
<Loc EndOffset="10010" SrcFileId="7" StartOffset="9991"/>
</LocList>
</BasicStmnt>
<BasicStmnt CovItemId="S104" CovItemPrefix="devops.hw1.core.CardCollection.java" Intrnl_Id="550">
<LocList>
<Loc EndOffset="10034" SrcFileId="7" StartOffset="10014"/>
</LocList>
</BasicStmnt>
<BasicStmnt CovItemId="S105" CovItemPrefix="devops.hw1.core.CardCollection.java" Intrnl_Id="551">
<LocList>
<Loc EndOffset="10133" SrcFileId="7" StartOffset="10038"/>
</LocList>
</BasicStmnt>
<BasicStmnt CovItemId="S106" CovItemPrefix="devops.hw1.core.CardCollection.java" Intrnl_Id="552">
<LocList>
<Loc EndOffset="10219" SrcFileId="7" StartOffset="10139"/>
</LocList>
</BasicStmnt>
<BasicStmnt CovItemId="S107" CovItemPrefix="devops.hw1.core.CardCollection.java" Intrnl_Id="553">
<LocList>
<Loc EndOffset="10397" SrcFileId="7" StartOffset="10298"/>
</LocList>
</BasicStmnt>
<BasicStmnt CovItemId="S108" CovItemPrefix="devops.hw1.core.CardCollection.java" Intrnl_Id="554">
<LocList>
<Loc EndOffset="10488" SrcFileId="7" StartOffset="10403"/>
</LocList>
</BasicStmnt>
<BasicStmnt CovItemId="S109" CovItemPrefix="devops.hw1.core.CardCollection.java" Intrnl_Id="555">
<LocList>
<Loc EndOffset="10692" SrcFileId="7" StartOffset="10584"/>
</LocList>
</BasicStmnt>
<BasicStmnt CovItemId="S110" CovItemPrefix="devops.hw1.core.CardCollection.java" Intrnl_Id="556">
<LocList>
<Loc EndOffset="10780" SrcFileId="7" StartOffset="10698"/>
</LocList>
</BasicStmnt>
<BasicStmnt CovItemId="S111" CovItemPrefix="devops.hw1.core.CardCollection.java" Intrnl_Id="557">
<LocList>
<Loc EndOffset="10892" SrcFileId="7" StartOffset="10872"/>
</LocList>
</BasicStmnt>
<BasicStmnt CovItemId="S112" CovItemPrefix="devops.hw1.core.CardCollection.java" Intrnl_Id="558">
<LocList>
<Loc EndOffset="11002" SrcFileId="7" StartOffset="10896"/>
</LocList>
</BasicStmnt>
<BasicStmnt CovItemId="S113" CovItemPrefix="devops.hw1.core.CardCollection.java" Intrnl_Id="559">
<LocList>
<Loc EndOffset="11075" SrcFileId="7" StartOffset="11008"/>
</LocList>
</BasicStmnt>
<BasicStmnt CovItemId="S114" CovItemPrefix="devops.hw1.core.CardCollection.java" Intrnl_Id="560">
<LocList>
<Loc EndOffset="11101" SrcFileId="7" StartOffset="11081"/>
</LocList>
</BasicStmnt>
<BasicStmnt CovItemId="S115" CovItemPrefix="devops.hw1.core.CardCollection.java" Intrnl_Id="561">
<LocList>
<Loc EndOffset="11196" SrcFileId="7" StartOffset="11105"/>
</LocList>
</BasicStmnt>
<BasicStmnt CovItemId="S116" CovItemPrefix="devops.hw1.core.CardCollection.java" Intrnl_Id="562">
<LocList>
<Loc EndOffset="11283" SrcFileId="7" StartOffset="11202"/>
</LocList>
</BasicStmnt>
<BasicStmnt CovItemId="S117" CovItemPrefix="devops.hw1.core.CardCollection.java" Intrnl_Id="563">
<LocList>
<Loc EndOffset="11309" SrcFileId="7" StartOffset="11289"/>
</LocList>
</BasicStmnt>
<BasicStmnt CovItemId="S118" CovItemPrefix="devops.hw1.core.CardCollection.java" Intrnl_Id="564">
<LocList>
<Loc EndOffset="11333" SrcFileId="7" StartOffset="11313"/>
</LocList>
</BasicStmnt>
<BasicStmnt CovItemId="S119" CovItemPrefix="devops.hw1.core.CardCollection.java" Intrnl_Id="565">
<LocList>
<Loc EndOffset="11443" SrcFileId="7" StartOffset="11337"/>
</LocList>
</BasicStmnt>
<BasicStmnt CovItemId="S120" CovItemPrefix="devops.hw1.core.CardCollection.java" Intrnl_Id="566">
<LocList>
<Loc EndOffset="11520" SrcFileId="7" StartOffset="11449"/>
</LocList>
</BasicStmnt>
<BasicStmnt CovItemId="S121" CovItemPrefix="devops.hw1.core.CardCollection.java" Intrnl_Id="567">
<LocList>
<Loc EndOffset="11545" SrcFileId="7" StartOffset="11526"/>
</LocList>
</BasicStmnt>
<BasicStmnt CovItemId="S122" CovItemPrefix="devops.hw1.core.CardCollection.java" Intrnl_Id="568">
<LocList>
<Loc EndOffset="11649" SrcFileId="7" StartOffset="11549"/>
</LocList>
</BasicStmnt>
<BasicStmnt CovItemId="S123" CovItemPrefix="devops.hw1.core.CardCollection.java" Intrnl_Id="569">
<LocList>
<Loc EndOffset="11734" SrcFileId="7" StartOffset="11655"/>
</LocList>
</BasicStmnt>
<BasicStmnt CovItemId="S124" CovItemPrefix="devops.hw1.core.CardCollection.java" Intrnl_Id="570">
<LocList>
<Loc EndOffset="11893" SrcFileId="7" StartOffset="11793"/>
</LocList>
</BasicStmnt>
<BasicStmnt CovItemId="S125" CovItemPrefix="devops.hw1.core.CardCollection.java" Intrnl_Id="571">
<LocList>
<Loc EndOffset="11964" SrcFileId="7" StartOffset="11899"/>
</LocList>
</BasicStmnt>
<BasicStmnt CovItemId="S126" CovItemPrefix="devops.hw1.core.CardCollection.java" Intrnl_Id="572">
<LocList>
<Loc EndOffset="12052" SrcFileId="7" StartOffset="12032"/>
</LocList>
</BasicStmnt>
<BasicStmnt CovItemId="S127" CovItemPrefix="devops.hw1.core.CardCollection.java" Intrnl_Id="573">
<LocList>
<Loc EndOffset="12140" SrcFileId="7" StartOffset="12056"/>
</LocList>
</BasicStmnt>
<BasicStmnt CovItemId="S128" CovItemPrefix="devops.hw1.core.CardCollection.java" Intrnl_Id="574">
<LocList>
<Loc EndOffset="12230" SrcFileId="7" StartOffset="12146"/>
</LocList>
</BasicStmnt>
<BasicStmnt CovItemId="S129" CovItemPrefix="devops.hw1.core.CardCollection.java" Intrnl_Id="575">
<LocList>
<Loc EndOffset="12340" SrcFileId="7" StartOffset="12320"/>
</LocList>
</BasicStmnt>
<BasicStmnt CovItemId="S130" CovItemPrefix="devops.hw1.core.CardCollection.java" Intrnl_Id="576">
<LocList>
<Loc EndOffset="12452" SrcFileId="7" StartOffset="12344"/>
</LocList>
</BasicStmnt>
<BasicStmnt CovItemId="S131" CovItemPrefix="devops.hw1.core.CardCollection.java" Intrnl_Id="577">
<LocList>
<Loc EndOffset="12527" SrcFileId="7" StartOffset="12458"/>
</LocList>
</BasicStmnt>
<BasicStmnt CovItemId="S132" CovItemPrefix="devops.hw1.core.CardCollection.java" Intrnl_Id="578">
<LocList>
<Loc EndOffset="12677" SrcFileId="7" StartOffset="12590"/>
</LocList>
</BasicStmnt>
<BasicStmnt CovItemId="S133" CovItemPrefix="devops.hw1.core.CardCollection.java" Intrnl_Id="579">
<LocList>
<Loc EndOffset="12764" SrcFileId="7" StartOffset="12683"/>
</LocList>
</BasicStmnt>
<BasicStmnt CovItemId="S134" CovItemPrefix="devops.hw1.core.CardCollection.java" Intrnl_Id="580">
<LocList>
<Loc EndOffset="12949" SrcFileId="7" StartOffset="12842"/>
</LocList>
</BasicStmnt>
<BasicStmnt CovItemId="S135" CovItemPrefix="devops.hw1.core.CardCollection.java" Intrnl_Id="581">
<LocList>
<Loc EndOffset="13024" SrcFileId="7" StartOffset="12955"/>
</LocList>
</BasicStmnt>
<BasicStmnt CovItemId="S136" CovItemPrefix="devops.hw1.core.CardCollection.java" Intrnl_Id="582">
<LocList>
<Loc EndOffset="13126" SrcFileId="7" StartOffset="13106"/>
</LocList>
</BasicStmnt>
<BasicStmnt CovItemId="S137" CovItemPrefix="devops.hw1.core.CardCollection.java" Intrnl_Id="583">
<LocList>
<Loc EndOffset="13222" SrcFileId="7" StartOffset="13130"/>
</LocList>
</BasicStmnt>
<BasicStmnt CovItemId="S138" CovItemPrefix="devops.hw1.core.CardCollection.java" Intrnl_Id="584">
<LocList>
<Loc EndOffset="13314" SrcFileId="7" StartOffset="13228"/>
</LocList>
</BasicStmnt>
<BasicStmnt CovItemId="S139" CovItemPrefix="devops.hw1.core.CardCollection.java" Intrnl_Id="585">
<LocList>
<Loc EndOffset="13525" SrcFileId="7" StartOffset="13416"/>
</LocList>
</BasicStmnt>
<BasicStmnt CovItemId="S140" CovItemPrefix="devops.hw1.core.CardCollection.java" Intrnl_Id="586">
<LocList>
<Loc EndOffset="13611" SrcFileId="7" StartOffset="13531"/>
</LocList>
</BasicStmnt>
<BasicStmnt CovItemId="S141" CovItemPrefix="devops.hw1.core.CardCollection.java" Intrnl_Id="587">
<LocList>
<Loc EndOffset="13726" SrcFileId="7" StartOffset="13706"/>
</LocList>
</BasicStmnt>
<BasicStmnt CovItemId="S142" CovItemPrefix="devops.hw1.core.CardCollection.java" Intrnl_Id="588">
<LocList>
<Loc EndOffset="13834" SrcFileId="7" StartOffset="13730"/>
</LocList>
</BasicStmnt>
<BasicStmnt CovItemId="S143" CovItemPrefix="devops.hw1.core.CardCollection.java" Intrnl_Id="589">
<LocList>
<Loc EndOffset="13922" SrcFileId="7" StartOffset="13840"/>
</LocList>
</BasicStmnt>
<BasicStmnt CovItemId="S144" CovItemPrefix="devops.hw1.core.CardCollection.java" Intrnl_Id="590">
<LocList>
<Loc EndOffset="13948" SrcFileId="7" StartOffset="13928"/>
</LocList>
</BasicStmnt>
<BasicStmnt CovItemId="S145" CovItemPrefix="devops.hw1.core.CardCollection.java" Intrnl_Id="591">
<LocList>
<Loc EndOffset="13972" SrcFileId="7" StartOffset="13952"/>
</LocList>
</BasicStmnt>
<BasicStmnt CovItemId="S146" CovItemPrefix="devops.hw1.core.CardCollection.java" Intrnl_Id="592">
<LocList>
<Loc EndOffset="14082" SrcFileId="7" StartOffset="13976"/>
</LocList>
</BasicStmnt>
<BasicStmnt CovItemId="S147" CovItemPrefix="devops.hw1.core.CardCollection.java" Intrnl_Id="593">
<LocList>
<Loc EndOffset="14161" SrcFileId="7" StartOffset="14092"/>
</LocList>
</BasicStmnt>
<BasicStmnt CovItemId="S148" CovItemPrefix="devops.hw1.core.CardCollection.java" Intrnl_Id="594">
<LocList>
<Loc EndOffset="14275" SrcFileId="7" StartOffset="14255"/>
</LocList>
</BasicStmnt>
<BasicStmnt CovItemId="S149" CovItemPrefix="devops.hw1.core.CardCollection.java" Intrnl_Id="595">
<LocList>
<Loc EndOffset="14370" SrcFileId="7" StartOffset="14279"/>
</LocList>
</BasicStmnt>
<BasicStmnt CovItemId="S150" CovItemPrefix="devops.hw1.core.CardCollection.java" Intrnl_Id="596">
<LocList>
<Loc EndOffset="14462" SrcFileId="7" StartOffset="14376"/>
</LocList>
</BasicStmnt>
<BasicStmnt CovItemId="S151" CovItemPrefix="devops.hw1.core.CardCollection.java" Intrnl_Id="597">
<LocList>
<Loc EndOffset="14553" SrcFileId="7" StartOffset="14534"/>
</LocList>
</BasicStmnt>
<BasicStmnt CovItemId="S152" CovItemPrefix="devops.hw1.core.CardCollection.java" Intrnl_Id="598">
<LocList>
<Loc EndOffset="14672" SrcFileId="7" StartOffset="14557"/>
</LocList>
</BasicStmnt>
<BasicStmnt CovItemId="S153" CovItemPrefix="devops.hw1.core.CardCollection.java" Intrnl_Id="599">
<LocList>
<Loc EndOffset="14765" SrcFileId="7" StartOffset="14678"/>
</LocList>
</BasicStmnt>
<BasicStmnt CovItemId="S154" CovItemPrefix="devops.hw1.core.CardCollection.java" Intrnl_Id="600">
<LocList>
<Loc EndOffset="14855" SrcFileId="7" StartOffset="14835"/>
</LocList>
</BasicStmnt>
<BasicStmnt CovItemId="S155" CovItemPrefix="devops.hw1.core.CardCollection.java" Intrnl_Id="601">
<LocList>
<Loc EndOffset="14969" SrcFileId="7" StartOffset="14859"/>
</LocList>
</BasicStmnt>
<BasicStmnt CovItemId="S156" CovItemPrefix="devops.hw1.core.CardCollection.java" Intrnl_Id="602">
<LocList>
<Loc EndOffset="15047" SrcFileId="7" StartOffset="14975"/>
</LocList>
</BasicStmnt>
<BasicStmnt CovItemId="S157" CovItemPrefix="devops.hw1.core.CardCollection.java" Intrnl_Id="603">
<LocList>
<Loc EndOffset="15205" SrcFileId="7" StartOffset="15113"/>
</LocList>
</BasicStmnt>
<BasicStmnt CovItemId="S158" CovItemPrefix="devops.hw1.core.CardCollection.java" Intrnl_Id="604">
<LocList>
<Loc EndOffset="15282" SrcFileId="7" StartOffset="15211"/>
</LocList>
</BasicStmnt>
<BasicStmnt CovItemId="S159" CovItemPrefix="devops.hw1.core.CardCollection.java" Intrnl_Id="605">
<LocList>
<Loc EndOffset="15501" SrcFileId="7" StartOffset="15405"/>
</LocList>
</BasicStmnt>
<BasicStmnt CovItemId="S160" CovItemPrefix="devops.hw1.core.CardCollection.java" Intrnl_Id="606">
<LocList>
<Loc EndOffset="15575" SrcFileId="7" StartOffset="15507"/>
</LocList>
</BasicStmnt>
<BasicStmnt CovItemId="S161" CovItemPrefix="devops.hw1.core.CardCollection.java" Intrnl_Id="607">
<LocList>
<Loc EndOffset="15601" SrcFileId="7" StartOffset="15581"/>
</LocList>
</BasicStmnt>
<BasicStmnt CovItemId="S162" CovItemPrefix="devops.hw1.core.CardCollection.java" Intrnl_Id="608">
<LocList>
<Loc EndOffset="15624" SrcFileId="7" StartOffset="15605"/>
</LocList>
</BasicStmnt>
<BasicStmnt CovItemId="S163" CovItemPrefix="devops.hw1.core.CardCollection.java" Intrnl_Id="609">
<LocList>
<Loc EndOffset="15715" SrcFileId="7" StartOffset="15628"/>
</LocList>
</BasicStmnt>
<BasicStmnt CovItemId="S164" CovItemPrefix="devops.hw1.core.CardCollection.java" Intrnl_Id="610">
<LocList>
<Loc EndOffset="15808" SrcFileId="7" StartOffset="15721"/>
</LocList>
</BasicStmnt>
<BasicStmnt CovItemId="S165" CovItemPrefix="devops.hw1.core.CardCollection.java" Intrnl_Id="611">
<LocList>
<Loc EndOffset="16017" SrcFileId="7" StartOffset="15901"/>
</LocList>
</BasicStmnt>
<BasicStmnt CovItemId="S166" CovItemPrefix="devops.hw1.core.CardCollection.java" Intrnl_Id="612">
<LocList>
<Loc EndOffset="16102" SrcFileId="7" StartOffset="16023"/>
</LocList>
</BasicStmnt>
<BasicStmnt CovItemId="S167" CovItemPrefix="devops.hw1.core.CardCollection.java" Intrnl_Id="613">
<LocList>
<Loc EndOffset="16273" SrcFileId="7" StartOffset="16169"/>
</LocList>
</BasicStmnt>
<BasicStmnt CovItemId="S168" CovItemPrefix="devops.hw1.core.CardCollection.java" Intrnl_Id="614">
<LocList>
<Loc EndOffset="16364" SrcFileId="7" StartOffset="16279"/>
</LocList>
</BasicStmnt>
<BasicStmnt CovItemId="S169" CovItemPrefix="devops.hw1.core.CardCollection.java" Intrnl_Id="615">
<LocList>
<Loc EndOffset="16545" SrcFileId="7" StartOffset="16434"/>
</LocList>
</BasicStmnt>
<BasicStmnt CovItemId="S170" CovItemPrefix="devops.hw1.core.CardCollection.java" Intrnl_Id="616">
<LocList>
<Loc EndOffset="16634" SrcFileId="7" StartOffset="16551"/>
</LocList>
</BasicStmnt>
<BasicStmnt CovItemId="S171" CovItemPrefix="devops.hw1.core.CardCollection.java" Intrnl_Id="617">
<LocList>
<Loc EndOffset="16817" SrcFileId="7" StartOffset="16713"/>
</LocList>
</BasicStmnt>
<BasicStmnt CovItemId="S172" CovItemPrefix="devops.hw1.core.CardCollection.java" Intrnl_Id="618">
<LocList>
<Loc EndOffset="16902" SrcFileId="7" StartOffset="16823"/>
</LocList>
</BasicStmnt>
<BasicStmnt CovItemId="S173" CovItemPrefix="devops.hw1.core.CardCollection.java" Intrnl_Id="619">
<LocList>
<Loc EndOffset="16928" SrcFileId="7" StartOffset="16908"/>
</LocList>
</BasicStmnt>
<BasicStmnt CovItemId="S174" CovItemPrefix="devops.hw1.core.CardCollection.java" Intrnl_Id="620">
<LocList>
<Loc EndOffset="16951" SrcFileId="7" StartOffset="16932"/>
</LocList>
</BasicStmnt>
<BasicStmnt CovItemId="S175" CovItemPrefix="devops.hw1.core.CardCollection.java" Intrnl_Id="621">
<LocList>
<Loc EndOffset="17054" SrcFileId="7" StartOffset="16955"/>
</LocList>
</BasicStmnt>
<BasicStmnt CovItemId="S176" CovItemPrefix="devops.hw1.core.CardCollection.java" Intrnl_Id="622">
<LocList>
<Loc EndOffset="17131" SrcFileId="7" StartOffset="17060"/>
</LocList>
</BasicStmnt>
<BasicStmnt CovItemId="S177" CovItemPrefix="devops.hw1.core.CardCollection.java" Intrnl_Id="623">
<LocList>
<Loc EndOffset="17310" SrcFileId="7" StartOffset="17210"/>
</LocList>
</BasicStmnt>
<BasicStmnt CovItemId="S178" CovItemPrefix="devops.hw1.core.CardCollection.java" Intrnl_Id="624">
<LocList>
<Loc EndOffset="17386" SrcFileId="7" StartOffset="17316"/>
</LocList>
</BasicStmnt>
<BasicStmnt CovItemId="S179" CovItemPrefix="devops.hw1.core.CardCollection.java" Intrnl_Id="625">
<LocList>
<Loc EndOffset="17484" SrcFileId="7" StartOffset="17464"/>
</LocList>
</BasicStmnt>
<BasicStmnt CovItemId="S180" CovItemPrefix="devops.hw1.core.CardCollection.java" Intrnl_Id="626">
<LocList>
<Loc EndOffset="17579" SrcFileId="7" StartOffset="17488"/>
</LocList>
</BasicStmnt>
<BasicStmnt CovItemId="S181" CovItemPrefix="devops.hw1.core.CardCollection.java" Intrnl_Id="627">
<LocList>
<Loc EndOffset="17664" SrcFileId="7" StartOffset="17585"/>
</LocList>
</BasicStmnt>
<BasicStmnt CovItemId="S182" CovItemPrefix="devops.hw1.core.CardCollection.java" Intrnl_Id="628">
<LocList>
<Loc EndOffset="17883" SrcFileId="7" StartOffset="17788"/>
</LocList>
</BasicStmnt>
<BasicStmnt CovItemId="S183" CovItemPrefix="devops.hw1.core.CardCollection.java" Intrnl_Id="629">
<LocList>
<Loc EndOffset="17973" SrcFileId="7" StartOffset="17889"/>
</LocList>
</BasicStmnt>
<BasicStmnt CovItemId="S184" CovItemPrefix="devops.hw1.core.CardCollection.java" Intrnl_Id="630">
<LocList>
<Loc EndOffset="18178" SrcFileId="7" StartOffset="18070"/>
</LocList>
</BasicStmnt>
<BasicStmnt CovItemId="S185" CovItemPrefix="devops.hw1.core.CardCollection.java" Intrnl_Id="631">
<LocList>
<Loc EndOffset="18254" SrcFileId="7" StartOffset="18184"/>
</LocList>
</BasicStmnt>
<BasicStmnt CovItemId="S186" CovItemPrefix="devops.hw1.core.CardCollection.java" Intrnl_Id="632">
<LocList>
<Loc EndOffset="18280" SrcFileId="7" StartOffset="18260"/>
</LocList>
</BasicStmnt>
<BasicStmnt CovItemId="S187" CovItemPrefix="devops.hw1.core.CardCollection.java" Intrnl_Id="633">
<LocList>
<Loc EndOffset="18304" SrcFileId="7" StartOffset="18284"/>
</LocList>
</BasicStmnt>
<BasicStmnt CovItemId="S188" CovItemPrefix="devops.hw1.core.CardCollection.java" Intrnl_Id="634">
<LocList>
<Loc EndOffset="18401" SrcFileId="7" StartOffset="18308"/>
</LocList>
</BasicStmnt>
<BasicStmnt CovItemId="S189" CovItemPrefix="devops.hw1.core.CardCollection.java" Intrnl_Id="635">
<LocList>
<Loc EndOffset="18490" SrcFileId="7" StartOffset="18407"/>
</LocList>
</BasicStmnt>
<BasicStmnt CovItemId="S190" CovItemPrefix="devops.hw1.core.CardCollection.java" Intrnl_Id="636">
<LocList>
<Loc EndOffset="18699" SrcFileId="7" StartOffset="18593"/>
</LocList>
</BasicStmnt>
<BasicStmnt CovItemId="S191" CovItemPrefix="devops.hw1.core.CardCollection.java" Intrnl_Id="637">
<LocList>
<Loc EndOffset="18787" SrcFileId="7" StartOffset="18705"/>
</LocList>
</BasicStmnt>
<BasicStmnt CovItemId="S192" CovItemPrefix="devops.hw1.core.CardCollection.java" Intrnl_Id="638">
<LocList>
<Loc EndOffset="18996" SrcFileId="7" StartOffset="18891"/>
</LocList>
</BasicStmnt>
<BasicStmnt CovItemId="S193" CovItemPrefix="devops.hw1.core.CardCollection.java" Intrnl_Id="639">
<LocList>
<Loc EndOffset="19860" SrcFileId="7" StartOffset="19002"/>
</LocList>
</BasicStmnt>
</StmntSeq>
</HierarchyLvl>
</HierarchyLvl>
<HierarchyLvl HierarchyLvlId="14845" HierarchyLvlTypeId="15" Intrnl_Id="640" Name="Board">
<Header>
<Loc EndOffset="275" SrcFileId="8" StartOffset="257"/>
</Header>
<LocList>
<Loc EndOffset="2753" SrcFileId="8" StartOffset="257"/>
</LocList>
<HierarchyLvl HierarchyLvlId="14835" HierarchyLvlTypeId="14" Intrnl_Id="641" Name="Board">
<Header>
<Loc EndOffset="542" SrcFileId="8" StartOffset="528"/>
</Header>
<LocList>
<Loc EndOffset="924" SrcFileId="8" StartOffset="528"/>
</LocList>
<StmntSeq Intrnl_Id="642">
<LocList>
<Loc EndOffset="579" SrcFileId="8" StartOffset="558"/>
<Loc EndOffset="663" SrcFileId="8" StartOffset="548"/>
<Loc EndOffset="705" SrcFileId="8" StartOffset="667"/>
<Loc EndOffset="748" SrcFileId="8" StartOffset="709"/>
<Loc EndOffset="781" SrcFileId="8" StartOffset="752"/>
<Loc EndOffset="810" SrcFileId="8" StartOffset="787"/>
<Loc EndOffset="848" SrcFileId="8" StartOffset="816"/>
<Loc EndOffset="885" SrcFileId="8" StartOffset="852"/>
<Loc EndOffset="920" SrcFileId="8" StartOffset="889"/>
</LocList>
<BasicStmnt CovItemId="S2" CovItemPrefix="devops.hw1.core.Board.java" Intrnl_Id="643">
<LocList>
<Loc EndOffset="579" SrcFileId="8" StartOffset="558"/>
</LocList>
</BasicStmnt>
<CondStmnt CovItemId="S1" CovItemPrefix="devops.hw1.core.Board.java" Intrnl_Id="644">
<Branch CovItemId="B1" CovItemPrefix="devops.hw1.core.Board.java" Implct="true" Intrnl_Id="645">
<Cond/>
<LocList/>
<StmntSeq Intrnl_Id="646">
<LocList/>
</StmntSeq>
</Branch>
<Branch CovItemId="B2" CovItemPrefix="devops.hw1.core.Board.java" Implct="false" Intrnl_Id="647">
<Cond>
<Loc EndOffset="614" SrcFileId="8" StartOffset="585"/>
</Cond>
<LocList>
<Loc EndOffset="663" SrcFileId="8" StartOffset="615"/>
</LocList>
<StmntSeq Intrnl_Id="648">
<LocList>
<Loc EndOffset="658" SrcFileId="8" StartOffset="621"/>
</LocList>
<BasicStmnt CovItemId="S3" CovItemPrefix="devops.hw1.core.Board.java" Intrnl_Id="649">
<LocList>
<Loc EndOffset="658" SrcFileId="8" StartOffset="621"/>
</LocList>
</BasicStmnt>
</StmntSeq>
</Branch>
<Keyword EndOffset="551" SrcFileId="8" StartOffset="548"/>
<LocList>
<Loc EndOffset="663" SrcFileId="8" StartOffset="548"/>
</LocList>
</CondStmnt>
<BasicStmnt CovItemId="S4" CovItemPrefix="devops.hw1.core.Board.java" Intrnl_Id="650">
<LocList>
<Loc EndOffset="705" SrcFileId="8" StartOffset="667"/>
</LocList>
</BasicStmnt>
<BasicStmnt CovItemId="S5" CovItemPrefix="devops.hw1.core.Board.java" Intrnl_Id="651">
<LocList>
<Loc EndOffset="748" SrcFileId="8" StartOffset="709"/>
</LocList>
</BasicStmnt>
<BasicStmnt CovItemId="S6" CovItemPrefix="devops.hw1.core.Board.java" Intrnl_Id="652">
<LocList>
<Loc EndOffset="781" SrcFileId="8" StartOffset="752"/>
</LocList>
</BasicStmnt>
<BasicStmnt CovItemId="S7" CovItemPrefix="devops.hw1.core.Board.java" Intrnl_Id="653">
<LocList>
<Loc EndOffset="810" SrcFileId="8" StartOffset="787"/>
</LocList>
</BasicStmnt>
<BasicStmnt CovItemId="S8" CovItemPrefix="devops.hw1.core.Board.java" Intrnl_Id="654">
<LocList>
<Loc EndOffset="848" SrcFileId="8" StartOffset="816"/>
</LocList>
</BasicStmnt>
<BasicStmnt CovItemId="S9" CovItemPrefix="devops.hw1.core.Board.java" Intrnl_Id="655">
<LocList>
<Loc EndOffset="885" SrcFileId="8" StartOffset="852"/>
</LocList>
</BasicStmnt>
<BasicStmnt CovItemId="S10" CovItemPrefix="devops.hw1.core.Board.java" Intrnl_Id="656">
<LocList>
<Loc EndOffset="920" SrcFileId="8" StartOffset="889"/>
</LocList>
</BasicStmnt>
</StmntSeq>
</HierarchyLvl>
<HierarchyLvl HierarchyLvlId="14836" HierarchyLvlTypeId="14" Intrnl_Id="657" Name="initializeCenterDeck">
<Header>
<Loc EndOffset="1097" SrcFileId="8" StartOffset="1062"/>
</Header>
<LocList>
<Loc EndOffset="1386" SrcFileId="8" StartOffset="1062"/>
</LocList>
<StmntSeq Intrnl_Id="658">
<LocList>
<Loc EndOffset="1280" SrcFileId="8" StartOffset="1103"/>
<Loc EndOffset="1318" SrcFileId="8" StartOffset="1284"/>
<Loc EndOffset="1382" SrcFileId="8" StartOffset="1322"/>
</LocList>
<LoopStmnt CovItemId="S11" CovItemPrefix="devops.hw1.core.Board.java" Intrnl_Id="659" MltplExecId="L1-2" MltplExecPrefix="devops.hw1.core.Board.java" NvrExecId="L1-0" NvrExecPrefix="devops.hw1.core.Board.java" OnceExecutedId="L1-1" OnceExecutedPrefix="devops.hw1.core.Board.java" OptBodyExec="true">
<StmntSeq Intrnl_Id="660">
<LocList>
<Loc EndOffset="1275" SrcFileId="8" StartOffset="1163"/>
</LocList>
<LoopStmnt CovItemId="S12" CovItemPrefix="devops.hw1.core.Board.java" Intrnl_Id="661" MltplExecId="L2-2" MltplExecPrefix="devops.hw1.core.Board.java" NvrExecId="L2-0" NvrExecPrefix="devops.hw1.core.Board.java" OnceExecutedId="L2-1" OnceExecutedPrefix="devops.hw1.core.Board.java" OptBodyExec="true">
<StmntSeq Intrnl_Id="662">
<LocList>
<Loc EndOffset="1269" SrcFileId="8" StartOffset="1227"/>
</LocList>
<BasicStmnt CovItemId="S13" CovItemPrefix="devops.hw1.core.Board.java" Intrnl_Id="663">
<LocList>
<Loc EndOffset="1269" SrcFileId="8" StartOffset="1227"/>
</LocList>
</BasicStmnt>
</StmntSeq>
<Keyword EndOffset="1166" SrcFileId="8" StartOffset="1163"/>
<LocList>
<Loc EndOffset="1275" SrcFileId="8" StartOffset="1163"/>
</LocList>
<RootTerm CovItemId="C2" CovItemPrefix="devops.hw1.core.Board.java" Intrnl_Id="664">
<BasicBoolTerm Intrnl_Id="665">
<LocList>
<Loc EndOffset="1213" SrcFileId="8" StartOffset="1179"/>
</LocList>
</BasicBoolTerm>
</RootTerm>
</LoopStmnt>
</StmntSeq>
<Keyword EndOffset="1106" SrcFileId="8" StartOffset="1103"/>
<LocList>
<Loc EndOffset="1280" SrcFileId="8" StartOffset="1103"/>
</LocList>
<RootTerm CovItemId="C1" CovItemPrefix="devops.hw1.core.Board.java" Intrnl_Id="666">
<BasicBoolTerm Intrnl_Id="667">
<LocList>
<Loc EndOffset="1150" SrcFileId="8" StartOffset="1119"/>
</LocList>
</BasicBoolTerm>
</RootTerm>
</LoopStmnt>
<BasicStmnt CovItemId="S14" CovItemPrefix="devops.hw1.core.Board.java" Intrnl_Id="668">
<LocList>
<Loc EndOffset="1318" SrcFileId="8" StartOffset="1284"/>
</LocList>
</BasicStmnt>
<LoopStmnt CovItemId="S15" CovItemPrefix="devops.hw1.core.Board.java" Intrnl_Id="669" MltplExecId="L3-2" MltplExecPrefix="devops.hw1.core.Board.java" NvrExecId="L3-0" NvrExecPrefix="devops.hw1.core.Board.java" OnceExecutedId="L3-1" OnceExecutedPrefix="devops.hw1.core.Board.java" OptBodyExec="true">
<StmntSeq Intrnl_Id="670">
<LocList>
<Loc EndOffset="1377" SrcFileId="8" StartOffset="1356"/>
</LocList>
<BasicStmnt CovItemId="S16" CovItemPrefix="devops.hw1.core.Board.java" Intrnl_Id="671">
<LocList>
<Loc EndOffset="1377" SrcFileId="8" StartOffset="1356"/>
</LocList>
</BasicStmnt>
</StmntSeq>
<Keyword EndOffset="1325" SrcFileId="8" StartOffset="1322"/>
<LocList>
<Loc EndOffset="1382" SrcFileId="8" StartOffset="1322"/>
</LocList>
<RootTerm CovItemId="C3" CovItemPrefix="devops.hw1.core.Board.java" Intrnl_Id="672">
<BasicBoolTerm Intrnl_Id="673">
<LocList>
<Loc EndOffset="1343" SrcFileId="8" StartOffset="1338"/>
</LocList>
</BasicBoolTerm>
</RootTerm>
</LoopStmnt>
</StmntSeq>
</HierarchyLvl>
<HierarchyLvl HierarchyLvlId="14837" HierarchyLvlTypeId="14" Intrnl_Id="674" Name="getVoid">
<Header>
<Loc EndOffset="1512" SrcFileId="8" StartOffset="1479"/>
</Header>
<LocList>
<Loc EndOffset="1542" SrcFileId="8" StartOffset="1479"/>
</LocList>
<StmntSeq Intrnl_Id="675">
<LocList>
<Loc EndOffset="1538" SrcFileId="8" StartOffset="1518"/>
</LocList>
<BasicStmnt CovItemId="S17" CovItemPrefix="devops.hw1.core.Board.java" Intrnl_Id="676">
<LocList>
<Loc EndOffset="1538" SrcFileId="8" StartOffset="1518"/>
</LocList>
</BasicStmnt>
</StmntSeq>
</HierarchyLvl>
<HierarchyLvl HierarchyLvlId="14838" HierarchyLvlTypeId="14" Intrnl_Id="677" Name="sendToVoid">
<Header>
<Loc EndOffset="1704" SrcFileId="8" StartOffset="1670"/>
</Header>
<LocList>
<Loc EndOffset="1777" SrcFileId="8" StartOffset="1670"/>
</LocList>
<StmntSeq Intrnl_Id="678">
<LocList>
<Loc EndOffset="1746" SrcFileId="8" StartOffset="1710"/>
<Loc EndOffset="1773" SrcFileId="8" StartOffset="1750"/>
</LocList>
<CondStmnt CovItemId="S18" CovItemPrefix="devops.hw1.core.Board.java" Intrnl_Id="679">
<Branch CovItemId="B3" CovItemPrefix="devops.hw1.core.Board.java" Implct="false" Intrnl_Id="680">
<Cond/>
<LocList>
<Loc EndOffset="1746" SrcFileId="8" StartOffset="1728"/>
</LocList>
<StmntSeq Intrnl_Id="681">
<LocList>
<Loc EndOffset="1741" SrcFileId="8" StartOffset="1734"/>
</LocList>
<BasicStmnt CovItemId="S19" CovItemPrefix="devops.hw1.core.Board.java" Intrnl_Id="682">
<LocList>
<Loc EndOffset="1741" SrcFileId="8" StartOffset="1734"/>
</LocList>
</BasicStmnt>
</StmntSeq>
</Branch>
<Branch CovItemId="B4" CovItemPrefix="devops.hw1.core.Board.java" Implct="true" Intrnl_Id="683">
<Cond/>
<LocList/>
<StmntSeq Intrnl_Id="684">
<LocList/>
</StmntSeq>
</Branch>
<Keyword EndOffset="1712" SrcFileId="8" StartOffset="1710"/>
<LocList>
<Loc EndOffset="1746" SrcFileId="8" StartOffset="1710"/>
</LocList>
<RootTerm CovItemId="C4" CovItemPrefix="devops.hw1.core.Board.java" Intrnl_Id="685">
<BasicBoolTerm Intrnl_Id="686">
<LocList>
<Loc EndOffset="1726" SrcFileId="8" StartOffset="1714"/>
</LocList>
</BasicBoolTerm>
</RootTerm>
</CondStmnt>
<BasicStmnt CovItemId="S20" CovItemPrefix="devops.hw1.core.Board.java" Intrnl_Id="687">
<LocList>
<Loc EndOffset="1773" SrcFileId="8" StartOffset="1750"/>
</LocList>
</BasicStmnt>
</StmntSeq>
</HierarchyLvl>
<HierarchyLvl HierarchyLvlId="14839" HierarchyLvlTypeId="14" Intrnl_Id="688" Name="getCenDeck">
<Header>
<Loc EndOffset="1860" SrcFileId="8" StartOffset="1823"/>
</Header>
<LocList>
<Loc EndOffset="1890" SrcFileId="8" StartOffset="1823"/>
</LocList>
<StmntSeq Intrnl_Id="689">
<LocList>
<Loc EndOffset="1886" SrcFileId="8" StartOffset="1866"/>
</LocList>
<BasicStmnt CovItemId="S21" CovItemPrefix="devops.hw1.core.Board.java" Intrnl_Id="690">
<LocList>
<Loc EndOffset="1886" SrcFileId="8" StartOffset="1866"/>
</LocList>
</BasicStmnt>
</StmntSeq>
</HierarchyLvl>
<HierarchyLvl HierarchyLvlId="14840" HierarchyLvlTypeId="14" Intrnl_Id="691" Name="getCultist">
<Header>
<Loc EndOffset="1973" SrcFileId="8" StartOffset="1948"/>
</Header>
<LocList>
<Loc EndOffset="2003" SrcFileId="8" StartOffset="1948"/>
</LocList>
<StmntSeq Intrnl_Id="692">
<LocList>
<Loc EndOffset="1999" SrcFileId="8" StartOffset="1979"/>
</LocList>
<BasicStmnt CovItemId="S22" CovItemPrefix="devops.hw1.core.Board.java" Intrnl_Id="693">
<LocList>
<Loc EndOffset="1999" SrcFileId="8" StartOffset="1979"/>
</LocList>
</BasicStmnt>
</StmntSeq>
</HierarchyLvl>
<HierarchyLvl HierarchyLvlId="14841" HierarchyLvlTypeId="14" Intrnl_Id="694" Name="getHeavyInf">
<Header>
<Loc EndOffset="2094" SrcFileId="8" StartOffset="2068"/>
</Header>
<LocList>
<Loc EndOffset="2125" SrcFileId="8" StartOffset="2068"/>
</LocList>
<StmntSeq Intrnl_Id="695">
<LocList>
<Loc EndOffset="2121" SrcFileId="8" StartOffset="2100"/>
</LocList>
<BasicStmnt CovItemId="S23" CovItemPrefix="devops.hw1.core.Board.java" Intrnl_Id="696">
<LocList>
<Loc EndOffset="2121" SrcFileId="8" StartOffset="2100"/>
</LocList>
</BasicStmnt>
</StmntSeq>
</HierarchyLvl>
<HierarchyLvl HierarchyLvlId="14842" HierarchyLvlTypeId="14" Intrnl_Id="697" Name="getMystic">
<Header>
<Loc EndOffset="2206" SrcFileId="8" StartOffset="2182"/>
</Header>
<LocList>
<Loc EndOffset="2235" SrcFileId="8" StartOffset="2182"/>
</LocList>
<StmntSeq Intrnl_Id="698">
<LocList>
<Loc EndOffset="2231" SrcFileId="8" StartOffset="2212"/>
</LocList>
<BasicStmnt CovItemId="S24" CovItemPrefix="devops.hw1.core.Board.java" Intrnl_Id="699">
<LocList>
<Loc EndOffset="2231" SrcFileId="8" StartOffset="2212"/>
</LocList>
</BasicStmnt>
</StmntSeq>
</HierarchyLvl>
<HierarchyLvl HierarchyLvlId="14843" HierarchyLvlTypeId="14" Intrnl_Id="700" Name="centerDeckToField">
<Header>
<Loc EndOffset="2531" SrcFileId="8" StartOffset="2491"/>
</Header>
<LocList>
<Loc EndOffset="2608" SrcFileId="8" StartOffset="2491"/>
</LocList>
<StmntSeq Intrnl_Id="701">
<LocList>
<Loc EndOffset="2572" SrcFileId="8" StartOffset="2537"/>
<Loc EndOffset="2604" SrcFileId="8" StartOffset="2576"/>
</LocList>
<BasicStmnt CovItemId="S25" CovItemPrefix="devops.hw1.core.Board.java" Intrnl_Id="702">
<LocList>
<Loc EndOffset="2572" SrcFileId="8" StartOffset="2537"/>
</LocList>
</BasicStmnt>
<BasicStmnt CovItemId="S26" CovItemPrefix="devops.hw1.core.Board.java" Intrnl_Id="703">
<LocList>
<Loc EndOffset="2604" SrcFileId="8" StartOffset="2576"/>
</LocList>
</BasicStmnt>
</StmntSeq>
</HierarchyLvl>
<HierarchyLvl HierarchyLvlId="14844" HierarchyLvlTypeId="14" Intrnl_Id="704" Name="getCenField">
<Header>
<Loc EndOffset="2719" SrcFileId="8" StartOffset="2691"/>
</Header>
<LocList>
<Loc EndOffset="2750" SrcFileId="8" StartOffset="2691"/>
</LocList>
<StmntSeq Intrnl_Id="705">
<LocList>
<Loc EndOffset="2746" SrcFileId="8" StartOffset="2725"/>
</LocList>
<BasicStmnt CovItemId="S27" CovItemPrefix="devops.hw1.core.Board.java" Intrnl_Id="706">
<LocList>
<Loc EndOffset="2746" SrcFileId="8" StartOffset="2725"/>
</LocList>
</BasicStmnt>
</StmntSeq>
</HierarchyLvl>
</HierarchyLvl>
<HierarchyLvl HierarchyLvlId="14865" HierarchyLvlTypeId="15" Intrnl_Id="707" Name="ACard">
<Header>
<Loc EndOffset="202" SrcFileId="9" StartOffset="175"/>
</Header>
<LocList>
<Loc EndOffset="5000" SrcFileId="9" StartOffset="175"/>
</LocList>
<StmntSeq Intrnl_Id="708">
<LocList>
<Loc EndOffset="307" SrcFileId="9" StartOffset="231"/>
</LocList>
<BasicStmnt CovItemId="S1" CovItemPrefix="devops.hw1.core.ACard.java" Intrnl_Id="709">
<LocList>
<Loc EndOffset="307" SrcFileId="9" StartOffset="231"/>
</LocList>
</BasicStmnt>
</StmntSeq>
<HierarchyLvl HierarchyLvlId="14846" HierarchyLvlTypeId="14" Intrnl_Id="710" Name="makeCard">
<Header>
<Loc EndOffset="581" SrcFileId="9" StartOffset="551"/>
</Header>
<LocList>
<Loc EndOffset="613" SrcFileId="9" StartOffset="551"/>
</LocList>
<StmntSeq Intrnl_Id="711">
<LocList>
<Loc EndOffset="609" SrcFileId="9" StartOffset="587"/>
</LocList>
<BasicStmnt CovItemId="S2" CovItemPrefix="devops.hw1.core.ACard.java" Intrnl_Id="712">
<LocList>
<Loc EndOffset="609" SrcFileId="9" StartOffset="587"/>
</LocList>
</BasicStmnt>
</StmntSeq>
</HierarchyLvl>
<HierarchyLvl HierarchyLvlId="14847" HierarchyLvlTypeId="14" Intrnl_Id="713" Name="makeCard">
<Header>
<Loc EndOffset="793" SrcFileId="9" StartOffset="758"/>
</Header>
<LocList>
<Loc EndOffset="826" SrcFileId="9" StartOffset="758"/>
</LocList>
<StmntSeq Intrnl_Id="714">
<LocList>
<Loc EndOffset="822" SrcFileId="9" StartOffset="799"/>
</LocList>
<BasicStmnt CovItemId="S3" CovItemPrefix="devops.hw1.core.ACard.java" Intrnl_Id="715">
<LocList>
<Loc EndOffset="822" SrcFileId="9" StartOffset="799"/>
</LocList>
</BasicStmnt>
</StmntSeq>
</HierarchyLvl>
<HierarchyLvl HierarchyLvlId="14848" HierarchyLvlTypeId="14" Intrnl_Id="716" Name="makeCard">
<Header>
<Loc EndOffset="1693" SrcFileId="9" StartOffset="1527"/>
</Header>
<LocList>
<Loc EndOffset="2983" SrcFileId="9" StartOffset="1527"/>
</LocList>
<StmntSeq Intrnl_Id="717">
<LocList>
<Loc EndOffset="1840" SrcFileId="9" StartOffset="1782"/>
<Loc EndOffset="1870" SrcFileId="9" StartOffset="1844"/>
<Loc EndOffset="1903" SrcFileId="9" StartOffset="1874"/>
<Loc EndOffset="1938" SrcFileId="9" StartOffset="1907"/>
<Loc EndOffset="1972" SrcFileId="9" StartOffset="1942"/>
<Loc EndOffset="2839" SrcFileId="9" StartOffset="2039"/>
<Loc EndOffset="2979" SrcFileId="9" StartOffset="2907"/>
</LocList>
<BasicStmnt CovItemId="S4" CovItemPrefix="devops.hw1.core.ACard.java" Intrnl_Id="718">
<LocList>
<Loc EndOffset="1840" SrcFileId="9" StartOffset="1782"/>
</LocList>
</BasicStmnt>
<BasicStmnt CovItemId="S5" CovItemPrefix="devops.hw1.core.ACard.java" Intrnl_Id="719">
<LocList>
<Loc EndOffset="1870" SrcFileId="9" StartOffset="1844"/>
</LocList>
</BasicStmnt>
<BasicStmnt CovItemId="S6" CovItemPrefix="devops.hw1.core.ACard.java" Intrnl_Id="720">
<LocList>
<Loc EndOffset="1903" SrcFileId="9" StartOffset="1874"/>
</LocList>
</BasicStmnt>
<BasicStmnt CovItemId="S7" CovItemPrefix="devops.hw1.core.ACard.java" Intrnl_Id="721">
<LocList>
<Loc EndOffset="1938" SrcFileId="9" StartOffset="1907"/>
</LocList>
</BasicStmnt>
<BasicStmnt CovItemId="S8" CovItemPrefix="devops.hw1.core.ACard.java" Intrnl_Id="722">
<LocList>
<Loc EndOffset="1972" SrcFileId="9" StartOffset="1942"/>
</LocList>
</BasicStmnt>
<CondStmnt CovItemId="S9" CovItemPrefix="devops.hw1.core.ACard.java" Intrnl_Id="723">
<Branch CovItemId="B1" CovItemPrefix="devops.hw1.core.ACard.java" Implct="false" Intrnl_Id="724">
<Cond/>
<LocList>
<Loc EndOffset="2232" SrcFileId="9" StartOffset="2073"/>
</LocList>
<StmntSeq Intrnl_Id="725">
<LocList>
<Loc EndOffset="2227" SrcFileId="9" StartOffset="2079"/>
</LocList>
<BasicStmnt CovItemId="S10" CovItemPrefix="devops.hw1.core.ACard.java" Intrnl_Id="726">
<LocList>
<Loc EndOffset="2227" SrcFileId="9" StartOffset="2079"/>
</LocList>
</BasicStmnt>
</StmntSeq>
</Branch>
<Branch CovItemId="B2" CovItemPrefix="devops.hw1.core.ACard.java" Implct="false" Intrnl_Id="727">
<Cond>
<Loc EndOffset="2237" SrcFileId="9" StartOffset="2233"/>
</Cond>
<LocList>
<Loc EndOffset="2839" SrcFileId="9" StartOffset="2238"/>
</LocList>
<StmntSeq Intrnl_Id="728">
<LocList>
<Loc EndOffset="2839" SrcFileId="9" StartOffset="2238"/>
</LocList>
<CondStmnt CovItemId="S11" CovItemPrefix="devops.hw1.core.ACard.java" Intrnl_Id="729">
<Branch CovItemId="B3" CovItemPrefix="devops.hw1.core.ACard.java" Implct="false" Intrnl_Id="730">
<Cond/>
<LocList>
<Loc EndOffset="2434" SrcFileId="9" StartOffset="2275"/>
</LocList>
<StmntSeq Intrnl_Id="731">
<LocList>
<Loc EndOffset="2429" SrcFileId="9" StartOffset="2281"/>
</LocList>
<BasicStmnt CovItemId="S12" CovItemPrefix="devops.hw1.core.ACard.java" Intrnl_Id="732">
<LocList>
<Loc EndOffset="2429" SrcFileId="9" StartOffset="2281"/>
</LocList>
</BasicStmnt>
</StmntSeq>
</Branch>
<Branch CovItemId="B4" CovItemPrefix="devops.hw1.core.ACard.java" Implct="false" Intrnl_Id="733">
<Cond>
<Loc EndOffset="2439" SrcFileId="9" StartOffset="2435"/>
</Cond>
<LocList>
<Loc EndOffset="2839" SrcFileId="9" StartOffset="2440"/>
</LocList>
<StmntSeq Intrnl_Id="734">
<LocList>
<Loc EndOffset="2839" SrcFileId="9" StartOffset="2440"/>
</LocList>
<CondStmnt CovItemId="S13" CovItemPrefix="devops.hw1.core.ACard.java" Intrnl_Id="735">
<Branch CovItemId="B5" CovItemPrefix="devops.hw1.core.ACard.java" Implct="false" Intrnl_Id="736">
<Cond/>
<LocList>
<Loc EndOffset="2647" SrcFileId="9" StartOffset="2512"/>
</LocList>
<StmntSeq Intrnl_Id="737">
<LocList>
<Loc EndOffset="2642" SrcFileId="9" StartOffset="2518"/>
</LocList>
<BasicStmnt CovItemId="S14" CovItemPrefix="devops.hw1.core.ACard.java" Intrnl_Id="738">
<LocList>
<Loc EndOffset="2642" SrcFileId="9" StartOffset="2518"/>
</LocList>
</BasicStmnt>
</StmntSeq>
</Branch>
<Branch CovItemId="B6" CovItemPrefix="devops.hw1.core.ACard.java" Implct="false" Intrnl_Id="739">
<Cond>
<Loc EndOffset="2652" SrcFileId="9" StartOffset="2648"/>
</Cond>
<LocList>
<Loc EndOffset="2839" SrcFileId="9" StartOffset="2653"/>
</LocList>
<StmntSeq Intrnl_Id="740">
<LocList>
<Loc EndOffset="2839" SrcFileId="9" StartOffset="2653"/>
</LocList>
<CondStmnt CovItemId="S15" CovItemPrefix="devops.hw1.core.ACard.java" Intrnl_Id="741">
<Branch CovItemId="B7" CovItemPrefix="devops.hw1.core.ACard.java" Implct="false" Intrnl_Id="742">
<Cond/>
<LocList>
<Loc EndOffset="2839" SrcFileId="9" StartOffset="2704"/>
</LocList>
<StmntSeq Intrnl_Id="743">
<LocList>
<Loc EndOffset="2834" SrcFileId="9" StartOffset="2710"/>
</LocList>
<BasicStmnt CovItemId="S16" CovItemPrefix="devops.hw1.core.ACard.java" Intrnl_Id="744">
<LocList>
<Loc EndOffset="2834" SrcFileId="9" StartOffset="2710"/>
</LocList>
</BasicStmnt>
</StmntSeq>
</Branch>
<Branch CovItemId="B8" CovItemPrefix="devops.hw1.core.ACard.java" Implct="true" Intrnl_Id="745">
<Cond/>
<LocList/>
<StmntSeq Intrnl_Id="746">
<LocList/>
</StmntSeq>
</Branch>
<Keyword EndOffset="2655" SrcFileId="9" StartOffset="2653"/>
<LocList>
<Loc EndOffset="2839" SrcFileId="9" StartOffset="2653"/>
</LocList>
<RootTerm CovItemId="C4" CovItemPrefix="devops.hw1.core.ACard.java" Intrnl_Id="747">
<OpTerm BooleanOpId="12" Intrnl_Id="748">
<BasicBoolTerm Intrnl_Id="749">
<LocList>
<Loc EndOffset="2701" SrcFileId="9" StartOffset="2659"/>
</LocList>
</BasicBoolTerm>
<LocList>
<Loc EndOffset="2658" SrcFileId="9" StartOffset="2657"/>
</LocList>
</OpTerm>
</RootTerm>
</CondStmnt>
</StmntSeq>
</Branch>
<Keyword EndOffset="2442" SrcFileId="9" StartOffset="2440"/>
<LocList>
<Loc EndOffset="2839" SrcFileId="9" StartOffset="2440"/>
</LocList>
<RootTerm CovItemId="C3" CovItemPrefix="devops.hw1.core.ACard.java" Intrnl_Id="750">
<OpTerm BooleanOpId="11" Intrnl_Id="751">
<BasicBoolTerm Intrnl_Id="752">
<LocList>
<Loc EndOffset="2473" SrcFileId="9" StartOffset="2444"/>
</LocList>
</BasicBoolTerm>
<BasicBoolTerm Intrnl_Id="753">
<LocList>
<Loc EndOffset="2510" SrcFileId="9" StartOffset="2482"/>
</LocList>
</BasicBoolTerm>
<LocList>
<Loc EndOffset="2481" SrcFileId="9" StartOffset="2479"/>
</LocList>
</OpTerm>
</RootTerm>
</CondStmnt>
</StmntSeq>
</Branch>
<Keyword EndOffset="2240" SrcFileId="9" StartOffset="2238"/>
<LocList>
<Loc EndOffset="2839" SrcFileId="9" StartOffset="2238"/>
</LocList>
<RootTerm CovItemId="C2" CovItemPrefix="devops.hw1.core.ACard.java" Intrnl_Id="754">
<BasicBoolTerm Intrnl_Id="755">
<LocList>
<Loc EndOffset="2273" SrcFileId="9" StartOffset="2242"/>
</LocList>
</BasicBoolTerm>
</RootTerm>
</CondStmnt>
</StmntSeq>
</Branch>
<Keyword EndOffset="2041" SrcFileId="9" StartOffset="2039"/>
<LocList>
<Loc EndOffset="2839" SrcFileId="9" StartOffset="2039"/>
</LocList>
<RootTerm CovItemId="C1" CovItemPrefix="devops.hw1.core.ACard.java" Intrnl_Id="756">
<OpTerm BooleanOpId="11" Intrnl_Id="757">
<BasicBoolTerm Intrnl_Id="758">
<LocList>
<Loc EndOffset="2055" SrcFileId="9" StartOffset="2043"/>
</LocList>
</BasicBoolTerm>
<BasicBoolTerm Intrnl_Id="759">
<LocList>
<Loc EndOffset="2071" SrcFileId="9" StartOffset="2059"/>
</LocList>
</BasicBoolTerm>
<LocList>
<Loc EndOffset="2058" SrcFileId="9" StartOffset="2056"/>
</LocList>
</OpTerm>
</RootTerm>
</CondStmnt>
<BasicStmnt CovItemId="S17" CovItemPrefix="devops.hw1.core.ACard.java" Intrnl_Id="760">
<LocList>
<Loc EndOffset="2979" SrcFileId="9" StartOffset="2907"/>
</LocList>
</BasicStmnt>
</StmntSeq>
</HierarchyLvl>
<HierarchyLvl HierarchyLvlId="14849" HierarchyLvlTypeId="14" Intrnl_Id="761" Name="getFaction">
<Header>
<Loc EndOffset="3051" SrcFileId="9" StartOffset="3025"/>
</Header>
<LocList>
<Loc EndOffset="3076" SrcFileId="9" StartOffset="3025"/>
</LocList>
<StmntSeq Intrnl_Id="762">
<LocList>
<Loc EndOffset="3072" SrcFileId="9" StartOffset="3057"/>
</LocList>
<BasicStmnt CovItemId="S18" CovItemPrefix="devops.hw1.core.ACard.java" Intrnl_Id="763">
<LocList>
<Loc EndOffset="3072" SrcFileId="9" StartOffset="3057"/>
</LocList>
</BasicStmnt>
</StmntSeq>
</HierarchyLvl>
<HierarchyLvl HierarchyLvlId="14850" HierarchyLvlTypeId="14" Intrnl_Id="764" Name="setFaction">
<Header>
<Loc EndOffset="3186" SrcFileId="9" StartOffset="3148"/>
</Header>
<LocList>
<Loc EndOffset="3219" SrcFileId="9" StartOffset="3148"/>
</LocList>
<StmntSeq Intrnl_Id="765">
<LocList>
<Loc EndOffset="3215" SrcFileId="9" StartOffset="3192"/>
</LocList>
<BasicStmnt CovItemId="S19" CovItemPrefix="devops.hw1.core.ACard.java" Intrnl_Id="766">
<LocList>
<Loc EndOffset="3215" SrcFileId="9" StartOffset="3192"/>
</LocList>
</BasicStmnt>
</StmntSeq>
</HierarchyLvl>
<HierarchyLvl HierarchyLvlId="14851" HierarchyLvlTypeId="14" Intrnl_Id="767" Name="getName">
<Header>
<Loc EndOffset="3281" SrcFileId="9" StartOffset="3258"/>
</Header>
<LocList>
<Loc EndOffset="3303" SrcFileId="9" StartOffset="3258"/>
</LocList>
<StmntSeq Intrnl_Id="768">
<LocList>
<Loc EndOffset="3299" SrcFileId="9" StartOffset="3287"/>
</LocList>
<BasicStmnt CovItemId="S20" CovItemPrefix="devops.hw1.core.ACard.java" Intrnl_Id="769">
<LocList>
<Loc EndOffset="3299" SrcFileId="9" StartOffset="3287"/>
</LocList>
</BasicStmnt>
</StmntSeq>
</HierarchyLvl>
<HierarchyLvl HierarchyLvlId="14852" HierarchyLvlTypeId="14" Intrnl_Id="770" Name="setName">
<Header>
<Loc EndOffset="3401" SrcFileId="9" StartOffset="3369"/>
</Header>
<LocList>
<Loc EndOffset="3428" SrcFileId="9" StartOffset="3369"/>
</LocList>
<StmntSeq Intrnl_Id="771">
<LocList>
<Loc EndOffset="3424" SrcFileId="9" StartOffset="3407"/>
</LocList>
<BasicStmnt CovItemId="S21" CovItemPrefix="devops.hw1.core.ACard.java" Intrnl_Id="772">
<LocList>
<Loc EndOffset="3424" SrcFileId="9" StartOffset="3407"/>
</LocList>
</BasicStmnt>
</StmntSeq>
</HierarchyLvl>
<HierarchyLvl HierarchyLvlId="14853" HierarchyLvlTypeId="14" Intrnl_Id="773" Name="getHonor">
<Header>
<Loc EndOffset="3489" SrcFileId="9" StartOffset="3468"/>
</Header>
<LocList>
<Loc EndOffset="3512" SrcFileId="9" StartOffset="3468"/>
</LocList>
<StmntSeq Intrnl_Id="774">
<LocList>
<Loc EndOffset="3508" SrcFileId="9" StartOffset="3495"/>
</LocList>
<BasicStmnt CovItemId="S22" CovItemPrefix="devops.hw1.core.ACard.java" Intrnl_Id="775">
<LocList>
<Loc EndOffset="3508" SrcFileId="9" StartOffset="3495"/>
</LocList>
</BasicStmnt>
</StmntSeq>
</HierarchyLvl>
<HierarchyLvl HierarchyLvlId="14854" HierarchyLvlTypeId="14" Intrnl_Id="776" Name="setHonor">
<Header>
<Loc EndOffset="3611" SrcFileId="9" StartOffset="3580"/>
</Header>
<LocList>
<Loc EndOffset="3640" SrcFileId="9" StartOffset="3580"/>
</LocList>
<StmntSeq Intrnl_Id="777">
<LocList>
<Loc EndOffset="3636" SrcFileId="9" StartOffset="3617"/>
</LocList>
<BasicStmnt CovItemId="S23" CovItemPrefix="devops.hw1.core.ACard.java" Intrnl_Id="778">
<LocList>
<Loc EndOffset="3636" SrcFileId="9" StartOffset="3617"/>
</LocList>
</BasicStmnt>
</StmntSeq>
</HierarchyLvl>
<HierarchyLvl HierarchyLvlId="14855" HierarchyLvlTypeId="14" Intrnl_Id="779" Name="getRarity">
<Header>
<Loc EndOffset="3703" SrcFileId="9" StartOffset="3681"/>
</Header>
<LocList>
<Loc EndOffset="3727" SrcFileId="9" StartOffset="3681"/>
</LocList>
<StmntSeq Intrnl_Id="780">
<LocList>
<Loc EndOffset="3723" SrcFileId="9" StartOffset="3709"/>
</LocList>
<BasicStmnt CovItemId="S24" CovItemPrefix="devops.hw1.core.ACard.java" Intrnl_Id="781">
<LocList>
<Loc EndOffset="3723" SrcFileId="9" StartOffset="3709"/>
</LocList>
</BasicStmnt>
</StmntSeq>
</HierarchyLvl>
<HierarchyLvl HierarchyLvlId="14856" HierarchyLvlTypeId="14" Intrnl_Id="782" Name="setRarity">
<Header>
<Loc EndOffset="3830" SrcFileId="9" StartOffset="3797"/>
</Header>
<LocList>
<Loc EndOffset="3861" SrcFileId="9" StartOffset="3797"/>
</LocList>
<StmntSeq Intrnl_Id="783">
<LocList>
<Loc EndOffset="3857" SrcFileId="9" StartOffset="3836"/>
</LocList>
<BasicStmnt CovItemId="S25" CovItemPrefix="devops.hw1.core.ACard.java" Intrnl_Id="784">
<LocList>
<Loc EndOffset="3857" SrcFileId="9" StartOffset="3836"/>
</LocList>
</BasicStmnt>
</StmntSeq>
</HierarchyLvl>
<HierarchyLvl HierarchyLvlId="14857" HierarchyLvlTypeId="14" Intrnl_Id="785" Name="getImage">
<Header>
<Loc EndOffset="3932" SrcFileId="9" StartOffset="3901"/>
</Header>
<LocList>
<Loc EndOffset="3955" SrcFileId="9" StartOffset="3901"/>
</LocList>
<StmntSeq Intrnl_Id="786">
<LocList>
<Loc EndOffset="3951" SrcFileId="9" StartOffset="3938"/>
</LocList>
<BasicStmnt CovItemId="S26" CovItemPrefix="devops.hw1.core.ACard.java" Intrnl_Id="787">
<LocList>
<Loc EndOffset="3951" SrcFileId="9" StartOffset="3938"/>
</LocList>
</BasicStmnt>
</StmntSeq>
</HierarchyLvl>
<HierarchyLvl HierarchyLvlId="14858" HierarchyLvlTypeId="14" Intrnl_Id="788" Name="setImage">
<Header>
<Loc EndOffset="4064" SrcFileId="9" StartOffset="4023"/>
</Header>
<LocList>
<Loc EndOffset="4093" SrcFileId="9" StartOffset="4023"/>
</LocList>
<StmntSeq Intrnl_Id="789">
<LocList>
<Loc EndOffset="4089" SrcFileId="9" StartOffset="4070"/>
</LocList>
<BasicStmnt CovItemId="S27" CovItemPrefix="devops.hw1.core.ACard.java" Intrnl_Id="790">
<LocList>
<Loc EndOffset="4089" SrcFileId="9" StartOffset="4070"/>
</LocList>
</BasicStmnt>
</StmntSeq>
</HierarchyLvl>
<HierarchyLvl HierarchyLvlId="14859" HierarchyLvlTypeId="14" Intrnl_Id="791" Name="setEffects">
<Header>
<Loc EndOffset="4221" SrcFileId="9" StartOffset="4165"/>
</Header>
<LocList>
<Loc EndOffset="4254" SrcFileId="9" StartOffset="4165"/>
</LocList>
<StmntSeq Intrnl_Id="792">
<LocList>
<Loc EndOffset="4250" SrcFileId="9" StartOffset="4227"/>
</LocList>
<BasicStmnt CovItemId="S28" CovItemPrefix="devops.hw1.core.ACard.java" Intrnl_Id="793">
<LocList>
<Loc EndOffset="4250" SrcFileId="9" StartOffset="4227"/>
</LocList>
</BasicStmnt>
</StmntSeq>
</HierarchyLvl>
<HierarchyLvl HierarchyLvlId="14860" HierarchyLvlTypeId="14" Intrnl_Id="794" Name="getCost">
<Header>
<Loc EndOffset="4346" SrcFileId="9" StartOffset="4326"/>
</Header>
<LocList>
<Loc EndOffset="4373" SrcFileId="9" StartOffset="4326"/>
</LocList>
<StmntSeq Intrnl_Id="795">
<LocList>
<Loc EndOffset="4369" SrcFileId="9" StartOffset="4352"/>
</LocList>
<BasicStmnt CovItemId="S29" CovItemPrefix="devops.hw1.core.ACard.java" Intrnl_Id="796">
<LocList>
<Loc EndOffset="4369" SrcFileId="9" StartOffset="4352"/>
</LocList>
</BasicStmnt>
</StmntSeq>
</HierarchyLvl>
<HierarchyLvl HierarchyLvlId="14861" HierarchyLvlTypeId="14" Intrnl_Id="797" Name="setCost">
<Header>
<Loc EndOffset="4467" SrcFileId="9" StartOffset="4441"/>
</Header>
<LocList>
<Loc EndOffset="4491" SrcFileId="9" StartOffset="4441"/>
</LocList>
<StmntSeq Intrnl_Id="798">
<LocList>
<Loc EndOffset="4487" SrcFileId="9" StartOffset="4473"/>
</LocList>
<BasicStmnt CovItemId="S30" CovItemPrefix="devops.hw1.core.ACard.java" Intrnl_Id="799">
<LocList>
<Loc EndOffset="4487" SrcFileId="9" StartOffset="4473"/>
</LocList>
</BasicStmnt>
</StmntSeq>
</HierarchyLvl>
<HierarchyLvl HierarchyLvlId="14862" HierarchyLvlTypeId="14" Intrnl_Id="800" Name="getEffects">
<Header>
<Loc EndOffset="4621" SrcFileId="9" StartOffset="4577"/>
</Header>
<LocList>
<Loc EndOffset="4651" SrcFileId="9" StartOffset="4577"/>
</LocList>
<StmntSeq Intrnl_Id="801">
<LocList>
<Loc EndOffset="4647" SrcFileId="9" StartOffset="4627"/>
</LocList>
<BasicStmnt CovItemId="S31" CovItemPrefix="devops.hw1.core.ACard.java" Intrnl_Id="802">
<LocList>
<Loc EndOffset="4647" SrcFileId="9" StartOffset="4627"/>
</LocList>
</BasicStmnt>
</StmntSeq>
</HierarchyLvl>
<HierarchyLvl HierarchyLvlId="14863" HierarchyLvlTypeId="14" Intrnl_Id="803" Name="setEffect">
<Header>
<Loc EndOffset="4855" SrcFileId="9" StartOffset="4808"/>
</Header>
<LocList>
<Loc EndOffset="4939" SrcFileId="9" StartOffset="4808"/>
</LocList>
<StmntSeq Intrnl_Id="804">
<LocList>
<Loc EndOffset="4899" SrcFileId="9" StartOffset="4861"/>
<Loc EndOffset="4935" SrcFileId="9" StartOffset="4903"/>
</LocList>
<CondStmnt CovItemId="S32" CovItemPrefix="devops.hw1.core.ACard.java" Intrnl_Id="805">
<Branch CovItemId="B9" CovItemPrefix="devops.hw1.core.ACard.java" Implct="false" Intrnl_Id="806">
<Cond/>
<LocList>
<Loc EndOffset="4899" SrcFileId="9" StartOffset="4881"/>
</LocList>
<StmntSeq Intrnl_Id="807">
<LocList>
<Loc EndOffset="4894" SrcFileId="9" StartOffset="4887"/>
</LocList>
<BasicStmnt CovItemId="S33" CovItemPrefix="devops.hw1.core.ACard.java" Intrnl_Id="808">
<LocList>
<Loc EndOffset="4894" SrcFileId="9" StartOffset="4887"/>
</LocList>
</BasicStmnt>
</StmntSeq>
</Branch>
<Branch CovItemId="B10" CovItemPrefix="devops.hw1.core.ACard.java" Implct="true" Intrnl_Id="809">
<Cond/>
<LocList/>
<StmntSeq Intrnl_Id="810">
<LocList/>
</StmntSeq>
</Branch>
<Keyword EndOffset="4863" SrcFileId="9" StartOffset="4861"/>
<LocList>
<Loc EndOffset="4899" SrcFileId="9" StartOffset="4861"/>
</LocList>
<RootTerm CovItemId="C5" CovItemPrefix="devops.hw1.core.ACard.java" Intrnl_Id="811">
<BasicBoolTerm Intrnl_Id="812">
<LocList>
<Loc EndOffset="4879" SrcFileId="9" StartOffset="4865"/>
</LocList>
</BasicBoolTerm>
</RootTerm>
</CondStmnt>
<BasicStmnt CovItemId="S34" CovItemPrefix="devops.hw1.core.ACard.java" Intrnl_Id="813">
<LocList>
<Loc EndOffset="4935" SrcFileId="9" StartOffset="4903"/>
</LocList>
</BasicStmnt>
</StmntSeq>
</HierarchyLvl>
<HierarchyLvl HierarchyLvlId="14864" HierarchyLvlTypeId="14" Intrnl_Id="814" Name="getStrength">
<Header>
<Loc EndOffset="4968" SrcFileId="9" StartOffset="4944"/>
</Header>
<LocList>
<Loc EndOffset="4995" SrcFileId="9" StartOffset="4944"/>
</LocList>
<StmntSeq Intrnl_Id="815">
<LocList>
<Loc EndOffset="4991" SrcFileId="9" StartOffset="4974"/>
</LocList>
<BasicStmnt CovItemId="S35" CovItemPrefix="devops.hw1.core.ACard.java" Intrnl_Id="816">
<LocList>
<Loc EndOffset="4991" SrcFileId="9" StartOffset="4974"/>
</LocList>
</BasicStmnt>
</StmntSeq>
</HierarchyLvl>
</HierarchyLvl>
</HierarchyLvl>
</HierarchyLvl>
</HierarchyLvl>
</HierarchyLvl>
</MASTRoot>
</TestSessionContainer>
