<?xml version="1.0" encoding="UTF-8"?><TestSessionContainer xmlns="http://www.codecover.org/xml/testsession-container" Date="1462560358452" TestSessionContainerId="fffa05c1-9714-4b40-a263-ae9186229ac6" version="1.0">
<SrcFileList>
<SrcFile Content="package devops.hw1.core;&#13;&#10;&#13;&#10;import java.awt.image.BufferedImage;&#13;&#10;import java.util.ArrayList;&#13;&#10;import java.util.HashMap;&#13;&#10;&#13;&#10;/**&#13;&#10; * An abstract class used by all cards.&#13;&#10; * &#13;&#10; * @author bishopcc, fenogljc, gneezyn, heshelhj&#13;&#10; */&#13;&#10;public abstract class ACard {&#13;&#10;&#13;&#10;&#9;protected int cost;&#13;&#10;&#9;protected HashMap&lt;String, Integer&gt; effects = new HashMap&lt;String, Integer&gt;();&#13;&#10;&#9;protected String faction;&#13;&#10;&#9;protected String name;&#13;&#10;&#9;protected String type;&#13;&#10;&#9;protected int honor;&#13;&#10;&#9;protected int rarity;&#13;&#10;&#9;protected BufferedImage image;&#13;&#10;&#13;&#10;&#9;/**&#13;&#10;&#9; * This returns a card with zero cost and no other special attributes.&#13;&#10;&#9; * &#13;&#10;&#9; * @return&#13;&#10;&#9; */&#13;&#10;&#13;&#10;&#9;public static ACard makeCard() {&#13;&#10;&#9;&#9;return new HeroCard();&#13;&#10;&#9;}&#13;&#10;&#13;&#10;&#9;/**&#13;&#10;&#9; * This returns a card with cost equal to the input with no other special&#13;&#10;&#9; * attributes.&#13;&#10;&#9; * &#13;&#10;&#9; * @param i&#13;&#10;&#9; * @return&#13;&#10;&#9; */&#13;&#10;&#13;&#10;&#9;public static ACard makeCard(int i) {&#13;&#10;&#9;&#9;return new HeroCard(i);&#13;&#10;&#9;}&#13;&#10;&#13;&#10;&#9;/**&#13;&#10;&#9; * This returns a card with the given information.&#13;&#10;&#9; * &#13;&#10;&#9; * @param image&#13;&#10;&#9; *            , the image of the card (as .png file)&#13;&#10;&#9; * @param name&#13;&#10;&#9; *            , the name of the card (i.e. &quot;Cultist&quot;)&#13;&#10;&#9; * @param faction&#13;&#10;&#9; *            , the card's faction (i.e. &quot;Lifebound&quot;)&#13;&#10;&#9; * @param type&#13;&#10;&#9; *            , the card's type (i.e. Hero, Monster, etc.)&#13;&#10;&#9; * @param cost&#13;&#10;&#9; *            , the amount paid to obtain the card (in runes or power)&#13;&#10;&#9; * @param honor&#13;&#10;&#9; *            , the amount of honor that the card is worth&#13;&#10;&#9; * @param rarity&#13;&#10;&#9; *            , the number of occurrences of the card in the game&#13;&#10;&#9; * @param effects&#13;&#10;&#9; *            , a HashMap of the card's effect(s)&#13;&#10;&#9; * &#13;&#10;&#9; * @return the card that was made (with the given information)&#13;&#10;&#9; */&#13;&#10;&#9;public static ACard makeCard(BufferedImage image, String name,&#13;&#10;&#9;&#9;&#9;String faction, String type, int cost, int honor, int rarity,&#13;&#10;&#9;&#9;&#9;HashMap&lt;String, Integer&gt; effects) {&#13;&#10;&#9;&#9;// array list of accepted card types (all in lower case, for&#13;&#10;&#9;&#9;// consistency)&#13;&#10;&#9;&#9;ArrayList&lt;String&gt; acceptedTypes = new ArrayList&lt;String&gt;();&#13;&#10;&#9;&#9;acceptedTypes.add(&quot;hero&quot;);&#13;&#10;&#9;&#9;acceptedTypes.add(&quot;monster&quot;);&#13;&#10;&#9;&#9;acceptedTypes.add(&quot;construct&quot;);&#13;&#10;&#9;&#9;acceptedTypes.add(&quot;standard&quot;);&#13;&#10;&#13;&#10;&#9;&#9;// before returning the card, need to do input validation&#13;&#10;&#9;&#9;if (name == null || type == null) {&#13;&#10;&#9;&#9;&#9;throw new NullPointerException(&#13;&#10;&#9;&#9;&#9;&#9;&#9;&quot;The following values can not be null for a card: &quot;&#13;&#10;&#9;&#9;&#9;&#9;&#9;&#9;&#9;+ &quot;name, type, cost, honor, rarity, and effect.&quot;);&#13;&#10;&#9;&#9;} else if (effects.keySet().contains(null)) {&#13;&#10;&#9;&#9;&#9;throw new NullPointerException(&#13;&#10;&#9;&#9;&#9;&#9;&#9;&quot;The following values can not be null for a card: &quot;&#13;&#10;&#9;&#9;&#9;&#9;&#9;&#9;&#9;+ &quot;name, type, cost, honor, rarity, and effect.&quot;);&#13;&#10;&#9;&#9;} else if (effects.keySet().contains(&quot;&quot;)&#13;&#10;&#9;&#9;&#9;&#9;|| effects.values().contains(0)) {&#13;&#10;&#9;&#9;&#9;throw new IllegalArgumentException(&#13;&#10;&#9;&#9;&#9;&#9;&#9;&quot;One or more of the arguments given for the card &quot;&#13;&#10;&#9;&#9;&#9;&#9;&#9;&#9;&#9;+ &quot;were not correct.&quot;);&#13;&#10;&#9;&#9;} else if (!(acceptedTypes.contains(type.toLowerCase()))) {&#13;&#10;&#9;&#9;&#9;throw new IllegalArgumentException(&#13;&#10;&#9;&#9;&#9;&#9;&#9;&quot;One or more of the arguments given for the card &quot;&#13;&#10;&#9;&#9;&#9;&#9;&#9;&#9;&#9;+ &quot;were not correct.&quot;);&#13;&#10;&#9;&#9;}&#13;&#10;&#13;&#10;&#9;&#9;// TODO: Make this not only be able to return hero cards&#13;&#10;&#9;&#9;return new HeroCard(image, name, faction, type, cost, honor, rarity,&#13;&#10;&#9;&#9;&#9;&#9;effects);&#13;&#10;&#9;}&#13;&#10;&#13;&#10;&#9;/**&#13;&#10;&#9; * @return the card's faction (i.e. Lifebound, Void, etc.)&#13;&#10;&#9; */&#13;&#10;&#9;public String getFaction() {&#13;&#10;&#9;&#9;return faction;&#13;&#10;&#9;}&#13;&#10;&#13;&#10;&#9;/**&#13;&#10;&#9; * @param faction&#13;&#10;&#9; *            , the faction to set&#13;&#10;&#9; */&#13;&#10;&#9;public void setFaction(String faction) {&#13;&#10;&#9;&#9;this.faction = faction;&#13;&#10;&#9;}&#13;&#10;&#13;&#10;&#9;/**&#13;&#10;&#9; * @return the card's name&#13;&#10;&#9; */&#13;&#10;&#9;public String getName() {&#13;&#10;&#9;&#9;return name;&#13;&#10;&#9;}&#13;&#10;&#13;&#10;&#9;/**&#13;&#10;&#9; * @param name&#13;&#10;&#9; *            , the name to give the card&#13;&#10;&#9; */&#13;&#10;&#9;public void setName(String name) {&#13;&#10;&#9;&#9;this.name = name;&#13;&#10;&#9;}&#13;&#10;&#13;&#10;&#9;/**&#13;&#10;&#9; * @return the card's honor value&#13;&#10;&#9; */&#13;&#10;&#9;public int getHonor() {&#13;&#10;&#9;&#9;return honor;&#13;&#10;&#9;}&#13;&#10;&#13;&#10;&#9;/**&#13;&#10;&#9; * @param honor&#13;&#10;&#9; *            , the honor to set&#13;&#10;&#9; */&#13;&#10;&#9;public void setHonor(int honor) {&#13;&#10;&#9;&#9;this.honor = honor;&#13;&#10;&#9;}&#13;&#10;&#13;&#10;&#9;/**&#13;&#10;&#9; * @return the rarity&#13;&#10;&#9; */&#13;&#10;&#9;public int getRarity() {&#13;&#10;&#9;&#9;return rarity;&#13;&#10;&#9;}&#13;&#10;&#13;&#10;&#9;/**&#13;&#10;&#9; * @param rarity&#13;&#10;&#9; *            the rarity to set&#13;&#10;&#9; */&#13;&#10;&#9;public void setRarity(int rarity) {&#13;&#10;&#9;&#9;this.rarity = rarity;&#13;&#10;&#9;}&#13;&#10;&#13;&#10;&#9;/**&#13;&#10;&#9; * @return the image&#13;&#10;&#9; */&#13;&#10;&#9;public BufferedImage getImage() {&#13;&#10;&#9;&#9;return image;&#13;&#10;&#9;}&#13;&#10;&#13;&#10;&#9;/**&#13;&#10;&#9; * @param image&#13;&#10;&#9; *            the image to set&#13;&#10;&#9; */&#13;&#10;&#9;public void setImage(BufferedImage image) {&#13;&#10;&#9;&#9;this.image = image;&#13;&#10;&#9;}&#13;&#10;&#13;&#10;&#9;/**&#13;&#10;&#9; * @param effects&#13;&#10;&#9; *            the effects to set&#13;&#10;&#9; */&#13;&#10;&#9;public void setEffects(HashMap&lt;String, Integer&gt; effects) {&#13;&#10;&#9;&#9;this.effects = effects;&#13;&#10;&#9;}&#13;&#10;&#13;&#10;&#9;/**&#13;&#10;&#9; * Returns that cost of the card.&#13;&#10;&#9; * &#13;&#10;&#9; * @return&#13;&#10;&#9; */&#13;&#10;&#9;public int getCost() {&#13;&#10;&#9;&#9;return this.cost;&#13;&#10;&#9;}&#13;&#10;&#13;&#10;&#9;/**&#13;&#10;&#9; * Sets the cost of the card.&#13;&#10;&#9; * &#13;&#10;&#9; * @return&#13;&#10;&#9; */&#13;&#10;&#9;public void setCost(int i) {&#13;&#10;&#9;&#9;this.cost = i;&#13;&#10;&#9;}&#13;&#10;&#13;&#10;&#9;/**&#13;&#10;&#9; * Returns the hashmap of effects the card has.&#13;&#10;&#9; * &#13;&#10;&#9; * @return&#13;&#10;&#9; */&#13;&#10;&#9;public HashMap&lt;String, Integer&gt; getEffects() {&#13;&#10;&#9;&#9;return this.effects;&#13;&#10;&#9;}&#13;&#10;&#13;&#10;&#9;/**&#13;&#10;&#9; * Puts an effect string and integer value pair into the hashmap of effects&#13;&#10;&#9; * for the card.&#13;&#10;&#9; * &#13;&#10;&#9; * @param effect&#13;&#10;&#9; * @param value&#13;&#10;&#9; */&#13;&#10;&#9;public void setEffect(String effect, int value) {&#13;&#10;&#9;&#9;if (effect == null) {&#13;&#10;&#9;&#9;&#9;return;&#13;&#10;&#9;&#9;}&#13;&#10;&#9;&#9;this.effects.put(effect, value);&#13;&#10;&#9;}&#13;&#10;&#13;&#10;&#9;/**&#13;&#10;&#9; * Returns the strength of the card.&#13;&#10;&#9; * &#13;&#10;&#9; * @return&#13;&#10;&#9; */&#13;&#10;&#13;&#10;&#9;public int getStrength() {&#13;&#10;&#9;&#9;return this.cost;&#13;&#10;&#9;}&#13;&#10;&#13;&#10;&#9;/**&#13;&#10;&#9; * Returns the type of the card as a string&#13;&#10;&#9; */&#13;&#10;&#9;public String getType() {&#13;&#10;&#9;&#9;return this.type;&#13;&#10;&#9;}&#13;&#10;&#13;&#10;}&#13;&#10;" Filename="ACard.java" Intrnl_Id="1"/>
<SrcFile Content="package devops.hw1.core;&#13;&#10;&#13;&#10;import java.io.IOException;&#13;&#10;import java.util.ArrayList;&#13;&#10;import java.util.Collections;&#13;&#10;import java.util.LinkedList;&#13;&#10;&#13;&#10;/**&#13;&#10; * The board for Ascension (not gui related).&#13;&#10; * &#13;&#10; * @author bishopcc, fenogljc, gneezyn, heshelhj&#13;&#10; */&#13;&#10;public class Board {&#13;&#10;&#13;&#10;&#9;private ArrayList&lt;ACard&gt; theVoid;&#13;&#10;&#9;private LinkedList&lt;ACard&gt; cenDeck;&#13;&#10;&#9;private ACard[] cenField;&#13;&#10;&#9;private ACard cultist;&#13;&#10;&#9;private ACard heavyInf;&#13;&#10;&#9;private ACard mystic;&#13;&#10;&#13;&#10;&#9;/**&#13;&#10;&#9; * The default constructor for the Board Class.&#13;&#10;&#9; * &#13;&#10;&#9; */&#13;&#10;&#9;public Board() {&#13;&#10;&#9;&#9;try {&#13;&#10;&#9;&#9;&#9;new CardCollection();&#13;&#10;&#9;&#9;} catch (IOException exception) {&#13;&#10;&#9;&#9;&#9;System.out.println(&quot;File not found&quot;);&#13;&#10;&#9;&#9;}&#13;&#10;&#9;&#9;this.theVoid = new ArrayList&lt;ACard&gt;();&#13;&#10;&#9;&#9;this.cenDeck = new LinkedList&lt;ACard&gt;();&#13;&#10;&#9;&#9;this.cenField = new ACard[6];&#13;&#10;&#13;&#10;&#9;&#9;initializeCenterDeck();&#13;&#10;&#13;&#10;&#9;&#9;this.cultist = ACard.makeCard();&#13;&#10;&#9;&#9;this.heavyInf = ACard.makeCard();&#13;&#10;&#9;&#9;this.mystic = ACard.makeCard();&#13;&#10;&#9;}&#13;&#10;&#13;&#10;&#9;/**&#13;&#10;&#9; * This method fills the deck with the necessary cards and fills the center&#13;&#10;&#9; * row with the top cards of the deck.&#13;&#10;&#9; */&#13;&#10;&#13;&#10;&#9;private void initializeCenterDeck() {&#13;&#10;&#9;&#9;for (int i = 0; i &lt; CardCollection.cards.length; i++) {&#13;&#10;&#9;&#9;&#9;for (int j = 0; j &lt; CardCollection.cards[i].rarity; j++) {&#13;&#10;&#9;&#9;&#9;&#9;this.cenDeck.add(CardCollection.cards[i]);&#13;&#10;&#9;&#9;&#9;}&#13;&#10;&#9;&#9;}&#13;&#10;&#9;&#9;Collections.shuffle(this.cenDeck);&#13;&#10;&#9;&#9;for (int m = 0; m &lt; 6; m++) {&#13;&#10;&#9;&#9;&#9;centerDeckToField(m);&#13;&#10;&#9;&#9;}&#13;&#10;&#9;}&#13;&#10;&#13;&#10;&#9;/**&#13;&#10;&#9; * @return the Void field (where banished cards and defeated Monsters go)&#13;&#10;&#9; */&#13;&#10;&#9;public ArrayList&lt;ACard&gt; getVoid() {&#13;&#10;&#9;&#9;return this.theVoid;&#13;&#10;&#9;}&#13;&#10;&#13;&#10;&#9;/**&#13;&#10;&#9; * &#13;&#10;&#9; * Adds the passed card to the void&#13;&#10;&#9; *&#13;&#10;&#9; * @param card&#13;&#10;&#9; *            to be added to the void pile&#13;&#10;&#9; */&#13;&#10;&#9;public void sendToVoid(ACard card) {&#13;&#10;&#9;&#9;if (card == null) {&#13;&#10;&#9;&#9;&#9;return;&#13;&#10;&#9;&#9;}&#13;&#10;&#9;&#9;this.theVoid.add(card);&#13;&#10;&#9;}&#13;&#10;&#13;&#10;&#9;/**&#13;&#10;&#9; * @return the Center Deck&#13;&#10;&#9; */&#13;&#10;&#9;public LinkedList&lt;ACard&gt; getCenDeck() {&#13;&#10;&#9;&#9;return this.cenDeck;&#13;&#10;&#9;}&#13;&#10;&#13;&#10;&#9;/**&#13;&#10;&#9; * @return the Cultist (Standard) Card&#13;&#10;&#9; */&#13;&#10;&#9;public ACard getCultist() {&#13;&#10;&#9;&#9;return this.cultist;&#13;&#10;&#9;}&#13;&#10;&#13;&#10;&#9;/**&#13;&#10;&#9; * @return the Heavy Infantry (Standard) Card&#13;&#10;&#9; */&#13;&#10;&#9;public ACard getHeavyInf() {&#13;&#10;&#9;&#9;return this.heavyInf;&#13;&#10;&#9;}&#13;&#10;&#13;&#10;&#9;/**&#13;&#10;&#9; * @return the Mystic (Standard) Card&#13;&#10;&#9; */&#13;&#10;&#9;public ACard getMystic() {&#13;&#10;&#9;&#9;return this.mystic;&#13;&#10;&#9;}&#13;&#10;&#13;&#10;&#9;/**&#13;&#10;&#9; * Moves the card from the Center Deck to the Center Field&#13;&#10;&#9; * &#13;&#10;&#9; * @param cenCard&#13;&#10;&#9; *            the card to move&#13;&#10;&#9; * @param index&#13;&#10;&#9; *            the index on the Center Field that the card is moving to (base&#13;&#10;&#9; *            zero)&#13;&#10;&#9; */&#13;&#10;&#9;public void centerDeckToField(int index) {&#13;&#10;&#9;&#9;ACard card = this.cenDeck.remove();&#13;&#10;&#9;&#9;this.cenField[index] = card;&#13;&#10;&#9;}&#13;&#10;&#13;&#10;&#9;/**&#13;&#10;&#9; * &#13;&#10;&#9; * gets the center row&#13;&#10;&#9; *&#13;&#10;&#9; * @return the center cards&#13;&#10;&#9; */&#13;&#10;&#9;public ACard[] getCenField() {&#13;&#10;&#9;&#9;return this.cenField;&#13;&#10;&#9;}&#13;&#10;}&#13;&#10;" Filename="Board.java" Intrnl_Id="2"/>
<SrcFile Content="package devops.hw1.core;&#13;&#10;&#13;&#10;import java.awt.image.BufferedImage;&#13;&#10;import java.io.File;&#13;&#10;import java.io.IOException;&#13;&#10;import java.util.HashMap;&#13;&#10;&#13;&#10;import javax.imageio.ImageIO;&#13;&#10;&#13;&#10;/**&#13;&#10; * &#13;&#10; * Creates the cards and attaches their images to that card&#13;&#10; *&#13;&#10; * @author heshelhj. Created Apr 22, 2016.&#13;&#10; */&#13;&#10;public class CardCollection {&#13;&#10;&#13;&#10;&#9;public static ACard apprentice;&#13;&#10;&#9;public static ACard militia;&#13;&#10;&#9;public static ACard arhaInitiate;&#13;&#10;&#9;public static ACard demonSlayer;&#13;&#10;&#9;public static ACard wolfShaman;&#13;&#10;&#9;public static ACard flyTrapWitch;&#13;&#10;&#9;public static ACard asceticOfTheLidlessEye;&#13;&#10;&#9;public static ACard emriOneWithTheVoid;&#13;&#10;&#9;public static ACard arbiterOfThePrecipice;&#13;&#10;&#9;public static ACard arhaTemplar;&#13;&#10;&#9;public static ACard avatarGolem;&#13;&#10;&#9;public static ACard avatarOfTheFallen;&#13;&#10;&#9;public static ACard burrowerMarkII;&#13;&#10;&#9;public static ACard cetraWeaverOfStars;&#13;&#10;&#9;public static ACard corrosiveWidow;&#13;&#10;&#9;public static ACard druidsOfTheStoneCircle;&#13;&#10;&#9;public static ACard earthTyrant;&#13;&#10;&#9;public static ACard hedronCannon;&#13;&#10;&#9;public static ACard hedronLinkDevice;&#13;&#10;&#9;public static ACard korTheFerromancer;&#13;&#10;&#9;public static ACard landtalker;&#13;&#10;&#9;public static ACard lifeboundInitiate;&#13;&#10;&#9;public static ACard masterDhartha;&#13;&#10;&#9;public static ACard mechanaInitiate;&#13;&#10;&#9;public static ACard mephit;&#13;&#10;&#9;public static ACard mistakeOfCreation;&#13;&#10;&#9;public static ACard muramasa;&#13;&#10;&#9;public static ACard oziahThePeerless;&#13;&#10;&#9;public static ACard reactorMonk;&#13;&#10;&#9;public static ACard rocketCourierX99;&#13;&#10;&#9;public static ACard runicLycanthrope;&#13;&#10;&#9;public static ACard samaelsTrickster;&#13;&#10;&#9;public static ACard seaTyrant;&#13;&#10;&#9;public static ACard seerOfTheForkedPath;&#13;&#10;&#9;public static ACard shadeOfTheBlackWatch;&#13;&#10;&#9;public static ACard shadowStar;&#13;&#10;&#9;public static ACard snapdragon;&#13;&#10;&#9;public static ACard spikeVixen;&#13;&#10;&#9;public static ACard tabletOfTimesDawn;&#13;&#10;&#9;public static ACard templeLibrarian;&#13;&#10;&#9;public static ACard theAllSeeingEye;&#13;&#10;&#9;public static ACard theGrandDesign;&#13;&#10;&#9;public static ACard tormentedSoul;&#13;&#10;&#9;public static ACard twofoldAskara;&#13;&#10;&#9;public static ACard voidInitiate;&#13;&#10;&#9;public static ACard voidthirster;&#13;&#10;&#9;public static ACard watchmakersAltar;&#13;&#10;&#9;public static ACard windTyrant;&#13;&#10;&#9;public static ACard xeronDukeOfLies;&#13;&#10;&#9;public static ACard yggdrasilStaff;&#13;&#10;&#9;public static ACard[] cards;&#13;&#10;&#13;&#10;&#9;public static final String RUNES = &quot;runes&quot;;&#13;&#10;&#9;public static final String POWER = &quot;power&quot;;&#13;&#10;&#9;public static final String DRAW = &quot;draw&quot;;&#13;&#10;&#9;public static final String HONOR = &quot;honor&quot;;&#13;&#10;&#9;public static final String BANISH = &quot;banish&quot;;&#13;&#10;&#9;/**&#13;&#10;&#9; * Banish values&#13;&#10;&#9; * 1 = hand&#13;&#10;&#9; * 2 = discard&#13;&#10;&#9; * 3 = center&#13;&#10;&#9; * 4 = center or discard&#13;&#10;&#9; * 5 = hand or discard&#13;&#10;&#9; * &#13;&#10;&#9; */&#13;&#10;&#13;&#10;&#9;public CardCollection() throws IOException {&#13;&#10;&#9;&#9;HashMap&lt;String, Integer&gt; map = new HashMap&lt;String, Integer&gt;();&#13;&#10;&#9;&#9;HashMap&lt;String, Integer&gt; map1 = new HashMap&lt;String, Integer&gt;();&#13;&#10;&#9;&#9;HashMap&lt;String, Integer&gt; map2 = new HashMap&lt;String, Integer&gt;();&#13;&#10;&#9;&#9;HashMap&lt;String, Integer&gt; map3 = new HashMap&lt;String, Integer&gt;();&#13;&#10;&#9;&#9;HashMap&lt;String, Integer&gt; map4 = new HashMap&lt;String, Integer&gt;();&#13;&#10;&#9;&#9;HashMap&lt;String, Integer&gt; map5 = new HashMap&lt;String, Integer&gt;();&#13;&#10;&#9;&#9;HashMap&lt;String, Integer&gt; map6 = new HashMap&lt;String, Integer&gt;();&#13;&#10;&#9;&#9;HashMap&lt;String, Integer&gt; map7 = new HashMap&lt;String, Integer&gt;();&#13;&#10;&#9;&#9;HashMap&lt;String, Integer&gt; map8 = new HashMap&lt;String, Integer&gt;();&#13;&#10;&#9;&#9;HashMap&lt;String, Integer&gt; map9 = new HashMap&lt;String, Integer&gt;();&#13;&#10;&#9;&#9;HashMap&lt;String, Integer&gt; map10 = new HashMap&lt;String, Integer&gt;();&#13;&#10;&#9;&#9;HashMap&lt;String, Integer&gt; map11 = new HashMap&lt;String, Integer&gt;();&#13;&#10;&#9;&#9;HashMap&lt;String, Integer&gt; map12 = new HashMap&lt;String, Integer&gt;();&#13;&#10;&#9;&#9;HashMap&lt;String, Integer&gt; map13 = new HashMap&lt;String, Integer&gt;();&#13;&#10;&#9;&#9;HashMap&lt;String, Integer&gt; map14 = new HashMap&lt;String, Integer&gt;();&#13;&#10;&#9;&#9;HashMap&lt;String, Integer&gt; map15 = new HashMap&lt;String, Integer&gt;();&#13;&#10;&#9;&#9;HashMap&lt;String, Integer&gt; map16 = new HashMap&lt;String, Integer&gt;();&#13;&#10;&#9;&#9;HashMap&lt;String, Integer&gt; map17 = new HashMap&lt;String, Integer&gt;();&#13;&#10;&#9;&#9;HashMap&lt;String, Integer&gt; map18 = new HashMap&lt;String, Integer&gt;();&#13;&#10;&#9;&#9;HashMap&lt;String, Integer&gt; map19 = new HashMap&lt;String, Integer&gt;();&#13;&#10;&#9;&#9;HashMap&lt;String, Integer&gt; map20 = new HashMap&lt;String, Integer&gt;();&#13;&#10;&#9;&#9;HashMap&lt;String, Integer&gt; map21 = new HashMap&lt;String, Integer&gt;();&#13;&#10;&#9;&#9;HashMap&lt;String, Integer&gt; map22 = new HashMap&lt;String, Integer&gt;();&#13;&#10;&#9;&#9;HashMap&lt;String, Integer&gt; map23 = new HashMap&lt;String, Integer&gt;();&#13;&#10;&#9;&#9;HashMap&lt;String, Integer&gt; map24 = new HashMap&lt;String, Integer&gt;();&#13;&#10;&#9;&#9;HashMap&lt;String, Integer&gt; map25 = new HashMap&lt;String, Integer&gt;();&#13;&#10;&#9;&#9;HashMap&lt;String, Integer&gt; map26 = new HashMap&lt;String, Integer&gt;();&#13;&#10;&#9;&#9;HashMap&lt;String, Integer&gt; map27 = new HashMap&lt;String, Integer&gt;();&#13;&#10;&#9;&#9;HashMap&lt;String, Integer&gt; map28 = new HashMap&lt;String, Integer&gt;();&#13;&#10;&#9;&#9;HashMap&lt;String, Integer&gt; map29 = new HashMap&lt;String, Integer&gt;();&#13;&#10;&#9;&#9;HashMap&lt;String, Integer&gt; map30 = new HashMap&lt;String, Integer&gt;();&#13;&#10;&#9;&#9;HashMap&lt;String, Integer&gt; map31 = new HashMap&lt;String, Integer&gt;();&#13;&#10;&#9;&#9;HashMap&lt;String, Integer&gt; map32 = new HashMap&lt;String, Integer&gt;();&#13;&#10;&#9;&#9;HashMap&lt;String, Integer&gt; map33 = new HashMap&lt;String, Integer&gt;();&#13;&#10;&#9;&#9;HashMap&lt;String, Integer&gt; map34 = new HashMap&lt;String, Integer&gt;();&#13;&#10;&#9;&#9;HashMap&lt;String, Integer&gt; map35 = new HashMap&lt;String, Integer&gt;();&#13;&#10;&#9;&#9;HashMap&lt;String, Integer&gt; map36 = new HashMap&lt;String, Integer&gt;();&#13;&#10;&#9;&#9;HashMap&lt;String, Integer&gt; map37 = new HashMap&lt;String, Integer&gt;();&#13;&#10;&#9;&#9;HashMap&lt;String, Integer&gt; map38 = new HashMap&lt;String, Integer&gt;();&#13;&#10;&#9;&#9;HashMap&lt;String, Integer&gt; map39 = new HashMap&lt;String, Integer&gt;();&#13;&#10;&#9;&#9;HashMap&lt;String, Integer&gt; map40 = new HashMap&lt;String, Integer&gt;();&#13;&#10;&#9;&#9;HashMap&lt;String, Integer&gt; map41 = new HashMap&lt;String, Integer&gt;();&#13;&#10;&#9;&#9;HashMap&lt;String, Integer&gt; map42 = new HashMap&lt;String, Integer&gt;();&#13;&#10;&#9;&#9;HashMap&lt;String, Integer&gt; map43 = new HashMap&lt;String, Integer&gt;();&#13;&#10;&#9;&#9;HashMap&lt;String, Integer&gt; map44 = new HashMap&lt;String, Integer&gt;();&#13;&#10;&#9;&#9;HashMap&lt;String, Integer&gt; map45 = new HashMap&lt;String, Integer&gt;();&#13;&#10;&#9;&#9;HashMap&lt;String, Integer&gt; map46 = new HashMap&lt;String, Integer&gt;();&#13;&#10;&#9;&#9;HashMap&lt;String, Integer&gt; map47 = new HashMap&lt;String, Integer&gt;();&#13;&#10;&#9;&#9;HashMap&lt;String, Integer&gt; map48 = new HashMap&lt;String, Integer&gt;();&#13;&#10;&#9;&#9;HashMap&lt;String, Integer&gt; map49 = new HashMap&lt;String, Integer&gt;();&#13;&#10;&#13;&#10;&#9;&#9;BufferedImage image = null;&#13;&#10;&#13;&#10;&#9;&#9;image = ImageIO.read(new File(&quot;cardImages/Standard/Apprentice.png&quot;));&#13;&#10;&#13;&#10;&#9;&#9;map.put(RUNES, 1);&#13;&#10;&#9;&#9;apprentice = ACard.makeCard(image, &quot;Apprentice&quot;, &quot;none&quot;, &quot;Hero&quot;, 0, 0,&#13;&#10;&#9;&#9;&#9;&#9;-1, map);&#13;&#10;&#13;&#10;&#9;&#9;image = ImageIO.read(new File(&quot;cardImages/Standard/Militia1.png&quot;));&#13;&#10;&#13;&#10;&#9;&#9;map1.put(POWER, 1);&#13;&#10;&#9;&#9;militia = ACard.makeCard(image, &quot;Militia&quot;, &quot;none&quot;, &quot;Hero&quot;, 0, 0, -1,&#13;&#10;&#9;&#9;&#9;&#9;map1);&#13;&#10;&#13;&#10;&#9;&#9;image = ImageIO.read(new File(&quot;cardImages/Heroes/Arha-Initiate.png&quot;));&#13;&#10;&#13;&#10;&#9;&#9;map2.put(DRAW, 1);&#13;&#10;&#9;&#9;arhaInitiate = ACard.makeCard(image, &quot;Arha Initiate&quot;, &quot;Enlightened&quot;,&#13;&#10;&#9;&#9;&#9;&#9;&quot;Hero&quot;, 1, 1, 3, map2);&#13;&#10;&#13;&#10;&#9;&#9;image = ImageIO.read(new File(&quot;cardImages/Heroes/Demon-Slayer.png&quot;));&#13;&#10;&#13;&#10;&#9;&#9;map3.put(POWER, 3);&#13;&#10;&#9;&#9;demonSlayer = ACard.makeCard(image, &quot;Demon Slayer&quot;, &quot;Void&quot;, &quot;Hero&quot;, 4,&#13;&#10;&#9;&#9;&#9;&#9;2, 2, map3);&#13;&#10;&#13;&#10;&#9;&#9;image = ImageIO.read(new File(&quot;cardImages/Heroes/Wolf-Shaman.png&quot;));&#13;&#10;&#13;&#10;&#9;&#9;map4.put(RUNES, 1);&#13;&#10;&#9;&#9;map4.put(DRAW, 1);&#13;&#10;&#9;&#9;wolfShaman = ACard.makeCard(image, &quot;Wolf Shaman&quot;, &quot;Lifebound&quot;, &quot;Hero&quot;,&#13;&#10;&#9;&#9;&#9;&#9;3, 1, 3, map4);&#13;&#10;&#13;&#10;&#9;&#9;image = ImageIO.read(new File(&quot;cardImages/Heroes/Flytrap-Witch.png&quot;));&#13;&#10;&#13;&#10;&#9;&#9;map5.put(HONOR, 2);&#13;&#10;&#9;&#9;map5.put(DRAW, 1);&#13;&#10;&#9;&#9;flyTrapWitch = ACard.makeCard(image, &quot;Fly Trap Witch&quot;, &quot;Lifebound&quot;,&#13;&#10;&#9;&#9;&#9;&#9;&quot;Hero&quot;, 5, 2, 2, map5);&#13;&#10;&#13;&#10;&#9;&#9;image = ImageIO.read(new File(&#13;&#10;&#9;&#9;&#9;&#9;&quot;cardImages/Heroes/Ascetic-of-the-Lidless-Eye.png&quot;));&#13;&#10;&#13;&#10;&#9;&#9;map6.put(DRAW, 2);&#13;&#10;&#9;&#9;asceticOfTheLidlessEye = ACard.makeCard(image,&#13;&#10;&#9;&#9;&#9;&#9;&quot;Ascetic of the Lidless Eye&quot;, &quot;Enlightened&quot;, &quot;Hero&quot;, 5, 2, 2,&#13;&#10;&#9;&#9;&#9;&#9;map6);&#13;&#10;&#13;&#10;&#9;&#9;image = ImageIO.read(new File(&#13;&#10;&#9;&#9;&#9;&#9;&quot;cardImages/Heroes/Emri-One-with-the-Void.png&quot;));&#13;&#10;&#13;&#10;&#9;&#9;map7.put(POWER, 4);&#13;&#10;&#9;&#9;emriOneWithTheVoid = ACard.makeCard(image, &quot;Emri, One with the Void&quot;,&#13;&#10;&#9;&#9;&#9;&#9;&quot;Void&quot;, &quot;Hero&quot;, 6, 3, 1, map7);&#13;&#10;&#13;&#10;&#9;&#9;image = ImageIO.read(new File(&#13;&#10;&#9;&#9;&#9;&#9;&quot;cardImages/Heroes/Arbiter-of-the-Precipice.png&quot;));&#13;&#10;&#13;&#10;&#9;&#9;// TODO: Add more effects for this card. Banish one from hand&#13;&#10;&#9;&#9;map8.put(BANISH, 1);&#13;&#10;&#9;&#9;map8.put(DRAW, 2);&#13;&#10;&#9;&#9;arbiterOfThePrecipice = ACard.makeCard(image,&#13;&#10;&#9;&#9;&#9;&#9;&quot;Arbiter of the Precipice&quot;, &quot;Void&quot;, &quot;Hero&quot;, 4, 1, 2, map8);&#13;&#10;&#13;&#10;&#9;&#9;image = ImageIO.read(new File(&quot;cardImages/Heroes/Arha-Templar.png&quot;));&#13;&#10;&#13;&#10;&#9;&#9;// TODO: Add the effect, Kill one monster with 4 strength or less.&#13;&#10;&#13;&#10;&#9;&#9;arhaTemplar = ACard.makeCard(image, &quot;Arha Templar&quot;, &quot;Enlightened&quot;,&#13;&#10;&#9;&#9;&#9;&#9;&quot;Hero&quot;, 4, 3, 2, map9);&#13;&#10;&#13;&#10;&#9;&#9;image = ImageIO.read(new File(&quot;cardImages/Heroes/Avatar-Golem.png&quot;));&#13;&#10;&#13;&#10;&#9;&#9;// TODO: Add the effect, gain one honor for each faction construct&#13;&#10;&#13;&#10;&#9;&#9;map10.put(POWER, 2);&#13;&#10;&#9;&#9;avatarGolem = ACard.makeCard(image, &quot;Avatar Golem&quot;, &quot;Mechana&quot;, &quot;Hero&quot;,&#13;&#10;&#9;&#9;&#9;&#9;4, 2, 2, map10);&#13;&#10;&#13;&#10;&#9;&#9;image = ImageIO.read(new File(&#13;&#10;&#9;&#9;&#9;&#9;&quot;cardImages/Monsters/Avatar-of-the-Fallen.png&quot;));&#13;&#10;&#13;&#10;&#9;&#9;// TODO: Add the effect, Unbanishable, gain or defeat one card in the&#13;&#10;&#9;&#9;// center row.&#13;&#10;&#9;&#9;map11.put(HONOR, 4);&#13;&#10;&#9;&#9;avatarOfTheFallen = ACard.makeCard(image, &quot;Avatar of the Fallen&quot;,&#13;&#10;&#9;&#9;&#9;&#9;&quot;Monster&quot;, &quot;Monster&quot;, 7, 4, 1, map11);&#13;&#10;&#13;&#10;&#9;&#9;image = ImageIO.read(new File(&#13;&#10;&#9;&#9;&#9;&#9;&quot;cardImages/Constructs/Burrower-Mark-II.png&quot;));&#13;&#10;&#13;&#10;&#9;&#9;// TODO: Add the effect, once per turn draw when a mechana construct&#13;&#10;&#9;&#9;// enters your area.&#13;&#10;&#13;&#10;&#9;&#9;burrowerMarkII = ACard.makeCard(image, &quot;Burrower Mark II&quot;, &quot;Mechana&quot;,&#13;&#10;&#9;&#9;&#9;&#9;&quot;Construct&quot;, 3, 3, 2, map12);&#13;&#10;&#13;&#10;&#9;&#9;image = ImageIO.read(new File(&#13;&#10;&#9;&#9;&#9;&#9;&quot;cardImages/Heroes/Cetra-Weaver-of-Stars.png&quot;));&#13;&#10;&#13;&#10;&#9;&#9;// TODO: Add the effect, acquire a hero without paying for it.&#13;&#10;&#13;&#10;&#9;&#9;cetraWeaverOfStars = ACard.makeCard(image, &quot;Cetra, Weaver of Stars&quot;,&#13;&#10;&#9;&#9;&#9;&#9;&quot;Lifebound&quot;, &quot;Hero&quot;, 7, 4, 1, map13);&#13;&#10;&#13;&#10;&#9;&#9;image = ImageIO&#13;&#10;&#9;&#9;&#9;&#9;.read(new File(&quot;cardImages/Monsters/Corrosive-Widow.png&quot;));&#13;&#10;&#13;&#10;&#9;&#9;// TODO: Add the effect, choose a player, they destroy one construct&#13;&#10;&#9;&#9;map14.put(HONOR, 3);&#13;&#10;&#9;&#9;corrosiveWidow = ACard.makeCard(image, &quot;Corrosive Widow&quot;, &quot;Monster&quot;,&#13;&#10;&#9;&#9;&#9;&#9;&quot;Monster&quot;, 4, 3, 4, map14);&#13;&#10;&#13;&#10;&#9;&#9;image = ImageIO.read(new File(&#13;&#10;&#9;&#9;&#9;&#9;&quot;cardImages/Heroes/Druids-of-the-Stone-Circle.png&quot;));&#13;&#10;&#13;&#10;&#9;&#9;// TODO: Add the effect, acquire a hero without paying for it that costs&#13;&#10;&#9;&#9;// three or less.&#13;&#10;&#13;&#10;&#9;&#9;druidsOfTheStoneCircle = ACard.makeCard(image,&#13;&#10;&#9;&#9;&#9;&#9;&quot;Druids of the Stone Circle&quot;, &quot;Lifebound&quot;, &quot;Hero&quot;, 4, 3, 2,&#13;&#10;&#9;&#9;&#9;&#9;map15);&#13;&#10;&#13;&#10;&#9;&#9;image = ImageIO.read(new File(&quot;cardImages/Monsters/Earth-Tyrant.png&quot;));&#13;&#10;&#13;&#10;&#9;&#9;map16.put(DRAW, 2);&#13;&#10;&#9;&#9;map16.put(HONOR, 5);&#13;&#10;&#9;&#9;earthTyrant = ACard.makeCard(image, &quot;Earth Tyrant&quot;, &quot;Monster&quot;,&#13;&#10;&#9;&#9;&#9;&#9;&quot;Monster&quot;, 6, 5, 2, map16);&#13;&#10;&#13;&#10;&#9;&#9;image = ImageIO&#13;&#10;&#9;&#9;&#9;&#9;.read(new File(&quot;cardImages/Constructs/Hedron-Cannon.png&quot;));&#13;&#10;&#13;&#10;&#9;&#9;// TODO: Add the effect, gain one power for each mechana construct.&#13;&#10;&#13;&#10;&#9;&#9;hedronCannon = ACard.makeCard(image, &quot;Hedron Cannon&quot;, &quot;Mechana&quot;,&#13;&#10;&#9;&#9;&#9;&#9;&quot;Construct&quot;, 8, 8, 1, map17);&#13;&#10;&#13;&#10;&#9;&#9;image = ImageIO.read(new File(&#13;&#10;&#9;&#9;&#9;&#9;&quot;cardImages/Constructs/Hedron-Link-Device.png&quot;));&#13;&#10;&#13;&#10;&#9;&#9;// TODO: Add the effect, you may consider all constructs as mechana&#13;&#10;&#9;&#9;// constructs&#13;&#10;&#13;&#10;&#9;&#9;hedronLinkDevice = ACard.makeCard(image, &quot;Hedron Link Device&quot;,&#13;&#10;&#9;&#9;&#9;&#9;&quot;Mechana&quot;, &quot;Construct&quot;, 7, 7, 1, map18);&#13;&#10;&#13;&#10;&#9;&#9;image = ImageIO.read(new File(&#13;&#10;&#9;&#9;&#9;&#9;&quot;cardImages/Heroes/Kor-the-Ferromancer.png&quot;));&#13;&#10;&#13;&#10;&#9;&#9;// TODO: Add the effect, draw a card if you control two or more&#13;&#10;&#9;&#9;// constructs&#13;&#10;&#13;&#10;&#9;&#9;map19.put(POWER, 2);&#13;&#10;&#9;&#9;korTheFerromancer = ACard.makeCard(image, &quot;Kor, the Ferromancer&quot;,&#13;&#10;&#9;&#9;&#9;&#9;&quot;Mechana&quot;, &quot;Hero&quot;, 3, 2, 1, map19);&#13;&#10;&#13;&#10;&#9;&#9;image = ImageIO.read(new File(&quot;cardImages/Heroes/Landtalker.png&quot;));&#13;&#10;&#13;&#10;&#9;&#9;map20.put(RUNES, 3);&#13;&#10;&#9;&#9;landtalker = ACard.makeCard(image, &quot;Landtalker&quot;, &quot;Lifebound&quot;, &quot;Hero&quot;,&#13;&#10;&#9;&#9;&#9;&#9;6, 3, 1, map20);&#13;&#10;&#13;&#10;&#9;&#9;image = ImageIO.read(new File(&#13;&#10;&#9;&#9;&#9;&#9;&quot;cardImages/Heroes/Lifebound-Initiate.png&quot;));&#13;&#10;&#13;&#10;&#9;&#9;map21.put(RUNES, 1);&#13;&#10;&#9;&#9;map21.put(HONOR, 1);&#13;&#10;&#9;&#9;lifeboundInitiate = ACard.makeCard(image, &quot;Lifebound Initiate&quot;,&#13;&#10;&#9;&#9;&#9;&#9;&quot;Lifebound&quot;, &quot;Hero&quot;, 1, 1, 3, map21);&#13;&#10;&#13;&#10;&#9;&#9;image = ImageIO.read(new File(&quot;cardImages/Heroes/Master-Dhartha.png&quot;));&#13;&#10;&#13;&#10;&#9;&#9;map22.put(DRAW, 3);&#13;&#10;&#9;&#9;masterDhartha = ACard.makeCard(image, &quot;Master Dhartha&quot;, &quot;Enlightened&quot;,&#13;&#10;&#9;&#9;&#9;&#9;&quot;Hero&quot;, 7, 3, 1, map22);&#13;&#10;&#13;&#10;&#9;&#9;image = ImageIO&#13;&#10;&#9;&#9;&#9;&#9;.read(new File(&quot;cardImages/Heroes/Mechana-Initiate.png&quot;));&#13;&#10;&#13;&#10;&#9;&#9;// TODO: Add the effect, gain one rune or power&#13;&#10;&#13;&#10;&#9;&#9;mechanaInitiate = ACard.makeCard(image, &quot;Mechana Initiate&quot;, &quot;Mechana&quot;,&#13;&#10;&#9;&#9;&#9;&#9;&quot;Hero&quot;, 1, 1, 3, map23);&#13;&#10;&#13;&#10;&#9;&#9;image = ImageIO.read(new File(&quot;cardImages/Monsters/Mephit.png&quot;));&#13;&#10;&#13;&#10;&#9;&#9;// TODO: Add the effect, banish a card from the center row&#13;&#10;&#9;&#9;map24.put(BANISH, 3);&#13;&#10;&#9;&#9;map24.put(HONOR, 2);&#13;&#10;&#9;&#9;mephit = ACard.makeCard(image, &quot;Mephit&quot;, &quot;Monster&quot;, &quot;Monster&quot;, 3, 2, 3,&#13;&#10;&#9;&#9;&#9;&#9;map24);&#13;&#10;&#13;&#10;&#9;&#9;image = ImageIO.read(new File(&#13;&#10;&#9;&#9;&#9;&#9;&quot;cardImages/Monsters/Mistake-of-Creation.png&quot;));&#13;&#10;&#13;&#10;&#9;&#9;// TODO: Add the effect, banish a card from the center and/or your&#13;&#10;&#9;&#9;// discard&#13;&#10;&#9;&#9;map25.put(BANISH, 4);&#13;&#10;&#9;&#9;map25.put(HONOR, 4);&#13;&#10;&#9;&#9;mistakeOfCreation = ACard.makeCard(image, &quot;Mistake Of Creation&quot;,&#13;&#10;&#9;&#9;&#9;&#9;&quot;Monster&quot;, &quot;Monster&quot;, 4, 4, 4, map25);&#13;&#10;&#13;&#10;&#9;&#9;image = ImageIO.read(new File(&quot;cardImages/Constructs/Muramasa.png&quot;));&#13;&#10;&#13;&#10;&#9;&#9;// TODO: Add the effect, once per turn gain 3 power&#13;&#10;&#13;&#10;&#9;&#9;muramasa = ACard.makeCard(image, &quot;Muramasa&quot;, &quot;Void&quot;, &quot;Construct&quot;, 7, 4,&#13;&#10;&#9;&#9;&#9;&#9;1, map26);&#13;&#10;&#13;&#10;&#9;&#9;image = ImageIO.read(new File(&#13;&#10;&#9;&#9;&#9;&#9;&quot;cardImages/Heroes/Oziah-the-Peerless.png&quot;));&#13;&#10;&#13;&#10;&#9;&#9;// TODO: Add the effect, defeat a monster with 6 or lower strength&#13;&#10;&#13;&#10;&#9;&#9;oziahThePeerless = ACard.makeCard(image, &quot;Oziah the Peerless&quot;,&#13;&#10;&#9;&#9;&#9;&#9;&quot;Enlightened&quot;, &quot;Hero&quot;, 6, 3, 1, map27);&#13;&#10;&#13;&#10;&#9;&#9;image = ImageIO.read(new File(&quot;cardImages/Heroes/Reactor-Monk.png&quot;));&#13;&#10;&#13;&#10;&#9;&#9;// TODO: Add the effect, you pay one less for the next mechana construct&#13;&#10;&#9;&#9;map28.put(RUNES, 2);&#13;&#10;&#9;&#9;reactorMonk = ACard.makeCard(image, &quot;Reactor Monk&quot;, &quot;Mechana&quot;, &quot;Hero&quot;,&#13;&#10;&#9;&#9;&#9;&#9;4, 2, 2, map28);&#13;&#10;&#13;&#10;&#9;&#9;image = ImageIO.read(new File(&#13;&#10;&#9;&#9;&#9;&#9;&quot;cardImages/Constructs/Rocket-Courier-X-99.png&quot;));&#13;&#10;&#13;&#10;&#9;&#9;// TODO: Add the effect, once per turn, play the next mechana construct&#13;&#10;&#9;&#9;// you acquire.&#13;&#10;&#13;&#10;&#9;&#9;rocketCourierX99 = ACard.makeCard(image, &quot;Rocket Courier X-99&quot;,&#13;&#10;&#9;&#9;&#9;&#9;&quot;Mechana&quot;, &quot;Construct&quot;, 4, 4, 2, map29);&#13;&#10;&#13;&#10;&#9;&#9;image = ImageIO&#13;&#10;&#9;&#9;&#9;&#9;.read(new File(&quot;cardImages/Heroes/Runic-Lycanthrope.png&quot;));&#13;&#10;&#13;&#10;&#9;&#9;// TODO: Add the effect, If you have played a lifebound this turn gain 2&#13;&#10;&#9;&#9;// power.&#13;&#10;&#9;&#9;map30.put(RUNES, 2);&#13;&#10;&#9;&#9;runicLycanthrope = ACard.makeCard(image, &quot;Runic Lycanthrope&quot;,&#13;&#10;&#9;&#9;&#9;&#9;&quot;Lifebound&quot;, &quot;Hero&quot;, 3, 1, 2, map30);&#13;&#10;&#13;&#10;&#9;&#9;image = ImageIO.read(new File(&#13;&#10;&#9;&#9;&#9;&#9;&quot;cardImages/Monsters/Samaels-Trickster.png&quot;));&#13;&#10;&#13;&#10;&#9;&#9;map31.put(HONOR, 1);&#13;&#10;&#9;&#9;map31.put(RUNES, 1);&#13;&#10;&#9;&#9;samaelsTrickster = ACard.makeCard(image, &quot;Samael's Trickster&quot;,&#13;&#10;&#9;&#9;&#9;&#9;&quot;Monster&quot;, &quot;Monster&quot;, 3, 1, 4, map31);&#13;&#10;&#9;&#9;//&#13;&#10;&#9;&#9;image = ImageIO.read(new File(&quot;cardImages/Monsters/Sea-Tyrant.png&quot;));&#13;&#10;&#13;&#10;&#9;&#9;// TODO: Add the effect, all players destroy constructs until they have&#13;&#10;&#9;&#9;// 1 left&#13;&#10;&#9;&#9;map32.put(HONOR, 5);&#13;&#10;&#9;&#9;seaTyrant = ACard.makeCard(image, &quot;Sea Tyrant&quot;, &quot;Monster&quot;, &quot;Monster&quot;,&#13;&#10;&#9;&#9;&#9;&#9;5, 5, 3, map32);&#13;&#10;&#13;&#10;&#9;&#9;image = ImageIO.read(new File(&#13;&#10;&#9;&#9;&#9;&#9;&quot;cardImages/Heroes/Seer-of-the-Forked-Path.png&quot;));&#13;&#10;&#13;&#10;&#9;&#9;// TODO: Add the effect, you may banish out of the center row.&#13;&#10;&#9;&#9;map33.put(BANISH, 3);&#13;&#10;&#9;&#9;map33.put(DRAW, 1);&#13;&#10;&#9;&#9;seerOfTheForkedPath = ACard.makeCard(image, &quot;Seer of the Forked Path&quot;,&#13;&#10;&#9;&#9;&#9;&#9;&quot;Enlightened&quot;, &quot;Hero&quot;, 2, 1, 3, map33);&#13;&#10;&#13;&#10;&#9;&#9;image = ImageIO.read(new File(&#13;&#10;&#9;&#9;&#9;&#9;&quot;cardImages/Heroes/Shade-of-the-Black-Watch.png&quot;));&#13;&#10;&#13;&#10;&#9;&#9;// TODO: Add the effect, you may banish from hand or discard&#13;&#10;&#9;&#9;map34.put(BANISH, 5);&#13;&#10;&#9;&#9;map34.put(POWER, 2);&#13;&#10;&#9;&#9;shadeOfTheBlackWatch = ACard.makeCard(image,&#13;&#10;&#9;&#9;&#9;&#9;&quot;Shade of the Black Watch&quot;, &quot;Void&quot;, &quot;Hero&quot;, 3, 1, 3, map34);&#13;&#10;&#13;&#10;&#9;&#9;image = ImageIO.read(new File(&quot;cardImages/Constructs/Shadow-Star.png&quot;));&#13;&#10;&#13;&#10;&#9;&#9;// TODO: Add the effect, once per turn gain one power.&#13;&#10;&#13;&#10;&#9;&#9;shadowStar = ACard.makeCard(image, &quot;Shadow Star&quot;, &quot;Void&quot;, &quot;Construct&quot;,&#13;&#10;&#9;&#9;&#9;&#9;3, 2, 2, map35);&#13;&#10;&#13;&#10;&#9;&#9;image = ImageIO.read(new File(&quot;cardImages/Constructs/Snapdragon.png&quot;));&#13;&#10;&#13;&#10;&#9;&#9;// TODO: Add the effect, once per turn gain a rune and the first time&#13;&#10;&#9;&#9;// you play a lifebound gain one honor&#13;&#10;&#13;&#10;&#9;&#9;snapdragon = ACard.makeCard(image, &quot;Snapdragon&quot;, &quot;Lifebound&quot;,&#13;&#10;&#9;&#9;&#9;&#9;&quot;Construct&quot;, 5, 2, 2, map36);&#13;&#10;&#13;&#10;&#9;&#9;image = ImageIO.read(new File(&quot;cardImages/Heroes/Spike-Vixen.png&quot;));&#13;&#10;&#13;&#10;&#9;&#9;map37.put(POWER, 1);&#13;&#10;&#9;&#9;map37.put(DRAW, 1);&#13;&#10;&#9;&#9;spikeVixen = ACard.makeCard(image, &quot;Spike Vixen&quot;, &quot;Void&quot;, &quot;Hero&quot;, 2, 1,&#13;&#10;&#9;&#9;&#9;&#9;2, map37);&#13;&#10;&#13;&#10;&#9;&#9;image = ImageIO.read(new File(&#13;&#10;&#9;&#9;&#9;&#9;&quot;cardImages/Constructs/Tablet-of-Times-Dawn.png&quot;));&#13;&#10;&#13;&#10;&#9;&#9;// TODO: Add the effect, you may banish this construct to take another&#13;&#10;&#9;&#9;// turn&#13;&#10;&#13;&#10;&#9;&#9;tabletOfTimesDawn = ACard.makeCard(image, &quot;Tablet of Time's Dawn&quot;,&#13;&#10;&#9;&#9;&#9;&#9;&quot;Enlightened&quot;, &quot;Construct&quot;, 5, 2, 1, map38);&#13;&#10;&#13;&#10;&#9;&#9;image = ImageIO&#13;&#10;&#9;&#9;&#9;&#9;.read(new File(&quot;cardImages/Heroes/Temple-Librarian.png&quot;));&#13;&#10;&#13;&#10;&#9;&#9;// TODO: Add the effect, discard one card then draw two&#13;&#10;&#13;&#10;&#9;&#9;templeLibrarian = ACard.makeCard(image, &quot;Temple Librarian&quot;,&#13;&#10;&#9;&#9;&#9;&#9;&quot;Enlightened&quot;, &quot;Hero&quot;, 2, 1, 3, map39);&#13;&#10;&#13;&#10;&#9;&#9;image = ImageIO.read(new File(&#13;&#10;&#9;&#9;&#9;&#9;&quot;cardImages/Constructs/The-All-Seeing-Eye.png&quot;));&#13;&#10;&#13;&#10;&#9;&#9;// TODO: Add the effect, once per turn you may draw a card&#13;&#10;&#13;&#10;&#9;&#9;theAllSeeingEye = ACard.makeCard(image, &quot;The All-Seeing Eye&quot;,&#13;&#10;&#9;&#9;&#9;&#9;&quot;Enlightened&quot;, &quot;Construct&quot;, 6, 2, 1, map40);&#13;&#10;&#13;&#10;&#9;&#9;image = ImageIO.read(new File(&#13;&#10;&#9;&#9;&#9;&#9;&quot;cardImages/Constructs/The-Grand-Design.png&quot;));&#13;&#10;&#13;&#10;&#9;&#9;// TODO: Add the effect, gain two runes towards a mechana construct&#13;&#10;&#13;&#10;&#9;&#9;theGrandDesign = ACard.makeCard(image, &quot;The Grand Design&quot;, &quot;Mechana&quot;,&#13;&#10;&#9;&#9;&#9;&#9;&quot;Construct&quot;, 6, 6, 2, map41);&#13;&#10;&#13;&#10;&#9;&#9;image = ImageIO&#13;&#10;&#9;&#9;&#9;&#9;.read(new File(&quot;cardImages/Monsters/Tormented-Soul.png&quot;));&#13;&#10;&#13;&#10;&#9;&#9;map42.put(HONOR, 1);&#13;&#10;&#9;&#9;map42.put(DRAW, 1);&#13;&#10;&#9;&#9;tormentedSoul = ACard.makeCard(image, &quot;Tormented Soul&quot;, &quot;Monster&quot;,&#13;&#10;&#9;&#9;&#9;&#9;&quot;Monster&quot;, 3, 1, 3, map42);&#13;&#10;&#13;&#10;&#9;&#9;image = ImageIO.read(new File(&quot;cardImages/Heroes/Twofold-Askara.png&quot;));&#13;&#10;&#13;&#10;&#9;&#9;// TODO: Add the effect, copy the effect of a hero played this turn&#13;&#10;&#13;&#10;&#9;&#9;twofoldAskara = ACard.makeCard(image, &quot;Twofold Askara&quot;, &quot;Enlightened&quot;,&#13;&#10;&#9;&#9;&#9;&#9;&quot;Hero&quot;, 4, 2, 1, map43);&#13;&#10;&#13;&#10;&#9;&#9;image = ImageIO.read(new File(&quot;cardImages/Heroes/Void-Initiate.png&quot;));&#13;&#10;&#13;&#10;&#9;&#9;// TODO: Add the effect, you may banish one from the hand or discard&#13;&#10;&#9;&#9;map44.put(BANISH, 5);&#13;&#10;&#9;&#9;map44.put(RUNES, 1);&#13;&#10;&#9;&#9;voidInitiate = ACard.makeCard(image, &quot;Void Initiate&quot;, &quot;Void&quot;, &quot;Hero&quot;,&#13;&#10;&#9;&#9;&#9;&#9;1, 1, 3, map44);&#13;&#10;&#13;&#10;&#9;&#9;image = ImageIO&#13;&#10;&#9;&#9;&#9;&#9;.read(new File(&quot;cardImages/Constructs/Voidthirster.png&quot;));&#13;&#10;&#13;&#10;&#9;&#9;// TODO: Add the effect, once per turn gain one power and the first time&#13;&#10;&#9;&#9;// you kill a monster gain one honor&#13;&#10;&#13;&#10;&#9;&#9;voidthirster = ACard.makeCard(image, &quot;Voidthirster&quot;, &quot;Void&quot;,&#13;&#10;&#9;&#9;&#9;&#9;&quot;Construct&quot;, 5, 3, 2, map45);&#13;&#10;&#13;&#10;&#9;&#9;image = ImageIO.read(new File(&#13;&#10;&#9;&#9;&#9;&#9;&quot;cardImages/Constructs/Watchmakers-Altar.png&quot;));&#13;&#10;&#13;&#10;&#9;&#9;// TODO: Add the effect, once per turn gain one rune toward a mechana&#13;&#10;&#9;&#9;// construct&#13;&#10;&#13;&#10;&#9;&#9;watchmakersAltar = ACard.makeCard(image, &quot;Watchmaker's Altar&quot;,&#13;&#10;&#9;&#9;&#9;&#9;&quot;Mechana&quot;, &quot;Construct&quot;, 5, 5, 2, map46);&#13;&#10;&#13;&#10;&#9;&#9;image = ImageIO.read(new File(&quot;cardImages/Monsters/Wind-Tyrant.png&quot;));&#13;&#10;&#13;&#10;&#9;&#9;map47.put(HONOR, 3);&#13;&#10;&#9;&#9;map47.put(RUNES, 3);&#13;&#10;&#9;&#9;windTyrant = ACard.makeCard(image, &quot;Wind Tyrant&quot;, &quot;Monster&quot;, &quot;Monster&quot;,&#13;&#10;&#9;&#9;&#9;&#9;5, 3, 3, map47);&#13;&#10;&#13;&#10;&#9;&#9;image = ImageIO.read(new File(&#13;&#10;&#9;&#9;&#9;&#9;&quot;cardImages/Monsters/Xeron-Duke-of-Lies.png&quot;));&#13;&#10;&#13;&#10;&#9;&#9;// TODO: Add the effect, take a card out of each player's hand and add&#13;&#10;&#9;&#9;// it to your own&#13;&#10;&#13;&#10;&#9;&#9;xeronDukeOfLies = ACard.makeCard(image, &quot;Xeron, Duke of Lies&quot;,&#13;&#10;&#9;&#9;&#9;&#9;&quot;Monster&quot;, &quot;Monster&quot;, 6, 3, 1, map48);&#13;&#10;&#13;&#10;&#9;&#9;image = ImageIO.read(new File(&#13;&#10;&#9;&#9;&#9;&#9;&quot;cardImages/Constructs/Yggdrasil-Staff.png&quot;));&#13;&#10;&#13;&#10;&#9;&#9;// TODO: Add the effect, once per turn gain one power, you can pay 4&#13;&#10;&#9;&#9;// runes for 3 honor&#13;&#10;&#13;&#10;&#9;&#9;yggdrasilStaff = ACard.makeCard(image, &quot;Yggdrasil Staff&quot;, &quot;Lifebound&quot;,&#13;&#10;&#9;&#9;&#9;&#9;&quot;Construct&quot;, 4, 2, 2, map49);&#13;&#10;&#13;&#10;&#9;&#9;cards = new ACard[] { arhaInitiate, demonSlayer, wolfShaman,&#13;&#10;&#9;&#9;&#9;&#9;flyTrapWitch, asceticOfTheLidlessEye, emriOneWithTheVoid,&#13;&#10;&#9;&#9;&#9;&#9;arbiterOfThePrecipice, arhaTemplar, avatarGolem,&#13;&#10;&#9;&#9;&#9;&#9;avatarOfTheFallen, burrowerMarkII, cetraWeaverOfStars,&#13;&#10;&#9;&#9;&#9;&#9;corrosiveWidow, druidsOfTheStoneCircle, earthTyrant,&#13;&#10;&#9;&#9;&#9;&#9;hedronCannon, hedronLinkDevice, korTheFerromancer, landtalker,&#13;&#10;&#9;&#9;&#9;&#9;lifeboundInitiate, masterDhartha, mechanaInitiate, mephit,&#13;&#10;&#9;&#9;&#9;&#9;mistakeOfCreation, muramasa, oziahThePeerless, reactorMonk,&#13;&#10;&#9;&#9;&#9;&#9;rocketCourierX99, runicLycanthrope, samaelsTrickster,&#13;&#10;&#9;&#9;&#9;&#9;seaTyrant, seerOfTheForkedPath, shadeOfTheBlackWatch,&#13;&#10;&#9;&#9;&#9;&#9;shadowStar, snapdragon, spikeVixen, tabletOfTimesDawn,&#13;&#10;&#9;&#9;&#9;&#9;templeLibrarian, theAllSeeingEye, theGrandDesign,&#13;&#10;&#9;&#9;&#9;&#9;tormentedSoul, twofoldAskara, voidInitiate, voidthirster,&#13;&#10;&#9;&#9;&#9;&#9;watchmakersAltar, windTyrant, xeronDukeOfLies, yggdrasilStaff };&#13;&#10;&#9;}&#13;&#10;&#13;&#10;}&#13;&#10;" Filename="CardCollection.java" Intrnl_Id="3"/>
<SrcFile Content="package devops.hw1.core;&#13;&#10;&#13;&#10;import java.awt.image.BufferedImage;&#13;&#10;import java.util.HashMap;&#13;&#10;&#13;&#10;/**&#13;&#10; * An ACard that is a Hero.&#13;&#10; * &#13;&#10; * @author bishopcc, fenogljc, gneezyn, heshelhj&#13;&#10; */&#13;&#10;public class HeroCard extends ACard {&#13;&#10;&#13;&#10;&#9;public HeroCard() {&#13;&#10;&#9;&#9;this.cost = 0;&#13;&#10;&#9;}&#13;&#10;&#13;&#10;&#9;public HeroCard(int i) {&#13;&#10;&#9;&#9;this.cost = i;&#13;&#10;&#9;}&#13;&#10;&#13;&#10;&#9;/**&#13;&#10;&#9; * Constructs a hero card that has the given information.&#13;&#10;&#9; * &#13;&#10;&#9; * @param image, the card's image (as a BufferedImage)&#13;&#10;&#9; * @param name, the card's name&#13;&#10;&#9; * @param faction, the card's faction&#13;&#10;&#9; * @param cost, the cost of the card&#13;&#10;&#9; * @param honor, the amount of honor the card is worth&#13;&#10;&#9; * @param rarity, the rarity of the card&#13;&#10;&#9; * @param effects, the card's effect(s)&#13;&#10;&#9; */&#13;&#10;&#9;public HeroCard(BufferedImage image, String name, String faction, String type, int cost,&#13;&#10;&#9;&#9;&#9;int honor, int rarity, HashMap&lt;String, Integer&gt; effects) {&#13;&#10;&#9;&#9;this.image = image;&#13;&#10;&#9;&#9;this.name = name;&#13;&#10;&#9;&#9;this.faction = faction;&#13;&#10;&#9;&#9;this.cost = cost;&#13;&#10;&#9;&#9;this.honor = honor;&#13;&#10;&#9;&#9;this.rarity = rarity;&#13;&#10;&#9;&#9;this.effects = effects;&#13;&#10;&#9;&#9;this.type = type;&#13;&#10;&#9;}&#13;&#10;&#13;&#10;}&#13;&#10;" Filename="HeroCard.java" Intrnl_Id="4"/>
<SrcFile Content="package devops.hw1.core;&#13;&#10;&#13;&#10;import java.io.IOException;&#13;&#10;import java.util.ArrayList;&#13;&#10;import java.util.Collections;&#13;&#10;import java.util.HashMap;&#13;&#10;import java.util.LinkedList;&#13;&#10;import java.util.Queue;&#13;&#10;&#13;&#10;/**&#13;&#10; * @author bishopcc, fenogljc, gneezyn, heshelhj&#13;&#10; */&#13;&#10;public class Player {&#13;&#10;&#13;&#10;&#9;private int runes;&#13;&#10;&#9;private int power;&#13;&#10;&#9;private int honor;&#13;&#10;&#9;private ArrayList&lt;ACard&gt; discardPile;&#13;&#10;&#9;private ArrayList&lt;ACard&gt; playerHand;&#13;&#10;&#9;private LinkedList&lt;ACard&gt; playerDeck;&#13;&#10;&#9;private int banishLocation = 0;&#13;&#10;&#13;&#10;&#9;/**&#13;&#10;&#9; * The constructor creates a player with a hand of five cards and a deck of&#13;&#10;&#9; * five cards.&#13;&#10;&#9; */&#13;&#10;&#9;private Player() {&#13;&#10;&#9;&#9;try {&#13;&#10;&#9;&#9;&#9;new CardCollection();&#13;&#10;&#9;&#9;} catch (IOException e) {&#13;&#10;&#9;&#9;&#9;System.out.println(&quot;Could not find file&quot;);&#13;&#10;&#9;&#9;}&#13;&#10;&#9;&#9;this.discardPile = new ArrayList&lt;ACard&gt;();&#13;&#10;&#9;&#9;this.playerHand = new ArrayList&lt;ACard&gt;();&#13;&#10;&#9;&#9;this.playerDeck = new LinkedList&lt;ACard&gt;();&#13;&#10;&#9;&#9;this.initialiseDeck();&#13;&#10;&#9;&#9;Collections.shuffle(this.playerDeck);&#13;&#10;&#9;&#9;this.drawCard(5);&#13;&#10;&#9;}&#13;&#10;&#13;&#10;&#9;/**&#13;&#10;&#9; * Initializes the player's deck (adds cards).&#13;&#10;&#9; */&#13;&#10;&#9;public void initialiseDeck() {&#13;&#10;&#9;&#9;for (int i = 0; i &lt; 8; i++) {&#13;&#10;&#9;&#9;&#9;this.addCardToDeck(CardCollection.apprentice);&#13;&#10;&#9;&#9;}&#13;&#10;&#9;&#9;for (int j = 0; j &lt; 2; j++) {&#13;&#10;&#9;&#9;&#9;this.addCardToDeck(CardCollection.militia);&#13;&#10;&#9;&#9;}&#13;&#10;&#9;}&#13;&#10;&#13;&#10;&#9;/**&#13;&#10;&#9; * Puts all of the players cards into the discard pile and draws 5 cards&#13;&#10;&#9; * for a new hand.&#13;&#10;&#9; */&#13;&#10;&#9;public void endTurn() {&#13;&#10;&#9;&#9;this.discardPile.addAll(this.getHand());&#13;&#10;&#9;&#9;this.getHand().clear();&#13;&#10;&#9;&#9;this.setRunes(0);&#13;&#10;&#9;&#9;this.addPower(0 - this.power);&#13;&#10;&#9;&#9;this.drawCard(5);&#13;&#10;&#9;}&#13;&#10;&#13;&#10;&#9;/**&#13;&#10;&#9; * This constructs and returns a player.&#13;&#10;&#9; * &#13;&#10;&#9; * @return a new Player object&#13;&#10;&#9; */&#13;&#10;&#9;public static Player makePlayer() {&#13;&#10;&#9;&#9;Player newPlayer = new Player();&#13;&#10;&#9;&#9;return newPlayer;&#13;&#10;&#9;}&#13;&#10;&#13;&#10;&#9;/**&#13;&#10;&#9; * This adds the given integer amount of runes to the players current total.&#13;&#10;&#9; * @param i amount of runes to add (must be greater than zero)&#13;&#10;&#9; */&#13;&#10;&#9;public void addRunes(int i) {&#13;&#10;&#9;&#9;this.setRunes((i + this.getRunes() &gt; 0) ? this.getRunes() + i : 0);&#13;&#10;&#9;}&#13;&#10;&#13;&#10;&#9;/**&#13;&#10;&#9; * This returns the amount of runes the player currently has.&#13;&#10;&#9; * @return the number of runes this player has&#13;&#10;&#9; */&#13;&#10;&#9;public int getRunes() {&#13;&#10;&#9;&#9;return this.runes;&#13;&#10;&#9;}&#13;&#10;&#13;&#10;&#9;/**&#13;&#10;&#9; * Sets the amount of runs the player has to the given integer value.&#13;&#10;&#9; * @param runes the value to set the player's number of runes as&#13;&#10;&#9; */&#13;&#10;&#9;public void setRunes(int runes) {&#13;&#10;&#9;&#9;this.runes = runes;&#13;&#10;&#9;}&#13;&#10;&#13;&#10;&#9;/**&#13;&#10;&#9; * Returns the size of the player's discard pile.&#13;&#10;&#9; * @return the size of the player's discard pile&#13;&#10;&#9; */&#13;&#10;&#9;public int getDiscardSize() {&#13;&#10;&#9;&#9;return this.discardPile.size();&#13;&#10;&#9;}&#13;&#10;&#13;&#10;&#9;/**&#13;&#10;&#9; * This puts the given card into the discard pile (does not&#13;&#10;&#9; * remove the card from the hand).&#13;&#10;&#9; * @param card the card to be put in the discard pile&#13;&#10;&#9; */&#13;&#10;&#9;public void discard(ACard card) {&#13;&#10;&#9;&#9;if (card == null) {&#13;&#10;&#9;&#9;&#9;System.out.println(&quot;attempted to discard null card&quot;);&#13;&#10;&#9;&#9;&#9;return;&#13;&#10;&#9;&#9;}&#13;&#10;&#9;&#9;this.discardPile.add(card);&#13;&#10;&#9;}&#13;&#10;&#13;&#10;&#9;/**&#13;&#10;&#9; * Returns the player's discard pile.&#13;&#10;&#9; * @return the player's discard pile (as an ArrayList&lt;ACard&gt;)&#13;&#10;&#9; */&#13;&#10;&#9;public ArrayList&lt;ACard&gt; getDiscardPile() {&#13;&#10;&#9;&#9;return this.discardPile;&#13;&#10;&#9;}&#13;&#10;&#13;&#10;&#9;/**&#13;&#10;&#9; * Places the given card into the player's discard pile as well as well as&#13;&#10;&#9; * subtracts the amount of runes the player has available. If you do not&#13;&#10;&#9; * have enough runes, this returns false, otherwise true.&#13;&#10;&#9; * &#13;&#10;&#9; * @param card the card that the player is attempting to buy&#13;&#10;&#9; * @return true if the card can be bought by the player, false otherwise&#13;&#10;&#9; */&#13;&#10;&#9;public boolean buyCard(ACard card) {&#13;&#10;&#9;&#9;if (card != null){&#13;&#10;&#9;&#9;&#9;int cost = card.getCost();&#13;&#10;&#9;&#9;&#9;if (cost &lt;= this.runes) {&#13;&#10;&#9;&#9;&#9;&#9;this.setRunes(this.runes - cost);&#13;&#10;&#9;&#9;&#9;&#9;this.discard(card);&#13;&#10;&#9;&#9;&#9;&#9;return true;&#13;&#10;&#9;&#9;&#9;}&#13;&#10;&#9;&#9;}&#13;&#10;&#9;&#9;return false;&#13;&#10;&#9;}&#13;&#10;&#13;&#10;&#9;/**&#13;&#10;&#9; * Attack card will take a card and the board. If the player has enough&#13;&#10;&#9; * power it will place the card in the void discard pile&#13;&#10;&#9; * &#13;&#10;&#9; * @param card the card that is being attacked&#13;&#10;&#9; * @return true if the attack is successful and sent to void and false otherwise&#13;&#10;&#9; */&#13;&#10;&#13;&#10;&#9;public boolean attackCard(ACard card, Board board) {&#13;&#10;&#9;&#9;if (card != null){&#13;&#10;&#9;&#9;&#9;int strength = card.getStrength();&#13;&#10;&#9;&#9;&#9;if (strength &lt;= this.power) {&#13;&#10;&#9;&#9;&#9;&#9;this.addPower(0 - strength);&#13;&#10;&#9;&#9;&#9;&#9;this.applyEffects(card);&#13;&#10;&#9;&#9;&#9;&#9;board.sendToVoid(card);&#13;&#10;&#9;&#9;&#9;&#9;return true;&#13;&#10;&#9;&#9;&#9;}&#13;&#10;&#9;&#9;}&#13;&#10;&#9;&#9;return false;&#13;&#10;&#9;}&#13;&#10;&#13;&#10;&#9;/**&#13;&#10;&#9; * Returns the size of the player hand&#13;&#10;&#9; * @return the size of the player's hand&#13;&#10;&#9; */&#13;&#10;&#9;public int getHandSize() {&#13;&#10;&#9;&#9;return this.playerHand.size();&#13;&#10;&#9;}&#13;&#10;&#13;&#10;&#9;/**&#13;&#10;&#9; * Draws a card from the player deck and adds it to the player's hand&#13;&#10;&#9; */&#13;&#10;&#9;public void drawCard() {&#13;&#10;&#9;&#9;if (this.playerDeck.isEmpty()) {&#13;&#10;&#9;&#9;&#9;this.playerDeck.addAll(this.discardPile);&#13;&#10;&#9;&#9;&#9;this.discardPile.clear();&#13;&#10;&#9;&#9;&#9;Collections.shuffle(this.playerDeck);&#13;&#10;&#9;&#9;}&#13;&#10;&#9;&#9;ACard fromDeck = this.playerDeck.remove();&#13;&#10;&#9;&#9;this.playerHand.add(fromDeck);&#13;&#10;&#9;}&#13;&#10;&#13;&#10;&#9;/**&#13;&#10;&#9; * &#13;&#10;&#9; * Adds a card to the player's deck&#13;&#10;&#9; * @param card the card to be added to the player's deck&#13;&#10;&#9; */&#13;&#10;&#9;public void addCardToDeck(ACard card) {&#13;&#10;&#13;&#10;&#9;&#9;if (card == null) {&#13;&#10;&#9;&#9;&#9;System.out.println(&quot;attempted to add a null card to deck&quot;);&#13;&#10;&#9;&#9;&#9;return;&#13;&#10;&#9;&#9;}&#13;&#10;&#13;&#10;&#9;&#9;this.playerDeck.add(card);&#13;&#10;&#9;}&#13;&#10;&#13;&#10;&#9;/**&#13;&#10;&#9; * Adds the given card to the player's hand&#13;&#10;&#9; * @param card the card to be added to the player's hand&#13;&#10;&#9; */&#13;&#10;&#9;public void addCardToHand(ACard card) {&#13;&#10;&#13;&#10;&#9;&#9;if (card == null) {&#13;&#10;&#9;&#9;&#9;System.out.println(&quot;attempted to add a null card to hand&quot;);&#13;&#10;&#9;&#9;&#9;return;&#13;&#10;&#9;&#9;}&#13;&#10;&#9;&#9;this.playerHand.add(card);&#13;&#10;&#9;}&#13;&#10;&#13;&#10;&#9;/**&#13;&#10;&#9; * Gets the current player hand&#13;&#10;&#9; * @return the player's hand (as an ArrayList&lt;ACard&gt;)&#13;&#10;&#9; */&#13;&#10;&#9;public ArrayList&lt;ACard&gt; getHand() {&#13;&#10;&#9;&#9;return this.playerHand;&#13;&#10;&#9;}&#13;&#10;&#13;&#10;&#9;/**&#13;&#10;&#9; * Input check card in hand&#13;&#10;&#9; * @param card the card to be played (by the player)&#13;&#10;&#9; */&#13;&#10;&#9;public void playCard(ACard card) {&#13;&#10;&#13;&#10;&#9;&#9;if (card == null) {&#13;&#10;&#9;&#9;&#9;System.out.println(&quot;attempted to play a null card&quot;);&#13;&#10;&#9;&#9;&#9;return;&#13;&#10;&#9;&#9;}&#13;&#10;&#9;&#9;this.playerHand.remove(card);&#13;&#10;&#9;&#9;this.applyEffects(card);&#13;&#10;&#9;&#9;this.discard(card);&#13;&#10;&#9;}&#13;&#10;&#13;&#10;&#9;/**&#13;&#10;&#9; * Adds the designated number of cards (from the player's deck)&#13;&#10;&#9; * to the player's hand.&#13;&#10;&#9; * @param integer the number of cards to draw&#13;&#10;&#9; */&#13;&#10;&#9;public void drawCard(int cards) {&#13;&#10;&#9;&#9;for (int i = 0; i &lt; cards; i++) {&#13;&#10;&#9;&#9;&#9;this.drawCard();&#13;&#10;&#9;&#9;}&#13;&#10;&#9;}&#13;&#10;&#13;&#10;&#9;/**&#13;&#10;&#9; * @return the player's deck&#13;&#10;&#9; */&#13;&#10;&#9;public Queue&lt;ACard&gt; getDeck() {&#13;&#10;&#9;&#9;return this.playerDeck;&#13;&#10;&#9;}&#13;&#10;&#13;&#10;&#9;/**&#13;&#10;&#9; * @return the size of the player's deck for unit testing&#13;&#10;&#9; */&#13;&#10;&#9;public int getDeckSize() {&#13;&#10;&#9;&#9;return this.playerDeck.size();&#13;&#10;&#9;}&#13;&#10;&#13;&#10;&#9;/**&#13;&#10;&#9; * This method returns the amount of power the player currently has.&#13;&#10;&#9; * &#13;&#10;&#9; * @return how much power the player has&#13;&#10;&#9; */&#13;&#10;&#9;public int getPower() {&#13;&#10;&#9;&#9;return this.power;&#13;&#10;&#9;}&#13;&#10;&#13;&#10;&#9;/**&#13;&#10;&#9; * This method adds power to the total amount of power the player has.&#13;&#10;&#9; * &#13;&#10;&#9; * @param i&#13;&#10;&#9; */&#13;&#10;&#9;public void addPower(int i) {&#13;&#10;&#9;&#9;this.power += i;&#13;&#10;&#9;}&#13;&#10;&#13;&#10;&#9;/**&#13;&#10;&#9; * Applies the effects of the given card to the player.&#13;&#10;&#9; * &#13;&#10;&#9; * @param card the card whose effect(s) are being used&#13;&#10;&#9; */&#13;&#10;&#9;@SuppressWarnings(&quot;boxing&quot;)&#13;&#10;&#9;public void applyEffects(ACard card) {&#13;&#10;&#9;&#9;HashMap&lt;String, Integer&gt; map = card.getEffects();&#13;&#10;&#9;&#9;for (String k : map.keySet()) {&#13;&#10;&#9;&#9;&#9;switch (k) {&#13;&#10;&#9;&#9;&#9;case CardCollection.RUNES:&#13;&#10;&#9;&#9;&#9;&#9;this.addRunes(map.get(k));&#13;&#10;&#9;&#9;&#9;&#9;break;&#13;&#10;&#9;&#9;&#9;case CardCollection.POWER:&#13;&#10;&#9;&#9;&#9;&#9;this.addPower(map.get(k));&#13;&#10;&#9;&#9;&#9;&#9;break;&#13;&#10;&#9;&#9;&#9;case CardCollection.DRAW:&#13;&#10;&#9;&#9;&#9;&#9;this.drawCard(map.get(k));&#13;&#10;&#9;&#9;&#9;&#9;break;&#13;&#10;&#9;&#9;&#9;case CardCollection.HONOR:&#13;&#10;&#9;&#9;&#9;&#9;this.addHonor(map.get(k));&#13;&#10;&#9;&#9;&#9;&#9;break;&#13;&#10;&#9;&#9;&#9;case CardCollection.BANISH:&#13;&#10;&#9;&#9;&#9;&#9;this.banishLocation += map.get(k);&#13;&#10;&#9;&#9;&#9;&#9;break;&#13;&#10;&#9;&#9;&#9;&#9; &#13;&#10;&#9;&#9;&#9;}&#13;&#10;&#9;&#9;}&#13;&#10;&#9;}&#13;&#10;&#9;&#13;&#10;&#9;public void banishCard(ACard toBanish, Board board){&#13;&#10;&#9;&#9;if (toBanish != null &amp;&amp; board != null){&#13;&#10;&#9;&#9;&#9;board.sendToVoid(toBanish);&#13;&#10;&#9;&#9;}&#13;&#10;&#9;}&#13;&#10;&#13;&#10;&#9;/**&#13;&#10;&#9; * This method returns the amount of honor the player has.&#13;&#10;&#9; * &#13;&#10;&#9; * @return amount of honor the player has&#13;&#10;&#9; */&#13;&#10;&#9;public int getHonor() {&#13;&#10;&#9;&#9;return this.honor;&#13;&#10;&#9;}&#13;&#10;&#13;&#10;&#9;/**&#13;&#10;&#9; * This method adds the amount given to the total amount of honor that the&#13;&#10;&#9; * player has.&#13;&#10;&#9; * &#13;&#10;&#9; * @param i the amount of honor to add&#13;&#10;&#9; */&#13;&#10;&#9;public void addHonor(int i) {&#13;&#10;&#9;&#9;this.honor += i;&#13;&#10;&#9;}&#13;&#10;&#9;&#13;&#10;&#9;/**&#13;&#10;&#9; * This function takes a card and decides how to handle the card.&#13;&#10;&#9; * @param card &#13;&#10;&#9; * @param board &#13;&#10;&#9; * @return &#13;&#10;&#9; */&#13;&#10;&#9;public boolean doCard(ACard card, Board board) {&#13;&#10;&#9;&#9;String type = card.getType();&#13;&#10;&#9;&#9;if (type.equals(&quot;Hero&quot;) || type.equals(&quot;Construct&quot;)) {&#13;&#10;&#9;&#9;&#9;return this.buyCard(card);&#13;&#10;&#9;&#9;}&#13;&#10;&#9;&#9;return this.attackCard(card, board); // There is a problem here........&#13;&#10;&#9;}&#13;&#10;&#9;&#13;&#10;&#9;public int getBanishLocation() {&#13;&#10;&#9;&#9;return this.banishLocation;&#13;&#10;&#9;}&#13;&#10;}&#13;&#10;" Filename="Player.java" Intrnl_Id="5"/>
</SrcFileList>
<CritList>
<CritListEntry Name="org.codecover.model.utils.criteria.LoopCoverage" PluginName="org.codecover"/>
<CritListEntry Name="org.codecover.model.utils.criteria.QMOCoverage" PluginName="org.codecover"/>
<CritListEntry Name="org.codecover.model.utils.criteria.ConditionCoverage" PluginName="org.codecover"/>
<CritListEntry Name="org.codecover.model.utils.criteria.BranchCoverage" PluginName="org.codecover"/>
<CritListEntry Name="org.codecover.model.utils.criteria.SynchronizedStatementCoverage" PluginName="org.codecover"/>
<CritListEntry Name="org.codecover.model.utils.criteria.StatementCoverage" PluginName="org.codecover"/>
</CritList>
<BoolOpList>
<BoolOp Arity="2" Intrnl_Id="6" Name="conditional and (&amp;&amp;)">
<BoolAssgnmntBoolMapList>
<MapEntry BoolAssgnmnt="02" Value="false"/>
<MapEntry BoolAssgnmnt="10" Value="false"/>
<MapEntry BoolAssgnmnt="11" Value="true"/>
</BoolAssgnmntBoolMapList>
</BoolOp>
<BoolOp Arity="2" Intrnl_Id="7" Name="conditional or (||)">
<BoolAssgnmntBoolMapList>
<MapEntry BoolAssgnmnt="00" Value="false"/>
<MapEntry BoolAssgnmnt="01" Value="true"/>
<MapEntry BoolAssgnmnt="12" Value="true"/>
</BoolAssgnmntBoolMapList>
</BoolOp>
<BoolOp Arity="1" Intrnl_Id="8" Name="not (!)">
<BoolAssgnmntBoolMapList>
<MapEntry BoolAssgnmnt="1" Value="false"/>
<MapEntry BoolAssgnmnt="0" Value="true"/>
</BoolAssgnmntBoolMapList>
</BoolOp>
</BoolOpList>
<HierarchyLvlTypeList>
<HierarchyLvlType EnglishName="package" IntrnlName="package" Intrnl_Id="9"/>
<HierarchyLvlType EnglishName="method" IntrnlName="method" Intrnl_Id="10"/>
<HierarchyLvlType EnglishName="class" IntrnlName="class" Intrnl_Id="11"/>
<HierarchyLvlType EnglishName="default package" IntrnlName="default package" Intrnl_Id="12"/>
</HierarchyLvlTypeList>
<MASTRoot>
<HierarchyLvl HierarchyLvlId="432" HierarchyLvlTypeId="12" Intrnl_Id="13" Name="default package">
<Header/>
<LocList/>
<HierarchyLvl HierarchyLvlId="431" HierarchyLvlTypeId="9" Intrnl_Id="14" Name="devops">
<Header/>
<LocList/>
<HierarchyLvl HierarchyLvlId="430" HierarchyLvlTypeId="9" Intrnl_Id="15" Name="hw1">
<Header/>
<LocList/>
<HierarchyLvl HierarchyLvlId="429" HierarchyLvlTypeId="9" Intrnl_Id="16" Name="core">
<Header/>
<LocList/>
<HierarchyLvl HierarchyLvlId="381" HierarchyLvlTypeId="11" Intrnl_Id="17" Name="ACard">
<Header>
<Loc EndOffset="257" SrcFileId="1" StartOffset="230"/>
</Header>
<LocList>
<Loc EndOffset="5420" SrcFileId="1" StartOffset="230"/>
</LocList>
<StmntSeq Intrnl_Id="18">
<LocList>
<Loc EndOffset="362" SrcFileId="1" StartOffset="286"/>
</LocList>
<BasicStmnt CovItemId="S1" CovItemPrefix="devops.hw1.core.ACard.java" Intrnl_Id="19">
<LocList>
<Loc EndOffset="362" SrcFileId="1" StartOffset="286"/>
</LocList>
</BasicStmnt>
</StmntSeq>
<HierarchyLvl HierarchyLvlId="361" HierarchyLvlTypeId="10" Intrnl_Id="20" Name="makeCard">
<Header>
<Loc EndOffset="661" SrcFileId="1" StartOffset="631"/>
</Header>
<LocList>
<Loc EndOffset="693" SrcFileId="1" StartOffset="631"/>
</LocList>
<StmntSeq Intrnl_Id="21">
<LocList>
<Loc EndOffset="689" SrcFileId="1" StartOffset="667"/>
</LocList>
<BasicStmnt CovItemId="S2" CovItemPrefix="devops.hw1.core.ACard.java" Intrnl_Id="22">
<LocList>
<Loc EndOffset="689" SrcFileId="1" StartOffset="667"/>
</LocList>
</BasicStmnt>
</StmntSeq>
</HierarchyLvl>
<HierarchyLvl HierarchyLvlId="362" HierarchyLvlTypeId="10" Intrnl_Id="23" Name="makeCard">
<Header>
<Loc EndOffset="873" SrcFileId="1" StartOffset="838"/>
</Header>
<LocList>
<Loc EndOffset="906" SrcFileId="1" StartOffset="838"/>
</LocList>
<StmntSeq Intrnl_Id="24">
<LocList>
<Loc EndOffset="902" SrcFileId="1" StartOffset="879"/>
</LocList>
<BasicStmnt CovItemId="S3" CovItemPrefix="devops.hw1.core.ACard.java" Intrnl_Id="25">
<LocList>
<Loc EndOffset="902" SrcFileId="1" StartOffset="879"/>
</LocList>
</BasicStmnt>
</StmntSeq>
</HierarchyLvl>
<HierarchyLvl HierarchyLvlId="363" HierarchyLvlTypeId="10" Intrnl_Id="26" Name="makeCard">
<Header>
<Loc EndOffset="1847" SrcFileId="1" StartOffset="1681"/>
</Header>
<LocList>
<Loc EndOffset="3146" SrcFileId="1" StartOffset="1681"/>
</LocList>
<StmntSeq Intrnl_Id="27">
<LocList>
<Loc EndOffset="1994" SrcFileId="1" StartOffset="1936"/>
<Loc EndOffset="2024" SrcFileId="1" StartOffset="1998"/>
<Loc EndOffset="2057" SrcFileId="1" StartOffset="2028"/>
<Loc EndOffset="2092" SrcFileId="1" StartOffset="2061"/>
<Loc EndOffset="2126" SrcFileId="1" StartOffset="2096"/>
<Loc EndOffset="2993" SrcFileId="1" StartOffset="2193"/>
<Loc EndOffset="3142" SrcFileId="1" StartOffset="3059"/>
</LocList>
<BasicStmnt CovItemId="S4" CovItemPrefix="devops.hw1.core.ACard.java" Intrnl_Id="28">
<LocList>
<Loc EndOffset="1994" SrcFileId="1" StartOffset="1936"/>
</LocList>
</BasicStmnt>
<BasicStmnt CovItemId="S5" CovItemPrefix="devops.hw1.core.ACard.java" Intrnl_Id="29">
<LocList>
<Loc EndOffset="2024" SrcFileId="1" StartOffset="1998"/>
</LocList>
</BasicStmnt>
<BasicStmnt CovItemId="S6" CovItemPrefix="devops.hw1.core.ACard.java" Intrnl_Id="30">
<LocList>
<Loc EndOffset="2057" SrcFileId="1" StartOffset="2028"/>
</LocList>
</BasicStmnt>
<BasicStmnt CovItemId="S7" CovItemPrefix="devops.hw1.core.ACard.java" Intrnl_Id="31">
<LocList>
<Loc EndOffset="2092" SrcFileId="1" StartOffset="2061"/>
</LocList>
</BasicStmnt>
<BasicStmnt CovItemId="S8" CovItemPrefix="devops.hw1.core.ACard.java" Intrnl_Id="32">
<LocList>
<Loc EndOffset="2126" SrcFileId="1" StartOffset="2096"/>
</LocList>
</BasicStmnt>
<CondStmnt CovItemId="S9" CovItemPrefix="devops.hw1.core.ACard.java" Intrnl_Id="33">
<Branch CovItemId="B1" CovItemPrefix="devops.hw1.core.ACard.java" Implct="false" Intrnl_Id="34">
<Cond/>
<LocList>
<Loc EndOffset="2386" SrcFileId="1" StartOffset="2227"/>
</LocList>
<StmntSeq Intrnl_Id="35">
<LocList>
<Loc EndOffset="2381" SrcFileId="1" StartOffset="2233"/>
</LocList>
<BasicStmnt CovItemId="S10" CovItemPrefix="devops.hw1.core.ACard.java" Intrnl_Id="36">
<LocList>
<Loc EndOffset="2381" SrcFileId="1" StartOffset="2233"/>
</LocList>
</BasicStmnt>
</StmntSeq>
</Branch>
<Branch CovItemId="B2" CovItemPrefix="devops.hw1.core.ACard.java" Implct="false" Intrnl_Id="37">
<Cond>
<Loc EndOffset="2391" SrcFileId="1" StartOffset="2387"/>
</Cond>
<LocList>
<Loc EndOffset="2993" SrcFileId="1" StartOffset="2392"/>
</LocList>
<StmntSeq Intrnl_Id="38">
<LocList>
<Loc EndOffset="2993" SrcFileId="1" StartOffset="2392"/>
</LocList>
<CondStmnt CovItemId="S11" CovItemPrefix="devops.hw1.core.ACard.java" Intrnl_Id="39">
<Branch CovItemId="B3" CovItemPrefix="devops.hw1.core.ACard.java" Implct="false" Intrnl_Id="40">
<Cond/>
<LocList>
<Loc EndOffset="2588" SrcFileId="1" StartOffset="2429"/>
</LocList>
<StmntSeq Intrnl_Id="41">
<LocList>
<Loc EndOffset="2583" SrcFileId="1" StartOffset="2435"/>
</LocList>
<BasicStmnt CovItemId="S12" CovItemPrefix="devops.hw1.core.ACard.java" Intrnl_Id="42">
<LocList>
<Loc EndOffset="2583" SrcFileId="1" StartOffset="2435"/>
</LocList>
</BasicStmnt>
</StmntSeq>
</Branch>
<Branch CovItemId="B4" CovItemPrefix="devops.hw1.core.ACard.java" Implct="false" Intrnl_Id="43">
<Cond>
<Loc EndOffset="2593" SrcFileId="1" StartOffset="2589"/>
</Cond>
<LocList>
<Loc EndOffset="2993" SrcFileId="1" StartOffset="2594"/>
</LocList>
<StmntSeq Intrnl_Id="44">
<LocList>
<Loc EndOffset="2993" SrcFileId="1" StartOffset="2594"/>
</LocList>
<CondStmnt CovItemId="S13" CovItemPrefix="devops.hw1.core.ACard.java" Intrnl_Id="45">
<Branch CovItemId="B5" CovItemPrefix="devops.hw1.core.ACard.java" Implct="false" Intrnl_Id="46">
<Cond/>
<LocList>
<Loc EndOffset="2801" SrcFileId="1" StartOffset="2666"/>
</LocList>
<StmntSeq Intrnl_Id="47">
<LocList>
<Loc EndOffset="2796" SrcFileId="1" StartOffset="2672"/>
</LocList>
<BasicStmnt CovItemId="S14" CovItemPrefix="devops.hw1.core.ACard.java" Intrnl_Id="48">
<LocList>
<Loc EndOffset="2796" SrcFileId="1" StartOffset="2672"/>
</LocList>
</BasicStmnt>
</StmntSeq>
</Branch>
<Branch CovItemId="B6" CovItemPrefix="devops.hw1.core.ACard.java" Implct="false" Intrnl_Id="49">
<Cond>
<Loc EndOffset="2806" SrcFileId="1" StartOffset="2802"/>
</Cond>
<LocList>
<Loc EndOffset="2993" SrcFileId="1" StartOffset="2807"/>
</LocList>
<StmntSeq Intrnl_Id="50">
<LocList>
<Loc EndOffset="2993" SrcFileId="1" StartOffset="2807"/>
</LocList>
<CondStmnt CovItemId="S15" CovItemPrefix="devops.hw1.core.ACard.java" Intrnl_Id="51">
<Branch CovItemId="B7" CovItemPrefix="devops.hw1.core.ACard.java" Implct="false" Intrnl_Id="52">
<Cond/>
<LocList>
<Loc EndOffset="2993" SrcFileId="1" StartOffset="2858"/>
</LocList>
<StmntSeq Intrnl_Id="53">
<LocList>
<Loc EndOffset="2988" SrcFileId="1" StartOffset="2864"/>
</LocList>
<BasicStmnt CovItemId="S16" CovItemPrefix="devops.hw1.core.ACard.java" Intrnl_Id="54">
<LocList>
<Loc EndOffset="2988" SrcFileId="1" StartOffset="2864"/>
</LocList>
</BasicStmnt>
</StmntSeq>
</Branch>
<Branch CovItemId="B8" CovItemPrefix="devops.hw1.core.ACard.java" Implct="true" Intrnl_Id="55">
<Cond/>
<LocList/>
<StmntSeq Intrnl_Id="56">
<LocList/>
</StmntSeq>
</Branch>
<Keyword EndOffset="2809" SrcFileId="1" StartOffset="2807"/>
<LocList>
<Loc EndOffset="2993" SrcFileId="1" StartOffset="2807"/>
</LocList>
<RootTerm CovItemId="C4" CovItemPrefix="devops.hw1.core.ACard.java" Intrnl_Id="57">
<OpTerm BooleanOpId="8" Intrnl_Id="58">
<BasicBoolTerm Intrnl_Id="59">
<LocList>
<Loc EndOffset="2855" SrcFileId="1" StartOffset="2813"/>
</LocList>
</BasicBoolTerm>
<LocList>
<Loc EndOffset="2812" SrcFileId="1" StartOffset="2811"/>
</LocList>
</OpTerm>
</RootTerm>
</CondStmnt>
</StmntSeq>
</Branch>
<Keyword EndOffset="2596" SrcFileId="1" StartOffset="2594"/>
<LocList>
<Loc EndOffset="2993" SrcFileId="1" StartOffset="2594"/>
</LocList>
<RootTerm CovItemId="C3" CovItemPrefix="devops.hw1.core.ACard.java" Intrnl_Id="60">
<OpTerm BooleanOpId="7" Intrnl_Id="61">
<BasicBoolTerm Intrnl_Id="62">
<LocList>
<Loc EndOffset="2627" SrcFileId="1" StartOffset="2598"/>
</LocList>
</BasicBoolTerm>
<BasicBoolTerm Intrnl_Id="63">
<LocList>
<Loc EndOffset="2664" SrcFileId="1" StartOffset="2636"/>
</LocList>
</BasicBoolTerm>
<LocList>
<Loc EndOffset="2635" SrcFileId="1" StartOffset="2633"/>
</LocList>
</OpTerm>
</RootTerm>
</CondStmnt>
</StmntSeq>
</Branch>
<Keyword EndOffset="2394" SrcFileId="1" StartOffset="2392"/>
<LocList>
<Loc EndOffset="2993" SrcFileId="1" StartOffset="2392"/>
</LocList>
<RootTerm CovItemId="C2" CovItemPrefix="devops.hw1.core.ACard.java" Intrnl_Id="64">
<BasicBoolTerm Intrnl_Id="65">
<LocList>
<Loc EndOffset="2427" SrcFileId="1" StartOffset="2396"/>
</LocList>
</BasicBoolTerm>
</RootTerm>
</CondStmnt>
</StmntSeq>
</Branch>
<Keyword EndOffset="2195" SrcFileId="1" StartOffset="2193"/>
<LocList>
<Loc EndOffset="2993" SrcFileId="1" StartOffset="2193"/>
</LocList>
<RootTerm CovItemId="C1" CovItemPrefix="devops.hw1.core.ACard.java" Intrnl_Id="66">
<OpTerm BooleanOpId="7" Intrnl_Id="67">
<BasicBoolTerm Intrnl_Id="68">
<LocList>
<Loc EndOffset="2209" SrcFileId="1" StartOffset="2197"/>
</LocList>
</BasicBoolTerm>
<BasicBoolTerm Intrnl_Id="69">
<LocList>
<Loc EndOffset="2225" SrcFileId="1" StartOffset="2213"/>
</LocList>
</BasicBoolTerm>
<LocList>
<Loc EndOffset="2212" SrcFileId="1" StartOffset="2210"/>
</LocList>
</OpTerm>
</RootTerm>
</CondStmnt>
<BasicStmnt CovItemId="S17" CovItemPrefix="devops.hw1.core.ACard.java" Intrnl_Id="70">
<LocList>
<Loc EndOffset="3142" SrcFileId="1" StartOffset="3059"/>
</LocList>
</BasicStmnt>
</StmntSeq>
</HierarchyLvl>
<HierarchyLvl HierarchyLvlId="364" HierarchyLvlTypeId="10" Intrnl_Id="71" Name="getFaction">
<Header>
<Loc EndOffset="3250" SrcFileId="1" StartOffset="3224"/>
</Header>
<LocList>
<Loc EndOffset="3275" SrcFileId="1" StartOffset="3224"/>
</LocList>
<StmntSeq Intrnl_Id="72">
<LocList>
<Loc EndOffset="3271" SrcFileId="1" StartOffset="3256"/>
</LocList>
<BasicStmnt CovItemId="S18" CovItemPrefix="devops.hw1.core.ACard.java" Intrnl_Id="73">
<LocList>
<Loc EndOffset="3271" SrcFileId="1" StartOffset="3256"/>
</LocList>
</BasicStmnt>
</StmntSeq>
</HierarchyLvl>
<HierarchyLvl HierarchyLvlId="365" HierarchyLvlTypeId="10" Intrnl_Id="74" Name="setFaction">
<Header>
<Loc EndOffset="3387" SrcFileId="1" StartOffset="3349"/>
</Header>
<LocList>
<Loc EndOffset="3420" SrcFileId="1" StartOffset="3349"/>
</LocList>
<StmntSeq Intrnl_Id="75">
<LocList>
<Loc EndOffset="3416" SrcFileId="1" StartOffset="3393"/>
</LocList>
<BasicStmnt CovItemId="S19" CovItemPrefix="devops.hw1.core.ACard.java" Intrnl_Id="76">
<LocList>
<Loc EndOffset="3416" SrcFileId="1" StartOffset="3393"/>
</LocList>
</BasicStmnt>
</StmntSeq>
</HierarchyLvl>
<HierarchyLvl HierarchyLvlId="366" HierarchyLvlTypeId="10" Intrnl_Id="77" Name="getName">
<Header>
<Loc EndOffset="3489" SrcFileId="1" StartOffset="3466"/>
</Header>
<LocList>
<Loc EndOffset="3511" SrcFileId="1" StartOffset="3466"/>
</LocList>
<StmntSeq Intrnl_Id="78">
<LocList>
<Loc EndOffset="3507" SrcFileId="1" StartOffset="3495"/>
</LocList>
<BasicStmnt CovItemId="S20" CovItemPrefix="devops.hw1.core.ACard.java" Intrnl_Id="79">
<LocList>
<Loc EndOffset="3507" SrcFileId="1" StartOffset="3495"/>
</LocList>
</BasicStmnt>
</StmntSeq>
</HierarchyLvl>
<HierarchyLvl HierarchyLvlId="367" HierarchyLvlTypeId="10" Intrnl_Id="80" Name="setName">
<Header>
<Loc EndOffset="3621" SrcFileId="1" StartOffset="3589"/>
</Header>
<LocList>
<Loc EndOffset="3648" SrcFileId="1" StartOffset="3589"/>
</LocList>
<StmntSeq Intrnl_Id="81">
<LocList>
<Loc EndOffset="3644" SrcFileId="1" StartOffset="3627"/>
</LocList>
<BasicStmnt CovItemId="S21" CovItemPrefix="devops.hw1.core.ACard.java" Intrnl_Id="82">
<LocList>
<Loc EndOffset="3644" SrcFileId="1" StartOffset="3627"/>
</LocList>
</BasicStmnt>
</StmntSeq>
</HierarchyLvl>
<HierarchyLvl HierarchyLvlId="368" HierarchyLvlTypeId="10" Intrnl_Id="83" Name="getHonor">
<Header>
<Loc EndOffset="3722" SrcFileId="1" StartOffset="3701"/>
</Header>
<LocList>
<Loc EndOffset="3745" SrcFileId="1" StartOffset="3701"/>
</LocList>
<StmntSeq Intrnl_Id="84">
<LocList>
<Loc EndOffset="3741" SrcFileId="1" StartOffset="3728"/>
</LocList>
<BasicStmnt CovItemId="S22" CovItemPrefix="devops.hw1.core.ACard.java" Intrnl_Id="85">
<LocList>
<Loc EndOffset="3741" SrcFileId="1" StartOffset="3728"/>
</LocList>
</BasicStmnt>
</StmntSeq>
</HierarchyLvl>
<HierarchyLvl HierarchyLvlId="369" HierarchyLvlTypeId="10" Intrnl_Id="86" Name="setHonor">
<Header>
<Loc EndOffset="3846" SrcFileId="1" StartOffset="3815"/>
</Header>
<LocList>
<Loc EndOffset="3875" SrcFileId="1" StartOffset="3815"/>
</LocList>
<StmntSeq Intrnl_Id="87">
<LocList>
<Loc EndOffset="3871" SrcFileId="1" StartOffset="3852"/>
</LocList>
<BasicStmnt CovItemId="S23" CovItemPrefix="devops.hw1.core.ACard.java" Intrnl_Id="88">
<LocList>
<Loc EndOffset="3871" SrcFileId="1" StartOffset="3852"/>
</LocList>
</BasicStmnt>
</StmntSeq>
</HierarchyLvl>
<HierarchyLvl HierarchyLvlId="370" HierarchyLvlTypeId="10" Intrnl_Id="89" Name="getRarity">
<Header>
<Loc EndOffset="3938" SrcFileId="1" StartOffset="3916"/>
</Header>
<LocList>
<Loc EndOffset="3962" SrcFileId="1" StartOffset="3916"/>
</LocList>
<StmntSeq Intrnl_Id="90">
<LocList>
<Loc EndOffset="3958" SrcFileId="1" StartOffset="3944"/>
</LocList>
<BasicStmnt CovItemId="S24" CovItemPrefix="devops.hw1.core.ACard.java" Intrnl_Id="91">
<LocList>
<Loc EndOffset="3958" SrcFileId="1" StartOffset="3944"/>
</LocList>
</BasicStmnt>
</StmntSeq>
</HierarchyLvl>
<HierarchyLvl HierarchyLvlId="371" HierarchyLvlTypeId="10" Intrnl_Id="92" Name="setRarity">
<Header>
<Loc EndOffset="4065" SrcFileId="1" StartOffset="4032"/>
</Header>
<LocList>
<Loc EndOffset="4096" SrcFileId="1" StartOffset="4032"/>
</LocList>
<StmntSeq Intrnl_Id="93">
<LocList>
<Loc EndOffset="4092" SrcFileId="1" StartOffset="4071"/>
</LocList>
<BasicStmnt CovItemId="S25" CovItemPrefix="devops.hw1.core.ACard.java" Intrnl_Id="94">
<LocList>
<Loc EndOffset="4092" SrcFileId="1" StartOffset="4071"/>
</LocList>
</BasicStmnt>
</StmntSeq>
</HierarchyLvl>
<HierarchyLvl HierarchyLvlId="372" HierarchyLvlTypeId="10" Intrnl_Id="95" Name="getImage">
<Header>
<Loc EndOffset="4167" SrcFileId="1" StartOffset="4136"/>
</Header>
<LocList>
<Loc EndOffset="4190" SrcFileId="1" StartOffset="4136"/>
</LocList>
<StmntSeq Intrnl_Id="96">
<LocList>
<Loc EndOffset="4186" SrcFileId="1" StartOffset="4173"/>
</LocList>
<BasicStmnt CovItemId="S26" CovItemPrefix="devops.hw1.core.ACard.java" Intrnl_Id="97">
<LocList>
<Loc EndOffset="4186" SrcFileId="1" StartOffset="4173"/>
</LocList>
</BasicStmnt>
</StmntSeq>
</HierarchyLvl>
<HierarchyLvl HierarchyLvlId="373" HierarchyLvlTypeId="10" Intrnl_Id="98" Name="setImage">
<Header>
<Loc EndOffset="4299" SrcFileId="1" StartOffset="4258"/>
</Header>
<LocList>
<Loc EndOffset="4328" SrcFileId="1" StartOffset="4258"/>
</LocList>
<StmntSeq Intrnl_Id="99">
<LocList>
<Loc EndOffset="4324" SrcFileId="1" StartOffset="4305"/>
</LocList>
<BasicStmnt CovItemId="S27" CovItemPrefix="devops.hw1.core.ACard.java" Intrnl_Id="100">
<LocList>
<Loc EndOffset="4324" SrcFileId="1" StartOffset="4305"/>
</LocList>
</BasicStmnt>
</StmntSeq>
</HierarchyLvl>
<HierarchyLvl HierarchyLvlId="374" HierarchyLvlTypeId="10" Intrnl_Id="101" Name="setEffects">
<Header>
<Loc EndOffset="4456" SrcFileId="1" StartOffset="4400"/>
</Header>
<LocList>
<Loc EndOffset="4489" SrcFileId="1" StartOffset="4400"/>
</LocList>
<StmntSeq Intrnl_Id="102">
<LocList>
<Loc EndOffset="4485" SrcFileId="1" StartOffset="4462"/>
</LocList>
<BasicStmnt CovItemId="S28" CovItemPrefix="devops.hw1.core.ACard.java" Intrnl_Id="103">
<LocList>
<Loc EndOffset="4485" SrcFileId="1" StartOffset="4462"/>
</LocList>
</BasicStmnt>
</StmntSeq>
</HierarchyLvl>
<HierarchyLvl HierarchyLvlId="375" HierarchyLvlTypeId="10" Intrnl_Id="104" Name="getCost">
<Header>
<Loc EndOffset="4581" SrcFileId="1" StartOffset="4561"/>
</Header>
<LocList>
<Loc EndOffset="4608" SrcFileId="1" StartOffset="4561"/>
</LocList>
<StmntSeq Intrnl_Id="105">
<LocList>
<Loc EndOffset="4604" SrcFileId="1" StartOffset="4587"/>
</LocList>
<BasicStmnt CovItemId="S29" CovItemPrefix="devops.hw1.core.ACard.java" Intrnl_Id="106">
<LocList>
<Loc EndOffset="4604" SrcFileId="1" StartOffset="4587"/>
</LocList>
</BasicStmnt>
</StmntSeq>
</HierarchyLvl>
<HierarchyLvl HierarchyLvlId="376" HierarchyLvlTypeId="10" Intrnl_Id="107" Name="setCost">
<Header>
<Loc EndOffset="4702" SrcFileId="1" StartOffset="4676"/>
</Header>
<LocList>
<Loc EndOffset="4726" SrcFileId="1" StartOffset="4676"/>
</LocList>
<StmntSeq Intrnl_Id="108">
<LocList>
<Loc EndOffset="4722" SrcFileId="1" StartOffset="4708"/>
</LocList>
<BasicStmnt CovItemId="S30" CovItemPrefix="devops.hw1.core.ACard.java" Intrnl_Id="109">
<LocList>
<Loc EndOffset="4722" SrcFileId="1" StartOffset="4708"/>
</LocList>
</BasicStmnt>
</StmntSeq>
</HierarchyLvl>
<HierarchyLvl HierarchyLvlId="377" HierarchyLvlTypeId="10" Intrnl_Id="110" Name="getEffects">
<Header>
<Loc EndOffset="4856" SrcFileId="1" StartOffset="4812"/>
</Header>
<LocList>
<Loc EndOffset="4886" SrcFileId="1" StartOffset="4812"/>
</LocList>
<StmntSeq Intrnl_Id="111">
<LocList>
<Loc EndOffset="4882" SrcFileId="1" StartOffset="4862"/>
</LocList>
<BasicStmnt CovItemId="S31" CovItemPrefix="devops.hw1.core.ACard.java" Intrnl_Id="112">
<LocList>
<Loc EndOffset="4882" SrcFileId="1" StartOffset="4862"/>
</LocList>
</BasicStmnt>
</StmntSeq>
</HierarchyLvl>
<HierarchyLvl HierarchyLvlId="378" HierarchyLvlTypeId="10" Intrnl_Id="113" Name="setEffect">
<Header>
<Loc EndOffset="5090" SrcFileId="1" StartOffset="5043"/>
</Header>
<LocList>
<Loc EndOffset="5174" SrcFileId="1" StartOffset="5043"/>
</LocList>
<StmntSeq Intrnl_Id="114">
<LocList>
<Loc EndOffset="5134" SrcFileId="1" StartOffset="5096"/>
<Loc EndOffset="5170" SrcFileId="1" StartOffset="5138"/>
</LocList>
<CondStmnt CovItemId="S32" CovItemPrefix="devops.hw1.core.ACard.java" Intrnl_Id="115">
<Branch CovItemId="B9" CovItemPrefix="devops.hw1.core.ACard.java" Implct="false" Intrnl_Id="116">
<Cond/>
<LocList>
<Loc EndOffset="5134" SrcFileId="1" StartOffset="5116"/>
</LocList>
<StmntSeq Intrnl_Id="117">
<LocList>
<Loc EndOffset="5129" SrcFileId="1" StartOffset="5122"/>
</LocList>
<BasicStmnt CovItemId="S33" CovItemPrefix="devops.hw1.core.ACard.java" Intrnl_Id="118">
<LocList>
<Loc EndOffset="5129" SrcFileId="1" StartOffset="5122"/>
</LocList>
</BasicStmnt>
</StmntSeq>
</Branch>
<Branch CovItemId="B10" CovItemPrefix="devops.hw1.core.ACard.java" Implct="true" Intrnl_Id="119">
<Cond/>
<LocList/>
<StmntSeq Intrnl_Id="120">
<LocList/>
</StmntSeq>
</Branch>
<Keyword EndOffset="5098" SrcFileId="1" StartOffset="5096"/>
<LocList>
<Loc EndOffset="5134" SrcFileId="1" StartOffset="5096"/>
</LocList>
<RootTerm CovItemId="C5" CovItemPrefix="devops.hw1.core.ACard.java" Intrnl_Id="121">
<BasicBoolTerm Intrnl_Id="122">
<LocList>
<Loc EndOffset="5114" SrcFileId="1" StartOffset="5100"/>
</LocList>
</BasicBoolTerm>
</RootTerm>
</CondStmnt>
<BasicStmnt CovItemId="S34" CovItemPrefix="devops.hw1.core.ACard.java" Intrnl_Id="123">
<LocList>
<Loc EndOffset="5170" SrcFileId="1" StartOffset="5138"/>
</LocList>
</BasicStmnt>
</StmntSeq>
</HierarchyLvl>
<HierarchyLvl HierarchyLvlId="379" HierarchyLvlTypeId="10" Intrnl_Id="124" Name="getStrength">
<Header>
<Loc EndOffset="5275" SrcFileId="1" StartOffset="5251"/>
</Header>
<LocList>
<Loc EndOffset="5302" SrcFileId="1" StartOffset="5251"/>
</LocList>
<StmntSeq Intrnl_Id="125">
<LocList>
<Loc EndOffset="5298" SrcFileId="1" StartOffset="5281"/>
</LocList>
<BasicStmnt CovItemId="S35" CovItemPrefix="devops.hw1.core.ACard.java" Intrnl_Id="126">
<LocList>
<Loc EndOffset="5298" SrcFileId="1" StartOffset="5281"/>
</LocList>
</BasicStmnt>
</StmntSeq>
</HierarchyLvl>
<HierarchyLvl HierarchyLvlId="380" HierarchyLvlTypeId="10" Intrnl_Id="127" Name="getType">
<Header>
<Loc EndOffset="5388" SrcFileId="1" StartOffset="5365"/>
</Header>
<LocList>
<Loc EndOffset="5415" SrcFileId="1" StartOffset="5365"/>
</LocList>
<StmntSeq Intrnl_Id="128">
<LocList>
<Loc EndOffset="5411" SrcFileId="1" StartOffset="5394"/>
</LocList>
<BasicStmnt CovItemId="S36" CovItemPrefix="devops.hw1.core.ACard.java" Intrnl_Id="129">
<LocList>
<Loc EndOffset="5411" SrcFileId="1" StartOffset="5394"/>
</LocList>
</BasicStmnt>
</StmntSeq>
</HierarchyLvl>
</HierarchyLvl>
<HierarchyLvl HierarchyLvlId="392" HierarchyLvlTypeId="11" Intrnl_Id="130" Name="Board">
<Header>
<Loc EndOffset="279" SrcFileId="2" StartOffset="261"/>
</Header>
<LocList>
<Loc EndOffset="2757" SrcFileId="2" StartOffset="261"/>
</LocList>
<HierarchyLvl HierarchyLvlId="382" HierarchyLvlTypeId="10" Intrnl_Id="131" Name="Board">
<Header>
<Loc EndOffset="546" SrcFileId="2" StartOffset="532"/>
</Header>
<LocList>
<Loc EndOffset="928" SrcFileId="2" StartOffset="532"/>
</LocList>
<StmntSeq Intrnl_Id="132">
<LocList>
<Loc EndOffset="583" SrcFileId="2" StartOffset="562"/>
<Loc EndOffset="667" SrcFileId="2" StartOffset="552"/>
<Loc EndOffset="709" SrcFileId="2" StartOffset="671"/>
<Loc EndOffset="752" SrcFileId="2" StartOffset="713"/>
<Loc EndOffset="785" SrcFileId="2" StartOffset="756"/>
<Loc EndOffset="814" SrcFileId="2" StartOffset="791"/>
<Loc EndOffset="852" SrcFileId="2" StartOffset="820"/>
<Loc EndOffset="889" SrcFileId="2" StartOffset="856"/>
<Loc EndOffset="924" SrcFileId="2" StartOffset="893"/>
</LocList>
<BasicStmnt CovItemId="S2" CovItemPrefix="devops.hw1.core.Board.java" Intrnl_Id="133">
<LocList>
<Loc EndOffset="583" SrcFileId="2" StartOffset="562"/>
</LocList>
</BasicStmnt>
<CondStmnt CovItemId="S1" CovItemPrefix="devops.hw1.core.Board.java" Intrnl_Id="134">
<Branch CovItemId="B1" CovItemPrefix="devops.hw1.core.Board.java" Implct="true" Intrnl_Id="135">
<Cond/>
<LocList/>
<StmntSeq Intrnl_Id="136">
<LocList/>
</StmntSeq>
</Branch>
<Branch CovItemId="B2" CovItemPrefix="devops.hw1.core.Board.java" Implct="false" Intrnl_Id="137">
<Cond>
<Loc EndOffset="618" SrcFileId="2" StartOffset="589"/>
</Cond>
<LocList>
<Loc EndOffset="667" SrcFileId="2" StartOffset="619"/>
</LocList>
<StmntSeq Intrnl_Id="138">
<LocList>
<Loc EndOffset="662" SrcFileId="2" StartOffset="625"/>
</LocList>
<BasicStmnt CovItemId="S3" CovItemPrefix="devops.hw1.core.Board.java" Intrnl_Id="139">
<LocList>
<Loc EndOffset="662" SrcFileId="2" StartOffset="625"/>
</LocList>
</BasicStmnt>
</StmntSeq>
</Branch>
<Keyword EndOffset="555" SrcFileId="2" StartOffset="552"/>
<LocList>
<Loc EndOffset="667" SrcFileId="2" StartOffset="552"/>
</LocList>
</CondStmnt>
<BasicStmnt CovItemId="S4" CovItemPrefix="devops.hw1.core.Board.java" Intrnl_Id="140">
<LocList>
<Loc EndOffset="709" SrcFileId="2" StartOffset="671"/>
</LocList>
</BasicStmnt>
<BasicStmnt CovItemId="S5" CovItemPrefix="devops.hw1.core.Board.java" Intrnl_Id="141">
<LocList>
<Loc EndOffset="752" SrcFileId="2" StartOffset="713"/>
</LocList>
</BasicStmnt>
<BasicStmnt CovItemId="S6" CovItemPrefix="devops.hw1.core.Board.java" Intrnl_Id="142">
<LocList>
<Loc EndOffset="785" SrcFileId="2" StartOffset="756"/>
</LocList>
</BasicStmnt>
<BasicStmnt CovItemId="S7" CovItemPrefix="devops.hw1.core.Board.java" Intrnl_Id="143">
<LocList>
<Loc EndOffset="814" SrcFileId="2" StartOffset="791"/>
</LocList>
</BasicStmnt>
<BasicStmnt CovItemId="S8" CovItemPrefix="devops.hw1.core.Board.java" Intrnl_Id="144">
<LocList>
<Loc EndOffset="852" SrcFileId="2" StartOffset="820"/>
</LocList>
</BasicStmnt>
<BasicStmnt CovItemId="S9" CovItemPrefix="devops.hw1.core.Board.java" Intrnl_Id="145">
<LocList>
<Loc EndOffset="889" SrcFileId="2" StartOffset="856"/>
</LocList>
</BasicStmnt>
<BasicStmnt CovItemId="S10" CovItemPrefix="devops.hw1.core.Board.java" Intrnl_Id="146">
<LocList>
<Loc EndOffset="924" SrcFileId="2" StartOffset="893"/>
</LocList>
</BasicStmnt>
</StmntSeq>
</HierarchyLvl>
<HierarchyLvl HierarchyLvlId="383" HierarchyLvlTypeId="10" Intrnl_Id="147" Name="initializeCenterDeck">
<Header>
<Loc EndOffset="1101" SrcFileId="2" StartOffset="1066"/>
</Header>
<LocList>
<Loc EndOffset="1390" SrcFileId="2" StartOffset="1066"/>
</LocList>
<StmntSeq Intrnl_Id="148">
<LocList>
<Loc EndOffset="1284" SrcFileId="2" StartOffset="1107"/>
<Loc EndOffset="1322" SrcFileId="2" StartOffset="1288"/>
<Loc EndOffset="1386" SrcFileId="2" StartOffset="1326"/>
</LocList>
<LoopStmnt CovItemId="S11" CovItemPrefix="devops.hw1.core.Board.java" Intrnl_Id="149" MltplExecId="L1-2" MltplExecPrefix="devops.hw1.core.Board.java" NvrExecId="L1-0" NvrExecPrefix="devops.hw1.core.Board.java" OnceExecutedId="L1-1" OnceExecutedPrefix="devops.hw1.core.Board.java" OptBodyExec="true">
<StmntSeq Intrnl_Id="150">
<LocList>
<Loc EndOffset="1279" SrcFileId="2" StartOffset="1167"/>
</LocList>
<LoopStmnt CovItemId="S12" CovItemPrefix="devops.hw1.core.Board.java" Intrnl_Id="151" MltplExecId="L2-2" MltplExecPrefix="devops.hw1.core.Board.java" NvrExecId="L2-0" NvrExecPrefix="devops.hw1.core.Board.java" OnceExecutedId="L2-1" OnceExecutedPrefix="devops.hw1.core.Board.java" OptBodyExec="true">
<StmntSeq Intrnl_Id="152">
<LocList>
<Loc EndOffset="1273" SrcFileId="2" StartOffset="1231"/>
</LocList>
<BasicStmnt CovItemId="S13" CovItemPrefix="devops.hw1.core.Board.java" Intrnl_Id="153">
<LocList>
<Loc EndOffset="1273" SrcFileId="2" StartOffset="1231"/>
</LocList>
</BasicStmnt>
</StmntSeq>
<Keyword EndOffset="1170" SrcFileId="2" StartOffset="1167"/>
<LocList>
<Loc EndOffset="1279" SrcFileId="2" StartOffset="1167"/>
</LocList>
<RootTerm CovItemId="C2" CovItemPrefix="devops.hw1.core.Board.java" Intrnl_Id="154">
<BasicBoolTerm Intrnl_Id="155">
<LocList>
<Loc EndOffset="1217" SrcFileId="2" StartOffset="1183"/>
</LocList>
</BasicBoolTerm>
</RootTerm>
</LoopStmnt>
</StmntSeq>
<Keyword EndOffset="1110" SrcFileId="2" StartOffset="1107"/>
<LocList>
<Loc EndOffset="1284" SrcFileId="2" StartOffset="1107"/>
</LocList>
<RootTerm CovItemId="C1" CovItemPrefix="devops.hw1.core.Board.java" Intrnl_Id="156">
<BasicBoolTerm Intrnl_Id="157">
<LocList>
<Loc EndOffset="1154" SrcFileId="2" StartOffset="1123"/>
</LocList>
</BasicBoolTerm>
</RootTerm>
</LoopStmnt>
<BasicStmnt CovItemId="S14" CovItemPrefix="devops.hw1.core.Board.java" Intrnl_Id="158">
<LocList>
<Loc EndOffset="1322" SrcFileId="2" StartOffset="1288"/>
</LocList>
</BasicStmnt>
<LoopStmnt CovItemId="S15" CovItemPrefix="devops.hw1.core.Board.java" Intrnl_Id="159" MltplExecId="L3-2" MltplExecPrefix="devops.hw1.core.Board.java" NvrExecId="L3-0" NvrExecPrefix="devops.hw1.core.Board.java" OnceExecutedId="L3-1" OnceExecutedPrefix="devops.hw1.core.Board.java" OptBodyExec="true">
<StmntSeq Intrnl_Id="160">
<LocList>
<Loc EndOffset="1381" SrcFileId="2" StartOffset="1360"/>
</LocList>
<BasicStmnt CovItemId="S16" CovItemPrefix="devops.hw1.core.Board.java" Intrnl_Id="161">
<LocList>
<Loc EndOffset="1381" SrcFileId="2" StartOffset="1360"/>
</LocList>
</BasicStmnt>
</StmntSeq>
<Keyword EndOffset="1329" SrcFileId="2" StartOffset="1326"/>
<LocList>
<Loc EndOffset="1386" SrcFileId="2" StartOffset="1326"/>
</LocList>
<RootTerm CovItemId="C3" CovItemPrefix="devops.hw1.core.Board.java" Intrnl_Id="162">
<BasicBoolTerm Intrnl_Id="163">
<LocList>
<Loc EndOffset="1347" SrcFileId="2" StartOffset="1342"/>
</LocList>
</BasicBoolTerm>
</RootTerm>
</LoopStmnt>
</StmntSeq>
</HierarchyLvl>
<HierarchyLvl HierarchyLvlId="384" HierarchyLvlTypeId="10" Intrnl_Id="164" Name="getVoid">
<Header>
<Loc EndOffset="1516" SrcFileId="2" StartOffset="1483"/>
</Header>
<LocList>
<Loc EndOffset="1546" SrcFileId="2" StartOffset="1483"/>
</LocList>
<StmntSeq Intrnl_Id="165">
<LocList>
<Loc EndOffset="1542" SrcFileId="2" StartOffset="1522"/>
</LocList>
<BasicStmnt CovItemId="S17" CovItemPrefix="devops.hw1.core.Board.java" Intrnl_Id="166">
<LocList>
<Loc EndOffset="1542" SrcFileId="2" StartOffset="1522"/>
</LocList>
</BasicStmnt>
</StmntSeq>
</HierarchyLvl>
<HierarchyLvl HierarchyLvlId="385" HierarchyLvlTypeId="10" Intrnl_Id="167" Name="sendToVoid">
<Header>
<Loc EndOffset="1708" SrcFileId="2" StartOffset="1674"/>
</Header>
<LocList>
<Loc EndOffset="1781" SrcFileId="2" StartOffset="1674"/>
</LocList>
<StmntSeq Intrnl_Id="168">
<LocList>
<Loc EndOffset="1750" SrcFileId="2" StartOffset="1714"/>
<Loc EndOffset="1777" SrcFileId="2" StartOffset="1754"/>
</LocList>
<CondStmnt CovItemId="S18" CovItemPrefix="devops.hw1.core.Board.java" Intrnl_Id="169">
<Branch CovItemId="B3" CovItemPrefix="devops.hw1.core.Board.java" Implct="false" Intrnl_Id="170">
<Cond/>
<LocList>
<Loc EndOffset="1750" SrcFileId="2" StartOffset="1732"/>
</LocList>
<StmntSeq Intrnl_Id="171">
<LocList>
<Loc EndOffset="1745" SrcFileId="2" StartOffset="1738"/>
</LocList>
<BasicStmnt CovItemId="S19" CovItemPrefix="devops.hw1.core.Board.java" Intrnl_Id="172">
<LocList>
<Loc EndOffset="1745" SrcFileId="2" StartOffset="1738"/>
</LocList>
</BasicStmnt>
</StmntSeq>
</Branch>
<Branch CovItemId="B4" CovItemPrefix="devops.hw1.core.Board.java" Implct="true" Intrnl_Id="173">
<Cond/>
<LocList/>
<StmntSeq Intrnl_Id="174">
<LocList/>
</StmntSeq>
</Branch>
<Keyword EndOffset="1716" SrcFileId="2" StartOffset="1714"/>
<LocList>
<Loc EndOffset="1750" SrcFileId="2" StartOffset="1714"/>
</LocList>
<RootTerm CovItemId="C4" CovItemPrefix="devops.hw1.core.Board.java" Intrnl_Id="175">
<BasicBoolTerm Intrnl_Id="176">
<LocList>
<Loc EndOffset="1730" SrcFileId="2" StartOffset="1718"/>
</LocList>
</BasicBoolTerm>
</RootTerm>
</CondStmnt>
<BasicStmnt CovItemId="S20" CovItemPrefix="devops.hw1.core.Board.java" Intrnl_Id="177">
<LocList>
<Loc EndOffset="1777" SrcFileId="2" StartOffset="1754"/>
</LocList>
</BasicStmnt>
</StmntSeq>
</HierarchyLvl>
<HierarchyLvl HierarchyLvlId="386" HierarchyLvlTypeId="10" Intrnl_Id="178" Name="getCenDeck">
<Header>
<Loc EndOffset="1864" SrcFileId="2" StartOffset="1827"/>
</Header>
<LocList>
<Loc EndOffset="1894" SrcFileId="2" StartOffset="1827"/>
</LocList>
<StmntSeq Intrnl_Id="179">
<LocList>
<Loc EndOffset="1890" SrcFileId="2" StartOffset="1870"/>
</LocList>
<BasicStmnt CovItemId="S21" CovItemPrefix="devops.hw1.core.Board.java" Intrnl_Id="180">
<LocList>
<Loc EndOffset="1890" SrcFileId="2" StartOffset="1870"/>
</LocList>
</BasicStmnt>
</StmntSeq>
</HierarchyLvl>
<HierarchyLvl HierarchyLvlId="387" HierarchyLvlTypeId="10" Intrnl_Id="181" Name="getCultist">
<Header>
<Loc EndOffset="1977" SrcFileId="2" StartOffset="1952"/>
</Header>
<LocList>
<Loc EndOffset="2007" SrcFileId="2" StartOffset="1952"/>
</LocList>
<StmntSeq Intrnl_Id="182">
<LocList>
<Loc EndOffset="2003" SrcFileId="2" StartOffset="1983"/>
</LocList>
<BasicStmnt CovItemId="S22" CovItemPrefix="devops.hw1.core.Board.java" Intrnl_Id="183">
<LocList>
<Loc EndOffset="2003" SrcFileId="2" StartOffset="1983"/>
</LocList>
</BasicStmnt>
</StmntSeq>
</HierarchyLvl>
<HierarchyLvl HierarchyLvlId="388" HierarchyLvlTypeId="10" Intrnl_Id="184" Name="getHeavyInf">
<Header>
<Loc EndOffset="2098" SrcFileId="2" StartOffset="2072"/>
</Header>
<LocList>
<Loc EndOffset="2129" SrcFileId="2" StartOffset="2072"/>
</LocList>
<StmntSeq Intrnl_Id="185">
<LocList>
<Loc EndOffset="2125" SrcFileId="2" StartOffset="2104"/>
</LocList>
<BasicStmnt CovItemId="S23" CovItemPrefix="devops.hw1.core.Board.java" Intrnl_Id="186">
<LocList>
<Loc EndOffset="2125" SrcFileId="2" StartOffset="2104"/>
</LocList>
</BasicStmnt>
</StmntSeq>
</HierarchyLvl>
<HierarchyLvl HierarchyLvlId="389" HierarchyLvlTypeId="10" Intrnl_Id="187" Name="getMystic">
<Header>
<Loc EndOffset="2210" SrcFileId="2" StartOffset="2186"/>
</Header>
<LocList>
<Loc EndOffset="2239" SrcFileId="2" StartOffset="2186"/>
</LocList>
<StmntSeq Intrnl_Id="188">
<LocList>
<Loc EndOffset="2235" SrcFileId="2" StartOffset="2216"/>
</LocList>
<BasicStmnt CovItemId="S24" CovItemPrefix="devops.hw1.core.Board.java" Intrnl_Id="189">
<LocList>
<Loc EndOffset="2235" SrcFileId="2" StartOffset="2216"/>
</LocList>
</BasicStmnt>
</StmntSeq>
</HierarchyLvl>
<HierarchyLvl HierarchyLvlId="390" HierarchyLvlTypeId="10" Intrnl_Id="190" Name="centerDeckToField">
<Header>
<Loc EndOffset="2535" SrcFileId="2" StartOffset="2495"/>
</Header>
<LocList>
<Loc EndOffset="2612" SrcFileId="2" StartOffset="2495"/>
</LocList>
<StmntSeq Intrnl_Id="191">
<LocList>
<Loc EndOffset="2576" SrcFileId="2" StartOffset="2541"/>
<Loc EndOffset="2608" SrcFileId="2" StartOffset="2580"/>
</LocList>
<BasicStmnt CovItemId="S25" CovItemPrefix="devops.hw1.core.Board.java" Intrnl_Id="192">
<LocList>
<Loc EndOffset="2576" SrcFileId="2" StartOffset="2541"/>
</LocList>
</BasicStmnt>
<BasicStmnt CovItemId="S26" CovItemPrefix="devops.hw1.core.Board.java" Intrnl_Id="193">
<LocList>
<Loc EndOffset="2608" SrcFileId="2" StartOffset="2580"/>
</LocList>
</BasicStmnt>
</StmntSeq>
</HierarchyLvl>
<HierarchyLvl HierarchyLvlId="391" HierarchyLvlTypeId="10" Intrnl_Id="194" Name="getCenField">
<Header>
<Loc EndOffset="2723" SrcFileId="2" StartOffset="2695"/>
</Header>
<LocList>
<Loc EndOffset="2754" SrcFileId="2" StartOffset="2695"/>
</LocList>
<StmntSeq Intrnl_Id="195">
<LocList>
<Loc EndOffset="2750" SrcFileId="2" StartOffset="2729"/>
</LocList>
<BasicStmnt CovItemId="S27" CovItemPrefix="devops.hw1.core.Board.java" Intrnl_Id="196">
<LocList>
<Loc EndOffset="2750" SrcFileId="2" StartOffset="2729"/>
</LocList>
</BasicStmnt>
</StmntSeq>
</HierarchyLvl>
</HierarchyLvl>
<HierarchyLvl HierarchyLvlId="394" HierarchyLvlTypeId="11" Intrnl_Id="197" Name="CardCollection">
<Header>
<Loc EndOffset="330" SrcFileId="3" StartOffset="303"/>
</Header>
<LocList>
<Loc EndOffset="20200" SrcFileId="3" StartOffset="303"/>
</LocList>
<StmntSeq Intrnl_Id="198">
<LocList>
<Loc EndOffset="2304" SrcFileId="3" StartOffset="2261"/>
<Loc EndOffset="2350" SrcFileId="3" StartOffset="2307"/>
<Loc EndOffset="2394" SrcFileId="3" StartOffset="2353"/>
<Loc EndOffset="2440" SrcFileId="3" StartOffset="2397"/>
<Loc EndOffset="2488" SrcFileId="3" StartOffset="2443"/>
</LocList>
<BasicStmnt CovItemId="S1" CovItemPrefix="devops.hw1.core.CardCollection.java" Intrnl_Id="199">
<LocList>
<Loc EndOffset="2304" SrcFileId="3" StartOffset="2261"/>
</LocList>
</BasicStmnt>
<BasicStmnt CovItemId="S2" CovItemPrefix="devops.hw1.core.CardCollection.java" Intrnl_Id="200">
<LocList>
<Loc EndOffset="2350" SrcFileId="3" StartOffset="2307"/>
</LocList>
</BasicStmnt>
<BasicStmnt CovItemId="S3" CovItemPrefix="devops.hw1.core.CardCollection.java" Intrnl_Id="201">
<LocList>
<Loc EndOffset="2394" SrcFileId="3" StartOffset="2353"/>
</LocList>
</BasicStmnt>
<BasicStmnt CovItemId="S4" CovItemPrefix="devops.hw1.core.CardCollection.java" Intrnl_Id="202">
<LocList>
<Loc EndOffset="2440" SrcFileId="3" StartOffset="2397"/>
</LocList>
</BasicStmnt>
<BasicStmnt CovItemId="S5" CovItemPrefix="devops.hw1.core.CardCollection.java" Intrnl_Id="203">
<LocList>
<Loc EndOffset="2488" SrcFileId="3" StartOffset="2443"/>
</LocList>
</BasicStmnt>
</StmntSeq>
<HierarchyLvl HierarchyLvlId="393" HierarchyLvlTypeId="10" Intrnl_Id="204" Name="CardCollection">
<Header>
<Loc EndOffset="2671" SrcFileId="3" StartOffset="2629"/>
</Header>
<LocList>
<Loc EndOffset="20195" SrcFileId="3" StartOffset="2629"/>
</LocList>
<StmntSeq Intrnl_Id="205">
<LocList>
<Loc EndOffset="2739" SrcFileId="3" StartOffset="2677"/>
<Loc EndOffset="2806" SrcFileId="3" StartOffset="2743"/>
<Loc EndOffset="2873" SrcFileId="3" StartOffset="2810"/>
<Loc EndOffset="2940" SrcFileId="3" StartOffset="2877"/>
<Loc EndOffset="3007" SrcFileId="3" StartOffset="2944"/>
<Loc EndOffset="3074" SrcFileId="3" StartOffset="3011"/>
<Loc EndOffset="3141" SrcFileId="3" StartOffset="3078"/>
<Loc EndOffset="3208" SrcFileId="3" StartOffset="3145"/>
<Loc EndOffset="3275" SrcFileId="3" StartOffset="3212"/>
<Loc EndOffset="3342" SrcFileId="3" StartOffset="3279"/>
<Loc EndOffset="3410" SrcFileId="3" StartOffset="3346"/>
<Loc EndOffset="3478" SrcFileId="3" StartOffset="3414"/>
<Loc EndOffset="3546" SrcFileId="3" StartOffset="3482"/>
<Loc EndOffset="3614" SrcFileId="3" StartOffset="3550"/>
<Loc EndOffset="3682" SrcFileId="3" StartOffset="3618"/>
<Loc EndOffset="3750" SrcFileId="3" StartOffset="3686"/>
<Loc EndOffset="3818" SrcFileId="3" StartOffset="3754"/>
<Loc EndOffset="3886" SrcFileId="3" StartOffset="3822"/>
<Loc EndOffset="3954" SrcFileId="3" StartOffset="3890"/>
<Loc EndOffset="4022" SrcFileId="3" StartOffset="3958"/>
<Loc EndOffset="4090" SrcFileId="3" StartOffset="4026"/>
<Loc EndOffset="4158" SrcFileId="3" StartOffset="4094"/>
<Loc EndOffset="4226" SrcFileId="3" StartOffset="4162"/>
<Loc EndOffset="4294" SrcFileId="3" StartOffset="4230"/>
<Loc EndOffset="4362" SrcFileId="3" StartOffset="4298"/>
<Loc EndOffset="4430" SrcFileId="3" StartOffset="4366"/>
<Loc EndOffset="4498" SrcFileId="3" StartOffset="4434"/>
<Loc EndOffset="4566" SrcFileId="3" StartOffset="4502"/>
<Loc EndOffset="4634" SrcFileId="3" StartOffset="4570"/>
<Loc EndOffset="4702" SrcFileId="3" StartOffset="4638"/>
<Loc EndOffset="4770" SrcFileId="3" StartOffset="4706"/>
<Loc EndOffset="4838" SrcFileId="3" StartOffset="4774"/>
<Loc EndOffset="4906" SrcFileId="3" StartOffset="4842"/>
<Loc EndOffset="4974" SrcFileId="3" StartOffset="4910"/>
<Loc EndOffset="5042" SrcFileId="3" StartOffset="4978"/>
<Loc EndOffset="5110" SrcFileId="3" StartOffset="5046"/>
<Loc EndOffset="5178" SrcFileId="3" StartOffset="5114"/>
<Loc EndOffset="5246" SrcFileId="3" StartOffset="5182"/>
<Loc EndOffset="5314" SrcFileId="3" StartOffset="5250"/>
<Loc EndOffset="5382" SrcFileId="3" StartOffset="5318"/>
<Loc EndOffset="5450" SrcFileId="3" StartOffset="5386"/>
<Loc EndOffset="5518" SrcFileId="3" StartOffset="5454"/>
<Loc EndOffset="5586" SrcFileId="3" StartOffset="5522"/>
<Loc EndOffset="5654" SrcFileId="3" StartOffset="5590"/>
<Loc EndOffset="5722" SrcFileId="3" StartOffset="5658"/>
<Loc EndOffset="5790" SrcFileId="3" StartOffset="5726"/>
<Loc EndOffset="5858" SrcFileId="3" StartOffset="5794"/>
<Loc EndOffset="5926" SrcFileId="3" StartOffset="5862"/>
<Loc EndOffset="5994" SrcFileId="3" StartOffset="5930"/>
<Loc EndOffset="6062" SrcFileId="3" StartOffset="5998"/>
<Loc EndOffset="6095" SrcFileId="3" StartOffset="6068"/>
<Loc EndOffset="6170" SrcFileId="3" StartOffset="6101"/>
<Loc EndOffset="6194" SrcFileId="3" StartOffset="6176"/>
<Loc EndOffset="6283" SrcFileId="3" StartOffset="6198"/>
<Loc EndOffset="6356" SrcFileId="3" StartOffset="6289"/>
<Loc EndOffset="6381" SrcFileId="3" StartOffset="6362"/>
<Loc EndOffset="6465" SrcFileId="3" StartOffset="6385"/>
<Loc EndOffset="6541" SrcFileId="3" StartOffset="6471"/>
<Loc EndOffset="6565" SrcFileId="3" StartOffset="6547"/>
<Loc EndOffset="6666" SrcFileId="3" StartOffset="6569"/>
<Loc EndOffset="6741" SrcFileId="3" StartOffset="6672"/>
<Loc EndOffset="6766" SrcFileId="3" StartOffset="6747"/>
<Loc EndOffset="6858" SrcFileId="3" StartOffset="6770"/>
<Loc EndOffset="6932" SrcFileId="3" StartOffset="6864"/>
<Loc EndOffset="6957" SrcFileId="3" StartOffset="6938"/>
<Loc EndOffset="6979" SrcFileId="3" StartOffset="6961"/>
<Loc EndOffset="7074" SrcFileId="3" StartOffset="6983"/>
<Loc EndOffset="7150" SrcFileId="3" StartOffset="7080"/>
<Loc EndOffset="7175" SrcFileId="3" StartOffset="7156"/>
<Loc EndOffset="7197" SrcFileId="3" StartOffset="7179"/>
<Loc EndOffset="7297" SrcFileId="3" StartOffset="7201"/>
<Loc EndOffset="7392" SrcFileId="3" StartOffset="7303"/>
<Loc EndOffset="7416" SrcFileId="3" StartOffset="7398"/>
<Loc EndOffset="7545" SrcFileId="3" StartOffset="7420"/>
<Loc EndOffset="7636" SrcFileId="3" StartOffset="7551"/>
<Loc EndOffset="7661" SrcFileId="3" StartOffset="7642"/>
<Loc EndOffset="7771" SrcFileId="3" StartOffset="7665"/>
<Loc EndOffset="7864" SrcFileId="3" StartOffset="7777"/>
<Loc EndOffset="7955" SrcFileId="3" StartOffset="7935"/>
<Loc EndOffset="7977" SrcFileId="3" StartOffset="7959"/>
<Loc EndOffset="8091" SrcFileId="3" StartOffset="7981"/>
<Loc EndOffset="8166" SrcFileId="3" StartOffset="8097"/>
<Loc EndOffset="8339" SrcFileId="3" StartOffset="8244"/>
<Loc EndOffset="8414" SrcFileId="3" StartOffset="8345"/>
<Loc EndOffset="8512" SrcFileId="3" StartOffset="8492"/>
<Loc EndOffset="8608" SrcFileId="3" StartOffset="8516"/>
<Loc EndOffset="8699" SrcFileId="3" StartOffset="8614"/>
<Loc EndOffset="8816" SrcFileId="3" StartOffset="8796"/>
<Loc EndOffset="8929" SrcFileId="3" StartOffset="8820"/>
<Loc EndOffset="9018" SrcFileId="3" StartOffset="8935"/>
<Loc EndOffset="9226" SrcFileId="3" StartOffset="9122"/>
<Loc EndOffset="9316" SrcFileId="3" StartOffset="9232"/>
<Loc EndOffset="9501" SrcFileId="3" StartOffset="9390"/>
<Loc EndOffset="9587" SrcFileId="3" StartOffset="9507"/>
<Loc EndOffset="9685" SrcFileId="3" StartOffset="9665"/>
<Loc EndOffset="9790" SrcFileId="3" StartOffset="9689"/>
<Loc EndOffset="9885" SrcFileId="3" StartOffset="9796"/>
<Loc EndOffset="10114" SrcFileId="3" StartOffset="9990"/>
<Loc EndOffset="10191" SrcFileId="3" StartOffset="10120"/>
<Loc EndOffset="10216" SrcFileId="3" StartOffset="10197"/>
<Loc EndOffset="10240" SrcFileId="3" StartOffset="10220"/>
<Loc EndOffset="10339" SrcFileId="3" StartOffset="10244"/>
<Loc EndOffset="10425" SrcFileId="3" StartOffset="10345"/>
<Loc EndOffset="10603" SrcFileId="3" StartOffset="10504"/>
<Loc EndOffset="10694" SrcFileId="3" StartOffset="10609"/>
<Loc EndOffset="10898" SrcFileId="3" StartOffset="10790"/>
<Loc EndOffset="10986" SrcFileId="3" StartOffset="10904"/>
<Loc EndOffset="11098" SrcFileId="3" StartOffset="11078"/>
<Loc EndOffset="11208" SrcFileId="3" StartOffset="11102"/>
<Loc EndOffset="11281" SrcFileId="3" StartOffset="11214"/>
<Loc EndOffset="11307" SrcFileId="3" StartOffset="11287"/>
<Loc EndOffset="11402" SrcFileId="3" StartOffset="11311"/>
<Loc EndOffset="11489" SrcFileId="3" StartOffset="11408"/>
<Loc EndOffset="11515" SrcFileId="3" StartOffset="11495"/>
<Loc EndOffset="11539" SrcFileId="3" StartOffset="11519"/>
<Loc EndOffset="11649" SrcFileId="3" StartOffset="11543"/>
<Loc EndOffset="11726" SrcFileId="3" StartOffset="11655"/>
<Loc EndOffset="11751" SrcFileId="3" StartOffset="11732"/>
<Loc EndOffset="11855" SrcFileId="3" StartOffset="11755"/>
<Loc EndOffset="11940" SrcFileId="3" StartOffset="11861"/>
<Loc EndOffset="12099" SrcFileId="3" StartOffset="11999"/>
<Loc EndOffset="12170" SrcFileId="3" StartOffset="12105"/>
<Loc EndOffset="12259" SrcFileId="3" StartOffset="12238"/>
<Loc EndOffset="12283" SrcFileId="3" StartOffset="12263"/>
<Loc EndOffset="12371" SrcFileId="3" StartOffset="12287"/>
<Loc EndOffset="12461" SrcFileId="3" StartOffset="12377"/>
<Loc EndOffset="12572" SrcFileId="3" StartOffset="12551"/>
<Loc EndOffset="12596" SrcFileId="3" StartOffset="12576"/>
<Loc EndOffset="12708" SrcFileId="3" StartOffset="12600"/>
<Loc EndOffset="12783" SrcFileId="3" StartOffset="12714"/>
<Loc EndOffset="12933" SrcFileId="3" StartOffset="12846"/>
<Loc EndOffset="13020" SrcFileId="3" StartOffset="12939"/>
<Loc EndOffset="13205" SrcFileId="3" StartOffset="13098"/>
<Loc EndOffset="13280" SrcFileId="3" StartOffset="13211"/>
<Loc EndOffset="13382" SrcFileId="3" StartOffset="13362"/>
<Loc EndOffset="13478" SrcFileId="3" StartOffset="13386"/>
<Loc EndOffset="13570" SrcFileId="3" StartOffset="13484"/>
<Loc EndOffset="13781" SrcFileId="3" StartOffset="13672"/>
<Loc EndOffset="13867" SrcFileId="3" StartOffset="13787"/>
<Loc EndOffset="13982" SrcFileId="3" StartOffset="13962"/>
<Loc EndOffset="14090" SrcFileId="3" StartOffset="13986"/>
<Loc EndOffset="14178" SrcFileId="3" StartOffset="14096"/>
<Loc EndOffset="14204" SrcFileId="3" StartOffset="14184"/>
<Loc EndOffset="14228" SrcFileId="3" StartOffset="14208"/>
<Loc EndOffset="14338" SrcFileId="3" StartOffset="14232"/>
<Loc EndOffset="14417" SrcFileId="3" StartOffset="14348"/>
<Loc EndOffset="14531" SrcFileId="3" StartOffset="14511"/>
<Loc EndOffset="14626" SrcFileId="3" StartOffset="14535"/>
<Loc EndOffset="14718" SrcFileId="3" StartOffset="14632"/>
<Loc EndOffset="14811" SrcFileId="3" StartOffset="14790"/>
<Loc EndOffset="14834" SrcFileId="3" StartOffset="14815"/>
<Loc EndOffset="14953" SrcFileId="3" StartOffset="14838"/>
<Loc EndOffset="15046" SrcFileId="3" StartOffset="14959"/>
<Loc EndOffset="15137" SrcFileId="3" StartOffset="15116"/>
<Loc EndOffset="15161" SrcFileId="3" StartOffset="15141"/>
<Loc EndOffset="15275" SrcFileId="3" StartOffset="15165"/>
<Loc EndOffset="15353" SrcFileId="3" StartOffset="15281"/>
<Loc EndOffset="15511" SrcFileId="3" StartOffset="15419"/>
<Loc EndOffset="15588" SrcFileId="3" StartOffset="15517"/>
<Loc EndOffset="15807" SrcFileId="3" StartOffset="15711"/>
<Loc EndOffset="15881" SrcFileId="3" StartOffset="15813"/>
<Loc EndOffset="15907" SrcFileId="3" StartOffset="15887"/>
<Loc EndOffset="15930" SrcFileId="3" StartOffset="15911"/>
<Loc EndOffset="16021" SrcFileId="3" StartOffset="15934"/>
<Loc EndOffset="16114" SrcFileId="3" StartOffset="16027"/>
<Loc EndOffset="16323" SrcFileId="3" StartOffset="16207"/>
<Loc EndOffset="16408" SrcFileId="3" StartOffset="16329"/>
<Loc EndOffset="16579" SrcFileId="3" StartOffset="16475"/>
<Loc EndOffset="16670" SrcFileId="3" StartOffset="16585"/>
<Loc EndOffset="16851" SrcFileId="3" StartOffset="16740"/>
<Loc EndOffset="16940" SrcFileId="3" StartOffset="16857"/>
<Loc EndOffset="17123" SrcFileId="3" StartOffset="17019"/>
<Loc EndOffset="17208" SrcFileId="3" StartOffset="17129"/>
<Loc EndOffset="17234" SrcFileId="3" StartOffset="17214"/>
<Loc EndOffset="17257" SrcFileId="3" StartOffset="17238"/>
<Loc EndOffset="17360" SrcFileId="3" StartOffset="17261"/>
<Loc EndOffset="17437" SrcFileId="3" StartOffset="17366"/>
<Loc EndOffset="17616" SrcFileId="3" StartOffset="17516"/>
<Loc EndOffset="17692" SrcFileId="3" StartOffset="17622"/>
<Loc EndOffset="17791" SrcFileId="3" StartOffset="17770"/>
<Loc EndOffset="17815" SrcFileId="3" StartOffset="17795"/>
<Loc EndOffset="17910" SrcFileId="3" StartOffset="17819"/>
<Loc EndOffset="17995" SrcFileId="3" StartOffset="17916"/>
<Loc EndOffset="18214" SrcFileId="3" StartOffset="18119"/>
<Loc EndOffset="18304" SrcFileId="3" StartOffset="18220"/>
<Loc EndOffset="18509" SrcFileId="3" StartOffset="18401"/>
<Loc EndOffset="18585" SrcFileId="3" StartOffset="18515"/>
<Loc EndOffset="18611" SrcFileId="3" StartOffset="18591"/>
<Loc EndOffset="18635" SrcFileId="3" StartOffset="18615"/>
<Loc EndOffset="18732" SrcFileId="3" StartOffset="18639"/>
<Loc EndOffset="18821" SrcFileId="3" StartOffset="18738"/>
<Loc EndOffset="19030" SrcFileId="3" StartOffset="18924"/>
<Loc EndOffset="19118" SrcFileId="3" StartOffset="19036"/>
<Loc EndOffset="19327" SrcFileId="3" StartOffset="19222"/>
<Loc EndOffset="20191" SrcFileId="3" StartOffset="19333"/>
</LocList>
<BasicStmnt CovItemId="S6" CovItemPrefix="devops.hw1.core.CardCollection.java" Intrnl_Id="206">
<LocList>
<Loc EndOffset="2739" SrcFileId="3" StartOffset="2677"/>
</LocList>
</BasicStmnt>
<BasicStmnt CovItemId="S7" CovItemPrefix="devops.hw1.core.CardCollection.java" Intrnl_Id="207">
<LocList>
<Loc EndOffset="2806" SrcFileId="3" StartOffset="2743"/>
</LocList>
</BasicStmnt>
<BasicStmnt CovItemId="S8" CovItemPrefix="devops.hw1.core.CardCollection.java" Intrnl_Id="208">
<LocList>
<Loc EndOffset="2873" SrcFileId="3" StartOffset="2810"/>
</LocList>
</BasicStmnt>
<BasicStmnt CovItemId="S9" CovItemPrefix="devops.hw1.core.CardCollection.java" Intrnl_Id="209">
<LocList>
<Loc EndOffset="2940" SrcFileId="3" StartOffset="2877"/>
</LocList>
</BasicStmnt>
<BasicStmnt CovItemId="S10" CovItemPrefix="devops.hw1.core.CardCollection.java" Intrnl_Id="210">
<LocList>
<Loc EndOffset="3007" SrcFileId="3" StartOffset="2944"/>
</LocList>
</BasicStmnt>
<BasicStmnt CovItemId="S11" CovItemPrefix="devops.hw1.core.CardCollection.java" Intrnl_Id="211">
<LocList>
<Loc EndOffset="3074" SrcFileId="3" StartOffset="3011"/>
</LocList>
</BasicStmnt>
<BasicStmnt CovItemId="S12" CovItemPrefix="devops.hw1.core.CardCollection.java" Intrnl_Id="212">
<LocList>
<Loc EndOffset="3141" SrcFileId="3" StartOffset="3078"/>
</LocList>
</BasicStmnt>
<BasicStmnt CovItemId="S13" CovItemPrefix="devops.hw1.core.CardCollection.java" Intrnl_Id="213">
<LocList>
<Loc EndOffset="3208" SrcFileId="3" StartOffset="3145"/>
</LocList>
</BasicStmnt>
<BasicStmnt CovItemId="S14" CovItemPrefix="devops.hw1.core.CardCollection.java" Intrnl_Id="214">
<LocList>
<Loc EndOffset="3275" SrcFileId="3" StartOffset="3212"/>
</LocList>
</BasicStmnt>
<BasicStmnt CovItemId="S15" CovItemPrefix="devops.hw1.core.CardCollection.java" Intrnl_Id="215">
<LocList>
<Loc EndOffset="3342" SrcFileId="3" StartOffset="3279"/>
</LocList>
</BasicStmnt>
<BasicStmnt CovItemId="S16" CovItemPrefix="devops.hw1.core.CardCollection.java" Intrnl_Id="216">
<LocList>
<Loc EndOffset="3410" SrcFileId="3" StartOffset="3346"/>
</LocList>
</BasicStmnt>
<BasicStmnt CovItemId="S17" CovItemPrefix="devops.hw1.core.CardCollection.java" Intrnl_Id="217">
<LocList>
<Loc EndOffset="3478" SrcFileId="3" StartOffset="3414"/>
</LocList>
</BasicStmnt>
<BasicStmnt CovItemId="S18" CovItemPrefix="devops.hw1.core.CardCollection.java" Intrnl_Id="218">
<LocList>
<Loc EndOffset="3546" SrcFileId="3" StartOffset="3482"/>
</LocList>
</BasicStmnt>
<BasicStmnt CovItemId="S19" CovItemPrefix="devops.hw1.core.CardCollection.java" Intrnl_Id="219">
<LocList>
<Loc EndOffset="3614" SrcFileId="3" StartOffset="3550"/>
</LocList>
</BasicStmnt>
<BasicStmnt CovItemId="S20" CovItemPrefix="devops.hw1.core.CardCollection.java" Intrnl_Id="220">
<LocList>
<Loc EndOffset="3682" SrcFileId="3" StartOffset="3618"/>
</LocList>
</BasicStmnt>
<BasicStmnt CovItemId="S21" CovItemPrefix="devops.hw1.core.CardCollection.java" Intrnl_Id="221">
<LocList>
<Loc EndOffset="3750" SrcFileId="3" StartOffset="3686"/>
</LocList>
</BasicStmnt>
<BasicStmnt CovItemId="S22" CovItemPrefix="devops.hw1.core.CardCollection.java" Intrnl_Id="222">
<LocList>
<Loc EndOffset="3818" SrcFileId="3" StartOffset="3754"/>
</LocList>
</BasicStmnt>
<BasicStmnt CovItemId="S23" CovItemPrefix="devops.hw1.core.CardCollection.java" Intrnl_Id="223">
<LocList>
<Loc EndOffset="3886" SrcFileId="3" StartOffset="3822"/>
</LocList>
</BasicStmnt>
<BasicStmnt CovItemId="S24" CovItemPrefix="devops.hw1.core.CardCollection.java" Intrnl_Id="224">
<LocList>
<Loc EndOffset="3954" SrcFileId="3" StartOffset="3890"/>
</LocList>
</BasicStmnt>
<BasicStmnt CovItemId="S25" CovItemPrefix="devops.hw1.core.CardCollection.java" Intrnl_Id="225">
<LocList>
<Loc EndOffset="4022" SrcFileId="3" StartOffset="3958"/>
</LocList>
</BasicStmnt>
<BasicStmnt CovItemId="S26" CovItemPrefix="devops.hw1.core.CardCollection.java" Intrnl_Id="226">
<LocList>
<Loc EndOffset="4090" SrcFileId="3" StartOffset="4026"/>
</LocList>
</BasicStmnt>
<BasicStmnt CovItemId="S27" CovItemPrefix="devops.hw1.core.CardCollection.java" Intrnl_Id="227">
<LocList>
<Loc EndOffset="4158" SrcFileId="3" StartOffset="4094"/>
</LocList>
</BasicStmnt>
<BasicStmnt CovItemId="S28" CovItemPrefix="devops.hw1.core.CardCollection.java" Intrnl_Id="228">
<LocList>
<Loc EndOffset="4226" SrcFileId="3" StartOffset="4162"/>
</LocList>
</BasicStmnt>
<BasicStmnt CovItemId="S29" CovItemPrefix="devops.hw1.core.CardCollection.java" Intrnl_Id="229">
<LocList>
<Loc EndOffset="4294" SrcFileId="3" StartOffset="4230"/>
</LocList>
</BasicStmnt>
<BasicStmnt CovItemId="S30" CovItemPrefix="devops.hw1.core.CardCollection.java" Intrnl_Id="230">
<LocList>
<Loc EndOffset="4362" SrcFileId="3" StartOffset="4298"/>
</LocList>
</BasicStmnt>
<BasicStmnt CovItemId="S31" CovItemPrefix="devops.hw1.core.CardCollection.java" Intrnl_Id="231">
<LocList>
<Loc EndOffset="4430" SrcFileId="3" StartOffset="4366"/>
</LocList>
</BasicStmnt>
<BasicStmnt CovItemId="S32" CovItemPrefix="devops.hw1.core.CardCollection.java" Intrnl_Id="232">
<LocList>
<Loc EndOffset="4498" SrcFileId="3" StartOffset="4434"/>
</LocList>
</BasicStmnt>
<BasicStmnt CovItemId="S33" CovItemPrefix="devops.hw1.core.CardCollection.java" Intrnl_Id="233">
<LocList>
<Loc EndOffset="4566" SrcFileId="3" StartOffset="4502"/>
</LocList>
</BasicStmnt>
<BasicStmnt CovItemId="S34" CovItemPrefix="devops.hw1.core.CardCollection.java" Intrnl_Id="234">
<LocList>
<Loc EndOffset="4634" SrcFileId="3" StartOffset="4570"/>
</LocList>
</BasicStmnt>
<BasicStmnt CovItemId="S35" CovItemPrefix="devops.hw1.core.CardCollection.java" Intrnl_Id="235">
<LocList>
<Loc EndOffset="4702" SrcFileId="3" StartOffset="4638"/>
</LocList>
</BasicStmnt>
<BasicStmnt CovItemId="S36" CovItemPrefix="devops.hw1.core.CardCollection.java" Intrnl_Id="236">
<LocList>
<Loc EndOffset="4770" SrcFileId="3" StartOffset="4706"/>
</LocList>
</BasicStmnt>
<BasicStmnt CovItemId="S37" CovItemPrefix="devops.hw1.core.CardCollection.java" Intrnl_Id="237">
<LocList>
<Loc EndOffset="4838" SrcFileId="3" StartOffset="4774"/>
</LocList>
</BasicStmnt>
<BasicStmnt CovItemId="S38" CovItemPrefix="devops.hw1.core.CardCollection.java" Intrnl_Id="238">
<LocList>
<Loc EndOffset="4906" SrcFileId="3" StartOffset="4842"/>
</LocList>
</BasicStmnt>
<BasicStmnt CovItemId="S39" CovItemPrefix="devops.hw1.core.CardCollection.java" Intrnl_Id="239">
<LocList>
<Loc EndOffset="4974" SrcFileId="3" StartOffset="4910"/>
</LocList>
</BasicStmnt>
<BasicStmnt CovItemId="S40" CovItemPrefix="devops.hw1.core.CardCollection.java" Intrnl_Id="240">
<LocList>
<Loc EndOffset="5042" SrcFileId="3" StartOffset="4978"/>
</LocList>
</BasicStmnt>
<BasicStmnt CovItemId="S41" CovItemPrefix="devops.hw1.core.CardCollection.java" Intrnl_Id="241">
<LocList>
<Loc EndOffset="5110" SrcFileId="3" StartOffset="5046"/>
</LocList>
</BasicStmnt>
<BasicStmnt CovItemId="S42" CovItemPrefix="devops.hw1.core.CardCollection.java" Intrnl_Id="242">
<LocList>
<Loc EndOffset="5178" SrcFileId="3" StartOffset="5114"/>
</LocList>
</BasicStmnt>
<BasicStmnt CovItemId="S43" CovItemPrefix="devops.hw1.core.CardCollection.java" Intrnl_Id="243">
<LocList>
<Loc EndOffset="5246" SrcFileId="3" StartOffset="5182"/>
</LocList>
</BasicStmnt>
<BasicStmnt CovItemId="S44" CovItemPrefix="devops.hw1.core.CardCollection.java" Intrnl_Id="244">
<LocList>
<Loc EndOffset="5314" SrcFileId="3" StartOffset="5250"/>
</LocList>
</BasicStmnt>
<BasicStmnt CovItemId="S45" CovItemPrefix="devops.hw1.core.CardCollection.java" Intrnl_Id="245">
<LocList>
<Loc EndOffset="5382" SrcFileId="3" StartOffset="5318"/>
</LocList>
</BasicStmnt>
<BasicStmnt CovItemId="S46" CovItemPrefix="devops.hw1.core.CardCollection.java" Intrnl_Id="246">
<LocList>
<Loc EndOffset="5450" SrcFileId="3" StartOffset="5386"/>
</LocList>
</BasicStmnt>
<BasicStmnt CovItemId="S47" CovItemPrefix="devops.hw1.core.CardCollection.java" Intrnl_Id="247">
<LocList>
<Loc EndOffset="5518" SrcFileId="3" StartOffset="5454"/>
</LocList>
</BasicStmnt>
<BasicStmnt CovItemId="S48" CovItemPrefix="devops.hw1.core.CardCollection.java" Intrnl_Id="248">
<LocList>
<Loc EndOffset="5586" SrcFileId="3" StartOffset="5522"/>
</LocList>
</BasicStmnt>
<BasicStmnt CovItemId="S49" CovItemPrefix="devops.hw1.core.CardCollection.java" Intrnl_Id="249">
<LocList>
<Loc EndOffset="5654" SrcFileId="3" StartOffset="5590"/>
</LocList>
</BasicStmnt>
<BasicStmnt CovItemId="S50" CovItemPrefix="devops.hw1.core.CardCollection.java" Intrnl_Id="250">
<LocList>
<Loc EndOffset="5722" SrcFileId="3" StartOffset="5658"/>
</LocList>
</BasicStmnt>
<BasicStmnt CovItemId="S51" CovItemPrefix="devops.hw1.core.CardCollection.java" Intrnl_Id="251">
<LocList>
<Loc EndOffset="5790" SrcFileId="3" StartOffset="5726"/>
</LocList>
</BasicStmnt>
<BasicStmnt CovItemId="S52" CovItemPrefix="devops.hw1.core.CardCollection.java" Intrnl_Id="252">
<LocList>
<Loc EndOffset="5858" SrcFileId="3" StartOffset="5794"/>
</LocList>
</BasicStmnt>
<BasicStmnt CovItemId="S53" CovItemPrefix="devops.hw1.core.CardCollection.java" Intrnl_Id="253">
<LocList>
<Loc EndOffset="5926" SrcFileId="3" StartOffset="5862"/>
</LocList>
</BasicStmnt>
<BasicStmnt CovItemId="S54" CovItemPrefix="devops.hw1.core.CardCollection.java" Intrnl_Id="254">
<LocList>
<Loc EndOffset="5994" SrcFileId="3" StartOffset="5930"/>
</LocList>
</BasicStmnt>
<BasicStmnt CovItemId="S55" CovItemPrefix="devops.hw1.core.CardCollection.java" Intrnl_Id="255">
<LocList>
<Loc EndOffset="6062" SrcFileId="3" StartOffset="5998"/>
</LocList>
</BasicStmnt>
<BasicStmnt CovItemId="S56" CovItemPrefix="devops.hw1.core.CardCollection.java" Intrnl_Id="256">
<LocList>
<Loc EndOffset="6095" SrcFileId="3" StartOffset="6068"/>
</LocList>
</BasicStmnt>
<BasicStmnt CovItemId="S57" CovItemPrefix="devops.hw1.core.CardCollection.java" Intrnl_Id="257">
<LocList>
<Loc EndOffset="6170" SrcFileId="3" StartOffset="6101"/>
</LocList>
</BasicStmnt>
<BasicStmnt CovItemId="S58" CovItemPrefix="devops.hw1.core.CardCollection.java" Intrnl_Id="258">
<LocList>
<Loc EndOffset="6194" SrcFileId="3" StartOffset="6176"/>
</LocList>
</BasicStmnt>
<BasicStmnt CovItemId="S59" CovItemPrefix="devops.hw1.core.CardCollection.java" Intrnl_Id="259">
<LocList>
<Loc EndOffset="6283" SrcFileId="3" StartOffset="6198"/>
</LocList>
</BasicStmnt>
<BasicStmnt CovItemId="S60" CovItemPrefix="devops.hw1.core.CardCollection.java" Intrnl_Id="260">
<LocList>
<Loc EndOffset="6356" SrcFileId="3" StartOffset="6289"/>
</LocList>
</BasicStmnt>
<BasicStmnt CovItemId="S61" CovItemPrefix="devops.hw1.core.CardCollection.java" Intrnl_Id="261">
<LocList>
<Loc EndOffset="6381" SrcFileId="3" StartOffset="6362"/>
</LocList>
</BasicStmnt>
<BasicStmnt CovItemId="S62" CovItemPrefix="devops.hw1.core.CardCollection.java" Intrnl_Id="262">
<LocList>
<Loc EndOffset="6465" SrcFileId="3" StartOffset="6385"/>
</LocList>
</BasicStmnt>
<BasicStmnt CovItemId="S63" CovItemPrefix="devops.hw1.core.CardCollection.java" Intrnl_Id="263">
<LocList>
<Loc EndOffset="6541" SrcFileId="3" StartOffset="6471"/>
</LocList>
</BasicStmnt>
<BasicStmnt CovItemId="S64" CovItemPrefix="devops.hw1.core.CardCollection.java" Intrnl_Id="264">
<LocList>
<Loc EndOffset="6565" SrcFileId="3" StartOffset="6547"/>
</LocList>
</BasicStmnt>
<BasicStmnt CovItemId="S65" CovItemPrefix="devops.hw1.core.CardCollection.java" Intrnl_Id="265">
<LocList>
<Loc EndOffset="6666" SrcFileId="3" StartOffset="6569"/>
</LocList>
</BasicStmnt>
<BasicStmnt CovItemId="S66" CovItemPrefix="devops.hw1.core.CardCollection.java" Intrnl_Id="266">
<LocList>
<Loc EndOffset="6741" SrcFileId="3" StartOffset="6672"/>
</LocList>
</BasicStmnt>
<BasicStmnt CovItemId="S67" CovItemPrefix="devops.hw1.core.CardCollection.java" Intrnl_Id="267">
<LocList>
<Loc EndOffset="6766" SrcFileId="3" StartOffset="6747"/>
</LocList>
</BasicStmnt>
<BasicStmnt CovItemId="S68" CovItemPrefix="devops.hw1.core.CardCollection.java" Intrnl_Id="268">
<LocList>
<Loc EndOffset="6858" SrcFileId="3" StartOffset="6770"/>
</LocList>
</BasicStmnt>
<BasicStmnt CovItemId="S69" CovItemPrefix="devops.hw1.core.CardCollection.java" Intrnl_Id="269">
<LocList>
<Loc EndOffset="6932" SrcFileId="3" StartOffset="6864"/>
</LocList>
</BasicStmnt>
<BasicStmnt CovItemId="S70" CovItemPrefix="devops.hw1.core.CardCollection.java" Intrnl_Id="270">
<LocList>
<Loc EndOffset="6957" SrcFileId="3" StartOffset="6938"/>
</LocList>
</BasicStmnt>
<BasicStmnt CovItemId="S71" CovItemPrefix="devops.hw1.core.CardCollection.java" Intrnl_Id="271">
<LocList>
<Loc EndOffset="6979" SrcFileId="3" StartOffset="6961"/>
</LocList>
</BasicStmnt>
<BasicStmnt CovItemId="S72" CovItemPrefix="devops.hw1.core.CardCollection.java" Intrnl_Id="272">
<LocList>
<Loc EndOffset="7074" SrcFileId="3" StartOffset="6983"/>
</LocList>
</BasicStmnt>
<BasicStmnt CovItemId="S73" CovItemPrefix="devops.hw1.core.CardCollection.java" Intrnl_Id="273">
<LocList>
<Loc EndOffset="7150" SrcFileId="3" StartOffset="7080"/>
</LocList>
</BasicStmnt>
<BasicStmnt CovItemId="S74" CovItemPrefix="devops.hw1.core.CardCollection.java" Intrnl_Id="274">
<LocList>
<Loc EndOffset="7175" SrcFileId="3" StartOffset="7156"/>
</LocList>
</BasicStmnt>
<BasicStmnt CovItemId="S75" CovItemPrefix="devops.hw1.core.CardCollection.java" Intrnl_Id="275">
<LocList>
<Loc EndOffset="7197" SrcFileId="3" StartOffset="7179"/>
</LocList>
</BasicStmnt>
<BasicStmnt CovItemId="S76" CovItemPrefix="devops.hw1.core.CardCollection.java" Intrnl_Id="276">
<LocList>
<Loc EndOffset="7297" SrcFileId="3" StartOffset="7201"/>
</LocList>
</BasicStmnt>
<BasicStmnt CovItemId="S77" CovItemPrefix="devops.hw1.core.CardCollection.java" Intrnl_Id="277">
<LocList>
<Loc EndOffset="7392" SrcFileId="3" StartOffset="7303"/>
</LocList>
</BasicStmnt>
<BasicStmnt CovItemId="S78" CovItemPrefix="devops.hw1.core.CardCollection.java" Intrnl_Id="278">
<LocList>
<Loc EndOffset="7416" SrcFileId="3" StartOffset="7398"/>
</LocList>
</BasicStmnt>
<BasicStmnt CovItemId="S79" CovItemPrefix="devops.hw1.core.CardCollection.java" Intrnl_Id="279">
<LocList>
<Loc EndOffset="7545" SrcFileId="3" StartOffset="7420"/>
</LocList>
</BasicStmnt>
<BasicStmnt CovItemId="S80" CovItemPrefix="devops.hw1.core.CardCollection.java" Intrnl_Id="280">
<LocList>
<Loc EndOffset="7636" SrcFileId="3" StartOffset="7551"/>
</LocList>
</BasicStmnt>
<BasicStmnt CovItemId="S81" CovItemPrefix="devops.hw1.core.CardCollection.java" Intrnl_Id="281">
<LocList>
<Loc EndOffset="7661" SrcFileId="3" StartOffset="7642"/>
</LocList>
</BasicStmnt>
<BasicStmnt CovItemId="S82" CovItemPrefix="devops.hw1.core.CardCollection.java" Intrnl_Id="282">
<LocList>
<Loc EndOffset="7771" SrcFileId="3" StartOffset="7665"/>
</LocList>
</BasicStmnt>
<BasicStmnt CovItemId="S83" CovItemPrefix="devops.hw1.core.CardCollection.java" Intrnl_Id="283">
<LocList>
<Loc EndOffset="7864" SrcFileId="3" StartOffset="7777"/>
</LocList>
</BasicStmnt>
<BasicStmnt CovItemId="S84" CovItemPrefix="devops.hw1.core.CardCollection.java" Intrnl_Id="284">
<LocList>
<Loc EndOffset="7955" SrcFileId="3" StartOffset="7935"/>
</LocList>
</BasicStmnt>
<BasicStmnt CovItemId="S85" CovItemPrefix="devops.hw1.core.CardCollection.java" Intrnl_Id="285">
<LocList>
<Loc EndOffset="7977" SrcFileId="3" StartOffset="7959"/>
</LocList>
</BasicStmnt>
<BasicStmnt CovItemId="S86" CovItemPrefix="devops.hw1.core.CardCollection.java" Intrnl_Id="286">
<LocList>
<Loc EndOffset="8091" SrcFileId="3" StartOffset="7981"/>
</LocList>
</BasicStmnt>
<BasicStmnt CovItemId="S87" CovItemPrefix="devops.hw1.core.CardCollection.java" Intrnl_Id="287">
<LocList>
<Loc EndOffset="8166" SrcFileId="3" StartOffset="8097"/>
</LocList>
</BasicStmnt>
<BasicStmnt CovItemId="S88" CovItemPrefix="devops.hw1.core.CardCollection.java" Intrnl_Id="288">
<LocList>
<Loc EndOffset="8339" SrcFileId="3" StartOffset="8244"/>
</LocList>
</BasicStmnt>
<BasicStmnt CovItemId="S89" CovItemPrefix="devops.hw1.core.CardCollection.java" Intrnl_Id="289">
<LocList>
<Loc EndOffset="8414" SrcFileId="3" StartOffset="8345"/>
</LocList>
</BasicStmnt>
<BasicStmnt CovItemId="S90" CovItemPrefix="devops.hw1.core.CardCollection.java" Intrnl_Id="290">
<LocList>
<Loc EndOffset="8512" SrcFileId="3" StartOffset="8492"/>
</LocList>
</BasicStmnt>
<BasicStmnt CovItemId="S91" CovItemPrefix="devops.hw1.core.CardCollection.java" Intrnl_Id="291">
<LocList>
<Loc EndOffset="8608" SrcFileId="3" StartOffset="8516"/>
</LocList>
</BasicStmnt>
<BasicStmnt CovItemId="S92" CovItemPrefix="devops.hw1.core.CardCollection.java" Intrnl_Id="292">
<LocList>
<Loc EndOffset="8699" SrcFileId="3" StartOffset="8614"/>
</LocList>
</BasicStmnt>
<BasicStmnt CovItemId="S93" CovItemPrefix="devops.hw1.core.CardCollection.java" Intrnl_Id="293">
<LocList>
<Loc EndOffset="8816" SrcFileId="3" StartOffset="8796"/>
</LocList>
</BasicStmnt>
<BasicStmnt CovItemId="S94" CovItemPrefix="devops.hw1.core.CardCollection.java" Intrnl_Id="294">
<LocList>
<Loc EndOffset="8929" SrcFileId="3" StartOffset="8820"/>
</LocList>
</BasicStmnt>
<BasicStmnt CovItemId="S95" CovItemPrefix="devops.hw1.core.CardCollection.java" Intrnl_Id="295">
<LocList>
<Loc EndOffset="9018" SrcFileId="3" StartOffset="8935"/>
</LocList>
</BasicStmnt>
<BasicStmnt CovItemId="S96" CovItemPrefix="devops.hw1.core.CardCollection.java" Intrnl_Id="296">
<LocList>
<Loc EndOffset="9226" SrcFileId="3" StartOffset="9122"/>
</LocList>
</BasicStmnt>
<BasicStmnt CovItemId="S97" CovItemPrefix="devops.hw1.core.CardCollection.java" Intrnl_Id="297">
<LocList>
<Loc EndOffset="9316" SrcFileId="3" StartOffset="9232"/>
</LocList>
</BasicStmnt>
<BasicStmnt CovItemId="S98" CovItemPrefix="devops.hw1.core.CardCollection.java" Intrnl_Id="298">
<LocList>
<Loc EndOffset="9501" SrcFileId="3" StartOffset="9390"/>
</LocList>
</BasicStmnt>
<BasicStmnt CovItemId="S99" CovItemPrefix="devops.hw1.core.CardCollection.java" Intrnl_Id="299">
<LocList>
<Loc EndOffset="9587" SrcFileId="3" StartOffset="9507"/>
</LocList>
</BasicStmnt>
<BasicStmnt CovItemId="S100" CovItemPrefix="devops.hw1.core.CardCollection.java" Intrnl_Id="300">
<LocList>
<Loc EndOffset="9685" SrcFileId="3" StartOffset="9665"/>
</LocList>
</BasicStmnt>
<BasicStmnt CovItemId="S101" CovItemPrefix="devops.hw1.core.CardCollection.java" Intrnl_Id="301">
<LocList>
<Loc EndOffset="9790" SrcFileId="3" StartOffset="9689"/>
</LocList>
</BasicStmnt>
<BasicStmnt CovItemId="S102" CovItemPrefix="devops.hw1.core.CardCollection.java" Intrnl_Id="302">
<LocList>
<Loc EndOffset="9885" SrcFileId="3" StartOffset="9796"/>
</LocList>
</BasicStmnt>
<BasicStmnt CovItemId="S103" CovItemPrefix="devops.hw1.core.CardCollection.java" Intrnl_Id="303">
<LocList>
<Loc EndOffset="10114" SrcFileId="3" StartOffset="9990"/>
</LocList>
</BasicStmnt>
<BasicStmnt CovItemId="S104" CovItemPrefix="devops.hw1.core.CardCollection.java" Intrnl_Id="304">
<LocList>
<Loc EndOffset="10191" SrcFileId="3" StartOffset="10120"/>
</LocList>
</BasicStmnt>
<BasicStmnt CovItemId="S105" CovItemPrefix="devops.hw1.core.CardCollection.java" Intrnl_Id="305">
<LocList>
<Loc EndOffset="10216" SrcFileId="3" StartOffset="10197"/>
</LocList>
</BasicStmnt>
<BasicStmnt CovItemId="S106" CovItemPrefix="devops.hw1.core.CardCollection.java" Intrnl_Id="306">
<LocList>
<Loc EndOffset="10240" SrcFileId="3" StartOffset="10220"/>
</LocList>
</BasicStmnt>
<BasicStmnt CovItemId="S107" CovItemPrefix="devops.hw1.core.CardCollection.java" Intrnl_Id="307">
<LocList>
<Loc EndOffset="10339" SrcFileId="3" StartOffset="10244"/>
</LocList>
</BasicStmnt>
<BasicStmnt CovItemId="S108" CovItemPrefix="devops.hw1.core.CardCollection.java" Intrnl_Id="308">
<LocList>
<Loc EndOffset="10425" SrcFileId="3" StartOffset="10345"/>
</LocList>
</BasicStmnt>
<BasicStmnt CovItemId="S109" CovItemPrefix="devops.hw1.core.CardCollection.java" Intrnl_Id="309">
<LocList>
<Loc EndOffset="10603" SrcFileId="3" StartOffset="10504"/>
</LocList>
</BasicStmnt>
<BasicStmnt CovItemId="S110" CovItemPrefix="devops.hw1.core.CardCollection.java" Intrnl_Id="310">
<LocList>
<Loc EndOffset="10694" SrcFileId="3" StartOffset="10609"/>
</LocList>
</BasicStmnt>
<BasicStmnt CovItemId="S111" CovItemPrefix="devops.hw1.core.CardCollection.java" Intrnl_Id="311">
<LocList>
<Loc EndOffset="10898" SrcFileId="3" StartOffset="10790"/>
</LocList>
</BasicStmnt>
<BasicStmnt CovItemId="S112" CovItemPrefix="devops.hw1.core.CardCollection.java" Intrnl_Id="312">
<LocList>
<Loc EndOffset="10986" SrcFileId="3" StartOffset="10904"/>
</LocList>
</BasicStmnt>
<BasicStmnt CovItemId="S113" CovItemPrefix="devops.hw1.core.CardCollection.java" Intrnl_Id="313">
<LocList>
<Loc EndOffset="11098" SrcFileId="3" StartOffset="11078"/>
</LocList>
</BasicStmnt>
<BasicStmnt CovItemId="S114" CovItemPrefix="devops.hw1.core.CardCollection.java" Intrnl_Id="314">
<LocList>
<Loc EndOffset="11208" SrcFileId="3" StartOffset="11102"/>
</LocList>
</BasicStmnt>
<BasicStmnt CovItemId="S115" CovItemPrefix="devops.hw1.core.CardCollection.java" Intrnl_Id="315">
<LocList>
<Loc EndOffset="11281" SrcFileId="3" StartOffset="11214"/>
</LocList>
</BasicStmnt>
<BasicStmnt CovItemId="S116" CovItemPrefix="devops.hw1.core.CardCollection.java" Intrnl_Id="316">
<LocList>
<Loc EndOffset="11307" SrcFileId="3" StartOffset="11287"/>
</LocList>
</BasicStmnt>
<BasicStmnt CovItemId="S117" CovItemPrefix="devops.hw1.core.CardCollection.java" Intrnl_Id="317">
<LocList>
<Loc EndOffset="11402" SrcFileId="3" StartOffset="11311"/>
</LocList>
</BasicStmnt>
<BasicStmnt CovItemId="S118" CovItemPrefix="devops.hw1.core.CardCollection.java" Intrnl_Id="318">
<LocList>
<Loc EndOffset="11489" SrcFileId="3" StartOffset="11408"/>
</LocList>
</BasicStmnt>
<BasicStmnt CovItemId="S119" CovItemPrefix="devops.hw1.core.CardCollection.java" Intrnl_Id="319">
<LocList>
<Loc EndOffset="11515" SrcFileId="3" StartOffset="11495"/>
</LocList>
</BasicStmnt>
<BasicStmnt CovItemId="S120" CovItemPrefix="devops.hw1.core.CardCollection.java" Intrnl_Id="320">
<LocList>
<Loc EndOffset="11539" SrcFileId="3" StartOffset="11519"/>
</LocList>
</BasicStmnt>
<BasicStmnt CovItemId="S121" CovItemPrefix="devops.hw1.core.CardCollection.java" Intrnl_Id="321">
<LocList>
<Loc EndOffset="11649" SrcFileId="3" StartOffset="11543"/>
</LocList>
</BasicStmnt>
<BasicStmnt CovItemId="S122" CovItemPrefix="devops.hw1.core.CardCollection.java" Intrnl_Id="322">
<LocList>
<Loc EndOffset="11726" SrcFileId="3" StartOffset="11655"/>
</LocList>
</BasicStmnt>
<BasicStmnt CovItemId="S123" CovItemPrefix="devops.hw1.core.CardCollection.java" Intrnl_Id="323">
<LocList>
<Loc EndOffset="11751" SrcFileId="3" StartOffset="11732"/>
</LocList>
</BasicStmnt>
<BasicStmnt CovItemId="S124" CovItemPrefix="devops.hw1.core.CardCollection.java" Intrnl_Id="324">
<LocList>
<Loc EndOffset="11855" SrcFileId="3" StartOffset="11755"/>
</LocList>
</BasicStmnt>
<BasicStmnt CovItemId="S125" CovItemPrefix="devops.hw1.core.CardCollection.java" Intrnl_Id="325">
<LocList>
<Loc EndOffset="11940" SrcFileId="3" StartOffset="11861"/>
</LocList>
</BasicStmnt>
<BasicStmnt CovItemId="S126" CovItemPrefix="devops.hw1.core.CardCollection.java" Intrnl_Id="326">
<LocList>
<Loc EndOffset="12099" SrcFileId="3" StartOffset="11999"/>
</LocList>
</BasicStmnt>
<BasicStmnt CovItemId="S127" CovItemPrefix="devops.hw1.core.CardCollection.java" Intrnl_Id="327">
<LocList>
<Loc EndOffset="12170" SrcFileId="3" StartOffset="12105"/>
</LocList>
</BasicStmnt>
<BasicStmnt CovItemId="S128" CovItemPrefix="devops.hw1.core.CardCollection.java" Intrnl_Id="328">
<LocList>
<Loc EndOffset="12259" SrcFileId="3" StartOffset="12238"/>
</LocList>
</BasicStmnt>
<BasicStmnt CovItemId="S129" CovItemPrefix="devops.hw1.core.CardCollection.java" Intrnl_Id="329">
<LocList>
<Loc EndOffset="12283" SrcFileId="3" StartOffset="12263"/>
</LocList>
</BasicStmnt>
<BasicStmnt CovItemId="S130" CovItemPrefix="devops.hw1.core.CardCollection.java" Intrnl_Id="330">
<LocList>
<Loc EndOffset="12371" SrcFileId="3" StartOffset="12287"/>
</LocList>
</BasicStmnt>
<BasicStmnt CovItemId="S131" CovItemPrefix="devops.hw1.core.CardCollection.java" Intrnl_Id="331">
<LocList>
<Loc EndOffset="12461" SrcFileId="3" StartOffset="12377"/>
</LocList>
</BasicStmnt>
<BasicStmnt CovItemId="S132" CovItemPrefix="devops.hw1.core.CardCollection.java" Intrnl_Id="332">
<LocList>
<Loc EndOffset="12572" SrcFileId="3" StartOffset="12551"/>
</LocList>
</BasicStmnt>
<BasicStmnt CovItemId="S133" CovItemPrefix="devops.hw1.core.CardCollection.java" Intrnl_Id="333">
<LocList>
<Loc EndOffset="12596" SrcFileId="3" StartOffset="12576"/>
</LocList>
</BasicStmnt>
<BasicStmnt CovItemId="S134" CovItemPrefix="devops.hw1.core.CardCollection.java" Intrnl_Id="334">
<LocList>
<Loc EndOffset="12708" SrcFileId="3" StartOffset="12600"/>
</LocList>
</BasicStmnt>
<BasicStmnt CovItemId="S135" CovItemPrefix="devops.hw1.core.CardCollection.java" Intrnl_Id="335">
<LocList>
<Loc EndOffset="12783" SrcFileId="3" StartOffset="12714"/>
</LocList>
</BasicStmnt>
<BasicStmnt CovItemId="S136" CovItemPrefix="devops.hw1.core.CardCollection.java" Intrnl_Id="336">
<LocList>
<Loc EndOffset="12933" SrcFileId="3" StartOffset="12846"/>
</LocList>
</BasicStmnt>
<BasicStmnt CovItemId="S137" CovItemPrefix="devops.hw1.core.CardCollection.java" Intrnl_Id="337">
<LocList>
<Loc EndOffset="13020" SrcFileId="3" StartOffset="12939"/>
</LocList>
</BasicStmnt>
<BasicStmnt CovItemId="S138" CovItemPrefix="devops.hw1.core.CardCollection.java" Intrnl_Id="338">
<LocList>
<Loc EndOffset="13205" SrcFileId="3" StartOffset="13098"/>
</LocList>
</BasicStmnt>
<BasicStmnt CovItemId="S139" CovItemPrefix="devops.hw1.core.CardCollection.java" Intrnl_Id="339">
<LocList>
<Loc EndOffset="13280" SrcFileId="3" StartOffset="13211"/>
</LocList>
</BasicStmnt>
<BasicStmnt CovItemId="S140" CovItemPrefix="devops.hw1.core.CardCollection.java" Intrnl_Id="340">
<LocList>
<Loc EndOffset="13382" SrcFileId="3" StartOffset="13362"/>
</LocList>
</BasicStmnt>
<BasicStmnt CovItemId="S141" CovItemPrefix="devops.hw1.core.CardCollection.java" Intrnl_Id="341">
<LocList>
<Loc EndOffset="13478" SrcFileId="3" StartOffset="13386"/>
</LocList>
</BasicStmnt>
<BasicStmnt CovItemId="S142" CovItemPrefix="devops.hw1.core.CardCollection.java" Intrnl_Id="342">
<LocList>
<Loc EndOffset="13570" SrcFileId="3" StartOffset="13484"/>
</LocList>
</BasicStmnt>
<BasicStmnt CovItemId="S143" CovItemPrefix="devops.hw1.core.CardCollection.java" Intrnl_Id="343">
<LocList>
<Loc EndOffset="13781" SrcFileId="3" StartOffset="13672"/>
</LocList>
</BasicStmnt>
<BasicStmnt CovItemId="S144" CovItemPrefix="devops.hw1.core.CardCollection.java" Intrnl_Id="344">
<LocList>
<Loc EndOffset="13867" SrcFileId="3" StartOffset="13787"/>
</LocList>
</BasicStmnt>
<BasicStmnt CovItemId="S145" CovItemPrefix="devops.hw1.core.CardCollection.java" Intrnl_Id="345">
<LocList>
<Loc EndOffset="13982" SrcFileId="3" StartOffset="13962"/>
</LocList>
</BasicStmnt>
<BasicStmnt CovItemId="S146" CovItemPrefix="devops.hw1.core.CardCollection.java" Intrnl_Id="346">
<LocList>
<Loc EndOffset="14090" SrcFileId="3" StartOffset="13986"/>
</LocList>
</BasicStmnt>
<BasicStmnt CovItemId="S147" CovItemPrefix="devops.hw1.core.CardCollection.java" Intrnl_Id="347">
<LocList>
<Loc EndOffset="14178" SrcFileId="3" StartOffset="14096"/>
</LocList>
</BasicStmnt>
<BasicStmnt CovItemId="S148" CovItemPrefix="devops.hw1.core.CardCollection.java" Intrnl_Id="348">
<LocList>
<Loc EndOffset="14204" SrcFileId="3" StartOffset="14184"/>
</LocList>
</BasicStmnt>
<BasicStmnt CovItemId="S149" CovItemPrefix="devops.hw1.core.CardCollection.java" Intrnl_Id="349">
<LocList>
<Loc EndOffset="14228" SrcFileId="3" StartOffset="14208"/>
</LocList>
</BasicStmnt>
<BasicStmnt CovItemId="S150" CovItemPrefix="devops.hw1.core.CardCollection.java" Intrnl_Id="350">
<LocList>
<Loc EndOffset="14338" SrcFileId="3" StartOffset="14232"/>
</LocList>
</BasicStmnt>
<BasicStmnt CovItemId="S151" CovItemPrefix="devops.hw1.core.CardCollection.java" Intrnl_Id="351">
<LocList>
<Loc EndOffset="14417" SrcFileId="3" StartOffset="14348"/>
</LocList>
</BasicStmnt>
<BasicStmnt CovItemId="S152" CovItemPrefix="devops.hw1.core.CardCollection.java" Intrnl_Id="352">
<LocList>
<Loc EndOffset="14531" SrcFileId="3" StartOffset="14511"/>
</LocList>
</BasicStmnt>
<BasicStmnt CovItemId="S153" CovItemPrefix="devops.hw1.core.CardCollection.java" Intrnl_Id="353">
<LocList>
<Loc EndOffset="14626" SrcFileId="3" StartOffset="14535"/>
</LocList>
</BasicStmnt>
<BasicStmnt CovItemId="S154" CovItemPrefix="devops.hw1.core.CardCollection.java" Intrnl_Id="354">
<LocList>
<Loc EndOffset="14718" SrcFileId="3" StartOffset="14632"/>
</LocList>
</BasicStmnt>
<BasicStmnt CovItemId="S155" CovItemPrefix="devops.hw1.core.CardCollection.java" Intrnl_Id="355">
<LocList>
<Loc EndOffset="14811" SrcFileId="3" StartOffset="14790"/>
</LocList>
</BasicStmnt>
<BasicStmnt CovItemId="S156" CovItemPrefix="devops.hw1.core.CardCollection.java" Intrnl_Id="356">
<LocList>
<Loc EndOffset="14834" SrcFileId="3" StartOffset="14815"/>
</LocList>
</BasicStmnt>
<BasicStmnt CovItemId="S157" CovItemPrefix="devops.hw1.core.CardCollection.java" Intrnl_Id="357">
<LocList>
<Loc EndOffset="14953" SrcFileId="3" StartOffset="14838"/>
</LocList>
</BasicStmnt>
<BasicStmnt CovItemId="S158" CovItemPrefix="devops.hw1.core.CardCollection.java" Intrnl_Id="358">
<LocList>
<Loc EndOffset="15046" SrcFileId="3" StartOffset="14959"/>
</LocList>
</BasicStmnt>
<BasicStmnt CovItemId="S159" CovItemPrefix="devops.hw1.core.CardCollection.java" Intrnl_Id="359">
<LocList>
<Loc EndOffset="15137" SrcFileId="3" StartOffset="15116"/>
</LocList>
</BasicStmnt>
<BasicStmnt CovItemId="S160" CovItemPrefix="devops.hw1.core.CardCollection.java" Intrnl_Id="360">
<LocList>
<Loc EndOffset="15161" SrcFileId="3" StartOffset="15141"/>
</LocList>
</BasicStmnt>
<BasicStmnt CovItemId="S161" CovItemPrefix="devops.hw1.core.CardCollection.java" Intrnl_Id="361">
<LocList>
<Loc EndOffset="15275" SrcFileId="3" StartOffset="15165"/>
</LocList>
</BasicStmnt>
<BasicStmnt CovItemId="S162" CovItemPrefix="devops.hw1.core.CardCollection.java" Intrnl_Id="362">
<LocList>
<Loc EndOffset="15353" SrcFileId="3" StartOffset="15281"/>
</LocList>
</BasicStmnt>
<BasicStmnt CovItemId="S163" CovItemPrefix="devops.hw1.core.CardCollection.java" Intrnl_Id="363">
<LocList>
<Loc EndOffset="15511" SrcFileId="3" StartOffset="15419"/>
</LocList>
</BasicStmnt>
<BasicStmnt CovItemId="S164" CovItemPrefix="devops.hw1.core.CardCollection.java" Intrnl_Id="364">
<LocList>
<Loc EndOffset="15588" SrcFileId="3" StartOffset="15517"/>
</LocList>
</BasicStmnt>
<BasicStmnt CovItemId="S165" CovItemPrefix="devops.hw1.core.CardCollection.java" Intrnl_Id="365">
<LocList>
<Loc EndOffset="15807" SrcFileId="3" StartOffset="15711"/>
</LocList>
</BasicStmnt>
<BasicStmnt CovItemId="S166" CovItemPrefix="devops.hw1.core.CardCollection.java" Intrnl_Id="366">
<LocList>
<Loc EndOffset="15881" SrcFileId="3" StartOffset="15813"/>
</LocList>
</BasicStmnt>
<BasicStmnt CovItemId="S167" CovItemPrefix="devops.hw1.core.CardCollection.java" Intrnl_Id="367">
<LocList>
<Loc EndOffset="15907" SrcFileId="3" StartOffset="15887"/>
</LocList>
</BasicStmnt>
<BasicStmnt CovItemId="S168" CovItemPrefix="devops.hw1.core.CardCollection.java" Intrnl_Id="368">
<LocList>
<Loc EndOffset="15930" SrcFileId="3" StartOffset="15911"/>
</LocList>
</BasicStmnt>
<BasicStmnt CovItemId="S169" CovItemPrefix="devops.hw1.core.CardCollection.java" Intrnl_Id="369">
<LocList>
<Loc EndOffset="16021" SrcFileId="3" StartOffset="15934"/>
</LocList>
</BasicStmnt>
<BasicStmnt CovItemId="S170" CovItemPrefix="devops.hw1.core.CardCollection.java" Intrnl_Id="370">
<LocList>
<Loc EndOffset="16114" SrcFileId="3" StartOffset="16027"/>
</LocList>
</BasicStmnt>
<BasicStmnt CovItemId="S171" CovItemPrefix="devops.hw1.core.CardCollection.java" Intrnl_Id="371">
<LocList>
<Loc EndOffset="16323" SrcFileId="3" StartOffset="16207"/>
</LocList>
</BasicStmnt>
<BasicStmnt CovItemId="S172" CovItemPrefix="devops.hw1.core.CardCollection.java" Intrnl_Id="372">
<LocList>
<Loc EndOffset="16408" SrcFileId="3" StartOffset="16329"/>
</LocList>
</BasicStmnt>
<BasicStmnt CovItemId="S173" CovItemPrefix="devops.hw1.core.CardCollection.java" Intrnl_Id="373">
<LocList>
<Loc EndOffset="16579" SrcFileId="3" StartOffset="16475"/>
</LocList>
</BasicStmnt>
<BasicStmnt CovItemId="S174" CovItemPrefix="devops.hw1.core.CardCollection.java" Intrnl_Id="374">
<LocList>
<Loc EndOffset="16670" SrcFileId="3" StartOffset="16585"/>
</LocList>
</BasicStmnt>
<BasicStmnt CovItemId="S175" CovItemPrefix="devops.hw1.core.CardCollection.java" Intrnl_Id="375">
<LocList>
<Loc EndOffset="16851" SrcFileId="3" StartOffset="16740"/>
</LocList>
</BasicStmnt>
<BasicStmnt CovItemId="S176" CovItemPrefix="devops.hw1.core.CardCollection.java" Intrnl_Id="376">
<LocList>
<Loc EndOffset="16940" SrcFileId="3" StartOffset="16857"/>
</LocList>
</BasicStmnt>
<BasicStmnt CovItemId="S177" CovItemPrefix="devops.hw1.core.CardCollection.java" Intrnl_Id="377">
<LocList>
<Loc EndOffset="17123" SrcFileId="3" StartOffset="17019"/>
</LocList>
</BasicStmnt>
<BasicStmnt CovItemId="S178" CovItemPrefix="devops.hw1.core.CardCollection.java" Intrnl_Id="378">
<LocList>
<Loc EndOffset="17208" SrcFileId="3" StartOffset="17129"/>
</LocList>
</BasicStmnt>
<BasicStmnt CovItemId="S179" CovItemPrefix="devops.hw1.core.CardCollection.java" Intrnl_Id="379">
<LocList>
<Loc EndOffset="17234" SrcFileId="3" StartOffset="17214"/>
</LocList>
</BasicStmnt>
<BasicStmnt CovItemId="S180" CovItemPrefix="devops.hw1.core.CardCollection.java" Intrnl_Id="380">
<LocList>
<Loc EndOffset="17257" SrcFileId="3" StartOffset="17238"/>
</LocList>
</BasicStmnt>
<BasicStmnt CovItemId="S181" CovItemPrefix="devops.hw1.core.CardCollection.java" Intrnl_Id="381">
<LocList>
<Loc EndOffset="17360" SrcFileId="3" StartOffset="17261"/>
</LocList>
</BasicStmnt>
<BasicStmnt CovItemId="S182" CovItemPrefix="devops.hw1.core.CardCollection.java" Intrnl_Id="382">
<LocList>
<Loc EndOffset="17437" SrcFileId="3" StartOffset="17366"/>
</LocList>
</BasicStmnt>
<BasicStmnt CovItemId="S183" CovItemPrefix="devops.hw1.core.CardCollection.java" Intrnl_Id="383">
<LocList>
<Loc EndOffset="17616" SrcFileId="3" StartOffset="17516"/>
</LocList>
</BasicStmnt>
<BasicStmnt CovItemId="S184" CovItemPrefix="devops.hw1.core.CardCollection.java" Intrnl_Id="384">
<LocList>
<Loc EndOffset="17692" SrcFileId="3" StartOffset="17622"/>
</LocList>
</BasicStmnt>
<BasicStmnt CovItemId="S185" CovItemPrefix="devops.hw1.core.CardCollection.java" Intrnl_Id="385">
<LocList>
<Loc EndOffset="17791" SrcFileId="3" StartOffset="17770"/>
</LocList>
</BasicStmnt>
<BasicStmnt CovItemId="S186" CovItemPrefix="devops.hw1.core.CardCollection.java" Intrnl_Id="386">
<LocList>
<Loc EndOffset="17815" SrcFileId="3" StartOffset="17795"/>
</LocList>
</BasicStmnt>
<BasicStmnt CovItemId="S187" CovItemPrefix="devops.hw1.core.CardCollection.java" Intrnl_Id="387">
<LocList>
<Loc EndOffset="17910" SrcFileId="3" StartOffset="17819"/>
</LocList>
</BasicStmnt>
<BasicStmnt CovItemId="S188" CovItemPrefix="devops.hw1.core.CardCollection.java" Intrnl_Id="388">
<LocList>
<Loc EndOffset="17995" SrcFileId="3" StartOffset="17916"/>
</LocList>
</BasicStmnt>
<BasicStmnt CovItemId="S189" CovItemPrefix="devops.hw1.core.CardCollection.java" Intrnl_Id="389">
<LocList>
<Loc EndOffset="18214" SrcFileId="3" StartOffset="18119"/>
</LocList>
</BasicStmnt>
<BasicStmnt CovItemId="S190" CovItemPrefix="devops.hw1.core.CardCollection.java" Intrnl_Id="390">
<LocList>
<Loc EndOffset="18304" SrcFileId="3" StartOffset="18220"/>
</LocList>
</BasicStmnt>
<BasicStmnt CovItemId="S191" CovItemPrefix="devops.hw1.core.CardCollection.java" Intrnl_Id="391">
<LocList>
<Loc EndOffset="18509" SrcFileId="3" StartOffset="18401"/>
</LocList>
</BasicStmnt>
<BasicStmnt CovItemId="S192" CovItemPrefix="devops.hw1.core.CardCollection.java" Intrnl_Id="392">
<LocList>
<Loc EndOffset="18585" SrcFileId="3" StartOffset="18515"/>
</LocList>
</BasicStmnt>
<BasicStmnt CovItemId="S193" CovItemPrefix="devops.hw1.core.CardCollection.java" Intrnl_Id="393">
<LocList>
<Loc EndOffset="18611" SrcFileId="3" StartOffset="18591"/>
</LocList>
</BasicStmnt>
<BasicStmnt CovItemId="S194" CovItemPrefix="devops.hw1.core.CardCollection.java" Intrnl_Id="394">
<LocList>
<Loc EndOffset="18635" SrcFileId="3" StartOffset="18615"/>
</LocList>
</BasicStmnt>
<BasicStmnt CovItemId="S195" CovItemPrefix="devops.hw1.core.CardCollection.java" Intrnl_Id="395">
<LocList>
<Loc EndOffset="18732" SrcFileId="3" StartOffset="18639"/>
</LocList>
</BasicStmnt>
<BasicStmnt CovItemId="S196" CovItemPrefix="devops.hw1.core.CardCollection.java" Intrnl_Id="396">
<LocList>
<Loc EndOffset="18821" SrcFileId="3" StartOffset="18738"/>
</LocList>
</BasicStmnt>
<BasicStmnt CovItemId="S197" CovItemPrefix="devops.hw1.core.CardCollection.java" Intrnl_Id="397">
<LocList>
<Loc EndOffset="19030" SrcFileId="3" StartOffset="18924"/>
</LocList>
</BasicStmnt>
<BasicStmnt CovItemId="S198" CovItemPrefix="devops.hw1.core.CardCollection.java" Intrnl_Id="398">
<LocList>
<Loc EndOffset="19118" SrcFileId="3" StartOffset="19036"/>
</LocList>
</BasicStmnt>
<BasicStmnt CovItemId="S199" CovItemPrefix="devops.hw1.core.CardCollection.java" Intrnl_Id="399">
<LocList>
<Loc EndOffset="19327" SrcFileId="3" StartOffset="19222"/>
</LocList>
</BasicStmnt>
<BasicStmnt CovItemId="S200" CovItemPrefix="devops.hw1.core.CardCollection.java" Intrnl_Id="400">
<LocList>
<Loc EndOffset="20191" SrcFileId="3" StartOffset="19333"/>
</LocList>
</BasicStmnt>
</StmntSeq>
</HierarchyLvl>
</HierarchyLvl>
<HierarchyLvl HierarchyLvlId="398" HierarchyLvlTypeId="11" Intrnl_Id="401" Name="HeroCard">
<Header>
<Loc EndOffset="224" SrcFileId="4" StartOffset="189"/>
</Header>
<LocList>
<Loc EndOffset="1066" SrcFileId="4" StartOffset="189"/>
</LocList>
<HierarchyLvl HierarchyLvlId="395" HierarchyLvlTypeId="10" Intrnl_Id="402" Name="HeroCard">
<Header>
<Loc EndOffset="248" SrcFileId="4" StartOffset="231"/>
</Header>
<LocList>
<Loc EndOffset="272" SrcFileId="4" StartOffset="231"/>
</LocList>
<StmntSeq Intrnl_Id="403">
<LocList>
<Loc EndOffset="268" SrcFileId="4" StartOffset="254"/>
</LocList>
<BasicStmnt CovItemId="S1" CovItemPrefix="devops.hw1.core.HeroCard.java" Intrnl_Id="404">
<LocList>
<Loc EndOffset="268" SrcFileId="4" StartOffset="254"/>
</LocList>
</BasicStmnt>
</StmntSeq>
</HierarchyLvl>
<HierarchyLvl HierarchyLvlId="396" HierarchyLvlTypeId="10" Intrnl_Id="405" Name="HeroCard">
<Header>
<Loc EndOffset="299" SrcFileId="4" StartOffset="277"/>
</Header>
<LocList>
<Loc EndOffset="323" SrcFileId="4" StartOffset="277"/>
</LocList>
<StmntSeq Intrnl_Id="406">
<LocList>
<Loc EndOffset="319" SrcFileId="4" StartOffset="305"/>
</LocList>
<BasicStmnt CovItemId="S2" CovItemPrefix="devops.hw1.core.HeroCard.java" Intrnl_Id="407">
<LocList>
<Loc EndOffset="319" SrcFileId="4" StartOffset="305"/>
</LocList>
</BasicStmnt>
</StmntSeq>
</HierarchyLvl>
<HierarchyLvl HierarchyLvlId="397" HierarchyLvlTypeId="10" Intrnl_Id="408" Name="HeroCard">
<Header>
<Loc EndOffset="867" SrcFileId="4" StartOffset="718"/>
</Header>
<LocList>
<Loc EndOffset="1061" SrcFileId="4" StartOffset="718"/>
</LocList>
<StmntSeq Intrnl_Id="409">
<LocList>
<Loc EndOffset="892" SrcFileId="4" StartOffset="873"/>
<Loc EndOffset="913" SrcFileId="4" StartOffset="896"/>
<Loc EndOffset="940" SrcFileId="4" StartOffset="917"/>
<Loc EndOffset="961" SrcFileId="4" StartOffset="944"/>
<Loc EndOffset="984" SrcFileId="4" StartOffset="965"/>
<Loc EndOffset="1009" SrcFileId="4" StartOffset="988"/>
<Loc EndOffset="1036" SrcFileId="4" StartOffset="1013"/>
<Loc EndOffset="1057" SrcFileId="4" StartOffset="1040"/>
</LocList>
<BasicStmnt CovItemId="S3" CovItemPrefix="devops.hw1.core.HeroCard.java" Intrnl_Id="410">
<LocList>
<Loc EndOffset="892" SrcFileId="4" StartOffset="873"/>
</LocList>
</BasicStmnt>
<BasicStmnt CovItemId="S4" CovItemPrefix="devops.hw1.core.HeroCard.java" Intrnl_Id="411">
<LocList>
<Loc EndOffset="913" SrcFileId="4" StartOffset="896"/>
</LocList>
</BasicStmnt>
<BasicStmnt CovItemId="S5" CovItemPrefix="devops.hw1.core.HeroCard.java" Intrnl_Id="412">
<LocList>
<Loc EndOffset="940" SrcFileId="4" StartOffset="917"/>
</LocList>
</BasicStmnt>
<BasicStmnt CovItemId="S6" CovItemPrefix="devops.hw1.core.HeroCard.java" Intrnl_Id="413">
<LocList>
<Loc EndOffset="961" SrcFileId="4" StartOffset="944"/>
</LocList>
</BasicStmnt>
<BasicStmnt CovItemId="S7" CovItemPrefix="devops.hw1.core.HeroCard.java" Intrnl_Id="414">
<LocList>
<Loc EndOffset="984" SrcFileId="4" StartOffset="965"/>
</LocList>
</BasicStmnt>
<BasicStmnt CovItemId="S8" CovItemPrefix="devops.hw1.core.HeroCard.java" Intrnl_Id="415">
<LocList>
<Loc EndOffset="1009" SrcFileId="4" StartOffset="988"/>
</LocList>
</BasicStmnt>
<BasicStmnt CovItemId="S9" CovItemPrefix="devops.hw1.core.HeroCard.java" Intrnl_Id="416">
<LocList>
<Loc EndOffset="1036" SrcFileId="4" StartOffset="1013"/>
</LocList>
</BasicStmnt>
<BasicStmnt CovItemId="S10" CovItemPrefix="devops.hw1.core.HeroCard.java" Intrnl_Id="417">
<LocList>
<Loc EndOffset="1057" SrcFileId="4" StartOffset="1040"/>
</LocList>
</BasicStmnt>
</StmntSeq>
</HierarchyLvl>
</HierarchyLvl>
<HierarchyLvl HierarchyLvlId="428" HierarchyLvlTypeId="11" Intrnl_Id="418" Name="Player">
<Header>
<Loc EndOffset="280" SrcFileId="5" StartOffset="261"/>
</Header>
<LocList>
<Loc EndOffset="8489" SrcFileId="5" StartOffset="261"/>
</LocList>
<StmntSeq Intrnl_Id="419">
<LocList>
<Loc EndOffset="500" SrcFileId="5" StartOffset="469"/>
</LocList>
<BasicStmnt CovItemId="S1" CovItemPrefix="devops.hw1.core.Player.java" Intrnl_Id="420">
<LocList>
<Loc EndOffset="500" SrcFileId="5" StartOffset="469"/>
</LocList>
</BasicStmnt>
</StmntSeq>
<HierarchyLvl HierarchyLvlId="399" HierarchyLvlTypeId="10" Intrnl_Id="421" Name="Player">
<Header>
<Loc EndOffset="628" SrcFileId="5" StartOffset="612"/>
</Header>
<LocList>
<Loc EndOffset="975" SrcFileId="5" StartOffset="612"/>
</LocList>
<StmntSeq Intrnl_Id="422">
<LocList>
<Loc EndOffset="665" SrcFileId="5" StartOffset="644"/>
<Loc EndOffset="746" SrcFileId="5" StartOffset="634"/>
<Loc EndOffset="792" SrcFileId="5" StartOffset="750"/>
<Loc EndOffset="837" SrcFileId="5" StartOffset="796"/>
<Loc EndOffset="883" SrcFileId="5" StartOffset="841"/>
<Loc EndOffset="909" SrcFileId="5" StartOffset="887"/>
<Loc EndOffset="950" SrcFileId="5" StartOffset="913"/>
<Loc EndOffset="971" SrcFileId="5" StartOffset="954"/>
</LocList>
<BasicStmnt CovItemId="S3" CovItemPrefix="devops.hw1.core.Player.java" Intrnl_Id="423">
<LocList>
<Loc EndOffset="665" SrcFileId="5" StartOffset="644"/>
</LocList>
</BasicStmnt>
<CondStmnt CovItemId="S2" CovItemPrefix="devops.hw1.core.Player.java" Intrnl_Id="424">
<Branch CovItemId="B1" CovItemPrefix="devops.hw1.core.Player.java" Implct="true" Intrnl_Id="425">
<Cond/>
<LocList/>
<StmntSeq Intrnl_Id="426">
<LocList/>
</StmntSeq>
</Branch>
<Branch CovItemId="B2" CovItemPrefix="devops.hw1.core.Player.java" Implct="false" Intrnl_Id="427">
<Cond>
<Loc EndOffset="692" SrcFileId="5" StartOffset="671"/>
</Cond>
<LocList>
<Loc EndOffset="746" SrcFileId="5" StartOffset="693"/>
</LocList>
<StmntSeq Intrnl_Id="428">
<LocList>
<Loc EndOffset="741" SrcFileId="5" StartOffset="699"/>
</LocList>
<BasicStmnt CovItemId="S4" CovItemPrefix="devops.hw1.core.Player.java" Intrnl_Id="429">
<LocList>
<Loc EndOffset="741" SrcFileId="5" StartOffset="699"/>
</LocList>
</BasicStmnt>
</StmntSeq>
</Branch>
<Keyword EndOffset="637" SrcFileId="5" StartOffset="634"/>
<LocList>
<Loc EndOffset="746" SrcFileId="5" StartOffset="634"/>
</LocList>
</CondStmnt>
<BasicStmnt CovItemId="S5" CovItemPrefix="devops.hw1.core.Player.java" Intrnl_Id="430">
<LocList>
<Loc EndOffset="792" SrcFileId="5" StartOffset="750"/>
</LocList>
</BasicStmnt>
<BasicStmnt CovItemId="S6" CovItemPrefix="devops.hw1.core.Player.java" Intrnl_Id="431">
<LocList>
<Loc EndOffset="837" SrcFileId="5" StartOffset="796"/>
</LocList>
</BasicStmnt>
<BasicStmnt CovItemId="S7" CovItemPrefix="devops.hw1.core.Player.java" Intrnl_Id="432">
<LocList>
<Loc EndOffset="883" SrcFileId="5" StartOffset="841"/>
</LocList>
</BasicStmnt>
<BasicStmnt CovItemId="S8" CovItemPrefix="devops.hw1.core.Player.java" Intrnl_Id="433">
<LocList>
<Loc EndOffset="909" SrcFileId="5" StartOffset="887"/>
</LocList>
</BasicStmnt>
<BasicStmnt CovItemId="S9" CovItemPrefix="devops.hw1.core.Player.java" Intrnl_Id="434">
<LocList>
<Loc EndOffset="950" SrcFileId="5" StartOffset="913"/>
</LocList>
</BasicStmnt>
<BasicStmnt CovItemId="S10" CovItemPrefix="devops.hw1.core.Player.java" Intrnl_Id="435">
<LocList>
<Loc EndOffset="971" SrcFileId="5" StartOffset="954"/>
</LocList>
</BasicStmnt>
</StmntSeq>
</HierarchyLvl>
<HierarchyLvl HierarchyLvlId="400" HierarchyLvlTypeId="10" Intrnl_Id="436" Name="initialiseDeck">
<Header>
<Loc EndOffset="1069" SrcFileId="5" StartOffset="1041"/>
</Header>
<LocList>
<Loc EndOffset="1250" SrcFileId="5" StartOffset="1041"/>
</LocList>
<StmntSeq Intrnl_Id="437">
<LocList>
<Loc EndOffset="1160" SrcFileId="5" StartOffset="1075"/>
<Loc EndOffset="1246" SrcFileId="5" StartOffset="1164"/>
</LocList>
<LoopStmnt CovItemId="S11" CovItemPrefix="devops.hw1.core.Player.java" Intrnl_Id="438" MltplExecId="L1-2" MltplExecPrefix="devops.hw1.core.Player.java" NvrExecId="L1-0" NvrExecPrefix="devops.hw1.core.Player.java" OnceExecutedId="L1-1" OnceExecutedPrefix="devops.hw1.core.Player.java" OptBodyExec="true">
<StmntSeq Intrnl_Id="439">
<LocList>
<Loc EndOffset="1155" SrcFileId="5" StartOffset="1109"/>
</LocList>
<BasicStmnt CovItemId="S12" CovItemPrefix="devops.hw1.core.Player.java" Intrnl_Id="440">
<LocList>
<Loc EndOffset="1155" SrcFileId="5" StartOffset="1109"/>
</LocList>
</BasicStmnt>
</StmntSeq>
<Keyword EndOffset="1078" SrcFileId="5" StartOffset="1075"/>
<LocList>
<Loc EndOffset="1160" SrcFileId="5" StartOffset="1075"/>
</LocList>
<RootTerm CovItemId="C1" CovItemPrefix="devops.hw1.core.Player.java" Intrnl_Id="441">
<BasicBoolTerm Intrnl_Id="442">
<LocList>
<Loc EndOffset="1096" SrcFileId="5" StartOffset="1091"/>
</LocList>
</BasicBoolTerm>
</RootTerm>
</LoopStmnt>
<LoopStmnt CovItemId="S13" CovItemPrefix="devops.hw1.core.Player.java" Intrnl_Id="443" MltplExecId="L2-2" MltplExecPrefix="devops.hw1.core.Player.java" NvrExecId="L2-0" NvrExecPrefix="devops.hw1.core.Player.java" OnceExecutedId="L2-1" OnceExecutedPrefix="devops.hw1.core.Player.java" OptBodyExec="true">
<StmntSeq Intrnl_Id="444">
<LocList>
<Loc EndOffset="1241" SrcFileId="5" StartOffset="1198"/>
</LocList>
<BasicStmnt CovItemId="S14" CovItemPrefix="devops.hw1.core.Player.java" Intrnl_Id="445">
<LocList>
<Loc EndOffset="1241" SrcFileId="5" StartOffset="1198"/>
</LocList>
</BasicStmnt>
</StmntSeq>
<Keyword EndOffset="1167" SrcFileId="5" StartOffset="1164"/>
<LocList>
<Loc EndOffset="1246" SrcFileId="5" StartOffset="1164"/>
</LocList>
<RootTerm CovItemId="C2" CovItemPrefix="devops.hw1.core.Player.java" Intrnl_Id="446">
<BasicBoolTerm Intrnl_Id="447">
<LocList>
<Loc EndOffset="1185" SrcFileId="5" StartOffset="1180"/>
</LocList>
</BasicBoolTerm>
</RootTerm>
</LoopStmnt>
</StmntSeq>
</HierarchyLvl>
<HierarchyLvl HierarchyLvlId="401" HierarchyLvlTypeId="10" Intrnl_Id="448" Name="endTurn">
<Header>
<Loc EndOffset="1384" SrcFileId="5" StartOffset="1363"/>
</Header>
<LocList>
<Loc EndOffset="1537" SrcFileId="5" StartOffset="1363"/>
</LocList>
<StmntSeq Intrnl_Id="449">
<LocList>
<Loc EndOffset="1430" SrcFileId="5" StartOffset="1390"/>
<Loc EndOffset="1457" SrcFileId="5" StartOffset="1434"/>
<Loc EndOffset="1478" SrcFileId="5" StartOffset="1461"/>
<Loc EndOffset="1512" SrcFileId="5" StartOffset="1482"/>
<Loc EndOffset="1533" SrcFileId="5" StartOffset="1516"/>
</LocList>
<BasicStmnt CovItemId="S15" CovItemPrefix="devops.hw1.core.Player.java" Intrnl_Id="450">
<LocList>
<Loc EndOffset="1430" SrcFileId="5" StartOffset="1390"/>
</LocList>
</BasicStmnt>
<BasicStmnt CovItemId="S16" CovItemPrefix="devops.hw1.core.Player.java" Intrnl_Id="451">
<LocList>
<Loc EndOffset="1457" SrcFileId="5" StartOffset="1434"/>
</LocList>
</BasicStmnt>
<BasicStmnt CovItemId="S17" CovItemPrefix="devops.hw1.core.Player.java" Intrnl_Id="452">
<LocList>
<Loc EndOffset="1478" SrcFileId="5" StartOffset="1461"/>
</LocList>
</BasicStmnt>
<BasicStmnt CovItemId="S18" CovItemPrefix="devops.hw1.core.Player.java" Intrnl_Id="453">
<LocList>
<Loc EndOffset="1512" SrcFileId="5" StartOffset="1482"/>
</LocList>
</BasicStmnt>
<BasicStmnt CovItemId="S19" CovItemPrefix="devops.hw1.core.Player.java" Intrnl_Id="454">
<LocList>
<Loc EndOffset="1533" SrcFileId="5" StartOffset="1516"/>
</LocList>
</BasicStmnt>
</StmntSeq>
</HierarchyLvl>
<HierarchyLvl HierarchyLvlId="402" HierarchyLvlTypeId="10" Intrnl_Id="455" Name="makePlayer">
<Header>
<Loc EndOffset="1669" SrcFileId="5" StartOffset="1636"/>
</Header>
<LocList>
<Loc EndOffset="1732" SrcFileId="5" StartOffset="1636"/>
</LocList>
<StmntSeq Intrnl_Id="456">
<LocList>
<Loc EndOffset="1707" SrcFileId="5" StartOffset="1675"/>
<Loc EndOffset="1728" SrcFileId="5" StartOffset="1711"/>
</LocList>
<BasicStmnt CovItemId="S20" CovItemPrefix="devops.hw1.core.Player.java" Intrnl_Id="457">
<LocList>
<Loc EndOffset="1707" SrcFileId="5" StartOffset="1675"/>
</LocList>
</BasicStmnt>
<BasicStmnt CovItemId="S21" CovItemPrefix="devops.hw1.core.Player.java" Intrnl_Id="458">
<LocList>
<Loc EndOffset="1728" SrcFileId="5" StartOffset="1711"/>
</LocList>
</BasicStmnt>
</StmntSeq>
</HierarchyLvl>
<HierarchyLvl HierarchyLvlId="403" HierarchyLvlTypeId="10" Intrnl_Id="459" Name="addRunes">
<Header>
<Loc EndOffset="1920" SrcFileId="5" StartOffset="1893"/>
</Header>
<LocList>
<Loc EndOffset="1997" SrcFileId="5" StartOffset="1893"/>
</LocList>
<StmntSeq Intrnl_Id="460">
<LocList>
<Loc EndOffset="1993" SrcFileId="5" StartOffset="1926"/>
</LocList>
<BasicStmnt CovItemId="S22" CovItemPrefix="devops.hw1.core.Player.java" Intrnl_Id="461">
<LocList>
<Loc EndOffset="1993" SrcFileId="5" StartOffset="1926"/>
</LocList>
<QMO CovItemId="Q0" CovItemPrefix="devops.hw1.core.Player.java" Intrnl_Id="462">
<LocList>
<Loc EndOffset="1965" SrcFileId="5" StartOffset="1940"/>
</LocList>
<QMO_E CovItemId="Q0-0" CovItemPrefix="devops.hw1.core.Player.java" Intrnl_Id="463">
<LocList>
<Loc EndOffset="1987" SrcFileId="5" StartOffset="1968"/>
</LocList>
</QMO_E>
<QMO_E CovItemId="Q0-1" CovItemPrefix="devops.hw1.core.Player.java" Intrnl_Id="464">
<LocList>
<Loc EndOffset="1991" SrcFileId="5" StartOffset="1990"/>
</LocList>
</QMO_E>
</QMO>
</BasicStmnt>
</StmntSeq>
</HierarchyLvl>
<HierarchyLvl HierarchyLvlId="404" HierarchyLvlTypeId="10" Intrnl_Id="465" Name="getRunes">
<Header>
<Loc EndOffset="2148" SrcFileId="5" StartOffset="2127"/>
</Header>
<LocList>
<Loc EndOffset="2176" SrcFileId="5" StartOffset="2127"/>
</LocList>
<StmntSeq Intrnl_Id="466">
<LocList>
<Loc EndOffset="2172" SrcFileId="5" StartOffset="2154"/>
</LocList>
<BasicStmnt CovItemId="S23" CovItemPrefix="devops.hw1.core.Player.java" Intrnl_Id="467">
<LocList>
<Loc EndOffset="2172" SrcFileId="5" StartOffset="2154"/>
</LocList>
</BasicStmnt>
</StmntSeq>
</HierarchyLvl>
<HierarchyLvl HierarchyLvlId="405" HierarchyLvlTypeId="10" Intrnl_Id="468" Name="setRunes">
<Header>
<Loc EndOffset="2363" SrcFileId="5" StartOffset="2332"/>
</Header>
<LocList>
<Loc EndOffset="2392" SrcFileId="5" StartOffset="2332"/>
</LocList>
<StmntSeq Intrnl_Id="469">
<LocList>
<Loc EndOffset="2388" SrcFileId="5" StartOffset="2369"/>
</LocList>
<BasicStmnt CovItemId="S24" CovItemPrefix="devops.hw1.core.Player.java" Intrnl_Id="470">
<LocList>
<Loc EndOffset="2388" SrcFileId="5" StartOffset="2369"/>
</LocList>
</BasicStmnt>
</StmntSeq>
</HierarchyLvl>
<HierarchyLvl HierarchyLvlId="406" HierarchyLvlTypeId="10" Intrnl_Id="471" Name="getDiscardSize">
<Header>
<Loc EndOffset="2539" SrcFileId="5" StartOffset="2512"/>
</Header>
<LocList>
<Loc EndOffset="2580" SrcFileId="5" StartOffset="2512"/>
</LocList>
<StmntSeq Intrnl_Id="472">
<LocList>
<Loc EndOffset="2576" SrcFileId="5" StartOffset="2545"/>
</LocList>
<BasicStmnt CovItemId="S25" CovItemPrefix="devops.hw1.core.Player.java" Intrnl_Id="473">
<LocList>
<Loc EndOffset="2576" SrcFileId="5" StartOffset="2545"/>
</LocList>
</BasicStmnt>
</StmntSeq>
</HierarchyLvl>
<HierarchyLvl HierarchyLvlId="407" HierarchyLvlTypeId="10" Intrnl_Id="474" Name="discard">
<Header>
<Loc EndOffset="2783" SrcFileId="5" StartOffset="2752"/>
</Header>
<LocList>
<Loc EndOffset="2918" SrcFileId="5" StartOffset="2752"/>
</LocList>
<StmntSeq Intrnl_Id="475">
<LocList>
<Loc EndOffset="2883" SrcFileId="5" StartOffset="2789"/>
<Loc EndOffset="2914" SrcFileId="5" StartOffset="2887"/>
</LocList>
<CondStmnt CovItemId="S26" CovItemPrefix="devops.hw1.core.Player.java" Intrnl_Id="476">
<Branch CovItemId="B3" CovItemPrefix="devops.hw1.core.Player.java" Implct="false" Intrnl_Id="477">
<Cond/>
<LocList>
<Loc EndOffset="2883" SrcFileId="5" StartOffset="2807"/>
</LocList>
<StmntSeq Intrnl_Id="478">
<LocList>
<Loc EndOffset="2866" SrcFileId="5" StartOffset="2813"/>
<Loc EndOffset="2878" SrcFileId="5" StartOffset="2871"/>
</LocList>
<BasicStmnt CovItemId="S27" CovItemPrefix="devops.hw1.core.Player.java" Intrnl_Id="479">
<LocList>
<Loc EndOffset="2866" SrcFileId="5" StartOffset="2813"/>
</LocList>
</BasicStmnt>
<BasicStmnt CovItemId="S28" CovItemPrefix="devops.hw1.core.Player.java" Intrnl_Id="480">
<LocList>
<Loc EndOffset="2878" SrcFileId="5" StartOffset="2871"/>
</LocList>
</BasicStmnt>
</StmntSeq>
</Branch>
<Branch CovItemId="B4" CovItemPrefix="devops.hw1.core.Player.java" Implct="true" Intrnl_Id="481">
<Cond/>
<LocList/>
<StmntSeq Intrnl_Id="482">
<LocList/>
</StmntSeq>
</Branch>
<Keyword EndOffset="2791" SrcFileId="5" StartOffset="2789"/>
<LocList>
<Loc EndOffset="2883" SrcFileId="5" StartOffset="2789"/>
</LocList>
<RootTerm CovItemId="C3" CovItemPrefix="devops.hw1.core.Player.java" Intrnl_Id="483">
<BasicBoolTerm Intrnl_Id="484">
<LocList>
<Loc EndOffset="2805" SrcFileId="5" StartOffset="2793"/>
</LocList>
</BasicBoolTerm>
</RootTerm>
</CondStmnt>
<BasicStmnt CovItemId="S29" CovItemPrefix="devops.hw1.core.Player.java" Intrnl_Id="485">
<LocList>
<Loc EndOffset="2914" SrcFileId="5" StartOffset="2887"/>
</LocList>
</BasicStmnt>
</StmntSeq>
</HierarchyLvl>
<HierarchyLvl HierarchyLvlId="408" HierarchyLvlTypeId="10" Intrnl_Id="486" Name="getDiscardPile">
<Header>
<Loc EndOffset="3079" SrcFileId="5" StartOffset="3039"/>
</Header>
<LocList>
<Loc EndOffset="3113" SrcFileId="5" StartOffset="3039"/>
</LocList>
<StmntSeq Intrnl_Id="487">
<LocList>
<Loc EndOffset="3109" SrcFileId="5" StartOffset="3085"/>
</LocList>
<BasicStmnt CovItemId="S30" CovItemPrefix="devops.hw1.core.Player.java" Intrnl_Id="488">
<LocList>
<Loc EndOffset="3109" SrcFileId="5" StartOffset="3085"/>
</LocList>
</BasicStmnt>
</StmntSeq>
</HierarchyLvl>
<HierarchyLvl HierarchyLvlId="409" HierarchyLvlTypeId="10" Intrnl_Id="489" Name="buyCard">
<Header>
<Loc EndOffset="3520" SrcFileId="5" StartOffset="3486"/>
</Header>
<LocList>
<Loc EndOffset="3719" SrcFileId="5" StartOffset="3486"/>
</LocList>
<StmntSeq Intrnl_Id="490">
<LocList>
<Loc EndOffset="3698" SrcFileId="5" StartOffset="3526"/>
<Loc EndOffset="3715" SrcFileId="5" StartOffset="3702"/>
</LocList>
<CondStmnt CovItemId="S31" CovItemPrefix="devops.hw1.core.Player.java" Intrnl_Id="491">
<Branch CovItemId="B5" CovItemPrefix="devops.hw1.core.Player.java" Implct="false" Intrnl_Id="492">
<Cond/>
<LocList>
<Loc EndOffset="3698" SrcFileId="5" StartOffset="3543"/>
</LocList>
<StmntSeq Intrnl_Id="493">
<LocList>
<Loc EndOffset="3575" SrcFileId="5" StartOffset="3549"/>
<Loc EndOffset="3693" SrcFileId="5" StartOffset="3580"/>
</LocList>
<BasicStmnt CovItemId="S32" CovItemPrefix="devops.hw1.core.Player.java" Intrnl_Id="494">
<LocList>
<Loc EndOffset="3575" SrcFileId="5" StartOffset="3549"/>
</LocList>
</BasicStmnt>
<CondStmnt CovItemId="S33" CovItemPrefix="devops.hw1.core.Player.java" Intrnl_Id="495">
<Branch CovItemId="B7" CovItemPrefix="devops.hw1.core.Player.java" Implct="false" Intrnl_Id="496">
<Cond/>
<LocList>
<Loc EndOffset="3693" SrcFileId="5" StartOffset="3604"/>
</LocList>
<StmntSeq Intrnl_Id="497">
<LocList>
<Loc EndOffset="3644" SrcFileId="5" StartOffset="3611"/>
<Loc EndOffset="3669" SrcFileId="5" StartOffset="3650"/>
<Loc EndOffset="3687" SrcFileId="5" StartOffset="3675"/>
</LocList>
<BasicStmnt CovItemId="S34" CovItemPrefix="devops.hw1.core.Player.java" Intrnl_Id="498">
<LocList>
<Loc EndOffset="3644" SrcFileId="5" StartOffset="3611"/>
</LocList>
</BasicStmnt>
<BasicStmnt CovItemId="S35" CovItemPrefix="devops.hw1.core.Player.java" Intrnl_Id="499">
<LocList>
<Loc EndOffset="3669" SrcFileId="5" StartOffset="3650"/>
</LocList>
</BasicStmnt>
<BasicStmnt CovItemId="S36" CovItemPrefix="devops.hw1.core.Player.java" Intrnl_Id="500">
<LocList>
<Loc EndOffset="3687" SrcFileId="5" StartOffset="3675"/>
</LocList>
</BasicStmnt>
</StmntSeq>
</Branch>
<Branch CovItemId="B8" CovItemPrefix="devops.hw1.core.Player.java" Implct="true" Intrnl_Id="501">
<Cond/>
<LocList/>
<StmntSeq Intrnl_Id="502">
<LocList/>
</StmntSeq>
</Branch>
<Keyword EndOffset="3582" SrcFileId="5" StartOffset="3580"/>
<LocList>
<Loc EndOffset="3693" SrcFileId="5" StartOffset="3580"/>
</LocList>
<RootTerm CovItemId="C5" CovItemPrefix="devops.hw1.core.Player.java" Intrnl_Id="503">
<BasicBoolTerm Intrnl_Id="504">
<LocList>
<Loc EndOffset="3602" SrcFileId="5" StartOffset="3584"/>
</LocList>
</BasicBoolTerm>
</RootTerm>
</CondStmnt>
</StmntSeq>
</Branch>
<Branch CovItemId="B6" CovItemPrefix="devops.hw1.core.Player.java" Implct="true" Intrnl_Id="505">
<Cond/>
<LocList/>
<StmntSeq Intrnl_Id="506">
<LocList/>
</StmntSeq>
</Branch>
<Keyword EndOffset="3528" SrcFileId="5" StartOffset="3526"/>
<LocList>
<Loc EndOffset="3698" SrcFileId="5" StartOffset="3526"/>
</LocList>
<RootTerm CovItemId="C4" CovItemPrefix="devops.hw1.core.Player.java" Intrnl_Id="507">
<BasicBoolTerm Intrnl_Id="508">
<LocList>
<Loc EndOffset="3542" SrcFileId="5" StartOffset="3530"/>
</LocList>
</BasicBoolTerm>
</RootTerm>
</CondStmnt>
<BasicStmnt CovItemId="S37" CovItemPrefix="devops.hw1.core.Player.java" Intrnl_Id="509">
<LocList>
<Loc EndOffset="3715" SrcFileId="5" StartOffset="3702"/>
</LocList>
</BasicStmnt>
</StmntSeq>
</HierarchyLvl>
<HierarchyLvl HierarchyLvlId="410" HierarchyLvlTypeId="10" Intrnl_Id="510" Name="attackCard">
<Header>
<Loc EndOffset="4059" SrcFileId="5" StartOffset="4009"/>
</Header>
<LocList>
<Loc EndOffset="4299" SrcFileId="5" StartOffset="4009"/>
</LocList>
<StmntSeq Intrnl_Id="511">
<LocList>
<Loc EndOffset="4278" SrcFileId="5" StartOffset="4065"/>
<Loc EndOffset="4295" SrcFileId="5" StartOffset="4282"/>
</LocList>
<CondStmnt CovItemId="S38" CovItemPrefix="devops.hw1.core.Player.java" Intrnl_Id="512">
<Branch CovItemId="B9" CovItemPrefix="devops.hw1.core.Player.java" Implct="false" Intrnl_Id="513">
<Cond/>
<LocList>
<Loc EndOffset="4278" SrcFileId="5" StartOffset="4082"/>
</LocList>
<StmntSeq Intrnl_Id="514">
<LocList>
<Loc EndOffset="4122" SrcFileId="5" StartOffset="4088"/>
<Loc EndOffset="4273" SrcFileId="5" StartOffset="4127"/>
</LocList>
<BasicStmnt CovItemId="S39" CovItemPrefix="devops.hw1.core.Player.java" Intrnl_Id="515">
<LocList>
<Loc EndOffset="4122" SrcFileId="5" StartOffset="4088"/>
</LocList>
</BasicStmnt>
<CondStmnt CovItemId="S40" CovItemPrefix="devops.hw1.core.Player.java" Intrnl_Id="516">
<Branch CovItemId="B11" CovItemPrefix="devops.hw1.core.Player.java" Implct="false" Intrnl_Id="517">
<Cond/>
<LocList>
<Loc EndOffset="4273" SrcFileId="5" StartOffset="4155"/>
</LocList>
<StmntSeq Intrnl_Id="518">
<LocList>
<Loc EndOffset="4190" SrcFileId="5" StartOffset="4162"/>
<Loc EndOffset="4220" SrcFileId="5" StartOffset="4196"/>
<Loc EndOffset="4249" SrcFileId="5" StartOffset="4226"/>
<Loc EndOffset="4267" SrcFileId="5" StartOffset="4255"/>
</LocList>
<BasicStmnt CovItemId="S41" CovItemPrefix="devops.hw1.core.Player.java" Intrnl_Id="519">
<LocList>
<Loc EndOffset="4190" SrcFileId="5" StartOffset="4162"/>
</LocList>
</BasicStmnt>
<BasicStmnt CovItemId="S42" CovItemPrefix="devops.hw1.core.Player.java" Intrnl_Id="520">
<LocList>
<Loc EndOffset="4220" SrcFileId="5" StartOffset="4196"/>
</LocList>
</BasicStmnt>
<BasicStmnt CovItemId="S43" CovItemPrefix="devops.hw1.core.Player.java" Intrnl_Id="521">
<LocList>
<Loc EndOffset="4249" SrcFileId="5" StartOffset="4226"/>
</LocList>
</BasicStmnt>
<BasicStmnt CovItemId="S44" CovItemPrefix="devops.hw1.core.Player.java" Intrnl_Id="522">
<LocList>
<Loc EndOffset="4267" SrcFileId="5" StartOffset="4255"/>
</LocList>
</BasicStmnt>
</StmntSeq>
</Branch>
<Branch CovItemId="B12" CovItemPrefix="devops.hw1.core.Player.java" Implct="true" Intrnl_Id="523">
<Cond/>
<LocList/>
<StmntSeq Intrnl_Id="524">
<LocList/>
</StmntSeq>
</Branch>
<Keyword EndOffset="4129" SrcFileId="5" StartOffset="4127"/>
<LocList>
<Loc EndOffset="4273" SrcFileId="5" StartOffset="4127"/>
</LocList>
<RootTerm CovItemId="C7" CovItemPrefix="devops.hw1.core.Player.java" Intrnl_Id="525">
<BasicBoolTerm Intrnl_Id="526">
<LocList>
<Loc EndOffset="4153" SrcFileId="5" StartOffset="4131"/>
</LocList>
</BasicBoolTerm>
</RootTerm>
</CondStmnt>
</StmntSeq>
</Branch>
<Branch CovItemId="B10" CovItemPrefix="devops.hw1.core.Player.java" Implct="true" Intrnl_Id="527">
<Cond/>
<LocList/>
<StmntSeq Intrnl_Id="528">
<LocList/>
</StmntSeq>
</Branch>
<Keyword EndOffset="4067" SrcFileId="5" StartOffset="4065"/>
<LocList>
<Loc EndOffset="4278" SrcFileId="5" StartOffset="4065"/>
</LocList>
<RootTerm CovItemId="C6" CovItemPrefix="devops.hw1.core.Player.java" Intrnl_Id="529">
<BasicBoolTerm Intrnl_Id="530">
<LocList>
<Loc EndOffset="4081" SrcFileId="5" StartOffset="4069"/>
</LocList>
</BasicBoolTerm>
</RootTerm>
</CondStmnt>
<BasicStmnt CovItemId="S45" CovItemPrefix="devops.hw1.core.Player.java" Intrnl_Id="531">
<LocList>
<Loc EndOffset="4295" SrcFileId="5" StartOffset="4282"/>
</LocList>
</BasicStmnt>
</StmntSeq>
</HierarchyLvl>
<HierarchyLvl HierarchyLvlId="411" HierarchyLvlTypeId="10" Intrnl_Id="532" Name="getHandSize">
<Header>
<Loc EndOffset="4424" SrcFileId="5" StartOffset="4400"/>
</Header>
<LocList>
<Loc EndOffset="4464" SrcFileId="5" StartOffset="4400"/>
</LocList>
<StmntSeq Intrnl_Id="533">
<LocList>
<Loc EndOffset="4460" SrcFileId="5" StartOffset="4430"/>
</LocList>
<BasicStmnt CovItemId="S46" CovItemPrefix="devops.hw1.core.Player.java" Intrnl_Id="534">
<LocList>
<Loc EndOffset="4460" SrcFileId="5" StartOffset="4430"/>
</LocList>
</BasicStmnt>
</StmntSeq>
</HierarchyLvl>
<HierarchyLvl HierarchyLvlId="412" HierarchyLvlTypeId="10" Intrnl_Id="535" Name="drawCard">
<Header>
<Loc EndOffset="4575" SrcFileId="5" StartOffset="4553"/>
</Header>
<LocList>
<Loc EndOffset="4820" SrcFileId="5" StartOffset="4553"/>
</LocList>
<StmntSeq Intrnl_Id="536">
<LocList>
<Loc EndOffset="4736" SrcFileId="5" StartOffset="4581"/>
<Loc EndOffset="4782" SrcFileId="5" StartOffset="4740"/>
<Loc EndOffset="4816" SrcFileId="5" StartOffset="4786"/>
</LocList>
<CondStmnt CovItemId="S47" CovItemPrefix="devops.hw1.core.Player.java" Intrnl_Id="537">
<Branch CovItemId="B13" CovItemPrefix="devops.hw1.core.Player.java" Implct="false" Intrnl_Id="538">
<Cond/>
<LocList>
<Loc EndOffset="4736" SrcFileId="5" StartOffset="4612"/>
</LocList>
<StmntSeq Intrnl_Id="539">
<LocList>
<Loc EndOffset="4659" SrcFileId="5" StartOffset="4618"/>
<Loc EndOffset="4689" SrcFileId="5" StartOffset="4664"/>
<Loc EndOffset="4731" SrcFileId="5" StartOffset="4694"/>
</LocList>
<BasicStmnt CovItemId="S48" CovItemPrefix="devops.hw1.core.Player.java" Intrnl_Id="540">
<LocList>
<Loc EndOffset="4659" SrcFileId="5" StartOffset="4618"/>
</LocList>
</BasicStmnt>
<BasicStmnt CovItemId="S49" CovItemPrefix="devops.hw1.core.Player.java" Intrnl_Id="541">
<LocList>
<Loc EndOffset="4689" SrcFileId="5" StartOffset="4664"/>
</LocList>
</BasicStmnt>
<BasicStmnt CovItemId="S50" CovItemPrefix="devops.hw1.core.Player.java" Intrnl_Id="542">
<LocList>
<Loc EndOffset="4731" SrcFileId="5" StartOffset="4694"/>
</LocList>
</BasicStmnt>
</StmntSeq>
</Branch>
<Branch CovItemId="B14" CovItemPrefix="devops.hw1.core.Player.java" Implct="true" Intrnl_Id="543">
<Cond/>
<LocList/>
<StmntSeq Intrnl_Id="544">
<LocList/>
</StmntSeq>
</Branch>
<Keyword EndOffset="4583" SrcFileId="5" StartOffset="4581"/>
<LocList>
<Loc EndOffset="4736" SrcFileId="5" StartOffset="4581"/>
</LocList>
<RootTerm CovItemId="C8" CovItemPrefix="devops.hw1.core.Player.java" Intrnl_Id="545">
<BasicBoolTerm Intrnl_Id="546">
<LocList>
<Loc EndOffset="4610" SrcFileId="5" StartOffset="4585"/>
</LocList>
</BasicBoolTerm>
</RootTerm>
</CondStmnt>
<BasicStmnt CovItemId="S51" CovItemPrefix="devops.hw1.core.Player.java" Intrnl_Id="547">
<LocList>
<Loc EndOffset="4782" SrcFileId="5" StartOffset="4740"/>
</LocList>
</BasicStmnt>
<BasicStmnt CovItemId="S52" CovItemPrefix="devops.hw1.core.Player.java" Intrnl_Id="548">
<LocList>
<Loc EndOffset="4816" SrcFileId="5" StartOffset="4786"/>
</LocList>
</BasicStmnt>
</StmntSeq>
</HierarchyLvl>
<HierarchyLvl HierarchyLvlId="413" HierarchyLvlTypeId="10" Intrnl_Id="549" Name="addCardToDeck">
<Header>
<Loc EndOffset="4977" SrcFileId="5" StartOffset="4940"/>
</Header>
<LocList>
<Loc EndOffset="5121" SrcFileId="5" StartOffset="4940"/>
</LocList>
<StmntSeq Intrnl_Id="550">
<LocList>
<Loc EndOffset="5085" SrcFileId="5" StartOffset="4985"/>
<Loc EndOffset="5117" SrcFileId="5" StartOffset="5091"/>
</LocList>
<CondStmnt CovItemId="S53" CovItemPrefix="devops.hw1.core.Player.java" Intrnl_Id="551">
<Branch CovItemId="B15" CovItemPrefix="devops.hw1.core.Player.java" Implct="false" Intrnl_Id="552">
<Cond/>
<LocList>
<Loc EndOffset="5085" SrcFileId="5" StartOffset="5003"/>
</LocList>
<StmntSeq Intrnl_Id="553">
<LocList>
<Loc EndOffset="5068" SrcFileId="5" StartOffset="5009"/>
<Loc EndOffset="5080" SrcFileId="5" StartOffset="5073"/>
</LocList>
<BasicStmnt CovItemId="S54" CovItemPrefix="devops.hw1.core.Player.java" Intrnl_Id="554">
<LocList>
<Loc EndOffset="5068" SrcFileId="5" StartOffset="5009"/>
</LocList>
</BasicStmnt>
<BasicStmnt CovItemId="S55" CovItemPrefix="devops.hw1.core.Player.java" Intrnl_Id="555">
<LocList>
<Loc EndOffset="5080" SrcFileId="5" StartOffset="5073"/>
</LocList>
</BasicStmnt>
</StmntSeq>
</Branch>
<Branch CovItemId="B16" CovItemPrefix="devops.hw1.core.Player.java" Implct="true" Intrnl_Id="556">
<Cond/>
<LocList/>
<StmntSeq Intrnl_Id="557">
<LocList/>
</StmntSeq>
</Branch>
<Keyword EndOffset="4987" SrcFileId="5" StartOffset="4985"/>
<LocList>
<Loc EndOffset="5085" SrcFileId="5" StartOffset="4985"/>
</LocList>
<RootTerm CovItemId="C9" CovItemPrefix="devops.hw1.core.Player.java" Intrnl_Id="558">
<BasicBoolTerm Intrnl_Id="559">
<LocList>
<Loc EndOffset="5001" SrcFileId="5" StartOffset="4989"/>
</LocList>
</BasicBoolTerm>
</RootTerm>
</CondStmnt>
<BasicStmnt CovItemId="S56" CovItemPrefix="devops.hw1.core.Player.java" Intrnl_Id="560">
<LocList>
<Loc EndOffset="5117" SrcFileId="5" StartOffset="5091"/>
</LocList>
</BasicStmnt>
</StmntSeq>
</HierarchyLvl>
<HierarchyLvl HierarchyLvlId="414" HierarchyLvlTypeId="10" Intrnl_Id="561" Name="addCardToHand">
<Header>
<Loc EndOffset="5280" SrcFileId="5" StartOffset="5243"/>
</Header>
<LocList>
<Loc EndOffset="5422" SrcFileId="5" StartOffset="5243"/>
</LocList>
<StmntSeq Intrnl_Id="562">
<LocList>
<Loc EndOffset="5388" SrcFileId="5" StartOffset="5288"/>
<Loc EndOffset="5418" SrcFileId="5" StartOffset="5392"/>
</LocList>
<CondStmnt CovItemId="S57" CovItemPrefix="devops.hw1.core.Player.java" Intrnl_Id="563">
<Branch CovItemId="B17" CovItemPrefix="devops.hw1.core.Player.java" Implct="false" Intrnl_Id="564">
<Cond/>
<LocList>
<Loc EndOffset="5388" SrcFileId="5" StartOffset="5306"/>
</LocList>
<StmntSeq Intrnl_Id="565">
<LocList>
<Loc EndOffset="5371" SrcFileId="5" StartOffset="5312"/>
<Loc EndOffset="5383" SrcFileId="5" StartOffset="5376"/>
</LocList>
<BasicStmnt CovItemId="S58" CovItemPrefix="devops.hw1.core.Player.java" Intrnl_Id="566">
<LocList>
<Loc EndOffset="5371" SrcFileId="5" StartOffset="5312"/>
</LocList>
</BasicStmnt>
<BasicStmnt CovItemId="S59" CovItemPrefix="devops.hw1.core.Player.java" Intrnl_Id="567">
<LocList>
<Loc EndOffset="5383" SrcFileId="5" StartOffset="5376"/>
</LocList>
</BasicStmnt>
</StmntSeq>
</Branch>
<Branch CovItemId="B18" CovItemPrefix="devops.hw1.core.Player.java" Implct="true" Intrnl_Id="568">
<Cond/>
<LocList/>
<StmntSeq Intrnl_Id="569">
<LocList/>
</StmntSeq>
</Branch>
<Keyword EndOffset="5290" SrcFileId="5" StartOffset="5288"/>
<LocList>
<Loc EndOffset="5388" SrcFileId="5" StartOffset="5288"/>
</LocList>
<RootTerm CovItemId="C10" CovItemPrefix="devops.hw1.core.Player.java" Intrnl_Id="570">
<BasicBoolTerm Intrnl_Id="571">
<LocList>
<Loc EndOffset="5304" SrcFileId="5" StartOffset="5292"/>
</LocList>
</BasicBoolTerm>
</RootTerm>
</CondStmnt>
<BasicStmnt CovItemId="S60" CovItemPrefix="devops.hw1.core.Player.java" Intrnl_Id="572">
<LocList>
<Loc EndOffset="5418" SrcFileId="5" StartOffset="5392"/>
</LocList>
</BasicStmnt>
</StmntSeq>
</HierarchyLvl>
<HierarchyLvl HierarchyLvlId="415" HierarchyLvlTypeId="10" Intrnl_Id="573" Name="getHand">
<Header>
<Loc EndOffset="5562" SrcFileId="5" StartOffset="5529"/>
</Header>
<LocList>
<Loc EndOffset="5595" SrcFileId="5" StartOffset="5529"/>
</LocList>
<StmntSeq Intrnl_Id="574">
<LocList>
<Loc EndOffset="5591" SrcFileId="5" StartOffset="5568"/>
</LocList>
<BasicStmnt CovItemId="S61" CovItemPrefix="devops.hw1.core.Player.java" Intrnl_Id="575">
<LocList>
<Loc EndOffset="5591" SrcFileId="5" StartOffset="5568"/>
</LocList>
</BasicStmnt>
</StmntSeq>
</HierarchyLvl>
<HierarchyLvl HierarchyLvlId="416" HierarchyLvlTypeId="10" Intrnl_Id="576" Name="playCard">
<Header>
<Loc EndOffset="5729" SrcFileId="5" StartOffset="5697"/>
</Header>
<LocList>
<Loc EndOffset="5918" SrcFileId="5" StartOffset="5697"/>
</LocList>
<StmntSeq Intrnl_Id="577">
<LocList>
<Loc EndOffset="5830" SrcFileId="5" StartOffset="5737"/>
<Loc EndOffset="5863" SrcFileId="5" StartOffset="5834"/>
<Loc EndOffset="5891" SrcFileId="5" StartOffset="5867"/>
<Loc EndOffset="5914" SrcFileId="5" StartOffset="5895"/>
</LocList>
<CondStmnt CovItemId="S62" CovItemPrefix="devops.hw1.core.Player.java" Intrnl_Id="578">
<Branch CovItemId="B19" CovItemPrefix="devops.hw1.core.Player.java" Implct="false" Intrnl_Id="579">
<Cond/>
<LocList>
<Loc EndOffset="5830" SrcFileId="5" StartOffset="5755"/>
</LocList>
<StmntSeq Intrnl_Id="580">
<LocList>
<Loc EndOffset="5813" SrcFileId="5" StartOffset="5761"/>
<Loc EndOffset="5825" SrcFileId="5" StartOffset="5818"/>
</LocList>
<BasicStmnt CovItemId="S63" CovItemPrefix="devops.hw1.core.Player.java" Intrnl_Id="581">
<LocList>
<Loc EndOffset="5813" SrcFileId="5" StartOffset="5761"/>
</LocList>
</BasicStmnt>
<BasicStmnt CovItemId="S64" CovItemPrefix="devops.hw1.core.Player.java" Intrnl_Id="582">
<LocList>
<Loc EndOffset="5825" SrcFileId="5" StartOffset="5818"/>
</LocList>
</BasicStmnt>
</StmntSeq>
</Branch>
<Branch CovItemId="B20" CovItemPrefix="devops.hw1.core.Player.java" Implct="true" Intrnl_Id="583">
<Cond/>
<LocList/>
<StmntSeq Intrnl_Id="584">
<LocList/>
</StmntSeq>
</Branch>
<Keyword EndOffset="5739" SrcFileId="5" StartOffset="5737"/>
<LocList>
<Loc EndOffset="5830" SrcFileId="5" StartOffset="5737"/>
</LocList>
<RootTerm CovItemId="C11" CovItemPrefix="devops.hw1.core.Player.java" Intrnl_Id="585">
<BasicBoolTerm Intrnl_Id="586">
<LocList>
<Loc EndOffset="5753" SrcFileId="5" StartOffset="5741"/>
</LocList>
</BasicBoolTerm>
</RootTerm>
</CondStmnt>
<BasicStmnt CovItemId="S65" CovItemPrefix="devops.hw1.core.Player.java" Intrnl_Id="587">
<LocList>
<Loc EndOffset="5863" SrcFileId="5" StartOffset="5834"/>
</LocList>
</BasicStmnt>
<BasicStmnt CovItemId="S66" CovItemPrefix="devops.hw1.core.Player.java" Intrnl_Id="588">
<LocList>
<Loc EndOffset="5891" SrcFileId="5" StartOffset="5867"/>
</LocList>
</BasicStmnt>
<BasicStmnt CovItemId="S67" CovItemPrefix="devops.hw1.core.Player.java" Intrnl_Id="589">
<LocList>
<Loc EndOffset="5914" SrcFileId="5" StartOffset="5895"/>
</LocList>
</BasicStmnt>
</StmntSeq>
</HierarchyLvl>
<HierarchyLvl HierarchyLvlId="417" HierarchyLvlTypeId="10" Intrnl_Id="590" Name="drawCard">
<Header>
<Loc EndOffset="6107" SrcFileId="5" StartOffset="6076"/>
</Header>
<LocList>
<Loc EndOffset="6176" SrcFileId="5" StartOffset="6076"/>
</LocList>
<StmntSeq Intrnl_Id="591">
<LocList>
<Loc EndOffset="6172" SrcFileId="5" StartOffset="6113"/>
</LocList>
<LoopStmnt CovItemId="S68" CovItemPrefix="devops.hw1.core.Player.java" Intrnl_Id="592" MltplExecId="L3-2" MltplExecPrefix="devops.hw1.core.Player.java" NvrExecId="L3-0" NvrExecPrefix="devops.hw1.core.Player.java" OnceExecutedId="L3-1" OnceExecutedPrefix="devops.hw1.core.Player.java" OptBodyExec="true">
<StmntSeq Intrnl_Id="593">
<LocList>
<Loc EndOffset="6167" SrcFileId="5" StartOffset="6151"/>
</LocList>
<BasicStmnt CovItemId="S69" CovItemPrefix="devops.hw1.core.Player.java" Intrnl_Id="594">
<LocList>
<Loc EndOffset="6167" SrcFileId="5" StartOffset="6151"/>
</LocList>
</BasicStmnt>
</StmntSeq>
<Keyword EndOffset="6116" SrcFileId="5" StartOffset="6113"/>
<LocList>
<Loc EndOffset="6172" SrcFileId="5" StartOffset="6113"/>
</LocList>
<RootTerm CovItemId="C12" CovItemPrefix="devops.hw1.core.Player.java" Intrnl_Id="595">
<BasicBoolTerm Intrnl_Id="596">
<LocList>
<Loc EndOffset="6138" SrcFileId="5" StartOffset="6129"/>
</LocList>
</BasicBoolTerm>
</RootTerm>
</LoopStmnt>
</StmntSeq>
</HierarchyLvl>
<HierarchyLvl HierarchyLvlId="418" HierarchyLvlTypeId="10" Intrnl_Id="597" Name="getDeck">
<Header>
<Loc EndOffset="6253" SrcFileId="5" StartOffset="6224"/>
</Header>
<LocList>
<Loc EndOffset="6286" SrcFileId="5" StartOffset="6224"/>
</LocList>
<StmntSeq Intrnl_Id="598">
<LocList>
<Loc EndOffset="6282" SrcFileId="5" StartOffset="6259"/>
</LocList>
<BasicStmnt CovItemId="S70" CovItemPrefix="devops.hw1.core.Player.java" Intrnl_Id="599">
<LocList>
<Loc EndOffset="6282" SrcFileId="5" StartOffset="6259"/>
</LocList>
</BasicStmnt>
</StmntSeq>
</HierarchyLvl>
<HierarchyLvl HierarchyLvlId="419" HierarchyLvlTypeId="10" Intrnl_Id="600" Name="getDeckSize">
<Header>
<Loc EndOffset="6387" SrcFileId="5" StartOffset="6363"/>
</Header>
<LocList>
<Loc EndOffset="6427" SrcFileId="5" StartOffset="6363"/>
</LocList>
<StmntSeq Intrnl_Id="601">
<LocList>
<Loc EndOffset="6423" SrcFileId="5" StartOffset="6393"/>
</LocList>
<BasicStmnt CovItemId="S71" CovItemPrefix="devops.hw1.core.Player.java" Intrnl_Id="602">
<LocList>
<Loc EndOffset="6423" SrcFileId="5" StartOffset="6393"/>
</LocList>
</BasicStmnt>
</StmntSeq>
</HierarchyLvl>
<HierarchyLvl HierarchyLvlId="420" HierarchyLvlTypeId="10" Intrnl_Id="603" Name="getPower">
<Header>
<Loc EndOffset="6585" SrcFileId="5" StartOffset="6564"/>
</Header>
<LocList>
<Loc EndOffset="6613" SrcFileId="5" StartOffset="6564"/>
</LocList>
<StmntSeq Intrnl_Id="604">
<LocList>
<Loc EndOffset="6609" SrcFileId="5" StartOffset="6591"/>
</LocList>
<BasicStmnt CovItemId="S72" CovItemPrefix="devops.hw1.core.Player.java" Intrnl_Id="605">
<LocList>
<Loc EndOffset="6609" SrcFileId="5" StartOffset="6591"/>
</LocList>
</BasicStmnt>
</StmntSeq>
</HierarchyLvl>
<HierarchyLvl HierarchyLvlId="421" HierarchyLvlTypeId="10" Intrnl_Id="606" Name="addPower">
<Header>
<Loc EndOffset="6750" SrcFileId="5" StartOffset="6723"/>
</Header>
<LocList>
<Loc EndOffset="6776" SrcFileId="5" StartOffset="6723"/>
</LocList>
<StmntSeq Intrnl_Id="607">
<LocList>
<Loc EndOffset="6772" SrcFileId="5" StartOffset="6756"/>
</LocList>
<BasicStmnt CovItemId="S73" CovItemPrefix="devops.hw1.core.Player.java" Intrnl_Id="608">
<LocList>
<Loc EndOffset="6772" SrcFileId="5" StartOffset="6756"/>
</LocList>
</BasicStmnt>
</StmntSeq>
</HierarchyLvl>
<HierarchyLvl HierarchyLvlId="422" HierarchyLvlTypeId="10" Intrnl_Id="609" Name="applyEffects">
<Header>
<Loc EndOffset="6980" SrcFileId="5" StartOffset="6914"/>
</Header>
<LocList>
<Loc EndOffset="7492" SrcFileId="5" StartOffset="6914"/>
</LocList>
<StmntSeq Intrnl_Id="610">
<LocList>
<Loc EndOffset="7035" SrcFileId="5" StartOffset="6986"/>
<Loc EndOffset="7488" SrcFileId="5" StartOffset="7039"/>
</LocList>
<BasicStmnt CovItemId="S74" CovItemPrefix="devops.hw1.core.Player.java" Intrnl_Id="611">
<LocList>
<Loc EndOffset="7035" SrcFileId="5" StartOffset="6986"/>
</LocList>
</BasicStmnt>
<LoopStmnt CovItemId="S75" CovItemPrefix="devops.hw1.core.Player.java" Intrnl_Id="612" MltplExecId="L4-2" MltplExecPrefix="devops.hw1.core.Player.java" NvrExecId="L4-0" NvrExecPrefix="devops.hw1.core.Player.java" OnceExecutedId="L4-1" OnceExecutedPrefix="devops.hw1.core.Player.java" OptBodyExec="true">
<StmntSeq Intrnl_Id="613">
<LocList>
<Loc EndOffset="7483" SrcFileId="5" StartOffset="7075"/>
</LocList>
<CondStmnt CovItemId="S76" CovItemPrefix="devops.hw1.core.Player.java" Intrnl_Id="614">
<Branch CovItemId="B21" CovItemPrefix="devops.hw1.core.Player.java" Implct="false" Intrnl_Id="615">
<Cond>
<Loc EndOffset="7117" SrcFileId="5" StartOffset="7092"/>
</Cond>
<LocList>
<Loc EndOffset="7162" SrcFileId="5" StartOffset="7124"/>
</LocList>
<StmntSeq Intrnl_Id="616">
<LocList>
<Loc EndOffset="7150" SrcFileId="5" StartOffset="7124"/>
<Loc EndOffset="7162" SrcFileId="5" StartOffset="7156"/>
</LocList>
<BasicStmnt CovItemId="S77" CovItemPrefix="devops.hw1.core.Player.java" Intrnl_Id="617">
<LocList>
<Loc EndOffset="7150" SrcFileId="5" StartOffset="7124"/>
</LocList>
</BasicStmnt>
<BasicStmnt CovItemId="S78" CovItemPrefix="devops.hw1.core.Player.java" Intrnl_Id="618">
<LocList>
<Loc EndOffset="7162" SrcFileId="5" StartOffset="7156"/>
</LocList>
</BasicStmnt>
</StmntSeq>
</Branch>
<Branch CovItemId="B22" CovItemPrefix="devops.hw1.core.Player.java" Implct="false" Intrnl_Id="619">
<Cond>
<Loc EndOffset="7192" SrcFileId="5" StartOffset="7167"/>
</Cond>
<LocList>
<Loc EndOffset="7237" SrcFileId="5" StartOffset="7199"/>
</LocList>
<StmntSeq Intrnl_Id="620">
<LocList>
<Loc EndOffset="7225" SrcFileId="5" StartOffset="7199"/>
<Loc EndOffset="7237" SrcFileId="5" StartOffset="7231"/>
</LocList>
<BasicStmnt CovItemId="S79" CovItemPrefix="devops.hw1.core.Player.java" Intrnl_Id="621">
<LocList>
<Loc EndOffset="7225" SrcFileId="5" StartOffset="7199"/>
</LocList>
</BasicStmnt>
<BasicStmnt CovItemId="S80" CovItemPrefix="devops.hw1.core.Player.java" Intrnl_Id="622">
<LocList>
<Loc EndOffset="7237" SrcFileId="5" StartOffset="7231"/>
</LocList>
</BasicStmnt>
</StmntSeq>
</Branch>
<Branch CovItemId="B23" CovItemPrefix="devops.hw1.core.Player.java" Implct="false" Intrnl_Id="623">
<Cond>
<Loc EndOffset="7266" SrcFileId="5" StartOffset="7242"/>
</Cond>
<LocList>
<Loc EndOffset="7311" SrcFileId="5" StartOffset="7273"/>
</LocList>
<StmntSeq Intrnl_Id="624">
<LocList>
<Loc EndOffset="7299" SrcFileId="5" StartOffset="7273"/>
<Loc EndOffset="7311" SrcFileId="5" StartOffset="7305"/>
</LocList>
<BasicStmnt CovItemId="S81" CovItemPrefix="devops.hw1.core.Player.java" Intrnl_Id="625">
<LocList>
<Loc EndOffset="7299" SrcFileId="5" StartOffset="7273"/>
</LocList>
</BasicStmnt>
<BasicStmnt CovItemId="S82" CovItemPrefix="devops.hw1.core.Player.java" Intrnl_Id="626">
<LocList>
<Loc EndOffset="7311" SrcFileId="5" StartOffset="7305"/>
</LocList>
</BasicStmnt>
</StmntSeq>
</Branch>
<Branch CovItemId="B24" CovItemPrefix="devops.hw1.core.Player.java" Implct="false" Intrnl_Id="627">
<Cond>
<Loc EndOffset="7341" SrcFileId="5" StartOffset="7316"/>
</Cond>
<LocList>
<Loc EndOffset="7386" SrcFileId="5" StartOffset="7348"/>
</LocList>
<StmntSeq Intrnl_Id="628">
<LocList>
<Loc EndOffset="7374" SrcFileId="5" StartOffset="7348"/>
<Loc EndOffset="7386" SrcFileId="5" StartOffset="7380"/>
</LocList>
<BasicStmnt CovItemId="S83" CovItemPrefix="devops.hw1.core.Player.java" Intrnl_Id="629">
<LocList>
<Loc EndOffset="7374" SrcFileId="5" StartOffset="7348"/>
</LocList>
</BasicStmnt>
<BasicStmnt CovItemId="S84" CovItemPrefix="devops.hw1.core.Player.java" Intrnl_Id="630">
<LocList>
<Loc EndOffset="7386" SrcFileId="5" StartOffset="7380"/>
</LocList>
</BasicStmnt>
</StmntSeq>
</Branch>
<Branch CovItemId="B25" CovItemPrefix="devops.hw1.core.Player.java" Implct="false" Intrnl_Id="631">
<Cond>
<Loc EndOffset="7417" SrcFileId="5" StartOffset="7391"/>
</Cond>
<LocList>
<Loc EndOffset="7470" SrcFileId="5" StartOffset="7424"/>
</LocList>
<StmntSeq Intrnl_Id="632">
<LocList>
<Loc EndOffset="7458" SrcFileId="5" StartOffset="7424"/>
<Loc EndOffset="7470" SrcFileId="5" StartOffset="7464"/>
</LocList>
<BasicStmnt CovItemId="S85" CovItemPrefix="devops.hw1.core.Player.java" Intrnl_Id="633">
<LocList>
<Loc EndOffset="7458" SrcFileId="5" StartOffset="7424"/>
</LocList>
</BasicStmnt>
<BasicStmnt CovItemId="S86" CovItemPrefix="devops.hw1.core.Player.java" Intrnl_Id="634">
<LocList>
<Loc EndOffset="7470" SrcFileId="5" StartOffset="7464"/>
</LocList>
</BasicStmnt>
</StmntSeq>
</Branch>
<Branch CovItemId="B26" CovItemPrefix="devops.hw1.core.Player.java" Implct="true" Intrnl_Id="635">
<Cond/>
<LocList/>
<StmntSeq Intrnl_Id="636">
<LocList/>
</StmntSeq>
</Branch>
<Keyword EndOffset="7081" SrcFileId="5" StartOffset="7075"/>
<LocList>
<Loc EndOffset="7483" SrcFileId="5" StartOffset="7075"/>
</LocList>
</CondStmnt>
</StmntSeq>
<Keyword EndOffset="7042" SrcFileId="5" StartOffset="7039"/>
<LocList>
<Loc EndOffset="7488" SrcFileId="5" StartOffset="7039"/>
</LocList>
</LoopStmnt>
</StmntSeq>
</HierarchyLvl>
<HierarchyLvl HierarchyLvlId="423" HierarchyLvlTypeId="10" Intrnl_Id="637" Name="banishCard">
<Header>
<Loc EndOffset="7549" SrcFileId="5" StartOffset="7498"/>
</Header>
<LocList>
<Loc EndOffset="7634" SrcFileId="5" StartOffset="7498"/>
</LocList>
<StmntSeq Intrnl_Id="638">
<LocList>
<Loc EndOffset="7630" SrcFileId="5" StartOffset="7554"/>
</LocList>
<CondStmnt CovItemId="S87" CovItemPrefix="devops.hw1.core.Player.java" Intrnl_Id="639">
<Branch CovItemId="B27" CovItemPrefix="devops.hw1.core.Player.java" Implct="false" Intrnl_Id="640">
<Cond/>
<LocList>
<Loc EndOffset="7630" SrcFileId="5" StartOffset="7592"/>
</LocList>
<StmntSeq Intrnl_Id="641">
<LocList>
<Loc EndOffset="7625" SrcFileId="5" StartOffset="7598"/>
</LocList>
<BasicStmnt CovItemId="S88" CovItemPrefix="devops.hw1.core.Player.java" Intrnl_Id="642">
<LocList>
<Loc EndOffset="7625" SrcFileId="5" StartOffset="7598"/>
</LocList>
</BasicStmnt>
</StmntSeq>
</Branch>
<Branch CovItemId="B28" CovItemPrefix="devops.hw1.core.Player.java" Implct="true" Intrnl_Id="643">
<Cond/>
<LocList/>
<StmntSeq Intrnl_Id="644">
<LocList/>
</StmntSeq>
</Branch>
<Keyword EndOffset="7556" SrcFileId="5" StartOffset="7554"/>
<LocList>
<Loc EndOffset="7630" SrcFileId="5" StartOffset="7554"/>
</LocList>
<RootTerm CovItemId="C13" CovItemPrefix="devops.hw1.core.Player.java" Intrnl_Id="645">
<OpTerm BooleanOpId="6" Intrnl_Id="646">
<BasicBoolTerm Intrnl_Id="647">
<LocList>
<Loc EndOffset="7574" SrcFileId="5" StartOffset="7558"/>
</LocList>
</BasicBoolTerm>
<BasicBoolTerm Intrnl_Id="648">
<LocList>
<Loc EndOffset="7591" SrcFileId="5" StartOffset="7578"/>
</LocList>
</BasicBoolTerm>
<LocList>
<Loc EndOffset="7577" SrcFileId="5" StartOffset="7575"/>
</LocList>
</OpTerm>
</RootTerm>
</CondStmnt>
</StmntSeq>
</HierarchyLvl>
<HierarchyLvl HierarchyLvlId="424" HierarchyLvlTypeId="10" Intrnl_Id="649" Name="getHonor">
<Header>
<Loc EndOffset="7783" SrcFileId="5" StartOffset="7762"/>
</Header>
<LocList>
<Loc EndOffset="7811" SrcFileId="5" StartOffset="7762"/>
</LocList>
<StmntSeq Intrnl_Id="650">
<LocList>
<Loc EndOffset="7807" SrcFileId="5" StartOffset="7789"/>
</LocList>
<BasicStmnt CovItemId="S89" CovItemPrefix="devops.hw1.core.Player.java" Intrnl_Id="651">
<LocList>
<Loc EndOffset="7807" SrcFileId="5" StartOffset="7789"/>
</LocList>
</BasicStmnt>
</StmntSeq>
</HierarchyLvl>
<HierarchyLvl HierarchyLvlId="425" HierarchyLvlTypeId="10" Intrnl_Id="652" Name="addHonor">
<Header>
<Loc EndOffset="7996" SrcFileId="5" StartOffset="7969"/>
</Header>
<LocList>
<Loc EndOffset="8022" SrcFileId="5" StartOffset="7969"/>
</LocList>
<StmntSeq Intrnl_Id="653">
<LocList>
<Loc EndOffset="8018" SrcFileId="5" StartOffset="8002"/>
</LocList>
<BasicStmnt CovItemId="S90" CovItemPrefix="devops.hw1.core.Player.java" Intrnl_Id="654">
<LocList>
<Loc EndOffset="8018" SrcFileId="5" StartOffset="8002"/>
</LocList>
</BasicStmnt>
</StmntSeq>
</HierarchyLvl>
<HierarchyLvl HierarchyLvlId="426" HierarchyLvlTypeId="10" Intrnl_Id="655" Name="doCard">
<Header>
<Loc EndOffset="8205" SrcFileId="5" StartOffset="8159"/>
</Header>
<LocList>
<Loc EndOffset="8413" SrcFileId="5" StartOffset="8159"/>
</LocList>
<StmntSeq Intrnl_Id="656">
<LocList>
<Loc EndOffset="8240" SrcFileId="5" StartOffset="8211"/>
<Loc EndOffset="8334" SrcFileId="5" StartOffset="8244"/>
<Loc EndOffset="8374" SrcFileId="5" StartOffset="8338"/>
</LocList>
<BasicStmnt CovItemId="S91" CovItemPrefix="devops.hw1.core.Player.java" Intrnl_Id="657">
<LocList>
<Loc EndOffset="8240" SrcFileId="5" StartOffset="8211"/>
</LocList>
</BasicStmnt>
<CondStmnt CovItemId="S92" CovItemPrefix="devops.hw1.core.Player.java" Intrnl_Id="658">
<Branch CovItemId="B29" CovItemPrefix="devops.hw1.core.Player.java" Implct="false" Intrnl_Id="659">
<Cond/>
<LocList>
<Loc EndOffset="8334" SrcFileId="5" StartOffset="8297"/>
</LocList>
<StmntSeq Intrnl_Id="660">
<LocList>
<Loc EndOffset="8329" SrcFileId="5" StartOffset="8303"/>
</LocList>
<BasicStmnt CovItemId="S93" CovItemPrefix="devops.hw1.core.Player.java" Intrnl_Id="661">
<LocList>
<Loc EndOffset="8329" SrcFileId="5" StartOffset="8303"/>
</LocList>
</BasicStmnt>
</StmntSeq>
</Branch>
<Branch CovItemId="B30" CovItemPrefix="devops.hw1.core.Player.java" Implct="true" Intrnl_Id="662">
<Cond/>
<LocList/>
<StmntSeq Intrnl_Id="663">
<LocList/>
</StmntSeq>
</Branch>
<Keyword EndOffset="8246" SrcFileId="5" StartOffset="8244"/>
<LocList>
<Loc EndOffset="8334" SrcFileId="5" StartOffset="8244"/>
</LocList>
<RootTerm CovItemId="C14" CovItemPrefix="devops.hw1.core.Player.java" Intrnl_Id="664">
<OpTerm BooleanOpId="7" Intrnl_Id="665">
<BasicBoolTerm Intrnl_Id="666">
<LocList>
<Loc EndOffset="8267" SrcFileId="5" StartOffset="8248"/>
</LocList>
</BasicBoolTerm>
<BasicBoolTerm Intrnl_Id="667">
<LocList>
<Loc EndOffset="8295" SrcFileId="5" StartOffset="8271"/>
</LocList>
</BasicBoolTerm>
<LocList>
<Loc EndOffset="8270" SrcFileId="5" StartOffset="8268"/>
</LocList>
</OpTerm>
</RootTerm>
</CondStmnt>
<BasicStmnt CovItemId="S94" CovItemPrefix="devops.hw1.core.Player.java" Intrnl_Id="668">
<LocList>
<Loc EndOffset="8374" SrcFileId="5" StartOffset="8338"/>
</LocList>
</BasicStmnt>
</StmntSeq>
</HierarchyLvl>
<HierarchyLvl HierarchyLvlId="427" HierarchyLvlTypeId="10" Intrnl_Id="669" Name="getBanishLocation">
<Header>
<Loc EndOffset="8449" SrcFileId="5" StartOffset="8419"/>
</Header>
<LocList>
<Loc EndOffset="8486" SrcFileId="5" StartOffset="8419"/>
</LocList>
<StmntSeq Intrnl_Id="670">
<LocList>
<Loc EndOffset="8482" SrcFileId="5" StartOffset="8455"/>
</LocList>
<BasicStmnt CovItemId="S95" CovItemPrefix="devops.hw1.core.Player.java" Intrnl_Id="671">
<LocList>
<Loc EndOffset="8482" SrcFileId="5" StartOffset="8455"/>
</LocList>
</BasicStmnt>
</StmntSeq>
</HierarchyLvl>
</HierarchyLvl>
</HierarchyLvl>
</HierarchyLvl>
</HierarchyLvl>
</HierarchyLvl>
</MASTRoot>
<TestSession Comment="" Date="1462560385049" Name="May 6, 2016 2:46:25 PM">
<TestCase Comment="This is a test case containing all coverage results cause no startTestCase methods where captured." Date="1462560382458" Name="UNNAMED TESTCASE">
<CovList>
<CovPrefix CovItemPrefix="devops.hw1.core.ACard.java">
<Cov CovItemId="B1" Value="2"/>
<Cov CovItemId="B10" Value="5"/>
<Cov CovItemId="B2" Value="2912"/>
<Cov CovItemId="B3" Value="1"/>
<Cov CovItemId="B4" Value="2911"/>
<Cov CovItemId="B5" Value="2"/>
<Cov CovItemId="B6" Value="2909"/>
<Cov CovItemId="B7" Value="1"/>
<Cov CovItemId="B8" Value="2908"/>
<Cov CovItemId="B9" Value="1"/>
<Cov CovItemId="S1" Value="2969"/>
<Cov CovItemId="S10" Value="2"/>
<Cov CovItemId="S11" Value="2912"/>
<Cov CovItemId="S12" Value="1"/>
<Cov CovItemId="S13" Value="2911"/>
<Cov CovItemId="S14" Value="2"/>
<Cov CovItemId="S15" Value="2909"/>
<Cov CovItemId="S16" Value="1"/>
<Cov CovItemId="S17" Value="2908"/>
<Cov CovItemId="S18" Value="1"/>
<Cov CovItemId="S2" Value="47"/>
<Cov CovItemId="S20" Value="7"/>
<Cov CovItemId="S22" Value="1"/>
<Cov CovItemId="S24" Value="1"/>
<Cov CovItemId="S29" Value="8"/>
<Cov CovItemId="S3" Value="14"/>
<Cov CovItemId="S31" Value="31"/>
<Cov CovItemId="S32" Value="6"/>
<Cov CovItemId="S33" Value="1"/>
<Cov CovItemId="S34" Value="5"/>
<Cov CovItemId="S35" Value="3"/>
<Cov CovItemId="S36" Value="1"/>
<Cov CovItemId="S4" Value="2914"/>
<Cov CovItemId="S5" Value="2914"/>
<Cov CovItemId="S6" Value="2914"/>
<Cov CovItemId="S7" Value="2914"/>
<Cov CovItemId="S8" Value="2914"/>
<Cov CovItemId="S9" Value="2914"/>
</CovPrefix>
<CovPrefix CovItemPrefix="devops.hw1.core.Board.java">
<Cov CovItemId="B1" Value="12"/>
<Cov CovItemId="B3" Value="1"/>
<Cov CovItemId="B4" Value="2"/>
<Cov CovItemId="L1-2" Value="12"/>
<Cov CovItemId="L2-1" Value="168"/>
<Cov CovItemId="L2-2" Value="408"/>
<Cov CovItemId="L3-2" Value="12"/>
<Cov CovItemId="S1" Value="12"/>
<Cov CovItemId="S10" Value="12"/>
<Cov CovItemId="S11" Value="12"/>
<Cov CovItemId="S12" Value="576"/>
<Cov CovItemId="S13" Value="1200"/>
<Cov CovItemId="S14" Value="12"/>
<Cov CovItemId="S15" Value="12"/>
<Cov CovItemId="S16" Value="72"/>
<Cov CovItemId="S17" Value="7"/>
<Cov CovItemId="S18" Value="3"/>
<Cov CovItemId="S19" Value="1"/>
<Cov CovItemId="S2" Value="12"/>
<Cov CovItemId="S20" Value="2"/>
<Cov CovItemId="S21" Value="10"/>
<Cov CovItemId="S22" Value="1"/>
<Cov CovItemId="S23" Value="1"/>
<Cov CovItemId="S24" Value="1"/>
<Cov CovItemId="S25" Value="78"/>
<Cov CovItemId="S26" Value="78"/>
<Cov CovItemId="S27" Value="1"/>
<Cov CovItemId="S4" Value="12"/>
<Cov CovItemId="S5" Value="12"/>
<Cov CovItemId="S6" Value="12"/>
<Cov CovItemId="S7" Value="12"/>
<Cov CovItemId="S8" Value="12"/>
<Cov CovItemId="S9" Value="12"/>
</CovPrefix>
<CovPrefix CovItemPrefix="devops.hw1.core.CardCollection.java">
<Cov CovItemId="S1" Value="1"/>
<Cov CovItemId="S10" Value="58"/>
<Cov CovItemId="S100" Value="58"/>
<Cov CovItemId="S101" Value="58"/>
<Cov CovItemId="S102" Value="58"/>
<Cov CovItemId="S103" Value="58"/>
<Cov CovItemId="S104" Value="58"/>
<Cov CovItemId="S105" Value="58"/>
<Cov CovItemId="S106" Value="58"/>
<Cov CovItemId="S107" Value="58"/>
<Cov CovItemId="S108" Value="58"/>
<Cov CovItemId="S109" Value="58"/>
<Cov CovItemId="S11" Value="58"/>
<Cov CovItemId="S110" Value="58"/>
<Cov CovItemId="S111" Value="58"/>
<Cov CovItemId="S112" Value="58"/>
<Cov CovItemId="S113" Value="58"/>
<Cov CovItemId="S114" Value="58"/>
<Cov CovItemId="S115" Value="58"/>
<Cov CovItemId="S116" Value="58"/>
<Cov CovItemId="S117" Value="58"/>
<Cov CovItemId="S118" Value="58"/>
<Cov CovItemId="S119" Value="58"/>
<Cov CovItemId="S12" Value="58"/>
<Cov CovItemId="S120" Value="58"/>
<Cov CovItemId="S121" Value="58"/>
<Cov CovItemId="S122" Value="58"/>
<Cov CovItemId="S123" Value="58"/>
<Cov CovItemId="S124" Value="58"/>
<Cov CovItemId="S125" Value="58"/>
<Cov CovItemId="S126" Value="58"/>
<Cov CovItemId="S127" Value="58"/>
<Cov CovItemId="S128" Value="58"/>
<Cov CovItemId="S129" Value="58"/>
<Cov CovItemId="S13" Value="58"/>
<Cov CovItemId="S130" Value="58"/>
<Cov CovItemId="S131" Value="58"/>
<Cov CovItemId="S132" Value="58"/>
<Cov CovItemId="S133" Value="58"/>
<Cov CovItemId="S134" Value="58"/>
<Cov CovItemId="S135" Value="58"/>
<Cov CovItemId="S136" Value="58"/>
<Cov CovItemId="S137" Value="58"/>
<Cov CovItemId="S138" Value="58"/>
<Cov CovItemId="S139" Value="58"/>
<Cov CovItemId="S14" Value="58"/>
<Cov CovItemId="S140" Value="58"/>
<Cov CovItemId="S141" Value="58"/>
<Cov CovItemId="S142" Value="58"/>
<Cov CovItemId="S143" Value="58"/>
<Cov CovItemId="S144" Value="58"/>
<Cov CovItemId="S145" Value="58"/>
<Cov CovItemId="S146" Value="58"/>
<Cov CovItemId="S147" Value="58"/>
<Cov CovItemId="S148" Value="58"/>
<Cov CovItemId="S149" Value="58"/>
<Cov CovItemId="S15" Value="58"/>
<Cov CovItemId="S150" Value="58"/>
<Cov CovItemId="S151" Value="58"/>
<Cov CovItemId="S152" Value="58"/>
<Cov CovItemId="S153" Value="58"/>
<Cov CovItemId="S154" Value="58"/>
<Cov CovItemId="S155" Value="58"/>
<Cov CovItemId="S156" Value="58"/>
<Cov CovItemId="S157" Value="58"/>
<Cov CovItemId="S158" Value="58"/>
<Cov CovItemId="S159" Value="58"/>
<Cov CovItemId="S16" Value="58"/>
<Cov CovItemId="S160" Value="58"/>
<Cov CovItemId="S161" Value="58"/>
<Cov CovItemId="S162" Value="58"/>
<Cov CovItemId="S163" Value="58"/>
<Cov CovItemId="S164" Value="58"/>
<Cov CovItemId="S165" Value="58"/>
<Cov CovItemId="S166" Value="58"/>
<Cov CovItemId="S167" Value="58"/>
<Cov CovItemId="S168" Value="58"/>
<Cov CovItemId="S169" Value="58"/>
<Cov CovItemId="S17" Value="58"/>
<Cov CovItemId="S170" Value="58"/>
<Cov CovItemId="S171" Value="58"/>
<Cov CovItemId="S172" Value="58"/>
<Cov CovItemId="S173" Value="58"/>
<Cov CovItemId="S174" Value="58"/>
<Cov CovItemId="S175" Value="58"/>
<Cov CovItemId="S176" Value="58"/>
<Cov CovItemId="S177" Value="58"/>
<Cov CovItemId="S178" Value="58"/>
<Cov CovItemId="S179" Value="58"/>
<Cov CovItemId="S18" Value="58"/>
<Cov CovItemId="S180" Value="58"/>
<Cov CovItemId="S181" Value="58"/>
<Cov CovItemId="S182" Value="58"/>
<Cov CovItemId="S183" Value="58"/>
<Cov CovItemId="S184" Value="58"/>
<Cov CovItemId="S185" Value="58"/>
<Cov CovItemId="S186" Value="58"/>
<Cov CovItemId="S187" Value="58"/>
<Cov CovItemId="S188" Value="58"/>
<Cov CovItemId="S189" Value="58"/>
<Cov CovItemId="S19" Value="58"/>
<Cov CovItemId="S190" Value="58"/>
<Cov CovItemId="S191" Value="58"/>
<Cov CovItemId="S192" Value="58"/>
<Cov CovItemId="S193" Value="58"/>
<Cov CovItemId="S194" Value="58"/>
<Cov CovItemId="S195" Value="58"/>
<Cov CovItemId="S196" Value="58"/>
<Cov CovItemId="S197" Value="58"/>
<Cov CovItemId="S198" Value="58"/>
<Cov CovItemId="S199" Value="58"/>
<Cov CovItemId="S2" Value="1"/>
<Cov CovItemId="S20" Value="58"/>
<Cov CovItemId="S200" Value="58"/>
<Cov CovItemId="S21" Value="58"/>
<Cov CovItemId="S22" Value="58"/>
<Cov CovItemId="S23" Value="58"/>
<Cov CovItemId="S24" Value="58"/>
<Cov CovItemId="S25" Value="58"/>
<Cov CovItemId="S26" Value="58"/>
<Cov CovItemId="S27" Value="58"/>
<Cov CovItemId="S28" Value="58"/>
<Cov CovItemId="S29" Value="58"/>
<Cov CovItemId="S3" Value="1"/>
<Cov CovItemId="S30" Value="58"/>
<Cov CovItemId="S31" Value="58"/>
<Cov CovItemId="S32" Value="58"/>
<Cov CovItemId="S33" Value="58"/>
<Cov CovItemId="S34" Value="58"/>
<Cov CovItemId="S35" Value="58"/>
<Cov CovItemId="S36" Value="58"/>
<Cov CovItemId="S37" Value="58"/>
<Cov CovItemId="S38" Value="58"/>
<Cov CovItemId="S39" Value="58"/>
<Cov CovItemId="S4" Value="1"/>
<Cov CovItemId="S40" Value="58"/>
<Cov CovItemId="S41" Value="58"/>
<Cov CovItemId="S42" Value="58"/>
<Cov CovItemId="S43" Value="58"/>
<Cov CovItemId="S44" Value="58"/>
<Cov CovItemId="S45" Value="58"/>
<Cov CovItemId="S46" Value="58"/>
<Cov CovItemId="S47" Value="58"/>
<Cov CovItemId="S48" Value="58"/>
<Cov CovItemId="S49" Value="58"/>
<Cov CovItemId="S5" Value="1"/>
<Cov CovItemId="S50" Value="58"/>
<Cov CovItemId="S51" Value="58"/>
<Cov CovItemId="S52" Value="58"/>
<Cov CovItemId="S53" Value="58"/>
<Cov CovItemId="S54" Value="58"/>
<Cov CovItemId="S55" Value="58"/>
<Cov CovItemId="S56" Value="58"/>
<Cov CovItemId="S57" Value="58"/>
<Cov CovItemId="S58" Value="58"/>
<Cov CovItemId="S59" Value="58"/>
<Cov CovItemId="S6" Value="58"/>
<Cov CovItemId="S60" Value="58"/>
<Cov CovItemId="S61" Value="58"/>
<Cov CovItemId="S62" Value="58"/>
<Cov CovItemId="S63" Value="58"/>
<Cov CovItemId="S64" Value="58"/>
<Cov CovItemId="S65" Value="58"/>
<Cov CovItemId="S66" Value="58"/>
<Cov CovItemId="S67" Value="58"/>
<Cov CovItemId="S68" Value="58"/>
<Cov CovItemId="S69" Value="58"/>
<Cov CovItemId="S7" Value="58"/>
<Cov CovItemId="S70" Value="58"/>
<Cov CovItemId="S71" Value="58"/>
<Cov CovItemId="S72" Value="58"/>
<Cov CovItemId="S73" Value="58"/>
<Cov CovItemId="S74" Value="58"/>
<Cov CovItemId="S75" Value="58"/>
<Cov CovItemId="S76" Value="58"/>
<Cov CovItemId="S77" Value="58"/>
<Cov CovItemId="S78" Value="58"/>
<Cov CovItemId="S79" Value="58"/>
<Cov CovItemId="S8" Value="58"/>
<Cov CovItemId="S80" Value="58"/>
<Cov CovItemId="S81" Value="58"/>
<Cov CovItemId="S82" Value="58"/>
<Cov CovItemId="S83" Value="58"/>
<Cov CovItemId="S84" Value="58"/>
<Cov CovItemId="S85" Value="58"/>
<Cov CovItemId="S86" Value="58"/>
<Cov CovItemId="S87" Value="58"/>
<Cov CovItemId="S88" Value="58"/>
<Cov CovItemId="S89" Value="58"/>
<Cov CovItemId="S9" Value="58"/>
<Cov CovItemId="S90" Value="58"/>
<Cov CovItemId="S91" Value="58"/>
<Cov CovItemId="S92" Value="58"/>
<Cov CovItemId="S93" Value="58"/>
<Cov CovItemId="S94" Value="58"/>
<Cov CovItemId="S95" Value="58"/>
<Cov CovItemId="S96" Value="58"/>
<Cov CovItemId="S97" Value="58"/>
<Cov CovItemId="S98" Value="58"/>
<Cov CovItemId="S99" Value="58"/>
</CovPrefix>
<CovPrefix CovItemPrefix="devops.hw1.core.HeroCard.java">
<Cov CovItemId="S1" Value="47"/>
<Cov CovItemId="S10" Value="2908"/>
<Cov CovItemId="S2" Value="14"/>
<Cov CovItemId="S3" Value="2908"/>
<Cov CovItemId="S4" Value="2908"/>
<Cov CovItemId="S5" Value="2908"/>
<Cov CovItemId="S6" Value="2908"/>
<Cov CovItemId="S7" Value="2908"/>
<Cov CovItemId="S8" Value="2908"/>
<Cov CovItemId="S9" Value="2908"/>
</CovPrefix>
<CovPrefix CovItemPrefix="devops.hw1.core.Player.java">
<Cov CovItemId="B1" Value="46"/>
<Cov CovItemId="B10" Value="2"/>
<Cov CovItemId="B11" Value="3"/>
<Cov CovItemId="B12" Value="2"/>
<Cov CovItemId="B13" Value="1"/>
<Cov CovItemId="B14" Value="269"/>
<Cov CovItemId="B15" Value="1"/>
<Cov CovItemId="B16" Value="466"/>
<Cov CovItemId="B17" Value="1"/>
<Cov CovItemId="B18" Value="4"/>
<Cov CovItemId="B19" Value="1"/>
<Cov CovItemId="B20" Value="20"/>
<Cov CovItemId="B21" Value="18"/>
<Cov CovItemId="B22" Value="8"/>
<Cov CovItemId="B23" Value="6"/>
<Cov CovItemId="B24" Value="4"/>
<Cov CovItemId="B29" Value="1"/>
<Cov CovItemId="B3" Value="1"/>
<Cov CovItemId="B30" Value="1"/>
<Cov CovItemId="B4" Value="33"/>
<Cov CovItemId="B5" Value="7"/>
<Cov CovItemId="B6" Value="1"/>
<Cov CovItemId="B7" Value="5"/>
<Cov CovItemId="B8" Value="2"/>
<Cov CovItemId="B9" Value="5"/>
<Cov CovItemId="L1-2" Value="46"/>
<Cov CovItemId="L2-2" Value="46"/>
<Cov CovItemId="L3-1" Value="4"/>
<Cov CovItemId="L3-2" Value="53"/>
<Cov CovItemId="L4-0" Value="3"/>
<Cov CovItemId="L4-1" Value="28"/>
<Cov CovItemId="L4-2" Value="2"/>
<Cov CovItemId="Q0-0" Value="25"/>
<Cov CovItemId="Q0-1" Value="1"/>
<Cov CovItemId="S1" Value="46"/>
<Cov CovItemId="S10" Value="46"/>
<Cov CovItemId="S11" Value="46"/>
<Cov CovItemId="S12" Value="368"/>
<Cov CovItemId="S13" Value="46"/>
<Cov CovItemId="S14" Value="92"/>
<Cov CovItemId="S15" Value="1"/>
<Cov CovItemId="S16" Value="1"/>
<Cov CovItemId="S17" Value="1"/>
<Cov CovItemId="S18" Value="1"/>
<Cov CovItemId="S19" Value="1"/>
<Cov CovItemId="S2" Value="46"/>
<Cov CovItemId="S20" Value="46"/>
<Cov CovItemId="S21" Value="46"/>
<Cov CovItemId="S22" Value="26"/>
<Cov CovItemId="S23" Value="80"/>
<Cov CovItemId="S24" Value="33"/>
<Cov CovItemId="S25" Value="15"/>
<Cov CovItemId="S26" Value="34"/>
<Cov CovItemId="S27" Value="1"/>
<Cov CovItemId="S28" Value="1"/>
<Cov CovItemId="S29" Value="33"/>
<Cov CovItemId="S3" Value="46"/>
<Cov CovItemId="S30" Value="12"/>
<Cov CovItemId="S31" Value="8"/>
<Cov CovItemId="S32" Value="7"/>
<Cov CovItemId="S33" Value="7"/>
<Cov CovItemId="S34" Value="5"/>
<Cov CovItemId="S35" Value="5"/>
<Cov CovItemId="S36" Value="5"/>
<Cov CovItemId="S37" Value="3"/>
<Cov CovItemId="S38" Value="7"/>
<Cov CovItemId="S39" Value="5"/>
<Cov CovItemId="S40" Value="5"/>
<Cov CovItemId="S41" Value="3"/>
<Cov CovItemId="S42" Value="3"/>
<Cov CovItemId="S43" Value="3"/>
<Cov CovItemId="S44" Value="3"/>
<Cov CovItemId="S45" Value="4"/>
<Cov CovItemId="S46" Value="31"/>
<Cov CovItemId="S47" Value="270"/>
<Cov CovItemId="S48" Value="1"/>
<Cov CovItemId="S49" Value="1"/>
<Cov CovItemId="S5" Value="46"/>
<Cov CovItemId="S50" Value="1"/>
<Cov CovItemId="S51" Value="270"/>
<Cov CovItemId="S52" Value="270"/>
<Cov CovItemId="S53" Value="467"/>
<Cov CovItemId="S54" Value="1"/>
<Cov CovItemId="S55" Value="1"/>
<Cov CovItemId="S56" Value="466"/>
<Cov CovItemId="S57" Value="5"/>
<Cov CovItemId="S58" Value="1"/>
<Cov CovItemId="S59" Value="1"/>
<Cov CovItemId="S6" Value="46"/>
<Cov CovItemId="S60" Value="4"/>
<Cov CovItemId="S61" Value="24"/>
<Cov CovItemId="S62" Value="21"/>
<Cov CovItemId="S63" Value="1"/>
<Cov CovItemId="S64" Value="1"/>
<Cov CovItemId="S65" Value="20"/>
<Cov CovItemId="S66" Value="20"/>
<Cov CovItemId="S67" Value="20"/>
<Cov CovItemId="S68" Value="57"/>
<Cov CovItemId="S69" Value="266"/>
<Cov CovItemId="S7" Value="46"/>
<Cov CovItemId="S70" Value="1"/>
<Cov CovItemId="S71" Value="12"/>
<Cov CovItemId="S72" Value="17"/>
<Cov CovItemId="S73" Value="19"/>
<Cov CovItemId="S74" Value="33"/>
<Cov CovItemId="S75" Value="33"/>
<Cov CovItemId="S76" Value="36"/>
<Cov CovItemId="S77" Value="18"/>
<Cov CovItemId="S78" Value="18"/>
<Cov CovItemId="S79" Value="8"/>
<Cov CovItemId="S8" Value="46"/>
<Cov CovItemId="S80" Value="8"/>
<Cov CovItemId="S81" Value="6"/>
<Cov CovItemId="S82" Value="6"/>
<Cov CovItemId="S83" Value="4"/>
<Cov CovItemId="S84" Value="4"/>
<Cov CovItemId="S89" Value="11"/>
<Cov CovItemId="S9" Value="46"/>
<Cov CovItemId="S90" Value="5"/>
<Cov CovItemId="S91" Value="2"/>
<Cov CovItemId="S92" Value="2"/>
<Cov CovItemId="S93" Value="1"/>
<Cov CovItemId="S94" Value="1"/>
</CovPrefix>
</CovList>
<AssgnmntList>
<AssgnmntPrefix RootTermCovItemPrefix="devops.hw1.core.ACard.java">
<AssgnmntListEntry Length="2" RootTermCovItemId="C1">
<MapEntry BoolAssgnmnt="00" Value="2912"/>
<MapEntry BoolAssgnmnt="01" Value="1"/>
<MapEntry BoolAssgnmnt="12" Value="1"/>
</AssgnmntListEntry>
<AssgnmntListEntry Length="1" RootTermCovItemId="C2">
<MapEntry BoolAssgnmnt="0" Value="2911"/>
<MapEntry BoolAssgnmnt="1" Value="1"/>
</AssgnmntListEntry>
<AssgnmntListEntry Length="2" RootTermCovItemId="C3">
<MapEntry BoolAssgnmnt="00" Value="2909"/>
<MapEntry BoolAssgnmnt="01" Value="1"/>
<MapEntry BoolAssgnmnt="12" Value="1"/>
</AssgnmntListEntry>
<AssgnmntListEntry Length="1" RootTermCovItemId="C4">
<MapEntry BoolAssgnmnt="0" Value="1"/>
<MapEntry BoolAssgnmnt="1" Value="2908"/>
</AssgnmntListEntry>
<AssgnmntListEntry Length="1" RootTermCovItemId="C5">
<MapEntry BoolAssgnmnt="0" Value="5"/>
<MapEntry BoolAssgnmnt="1" Value="1"/>
</AssgnmntListEntry>
</AssgnmntPrefix>
<AssgnmntPrefix RootTermCovItemPrefix="devops.hw1.core.Board.java">
<AssgnmntListEntry Length="1" RootTermCovItemId="C1">
<MapEntry BoolAssgnmnt="0" Value="12"/>
<MapEntry BoolAssgnmnt="1" Value="576"/>
</AssgnmntListEntry>
<AssgnmntListEntry Length="1" RootTermCovItemId="C2">
<MapEntry BoolAssgnmnt="0" Value="576"/>
<MapEntry BoolAssgnmnt="1" Value="1200"/>
</AssgnmntListEntry>
<AssgnmntListEntry Length="1" RootTermCovItemId="C3">
<MapEntry BoolAssgnmnt="0" Value="12"/>
<MapEntry BoolAssgnmnt="1" Value="72"/>
</AssgnmntListEntry>
<AssgnmntListEntry Length="1" RootTermCovItemId="C4">
<MapEntry BoolAssgnmnt="0" Value="2"/>
<MapEntry BoolAssgnmnt="1" Value="1"/>
</AssgnmntListEntry>
</AssgnmntPrefix>
<AssgnmntPrefix RootTermCovItemPrefix="devops.hw1.core.Player.java">
<AssgnmntListEntry Length="1" RootTermCovItemId="C1">
<MapEntry BoolAssgnmnt="0" Value="46"/>
<MapEntry BoolAssgnmnt="1" Value="368"/>
</AssgnmntListEntry>
<AssgnmntListEntry Length="1" RootTermCovItemId="C10">
<MapEntry BoolAssgnmnt="0" Value="4"/>
<MapEntry BoolAssgnmnt="1" Value="1"/>
</AssgnmntListEntry>
<AssgnmntListEntry Length="1" RootTermCovItemId="C11">
<MapEntry BoolAssgnmnt="0" Value="20"/>
<MapEntry BoolAssgnmnt="1" Value="1"/>
</AssgnmntListEntry>
<AssgnmntListEntry Length="1" RootTermCovItemId="C12">
<MapEntry BoolAssgnmnt="0" Value="57"/>
<MapEntry BoolAssgnmnt="1" Value="266"/>
</AssgnmntListEntry>
<AssgnmntListEntry Length="2" RootTermCovItemId="C14">
<MapEntry BoolAssgnmnt="00" Value="1"/>
<MapEntry BoolAssgnmnt="12" Value="1"/>
</AssgnmntListEntry>
<AssgnmntListEntry Length="1" RootTermCovItemId="C2">
<MapEntry BoolAssgnmnt="0" Value="46"/>
<MapEntry BoolAssgnmnt="1" Value="92"/>
</AssgnmntListEntry>
<AssgnmntListEntry Length="1" RootTermCovItemId="C3">
<MapEntry BoolAssgnmnt="0" Value="33"/>
<MapEntry BoolAssgnmnt="1" Value="1"/>
</AssgnmntListEntry>
<AssgnmntListEntry Length="1" RootTermCovItemId="C4">
<MapEntry BoolAssgnmnt="0" Value="1"/>
<MapEntry BoolAssgnmnt="1" Value="7"/>
</AssgnmntListEntry>
<AssgnmntListEntry Length="1" RootTermCovItemId="C5">
<MapEntry BoolAssgnmnt="0" Value="2"/>
<MapEntry BoolAssgnmnt="1" Value="5"/>
</AssgnmntListEntry>
<AssgnmntListEntry Length="1" RootTermCovItemId="C6">
<MapEntry BoolAssgnmnt="0" Value="2"/>
<MapEntry BoolAssgnmnt="1" Value="5"/>
</AssgnmntListEntry>
<AssgnmntListEntry Length="1" RootTermCovItemId="C7">
<MapEntry BoolAssgnmnt="0" Value="2"/>
<MapEntry BoolAssgnmnt="1" Value="3"/>
</AssgnmntListEntry>
<AssgnmntListEntry Length="1" RootTermCovItemId="C8">
<MapEntry BoolAssgnmnt="0" Value="269"/>
<MapEntry BoolAssgnmnt="1" Value="1"/>
</AssgnmntListEntry>
<AssgnmntListEntry Length="1" RootTermCovItemId="C9">
<MapEntry BoolAssgnmnt="0" Value="466"/>
<MapEntry BoolAssgnmnt="1" Value="1"/>
</AssgnmntListEntry>
</AssgnmntPrefix>
</AssgnmntList>
<ObjMetaDataList/>
<MetaDataList/>
</TestCase>
<MetaDataList/>
</TestSession>
<TestSession Comment="" Date="1462560932500" Name="May 6, 2016 2:55:32 PM">
<TestCase Comment="This is a test case containing all coverage results cause no startTestCase methods where captured." Date="1462560929934" Name="UNNAMED TESTCASE">
<CovList>
<CovPrefix CovItemPrefix="devops.hw1.core.ACard.java">
<Cov CovItemId="B1" Value="2"/>
<Cov CovItemId="B10" Value="5"/>
<Cov CovItemId="B2" Value="2912"/>
<Cov CovItemId="B3" Value="1"/>
<Cov CovItemId="B4" Value="2911"/>
<Cov CovItemId="B5" Value="2"/>
<Cov CovItemId="B6" Value="2909"/>
<Cov CovItemId="B7" Value="1"/>
<Cov CovItemId="B8" Value="2908"/>
<Cov CovItemId="B9" Value="1"/>
<Cov CovItemId="S1" Value="2970"/>
<Cov CovItemId="S10" Value="2"/>
<Cov CovItemId="S11" Value="2912"/>
<Cov CovItemId="S12" Value="1"/>
<Cov CovItemId="S13" Value="2911"/>
<Cov CovItemId="S14" Value="2"/>
<Cov CovItemId="S15" Value="2909"/>
<Cov CovItemId="S16" Value="1"/>
<Cov CovItemId="S17" Value="2908"/>
<Cov CovItemId="S18" Value="2"/>
<Cov CovItemId="S19" Value="1"/>
<Cov CovItemId="S2" Value="47"/>
<Cov CovItemId="S20" Value="8"/>
<Cov CovItemId="S21" Value="1"/>
<Cov CovItemId="S22" Value="2"/>
<Cov CovItemId="S23" Value="1"/>
<Cov CovItemId="S24" Value="2"/>
<Cov CovItemId="S25" Value="1"/>
<Cov CovItemId="S26" Value="1"/>
<Cov CovItemId="S27" Value="1"/>
<Cov CovItemId="S28" Value="1"/>
<Cov CovItemId="S29" Value="10"/>
<Cov CovItemId="S3" Value="15"/>
<Cov CovItemId="S30" Value="1"/>
<Cov CovItemId="S31" Value="32"/>
<Cov CovItemId="S32" Value="6"/>
<Cov CovItemId="S33" Value="1"/>
<Cov CovItemId="S34" Value="5"/>
<Cov CovItemId="S35" Value="3"/>
<Cov CovItemId="S36" Value="1"/>
<Cov CovItemId="S4" Value="2914"/>
<Cov CovItemId="S5" Value="2914"/>
<Cov CovItemId="S6" Value="2914"/>
<Cov CovItemId="S7" Value="2914"/>
<Cov CovItemId="S8" Value="2914"/>
<Cov CovItemId="S9" Value="2914"/>
</CovPrefix>
<CovPrefix CovItemPrefix="devops.hw1.core.Board.java">
<Cov CovItemId="B1" Value="12"/>
<Cov CovItemId="B3" Value="1"/>
<Cov CovItemId="B4" Value="2"/>
<Cov CovItemId="L1-2" Value="12"/>
<Cov CovItemId="L2-1" Value="168"/>
<Cov CovItemId="L2-2" Value="408"/>
<Cov CovItemId="L3-2" Value="12"/>
<Cov CovItemId="S1" Value="12"/>
<Cov CovItemId="S10" Value="12"/>
<Cov CovItemId="S11" Value="12"/>
<Cov CovItemId="S12" Value="576"/>
<Cov CovItemId="S13" Value="1200"/>
<Cov CovItemId="S14" Value="12"/>
<Cov CovItemId="S15" Value="12"/>
<Cov CovItemId="S16" Value="72"/>
<Cov CovItemId="S17" Value="7"/>
<Cov CovItemId="S18" Value="3"/>
<Cov CovItemId="S19" Value="1"/>
<Cov CovItemId="S2" Value="12"/>
<Cov CovItemId="S20" Value="2"/>
<Cov CovItemId="S21" Value="10"/>
<Cov CovItemId="S22" Value="1"/>
<Cov CovItemId="S23" Value="1"/>
<Cov CovItemId="S24" Value="1"/>
<Cov CovItemId="S25" Value="78"/>
<Cov CovItemId="S26" Value="78"/>
<Cov CovItemId="S27" Value="1"/>
<Cov CovItemId="S4" Value="12"/>
<Cov CovItemId="S5" Value="12"/>
<Cov CovItemId="S6" Value="12"/>
<Cov CovItemId="S7" Value="12"/>
<Cov CovItemId="S8" Value="12"/>
<Cov CovItemId="S9" Value="12"/>
</CovPrefix>
<CovPrefix CovItemPrefix="devops.hw1.core.CardCollection.java">
<Cov CovItemId="S1" Value="1"/>
<Cov CovItemId="S10" Value="58"/>
<Cov CovItemId="S100" Value="58"/>
<Cov CovItemId="S101" Value="58"/>
<Cov CovItemId="S102" Value="58"/>
<Cov CovItemId="S103" Value="58"/>
<Cov CovItemId="S104" Value="58"/>
<Cov CovItemId="S105" Value="58"/>
<Cov CovItemId="S106" Value="58"/>
<Cov CovItemId="S107" Value="58"/>
<Cov CovItemId="S108" Value="58"/>
<Cov CovItemId="S109" Value="58"/>
<Cov CovItemId="S11" Value="58"/>
<Cov CovItemId="S110" Value="58"/>
<Cov CovItemId="S111" Value="58"/>
<Cov CovItemId="S112" Value="58"/>
<Cov CovItemId="S113" Value="58"/>
<Cov CovItemId="S114" Value="58"/>
<Cov CovItemId="S115" Value="58"/>
<Cov CovItemId="S116" Value="58"/>
<Cov CovItemId="S117" Value="58"/>
<Cov CovItemId="S118" Value="58"/>
<Cov CovItemId="S119" Value="58"/>
<Cov CovItemId="S12" Value="58"/>
<Cov CovItemId="S120" Value="58"/>
<Cov CovItemId="S121" Value="58"/>
<Cov CovItemId="S122" Value="58"/>
<Cov CovItemId="S123" Value="58"/>
<Cov CovItemId="S124" Value="58"/>
<Cov CovItemId="S125" Value="58"/>
<Cov CovItemId="S126" Value="58"/>
<Cov CovItemId="S127" Value="58"/>
<Cov CovItemId="S128" Value="58"/>
<Cov CovItemId="S129" Value="58"/>
<Cov CovItemId="S13" Value="58"/>
<Cov CovItemId="S130" Value="58"/>
<Cov CovItemId="S131" Value="58"/>
<Cov CovItemId="S132" Value="58"/>
<Cov CovItemId="S133" Value="58"/>
<Cov CovItemId="S134" Value="58"/>
<Cov CovItemId="S135" Value="58"/>
<Cov CovItemId="S136" Value="58"/>
<Cov CovItemId="S137" Value="58"/>
<Cov CovItemId="S138" Value="58"/>
<Cov CovItemId="S139" Value="58"/>
<Cov CovItemId="S14" Value="58"/>
<Cov CovItemId="S140" Value="58"/>
<Cov CovItemId="S141" Value="58"/>
<Cov CovItemId="S142" Value="58"/>
<Cov CovItemId="S143" Value="58"/>
<Cov CovItemId="S144" Value="58"/>
<Cov CovItemId="S145" Value="58"/>
<Cov CovItemId="S146" Value="58"/>
<Cov CovItemId="S147" Value="58"/>
<Cov CovItemId="S148" Value="58"/>
<Cov CovItemId="S149" Value="58"/>
<Cov CovItemId="S15" Value="58"/>
<Cov CovItemId="S150" Value="58"/>
<Cov CovItemId="S151" Value="58"/>
<Cov CovItemId="S152" Value="58"/>
<Cov CovItemId="S153" Value="58"/>
<Cov CovItemId="S154" Value="58"/>
<Cov CovItemId="S155" Value="58"/>
<Cov CovItemId="S156" Value="58"/>
<Cov CovItemId="S157" Value="58"/>
<Cov CovItemId="S158" Value="58"/>
<Cov CovItemId="S159" Value="58"/>
<Cov CovItemId="S16" Value="58"/>
<Cov CovItemId="S160" Value="58"/>
<Cov CovItemId="S161" Value="58"/>
<Cov CovItemId="S162" Value="58"/>
<Cov CovItemId="S163" Value="58"/>
<Cov CovItemId="S164" Value="58"/>
<Cov CovItemId="S165" Value="58"/>
<Cov CovItemId="S166" Value="58"/>
<Cov CovItemId="S167" Value="58"/>
<Cov CovItemId="S168" Value="58"/>
<Cov CovItemId="S169" Value="58"/>
<Cov CovItemId="S17" Value="58"/>
<Cov CovItemId="S170" Value="58"/>
<Cov CovItemId="S171" Value="58"/>
<Cov CovItemId="S172" Value="58"/>
<Cov CovItemId="S173" Value="58"/>
<Cov CovItemId="S174" Value="58"/>
<Cov CovItemId="S175" Value="58"/>
<Cov CovItemId="S176" Value="58"/>
<Cov CovItemId="S177" Value="58"/>
<Cov CovItemId="S178" Value="58"/>
<Cov CovItemId="S179" Value="58"/>
<Cov CovItemId="S18" Value="58"/>
<Cov CovItemId="S180" Value="58"/>
<Cov CovItemId="S181" Value="58"/>
<Cov CovItemId="S182" Value="58"/>
<Cov CovItemId="S183" Value="58"/>
<Cov CovItemId="S184" Value="58"/>
<Cov CovItemId="S185" Value="58"/>
<Cov CovItemId="S186" Value="58"/>
<Cov CovItemId="S187" Value="58"/>
<Cov CovItemId="S188" Value="58"/>
<Cov CovItemId="S189" Value="58"/>
<Cov CovItemId="S19" Value="58"/>
<Cov CovItemId="S190" Value="58"/>
<Cov CovItemId="S191" Value="58"/>
<Cov CovItemId="S192" Value="58"/>
<Cov CovItemId="S193" Value="58"/>
<Cov CovItemId="S194" Value="58"/>
<Cov CovItemId="S195" Value="58"/>
<Cov CovItemId="S196" Value="58"/>
<Cov CovItemId="S197" Value="58"/>
<Cov CovItemId="S198" Value="58"/>
<Cov CovItemId="S199" Value="58"/>
<Cov CovItemId="S2" Value="1"/>
<Cov CovItemId="S20" Value="58"/>
<Cov CovItemId="S200" Value="58"/>
<Cov CovItemId="S21" Value="58"/>
<Cov CovItemId="S22" Value="58"/>
<Cov CovItemId="S23" Value="58"/>
<Cov CovItemId="S24" Value="58"/>
<Cov CovItemId="S25" Value="58"/>
<Cov CovItemId="S26" Value="58"/>
<Cov CovItemId="S27" Value="58"/>
<Cov CovItemId="S28" Value="58"/>
<Cov CovItemId="S29" Value="58"/>
<Cov CovItemId="S3" Value="1"/>
<Cov CovItemId="S30" Value="58"/>
<Cov CovItemId="S31" Value="58"/>
<Cov CovItemId="S32" Value="58"/>
<Cov CovItemId="S33" Value="58"/>
<Cov CovItemId="S34" Value="58"/>
<Cov CovItemId="S35" Value="58"/>
<Cov CovItemId="S36" Value="58"/>
<Cov CovItemId="S37" Value="58"/>
<Cov CovItemId="S38" Value="58"/>
<Cov CovItemId="S39" Value="58"/>
<Cov CovItemId="S4" Value="1"/>
<Cov CovItemId="S40" Value="58"/>
<Cov CovItemId="S41" Value="58"/>
<Cov CovItemId="S42" Value="58"/>
<Cov CovItemId="S43" Value="58"/>
<Cov CovItemId="S44" Value="58"/>
<Cov CovItemId="S45" Value="58"/>
<Cov CovItemId="S46" Value="58"/>
<Cov CovItemId="S47" Value="58"/>
<Cov CovItemId="S48" Value="58"/>
<Cov CovItemId="S49" Value="58"/>
<Cov CovItemId="S5" Value="1"/>
<Cov CovItemId="S50" Value="58"/>
<Cov CovItemId="S51" Value="58"/>
<Cov CovItemId="S52" Value="58"/>
<Cov CovItemId="S53" Value="58"/>
<Cov CovItemId="S54" Value="58"/>
<Cov CovItemId="S55" Value="58"/>
<Cov CovItemId="S56" Value="58"/>
<Cov CovItemId="S57" Value="58"/>
<Cov CovItemId="S58" Value="58"/>
<Cov CovItemId="S59" Value="58"/>
<Cov CovItemId="S6" Value="58"/>
<Cov CovItemId="S60" Value="58"/>
<Cov CovItemId="S61" Value="58"/>
<Cov CovItemId="S62" Value="58"/>
<Cov CovItemId="S63" Value="58"/>
<Cov CovItemId="S64" Value="58"/>
<Cov CovItemId="S65" Value="58"/>
<Cov CovItemId="S66" Value="58"/>
<Cov CovItemId="S67" Value="58"/>
<Cov CovItemId="S68" Value="58"/>
<Cov CovItemId="S69" Value="58"/>
<Cov CovItemId="S7" Value="58"/>
<Cov CovItemId="S70" Value="58"/>
<Cov CovItemId="S71" Value="58"/>
<Cov CovItemId="S72" Value="58"/>
<Cov CovItemId="S73" Value="58"/>
<Cov CovItemId="S74" Value="58"/>
<Cov CovItemId="S75" Value="58"/>
<Cov CovItemId="S76" Value="58"/>
<Cov CovItemId="S77" Value="58"/>
<Cov CovItemId="S78" Value="58"/>
<Cov CovItemId="S79" Value="58"/>
<Cov CovItemId="S8" Value="58"/>
<Cov CovItemId="S80" Value="58"/>
<Cov CovItemId="S81" Value="58"/>
<Cov CovItemId="S82" Value="58"/>
<Cov CovItemId="S83" Value="58"/>
<Cov CovItemId="S84" Value="58"/>
<Cov CovItemId="S85" Value="58"/>
<Cov CovItemId="S86" Value="58"/>
<Cov CovItemId="S87" Value="58"/>
<Cov CovItemId="S88" Value="58"/>
<Cov CovItemId="S89" Value="58"/>
<Cov CovItemId="S9" Value="58"/>
<Cov CovItemId="S90" Value="58"/>
<Cov CovItemId="S91" Value="58"/>
<Cov CovItemId="S92" Value="58"/>
<Cov CovItemId="S93" Value="58"/>
<Cov CovItemId="S94" Value="58"/>
<Cov CovItemId="S95" Value="58"/>
<Cov CovItemId="S96" Value="58"/>
<Cov CovItemId="S97" Value="58"/>
<Cov CovItemId="S98" Value="58"/>
<Cov CovItemId="S99" Value="58"/>
</CovPrefix>
<CovPrefix CovItemPrefix="devops.hw1.core.HeroCard.java">
<Cov CovItemId="S1" Value="47"/>
<Cov CovItemId="S10" Value="2908"/>
<Cov CovItemId="S2" Value="15"/>
<Cov CovItemId="S3" Value="2908"/>
<Cov CovItemId="S4" Value="2908"/>
<Cov CovItemId="S5" Value="2908"/>
<Cov CovItemId="S6" Value="2908"/>
<Cov CovItemId="S7" Value="2908"/>
<Cov CovItemId="S8" Value="2908"/>
<Cov CovItemId="S9" Value="2908"/>
</CovPrefix>
<CovPrefix CovItemPrefix="devops.hw1.core.Player.java">
<Cov CovItemId="B1" Value="46"/>
<Cov CovItemId="B10" Value="2"/>
<Cov CovItemId="B11" Value="3"/>
<Cov CovItemId="B12" Value="2"/>
<Cov CovItemId="B13" Value="1"/>
<Cov CovItemId="B14" Value="269"/>
<Cov CovItemId="B15" Value="1"/>
<Cov CovItemId="B16" Value="466"/>
<Cov CovItemId="B17" Value="1"/>
<Cov CovItemId="B18" Value="4"/>
<Cov CovItemId="B19" Value="1"/>
<Cov CovItemId="B20" Value="20"/>
<Cov CovItemId="B21" Value="19"/>
<Cov CovItemId="B22" Value="7"/>
<Cov CovItemId="B23" Value="6"/>
<Cov CovItemId="B24" Value="4"/>
<Cov CovItemId="B29" Value="1"/>
<Cov CovItemId="B3" Value="1"/>
<Cov CovItemId="B30" Value="1"/>
<Cov CovItemId="B4" Value="33"/>
<Cov CovItemId="B5" Value="7"/>
<Cov CovItemId="B6" Value="1"/>
<Cov CovItemId="B7" Value="5"/>
<Cov CovItemId="B8" Value="2"/>
<Cov CovItemId="B9" Value="5"/>
<Cov CovItemId="L1-2" Value="46"/>
<Cov CovItemId="L2-2" Value="46"/>
<Cov CovItemId="L3-1" Value="4"/>
<Cov CovItemId="L3-2" Value="53"/>
<Cov CovItemId="L4-0" Value="3"/>
<Cov CovItemId="L4-1" Value="28"/>
<Cov CovItemId="L4-2" Value="2"/>
<Cov CovItemId="Q0-0" Value="26"/>
<Cov CovItemId="Q0-1" Value="1"/>
<Cov CovItemId="S1" Value="46"/>
<Cov CovItemId="S10" Value="46"/>
<Cov CovItemId="S11" Value="46"/>
<Cov CovItemId="S12" Value="368"/>
<Cov CovItemId="S13" Value="46"/>
<Cov CovItemId="S14" Value="92"/>
<Cov CovItemId="S15" Value="1"/>
<Cov CovItemId="S16" Value="1"/>
<Cov CovItemId="S17" Value="1"/>
<Cov CovItemId="S18" Value="1"/>
<Cov CovItemId="S19" Value="1"/>
<Cov CovItemId="S2" Value="46"/>
<Cov CovItemId="S20" Value="46"/>
<Cov CovItemId="S21" Value="46"/>
<Cov CovItemId="S22" Value="27"/>
<Cov CovItemId="S23" Value="82"/>
<Cov CovItemId="S24" Value="34"/>
<Cov CovItemId="S25" Value="15"/>
<Cov CovItemId="S26" Value="34"/>
<Cov CovItemId="S27" Value="1"/>
<Cov CovItemId="S28" Value="1"/>
<Cov CovItemId="S29" Value="33"/>
<Cov CovItemId="S3" Value="46"/>
<Cov CovItemId="S30" Value="12"/>
<Cov CovItemId="S31" Value="8"/>
<Cov CovItemId="S32" Value="7"/>
<Cov CovItemId="S33" Value="7"/>
<Cov CovItemId="S34" Value="5"/>
<Cov CovItemId="S35" Value="5"/>
<Cov CovItemId="S36" Value="5"/>
<Cov CovItemId="S37" Value="3"/>
<Cov CovItemId="S38" Value="7"/>
<Cov CovItemId="S39" Value="5"/>
<Cov CovItemId="S40" Value="5"/>
<Cov CovItemId="S41" Value="3"/>
<Cov CovItemId="S42" Value="3"/>
<Cov CovItemId="S43" Value="3"/>
<Cov CovItemId="S44" Value="3"/>
<Cov CovItemId="S45" Value="4"/>
<Cov CovItemId="S46" Value="31"/>
<Cov CovItemId="S47" Value="270"/>
<Cov CovItemId="S48" Value="1"/>
<Cov CovItemId="S49" Value="1"/>
<Cov CovItemId="S5" Value="46"/>
<Cov CovItemId="S50" Value="1"/>
<Cov CovItemId="S51" Value="270"/>
<Cov CovItemId="S52" Value="270"/>
<Cov CovItemId="S53" Value="467"/>
<Cov CovItemId="S54" Value="1"/>
<Cov CovItemId="S55" Value="1"/>
<Cov CovItemId="S56" Value="466"/>
<Cov CovItemId="S57" Value="5"/>
<Cov CovItemId="S58" Value="1"/>
<Cov CovItemId="S59" Value="1"/>
<Cov CovItemId="S6" Value="46"/>
<Cov CovItemId="S60" Value="4"/>
<Cov CovItemId="S61" Value="24"/>
<Cov CovItemId="S62" Value="21"/>
<Cov CovItemId="S63" Value="1"/>
<Cov CovItemId="S64" Value="1"/>
<Cov CovItemId="S65" Value="20"/>
<Cov CovItemId="S66" Value="20"/>
<Cov CovItemId="S67" Value="20"/>
<Cov CovItemId="S68" Value="57"/>
<Cov CovItemId="S69" Value="266"/>
<Cov CovItemId="S7" Value="46"/>
<Cov CovItemId="S70" Value="1"/>
<Cov CovItemId="S71" Value="12"/>
<Cov CovItemId="S72" Value="17"/>
<Cov CovItemId="S73" Value="18"/>
<Cov CovItemId="S74" Value="33"/>
<Cov CovItemId="S75" Value="33"/>
<Cov CovItemId="S76" Value="36"/>
<Cov CovItemId="S77" Value="19"/>
<Cov CovItemId="S78" Value="19"/>
<Cov CovItemId="S79" Value="7"/>
<Cov CovItemId="S8" Value="46"/>
<Cov CovItemId="S80" Value="7"/>
<Cov CovItemId="S81" Value="6"/>
<Cov CovItemId="S82" Value="6"/>
<Cov CovItemId="S83" Value="4"/>
<Cov CovItemId="S84" Value="4"/>
<Cov CovItemId="S89" Value="11"/>
<Cov CovItemId="S9" Value="46"/>
<Cov CovItemId="S90" Value="5"/>
<Cov CovItemId="S91" Value="2"/>
<Cov CovItemId="S92" Value="2"/>
<Cov CovItemId="S93" Value="1"/>
<Cov CovItemId="S94" Value="1"/>
</CovPrefix>
</CovList>
<AssgnmntList>
<AssgnmntPrefix RootTermCovItemPrefix="devops.hw1.core.ACard.java">
<AssgnmntListEntry Length="2" RootTermCovItemId="C1">
<MapEntry BoolAssgnmnt="00" Value="2912"/>
<MapEntry BoolAssgnmnt="01" Value="1"/>
<MapEntry BoolAssgnmnt="12" Value="1"/>
</AssgnmntListEntry>
<AssgnmntListEntry Length="1" RootTermCovItemId="C2">
<MapEntry BoolAssgnmnt="0" Value="2911"/>
<MapEntry BoolAssgnmnt="1" Value="1"/>
</AssgnmntListEntry>
<AssgnmntListEntry Length="2" RootTermCovItemId="C3">
<MapEntry BoolAssgnmnt="00" Value="2909"/>
<MapEntry BoolAssgnmnt="01" Value="1"/>
<MapEntry BoolAssgnmnt="12" Value="1"/>
</AssgnmntListEntry>
<AssgnmntListEntry Length="1" RootTermCovItemId="C4">
<MapEntry BoolAssgnmnt="0" Value="1"/>
<MapEntry BoolAssgnmnt="1" Value="2908"/>
</AssgnmntListEntry>
<AssgnmntListEntry Length="1" RootTermCovItemId="C5">
<MapEntry BoolAssgnmnt="0" Value="5"/>
<MapEntry BoolAssgnmnt="1" Value="1"/>
</AssgnmntListEntry>
</AssgnmntPrefix>
<AssgnmntPrefix RootTermCovItemPrefix="devops.hw1.core.Board.java">
<AssgnmntListEntry Length="1" RootTermCovItemId="C1">
<MapEntry BoolAssgnmnt="0" Value="12"/>
<MapEntry BoolAssgnmnt="1" Value="576"/>
</AssgnmntListEntry>
<AssgnmntListEntry Length="1" RootTermCovItemId="C2">
<MapEntry BoolAssgnmnt="0" Value="576"/>
<MapEntry BoolAssgnmnt="1" Value="1200"/>
</AssgnmntListEntry>
<AssgnmntListEntry Length="1" RootTermCovItemId="C3">
<MapEntry BoolAssgnmnt="0" Value="12"/>
<MapEntry BoolAssgnmnt="1" Value="72"/>
</AssgnmntListEntry>
<AssgnmntListEntry Length="1" RootTermCovItemId="C4">
<MapEntry BoolAssgnmnt="0" Value="2"/>
<MapEntry BoolAssgnmnt="1" Value="1"/>
</AssgnmntListEntry>
</AssgnmntPrefix>
<AssgnmntPrefix RootTermCovItemPrefix="devops.hw1.core.Player.java">
<AssgnmntListEntry Length="1" RootTermCovItemId="C1">
<MapEntry BoolAssgnmnt="0" Value="46"/>
<MapEntry BoolAssgnmnt="1" Value="368"/>
</AssgnmntListEntry>
<AssgnmntListEntry Length="1" RootTermCovItemId="C10">
<MapEntry BoolAssgnmnt="0" Value="4"/>
<MapEntry BoolAssgnmnt="1" Value="1"/>
</AssgnmntListEntry>
<AssgnmntListEntry Length="1" RootTermCovItemId="C11">
<MapEntry BoolAssgnmnt="0" Value="20"/>
<MapEntry BoolAssgnmnt="1" Value="1"/>
</AssgnmntListEntry>
<AssgnmntListEntry Length="1" RootTermCovItemId="C12">
<MapEntry BoolAssgnmnt="0" Value="57"/>
<MapEntry BoolAssgnmnt="1" Value="266"/>
</AssgnmntListEntry>
<AssgnmntListEntry Length="2" RootTermCovItemId="C14">
<MapEntry BoolAssgnmnt="00" Value="1"/>
<MapEntry BoolAssgnmnt="12" Value="1"/>
</AssgnmntListEntry>
<AssgnmntListEntry Length="1" RootTermCovItemId="C2">
<MapEntry BoolAssgnmnt="0" Value="46"/>
<MapEntry BoolAssgnmnt="1" Value="92"/>
</AssgnmntListEntry>
<AssgnmntListEntry Length="1" RootTermCovItemId="C3">
<MapEntry BoolAssgnmnt="0" Value="33"/>
<MapEntry BoolAssgnmnt="1" Value="1"/>
</AssgnmntListEntry>
<AssgnmntListEntry Length="1" RootTermCovItemId="C4">
<MapEntry BoolAssgnmnt="0" Value="1"/>
<MapEntry BoolAssgnmnt="1" Value="7"/>
</AssgnmntListEntry>
<AssgnmntListEntry Length="1" RootTermCovItemId="C5">
<MapEntry BoolAssgnmnt="0" Value="2"/>
<MapEntry BoolAssgnmnt="1" Value="5"/>
</AssgnmntListEntry>
<AssgnmntListEntry Length="1" RootTermCovItemId="C6">
<MapEntry BoolAssgnmnt="0" Value="2"/>
<MapEntry BoolAssgnmnt="1" Value="5"/>
</AssgnmntListEntry>
<AssgnmntListEntry Length="1" RootTermCovItemId="C7">
<MapEntry BoolAssgnmnt="0" Value="2"/>
<MapEntry BoolAssgnmnt="1" Value="3"/>
</AssgnmntListEntry>
<AssgnmntListEntry Length="1" RootTermCovItemId="C8">
<MapEntry BoolAssgnmnt="0" Value="269"/>
<MapEntry BoolAssgnmnt="1" Value="1"/>
</AssgnmntListEntry>
<AssgnmntListEntry Length="1" RootTermCovItemId="C9">
<MapEntry BoolAssgnmnt="0" Value="466"/>
<MapEntry BoolAssgnmnt="1" Value="1"/>
</AssgnmntListEntry>
</AssgnmntPrefix>
</AssgnmntList>
<ObjMetaDataList/>
<MetaDataList/>
</TestCase>
<MetaDataList/>
</TestSession>
<TestSession Comment="" Date="1462560997623" Name="May 6, 2016 2:56:37 PM">
<TestCase Comment="This is a test case containing all coverage results cause no startTestCase methods where captured." Date="1462560995020" Name="UNNAMED TESTCASE">
<CovList>
<CovPrefix CovItemPrefix="devops.hw1.core.ACard.java">
<Cov CovItemId="B1" Value="2"/>
<Cov CovItemId="B10" Value="5"/>
<Cov CovItemId="B2" Value="2912"/>
<Cov CovItemId="B3" Value="1"/>
<Cov CovItemId="B4" Value="2911"/>
<Cov CovItemId="B5" Value="2"/>
<Cov CovItemId="B6" Value="2909"/>
<Cov CovItemId="B7" Value="1"/>
<Cov CovItemId="B8" Value="2908"/>
<Cov CovItemId="B9" Value="1"/>
<Cov CovItemId="S1" Value="2970"/>
<Cov CovItemId="S10" Value="2"/>
<Cov CovItemId="S11" Value="2912"/>
<Cov CovItemId="S12" Value="1"/>
<Cov CovItemId="S13" Value="2911"/>
<Cov CovItemId="S14" Value="2"/>
<Cov CovItemId="S15" Value="2909"/>
<Cov CovItemId="S16" Value="1"/>
<Cov CovItemId="S17" Value="2908"/>
<Cov CovItemId="S18" Value="2"/>
<Cov CovItemId="S19" Value="1"/>
<Cov CovItemId="S2" Value="47"/>
<Cov CovItemId="S20" Value="9"/>
<Cov CovItemId="S21" Value="1"/>
<Cov CovItemId="S22" Value="2"/>
<Cov CovItemId="S23" Value="1"/>
<Cov CovItemId="S24" Value="2"/>
<Cov CovItemId="S25" Value="1"/>
<Cov CovItemId="S26" Value="1"/>
<Cov CovItemId="S27" Value="1"/>
<Cov CovItemId="S28" Value="1"/>
<Cov CovItemId="S29" Value="10"/>
<Cov CovItemId="S3" Value="15"/>
<Cov CovItemId="S30" Value="1"/>
<Cov CovItemId="S31" Value="32"/>
<Cov CovItemId="S32" Value="6"/>
<Cov CovItemId="S33" Value="1"/>
<Cov CovItemId="S34" Value="5"/>
<Cov CovItemId="S35" Value="3"/>
<Cov CovItemId="S36" Value="1"/>
<Cov CovItemId="S4" Value="2914"/>
<Cov CovItemId="S5" Value="2914"/>
<Cov CovItemId="S6" Value="2914"/>
<Cov CovItemId="S7" Value="2914"/>
<Cov CovItemId="S8" Value="2914"/>
<Cov CovItemId="S9" Value="2914"/>
</CovPrefix>
<CovPrefix CovItemPrefix="devops.hw1.core.Board.java">
<Cov CovItemId="B1" Value="12"/>
<Cov CovItemId="B3" Value="1"/>
<Cov CovItemId="B4" Value="2"/>
<Cov CovItemId="L1-2" Value="12"/>
<Cov CovItemId="L2-1" Value="168"/>
<Cov CovItemId="L2-2" Value="408"/>
<Cov CovItemId="L3-2" Value="12"/>
<Cov CovItemId="S1" Value="12"/>
<Cov CovItemId="S10" Value="12"/>
<Cov CovItemId="S11" Value="12"/>
<Cov CovItemId="S12" Value="576"/>
<Cov CovItemId="S13" Value="1200"/>
<Cov CovItemId="S14" Value="12"/>
<Cov CovItemId="S15" Value="12"/>
<Cov CovItemId="S16" Value="72"/>
<Cov CovItemId="S17" Value="7"/>
<Cov CovItemId="S18" Value="3"/>
<Cov CovItemId="S19" Value="1"/>
<Cov CovItemId="S2" Value="12"/>
<Cov CovItemId="S20" Value="2"/>
<Cov CovItemId="S21" Value="10"/>
<Cov CovItemId="S22" Value="1"/>
<Cov CovItemId="S23" Value="1"/>
<Cov CovItemId="S24" Value="1"/>
<Cov CovItemId="S25" Value="78"/>
<Cov CovItemId="S26" Value="78"/>
<Cov CovItemId="S27" Value="1"/>
<Cov CovItemId="S4" Value="12"/>
<Cov CovItemId="S5" Value="12"/>
<Cov CovItemId="S6" Value="12"/>
<Cov CovItemId="S7" Value="12"/>
<Cov CovItemId="S8" Value="12"/>
<Cov CovItemId="S9" Value="12"/>
</CovPrefix>
<CovPrefix CovItemPrefix="devops.hw1.core.CardCollection.java">
<Cov CovItemId="S1" Value="1"/>
<Cov CovItemId="S10" Value="58"/>
<Cov CovItemId="S100" Value="58"/>
<Cov CovItemId="S101" Value="58"/>
<Cov CovItemId="S102" Value="58"/>
<Cov CovItemId="S103" Value="58"/>
<Cov CovItemId="S104" Value="58"/>
<Cov CovItemId="S105" Value="58"/>
<Cov CovItemId="S106" Value="58"/>
<Cov CovItemId="S107" Value="58"/>
<Cov CovItemId="S108" Value="58"/>
<Cov CovItemId="S109" Value="58"/>
<Cov CovItemId="S11" Value="58"/>
<Cov CovItemId="S110" Value="58"/>
<Cov CovItemId="S111" Value="58"/>
<Cov CovItemId="S112" Value="58"/>
<Cov CovItemId="S113" Value="58"/>
<Cov CovItemId="S114" Value="58"/>
<Cov CovItemId="S115" Value="58"/>
<Cov CovItemId="S116" Value="58"/>
<Cov CovItemId="S117" Value="58"/>
<Cov CovItemId="S118" Value="58"/>
<Cov CovItemId="S119" Value="58"/>
<Cov CovItemId="S12" Value="58"/>
<Cov CovItemId="S120" Value="58"/>
<Cov CovItemId="S121" Value="58"/>
<Cov CovItemId="S122" Value="58"/>
<Cov CovItemId="S123" Value="58"/>
<Cov CovItemId="S124" Value="58"/>
<Cov CovItemId="S125" Value="58"/>
<Cov CovItemId="S126" Value="58"/>
<Cov CovItemId="S127" Value="58"/>
<Cov CovItemId="S128" Value="58"/>
<Cov CovItemId="S129" Value="58"/>
<Cov CovItemId="S13" Value="58"/>
<Cov CovItemId="S130" Value="58"/>
<Cov CovItemId="S131" Value="58"/>
<Cov CovItemId="S132" Value="58"/>
<Cov CovItemId="S133" Value="58"/>
<Cov CovItemId="S134" Value="58"/>
<Cov CovItemId="S135" Value="58"/>
<Cov CovItemId="S136" Value="58"/>
<Cov CovItemId="S137" Value="58"/>
<Cov CovItemId="S138" Value="58"/>
<Cov CovItemId="S139" Value="58"/>
<Cov CovItemId="S14" Value="58"/>
<Cov CovItemId="S140" Value="58"/>
<Cov CovItemId="S141" Value="58"/>
<Cov CovItemId="S142" Value="58"/>
<Cov CovItemId="S143" Value="58"/>
<Cov CovItemId="S144" Value="58"/>
<Cov CovItemId="S145" Value="58"/>
<Cov CovItemId="S146" Value="58"/>
<Cov CovItemId="S147" Value="58"/>
<Cov CovItemId="S148" Value="58"/>
<Cov CovItemId="S149" Value="58"/>
<Cov CovItemId="S15" Value="58"/>
<Cov CovItemId="S150" Value="58"/>
<Cov CovItemId="S151" Value="58"/>
<Cov CovItemId="S152" Value="58"/>
<Cov CovItemId="S153" Value="58"/>
<Cov CovItemId="S154" Value="58"/>
<Cov CovItemId="S155" Value="58"/>
<Cov CovItemId="S156" Value="58"/>
<Cov CovItemId="S157" Value="58"/>
<Cov CovItemId="S158" Value="58"/>
<Cov CovItemId="S159" Value="58"/>
<Cov CovItemId="S16" Value="58"/>
<Cov CovItemId="S160" Value="58"/>
<Cov CovItemId="S161" Value="58"/>
<Cov CovItemId="S162" Value="58"/>
<Cov CovItemId="S163" Value="58"/>
<Cov CovItemId="S164" Value="58"/>
<Cov CovItemId="S165" Value="58"/>
<Cov CovItemId="S166" Value="58"/>
<Cov CovItemId="S167" Value="58"/>
<Cov CovItemId="S168" Value="58"/>
<Cov CovItemId="S169" Value="58"/>
<Cov CovItemId="S17" Value="58"/>
<Cov CovItemId="S170" Value="58"/>
<Cov CovItemId="S171" Value="58"/>
<Cov CovItemId="S172" Value="58"/>
<Cov CovItemId="S173" Value="58"/>
<Cov CovItemId="S174" Value="58"/>
<Cov CovItemId="S175" Value="58"/>
<Cov CovItemId="S176" Value="58"/>
<Cov CovItemId="S177" Value="58"/>
<Cov CovItemId="S178" Value="58"/>
<Cov CovItemId="S179" Value="58"/>
<Cov CovItemId="S18" Value="58"/>
<Cov CovItemId="S180" Value="58"/>
<Cov CovItemId="S181" Value="58"/>
<Cov CovItemId="S182" Value="58"/>
<Cov CovItemId="S183" Value="58"/>
<Cov CovItemId="S184" Value="58"/>
<Cov CovItemId="S185" Value="58"/>
<Cov CovItemId="S186" Value="58"/>
<Cov CovItemId="S187" Value="58"/>
<Cov CovItemId="S188" Value="58"/>
<Cov CovItemId="S189" Value="58"/>
<Cov CovItemId="S19" Value="58"/>
<Cov CovItemId="S190" Value="58"/>
<Cov CovItemId="S191" Value="58"/>
<Cov CovItemId="S192" Value="58"/>
<Cov CovItemId="S193" Value="58"/>
<Cov CovItemId="S194" Value="58"/>
<Cov CovItemId="S195" Value="58"/>
<Cov CovItemId="S196" Value="58"/>
<Cov CovItemId="S197" Value="58"/>
<Cov CovItemId="S198" Value="58"/>
<Cov CovItemId="S199" Value="58"/>
<Cov CovItemId="S2" Value="1"/>
<Cov CovItemId="S20" Value="58"/>
<Cov CovItemId="S200" Value="58"/>
<Cov CovItemId="S21" Value="58"/>
<Cov CovItemId="S22" Value="58"/>
<Cov CovItemId="S23" Value="58"/>
<Cov CovItemId="S24" Value="58"/>
<Cov CovItemId="S25" Value="58"/>
<Cov CovItemId="S26" Value="58"/>
<Cov CovItemId="S27" Value="58"/>
<Cov CovItemId="S28" Value="58"/>
<Cov CovItemId="S29" Value="58"/>
<Cov CovItemId="S3" Value="1"/>
<Cov CovItemId="S30" Value="58"/>
<Cov CovItemId="S31" Value="58"/>
<Cov CovItemId="S32" Value="58"/>
<Cov CovItemId="S33" Value="58"/>
<Cov CovItemId="S34" Value="58"/>
<Cov CovItemId="S35" Value="58"/>
<Cov CovItemId="S36" Value="58"/>
<Cov CovItemId="S37" Value="58"/>
<Cov CovItemId="S38" Value="58"/>
<Cov CovItemId="S39" Value="58"/>
<Cov CovItemId="S4" Value="1"/>
<Cov CovItemId="S40" Value="58"/>
<Cov CovItemId="S41" Value="58"/>
<Cov CovItemId="S42" Value="58"/>
<Cov CovItemId="S43" Value="58"/>
<Cov CovItemId="S44" Value="58"/>
<Cov CovItemId="S45" Value="58"/>
<Cov CovItemId="S46" Value="58"/>
<Cov CovItemId="S47" Value="58"/>
<Cov CovItemId="S48" Value="58"/>
<Cov CovItemId="S49" Value="58"/>
<Cov CovItemId="S5" Value="1"/>
<Cov CovItemId="S50" Value="58"/>
<Cov CovItemId="S51" Value="58"/>
<Cov CovItemId="S52" Value="58"/>
<Cov CovItemId="S53" Value="58"/>
<Cov CovItemId="S54" Value="58"/>
<Cov CovItemId="S55" Value="58"/>
<Cov CovItemId="S56" Value="58"/>
<Cov CovItemId="S57" Value="58"/>
<Cov CovItemId="S58" Value="58"/>
<Cov CovItemId="S59" Value="58"/>
<Cov CovItemId="S6" Value="58"/>
<Cov CovItemId="S60" Value="58"/>
<Cov CovItemId="S61" Value="58"/>
<Cov CovItemId="S62" Value="58"/>
<Cov CovItemId="S63" Value="58"/>
<Cov CovItemId="S64" Value="58"/>
<Cov CovItemId="S65" Value="58"/>
<Cov CovItemId="S66" Value="58"/>
<Cov CovItemId="S67" Value="58"/>
<Cov CovItemId="S68" Value="58"/>
<Cov CovItemId="S69" Value="58"/>
<Cov CovItemId="S7" Value="58"/>
<Cov CovItemId="S70" Value="58"/>
<Cov CovItemId="S71" Value="58"/>
<Cov CovItemId="S72" Value="58"/>
<Cov CovItemId="S73" Value="58"/>
<Cov CovItemId="S74" Value="58"/>
<Cov CovItemId="S75" Value="58"/>
<Cov CovItemId="S76" Value="58"/>
<Cov CovItemId="S77" Value="58"/>
<Cov CovItemId="S78" Value="58"/>
<Cov CovItemId="S79" Value="58"/>
<Cov CovItemId="S8" Value="58"/>
<Cov CovItemId="S80" Value="58"/>
<Cov CovItemId="S81" Value="58"/>
<Cov CovItemId="S82" Value="58"/>
<Cov CovItemId="S83" Value="58"/>
<Cov CovItemId="S84" Value="58"/>
<Cov CovItemId="S85" Value="58"/>
<Cov CovItemId="S86" Value="58"/>
<Cov CovItemId="S87" Value="58"/>
<Cov CovItemId="S88" Value="58"/>
<Cov CovItemId="S89" Value="58"/>
<Cov CovItemId="S9" Value="58"/>
<Cov CovItemId="S90" Value="58"/>
<Cov CovItemId="S91" Value="58"/>
<Cov CovItemId="S92" Value="58"/>
<Cov CovItemId="S93" Value="58"/>
<Cov CovItemId="S94" Value="58"/>
<Cov CovItemId="S95" Value="58"/>
<Cov CovItemId="S96" Value="58"/>
<Cov CovItemId="S97" Value="58"/>
<Cov CovItemId="S98" Value="58"/>
<Cov CovItemId="S99" Value="58"/>
</CovPrefix>
<CovPrefix CovItemPrefix="devops.hw1.core.HeroCard.java">
<Cov CovItemId="S1" Value="47"/>
<Cov CovItemId="S10" Value="2908"/>
<Cov CovItemId="S2" Value="15"/>
<Cov CovItemId="S3" Value="2908"/>
<Cov CovItemId="S4" Value="2908"/>
<Cov CovItemId="S5" Value="2908"/>
<Cov CovItemId="S6" Value="2908"/>
<Cov CovItemId="S7" Value="2908"/>
<Cov CovItemId="S8" Value="2908"/>
<Cov CovItemId="S9" Value="2908"/>
</CovPrefix>
<CovPrefix CovItemPrefix="devops.hw1.core.Player.java">
<Cov CovItemId="B1" Value="46"/>
<Cov CovItemId="B10" Value="2"/>
<Cov CovItemId="B11" Value="3"/>
<Cov CovItemId="B12" Value="2"/>
<Cov CovItemId="B13" Value="1"/>
<Cov CovItemId="B14" Value="269"/>
<Cov CovItemId="B15" Value="1"/>
<Cov CovItemId="B16" Value="466"/>
<Cov CovItemId="B17" Value="1"/>
<Cov CovItemId="B18" Value="4"/>
<Cov CovItemId="B19" Value="1"/>
<Cov CovItemId="B20" Value="20"/>
<Cov CovItemId="B21" Value="20"/>
<Cov CovItemId="B22" Value="6"/>
<Cov CovItemId="B23" Value="6"/>
<Cov CovItemId="B24" Value="4"/>
<Cov CovItemId="B29" Value="1"/>
<Cov CovItemId="B3" Value="1"/>
<Cov CovItemId="B30" Value="1"/>
<Cov CovItemId="B4" Value="33"/>
<Cov CovItemId="B5" Value="7"/>
<Cov CovItemId="B6" Value="1"/>
<Cov CovItemId="B7" Value="5"/>
<Cov CovItemId="B8" Value="2"/>
<Cov CovItemId="B9" Value="5"/>
<Cov CovItemId="L1-2" Value="46"/>
<Cov CovItemId="L2-2" Value="46"/>
<Cov CovItemId="L3-1" Value="4"/>
<Cov CovItemId="L3-2" Value="53"/>
<Cov CovItemId="L4-0" Value="3"/>
<Cov CovItemId="L4-1" Value="28"/>
<Cov CovItemId="L4-2" Value="2"/>
<Cov CovItemId="Q0-0" Value="27"/>
<Cov CovItemId="Q0-1" Value="1"/>
<Cov CovItemId="S1" Value="46"/>
<Cov CovItemId="S10" Value="46"/>
<Cov CovItemId="S11" Value="46"/>
<Cov CovItemId="S12" Value="368"/>
<Cov CovItemId="S13" Value="46"/>
<Cov CovItemId="S14" Value="92"/>
<Cov CovItemId="S15" Value="1"/>
<Cov CovItemId="S16" Value="1"/>
<Cov CovItemId="S17" Value="1"/>
<Cov CovItemId="S18" Value="1"/>
<Cov CovItemId="S19" Value="1"/>
<Cov CovItemId="S2" Value="46"/>
<Cov CovItemId="S20" Value="46"/>
<Cov CovItemId="S21" Value="46"/>
<Cov CovItemId="S22" Value="28"/>
<Cov CovItemId="S23" Value="83"/>
<Cov CovItemId="S24" Value="35"/>
<Cov CovItemId="S25" Value="15"/>
<Cov CovItemId="S26" Value="34"/>
<Cov CovItemId="S27" Value="1"/>
<Cov CovItemId="S28" Value="1"/>
<Cov CovItemId="S29" Value="33"/>
<Cov CovItemId="S3" Value="46"/>
<Cov CovItemId="S30" Value="12"/>
<Cov CovItemId="S31" Value="8"/>
<Cov CovItemId="S32" Value="7"/>
<Cov CovItemId="S33" Value="7"/>
<Cov CovItemId="S34" Value="5"/>
<Cov CovItemId="S35" Value="5"/>
<Cov CovItemId="S36" Value="5"/>
<Cov CovItemId="S37" Value="3"/>
<Cov CovItemId="S38" Value="7"/>
<Cov CovItemId="S39" Value="5"/>
<Cov CovItemId="S40" Value="5"/>
<Cov CovItemId="S41" Value="3"/>
<Cov CovItemId="S42" Value="3"/>
<Cov CovItemId="S43" Value="3"/>
<Cov CovItemId="S44" Value="3"/>
<Cov CovItemId="S45" Value="4"/>
<Cov CovItemId="S46" Value="31"/>
<Cov CovItemId="S47" Value="270"/>
<Cov CovItemId="S48" Value="1"/>
<Cov CovItemId="S49" Value="1"/>
<Cov CovItemId="S5" Value="46"/>
<Cov CovItemId="S50" Value="1"/>
<Cov CovItemId="S51" Value="270"/>
<Cov CovItemId="S52" Value="270"/>
<Cov CovItemId="S53" Value="467"/>
<Cov CovItemId="S54" Value="1"/>
<Cov CovItemId="S55" Value="1"/>
<Cov CovItemId="S56" Value="466"/>
<Cov CovItemId="S57" Value="5"/>
<Cov CovItemId="S58" Value="1"/>
<Cov CovItemId="S59" Value="1"/>
<Cov CovItemId="S6" Value="46"/>
<Cov CovItemId="S60" Value="4"/>
<Cov CovItemId="S61" Value="24"/>
<Cov CovItemId="S62" Value="21"/>
<Cov CovItemId="S63" Value="1"/>
<Cov CovItemId="S64" Value="1"/>
<Cov CovItemId="S65" Value="20"/>
<Cov CovItemId="S66" Value="20"/>
<Cov CovItemId="S67" Value="20"/>
<Cov CovItemId="S68" Value="57"/>
<Cov CovItemId="S69" Value="266"/>
<Cov CovItemId="S7" Value="46"/>
<Cov CovItemId="S70" Value="1"/>
<Cov CovItemId="S71" Value="12"/>
<Cov CovItemId="S72" Value="18"/>
<Cov CovItemId="S73" Value="17"/>
<Cov CovItemId="S74" Value="33"/>
<Cov CovItemId="S75" Value="33"/>
<Cov CovItemId="S76" Value="36"/>
<Cov CovItemId="S77" Value="20"/>
<Cov CovItemId="S78" Value="20"/>
<Cov CovItemId="S79" Value="6"/>
<Cov CovItemId="S8" Value="46"/>
<Cov CovItemId="S80" Value="6"/>
<Cov CovItemId="S81" Value="6"/>
<Cov CovItemId="S82" Value="6"/>
<Cov CovItemId="S83" Value="4"/>
<Cov CovItemId="S84" Value="4"/>
<Cov CovItemId="S89" Value="11"/>
<Cov CovItemId="S9" Value="46"/>
<Cov CovItemId="S90" Value="5"/>
<Cov CovItemId="S91" Value="2"/>
<Cov CovItemId="S92" Value="2"/>
<Cov CovItemId="S93" Value="1"/>
<Cov CovItemId="S94" Value="1"/>
</CovPrefix>
</CovList>
<AssgnmntList>
<AssgnmntPrefix RootTermCovItemPrefix="devops.hw1.core.ACard.java">
<AssgnmntListEntry Length="2" RootTermCovItemId="C1">
<MapEntry BoolAssgnmnt="00" Value="2912"/>
<MapEntry BoolAssgnmnt="01" Value="1"/>
<MapEntry BoolAssgnmnt="12" Value="1"/>
</AssgnmntListEntry>
<AssgnmntListEntry Length="1" RootTermCovItemId="C2">
<MapEntry BoolAssgnmnt="0" Value="2911"/>
<MapEntry BoolAssgnmnt="1" Value="1"/>
</AssgnmntListEntry>
<AssgnmntListEntry Length="2" RootTermCovItemId="C3">
<MapEntry BoolAssgnmnt="00" Value="2909"/>
<MapEntry BoolAssgnmnt="01" Value="1"/>
<MapEntry BoolAssgnmnt="12" Value="1"/>
</AssgnmntListEntry>
<AssgnmntListEntry Length="1" RootTermCovItemId="C4">
<MapEntry BoolAssgnmnt="0" Value="1"/>
<MapEntry BoolAssgnmnt="1" Value="2908"/>
</AssgnmntListEntry>
<AssgnmntListEntry Length="1" RootTermCovItemId="C5">
<MapEntry BoolAssgnmnt="0" Value="5"/>
<MapEntry BoolAssgnmnt="1" Value="1"/>
</AssgnmntListEntry>
</AssgnmntPrefix>
<AssgnmntPrefix RootTermCovItemPrefix="devops.hw1.core.Board.java">
<AssgnmntListEntry Length="1" RootTermCovItemId="C1">
<MapEntry BoolAssgnmnt="0" Value="12"/>
<MapEntry BoolAssgnmnt="1" Value="576"/>
</AssgnmntListEntry>
<AssgnmntListEntry Length="1" RootTermCovItemId="C2">
<MapEntry BoolAssgnmnt="0" Value="576"/>
<MapEntry BoolAssgnmnt="1" Value="1200"/>
</AssgnmntListEntry>
<AssgnmntListEntry Length="1" RootTermCovItemId="C3">
<MapEntry BoolAssgnmnt="0" Value="12"/>
<MapEntry BoolAssgnmnt="1" Value="72"/>
</AssgnmntListEntry>
<AssgnmntListEntry Length="1" RootTermCovItemId="C4">
<MapEntry BoolAssgnmnt="0" Value="2"/>
<MapEntry BoolAssgnmnt="1" Value="1"/>
</AssgnmntListEntry>
</AssgnmntPrefix>
<AssgnmntPrefix RootTermCovItemPrefix="devops.hw1.core.Player.java">
<AssgnmntListEntry Length="1" RootTermCovItemId="C1">
<MapEntry BoolAssgnmnt="0" Value="46"/>
<MapEntry BoolAssgnmnt="1" Value="368"/>
</AssgnmntListEntry>
<AssgnmntListEntry Length="1" RootTermCovItemId="C10">
<MapEntry BoolAssgnmnt="0" Value="4"/>
<MapEntry BoolAssgnmnt="1" Value="1"/>
</AssgnmntListEntry>
<AssgnmntListEntry Length="1" RootTermCovItemId="C11">
<MapEntry BoolAssgnmnt="0" Value="20"/>
<MapEntry BoolAssgnmnt="1" Value="1"/>
</AssgnmntListEntry>
<AssgnmntListEntry Length="1" RootTermCovItemId="C12">
<MapEntry BoolAssgnmnt="0" Value="57"/>
<MapEntry BoolAssgnmnt="1" Value="266"/>
</AssgnmntListEntry>
<AssgnmntListEntry Length="2" RootTermCovItemId="C14">
<MapEntry BoolAssgnmnt="00" Value="1"/>
<MapEntry BoolAssgnmnt="12" Value="1"/>
</AssgnmntListEntry>
<AssgnmntListEntry Length="1" RootTermCovItemId="C2">
<MapEntry BoolAssgnmnt="0" Value="46"/>
<MapEntry BoolAssgnmnt="1" Value="92"/>
</AssgnmntListEntry>
<AssgnmntListEntry Length="1" RootTermCovItemId="C3">
<MapEntry BoolAssgnmnt="0" Value="33"/>
<MapEntry BoolAssgnmnt="1" Value="1"/>
</AssgnmntListEntry>
<AssgnmntListEntry Length="1" RootTermCovItemId="C4">
<MapEntry BoolAssgnmnt="0" Value="1"/>
<MapEntry BoolAssgnmnt="1" Value="7"/>
</AssgnmntListEntry>
<AssgnmntListEntry Length="1" RootTermCovItemId="C5">
<MapEntry BoolAssgnmnt="0" Value="2"/>
<MapEntry BoolAssgnmnt="1" Value="5"/>
</AssgnmntListEntry>
<AssgnmntListEntry Length="1" RootTermCovItemId="C6">
<MapEntry BoolAssgnmnt="0" Value="2"/>
<MapEntry BoolAssgnmnt="1" Value="5"/>
</AssgnmntListEntry>
<AssgnmntListEntry Length="1" RootTermCovItemId="C7">
<MapEntry BoolAssgnmnt="0" Value="2"/>
<MapEntry BoolAssgnmnt="1" Value="3"/>
</AssgnmntListEntry>
<AssgnmntListEntry Length="1" RootTermCovItemId="C8">
<MapEntry BoolAssgnmnt="0" Value="269"/>
<MapEntry BoolAssgnmnt="1" Value="1"/>
</AssgnmntListEntry>
<AssgnmntListEntry Length="1" RootTermCovItemId="C9">
<MapEntry BoolAssgnmnt="0" Value="466"/>
<MapEntry BoolAssgnmnt="1" Value="1"/>
</AssgnmntListEntry>
</AssgnmntPrefix>
</AssgnmntList>
<ObjMetaDataList/>
<MetaDataList/>
</TestCase>
<MetaDataList/>
</TestSession>
<TestSession Comment="" Date="1462561307839" Name="May 6, 2016 3:01:47 PM">
<TestCase Comment="This is a test case containing all coverage results cause no startTestCase methods where captured." Date="1462561305147" Name="UNNAMED TESTCASE">
<CovList>
<CovPrefix CovItemPrefix="devops.hw1.core.ACard.java">
<Cov CovItemId="B1" Value="2"/>
<Cov CovItemId="B10" Value="5"/>
<Cov CovItemId="B2" Value="3012"/>
<Cov CovItemId="B3" Value="1"/>
<Cov CovItemId="B4" Value="3011"/>
<Cov CovItemId="B5" Value="2"/>
<Cov CovItemId="B6" Value="3009"/>
<Cov CovItemId="B7" Value="1"/>
<Cov CovItemId="B8" Value="3008"/>
<Cov CovItemId="B9" Value="1"/>
<Cov CovItemId="S1" Value="3074"/>
<Cov CovItemId="S10" Value="2"/>
<Cov CovItemId="S11" Value="3012"/>
<Cov CovItemId="S12" Value="1"/>
<Cov CovItemId="S13" Value="3011"/>
<Cov CovItemId="S14" Value="2"/>
<Cov CovItemId="S15" Value="3009"/>
<Cov CovItemId="S16" Value="1"/>
<Cov CovItemId="S17" Value="3008"/>
<Cov CovItemId="S18" Value="2"/>
<Cov CovItemId="S19" Value="1"/>
<Cov CovItemId="S2" Value="50"/>
<Cov CovItemId="S20" Value="8"/>
<Cov CovItemId="S21" Value="1"/>
<Cov CovItemId="S22" Value="2"/>
<Cov CovItemId="S23" Value="1"/>
<Cov CovItemId="S24" Value="2"/>
<Cov CovItemId="S25" Value="1"/>
<Cov CovItemId="S26" Value="1"/>
<Cov CovItemId="S27" Value="1"/>
<Cov CovItemId="S28" Value="1"/>
<Cov CovItemId="S29" Value="10"/>
<Cov CovItemId="S3" Value="16"/>
<Cov CovItemId="S30" Value="1"/>
<Cov CovItemId="S31" Value="32"/>
<Cov CovItemId="S32" Value="6"/>
<Cov CovItemId="S33" Value="1"/>
<Cov CovItemId="S34" Value="5"/>
<Cov CovItemId="S35" Value="3"/>
<Cov CovItemId="S36" Value="2"/>
<Cov CovItemId="S4" Value="3014"/>
<Cov CovItemId="S5" Value="3014"/>
<Cov CovItemId="S6" Value="3014"/>
<Cov CovItemId="S7" Value="3014"/>
<Cov CovItemId="S8" Value="3014"/>
<Cov CovItemId="S9" Value="3014"/>
</CovPrefix>
<CovPrefix CovItemPrefix="devops.hw1.core.Board.java">
<Cov CovItemId="B1" Value="13"/>
<Cov CovItemId="B3" Value="1"/>
<Cov CovItemId="B4" Value="2"/>
<Cov CovItemId="L1-2" Value="13"/>
<Cov CovItemId="L2-1" Value="182"/>
<Cov CovItemId="L2-2" Value="442"/>
<Cov CovItemId="L3-2" Value="13"/>
<Cov CovItemId="S1" Value="13"/>
<Cov CovItemId="S10" Value="13"/>
<Cov CovItemId="S11" Value="13"/>
<Cov CovItemId="S12" Value="624"/>
<Cov CovItemId="S13" Value="1300"/>
<Cov CovItemId="S14" Value="13"/>
<Cov CovItemId="S15" Value="13"/>
<Cov CovItemId="S16" Value="78"/>
<Cov CovItemId="S17" Value="7"/>
<Cov CovItemId="S18" Value="3"/>
<Cov CovItemId="S19" Value="1"/>
<Cov CovItemId="S2" Value="13"/>
<Cov CovItemId="S20" Value="2"/>
<Cov CovItemId="S21" Value="10"/>
<Cov CovItemId="S22" Value="1"/>
<Cov CovItemId="S23" Value="1"/>
<Cov CovItemId="S24" Value="1"/>
<Cov CovItemId="S25" Value="84"/>
<Cov CovItemId="S26" Value="84"/>
<Cov CovItemId="S27" Value="1"/>
<Cov CovItemId="S4" Value="13"/>
<Cov CovItemId="S5" Value="13"/>
<Cov CovItemId="S6" Value="13"/>
<Cov CovItemId="S7" Value="13"/>
<Cov CovItemId="S8" Value="13"/>
<Cov CovItemId="S9" Value="13"/>
</CovPrefix>
<CovPrefix CovItemPrefix="devops.hw1.core.CardCollection.java">
<Cov CovItemId="S1" Value="1"/>
<Cov CovItemId="S10" Value="60"/>
<Cov CovItemId="S100" Value="60"/>
<Cov CovItemId="S101" Value="60"/>
<Cov CovItemId="S102" Value="60"/>
<Cov CovItemId="S103" Value="60"/>
<Cov CovItemId="S104" Value="60"/>
<Cov CovItemId="S105" Value="60"/>
<Cov CovItemId="S106" Value="60"/>
<Cov CovItemId="S107" Value="60"/>
<Cov CovItemId="S108" Value="60"/>
<Cov CovItemId="S109" Value="60"/>
<Cov CovItemId="S11" Value="60"/>
<Cov CovItemId="S110" Value="60"/>
<Cov CovItemId="S111" Value="60"/>
<Cov CovItemId="S112" Value="60"/>
<Cov CovItemId="S113" Value="60"/>
<Cov CovItemId="S114" Value="60"/>
<Cov CovItemId="S115" Value="60"/>
<Cov CovItemId="S116" Value="60"/>
<Cov CovItemId="S117" Value="60"/>
<Cov CovItemId="S118" Value="60"/>
<Cov CovItemId="S119" Value="60"/>
<Cov CovItemId="S12" Value="60"/>
<Cov CovItemId="S120" Value="60"/>
<Cov CovItemId="S121" Value="60"/>
<Cov CovItemId="S122" Value="60"/>
<Cov CovItemId="S123" Value="60"/>
<Cov CovItemId="S124" Value="60"/>
<Cov CovItemId="S125" Value="60"/>
<Cov CovItemId="S126" Value="60"/>
<Cov CovItemId="S127" Value="60"/>
<Cov CovItemId="S128" Value="60"/>
<Cov CovItemId="S129" Value="60"/>
<Cov CovItemId="S13" Value="60"/>
<Cov CovItemId="S130" Value="60"/>
<Cov CovItemId="S131" Value="60"/>
<Cov CovItemId="S132" Value="60"/>
<Cov CovItemId="S133" Value="60"/>
<Cov CovItemId="S134" Value="60"/>
<Cov CovItemId="S135" Value="60"/>
<Cov CovItemId="S136" Value="60"/>
<Cov CovItemId="S137" Value="60"/>
<Cov CovItemId="S138" Value="60"/>
<Cov CovItemId="S139" Value="60"/>
<Cov CovItemId="S14" Value="60"/>
<Cov CovItemId="S140" Value="60"/>
<Cov CovItemId="S141" Value="60"/>
<Cov CovItemId="S142" Value="60"/>
<Cov CovItemId="S143" Value="60"/>
<Cov CovItemId="S144" Value="60"/>
<Cov CovItemId="S145" Value="60"/>
<Cov CovItemId="S146" Value="60"/>
<Cov CovItemId="S147" Value="60"/>
<Cov CovItemId="S148" Value="60"/>
<Cov CovItemId="S149" Value="60"/>
<Cov CovItemId="S15" Value="60"/>
<Cov CovItemId="S150" Value="60"/>
<Cov CovItemId="S151" Value="60"/>
<Cov CovItemId="S152" Value="60"/>
<Cov CovItemId="S153" Value="60"/>
<Cov CovItemId="S154" Value="60"/>
<Cov CovItemId="S155" Value="60"/>
<Cov CovItemId="S156" Value="60"/>
<Cov CovItemId="S157" Value="60"/>
<Cov CovItemId="S158" Value="60"/>
<Cov CovItemId="S159" Value="60"/>
<Cov CovItemId="S16" Value="60"/>
<Cov CovItemId="S160" Value="60"/>
<Cov CovItemId="S161" Value="60"/>
<Cov CovItemId="S162" Value="60"/>
<Cov CovItemId="S163" Value="60"/>
<Cov CovItemId="S164" Value="60"/>
<Cov CovItemId="S165" Value="60"/>
<Cov CovItemId="S166" Value="60"/>
<Cov CovItemId="S167" Value="60"/>
<Cov CovItemId="S168" Value="60"/>
<Cov CovItemId="S169" Value="60"/>
<Cov CovItemId="S17" Value="60"/>
<Cov CovItemId="S170" Value="60"/>
<Cov CovItemId="S171" Value="60"/>
<Cov CovItemId="S172" Value="60"/>
<Cov CovItemId="S173" Value="60"/>
<Cov CovItemId="S174" Value="60"/>
<Cov CovItemId="S175" Value="60"/>
<Cov CovItemId="S176" Value="60"/>
<Cov CovItemId="S177" Value="60"/>
<Cov CovItemId="S178" Value="60"/>
<Cov CovItemId="S179" Value="60"/>
<Cov CovItemId="S18" Value="60"/>
<Cov CovItemId="S180" Value="60"/>
<Cov CovItemId="S181" Value="60"/>
<Cov CovItemId="S182" Value="60"/>
<Cov CovItemId="S183" Value="60"/>
<Cov CovItemId="S184" Value="60"/>
<Cov CovItemId="S185" Value="60"/>
<Cov CovItemId="S186" Value="60"/>
<Cov CovItemId="S187" Value="60"/>
<Cov CovItemId="S188" Value="60"/>
<Cov CovItemId="S189" Value="60"/>
<Cov CovItemId="S19" Value="60"/>
<Cov CovItemId="S190" Value="60"/>
<Cov CovItemId="S191" Value="60"/>
<Cov CovItemId="S192" Value="60"/>
<Cov CovItemId="S193" Value="60"/>
<Cov CovItemId="S194" Value="60"/>
<Cov CovItemId="S195" Value="60"/>
<Cov CovItemId="S196" Value="60"/>
<Cov CovItemId="S197" Value="60"/>
<Cov CovItemId="S198" Value="60"/>
<Cov CovItemId="S199" Value="60"/>
<Cov CovItemId="S2" Value="1"/>
<Cov CovItemId="S20" Value="60"/>
<Cov CovItemId="S200" Value="60"/>
<Cov CovItemId="S21" Value="60"/>
<Cov CovItemId="S22" Value="60"/>
<Cov CovItemId="S23" Value="60"/>
<Cov CovItemId="S24" Value="60"/>
<Cov CovItemId="S25" Value="60"/>
<Cov CovItemId="S26" Value="60"/>
<Cov CovItemId="S27" Value="60"/>
<Cov CovItemId="S28" Value="60"/>
<Cov CovItemId="S29" Value="60"/>
<Cov CovItemId="S3" Value="1"/>
<Cov CovItemId="S30" Value="60"/>
<Cov CovItemId="S31" Value="60"/>
<Cov CovItemId="S32" Value="60"/>
<Cov CovItemId="S33" Value="60"/>
<Cov CovItemId="S34" Value="60"/>
<Cov CovItemId="S35" Value="60"/>
<Cov CovItemId="S36" Value="60"/>
<Cov CovItemId="S37" Value="60"/>
<Cov CovItemId="S38" Value="60"/>
<Cov CovItemId="S39" Value="60"/>
<Cov CovItemId="S4" Value="1"/>
<Cov CovItemId="S40" Value="60"/>
<Cov CovItemId="S41" Value="60"/>
<Cov CovItemId="S42" Value="60"/>
<Cov CovItemId="S43" Value="60"/>
<Cov CovItemId="S44" Value="60"/>
<Cov CovItemId="S45" Value="60"/>
<Cov CovItemId="S46" Value="60"/>
<Cov CovItemId="S47" Value="60"/>
<Cov CovItemId="S48" Value="60"/>
<Cov CovItemId="S49" Value="60"/>
<Cov CovItemId="S5" Value="1"/>
<Cov CovItemId="S50" Value="60"/>
<Cov CovItemId="S51" Value="60"/>
<Cov CovItemId="S52" Value="60"/>
<Cov CovItemId="S53" Value="60"/>
<Cov CovItemId="S54" Value="60"/>
<Cov CovItemId="S55" Value="60"/>
<Cov CovItemId="S56" Value="60"/>
<Cov CovItemId="S57" Value="60"/>
<Cov CovItemId="S58" Value="60"/>
<Cov CovItemId="S59" Value="60"/>
<Cov CovItemId="S6" Value="60"/>
<Cov CovItemId="S60" Value="60"/>
<Cov CovItemId="S61" Value="60"/>
<Cov CovItemId="S62" Value="60"/>
<Cov CovItemId="S63" Value="60"/>
<Cov CovItemId="S64" Value="60"/>
<Cov CovItemId="S65" Value="60"/>
<Cov CovItemId="S66" Value="60"/>
<Cov CovItemId="S67" Value="60"/>
<Cov CovItemId="S68" Value="60"/>
<Cov CovItemId="S69" Value="60"/>
<Cov CovItemId="S7" Value="60"/>
<Cov CovItemId="S70" Value="60"/>
<Cov CovItemId="S71" Value="60"/>
<Cov CovItemId="S72" Value="60"/>
<Cov CovItemId="S73" Value="60"/>
<Cov CovItemId="S74" Value="60"/>
<Cov CovItemId="S75" Value="60"/>
<Cov CovItemId="S76" Value="60"/>
<Cov CovItemId="S77" Value="60"/>
<Cov CovItemId="S78" Value="60"/>
<Cov CovItemId="S79" Value="60"/>
<Cov CovItemId="S8" Value="60"/>
<Cov CovItemId="S80" Value="60"/>
<Cov CovItemId="S81" Value="60"/>
<Cov CovItemId="S82" Value="60"/>
<Cov CovItemId="S83" Value="60"/>
<Cov CovItemId="S84" Value="60"/>
<Cov CovItemId="S85" Value="60"/>
<Cov CovItemId="S86" Value="60"/>
<Cov CovItemId="S87" Value="60"/>
<Cov CovItemId="S88" Value="60"/>
<Cov CovItemId="S89" Value="60"/>
<Cov CovItemId="S9" Value="60"/>
<Cov CovItemId="S90" Value="60"/>
<Cov CovItemId="S91" Value="60"/>
<Cov CovItemId="S92" Value="60"/>
<Cov CovItemId="S93" Value="60"/>
<Cov CovItemId="S94" Value="60"/>
<Cov CovItemId="S95" Value="60"/>
<Cov CovItemId="S96" Value="60"/>
<Cov CovItemId="S97" Value="60"/>
<Cov CovItemId="S98" Value="60"/>
<Cov CovItemId="S99" Value="60"/>
</CovPrefix>
<CovPrefix CovItemPrefix="devops.hw1.core.HeroCard.java">
<Cov CovItemId="S1" Value="50"/>
<Cov CovItemId="S10" Value="3008"/>
<Cov CovItemId="S2" Value="16"/>
<Cov CovItemId="S3" Value="3008"/>
<Cov CovItemId="S4" Value="3008"/>
<Cov CovItemId="S5" Value="3008"/>
<Cov CovItemId="S6" Value="3008"/>
<Cov CovItemId="S7" Value="3008"/>
<Cov CovItemId="S8" Value="3008"/>
<Cov CovItemId="S9" Value="3008"/>
</CovPrefix>
<CovPrefix CovItemPrefix="devops.hw1.core.Player.java">
<Cov CovItemId="B1" Value="47"/>
<Cov CovItemId="B10" Value="2"/>
<Cov CovItemId="B11" Value="3"/>
<Cov CovItemId="B12" Value="2"/>
<Cov CovItemId="B13" Value="1"/>
<Cov CovItemId="B14" Value="274"/>
<Cov CovItemId="B15" Value="1"/>
<Cov CovItemId="B16" Value="476"/>
<Cov CovItemId="B17" Value="1"/>
<Cov CovItemId="B18" Value="4"/>
<Cov CovItemId="B19" Value="1"/>
<Cov CovItemId="B20" Value="20"/>
<Cov CovItemId="B21" Value="18"/>
<Cov CovItemId="B22" Value="8"/>
<Cov CovItemId="B23" Value="6"/>
<Cov CovItemId="B24" Value="4"/>
<Cov CovItemId="B29" Value="1"/>
<Cov CovItemId="B3" Value="1"/>
<Cov CovItemId="B30" Value="1"/>
<Cov CovItemId="B4" Value="33"/>
<Cov CovItemId="B5" Value="7"/>
<Cov CovItemId="B6" Value="1"/>
<Cov CovItemId="B7" Value="5"/>
<Cov CovItemId="B8" Value="2"/>
<Cov CovItemId="B9" Value="5"/>
<Cov CovItemId="L1-2" Value="47"/>
<Cov CovItemId="L2-2" Value="47"/>
<Cov CovItemId="L3-1" Value="4"/>
<Cov CovItemId="L3-2" Value="54"/>
<Cov CovItemId="L4-0" Value="3"/>
<Cov CovItemId="L4-1" Value="28"/>
<Cov CovItemId="L4-2" Value="2"/>
<Cov CovItemId="Q0-0" Value="25"/>
<Cov CovItemId="Q0-1" Value="1"/>
<Cov CovItemId="S1" Value="47"/>
<Cov CovItemId="S10" Value="47"/>
<Cov CovItemId="S11" Value="47"/>
<Cov CovItemId="S12" Value="376"/>
<Cov CovItemId="S13" Value="47"/>
<Cov CovItemId="S14" Value="94"/>
<Cov CovItemId="S15" Value="1"/>
<Cov CovItemId="S16" Value="1"/>
<Cov CovItemId="S17" Value="1"/>
<Cov CovItemId="S18" Value="1"/>
<Cov CovItemId="S19" Value="1"/>
<Cov CovItemId="S2" Value="47"/>
<Cov CovItemId="S20" Value="47"/>
<Cov CovItemId="S21" Value="47"/>
<Cov CovItemId="S22" Value="26"/>
<Cov CovItemId="S23" Value="80"/>
<Cov CovItemId="S24" Value="34"/>
<Cov CovItemId="S25" Value="15"/>
<Cov CovItemId="S26" Value="34"/>
<Cov CovItemId="S27" Value="1"/>
<Cov CovItemId="S28" Value="1"/>
<Cov CovItemId="S29" Value="33"/>
<Cov CovItemId="S3" Value="47"/>
<Cov CovItemId="S30" Value="12"/>
<Cov CovItemId="S31" Value="8"/>
<Cov CovItemId="S32" Value="7"/>
<Cov CovItemId="S33" Value="7"/>
<Cov CovItemId="S34" Value="5"/>
<Cov CovItemId="S35" Value="5"/>
<Cov CovItemId="S36" Value="5"/>
<Cov CovItemId="S37" Value="3"/>
<Cov CovItemId="S38" Value="7"/>
<Cov CovItemId="S39" Value="5"/>
<Cov CovItemId="S40" Value="5"/>
<Cov CovItemId="S41" Value="3"/>
<Cov CovItemId="S42" Value="3"/>
<Cov CovItemId="S43" Value="3"/>
<Cov CovItemId="S44" Value="3"/>
<Cov CovItemId="S45" Value="4"/>
<Cov CovItemId="S46" Value="31"/>
<Cov CovItemId="S47" Value="275"/>
<Cov CovItemId="S48" Value="1"/>
<Cov CovItemId="S49" Value="1"/>
<Cov CovItemId="S5" Value="47"/>
<Cov CovItemId="S50" Value="1"/>
<Cov CovItemId="S51" Value="275"/>
<Cov CovItemId="S52" Value="275"/>
<Cov CovItemId="S53" Value="477"/>
<Cov CovItemId="S54" Value="1"/>
<Cov CovItemId="S55" Value="1"/>
<Cov CovItemId="S56" Value="476"/>
<Cov CovItemId="S57" Value="5"/>
<Cov CovItemId="S58" Value="1"/>
<Cov CovItemId="S59" Value="1"/>
<Cov CovItemId="S6" Value="47"/>
<Cov CovItemId="S60" Value="4"/>
<Cov CovItemId="S61" Value="24"/>
<Cov CovItemId="S62" Value="21"/>
<Cov CovItemId="S63" Value="1"/>
<Cov CovItemId="S64" Value="1"/>
<Cov CovItemId="S65" Value="20"/>
<Cov CovItemId="S66" Value="20"/>
<Cov CovItemId="S67" Value="20"/>
<Cov CovItemId="S68" Value="58"/>
<Cov CovItemId="S69" Value="271"/>
<Cov CovItemId="S7" Value="47"/>
<Cov CovItemId="S70" Value="1"/>
<Cov CovItemId="S71" Value="12"/>
<Cov CovItemId="S72" Value="17"/>
<Cov CovItemId="S73" Value="19"/>
<Cov CovItemId="S74" Value="33"/>
<Cov CovItemId="S75" Value="33"/>
<Cov CovItemId="S76" Value="36"/>
<Cov CovItemId="S77" Value="18"/>
<Cov CovItemId="S78" Value="18"/>
<Cov CovItemId="S79" Value="8"/>
<Cov CovItemId="S8" Value="47"/>
<Cov CovItemId="S80" Value="8"/>
<Cov CovItemId="S81" Value="6"/>
<Cov CovItemId="S82" Value="6"/>
<Cov CovItemId="S83" Value="4"/>
<Cov CovItemId="S84" Value="4"/>
<Cov CovItemId="S89" Value="11"/>
<Cov CovItemId="S9" Value="47"/>
<Cov CovItemId="S90" Value="5"/>
<Cov CovItemId="S91" Value="3"/>
<Cov CovItemId="S92" Value="3"/>
<Cov CovItemId="S93" Value="1"/>
<Cov CovItemId="S94" Value="1"/>
</CovPrefix>
</CovList>
<AssgnmntList>
<AssgnmntPrefix RootTermCovItemPrefix="devops.hw1.core.ACard.java">
<AssgnmntListEntry Length="2" RootTermCovItemId="C1">
<MapEntry BoolAssgnmnt="00" Value="3012"/>
<MapEntry BoolAssgnmnt="01" Value="1"/>
<MapEntry BoolAssgnmnt="12" Value="1"/>
</AssgnmntListEntry>
<AssgnmntListEntry Length="1" RootTermCovItemId="C2">
<MapEntry BoolAssgnmnt="0" Value="3011"/>
<MapEntry BoolAssgnmnt="1" Value="1"/>
</AssgnmntListEntry>
<AssgnmntListEntry Length="2" RootTermCovItemId="C3">
<MapEntry BoolAssgnmnt="00" Value="3009"/>
<MapEntry BoolAssgnmnt="01" Value="1"/>
<MapEntry BoolAssgnmnt="12" Value="1"/>
</AssgnmntListEntry>
<AssgnmntListEntry Length="1" RootTermCovItemId="C4">
<MapEntry BoolAssgnmnt="0" Value="1"/>
<MapEntry BoolAssgnmnt="1" Value="3008"/>
</AssgnmntListEntry>
<AssgnmntListEntry Length="1" RootTermCovItemId="C5">
<MapEntry BoolAssgnmnt="0" Value="5"/>
<MapEntry BoolAssgnmnt="1" Value="1"/>
</AssgnmntListEntry>
</AssgnmntPrefix>
<AssgnmntPrefix RootTermCovItemPrefix="devops.hw1.core.Board.java">
<AssgnmntListEntry Length="1" RootTermCovItemId="C1">
<MapEntry BoolAssgnmnt="0" Value="13"/>
<MapEntry BoolAssgnmnt="1" Value="624"/>
</AssgnmntListEntry>
<AssgnmntListEntry Length="1" RootTermCovItemId="C2">
<MapEntry BoolAssgnmnt="0" Value="624"/>
<MapEntry BoolAssgnmnt="1" Value="1300"/>
</AssgnmntListEntry>
<AssgnmntListEntry Length="1" RootTermCovItemId="C3">
<MapEntry BoolAssgnmnt="0" Value="13"/>
<MapEntry BoolAssgnmnt="1" Value="78"/>
</AssgnmntListEntry>
<AssgnmntListEntry Length="1" RootTermCovItemId="C4">
<MapEntry BoolAssgnmnt="0" Value="2"/>
<MapEntry BoolAssgnmnt="1" Value="1"/>
</AssgnmntListEntry>
</AssgnmntPrefix>
<AssgnmntPrefix RootTermCovItemPrefix="devops.hw1.core.Player.java">
<AssgnmntListEntry Length="1" RootTermCovItemId="C1">
<MapEntry BoolAssgnmnt="0" Value="47"/>
<MapEntry BoolAssgnmnt="1" Value="376"/>
</AssgnmntListEntry>
<AssgnmntListEntry Length="1" RootTermCovItemId="C10">
<MapEntry BoolAssgnmnt="0" Value="4"/>
<MapEntry BoolAssgnmnt="1" Value="1"/>
</AssgnmntListEntry>
<AssgnmntListEntry Length="1" RootTermCovItemId="C11">
<MapEntry BoolAssgnmnt="0" Value="20"/>
<MapEntry BoolAssgnmnt="1" Value="1"/>
</AssgnmntListEntry>
<AssgnmntListEntry Length="1" RootTermCovItemId="C12">
<MapEntry BoolAssgnmnt="0" Value="58"/>
<MapEntry BoolAssgnmnt="1" Value="271"/>
</AssgnmntListEntry>
<AssgnmntListEntry Length="2" RootTermCovItemId="C14">
<MapEntry BoolAssgnmnt="00" Value="1"/>
<MapEntry BoolAssgnmnt="12" Value="1"/>
</AssgnmntListEntry>
<AssgnmntListEntry Length="1" RootTermCovItemId="C2">
<MapEntry BoolAssgnmnt="0" Value="47"/>
<MapEntry BoolAssgnmnt="1" Value="94"/>
</AssgnmntListEntry>
<AssgnmntListEntry Length="1" RootTermCovItemId="C3">
<MapEntry BoolAssgnmnt="0" Value="33"/>
<MapEntry BoolAssgnmnt="1" Value="1"/>
</AssgnmntListEntry>
<AssgnmntListEntry Length="1" RootTermCovItemId="C4">
<MapEntry BoolAssgnmnt="0" Value="1"/>
<MapEntry BoolAssgnmnt="1" Value="7"/>
</AssgnmntListEntry>
<AssgnmntListEntry Length="1" RootTermCovItemId="C5">
<MapEntry BoolAssgnmnt="0" Value="2"/>
<MapEntry BoolAssgnmnt="1" Value="5"/>
</AssgnmntListEntry>
<AssgnmntListEntry Length="1" RootTermCovItemId="C6">
<MapEntry BoolAssgnmnt="0" Value="2"/>
<MapEntry BoolAssgnmnt="1" Value="5"/>
</AssgnmntListEntry>
<AssgnmntListEntry Length="1" RootTermCovItemId="C7">
<MapEntry BoolAssgnmnt="0" Value="2"/>
<MapEntry BoolAssgnmnt="1" Value="3"/>
</AssgnmntListEntry>
<AssgnmntListEntry Length="1" RootTermCovItemId="C8">
<MapEntry BoolAssgnmnt="0" Value="274"/>
<MapEntry BoolAssgnmnt="1" Value="1"/>
</AssgnmntListEntry>
<AssgnmntListEntry Length="1" RootTermCovItemId="C9">
<MapEntry BoolAssgnmnt="0" Value="476"/>
<MapEntry BoolAssgnmnt="1" Value="1"/>
</AssgnmntListEntry>
</AssgnmntPrefix>
</AssgnmntList>
<ObjMetaDataList/>
<MetaDataList/>
</TestCase>
<MetaDataList/>
</TestSession>
<TestSession Comment="" Date="1462561451328" Name="May 6, 2016 3:04:11 PM">
<TestCase Comment="This is a test case containing all coverage results cause no startTestCase methods where captured." Date="1462561448648" Name="UNNAMED TESTCASE">
<CovList>
<CovPrefix CovItemPrefix="devops.hw1.core.ACard.java">
<Cov CovItemId="B1" Value="2"/>
<Cov CovItemId="B10" Value="5"/>
<Cov CovItemId="B2" Value="3012"/>
<Cov CovItemId="B3" Value="1"/>
<Cov CovItemId="B4" Value="3011"/>
<Cov CovItemId="B5" Value="2"/>
<Cov CovItemId="B6" Value="3009"/>
<Cov CovItemId="B7" Value="1"/>
<Cov CovItemId="B8" Value="3008"/>
<Cov CovItemId="B9" Value="1"/>
<Cov CovItemId="S1" Value="3073"/>
<Cov CovItemId="S10" Value="2"/>
<Cov CovItemId="S11" Value="3012"/>
<Cov CovItemId="S12" Value="1"/>
<Cov CovItemId="S13" Value="3011"/>
<Cov CovItemId="S14" Value="2"/>
<Cov CovItemId="S15" Value="3009"/>
<Cov CovItemId="S16" Value="1"/>
<Cov CovItemId="S17" Value="3008"/>
<Cov CovItemId="S18" Value="2"/>
<Cov CovItemId="S19" Value="1"/>
<Cov CovItemId="S2" Value="50"/>
<Cov CovItemId="S20" Value="8"/>
<Cov CovItemId="S21" Value="1"/>
<Cov CovItemId="S22" Value="2"/>
<Cov CovItemId="S23" Value="1"/>
<Cov CovItemId="S24" Value="2"/>
<Cov CovItemId="S25" Value="1"/>
<Cov CovItemId="S26" Value="1"/>
<Cov CovItemId="S27" Value="1"/>
<Cov CovItemId="S28" Value="1"/>
<Cov CovItemId="S29" Value="11"/>
<Cov CovItemId="S3" Value="15"/>
<Cov CovItemId="S30" Value="1"/>
<Cov CovItemId="S31" Value="32"/>
<Cov CovItemId="S32" Value="6"/>
<Cov CovItemId="S33" Value="1"/>
<Cov CovItemId="S34" Value="5"/>
<Cov CovItemId="S35" Value="3"/>
<Cov CovItemId="S36" Value="2"/>
<Cov CovItemId="S4" Value="3014"/>
<Cov CovItemId="S5" Value="3014"/>
<Cov CovItemId="S6" Value="3014"/>
<Cov CovItemId="S7" Value="3014"/>
<Cov CovItemId="S8" Value="3014"/>
<Cov CovItemId="S9" Value="3014"/>
</CovPrefix>
<CovPrefix CovItemPrefix="devops.hw1.core.Board.java">
<Cov CovItemId="B1" Value="13"/>
<Cov CovItemId="B3" Value="1"/>
<Cov CovItemId="B4" Value="2"/>
<Cov CovItemId="L1-2" Value="13"/>
<Cov CovItemId="L2-1" Value="182"/>
<Cov CovItemId="L2-2" Value="442"/>
<Cov CovItemId="L3-2" Value="13"/>
<Cov CovItemId="S1" Value="13"/>
<Cov CovItemId="S10" Value="13"/>
<Cov CovItemId="S11" Value="13"/>
<Cov CovItemId="S12" Value="624"/>
<Cov CovItemId="S13" Value="1300"/>
<Cov CovItemId="S14" Value="13"/>
<Cov CovItemId="S15" Value="13"/>
<Cov CovItemId="S16" Value="78"/>
<Cov CovItemId="S17" Value="7"/>
<Cov CovItemId="S18" Value="3"/>
<Cov CovItemId="S19" Value="1"/>
<Cov CovItemId="S2" Value="13"/>
<Cov CovItemId="S20" Value="2"/>
<Cov CovItemId="S21" Value="10"/>
<Cov CovItemId="S22" Value="1"/>
<Cov CovItemId="S23" Value="1"/>
<Cov CovItemId="S24" Value="1"/>
<Cov CovItemId="S25" Value="84"/>
<Cov CovItemId="S26" Value="84"/>
<Cov CovItemId="S27" Value="1"/>
<Cov CovItemId="S4" Value="13"/>
<Cov CovItemId="S5" Value="13"/>
<Cov CovItemId="S6" Value="13"/>
<Cov CovItemId="S7" Value="13"/>
<Cov CovItemId="S8" Value="13"/>
<Cov CovItemId="S9" Value="13"/>
</CovPrefix>
<CovPrefix CovItemPrefix="devops.hw1.core.CardCollection.java">
<Cov CovItemId="S1" Value="1"/>
<Cov CovItemId="S10" Value="60"/>
<Cov CovItemId="S100" Value="60"/>
<Cov CovItemId="S101" Value="60"/>
<Cov CovItemId="S102" Value="60"/>
<Cov CovItemId="S103" Value="60"/>
<Cov CovItemId="S104" Value="60"/>
<Cov CovItemId="S105" Value="60"/>
<Cov CovItemId="S106" Value="60"/>
<Cov CovItemId="S107" Value="60"/>
<Cov CovItemId="S108" Value="60"/>
<Cov CovItemId="S109" Value="60"/>
<Cov CovItemId="S11" Value="60"/>
<Cov CovItemId="S110" Value="60"/>
<Cov CovItemId="S111" Value="60"/>
<Cov CovItemId="S112" Value="60"/>
<Cov CovItemId="S113" Value="60"/>
<Cov CovItemId="S114" Value="60"/>
<Cov CovItemId="S115" Value="60"/>
<Cov CovItemId="S116" Value="60"/>
<Cov CovItemId="S117" Value="60"/>
<Cov CovItemId="S118" Value="60"/>
<Cov CovItemId="S119" Value="60"/>
<Cov CovItemId="S12" Value="60"/>
<Cov CovItemId="S120" Value="60"/>
<Cov CovItemId="S121" Value="60"/>
<Cov CovItemId="S122" Value="60"/>
<Cov CovItemId="S123" Value="60"/>
<Cov CovItemId="S124" Value="60"/>
<Cov CovItemId="S125" Value="60"/>
<Cov CovItemId="S126" Value="60"/>
<Cov CovItemId="S127" Value="60"/>
<Cov CovItemId="S128" Value="60"/>
<Cov CovItemId="S129" Value="60"/>
<Cov CovItemId="S13" Value="60"/>
<Cov CovItemId="S130" Value="60"/>
<Cov CovItemId="S131" Value="60"/>
<Cov CovItemId="S132" Value="60"/>
<Cov CovItemId="S133" Value="60"/>
<Cov CovItemId="S134" Value="60"/>
<Cov CovItemId="S135" Value="60"/>
<Cov CovItemId="S136" Value="60"/>
<Cov CovItemId="S137" Value="60"/>
<Cov CovItemId="S138" Value="60"/>
<Cov CovItemId="S139" Value="60"/>
<Cov CovItemId="S14" Value="60"/>
<Cov CovItemId="S140" Value="60"/>
<Cov CovItemId="S141" Value="60"/>
<Cov CovItemId="S142" Value="60"/>
<Cov CovItemId="S143" Value="60"/>
<Cov CovItemId="S144" Value="60"/>
<Cov CovItemId="S145" Value="60"/>
<Cov CovItemId="S146" Value="60"/>
<Cov CovItemId="S147" Value="60"/>
<Cov CovItemId="S148" Value="60"/>
<Cov CovItemId="S149" Value="60"/>
<Cov CovItemId="S15" Value="60"/>
<Cov CovItemId="S150" Value="60"/>
<Cov CovItemId="S151" Value="60"/>
<Cov CovItemId="S152" Value="60"/>
<Cov CovItemId="S153" Value="60"/>
<Cov CovItemId="S154" Value="60"/>
<Cov CovItemId="S155" Value="60"/>
<Cov CovItemId="S156" Value="60"/>
<Cov CovItemId="S157" Value="60"/>
<Cov CovItemId="S158" Value="60"/>
<Cov CovItemId="S159" Value="60"/>
<Cov CovItemId="S16" Value="60"/>
<Cov CovItemId="S160" Value="60"/>
<Cov CovItemId="S161" Value="60"/>
<Cov CovItemId="S162" Value="60"/>
<Cov CovItemId="S163" Value="60"/>
<Cov CovItemId="S164" Value="60"/>
<Cov CovItemId="S165" Value="60"/>
<Cov CovItemId="S166" Value="60"/>
<Cov CovItemId="S167" Value="60"/>
<Cov CovItemId="S168" Value="60"/>
<Cov CovItemId="S169" Value="60"/>
<Cov CovItemId="S17" Value="60"/>
<Cov CovItemId="S170" Value="60"/>
<Cov CovItemId="S171" Value="60"/>
<Cov CovItemId="S172" Value="60"/>
<Cov CovItemId="S173" Value="60"/>
<Cov CovItemId="S174" Value="60"/>
<Cov CovItemId="S175" Value="60"/>
<Cov CovItemId="S176" Value="60"/>
<Cov CovItemId="S177" Value="60"/>
<Cov CovItemId="S178" Value="60"/>
<Cov CovItemId="S179" Value="60"/>
<Cov CovItemId="S18" Value="60"/>
<Cov CovItemId="S180" Value="60"/>
<Cov CovItemId="S181" Value="60"/>
<Cov CovItemId="S182" Value="60"/>
<Cov CovItemId="S183" Value="60"/>
<Cov CovItemId="S184" Value="60"/>
<Cov CovItemId="S185" Value="60"/>
<Cov CovItemId="S186" Value="60"/>
<Cov CovItemId="S187" Value="60"/>
<Cov CovItemId="S188" Value="60"/>
<Cov CovItemId="S189" Value="60"/>
<Cov CovItemId="S19" Value="60"/>
<Cov CovItemId="S190" Value="60"/>
<Cov CovItemId="S191" Value="60"/>
<Cov CovItemId="S192" Value="60"/>
<Cov CovItemId="S193" Value="60"/>
<Cov CovItemId="S194" Value="60"/>
<Cov CovItemId="S195" Value="60"/>
<Cov CovItemId="S196" Value="60"/>
<Cov CovItemId="S197" Value="60"/>
<Cov CovItemId="S198" Value="60"/>
<Cov CovItemId="S199" Value="60"/>
<Cov CovItemId="S2" Value="1"/>
<Cov CovItemId="S20" Value="60"/>
<Cov CovItemId="S200" Value="60"/>
<Cov CovItemId="S21" Value="60"/>
<Cov CovItemId="S22" Value="60"/>
<Cov CovItemId="S23" Value="60"/>
<Cov CovItemId="S24" Value="60"/>
<Cov CovItemId="S25" Value="60"/>
<Cov CovItemId="S26" Value="60"/>
<Cov CovItemId="S27" Value="60"/>
<Cov CovItemId="S28" Value="60"/>
<Cov CovItemId="S29" Value="60"/>
<Cov CovItemId="S3" Value="1"/>
<Cov CovItemId="S30" Value="60"/>
<Cov CovItemId="S31" Value="60"/>
<Cov CovItemId="S32" Value="60"/>
<Cov CovItemId="S33" Value="60"/>
<Cov CovItemId="S34" Value="60"/>
<Cov CovItemId="S35" Value="60"/>
<Cov CovItemId="S36" Value="60"/>
<Cov CovItemId="S37" Value="60"/>
<Cov CovItemId="S38" Value="60"/>
<Cov CovItemId="S39" Value="60"/>
<Cov CovItemId="S4" Value="1"/>
<Cov CovItemId="S40" Value="60"/>
<Cov CovItemId="S41" Value="60"/>
<Cov CovItemId="S42" Value="60"/>
<Cov CovItemId="S43" Value="60"/>
<Cov CovItemId="S44" Value="60"/>
<Cov CovItemId="S45" Value="60"/>
<Cov CovItemId="S46" Value="60"/>
<Cov CovItemId="S47" Value="60"/>
<Cov CovItemId="S48" Value="60"/>
<Cov CovItemId="S49" Value="60"/>
<Cov CovItemId="S5" Value="1"/>
<Cov CovItemId="S50" Value="60"/>
<Cov CovItemId="S51" Value="60"/>
<Cov CovItemId="S52" Value="60"/>
<Cov CovItemId="S53" Value="60"/>
<Cov CovItemId="S54" Value="60"/>
<Cov CovItemId="S55" Value="60"/>
<Cov CovItemId="S56" Value="60"/>
<Cov CovItemId="S57" Value="60"/>
<Cov CovItemId="S58" Value="60"/>
<Cov CovItemId="S59" Value="60"/>
<Cov CovItemId="S6" Value="60"/>
<Cov CovItemId="S60" Value="60"/>
<Cov CovItemId="S61" Value="60"/>
<Cov CovItemId="S62" Value="60"/>
<Cov CovItemId="S63" Value="60"/>
<Cov CovItemId="S64" Value="60"/>
<Cov CovItemId="S65" Value="60"/>
<Cov CovItemId="S66" Value="60"/>
<Cov CovItemId="S67" Value="60"/>
<Cov CovItemId="S68" Value="60"/>
<Cov CovItemId="S69" Value="60"/>
<Cov CovItemId="S7" Value="60"/>
<Cov CovItemId="S70" Value="60"/>
<Cov CovItemId="S71" Value="60"/>
<Cov CovItemId="S72" Value="60"/>
<Cov CovItemId="S73" Value="60"/>
<Cov CovItemId="S74" Value="60"/>
<Cov CovItemId="S75" Value="60"/>
<Cov CovItemId="S76" Value="60"/>
<Cov CovItemId="S77" Value="60"/>
<Cov CovItemId="S78" Value="60"/>
<Cov CovItemId="S79" Value="60"/>
<Cov CovItemId="S8" Value="60"/>
<Cov CovItemId="S80" Value="60"/>
<Cov CovItemId="S81" Value="60"/>
<Cov CovItemId="S82" Value="60"/>
<Cov CovItemId="S83" Value="60"/>
<Cov CovItemId="S84" Value="60"/>
<Cov CovItemId="S85" Value="60"/>
<Cov CovItemId="S86" Value="60"/>
<Cov CovItemId="S87" Value="60"/>
<Cov CovItemId="S88" Value="60"/>
<Cov CovItemId="S89" Value="60"/>
<Cov CovItemId="S9" Value="60"/>
<Cov CovItemId="S90" Value="60"/>
<Cov CovItemId="S91" Value="60"/>
<Cov CovItemId="S92" Value="60"/>
<Cov CovItemId="S93" Value="60"/>
<Cov CovItemId="S94" Value="60"/>
<Cov CovItemId="S95" Value="60"/>
<Cov CovItemId="S96" Value="60"/>
<Cov CovItemId="S97" Value="60"/>
<Cov CovItemId="S98" Value="60"/>
<Cov CovItemId="S99" Value="60"/>
</CovPrefix>
<CovPrefix CovItemPrefix="devops.hw1.core.HeroCard.java">
<Cov CovItemId="S1" Value="50"/>
<Cov CovItemId="S10" Value="3008"/>
<Cov CovItemId="S2" Value="15"/>
<Cov CovItemId="S3" Value="3008"/>
<Cov CovItemId="S4" Value="3008"/>
<Cov CovItemId="S5" Value="3008"/>
<Cov CovItemId="S6" Value="3008"/>
<Cov CovItemId="S7" Value="3008"/>
<Cov CovItemId="S8" Value="3008"/>
<Cov CovItemId="S9" Value="3008"/>
</CovPrefix>
<CovPrefix CovItemPrefix="devops.hw1.core.Player.java">
<Cov CovItemId="B1" Value="47"/>
<Cov CovItemId="B10" Value="2"/>
<Cov CovItemId="B11" Value="3"/>
<Cov CovItemId="B12" Value="2"/>
<Cov CovItemId="B13" Value="1"/>
<Cov CovItemId="B14" Value="274"/>
<Cov CovItemId="B15" Value="1"/>
<Cov CovItemId="B16" Value="476"/>
<Cov CovItemId="B17" Value="1"/>
<Cov CovItemId="B18" Value="4"/>
<Cov CovItemId="B19" Value="1"/>
<Cov CovItemId="B20" Value="20"/>
<Cov CovItemId="B21" Value="18"/>
<Cov CovItemId="B22" Value="8"/>
<Cov CovItemId="B23" Value="6"/>
<Cov CovItemId="B24" Value="4"/>
<Cov CovItemId="B29" Value="2"/>
<Cov CovItemId="B3" Value="1"/>
<Cov CovItemId="B30" Value="1"/>
<Cov CovItemId="B4" Value="34"/>
<Cov CovItemId="B5" Value="8"/>
<Cov CovItemId="B6" Value="1"/>
<Cov CovItemId="B7" Value="6"/>
<Cov CovItemId="B8" Value="2"/>
<Cov CovItemId="B9" Value="5"/>
<Cov CovItemId="L1-2" Value="47"/>
<Cov CovItemId="L2-2" Value="47"/>
<Cov CovItemId="L3-1" Value="4"/>
<Cov CovItemId="L3-2" Value="54"/>
<Cov CovItemId="L4-0" Value="3"/>
<Cov CovItemId="L4-1" Value="28"/>
<Cov CovItemId="L4-2" Value="2"/>
<Cov CovItemId="Q0-0" Value="25"/>
<Cov CovItemId="Q0-1" Value="1"/>
<Cov CovItemId="S1" Value="47"/>
<Cov CovItemId="S10" Value="47"/>
<Cov CovItemId="S11" Value="47"/>
<Cov CovItemId="S12" Value="376"/>
<Cov CovItemId="S13" Value="47"/>
<Cov CovItemId="S14" Value="94"/>
<Cov CovItemId="S15" Value="1"/>
<Cov CovItemId="S16" Value="1"/>
<Cov CovItemId="S17" Value="1"/>
<Cov CovItemId="S18" Value="1"/>
<Cov CovItemId="S19" Value="1"/>
<Cov CovItemId="S2" Value="47"/>
<Cov CovItemId="S20" Value="47"/>
<Cov CovItemId="S21" Value="47"/>
<Cov CovItemId="S22" Value="26"/>
<Cov CovItemId="S23" Value="80"/>
<Cov CovItemId="S24" Value="35"/>
<Cov CovItemId="S25" Value="15"/>
<Cov CovItemId="S26" Value="35"/>
<Cov CovItemId="S27" Value="1"/>
<Cov CovItemId="S28" Value="1"/>
<Cov CovItemId="S29" Value="34"/>
<Cov CovItemId="S3" Value="47"/>
<Cov CovItemId="S30" Value="13"/>
<Cov CovItemId="S31" Value="9"/>
<Cov CovItemId="S32" Value="8"/>
<Cov CovItemId="S33" Value="8"/>
<Cov CovItemId="S34" Value="6"/>
<Cov CovItemId="S35" Value="6"/>
<Cov CovItemId="S36" Value="6"/>
<Cov CovItemId="S37" Value="3"/>
<Cov CovItemId="S38" Value="7"/>
<Cov CovItemId="S39" Value="5"/>
<Cov CovItemId="S40" Value="5"/>
<Cov CovItemId="S41" Value="3"/>
<Cov CovItemId="S42" Value="3"/>
<Cov CovItemId="S43" Value="3"/>
<Cov CovItemId="S44" Value="3"/>
<Cov CovItemId="S45" Value="4"/>
<Cov CovItemId="S46" Value="31"/>
<Cov CovItemId="S47" Value="275"/>
<Cov CovItemId="S48" Value="1"/>
<Cov CovItemId="S49" Value="1"/>
<Cov CovItemId="S5" Value="47"/>
<Cov CovItemId="S50" Value="1"/>
<Cov CovItemId="S51" Value="275"/>
<Cov CovItemId="S52" Value="275"/>
<Cov CovItemId="S53" Value="477"/>
<Cov CovItemId="S54" Value="1"/>
<Cov CovItemId="S55" Value="1"/>
<Cov CovItemId="S56" Value="476"/>
<Cov CovItemId="S57" Value="5"/>
<Cov CovItemId="S58" Value="1"/>
<Cov CovItemId="S59" Value="1"/>
<Cov CovItemId="S6" Value="47"/>
<Cov CovItemId="S60" Value="4"/>
<Cov CovItemId="S61" Value="24"/>
<Cov CovItemId="S62" Value="21"/>
<Cov CovItemId="S63" Value="1"/>
<Cov CovItemId="S64" Value="1"/>
<Cov CovItemId="S65" Value="20"/>
<Cov CovItemId="S66" Value="20"/>
<Cov CovItemId="S67" Value="20"/>
<Cov CovItemId="S68" Value="58"/>
<Cov CovItemId="S69" Value="271"/>
<Cov CovItemId="S7" Value="47"/>
<Cov CovItemId="S70" Value="1"/>
<Cov CovItemId="S71" Value="12"/>
<Cov CovItemId="S72" Value="17"/>
<Cov CovItemId="S73" Value="19"/>
<Cov CovItemId="S74" Value="33"/>
<Cov CovItemId="S75" Value="33"/>
<Cov CovItemId="S76" Value="36"/>
<Cov CovItemId="S77" Value="18"/>
<Cov CovItemId="S78" Value="18"/>
<Cov CovItemId="S79" Value="8"/>
<Cov CovItemId="S8" Value="47"/>
<Cov CovItemId="S80" Value="8"/>
<Cov CovItemId="S81" Value="6"/>
<Cov CovItemId="S82" Value="6"/>
<Cov CovItemId="S83" Value="4"/>
<Cov CovItemId="S84" Value="4"/>
<Cov CovItemId="S89" Value="11"/>
<Cov CovItemId="S9" Value="47"/>
<Cov CovItemId="S90" Value="5"/>
<Cov CovItemId="S91" Value="3"/>
<Cov CovItemId="S92" Value="3"/>
<Cov CovItemId="S93" Value="2"/>
<Cov CovItemId="S94" Value="1"/>
</CovPrefix>
</CovList>
<AssgnmntList>
<AssgnmntPrefix RootTermCovItemPrefix="devops.hw1.core.ACard.java">
<AssgnmntListEntry Length="2" RootTermCovItemId="C1">
<MapEntry BoolAssgnmnt="00" Value="3012"/>
<MapEntry BoolAssgnmnt="01" Value="1"/>
<MapEntry BoolAssgnmnt="12" Value="1"/>
</AssgnmntListEntry>
<AssgnmntListEntry Length="1" RootTermCovItemId="C2">
<MapEntry BoolAssgnmnt="0" Value="3011"/>
<MapEntry BoolAssgnmnt="1" Value="1"/>
</AssgnmntListEntry>
<AssgnmntListEntry Length="2" RootTermCovItemId="C3">
<MapEntry BoolAssgnmnt="00" Value="3009"/>
<MapEntry BoolAssgnmnt="01" Value="1"/>
<MapEntry BoolAssgnmnt="12" Value="1"/>
</AssgnmntListEntry>
<AssgnmntListEntry Length="1" RootTermCovItemId="C4">
<MapEntry BoolAssgnmnt="0" Value="1"/>
<MapEntry BoolAssgnmnt="1" Value="3008"/>
</AssgnmntListEntry>
<AssgnmntListEntry Length="1" RootTermCovItemId="C5">
<MapEntry BoolAssgnmnt="0" Value="5"/>
<MapEntry BoolAssgnmnt="1" Value="1"/>
</AssgnmntListEntry>
</AssgnmntPrefix>
<AssgnmntPrefix RootTermCovItemPrefix="devops.hw1.core.Board.java">
<AssgnmntListEntry Length="1" RootTermCovItemId="C1">
<MapEntry BoolAssgnmnt="0" Value="13"/>
<MapEntry BoolAssgnmnt="1" Value="624"/>
</AssgnmntListEntry>
<AssgnmntListEntry Length="1" RootTermCovItemId="C2">
<MapEntry BoolAssgnmnt="0" Value="624"/>
<MapEntry BoolAssgnmnt="1" Value="1300"/>
</AssgnmntListEntry>
<AssgnmntListEntry Length="1" RootTermCovItemId="C3">
<MapEntry BoolAssgnmnt="0" Value="13"/>
<MapEntry BoolAssgnmnt="1" Value="78"/>
</AssgnmntListEntry>
<AssgnmntListEntry Length="1" RootTermCovItemId="C4">
<MapEntry BoolAssgnmnt="0" Value="2"/>
<MapEntry BoolAssgnmnt="1" Value="1"/>
</AssgnmntListEntry>
</AssgnmntPrefix>
<AssgnmntPrefix RootTermCovItemPrefix="devops.hw1.core.Player.java">
<AssgnmntListEntry Length="1" RootTermCovItemId="C1">
<MapEntry BoolAssgnmnt="0" Value="47"/>
<MapEntry BoolAssgnmnt="1" Value="376"/>
</AssgnmntListEntry>
<AssgnmntListEntry Length="1" RootTermCovItemId="C10">
<MapEntry BoolAssgnmnt="0" Value="4"/>
<MapEntry BoolAssgnmnt="1" Value="1"/>
</AssgnmntListEntry>
<AssgnmntListEntry Length="1" RootTermCovItemId="C11">
<MapEntry BoolAssgnmnt="0" Value="20"/>
<MapEntry BoolAssgnmnt="1" Value="1"/>
</AssgnmntListEntry>
<AssgnmntListEntry Length="1" RootTermCovItemId="C12">
<MapEntry BoolAssgnmnt="0" Value="58"/>
<MapEntry BoolAssgnmnt="1" Value="271"/>
</AssgnmntListEntry>
<AssgnmntListEntry Length="2" RootTermCovItemId="C14">
<MapEntry BoolAssgnmnt="00" Value="1"/>
<MapEntry BoolAssgnmnt="01" Value="1"/>
<MapEntry BoolAssgnmnt="12" Value="1"/>
</AssgnmntListEntry>
<AssgnmntListEntry Length="1" RootTermCovItemId="C2">
<MapEntry BoolAssgnmnt="0" Value="47"/>
<MapEntry BoolAssgnmnt="1" Value="94"/>
</AssgnmntListEntry>
<AssgnmntListEntry Length="1" RootTermCovItemId="C3">
<MapEntry BoolAssgnmnt="0" Value="34"/>
<MapEntry BoolAssgnmnt="1" Value="1"/>
</AssgnmntListEntry>
<AssgnmntListEntry Length="1" RootTermCovItemId="C4">
<MapEntry BoolAssgnmnt="0" Value="1"/>
<MapEntry BoolAssgnmnt="1" Value="8"/>
</AssgnmntListEntry>
<AssgnmntListEntry Length="1" RootTermCovItemId="C5">
<MapEntry BoolAssgnmnt="0" Value="2"/>
<MapEntry BoolAssgnmnt="1" Value="6"/>
</AssgnmntListEntry>
<AssgnmntListEntry Length="1" RootTermCovItemId="C6">
<MapEntry BoolAssgnmnt="0" Value="2"/>
<MapEntry BoolAssgnmnt="1" Value="5"/>
</AssgnmntListEntry>
<AssgnmntListEntry Length="1" RootTermCovItemId="C7">
<MapEntry BoolAssgnmnt="0" Value="2"/>
<MapEntry BoolAssgnmnt="1" Value="3"/>
</AssgnmntListEntry>
<AssgnmntListEntry Length="1" RootTermCovItemId="C8">
<MapEntry BoolAssgnmnt="0" Value="274"/>
<MapEntry BoolAssgnmnt="1" Value="1"/>
</AssgnmntListEntry>
<AssgnmntListEntry Length="1" RootTermCovItemId="C9">
<MapEntry BoolAssgnmnt="0" Value="476"/>
<MapEntry BoolAssgnmnt="1" Value="1"/>
</AssgnmntListEntry>
</AssgnmntPrefix>
</AssgnmntList>
<ObjMetaDataList/>
<MetaDataList/>
</TestCase>
<MetaDataList/>
</TestSession>
</TestSessionContainer>
