<?xml version="1.0" encoding="UTF-8"?><TestSessionContainer xmlns="http://www.codecover.org/xml/testsession-container" Date="1463160351736" TestSessionContainerId="cbd2ac0f-a92b-45a1-81c8-a5e22e22b6dc" version="1.0">
<SrcFileList>
<SrcFile Content="package devops.hw1.core;&#13;&#10;&#13;&#10;import java.awt.image.BufferedImage;&#13;&#10;import java.util.ArrayList;&#13;&#10;import java.util.HashMap;&#13;&#10;&#13;&#10;/**&#13;&#10; * An abstract class used by all cards.&#13;&#10; * &#13;&#10; * @author bishopcc, fenogljc, gneezyn, heshelhj&#13;&#10; */&#13;&#10;public abstract class ACard {&#13;&#10;&#13;&#10;&#9;protected int cost;&#13;&#10;&#9;protected HashMap&lt;String, Integer&gt; effects = new HashMap&lt;String, Integer&gt;();&#13;&#10;&#9;protected String faction;&#13;&#10;&#9;protected String name;&#13;&#10;&#9;protected String type;&#13;&#10;&#9;protected int honor;&#13;&#10;&#9;protected int rarity;&#13;&#10;&#9;protected BufferedImage image;&#13;&#10;&#9;protected int timesActivated = 0;&#13;&#10;&#13;&#10;&#9;/**&#13;&#10;&#9; * This returns a card with zero cost and no other special attributes.&#13;&#10;&#9; * &#13;&#10;&#9; * @return&#13;&#10;&#9; */&#13;&#10;&#13;&#10;&#9;public static ACard makeCard() {&#13;&#10;&#9;&#9;return new HeroCard();&#13;&#10;&#9;}&#13;&#10;&#13;&#10;&#9;/**&#13;&#10;&#9; * This returns a card with cost equal to the input with no other special&#13;&#10;&#9; * attributes.&#13;&#10;&#9; * &#13;&#10;&#9; * @param i&#13;&#10;&#9; * @return&#13;&#10;&#9; */&#13;&#10;&#13;&#10;&#9;public static ACard makeCard(int i) {&#13;&#10;&#9;&#9;return new HeroCard(i);&#13;&#10;&#9;}&#13;&#10;&#13;&#10;&#9;/**&#13;&#10;&#9; * This returns a card with the given information.&#13;&#10;&#9; * &#13;&#10;&#9; * @param image&#13;&#10;&#9; *            , the image of the card (as .png file)&#13;&#10;&#9; * @param name&#13;&#10;&#9; *            , the name of the card (i.e. &quot;Cultist&quot;)&#13;&#10;&#9; * @param faction&#13;&#10;&#9; *            , the card's faction (i.e. &quot;Lifebound&quot;)&#13;&#10;&#9; * @param type&#13;&#10;&#9; *            , the card's type (i.e. Hero, Monster, etc.)&#13;&#10;&#9; * @param cost&#13;&#10;&#9; *            , the amount paid to obtain the card (in runes or power)&#13;&#10;&#9; * @param honor&#13;&#10;&#9; *            , the amount of honor that the card is worth&#13;&#10;&#9; * @param rarity&#13;&#10;&#9; *            , the number of occurrences of the card in the game&#13;&#10;&#9; * @param effects&#13;&#10;&#9; *            , a HashMap of the card's effect(s)&#13;&#10;&#9; * &#13;&#10;&#9; * @return the card that was made (with the given information)&#13;&#10;&#9; */&#13;&#10;&#9;public static ACard makeCard(BufferedImage image, String name,&#13;&#10;&#9;&#9;&#9;String faction, String type, int cost, int honor, int rarity,&#13;&#10;&#9;&#9;&#9;HashMap&lt;String, Integer&gt; effects) {&#13;&#10;&#9;&#9;// array list of accepted card types (all in lower case, for&#13;&#10;&#9;&#9;// consistency)&#13;&#10;&#9;&#9;ArrayList&lt;String&gt; acceptedTypes = new ArrayList&lt;String&gt;();&#13;&#10;&#9;&#9;acceptedTypes.add(&quot;hero&quot;);&#13;&#10;&#9;&#9;acceptedTypes.add(&quot;monster&quot;);&#13;&#10;&#9;&#9;acceptedTypes.add(&quot;construct&quot;);&#13;&#10;&#9;&#9;acceptedTypes.add(&quot;standard&quot;);&#13;&#10;&#13;&#10;&#9;&#9;// before returning the card, need to do input validation&#13;&#10;&#9;&#9;if (name == null || type == null) {&#13;&#10;&#9;&#9;&#9;throw new NullPointerException(&#13;&#10;&#9;&#9;&#9;&#9;&#9;&quot;The following values can not be null for a card: &quot;&#13;&#10;&#9;&#9;&#9;&#9;&#9;&#9;&#9;+ &quot;name, type, cost, honor, rarity, and effect.&quot;);&#13;&#10;&#9;&#9;} else if (effects.keySet().contains(null)) {&#13;&#10;&#9;&#9;&#9;throw new NullPointerException(&#13;&#10;&#9;&#9;&#9;&#9;&#9;&quot;The following values can not be null for a card: &quot;&#13;&#10;&#9;&#9;&#9;&#9;&#9;&#9;&#9;+ &quot;name, type, cost, honor, rarity, and effect.&quot;);&#13;&#10;&#9;&#9;} else if (effects.keySet().contains(&quot;&quot;)&#13;&#10;&#9;&#9;&#9;&#9;|| effects.values().contains(0)) {&#13;&#10;&#9;&#9;&#9;throw new IllegalArgumentException(&#13;&#10;&#9;&#9;&#9;&#9;&#9;&quot;One or more of the arguments given for the card &quot;&#13;&#10;&#9;&#9;&#9;&#9;&#9;&#9;&#9;+ &quot;were not correct.&quot;);&#13;&#10;&#9;&#9;} else if (!(acceptedTypes.contains(type.toLowerCase()))) {&#13;&#10;&#9;&#9;&#9;throw new IllegalArgumentException(&#13;&#10;&#9;&#9;&#9;&#9;&#9;&quot;One or more of the arguments given for the card &quot;&#13;&#10;&#9;&#9;&#9;&#9;&#9;&#9;&#9;+ &quot;were not correct.&quot;);&#13;&#10;&#9;&#9;}&#13;&#10;&#13;&#10;&#9;&#9;// TODO: Make this not only be able to return hero cards&#13;&#10;&#9;&#9;return new HeroCard(image, name, faction, type, cost, honor, rarity,&#13;&#10;&#9;&#9;&#9;&#9;effects);&#13;&#10;&#9;}&#13;&#10;&#13;&#10;&#9;/**&#13;&#10;&#9; * @return the card's faction (i.e. Lifebound, Void, etc.)&#13;&#10;&#9; */&#13;&#10;&#9;public String getFaction() {&#13;&#10;&#9;&#9;return faction;&#13;&#10;&#9;}&#13;&#10;&#13;&#10;&#9;/**&#13;&#10;&#9; * @param faction&#13;&#10;&#9; *            , the faction to set&#13;&#10;&#9; */&#13;&#10;&#9;public void setFaction(String faction) {&#13;&#10;&#9;&#9;this.faction = faction;&#13;&#10;&#9;}&#13;&#10;&#13;&#10;&#9;/**&#13;&#10;&#9; * @return the card's name&#13;&#10;&#9; */&#13;&#10;&#9;public String getName() {&#13;&#10;&#9;&#9;return name;&#13;&#10;&#9;}&#13;&#10;&#13;&#10;&#9;/**&#13;&#10;&#9; * @param name&#13;&#10;&#9; *            , the name to give the card&#13;&#10;&#9; */&#13;&#10;&#9;public void setName(String name) {&#13;&#10;&#9;&#9;this.name = name;&#13;&#10;&#9;}&#13;&#10;&#13;&#10;&#9;/**&#13;&#10;&#9; * @return the card's honor value&#13;&#10;&#9; */&#13;&#10;&#9;public int getHonor() {&#13;&#10;&#9;&#9;return honor;&#13;&#10;&#9;}&#13;&#10;&#13;&#10;&#9;/**&#13;&#10;&#9; * @param honor&#13;&#10;&#9; *            , the honor to set&#13;&#10;&#9; */&#13;&#10;&#9;public void setHonor(int honor) {&#13;&#10;&#9;&#9;this.honor = honor;&#13;&#10;&#9;}&#13;&#10;&#13;&#10;&#9;/**&#13;&#10;&#9; * @return the rarity&#13;&#10;&#9; */&#13;&#10;&#9;public int getRarity() {&#13;&#10;&#9;&#9;return rarity;&#13;&#10;&#9;}&#13;&#10;&#13;&#10;&#9;/**&#13;&#10;&#9; * @param rarity&#13;&#10;&#9; *            the rarity to set&#13;&#10;&#9; */&#13;&#10;&#9;public void setRarity(int rarity) {&#13;&#10;&#9;&#9;this.rarity = rarity;&#13;&#10;&#9;}&#13;&#10;&#13;&#10;&#9;/**&#13;&#10;&#9; * @return the image&#13;&#10;&#9; */&#13;&#10;&#9;public BufferedImage getImage() {&#13;&#10;&#9;&#9;return image;&#13;&#10;&#9;}&#13;&#10;&#13;&#10;&#9;/**&#13;&#10;&#9; * @param image&#13;&#10;&#9; *            the image to set&#13;&#10;&#9; */&#13;&#10;&#9;public void setImage(BufferedImage image) {&#13;&#10;&#9;&#9;this.image = image;&#13;&#10;&#9;}&#13;&#10;&#13;&#10;&#9;/**&#13;&#10;&#9; * @param effects&#13;&#10;&#9; *            the effects to set&#13;&#10;&#9; */&#13;&#10;&#9;public void setEffects(HashMap&lt;String, Integer&gt; effects) {&#13;&#10;&#9;&#9;this.effects = effects;&#13;&#10;&#9;}&#13;&#10;&#13;&#10;&#9;/**&#13;&#10;&#9; * Returns that cost of the card.&#13;&#10;&#9; * &#13;&#10;&#9; * @return&#13;&#10;&#9; */&#13;&#10;&#9;public int getCost() {&#13;&#10;&#9;&#9;return this.cost;&#13;&#10;&#9;}&#13;&#10;&#13;&#10;&#9;/**&#13;&#10;&#9; * Sets the cost of the card.&#13;&#10;&#9; * &#13;&#10;&#9; * @return&#13;&#10;&#9; */&#13;&#10;&#9;public void setCost(int i) {&#13;&#10;&#9;&#9;this.cost = i;&#13;&#10;&#9;}&#13;&#10;&#13;&#10;&#9;/**&#13;&#10;&#9; * Returns the hashmap of effects the card has.&#13;&#10;&#9; * &#13;&#10;&#9; * @return&#13;&#10;&#9; */&#13;&#10;&#9;public HashMap&lt;String, Integer&gt; getEffects() {&#13;&#10;&#9;&#9;return this.effects;&#13;&#10;&#9;}&#13;&#10;&#13;&#10;&#9;/**&#13;&#10;&#9; * Puts an effect string and integer value pair into the hashmap of effects&#13;&#10;&#9; * for the card.&#13;&#10;&#9; * &#13;&#10;&#9; * @param effect&#13;&#10;&#9; * @param value&#13;&#10;&#9; */&#13;&#10;&#9;public void setEffect(String effect, int value) {&#13;&#10;&#9;&#9;if (effect == null) {&#13;&#10;&#9;&#9;&#9;return;&#13;&#10;&#9;&#9;}&#13;&#10;&#9;&#9;this.effects.put(effect, value);&#13;&#10;&#9;}&#13;&#10;&#13;&#10;&#9;/**&#13;&#10;&#9; * Returns the strength of the card.&#13;&#10;&#9; * &#13;&#10;&#9; * @return&#13;&#10;&#9; */&#13;&#10;&#13;&#10;&#9;public int getStrength() {&#13;&#10;&#9;&#9;return this.cost;&#13;&#10;&#9;}&#13;&#10;&#13;&#10;&#9;/**&#13;&#10;&#9; * Returns the type of the card as a string&#13;&#10;&#9; */&#13;&#10;&#9;public String getType() {&#13;&#10;&#9;&#9;return this.type;&#13;&#10;&#9;}&#13;&#10;&#13;&#10;&#9;/**&#13;&#10;&#9; * Gets the number of time's the card's effect has been activated this turn.&#13;&#10;&#9; * Mostly for Constructs.&#13;&#10;&#9; * @return timesActivated, the number of times the card's effect has been activated this turn&#13;&#10;&#9; */&#13;&#10;&#9;public int getTimesActivated() {&#9;//used for Constructs, so that their effects are only activated once per turn&#13;&#10;&#9;&#9;return timesActivated;&#13;&#10;&#9;}&#13;&#10;&#13;&#10;&#9;public void setTimesActivated(int activations) {&#13;&#10;&#9;&#9;timesActivated = activations;&#13;&#10;&#9;}&#13;&#10;&#13;&#10;}&#13;&#10;" Filename="ACard.java" Intrnl_Id="1"/>
<SrcFile Content="package devops.hw1.core;&#13;&#10;&#13;&#10;import java.io.IOException;&#13;&#10;import java.util.ArrayList;&#13;&#10;import java.util.Collections;&#13;&#10;import java.util.LinkedList;&#13;&#10;&#13;&#10;/**&#13;&#10; * The board for Ascension (not gui related).&#13;&#10; * &#13;&#10; * @author bishopcc, fenogljc, gneezyn, heshelhj&#13;&#10; */&#13;&#10;public class Board {&#13;&#10;&#13;&#10;&#9;private ArrayList&lt;ACard&gt; theVoid;&#13;&#10;&#9;private LinkedList&lt;ACard&gt; cenDeck;&#13;&#10;&#9;private ACard[] cenField;&#13;&#10;&#9;private ACard cultist;&#13;&#10;&#9;private ACard heavyInf;&#13;&#10;&#9;private ACard mystic;&#13;&#10;&#13;&#10;&#9;/**&#13;&#10;&#9; * The default constructor for the Board Class.&#13;&#10;&#9; * &#13;&#10;&#9; */&#13;&#10;&#9;public Board() {&#13;&#10;&#9;&#9;try {&#13;&#10;&#9;&#9;&#9;new CardCollection();&#13;&#10;&#9;&#9;} catch (IOException exception) {&#13;&#10;&#9;&#9;&#9;System.out.println(&quot;File not found&quot;);&#13;&#10;&#9;&#9;}&#13;&#10;&#9;&#9;this.theVoid = new ArrayList&lt;ACard&gt;();&#13;&#10;&#9;&#9;this.cenDeck = new LinkedList&lt;ACard&gt;();&#13;&#10;&#9;&#9;this.cenField = new ACard[6];&#13;&#10;&#13;&#10;&#9;&#9;initializeCenterDeck();&#13;&#10;&#13;&#10;&#9;&#9;this.cultist = ACard.makeCard();&#13;&#10;&#9;&#9;this.heavyInf = ACard.makeCard();&#13;&#10;&#9;&#9;this.mystic = ACard.makeCard();&#13;&#10;&#9;}&#13;&#10;&#13;&#10;&#9;/**&#13;&#10;&#9; * This method fills the deck with the necessary cards and fills the center&#13;&#10;&#9; * row with the top cards of the deck.&#13;&#10;&#9; */&#13;&#10;&#13;&#10;&#9;private void initializeCenterDeck() {&#13;&#10;&#9;&#9;for (int i = 0; i &lt; CardCollection.cards.length; i++) {&#13;&#10;&#9;&#9;&#9;for (int j = 0; j &lt; CardCollection.cards[i].rarity; j++) {&#13;&#10;&#9;&#9;&#9;&#9;this.cenDeck.add(CardCollection.cards[i]);&#13;&#10;&#9;&#9;&#9;}&#13;&#10;&#9;&#9;}&#13;&#10;&#9;&#9;Collections.shuffle(this.cenDeck);&#13;&#10;&#9;&#9;for (int m = 0; m &lt; 6; m++) {&#13;&#10;&#9;&#9;&#9;centerDeckToField(m);&#13;&#10;&#9;&#9;}&#13;&#10;&#9;}&#13;&#10;&#13;&#10;&#9;/**&#13;&#10;&#9; * @return the Void field (where banished cards and defeated Monsters go)&#13;&#10;&#9; */&#13;&#10;&#9;public ArrayList&lt;ACard&gt; getVoid() {&#13;&#10;&#9;&#9;return this.theVoid;&#13;&#10;&#9;}&#13;&#10;&#13;&#10;&#9;/**&#13;&#10;&#9; * &#13;&#10;&#9; * Adds the passed card to the void&#13;&#10;&#9; *&#13;&#10;&#9; * @param card&#13;&#10;&#9; *            to be added to the void pile&#13;&#10;&#9; */&#13;&#10;&#9;public void sendToVoid(ACard card) {&#13;&#10;&#9;&#9;if (card == null) {&#13;&#10;&#9;&#9;&#9;return;&#13;&#10;&#9;&#9;}&#13;&#10;&#9;&#9;this.theVoid.add(card);&#13;&#10;&#9;}&#13;&#10;&#13;&#10;&#9;/**&#13;&#10;&#9; * @return the Center Deck&#13;&#10;&#9; */&#13;&#10;&#9;public LinkedList&lt;ACard&gt; getCenDeck() {&#13;&#10;&#9;&#9;return this.cenDeck;&#13;&#10;&#9;}&#13;&#10;&#13;&#10;&#9;/**&#13;&#10;&#9; * @return the Cultist (Standard) Card&#13;&#10;&#9; */&#13;&#10;&#9;public ACard getCultist() {&#13;&#10;&#9;&#9;return this.cultist;&#13;&#10;&#9;}&#13;&#10;&#13;&#10;&#9;/**&#13;&#10;&#9; * @return the Heavy Infantry (Standard) Card&#13;&#10;&#9; */&#13;&#10;&#9;public ACard getHeavyInf() {&#13;&#10;&#9;&#9;return this.heavyInf;&#13;&#10;&#9;}&#13;&#10;&#13;&#10;&#9;/**&#13;&#10;&#9; * @return the Mystic (Standard) Card&#13;&#10;&#9; */&#13;&#10;&#9;public ACard getMystic() {&#13;&#10;&#9;&#9;return this.mystic;&#13;&#10;&#9;}&#13;&#10;&#13;&#10;&#9;/**&#13;&#10;&#9; * Moves the card from the Center Deck to the Center Field&#13;&#10;&#9; * &#13;&#10;&#9; * @param cenCard&#13;&#10;&#9; *            the card to move&#13;&#10;&#9; * @param index&#13;&#10;&#9; *            the index on the Center Field that the card is moving to (base&#13;&#10;&#9; *            zero)&#13;&#10;&#9; */&#13;&#10;&#9;public void centerDeckToField(int index) {&#13;&#10;&#9;&#9;ACard card = this.cenDeck.remove();&#13;&#10;&#9;&#9;this.cenField[index] = card;&#13;&#10;&#9;}&#13;&#10;&#13;&#10;&#9;/**&#13;&#10;&#9; * &#13;&#10;&#9; * gets the center row&#13;&#10;&#9; *&#13;&#10;&#9; * @return the center cards&#13;&#10;&#9; */&#13;&#10;&#9;public ACard[] getCenField() {&#13;&#10;&#9;&#9;return this.cenField;&#13;&#10;&#9;}&#13;&#10;}&#13;&#10;" Filename="Board.java" Intrnl_Id="2"/>
<SrcFile Content="package devops.hw1.core;&#13;&#10;&#13;&#10;import java.awt.image.BufferedImage;&#13;&#10;import java.io.File;&#13;&#10;import java.io.IOException;&#13;&#10;import java.util.HashMap;&#13;&#10;&#13;&#10;import javax.imageio.ImageIO;&#13;&#10;&#13;&#10;/**&#13;&#10; * &#13;&#10; * Creates the cards and attaches their images to that card&#13;&#10; *&#13;&#10; * @author heshelhj. Created Apr 22, 2016.&#13;&#10; */&#13;&#10;public class CardCollection {&#13;&#10;&#13;&#10;&#9;public static ACard apprentice;&#13;&#10;&#9;public static ACard militia;&#13;&#10;&#9;public static ACard arhaInitiate;&#13;&#10;&#9;public static ACard demonSlayer;&#13;&#10;&#9;public static ACard wolfShaman;&#13;&#10;&#9;public static ACard flyTrapWitch;&#13;&#10;&#9;public static ACard asceticOfTheLidlessEye;&#13;&#10;&#9;public static ACard emriOneWithTheVoid;&#13;&#10;&#9;public static ACard arbiterOfThePrecipice;&#13;&#10;&#9;public static ACard arhaTemplar;&#13;&#10;&#9;public static ACard avatarGolem;&#13;&#10;&#9;public static ACard avatarOfTheFallen;&#13;&#10;&#9;public static ACard burrowerMarkII;&#13;&#10;&#9;public static ACard cetraWeaverOfStars;&#13;&#10;&#9;public static ACard corrosiveWidow;&#13;&#10;&#9;public static ACard druidsOfTheStoneCircle;&#13;&#10;&#9;public static ACard earthTyrant;&#13;&#10;&#9;public static ACard hedronCannon;&#13;&#10;&#9;public static ACard hedronLinkDevice;&#13;&#10;&#9;public static ACard korTheFerromancer;&#13;&#10;&#9;public static ACard landtalker;&#13;&#10;&#9;public static ACard lifeboundInitiate;&#13;&#10;&#9;public static ACard masterDhartha;&#13;&#10;&#9;public static ACard mechanaInitiate;&#13;&#10;&#9;public static ACard mephit;&#13;&#10;&#9;public static ACard mistakeOfCreation;&#13;&#10;&#9;public static ACard muramasa;&#13;&#10;&#9;public static ACard oziahThePeerless;&#13;&#10;&#9;public static ACard reactorMonk;&#13;&#10;&#9;public static ACard rocketCourierX99;&#13;&#10;&#9;public static ACard runicLycanthrope;&#13;&#10;&#9;public static ACard samaelsTrickster;&#13;&#10;&#9;public static ACard seaTyrant;&#13;&#10;&#9;public static ACard seerOfTheForkedPath;&#13;&#10;&#9;public static ACard shadeOfTheBlackWatch;&#13;&#10;&#9;public static ACard shadowStar;&#13;&#10;&#9;public static ACard snapdragon;&#13;&#10;&#9;public static ACard spikeVixen;&#13;&#10;&#9;public static ACard tabletOfTimesDawn;&#13;&#10;&#9;public static ACard templeLibrarian;&#13;&#10;&#9;public static ACard theAllSeeingEye;&#13;&#10;&#9;public static ACard theGrandDesign;&#13;&#10;&#9;public static ACard tormentedSoul;&#13;&#10;&#9;public static ACard twofoldAskara;&#13;&#10;&#9;public static ACard voidInitiate;&#13;&#10;&#9;public static ACard voidthirster;&#13;&#10;&#9;public static ACard watchmakersAltar;&#13;&#10;&#9;public static ACard windTyrant;&#13;&#10;&#9;public static ACard xeronDukeOfLies;&#13;&#10;&#9;public static ACard yggdrasilStaff;&#13;&#10;&#9;public static ACard[] cards;&#13;&#10;&#13;&#10;&#9;public static final String RUNES = &quot;runes&quot;;&#13;&#10;&#9;public static final String POWER = &quot;power&quot;;&#13;&#10;&#9;public static final String DRAW = &quot;draw&quot;;&#13;&#10;&#9;public static final String HONOR = &quot;honor&quot;;&#13;&#10;&#9;public static final String BANISH = &quot;banish&quot;;&#13;&#10;&#9;/**&#13;&#10;&#9; * Banish values&#13;&#10;&#9; * 1 = hand&#13;&#10;&#9; * 2 = discard&#13;&#10;&#9; * 3 = center&#13;&#10;&#9; * 4 = center or discard&#13;&#10;&#9; * 5 = hand or discard&#13;&#10;&#9; * &#13;&#10;&#9; */&#13;&#10;&#13;&#10;&#9;public CardCollection() throws IOException {&#13;&#10;&#9;&#9;HashMap&lt;String, Integer&gt; map = new HashMap&lt;String, Integer&gt;();&#13;&#10;&#9;&#9;HashMap&lt;String, Integer&gt; map1 = new HashMap&lt;String, Integer&gt;();&#13;&#10;&#9;&#9;HashMap&lt;String, Integer&gt; map2 = new HashMap&lt;String, Integer&gt;();&#13;&#10;&#9;&#9;HashMap&lt;String, Integer&gt; map3 = new HashMap&lt;String, Integer&gt;();&#13;&#10;&#9;&#9;HashMap&lt;String, Integer&gt; map4 = new HashMap&lt;String, Integer&gt;();&#13;&#10;&#9;&#9;HashMap&lt;String, Integer&gt; map5 = new HashMap&lt;String, Integer&gt;();&#13;&#10;&#9;&#9;HashMap&lt;String, Integer&gt; map6 = new HashMap&lt;String, Integer&gt;();&#13;&#10;&#9;&#9;HashMap&lt;String, Integer&gt; map7 = new HashMap&lt;String, Integer&gt;();&#13;&#10;&#9;&#9;HashMap&lt;String, Integer&gt; map8 = new HashMap&lt;String, Integer&gt;();&#13;&#10;&#9;&#9;HashMap&lt;String, Integer&gt; map9 = new HashMap&lt;String, Integer&gt;();&#13;&#10;&#9;&#9;HashMap&lt;String, Integer&gt; map10 = new HashMap&lt;String, Integer&gt;();&#13;&#10;&#9;&#9;HashMap&lt;String, Integer&gt; map11 = new HashMap&lt;String, Integer&gt;();&#13;&#10;&#9;&#9;HashMap&lt;String, Integer&gt; map12 = new HashMap&lt;String, Integer&gt;();&#13;&#10;&#9;&#9;HashMap&lt;String, Integer&gt; map13 = new HashMap&lt;String, Integer&gt;();&#13;&#10;&#9;&#9;HashMap&lt;String, Integer&gt; map14 = new HashMap&lt;String, Integer&gt;();&#13;&#10;&#9;&#9;HashMap&lt;String, Integer&gt; map15 = new HashMap&lt;String, Integer&gt;();&#13;&#10;&#9;&#9;HashMap&lt;String, Integer&gt; map16 = new HashMap&lt;String, Integer&gt;();&#13;&#10;&#9;&#9;HashMap&lt;String, Integer&gt; map17 = new HashMap&lt;String, Integer&gt;();&#13;&#10;&#9;&#9;HashMap&lt;String, Integer&gt; map18 = new HashMap&lt;String, Integer&gt;();&#13;&#10;&#9;&#9;HashMap&lt;String, Integer&gt; map19 = new HashMap&lt;String, Integer&gt;();&#13;&#10;&#9;&#9;HashMap&lt;String, Integer&gt; map20 = new HashMap&lt;String, Integer&gt;();&#13;&#10;&#9;&#9;HashMap&lt;String, Integer&gt; map21 = new HashMap&lt;String, Integer&gt;();&#13;&#10;&#9;&#9;HashMap&lt;String, Integer&gt; map22 = new HashMap&lt;String, Integer&gt;();&#13;&#10;&#9;&#9;HashMap&lt;String, Integer&gt; map23 = new HashMap&lt;String, Integer&gt;();&#13;&#10;&#9;&#9;HashMap&lt;String, Integer&gt; map24 = new HashMap&lt;String, Integer&gt;();&#13;&#10;&#9;&#9;HashMap&lt;String, Integer&gt; map25 = new HashMap&lt;String, Integer&gt;();&#13;&#10;&#9;&#9;HashMap&lt;String, Integer&gt; map26 = new HashMap&lt;String, Integer&gt;();&#13;&#10;&#9;&#9;HashMap&lt;String, Integer&gt; map27 = new HashMap&lt;String, Integer&gt;();&#13;&#10;&#9;&#9;HashMap&lt;String, Integer&gt; map28 = new HashMap&lt;String, Integer&gt;();&#13;&#10;&#9;&#9;HashMap&lt;String, Integer&gt; map29 = new HashMap&lt;String, Integer&gt;();&#13;&#10;&#9;&#9;HashMap&lt;String, Integer&gt; map30 = new HashMap&lt;String, Integer&gt;();&#13;&#10;&#9;&#9;HashMap&lt;String, Integer&gt; map31 = new HashMap&lt;String, Integer&gt;();&#13;&#10;&#9;&#9;HashMap&lt;String, Integer&gt; map32 = new HashMap&lt;String, Integer&gt;();&#13;&#10;&#9;&#9;HashMap&lt;String, Integer&gt; map33 = new HashMap&lt;String, Integer&gt;();&#13;&#10;&#9;&#9;HashMap&lt;String, Integer&gt; map34 = new HashMap&lt;String, Integer&gt;();&#13;&#10;&#9;&#9;HashMap&lt;String, Integer&gt; map35 = new HashMap&lt;String, Integer&gt;();&#13;&#10;&#9;&#9;HashMap&lt;String, Integer&gt; map36 = new HashMap&lt;String, Integer&gt;();&#13;&#10;&#9;&#9;HashMap&lt;String, Integer&gt; map37 = new HashMap&lt;String, Integer&gt;();&#13;&#10;&#9;&#9;HashMap&lt;String, Integer&gt; map38 = new HashMap&lt;String, Integer&gt;();&#13;&#10;&#9;&#9;HashMap&lt;String, Integer&gt; map39 = new HashMap&lt;String, Integer&gt;();&#13;&#10;&#9;&#9;HashMap&lt;String, Integer&gt; map40 = new HashMap&lt;String, Integer&gt;();&#13;&#10;&#9;&#9;HashMap&lt;String, Integer&gt; map41 = new HashMap&lt;String, Integer&gt;();&#13;&#10;&#9;&#9;HashMap&lt;String, Integer&gt; map42 = new HashMap&lt;String, Integer&gt;();&#13;&#10;&#9;&#9;HashMap&lt;String, Integer&gt; map43 = new HashMap&lt;String, Integer&gt;();&#13;&#10;&#9;&#9;HashMap&lt;String, Integer&gt; map44 = new HashMap&lt;String, Integer&gt;();&#13;&#10;&#9;&#9;HashMap&lt;String, Integer&gt; map45 = new HashMap&lt;String, Integer&gt;();&#13;&#10;&#9;&#9;HashMap&lt;String, Integer&gt; map46 = new HashMap&lt;String, Integer&gt;();&#13;&#10;&#9;&#9;HashMap&lt;String, Integer&gt; map47 = new HashMap&lt;String, Integer&gt;();&#13;&#10;&#9;&#9;HashMap&lt;String, Integer&gt; map48 = new HashMap&lt;String, Integer&gt;();&#13;&#10;&#9;&#9;HashMap&lt;String, Integer&gt; map49 = new HashMap&lt;String, Integer&gt;();&#13;&#10;&#13;&#10;&#9;&#9;BufferedImage image = null;&#13;&#10;&#13;&#10;&#9;&#9;image = ImageIO.read(new File(&quot;cardImages/Standard/Apprentice.png&quot;));&#13;&#10;&#13;&#10;&#9;&#9;map.put(RUNES, 1);&#13;&#10;&#9;&#9;apprentice = ACard.makeCard(image, &quot;Apprentice&quot;, &quot;none&quot;, &quot;Hero&quot;, 0, 0,&#13;&#10;&#9;&#9;&#9;&#9;-1, map);&#13;&#10;&#13;&#10;&#9;&#9;image = ImageIO.read(new File(&quot;cardImages/Standard/Militia1.png&quot;));&#13;&#10;&#13;&#10;&#9;&#9;map1.put(POWER, 1);&#13;&#10;&#9;&#9;militia = ACard.makeCard(image, &quot;Militia&quot;, &quot;none&quot;, &quot;Hero&quot;, 0, 0, -1,&#13;&#10;&#9;&#9;&#9;&#9;map1);&#13;&#10;&#13;&#10;&#9;&#9;image = ImageIO.read(new File(&quot;cardImages/Heroes/Arha-Initiate.png&quot;));&#13;&#10;&#13;&#10;&#9;&#9;map2.put(DRAW, 1);&#13;&#10;&#9;&#9;arhaInitiate = ACard.makeCard(image, &quot;Arha Initiate&quot;, &quot;Enlightened&quot;,&#13;&#10;&#9;&#9;&#9;&#9;&quot;Hero&quot;, 1, 1, 3, map2);&#13;&#10;&#13;&#10;&#9;&#9;image = ImageIO.read(new File(&quot;cardImages/Heroes/Demon-Slayer.png&quot;));&#13;&#10;&#13;&#10;&#9;&#9;map3.put(POWER, 3);&#13;&#10;&#9;&#9;demonSlayer = ACard.makeCard(image, &quot;Demon Slayer&quot;, &quot;Void&quot;, &quot;Hero&quot;, 4,&#13;&#10;&#9;&#9;&#9;&#9;2, 2, map3);&#13;&#10;&#13;&#10;&#9;&#9;image = ImageIO.read(new File(&quot;cardImages/Heroes/Wolf-Shaman.png&quot;));&#13;&#10;&#13;&#10;&#9;&#9;map4.put(RUNES, 1);&#13;&#10;&#9;&#9;map4.put(DRAW, 1);&#13;&#10;&#9;&#9;wolfShaman = ACard.makeCard(image, &quot;Wolf Shaman&quot;, &quot;Lifebound&quot;, &quot;Hero&quot;,&#13;&#10;&#9;&#9;&#9;&#9;3, 1, 3, map4);&#13;&#10;&#13;&#10;&#9;&#9;image = ImageIO.read(new File(&quot;cardImages/Heroes/Flytrap-Witch.png&quot;));&#13;&#10;&#13;&#10;&#9;&#9;map5.put(HONOR, 2);&#13;&#10;&#9;&#9;map5.put(DRAW, 1);&#13;&#10;&#9;&#9;flyTrapWitch = ACard.makeCard(image, &quot;Fly Trap Witch&quot;, &quot;Lifebound&quot;,&#13;&#10;&#9;&#9;&#9;&#9;&quot;Hero&quot;, 5, 2, 2, map5);&#13;&#10;&#13;&#10;&#9;&#9;image = ImageIO.read(new File(&#13;&#10;&#9;&#9;&#9;&#9;&quot;cardImages/Heroes/Ascetic-of-the-Lidless-Eye.png&quot;));&#13;&#10;&#13;&#10;&#9;&#9;map6.put(DRAW, 2);&#13;&#10;&#9;&#9;asceticOfTheLidlessEye = ACard.makeCard(image,&#13;&#10;&#9;&#9;&#9;&#9;&quot;Ascetic of the Lidless Eye&quot;, &quot;Enlightened&quot;, &quot;Hero&quot;, 5, 2, 2,&#13;&#10;&#9;&#9;&#9;&#9;map6);&#13;&#10;&#13;&#10;&#9;&#9;image = ImageIO.read(new File(&#13;&#10;&#9;&#9;&#9;&#9;&quot;cardImages/Heroes/Emri-One-with-the-Void.png&quot;));&#13;&#10;&#13;&#10;&#9;&#9;map7.put(POWER, 4);&#13;&#10;&#9;&#9;emriOneWithTheVoid = ACard.makeCard(image, &quot;Emri, One with the Void&quot;,&#13;&#10;&#9;&#9;&#9;&#9;&quot;Void&quot;, &quot;Hero&quot;, 6, 3, 1, map7);&#13;&#10;&#13;&#10;&#9;&#9;image = ImageIO.read(new File(&#13;&#10;&#9;&#9;&#9;&#9;&quot;cardImages/Heroes/Arbiter-of-the-Precipice.png&quot;));&#13;&#10;&#13;&#10;&#9;&#9;// TODO: Add more effects for this card. Banish one from hand&#13;&#10;&#9;&#9;map8.put(BANISH, 1);&#13;&#10;&#9;&#9;map8.put(DRAW, 2);&#13;&#10;&#9;&#9;arbiterOfThePrecipice = ACard.makeCard(image,&#13;&#10;&#9;&#9;&#9;&#9;&quot;Arbiter of the Precipice&quot;, &quot;Void&quot;, &quot;Hero&quot;, 4, 1, 2, map8);&#13;&#10;&#13;&#10;&#9;&#9;image = ImageIO.read(new File(&quot;cardImages/Heroes/Arha-Templar.png&quot;));&#13;&#10;&#13;&#10;&#9;&#9;// TODO: Add the effect, Kill one monster with 4 strength or less.&#13;&#10;&#13;&#10;&#9;&#9;arhaTemplar = ACard.makeCard(image, &quot;Arha Templar&quot;, &quot;Enlightened&quot;,&#13;&#10;&#9;&#9;&#9;&#9;&quot;Hero&quot;, 4, 3, 2, map9);&#13;&#10;&#13;&#10;&#9;&#9;image = ImageIO.read(new File(&quot;cardImages/Heroes/Avatar-Golem.png&quot;));&#13;&#10;&#13;&#10;&#9;&#9;// TODO: Add the effect, gain one honor for each faction construct&#13;&#10;&#13;&#10;&#9;&#9;map10.put(POWER, 2);&#13;&#10;&#9;&#9;avatarGolem = ACard.makeCard(image, &quot;Avatar Golem&quot;, &quot;Mechana&quot;, &quot;Hero&quot;,&#13;&#10;&#9;&#9;&#9;&#9;4, 2, 2, map10);&#13;&#10;&#13;&#10;&#9;&#9;image = ImageIO.read(new File(&#13;&#10;&#9;&#9;&#9;&#9;&quot;cardImages/Monsters/Avatar-of-the-Fallen.png&quot;));&#13;&#10;&#13;&#10;&#9;&#9;// TODO: Add the effect, Unbanishable, gain or defeat one card in the&#13;&#10;&#9;&#9;// center row.&#13;&#10;&#9;&#9;map11.put(HONOR, 4);&#13;&#10;&#9;&#9;avatarOfTheFallen = ACard.makeCard(image, &quot;Avatar of the Fallen&quot;,&#13;&#10;&#9;&#9;&#9;&#9;&quot;Monster&quot;, &quot;Monster&quot;, 7, 4, 1, map11);&#13;&#10;&#13;&#10;&#9;&#9;image = ImageIO.read(new File(&#13;&#10;&#9;&#9;&#9;&#9;&quot;cardImages/Constructs/Burrower-Mark-II.png&quot;));&#13;&#10;&#13;&#10;&#9;&#9;// TODO: Add the effect, once per turn draw when a mechana construct&#13;&#10;&#9;&#9;// enters your area.&#13;&#10;&#13;&#10;&#9;&#9;burrowerMarkII = ACard.makeCard(image, &quot;Burrower Mark II&quot;, &quot;Mechana&quot;,&#13;&#10;&#9;&#9;&#9;&#9;&quot;Construct&quot;, 3, 3, 2, map12);&#13;&#10;&#13;&#10;&#9;&#9;image = ImageIO.read(new File(&#13;&#10;&#9;&#9;&#9;&#9;&quot;cardImages/Heroes/Cetra-Weaver-of-Stars.png&quot;));&#13;&#10;&#13;&#10;&#9;&#9;// TODO: Add the effect, acquire a hero without paying for it.&#13;&#10;&#13;&#10;&#9;&#9;cetraWeaverOfStars = ACard.makeCard(image, &quot;Cetra, Weaver of Stars&quot;,&#13;&#10;&#9;&#9;&#9;&#9;&quot;Lifebound&quot;, &quot;Hero&quot;, 7, 4, 1, map13);&#13;&#10;&#13;&#10;&#9;&#9;image = ImageIO&#13;&#10;&#9;&#9;&#9;&#9;.read(new File(&quot;cardImages/Monsters/Corrosive-Widow.png&quot;));&#13;&#10;&#13;&#10;&#9;&#9;// TODO: Add the effect, choose a player, then destroy (destroy=discard) one construct&#13;&#10;&#9;&#9;map14.put(HONOR, 3);&#13;&#10;&#9;&#9;corrosiveWidow = ACard.makeCard(image, &quot;Corrosive Widow&quot;, &quot;Monster&quot;,&#13;&#10;&#9;&#9;&#9;&#9;&quot;Monster&quot;, 4, 3, 4, map14);&#13;&#10;&#13;&#10;&#9;&#9;image = ImageIO.read(new File(&#13;&#10;&#9;&#9;&#9;&#9;&quot;cardImages/Heroes/Druids-of-the-Stone-Circle.png&quot;));&#13;&#10;&#13;&#10;&#9;&#9;// TODO: Add the effect, acquire a hero without paying for it that costs&#13;&#10;&#9;&#9;// three or less.&#13;&#10;&#13;&#10;&#9;&#9;druidsOfTheStoneCircle = ACard.makeCard(image,&#13;&#10;&#9;&#9;&#9;&#9;&quot;Druids of the Stone Circle&quot;, &quot;Lifebound&quot;, &quot;Hero&quot;, 4, 3, 2,&#13;&#10;&#9;&#9;&#9;&#9;map15);&#13;&#10;&#13;&#10;&#9;&#9;image = ImageIO.read(new File(&quot;cardImages/Monsters/Earth-Tyrant.png&quot;));&#13;&#10;&#13;&#10;&#9;&#9;map16.put(DRAW, 2);&#13;&#10;&#9;&#9;map16.put(HONOR, 5);&#13;&#10;&#9;&#9;earthTyrant = ACard.makeCard(image, &quot;Earth Tyrant&quot;, &quot;Monster&quot;,&#13;&#10;&#9;&#9;&#9;&#9;&quot;Monster&quot;, 6, 5, 2, map16);&#13;&#10;&#13;&#10;&#9;&#9;image = ImageIO&#13;&#10;&#9;&#9;&#9;&#9;.read(new File(&quot;cardImages/Constructs/Hedron-Cannon.png&quot;));&#13;&#10;&#13;&#10;&#9;&#9;// TODO: Add the effect, gain one power for each mechana construct.&#13;&#10;&#13;&#10;&#9;&#9;hedronCannon = ACard.makeCard(image, &quot;Hedron Cannon&quot;, &quot;Mechana&quot;,&#13;&#10;&#9;&#9;&#9;&#9;&quot;Construct&quot;, 8, 8, 1, map17);&#13;&#10;&#13;&#10;&#9;&#9;image = ImageIO.read(new File(&#13;&#10;&#9;&#9;&#9;&#9;&quot;cardImages/Constructs/Hedron-Link-Device.png&quot;));&#13;&#10;&#13;&#10;&#9;&#9;// TODO: Add the effect, you may consider all constructs as mechana&#13;&#10;&#9;&#9;// constructs&#13;&#10;&#13;&#10;&#9;&#9;hedronLinkDevice = ACard.makeCard(image, &quot;Hedron Link Device&quot;,&#13;&#10;&#9;&#9;&#9;&#9;&quot;Mechana&quot;, &quot;Construct&quot;, 7, 7, 1, map18);&#13;&#10;&#13;&#10;&#9;&#9;image = ImageIO.read(new File(&#13;&#10;&#9;&#9;&#9;&#9;&quot;cardImages/Heroes/Kor-the-Ferromancer.png&quot;));&#13;&#10;&#13;&#10;&#9;&#9;// TODO: Add the effect, draw a card if you control two or more&#13;&#10;&#9;&#9;// constructs&#13;&#10;&#13;&#10;&#9;&#9;map19.put(POWER, 2);&#13;&#10;&#9;&#9;korTheFerromancer = ACard.makeCard(image, &quot;Kor, the Ferromancer&quot;,&#13;&#10;&#9;&#9;&#9;&#9;&quot;Mechana&quot;, &quot;Hero&quot;, 3, 2, 1, map19);&#13;&#10;&#13;&#10;&#9;&#9;image = ImageIO.read(new File(&quot;cardImages/Heroes/Landtalker.png&quot;));&#13;&#10;&#13;&#10;&#9;&#9;map20.put(RUNES, 3);&#13;&#10;&#9;&#9;landtalker = ACard.makeCard(image, &quot;Landtalker&quot;, &quot;Lifebound&quot;, &quot;Hero&quot;,&#13;&#10;&#9;&#9;&#9;&#9;6, 3, 1, map20);&#13;&#10;&#13;&#10;&#9;&#9;image = ImageIO.read(new File(&#13;&#10;&#9;&#9;&#9;&#9;&quot;cardImages/Heroes/Lifebound-Initiate.png&quot;));&#13;&#10;&#13;&#10;&#9;&#9;map21.put(RUNES, 1);&#13;&#10;&#9;&#9;map21.put(HONOR, 1);&#13;&#10;&#9;&#9;lifeboundInitiate = ACard.makeCard(image, &quot;Lifebound Initiate&quot;,&#13;&#10;&#9;&#9;&#9;&#9;&quot;Lifebound&quot;, &quot;Hero&quot;, 1, 1, 3, map21);&#13;&#10;&#13;&#10;&#9;&#9;image = ImageIO.read(new File(&quot;cardImages/Heroes/Master-Dhartha.png&quot;));&#13;&#10;&#13;&#10;&#9;&#9;map22.put(DRAW, 3);&#13;&#10;&#9;&#9;masterDhartha = ACard.makeCard(image, &quot;Master Dhartha&quot;, &quot;Enlightened&quot;,&#13;&#10;&#9;&#9;&#9;&#9;&quot;Hero&quot;, 7, 3, 1, map22);&#13;&#10;&#13;&#10;&#9;&#9;image = ImageIO&#13;&#10;&#9;&#9;&#9;&#9;.read(new File(&quot;cardImages/Heroes/Mechana-Initiate.png&quot;));&#13;&#10;&#13;&#10;&#9;&#9;// TODO: Add the effect, gain one rune or power&#13;&#10;&#13;&#10;&#9;&#9;mechanaInitiate = ACard.makeCard(image, &quot;Mechana Initiate&quot;, &quot;Mechana&quot;,&#13;&#10;&#9;&#9;&#9;&#9;&quot;Hero&quot;, 1, 1, 3, map23);&#13;&#10;&#13;&#10;&#9;&#9;image = ImageIO.read(new File(&quot;cardImages/Monsters/Mephit.png&quot;));&#13;&#10;&#13;&#10;&#9;&#9;// TODO: Add the effect, banish a card from the center row&#13;&#10;&#9;&#9;map24.put(BANISH, 3);&#13;&#10;&#9;&#9;map24.put(HONOR, 2);&#13;&#10;&#9;&#9;mephit = ACard.makeCard(image, &quot;Mephit&quot;, &quot;Monster&quot;, &quot;Monster&quot;, 3, 2, 3,&#13;&#10;&#9;&#9;&#9;&#9;map24);&#13;&#10;&#13;&#10;&#9;&#9;image = ImageIO.read(new File(&#13;&#10;&#9;&#9;&#9;&#9;&quot;cardImages/Monsters/Mistake-of-Creation.png&quot;));&#13;&#10;&#13;&#10;&#9;&#9;// TODO: Add the effect, banish a card from the center and/or your&#13;&#10;&#9;&#9;// discard&#13;&#10;&#9;&#9;map25.put(BANISH, 4);&#13;&#10;&#9;&#9;map25.put(HONOR, 4);&#13;&#10;&#9;&#9;mistakeOfCreation = ACard.makeCard(image, &quot;Mistake Of Creation&quot;,&#13;&#10;&#9;&#9;&#9;&#9;&quot;Monster&quot;, &quot;Monster&quot;, 4, 4, 4, map25);&#13;&#10;&#13;&#10;&#9;&#9;image = ImageIO.read(new File(&quot;cardImages/Constructs/Muramasa.png&quot;));&#13;&#10;&#13;&#10;&#9;&#9;map26.put(POWER, 3);&#13;&#10;&#9;&#9;muramasa = ACard.makeCard(image, &quot;Muramasa&quot;, &quot;Void&quot;, &quot;Construct&quot;, 7, 4,&#13;&#10;&#9;&#9;&#9;&#9;1, map26);&#13;&#10;&#13;&#10;&#9;&#9;image = ImageIO.read(new File(&#13;&#10;&#9;&#9;&#9;&#9;&quot;cardImages/Heroes/Oziah-the-Peerless.png&quot;));&#13;&#10;&#13;&#10;&#9;&#9;// TODO: Add the effect, defeat a monster with 6 or lower strength&#13;&#10;&#13;&#10;&#9;&#9;oziahThePeerless = ACard.makeCard(image, &quot;Oziah the Peerless&quot;,&#13;&#10;&#9;&#9;&#9;&#9;&quot;Enlightened&quot;, &quot;Hero&quot;, 6, 3, 1, map27);&#13;&#10;&#13;&#10;&#9;&#9;image = ImageIO.read(new File(&quot;cardImages/Heroes/Reactor-Monk.png&quot;));&#13;&#10;&#13;&#10;&#9;&#9;// TODO: Add the effect, you pay one less for the next mechana construct&#13;&#10;&#9;&#9;map28.put(RUNES, 2);&#13;&#10;&#9;&#9;reactorMonk = ACard.makeCard(image, &quot;Reactor Monk&quot;, &quot;Mechana&quot;, &quot;Hero&quot;,&#13;&#10;&#9;&#9;&#9;&#9;4, 2, 2, map28);&#13;&#10;&#13;&#10;&#9;&#9;image = ImageIO.read(new File(&#13;&#10;&#9;&#9;&#9;&#9;&quot;cardImages/Constructs/Rocket-Courier-X-99.png&quot;));&#13;&#10;&#13;&#10;&#9;&#9;// TODO: Add the effect, once per turn, play the next mechana construct&#13;&#10;&#9;&#9;// you acquire.&#13;&#10;&#13;&#10;&#9;&#9;rocketCourierX99 = ACard.makeCard(image, &quot;Rocket Courier X-99&quot;,&#13;&#10;&#9;&#9;&#9;&#9;&quot;Mechana&quot;, &quot;Construct&quot;, 4, 4, 2, map29);&#13;&#10;&#13;&#10;&#9;&#9;image = ImageIO&#13;&#10;&#9;&#9;&#9;&#9;.read(new File(&quot;cardImages/Heroes/Runic-Lycanthrope.png&quot;));&#13;&#10;&#13;&#10;&#9;&#9;// TODO: Add the effect, If you have played a lifebound this turn gain 2&#13;&#10;&#9;&#9;// power.&#13;&#10;&#9;&#9;map30.put(RUNES, 2);&#13;&#10;&#9;&#9;runicLycanthrope = ACard.makeCard(image, &quot;Runic Lycanthrope&quot;,&#13;&#10;&#9;&#9;&#9;&#9;&quot;Lifebound&quot;, &quot;Hero&quot;, 3, 1, 2, map30);&#13;&#10;&#13;&#10;&#9;&#9;image = ImageIO.read(new File(&#13;&#10;&#9;&#9;&#9;&#9;&quot;cardImages/Monsters/Samaels-Trickster.png&quot;));&#13;&#10;&#13;&#10;&#9;&#9;map31.put(HONOR, 1);&#13;&#10;&#9;&#9;map31.put(RUNES, 1);&#13;&#10;&#9;&#9;samaelsTrickster = ACard.makeCard(image, &quot;Samael's Trickster&quot;,&#13;&#10;&#9;&#9;&#9;&#9;&quot;Monster&quot;, &quot;Monster&quot;, 3, 1, 4, map31);&#13;&#10;&#9;&#9;//&#13;&#10;&#9;&#9;image = ImageIO.read(new File(&quot;cardImages/Monsters/Sea-Tyrant.png&quot;));&#13;&#10;&#13;&#10;&#9;&#9;// TODO: Add the effect, all players destroy constructs until they have&#13;&#10;&#9;&#9;// 1 left&#13;&#10;&#9;&#9;map32.put(HONOR, 5);&#13;&#10;&#9;&#9;seaTyrant = ACard.makeCard(image, &quot;Sea Tyrant&quot;, &quot;Monster&quot;, &quot;Monster&quot;,&#13;&#10;&#9;&#9;&#9;&#9;5, 5, 3, map32);&#13;&#10;&#13;&#10;&#9;&#9;image = ImageIO.read(new File(&#13;&#10;&#9;&#9;&#9;&#9;&quot;cardImages/Heroes/Seer-of-the-Forked-Path.png&quot;));&#13;&#10;&#13;&#10;&#9;&#9;// TODO: Add the effect, you may banish out of the center row.&#13;&#10;&#9;&#9;map33.put(BANISH, 3);&#13;&#10;&#9;&#9;map33.put(DRAW, 1);&#13;&#10;&#9;&#9;seerOfTheForkedPath = ACard.makeCard(image, &quot;Seer of the Forked Path&quot;,&#13;&#10;&#9;&#9;&#9;&#9;&quot;Enlightened&quot;, &quot;Hero&quot;, 2, 1, 3, map33);&#13;&#10;&#13;&#10;&#9;&#9;image = ImageIO.read(new File(&#13;&#10;&#9;&#9;&#9;&#9;&quot;cardImages/Heroes/Shade-of-the-Black-Watch.png&quot;));&#13;&#10;&#13;&#10;&#9;&#9;// TODO: Add the effect, you may banish from hand or discard&#13;&#10;&#9;&#9;map34.put(BANISH, 5);&#13;&#10;&#9;&#9;map34.put(POWER, 2);&#13;&#10;&#9;&#9;shadeOfTheBlackWatch = ACard.makeCard(image,&#13;&#10;&#9;&#9;&#9;&#9;&quot;Shade of the Black Watch&quot;, &quot;Void&quot;, &quot;Hero&quot;, 3, 1, 3, map34);&#13;&#10;&#13;&#10;&#9;&#9;image = ImageIO.read(new File(&quot;cardImages/Constructs/Shadow-Star.png&quot;));&#13;&#10;&#13;&#10;&#9;&#9;// TODO: Add the effect, once per turn gain one power.&#13;&#10;&#13;&#10;&#9;&#9;shadowStar = ACard.makeCard(image, &quot;Shadow Star&quot;, &quot;Void&quot;, &quot;Construct&quot;,&#13;&#10;&#9;&#9;&#9;&#9;3, 2, 2, map35);&#13;&#10;&#13;&#10;&#9;&#9;image = ImageIO.read(new File(&quot;cardImages/Constructs/Snapdragon.png&quot;));&#13;&#10;&#13;&#10;&#9;&#9;// TODO: Add the effect, once per turn gain a rune and the first time&#13;&#10;&#9;&#9;// you play a lifebound gain one honor&#13;&#10;&#9;&#9;map36.put(RUNES, 1);&#13;&#10;&#9;&#9;snapdragon = ACard.makeCard(image, &quot;Snapdragon&quot;, &quot;Lifebound&quot;,&#13;&#10;&#9;&#9;&#9;&#9;&quot;Construct&quot;, 5, 2, 2, map36);&#13;&#10;&#13;&#10;&#9;&#9;image = ImageIO.read(new File(&quot;cardImages/Heroes/Spike-Vixen.png&quot;));&#13;&#10;&#13;&#10;&#9;&#9;map37.put(POWER, 1);&#13;&#10;&#9;&#9;map37.put(DRAW, 1);&#13;&#10;&#9;&#9;spikeVixen = ACard.makeCard(image, &quot;Spike Vixen&quot;, &quot;Void&quot;, &quot;Hero&quot;, 2, 1,&#13;&#10;&#9;&#9;&#9;&#9;2, map37);&#13;&#10;&#13;&#10;&#9;&#9;image = ImageIO.read(new File(&#13;&#10;&#9;&#9;&#9;&#9;&quot;cardImages/Constructs/Tablet-of-Times-Dawn.png&quot;));&#13;&#10;&#13;&#10;&#9;&#9;// TODO: Add the effect, you may banish this construct to take another&#13;&#10;&#9;&#9;// turn&#13;&#10;&#13;&#10;&#9;&#9;tabletOfTimesDawn = ACard.makeCard(image, &quot;Tablet of Time's Dawn&quot;,&#13;&#10;&#9;&#9;&#9;&#9;&quot;Enlightened&quot;, &quot;Construct&quot;, 5, 2, 1, map38);&#13;&#10;&#13;&#10;&#9;&#9;image = ImageIO&#13;&#10;&#9;&#9;&#9;&#9;.read(new File(&quot;cardImages/Heroes/Temple-Librarian.png&quot;));&#13;&#10;&#13;&#10;&#9;&#9;// TODO: Add the effect, discard one card then draw two&#13;&#10;&#13;&#10;&#9;&#9;templeLibrarian = ACard.makeCard(image, &quot;Temple Librarian&quot;,&#13;&#10;&#9;&#9;&#9;&#9;&quot;Enlightened&quot;, &quot;Hero&quot;, 2, 1, 3, map39);&#13;&#10;&#13;&#10;&#9;&#9;image = ImageIO.read(new File(&#13;&#10;&#9;&#9;&#9;&#9;&quot;cardImages/Constructs/The-All-Seeing-Eye.png&quot;));&#13;&#10;&#13;&#10;&#9;&#9;// TODO: Add the effect, once per turn you may draw a card&#13;&#10;&#13;&#10;&#9;&#9;theAllSeeingEye = ACard.makeCard(image, &quot;The All-Seeing Eye&quot;,&#13;&#10;&#9;&#9;&#9;&#9;&quot;Enlightened&quot;, &quot;Construct&quot;, 6, 2, 1, map40);&#13;&#10;&#13;&#10;&#9;&#9;image = ImageIO.read(new File(&#13;&#10;&#9;&#9;&#9;&#9;&quot;cardImages/Constructs/The-Grand-Design.png&quot;));&#13;&#10;&#13;&#10;&#9;&#9;// TODO: Add the effect, gain two runes towards a mechana construct&#13;&#10;&#13;&#10;&#9;&#9;theGrandDesign = ACard.makeCard(image, &quot;The Grand Design&quot;, &quot;Mechana&quot;,&#13;&#10;&#9;&#9;&#9;&#9;&quot;Construct&quot;, 6, 6, 2, map41);&#13;&#10;&#13;&#10;&#9;&#9;image = ImageIO&#13;&#10;&#9;&#9;&#9;&#9;.read(new File(&quot;cardImages/Monsters/Tormented-Soul.png&quot;));&#13;&#10;&#13;&#10;&#9;&#9;map42.put(HONOR, 1);&#13;&#10;&#9;&#9;map42.put(DRAW, 1);&#13;&#10;&#9;&#9;tormentedSoul = ACard.makeCard(image, &quot;Tormented Soul&quot;, &quot;Monster&quot;,&#13;&#10;&#9;&#9;&#9;&#9;&quot;Monster&quot;, 3, 1, 3, map42);&#13;&#10;&#13;&#10;&#9;&#9;image = ImageIO.read(new File(&quot;cardImages/Heroes/Twofold-Askara.png&quot;));&#13;&#10;&#13;&#10;&#9;&#9;// TODO: Add the effect, copy the effect of a hero played this turn&#13;&#10;&#13;&#10;&#9;&#9;twofoldAskara = ACard.makeCard(image, &quot;Twofold Askara&quot;, &quot;Enlightened&quot;,&#13;&#10;&#9;&#9;&#9;&#9;&quot;Hero&quot;, 4, 2, 1, map43);&#13;&#10;&#13;&#10;&#9;&#9;image = ImageIO.read(new File(&quot;cardImages/Heroes/Void-Initiate.png&quot;));&#13;&#10;&#13;&#10;&#9;&#9;// TODO: Add the effect, you may banish one from the hand or discard&#13;&#10;&#9;&#9;map44.put(BANISH, 5);&#13;&#10;&#9;&#9;map44.put(RUNES, 1);&#13;&#10;&#9;&#9;voidInitiate = ACard.makeCard(image, &quot;Void Initiate&quot;, &quot;Void&quot;, &quot;Hero&quot;,&#13;&#10;&#9;&#9;&#9;&#9;1, 1, 3, map44);&#13;&#10;&#13;&#10;&#9;&#9;image = ImageIO&#13;&#10;&#9;&#9;&#9;&#9;.read(new File(&quot;cardImages/Constructs/Voidthirster.png&quot;));&#13;&#10;&#13;&#10;&#9;&#9;// TODO: Add the effect, once per turn gain one power and the first time&#13;&#10;&#9;&#9;// you kill a monster gain one honor&#13;&#10;&#13;&#10;&#9;&#9;voidthirster = ACard.makeCard(image, &quot;Voidthirster&quot;, &quot;Void&quot;,&#13;&#10;&#9;&#9;&#9;&#9;&quot;Construct&quot;, 5, 3, 2, map45);&#13;&#10;&#13;&#10;&#9;&#9;image = ImageIO.read(new File(&#13;&#10;&#9;&#9;&#9;&#9;&quot;cardImages/Constructs/Watchmakers-Altar.png&quot;));&#13;&#10;&#13;&#10;&#9;&#9;// TODO: Add the effect, once per turn gain one rune toward a mechana&#13;&#10;&#9;&#9;// construct&#13;&#10;&#13;&#10;&#9;&#9;watchmakersAltar = ACard.makeCard(image, &quot;Watchmaker's Altar&quot;,&#13;&#10;&#9;&#9;&#9;&#9;&quot;Mechana&quot;, &quot;Construct&quot;, 5, 5, 2, map46);&#13;&#10;&#13;&#10;&#9;&#9;image = ImageIO.read(new File(&quot;cardImages/Monsters/Wind-Tyrant.png&quot;));&#13;&#10;&#13;&#10;&#9;&#9;map47.put(HONOR, 3);&#13;&#10;&#9;&#9;map47.put(RUNES, 3);&#13;&#10;&#9;&#9;windTyrant = ACard.makeCard(image, &quot;Wind Tyrant&quot;, &quot;Monster&quot;, &quot;Monster&quot;,&#13;&#10;&#9;&#9;&#9;&#9;5, 3, 3, map47);&#13;&#10;&#13;&#10;&#9;&#9;image = ImageIO.read(new File(&#13;&#10;&#9;&#9;&#9;&#9;&quot;cardImages/Monsters/Xeron-Duke-of-Lies.png&quot;));&#13;&#10;&#13;&#10;&#9;&#9;// TODO: Add the effect, take a card out of each player's hand and add&#13;&#10;&#9;&#9;// it to your own&#13;&#10;&#13;&#10;&#9;&#9;xeronDukeOfLies = ACard.makeCard(image, &quot;Xeron, Duke of Lies&quot;,&#13;&#10;&#9;&#9;&#9;&#9;&quot;Monster&quot;, &quot;Monster&quot;, 6, 3, 1, map48);&#13;&#10;&#13;&#10;&#9;&#9;image = ImageIO.read(new File(&#13;&#10;&#9;&#9;&#9;&#9;&quot;cardImages/Constructs/Yggdrasil-Staff.png&quot;));&#13;&#10;&#13;&#10;&#9;&#9;// TODO: Add the effect, once per turn gain one power, you can pay 4&#13;&#10;&#9;&#9;// runes for 3 honor&#13;&#10;&#13;&#10;&#9;&#9;yggdrasilStaff = ACard.makeCard(image, &quot;Yggdrasil Staff&quot;, &quot;Lifebound&quot;,&#13;&#10;&#9;&#9;&#9;&#9;&quot;Construct&quot;, 4, 2, 2, map49);&#13;&#10;&#13;&#10;&#9;&#9;cards = new ACard[] { arhaInitiate, demonSlayer, wolfShaman,&#13;&#10;&#9;&#9;&#9;&#9;flyTrapWitch, asceticOfTheLidlessEye, emriOneWithTheVoid,&#13;&#10;&#9;&#9;&#9;&#9;arbiterOfThePrecipice, arhaTemplar, avatarGolem,&#13;&#10;&#9;&#9;&#9;&#9;avatarOfTheFallen, burrowerMarkII, cetraWeaverOfStars,&#13;&#10;&#9;&#9;&#9;&#9;corrosiveWidow, druidsOfTheStoneCircle, earthTyrant,&#13;&#10;&#9;&#9;&#9;&#9;hedronCannon, hedronLinkDevice, korTheFerromancer, landtalker,&#13;&#10;&#9;&#9;&#9;&#9;lifeboundInitiate, masterDhartha, mechanaInitiate, mephit,&#13;&#10;&#9;&#9;&#9;&#9;mistakeOfCreation, muramasa, oziahThePeerless, reactorMonk,&#13;&#10;&#9;&#9;&#9;&#9;rocketCourierX99, runicLycanthrope, samaelsTrickster,&#13;&#10;&#9;&#9;&#9;&#9;seaTyrant, seerOfTheForkedPath, shadeOfTheBlackWatch,&#13;&#10;&#9;&#9;&#9;&#9;shadowStar, snapdragon, spikeVixen, tabletOfTimesDawn,&#13;&#10;&#9;&#9;&#9;&#9;templeLibrarian, theAllSeeingEye, theGrandDesign,&#13;&#10;&#9;&#9;&#9;&#9;tormentedSoul, twofoldAskara, voidInitiate, voidthirster,&#13;&#10;&#9;&#9;&#9;&#9;watchmakersAltar, windTyrant, xeronDukeOfLies, yggdrasilStaff };&#13;&#10;&#9;}&#13;&#10;&#13;&#10;}&#13;&#10;" Filename="CardCollection.java" Intrnl_Id="3"/>
<SrcFile Content="package devops.hw1.core;&#13;&#10;&#13;&#10;import java.awt.image.BufferedImage;&#13;&#10;import java.util.HashMap;&#13;&#10;&#13;&#10;/**&#13;&#10; * An ACard that is a Hero.&#13;&#10; * &#13;&#10; * @author bishopcc, fenogljc, gneezyn, heshelhj&#13;&#10; */&#13;&#10;public class HeroCard extends ACard {&#13;&#10;&#13;&#10;&#9;public HeroCard() {&#13;&#10;&#9;&#9;this.cost = 0;&#13;&#10;&#9;}&#13;&#10;&#13;&#10;&#9;public HeroCard(int i) {&#13;&#10;&#9;&#9;this.cost = i;&#13;&#10;&#9;}&#13;&#10;&#13;&#10;&#9;/**&#13;&#10;&#9; * Constructs a hero card that has the given information.&#13;&#10;&#9; * &#13;&#10;&#9; * @param image, the card's image (as a BufferedImage)&#13;&#10;&#9; * @param name, the card's name&#13;&#10;&#9; * @param faction, the card's faction&#13;&#10;&#9; * @param cost, the cost of the card&#13;&#10;&#9; * @param honor, the amount of honor the card is worth&#13;&#10;&#9; * @param rarity, the rarity of the card&#13;&#10;&#9; * @param effects, the card's effect(s)&#13;&#10;&#9; */&#13;&#10;&#9;public HeroCard(BufferedImage image, String name, String faction, String type, int cost,&#13;&#10;&#9;&#9;&#9;int honor, int rarity, HashMap&lt;String, Integer&gt; effects) {&#13;&#10;&#9;&#9;this.image = image;&#13;&#10;&#9;&#9;this.name = name;&#13;&#10;&#9;&#9;this.faction = faction;&#13;&#10;&#9;&#9;this.cost = cost;&#13;&#10;&#9;&#9;this.honor = honor;&#13;&#10;&#9;&#9;this.rarity = rarity;&#13;&#10;&#9;&#9;this.effects = effects;&#13;&#10;&#9;&#9;this.type = type;&#13;&#10;&#9;}&#13;&#10;&#13;&#10;}&#13;&#10;" Filename="HeroCard.java" Intrnl_Id="4"/>
<SrcFile Content="package devops.hw1.core;&#13;&#10;&#13;&#10;import java.io.IOException;&#13;&#10;import java.util.ArrayList;&#13;&#10;import java.util.Collections;&#13;&#10;import java.util.HashMap;&#13;&#10;import java.util.LinkedList;&#13;&#10;import java.util.Queue;&#13;&#10;&#13;&#10;/**&#13;&#10; * @author bishopcc, fenogljc, gneezyn, heshelhj&#13;&#10; */&#13;&#10;public class Player {&#13;&#10;&#13;&#10;&#9;private int runes;&#13;&#10;&#9;private int power;&#13;&#10;&#9;private int honor;&#13;&#10;&#9;private ArrayList&lt;ACard&gt; discardPile;&#13;&#10;&#9;private ArrayList&lt;ACard&gt; playerHand;&#13;&#10;&#9;private LinkedList&lt;ACard&gt; playerDeck;&#13;&#10;&#9;private int banishLocation = 0;&#13;&#10;&#9;private ArrayList&lt;ACard&gt; constructs;&#13;&#10;&#13;&#10;&#9;/**&#13;&#10;&#9; * The constructor creates a player with a hand of five cards and a deck of&#13;&#10;&#9; * five cards.&#13;&#10;&#9; */&#13;&#10;&#9;private Player() {&#13;&#10;&#9;&#9;try {&#13;&#10;&#9;&#9;&#9;new CardCollection();&#13;&#10;&#9;&#9;} catch (IOException e) {&#13;&#10;&#9;&#9;&#9;System.out.println(&quot;Could not find file&quot;);&#13;&#10;&#9;&#9;}&#13;&#10;&#9;&#9;this.discardPile = new ArrayList&lt;ACard&gt;();&#13;&#10;&#9;&#9;this.playerHand = new ArrayList&lt;ACard&gt;();&#13;&#10;&#9;&#9;this.playerDeck = new LinkedList&lt;ACard&gt;();&#13;&#10;&#9;&#9;this.constructs = new ArrayList&lt;ACard&gt;();&#13;&#10;&#9;&#9;this.initialiseDeck();&#13;&#10;&#9;&#9;Collections.shuffle(this.playerDeck);&#13;&#10;&#9;&#9;this.drawCard(5);&#13;&#10;&#9;}&#13;&#10;&#13;&#10;&#9;/**&#13;&#10;&#9; * Initializes the player's deck (adds cards).&#13;&#10;&#9; */&#13;&#10;&#9;public void initialiseDeck() {&#13;&#10;&#9;&#9;for (int i = 0; i &lt; 8; i++) {&#13;&#10;&#9;&#9;&#9;this.addCardToDeck(CardCollection.apprentice);&#13;&#10;&#9;&#9;}&#13;&#10;&#9;&#9;for (int j = 0; j &lt; 2; j++) {&#13;&#10;&#9;&#9;&#9;this.addCardToDeck(CardCollection.militia);&#13;&#10;&#9;&#9;}&#13;&#10;&#9;}&#13;&#10;&#13;&#10;&#9;/**&#13;&#10;&#9; * Puts all of the players cards into the discard pile and draws 5 cards&#13;&#10;&#9; * for a new hand.&#13;&#10;&#9; */&#13;&#10;&#9;public void endTurn() {&#13;&#10;&#9;&#9;this.discardPile.addAll(this.getHand());&#13;&#10;&#9;&#9;this.getHand().clear();&#13;&#10;&#9;&#9;this.setRunes(0);&#13;&#10;&#9;&#9;this.addPower(0 - this.power);&#13;&#10;&#9;&#9;this.drawCard(5);&#13;&#10;&#9;}&#13;&#10;&#13;&#10;&#9;/**&#13;&#10;&#9; * This constructs and returns a player.&#13;&#10;&#9; * &#13;&#10;&#9; * @return a new Player object&#13;&#10;&#9; */&#13;&#10;&#9;public static Player makePlayer() {&#13;&#10;&#9;&#9;Player newPlayer = new Player();&#13;&#10;&#9;&#9;return newPlayer;&#13;&#10;&#9;}&#13;&#10;&#13;&#10;&#9;/**&#13;&#10;&#9; * This adds the given integer amount of runes to the players current total.&#13;&#10;&#9; * @param i amount of runes to add (must be greater than zero)&#13;&#10;&#9; */&#13;&#10;&#9;public void addRunes(int i) {&#13;&#10;&#9;&#9;this.setRunes((i + this.getRunes() &gt; 0) ? this.getRunes() + i : 0);&#13;&#10;&#9;}&#13;&#10;&#13;&#10;&#9;/**&#13;&#10;&#9; * This returns the amount of runes the player currently has.&#13;&#10;&#9; * @return the number of runes this player has&#13;&#10;&#9; */&#13;&#10;&#9;public int getRunes() {&#13;&#10;&#9;&#9;return this.runes;&#13;&#10;&#9;}&#13;&#10;&#13;&#10;&#9;/**&#13;&#10;&#9; * Sets the amount of runs the player has to the given integer value.&#13;&#10;&#9; * @param runes the value to set the player's number of runes as&#13;&#10;&#9; */&#13;&#10;&#9;public void setRunes(int runes) {&#13;&#10;&#9;&#9;this.runes = runes;&#13;&#10;&#9;}&#13;&#10;&#13;&#10;&#9;/**&#13;&#10;&#9; * Returns the size of the player's discard pile.&#13;&#10;&#9; * @return the size of the player's discard pile&#13;&#10;&#9; */&#13;&#10;&#9;public int getDiscardSize() {&#13;&#10;&#9;&#9;return this.discardPile.size();&#13;&#10;&#9;}&#13;&#10;&#13;&#10;&#9;/**&#13;&#10;&#9; * This puts the given card into the discard pile (does not&#13;&#10;&#9; * remove the card from the hand).&#13;&#10;&#9; * @param card the card to be put in the discard pile&#13;&#10;&#9; */&#13;&#10;&#9;public void discard(ACard card) {&#13;&#10;&#9;&#9;if (card == null) {&#13;&#10;&#9;&#9;&#9;System.out.println(&quot;attempted to discard null card&quot;);&#13;&#10;&#9;&#9;&#9;return;&#13;&#10;&#9;&#9;}&#13;&#10;&#9;&#9;this.discardPile.add(card);&#13;&#10;&#9;}&#13;&#10;&#13;&#10;&#9;/**&#13;&#10;&#9; * Returns the player's discard pile.&#13;&#10;&#9; * @return the player's discard pile (as an ArrayList&lt;ACard&gt;)&#13;&#10;&#9; */&#13;&#10;&#9;public ArrayList&lt;ACard&gt; getDiscardPile() {&#13;&#10;&#9;&#9;return this.discardPile;&#13;&#10;&#9;}&#13;&#10;&#13;&#10;&#9;/**&#13;&#10;&#9; * Places the given card into the player's discard pile as well as well as&#13;&#10;&#9; * subtracts the amount of runes the player has available. If you do not&#13;&#10;&#9; * have enough runes, this returns false, otherwise true.&#13;&#10;&#9; * &#13;&#10;&#9; * @param card the card that the player is attempting to buy&#13;&#10;&#9; * @return true if the card can be bought by the player, false otherwise&#13;&#10;&#9; */&#13;&#10;&#9;public boolean buyCard(ACard card) {&#13;&#10;&#9;&#9;if (card != null){&#13;&#10;&#9;&#9;&#9;int cost = card.getCost();&#13;&#10;&#9;&#9;&#9;if (cost &lt;= this.runes) {&#13;&#10;&#9;&#9;&#9;&#9;this.setRunes(this.runes - cost);&#13;&#10;&#9;&#9;&#9;&#9;this.discard(card);&#13;&#10;&#9;&#9;&#9;&#9;return true;&#13;&#10;&#9;&#9;&#9;}&#13;&#10;&#9;&#9;}&#13;&#10;&#9;&#9;return false;&#13;&#10;&#9;}&#13;&#10;&#13;&#10;&#9;/**&#13;&#10;&#9; * Attack card will take a card and the board. If the player has enough&#13;&#10;&#9; * power it will place the card in the void discard pile&#13;&#10;&#9; * &#13;&#10;&#9; * @param card the card that is being attacked&#13;&#10;&#9; * @return true if the attack is successful and sent to void and false otherwise&#13;&#10;&#9; */&#13;&#10;&#13;&#10;&#9;public boolean attackCard(ACard card, Board board) {&#13;&#10;&#9;&#9;if (card != null){&#13;&#10;&#9;&#9;&#9;int strength = card.getStrength();&#13;&#10;&#9;&#9;&#9;if (strength &lt;= this.power) {&#13;&#10;&#9;&#9;&#9;&#9;this.addPower(0 - strength);&#13;&#10;&#9;&#9;&#9;&#9;this.applyEffects(card);&#13;&#10;&#9;&#9;&#9;&#9;board.sendToVoid(card);&#13;&#10;&#9;&#9;&#9;&#9;return true;&#13;&#10;&#9;&#9;&#9;}&#13;&#10;&#9;&#9;}&#13;&#10;&#9;&#9;return false;&#13;&#10;&#9;}&#13;&#10;&#13;&#10;&#9;/**&#13;&#10;&#9; * Returns the size of the player hand&#13;&#10;&#9; * @return the size of the player's hand&#13;&#10;&#9; */&#13;&#10;&#9;public int getHandSize() {&#13;&#10;&#9;&#9;return this.playerHand.size();&#13;&#10;&#9;}&#13;&#10;&#13;&#10;&#9;/**&#13;&#10;&#9; * Draws a card from the player deck and adds it to the player's hand&#13;&#10;&#9; */&#13;&#10;&#9;public void drawCard() {&#13;&#10;&#9;&#9;if (this.playerDeck.isEmpty()) {&#13;&#10;&#9;&#9;&#9;this.playerDeck.addAll(this.discardPile);&#13;&#10;&#9;&#9;&#9;this.discardPile.clear();&#13;&#10;&#9;&#9;&#9;Collections.shuffle(this.playerDeck);&#13;&#10;&#9;&#9;}&#13;&#10;&#9;&#9;ACard fromDeck = this.playerDeck.remove();&#13;&#10;&#9;&#9;this.playerHand.add(fromDeck);&#13;&#10;&#9;}&#13;&#10;&#13;&#10;&#9;/**&#13;&#10;&#9; * &#13;&#10;&#9; * Adds a card to the player's deck&#13;&#10;&#9; * @param card the card to be added to the player's deck&#13;&#10;&#9; */&#13;&#10;&#9;public void addCardToDeck(ACard card) {&#13;&#10;&#13;&#10;&#9;&#9;if (card == null) {&#13;&#10;&#9;&#9;&#9;System.out.println(&quot;attempted to add a null card to deck&quot;);&#13;&#10;&#9;&#9;&#9;return;&#13;&#10;&#9;&#9;}&#13;&#10;&#13;&#10;&#9;&#9;this.playerDeck.add(card);&#13;&#10;&#9;}&#13;&#10;&#13;&#10;&#9;/**&#13;&#10;&#9; * Adds the given card to the player's hand&#13;&#10;&#9; * @param card the card to be added to the player's hand&#13;&#10;&#9; */&#13;&#10;&#9;public void addCardToHand(ACard card) {&#13;&#10;&#13;&#10;&#9;&#9;if (card == null) {&#13;&#10;&#9;&#9;&#9;System.out.println(&quot;attempted to add a null card to hand&quot;);&#13;&#10;&#9;&#9;&#9;return;&#13;&#10;&#9;&#9;}&#13;&#10;&#9;&#9;this.playerHand.add(card);&#13;&#10;&#9;}&#13;&#10;&#13;&#10;&#9;/**&#13;&#10;&#9; * Gets the current player hand&#13;&#10;&#9; * @return the player's hand (as an ArrayList&lt;ACard&gt;)&#13;&#10;&#9; */&#13;&#10;&#9;public ArrayList&lt;ACard&gt; getHand() {&#13;&#10;&#9;&#9;return this.playerHand;&#13;&#10;&#9;}&#13;&#10;&#13;&#10;&#9;/**&#13;&#10;&#9; * Input check card in hand&#13;&#10;&#9; * @param card the card to be played (by the player)&#13;&#10;&#9; */&#13;&#10;&#9;public void playCard(ACard card) {&#13;&#10;&#13;&#10;&#9;&#9;if (card == null) {&#13;&#10;&#9;&#9;&#9;System.out.println(&quot;attempted to play a null card&quot;);&#13;&#10;&#9;&#9;&#9;return;&#13;&#10;&#9;&#9;}&#13;&#10;&#9;&#9;this.playerHand.remove(card);&#13;&#10;&#9;&#9;if (card.getType() != null &amp;&amp; card.getType().equals(&quot;Construct&quot;)) {&#13;&#10;&#9;&#9;&#9;this.addConstruct(card);&#13;&#10;&#9;&#9;&#9;return;&#13;&#10;&#9;&#9;}&#13;&#10;&#9;&#9;this.applyEffects(card);&#13;&#10;&#9;&#9;this.discard(card);&#13;&#10;&#9;}&#13;&#10;&#9;&#13;&#10;&#9;public void addConstruct(ACard card) {&#13;&#10;&#9;&#9;this.constructs.add(card);&#13;&#10;&#9;}&#13;&#10;&#13;&#10;&#9;/**&#13;&#10;&#9; * Adds the designated number of cards (from the player's deck)&#13;&#10;&#9; * to the player's hand.&#13;&#10;&#9; * @param integer the number of cards to draw&#13;&#10;&#9; */&#13;&#10;&#9;public void drawCard(int cards) {&#13;&#10;&#9;&#9;for (int i = 0; i &lt; cards; i++) {&#13;&#10;&#9;&#9;&#9;this.drawCard();&#13;&#10;&#9;&#9;}&#13;&#10;&#9;}&#13;&#10;&#13;&#10;&#9;/**&#13;&#10;&#9; * @return the player's deck&#13;&#10;&#9; */&#13;&#10;&#9;public Queue&lt;ACard&gt; getDeck() {&#13;&#10;&#9;&#9;return this.playerDeck;&#13;&#10;&#9;}&#13;&#10;&#13;&#10;&#9;/**&#13;&#10;&#9; * @return the size of the player's deck for unit testing&#13;&#10;&#9; */&#13;&#10;&#9;public int getDeckSize() {&#13;&#10;&#9;&#9;return this.playerDeck.size();&#13;&#10;&#9;}&#13;&#10;&#13;&#10;&#9;/**&#13;&#10;&#9; * This method returns the amount of power the player currently has.&#13;&#10;&#9; * &#13;&#10;&#9; * @return how much power the player has&#13;&#10;&#9; */&#13;&#10;&#9;public int getPower() {&#13;&#10;&#9;&#9;return this.power;&#13;&#10;&#9;}&#13;&#10;&#13;&#10;&#9;/**&#13;&#10;&#9; * This method adds power to the total amount of power the player has.&#13;&#10;&#9; * &#13;&#10;&#9; * @param i&#13;&#10;&#9; */&#13;&#10;&#9;public void addPower(int i) {&#13;&#10;&#9;&#9;this.power += i;&#13;&#10;&#9;}&#13;&#10;&#13;&#10;&#9;/**&#13;&#10;&#9; * Applies the effects of the given card to the player.&#13;&#10;&#9; * &#13;&#10;&#9; * @param card the card whose effect(s) are being used&#13;&#10;&#9; */&#13;&#10;&#9;@SuppressWarnings(&quot;boxing&quot;)&#13;&#10;&#9;public void applyEffects(ACard card) {&#13;&#10;&#9;&#9;HashMap&lt;String, Integer&gt; map = card.getEffects();&#13;&#10;&#9;&#9;for (String k : map.keySet()) {&#13;&#10;&#9;&#9;&#9;switch (k) {&#13;&#10;&#9;&#9;&#9;case CardCollection.RUNES:&#13;&#10;&#9;&#9;&#9;&#9;this.addRunes(map.get(k));&#13;&#10;&#9;&#9;&#9;&#9;break;&#13;&#10;&#9;&#9;&#9;case CardCollection.POWER:&#13;&#10;&#9;&#9;&#9;&#9;this.addPower(map.get(k));&#13;&#10;&#9;&#9;&#9;&#9;break;&#13;&#10;&#9;&#9;&#9;case CardCollection.DRAW:&#13;&#10;&#9;&#9;&#9;&#9;this.drawCard(map.get(k));&#13;&#10;&#9;&#9;&#9;&#9;break;&#13;&#10;&#9;&#9;&#9;case CardCollection.HONOR:&#13;&#10;&#9;&#9;&#9;&#9;this.addHonor(map.get(k));&#13;&#10;&#9;&#9;&#9;&#9;break;&#13;&#10;&#9;&#9;&#9;case CardCollection.BANISH:&#13;&#10;&#9;&#9;&#9;&#9;this.banishLocation += map.get(k);&#13;&#10;&#9;&#9;&#9;&#9;break;&#9;&#9;&#9; &#13;&#10;&#9;&#9;&#9;}&#13;&#10;&#9;&#9;}&#13;&#10;&#9;}&#13;&#10;&#9;&#13;&#10;&#9;public void banishCard(ACard toBanish, Board board){&#13;&#10;&#9;&#9;if (toBanish != null &amp;&amp; board != null){&#13;&#10;&#9;&#9;&#9;board.sendToVoid(toBanish);&#13;&#10;&#9;&#9;}&#13;&#10;&#9;}&#13;&#10;&#13;&#10;&#9;/**&#13;&#10;&#9; * This method returns the amount of honor the player has.&#13;&#10;&#9; * &#13;&#10;&#9; * @return amount of honor the player has&#13;&#10;&#9; */&#13;&#10;&#9;public int getHonor() {&#13;&#10;&#9;&#9;return this.honor;&#13;&#10;&#9;}&#13;&#10;&#13;&#10;&#9;/**&#13;&#10;&#9; * This method adds the amount given to the total amount of honor that the&#13;&#10;&#9; * player has.&#13;&#10;&#9; * &#13;&#10;&#9; * @param i the amount of honor to add&#13;&#10;&#9; */&#13;&#10;&#9;public void addHonor(int i) {&#13;&#10;&#9;&#9;this.honor += i;&#13;&#10;&#9;}&#13;&#10;&#9;&#13;&#10;&#9;/**&#13;&#10;&#9; * This function takes a card and decides how to handle the card.&#13;&#10;&#9; * @param card &#13;&#10;&#9; * @param board &#13;&#10;&#9; * @return &#13;&#10;&#9; */&#13;&#10;&#9;public boolean doCard(ACard card, Board board) {&#13;&#10;&#9;&#9;String type = card.getType();&#13;&#10;&#9;&#9;if (type.equals(&quot;Hero&quot;) || type.equals(&quot;Construct&quot;)) {&#13;&#10;&#9;&#9;&#9;return this.buyCard(card);&#13;&#10;&#9;&#9;}&#13;&#10;&#9;&#9;return this.attackCard(card, board); // There is a problem here........&#13;&#10;&#9;}&#13;&#10;&#9;&#13;&#10;&#9;public int getBanishLocation() {&#13;&#10;&#9;&#9;return this.banishLocation;&#13;&#10;&#9;}&#13;&#10;&#13;&#10;&#9;/**&#13;&#10;&#9; * This method returns the ArrayList (of type ACard) which contains all of the Construct &#13;&#10;&#9; * cards that the player currently has in play.&#13;&#10;&#9; * @return constructs, an array list containing all of the Constructs played by the player&#13;&#10;&#9; */&#13;&#10;&#9;public ArrayList&lt;ACard&gt; getConstructs() {&#13;&#10;&#9;&#9;return this.constructs;&#13;&#10;&#9;}&#13;&#10;&#13;&#10;&#9;/**&#13;&#10;&#9; * This method &quot;discards&quot; the Construct by first removing it from the player's &#13;&#10;&#9; * list of constructs in play, and then calling the discard method on the card.&#13;&#10;&#9; * @param card, the Construct card that is being &quot;destroyed&quot;&#13;&#10;&#9; */&#13;&#10;&#9;public void discardConstruct(ACard card) {&#13;&#10;&#9;&#9;this.constructs.remove(card);&#13;&#10;&#9;&#9;this.discard(card);&#13;&#10;&#9;}&#13;&#10;}&#13;&#10;" Filename="Player.java" Intrnl_Id="5"/>
</SrcFileList>
<CritList>
<CritListEntry Name="org.codecover.model.utils.criteria.LoopCoverage" PluginName="org.codecover"/>
<CritListEntry Name="org.codecover.model.utils.criteria.QMOCoverage" PluginName="org.codecover"/>
<CritListEntry Name="org.codecover.model.utils.criteria.ConditionCoverage" PluginName="org.codecover"/>
<CritListEntry Name="org.codecover.model.utils.criteria.BranchCoverage" PluginName="org.codecover"/>
<CritListEntry Name="org.codecover.model.utils.criteria.SynchronizedStatementCoverage" PluginName="org.codecover"/>
<CritListEntry Name="org.codecover.model.utils.criteria.StatementCoverage" PluginName="org.codecover"/>
</CritList>
<BoolOpList>
<BoolOp Arity="2" Intrnl_Id="6" Name="conditional and (&amp;&amp;)">
<BoolAssgnmntBoolMapList>
<MapEntry BoolAssgnmnt="02" Value="false"/>
<MapEntry BoolAssgnmnt="10" Value="false"/>
<MapEntry BoolAssgnmnt="11" Value="true"/>
</BoolAssgnmntBoolMapList>
</BoolOp>
<BoolOp Arity="2" Intrnl_Id="7" Name="conditional or (||)">
<BoolAssgnmntBoolMapList>
<MapEntry BoolAssgnmnt="00" Value="false"/>
<MapEntry BoolAssgnmnt="01" Value="true"/>
<MapEntry BoolAssgnmnt="12" Value="true"/>
</BoolAssgnmntBoolMapList>
</BoolOp>
<BoolOp Arity="1" Intrnl_Id="8" Name="not (!)">
<BoolAssgnmntBoolMapList>
<MapEntry BoolAssgnmnt="1" Value="false"/>
<MapEntry BoolAssgnmnt="0" Value="true"/>
</BoolAssgnmntBoolMapList>
</BoolOp>
</BoolOpList>
<HierarchyLvlTypeList>
<HierarchyLvlType EnglishName="package" IntrnlName="package" Intrnl_Id="9"/>
<HierarchyLvlType EnglishName="method" IntrnlName="method" Intrnl_Id="10"/>
<HierarchyLvlType EnglishName="class" IntrnlName="class" Intrnl_Id="11"/>
<HierarchyLvlType EnglishName="default package" IntrnlName="default package" Intrnl_Id="12"/>
</HierarchyLvlTypeList>
<MASTRoot>
<HierarchyLvl HierarchyLvlId="462" HierarchyLvlTypeId="12" Intrnl_Id="13" Name="default package">
<Header/>
<LocList/>
<HierarchyLvl HierarchyLvlId="461" HierarchyLvlTypeId="9" Intrnl_Id="14" Name="devops">
<Header/>
<LocList/>
<HierarchyLvl HierarchyLvlId="460" HierarchyLvlTypeId="9" Intrnl_Id="15" Name="hw1">
<Header/>
<LocList/>
<HierarchyLvl HierarchyLvlId="459" HierarchyLvlTypeId="9" Intrnl_Id="16" Name="core">
<Header/>
<LocList/>
<HierarchyLvl HierarchyLvlId="408" HierarchyLvlTypeId="11" Intrnl_Id="17" Name="ACard">
<Header>
<Loc EndOffset="257" SrcFileId="1" StartOffset="230"/>
</Header>
<LocList>
<Loc EndOffset="5906" SrcFileId="1" StartOffset="230"/>
</LocList>
<StmntSeq Intrnl_Id="18">
<LocList>
<Loc EndOffset="362" SrcFileId="1" StartOffset="286"/>
<Loc EndOffset="556" SrcFileId="1" StartOffset="523"/>
</LocList>
<BasicStmnt CovItemId="S1" CovItemPrefix="devops.hw1.core.ACard.java" Intrnl_Id="19">
<LocList>
<Loc EndOffset="362" SrcFileId="1" StartOffset="286"/>
</LocList>
</BasicStmnt>
<BasicStmnt CovItemId="S2" CovItemPrefix="devops.hw1.core.ACard.java" Intrnl_Id="20">
<LocList>
<Loc EndOffset="556" SrcFileId="1" StartOffset="523"/>
</LocList>
</BasicStmnt>
</StmntSeq>
<HierarchyLvl HierarchyLvlId="386" HierarchyLvlTypeId="10" Intrnl_Id="21" Name="makeCard">
<Header>
<Loc EndOffset="697" SrcFileId="1" StartOffset="667"/>
</Header>
<LocList>
<Loc EndOffset="729" SrcFileId="1" StartOffset="667"/>
</LocList>
<StmntSeq Intrnl_Id="22">
<LocList>
<Loc EndOffset="725" SrcFileId="1" StartOffset="703"/>
</LocList>
<BasicStmnt CovItemId="S3" CovItemPrefix="devops.hw1.core.ACard.java" Intrnl_Id="23">
<LocList>
<Loc EndOffset="725" SrcFileId="1" StartOffset="703"/>
</LocList>
</BasicStmnt>
</StmntSeq>
</HierarchyLvl>
<HierarchyLvl HierarchyLvlId="387" HierarchyLvlTypeId="10" Intrnl_Id="24" Name="makeCard">
<Header>
<Loc EndOffset="909" SrcFileId="1" StartOffset="874"/>
</Header>
<LocList>
<Loc EndOffset="942" SrcFileId="1" StartOffset="874"/>
</LocList>
<StmntSeq Intrnl_Id="25">
<LocList>
<Loc EndOffset="938" SrcFileId="1" StartOffset="915"/>
</LocList>
<BasicStmnt CovItemId="S4" CovItemPrefix="devops.hw1.core.ACard.java" Intrnl_Id="26">
<LocList>
<Loc EndOffset="938" SrcFileId="1" StartOffset="915"/>
</LocList>
</BasicStmnt>
</StmntSeq>
</HierarchyLvl>
<HierarchyLvl HierarchyLvlId="388" HierarchyLvlTypeId="10" Intrnl_Id="27" Name="makeCard">
<Header>
<Loc EndOffset="1883" SrcFileId="1" StartOffset="1717"/>
</Header>
<LocList>
<Loc EndOffset="3182" SrcFileId="1" StartOffset="1717"/>
</LocList>
<StmntSeq Intrnl_Id="28">
<LocList>
<Loc EndOffset="2030" SrcFileId="1" StartOffset="1972"/>
<Loc EndOffset="2060" SrcFileId="1" StartOffset="2034"/>
<Loc EndOffset="2093" SrcFileId="1" StartOffset="2064"/>
<Loc EndOffset="2128" SrcFileId="1" StartOffset="2097"/>
<Loc EndOffset="2162" SrcFileId="1" StartOffset="2132"/>
<Loc EndOffset="3029" SrcFileId="1" StartOffset="2229"/>
<Loc EndOffset="3178" SrcFileId="1" StartOffset="3095"/>
</LocList>
<BasicStmnt CovItemId="S5" CovItemPrefix="devops.hw1.core.ACard.java" Intrnl_Id="29">
<LocList>
<Loc EndOffset="2030" SrcFileId="1" StartOffset="1972"/>
</LocList>
</BasicStmnt>
<BasicStmnt CovItemId="S6" CovItemPrefix="devops.hw1.core.ACard.java" Intrnl_Id="30">
<LocList>
<Loc EndOffset="2060" SrcFileId="1" StartOffset="2034"/>
</LocList>
</BasicStmnt>
<BasicStmnt CovItemId="S7" CovItemPrefix="devops.hw1.core.ACard.java" Intrnl_Id="31">
<LocList>
<Loc EndOffset="2093" SrcFileId="1" StartOffset="2064"/>
</LocList>
</BasicStmnt>
<BasicStmnt CovItemId="S8" CovItemPrefix="devops.hw1.core.ACard.java" Intrnl_Id="32">
<LocList>
<Loc EndOffset="2128" SrcFileId="1" StartOffset="2097"/>
</LocList>
</BasicStmnt>
<BasicStmnt CovItemId="S9" CovItemPrefix="devops.hw1.core.ACard.java" Intrnl_Id="33">
<LocList>
<Loc EndOffset="2162" SrcFileId="1" StartOffset="2132"/>
</LocList>
</BasicStmnt>
<CondStmnt CovItemId="S10" CovItemPrefix="devops.hw1.core.ACard.java" Intrnl_Id="34">
<Branch CovItemId="B1" CovItemPrefix="devops.hw1.core.ACard.java" Implct="false" Intrnl_Id="35">
<Cond/>
<LocList>
<Loc EndOffset="2422" SrcFileId="1" StartOffset="2263"/>
</LocList>
<StmntSeq Intrnl_Id="36">
<LocList>
<Loc EndOffset="2417" SrcFileId="1" StartOffset="2269"/>
</LocList>
<BasicStmnt CovItemId="S11" CovItemPrefix="devops.hw1.core.ACard.java" Intrnl_Id="37">
<LocList>
<Loc EndOffset="2417" SrcFileId="1" StartOffset="2269"/>
</LocList>
</BasicStmnt>
</StmntSeq>
</Branch>
<Branch CovItemId="B2" CovItemPrefix="devops.hw1.core.ACard.java" Implct="false" Intrnl_Id="38">
<Cond>
<Loc EndOffset="2427" SrcFileId="1" StartOffset="2423"/>
</Cond>
<LocList>
<Loc EndOffset="3029" SrcFileId="1" StartOffset="2428"/>
</LocList>
<StmntSeq Intrnl_Id="39">
<LocList>
<Loc EndOffset="3029" SrcFileId="1" StartOffset="2428"/>
</LocList>
<CondStmnt CovItemId="S12" CovItemPrefix="devops.hw1.core.ACard.java" Intrnl_Id="40">
<Branch CovItemId="B3" CovItemPrefix="devops.hw1.core.ACard.java" Implct="false" Intrnl_Id="41">
<Cond/>
<LocList>
<Loc EndOffset="2624" SrcFileId="1" StartOffset="2465"/>
</LocList>
<StmntSeq Intrnl_Id="42">
<LocList>
<Loc EndOffset="2619" SrcFileId="1" StartOffset="2471"/>
</LocList>
<BasicStmnt CovItemId="S13" CovItemPrefix="devops.hw1.core.ACard.java" Intrnl_Id="43">
<LocList>
<Loc EndOffset="2619" SrcFileId="1" StartOffset="2471"/>
</LocList>
</BasicStmnt>
</StmntSeq>
</Branch>
<Branch CovItemId="B4" CovItemPrefix="devops.hw1.core.ACard.java" Implct="false" Intrnl_Id="44">
<Cond>
<Loc EndOffset="2629" SrcFileId="1" StartOffset="2625"/>
</Cond>
<LocList>
<Loc EndOffset="3029" SrcFileId="1" StartOffset="2630"/>
</LocList>
<StmntSeq Intrnl_Id="45">
<LocList>
<Loc EndOffset="3029" SrcFileId="1" StartOffset="2630"/>
</LocList>
<CondStmnt CovItemId="S14" CovItemPrefix="devops.hw1.core.ACard.java" Intrnl_Id="46">
<Branch CovItemId="B5" CovItemPrefix="devops.hw1.core.ACard.java" Implct="false" Intrnl_Id="47">
<Cond/>
<LocList>
<Loc EndOffset="2837" SrcFileId="1" StartOffset="2702"/>
</LocList>
<StmntSeq Intrnl_Id="48">
<LocList>
<Loc EndOffset="2832" SrcFileId="1" StartOffset="2708"/>
</LocList>
<BasicStmnt CovItemId="S15" CovItemPrefix="devops.hw1.core.ACard.java" Intrnl_Id="49">
<LocList>
<Loc EndOffset="2832" SrcFileId="1" StartOffset="2708"/>
</LocList>
</BasicStmnt>
</StmntSeq>
</Branch>
<Branch CovItemId="B6" CovItemPrefix="devops.hw1.core.ACard.java" Implct="false" Intrnl_Id="50">
<Cond>
<Loc EndOffset="2842" SrcFileId="1" StartOffset="2838"/>
</Cond>
<LocList>
<Loc EndOffset="3029" SrcFileId="1" StartOffset="2843"/>
</LocList>
<StmntSeq Intrnl_Id="51">
<LocList>
<Loc EndOffset="3029" SrcFileId="1" StartOffset="2843"/>
</LocList>
<CondStmnt CovItemId="S16" CovItemPrefix="devops.hw1.core.ACard.java" Intrnl_Id="52">
<Branch CovItemId="B7" CovItemPrefix="devops.hw1.core.ACard.java" Implct="false" Intrnl_Id="53">
<Cond/>
<LocList>
<Loc EndOffset="3029" SrcFileId="1" StartOffset="2894"/>
</LocList>
<StmntSeq Intrnl_Id="54">
<LocList>
<Loc EndOffset="3024" SrcFileId="1" StartOffset="2900"/>
</LocList>
<BasicStmnt CovItemId="S17" CovItemPrefix="devops.hw1.core.ACard.java" Intrnl_Id="55">
<LocList>
<Loc EndOffset="3024" SrcFileId="1" StartOffset="2900"/>
</LocList>
</BasicStmnt>
</StmntSeq>
</Branch>
<Branch CovItemId="B8" CovItemPrefix="devops.hw1.core.ACard.java" Implct="true" Intrnl_Id="56">
<Cond/>
<LocList/>
<StmntSeq Intrnl_Id="57">
<LocList/>
</StmntSeq>
</Branch>
<Keyword EndOffset="2845" SrcFileId="1" StartOffset="2843"/>
<LocList>
<Loc EndOffset="3029" SrcFileId="1" StartOffset="2843"/>
</LocList>
<RootTerm CovItemId="C4" CovItemPrefix="devops.hw1.core.ACard.java" Intrnl_Id="58">
<OpTerm BooleanOpId="8" Intrnl_Id="59">
<BasicBoolTerm Intrnl_Id="60">
<LocList>
<Loc EndOffset="2891" SrcFileId="1" StartOffset="2849"/>
</LocList>
</BasicBoolTerm>
<LocList>
<Loc EndOffset="2848" SrcFileId="1" StartOffset="2847"/>
</LocList>
</OpTerm>
</RootTerm>
</CondStmnt>
</StmntSeq>
</Branch>
<Keyword EndOffset="2632" SrcFileId="1" StartOffset="2630"/>
<LocList>
<Loc EndOffset="3029" SrcFileId="1" StartOffset="2630"/>
</LocList>
<RootTerm CovItemId="C3" CovItemPrefix="devops.hw1.core.ACard.java" Intrnl_Id="61">
<OpTerm BooleanOpId="7" Intrnl_Id="62">
<BasicBoolTerm Intrnl_Id="63">
<LocList>
<Loc EndOffset="2663" SrcFileId="1" StartOffset="2634"/>
</LocList>
</BasicBoolTerm>
<BasicBoolTerm Intrnl_Id="64">
<LocList>
<Loc EndOffset="2700" SrcFileId="1" StartOffset="2672"/>
</LocList>
</BasicBoolTerm>
<LocList>
<Loc EndOffset="2671" SrcFileId="1" StartOffset="2669"/>
</LocList>
</OpTerm>
</RootTerm>
</CondStmnt>
</StmntSeq>
</Branch>
<Keyword EndOffset="2430" SrcFileId="1" StartOffset="2428"/>
<LocList>
<Loc EndOffset="3029" SrcFileId="1" StartOffset="2428"/>
</LocList>
<RootTerm CovItemId="C2" CovItemPrefix="devops.hw1.core.ACard.java" Intrnl_Id="65">
<BasicBoolTerm Intrnl_Id="66">
<LocList>
<Loc EndOffset="2463" SrcFileId="1" StartOffset="2432"/>
</LocList>
</BasicBoolTerm>
</RootTerm>
</CondStmnt>
</StmntSeq>
</Branch>
<Keyword EndOffset="2231" SrcFileId="1" StartOffset="2229"/>
<LocList>
<Loc EndOffset="3029" SrcFileId="1" StartOffset="2229"/>
</LocList>
<RootTerm CovItemId="C1" CovItemPrefix="devops.hw1.core.ACard.java" Intrnl_Id="67">
<OpTerm BooleanOpId="7" Intrnl_Id="68">
<BasicBoolTerm Intrnl_Id="69">
<LocList>
<Loc EndOffset="2245" SrcFileId="1" StartOffset="2233"/>
</LocList>
</BasicBoolTerm>
<BasicBoolTerm Intrnl_Id="70">
<LocList>
<Loc EndOffset="2261" SrcFileId="1" StartOffset="2249"/>
</LocList>
</BasicBoolTerm>
<LocList>
<Loc EndOffset="2248" SrcFileId="1" StartOffset="2246"/>
</LocList>
</OpTerm>
</RootTerm>
</CondStmnt>
<BasicStmnt CovItemId="S18" CovItemPrefix="devops.hw1.core.ACard.java" Intrnl_Id="71">
<LocList>
<Loc EndOffset="3178" SrcFileId="1" StartOffset="3095"/>
</LocList>
</BasicStmnt>
</StmntSeq>
</HierarchyLvl>
<HierarchyLvl HierarchyLvlId="389" HierarchyLvlTypeId="10" Intrnl_Id="72" Name="getFaction">
<Header>
<Loc EndOffset="3286" SrcFileId="1" StartOffset="3260"/>
</Header>
<LocList>
<Loc EndOffset="3311" SrcFileId="1" StartOffset="3260"/>
</LocList>
<StmntSeq Intrnl_Id="73">
<LocList>
<Loc EndOffset="3307" SrcFileId="1" StartOffset="3292"/>
</LocList>
<BasicStmnt CovItemId="S19" CovItemPrefix="devops.hw1.core.ACard.java" Intrnl_Id="74">
<LocList>
<Loc EndOffset="3307" SrcFileId="1" StartOffset="3292"/>
</LocList>
</BasicStmnt>
</StmntSeq>
</HierarchyLvl>
<HierarchyLvl HierarchyLvlId="390" HierarchyLvlTypeId="10" Intrnl_Id="75" Name="setFaction">
<Header>
<Loc EndOffset="3423" SrcFileId="1" StartOffset="3385"/>
</Header>
<LocList>
<Loc EndOffset="3456" SrcFileId="1" StartOffset="3385"/>
</LocList>
<StmntSeq Intrnl_Id="76">
<LocList>
<Loc EndOffset="3452" SrcFileId="1" StartOffset="3429"/>
</LocList>
<BasicStmnt CovItemId="S20" CovItemPrefix="devops.hw1.core.ACard.java" Intrnl_Id="77">
<LocList>
<Loc EndOffset="3452" SrcFileId="1" StartOffset="3429"/>
</LocList>
</BasicStmnt>
</StmntSeq>
</HierarchyLvl>
<HierarchyLvl HierarchyLvlId="391" HierarchyLvlTypeId="10" Intrnl_Id="78" Name="getName">
<Header>
<Loc EndOffset="3525" SrcFileId="1" StartOffset="3502"/>
</Header>
<LocList>
<Loc EndOffset="3547" SrcFileId="1" StartOffset="3502"/>
</LocList>
<StmntSeq Intrnl_Id="79">
<LocList>
<Loc EndOffset="3543" SrcFileId="1" StartOffset="3531"/>
</LocList>
<BasicStmnt CovItemId="S21" CovItemPrefix="devops.hw1.core.ACard.java" Intrnl_Id="80">
<LocList>
<Loc EndOffset="3543" SrcFileId="1" StartOffset="3531"/>
</LocList>
</BasicStmnt>
</StmntSeq>
</HierarchyLvl>
<HierarchyLvl HierarchyLvlId="392" HierarchyLvlTypeId="10" Intrnl_Id="81" Name="setName">
<Header>
<Loc EndOffset="3657" SrcFileId="1" StartOffset="3625"/>
</Header>
<LocList>
<Loc EndOffset="3684" SrcFileId="1" StartOffset="3625"/>
</LocList>
<StmntSeq Intrnl_Id="82">
<LocList>
<Loc EndOffset="3680" SrcFileId="1" StartOffset="3663"/>
</LocList>
<BasicStmnt CovItemId="S22" CovItemPrefix="devops.hw1.core.ACard.java" Intrnl_Id="83">
<LocList>
<Loc EndOffset="3680" SrcFileId="1" StartOffset="3663"/>
</LocList>
</BasicStmnt>
</StmntSeq>
</HierarchyLvl>
<HierarchyLvl HierarchyLvlId="393" HierarchyLvlTypeId="10" Intrnl_Id="84" Name="getHonor">
<Header>
<Loc EndOffset="3758" SrcFileId="1" StartOffset="3737"/>
</Header>
<LocList>
<Loc EndOffset="3781" SrcFileId="1" StartOffset="3737"/>
</LocList>
<StmntSeq Intrnl_Id="85">
<LocList>
<Loc EndOffset="3777" SrcFileId="1" StartOffset="3764"/>
</LocList>
<BasicStmnt CovItemId="S23" CovItemPrefix="devops.hw1.core.ACard.java" Intrnl_Id="86">
<LocList>
<Loc EndOffset="3777" SrcFileId="1" StartOffset="3764"/>
</LocList>
</BasicStmnt>
</StmntSeq>
</HierarchyLvl>
<HierarchyLvl HierarchyLvlId="394" HierarchyLvlTypeId="10" Intrnl_Id="87" Name="setHonor">
<Header>
<Loc EndOffset="3882" SrcFileId="1" StartOffset="3851"/>
</Header>
<LocList>
<Loc EndOffset="3911" SrcFileId="1" StartOffset="3851"/>
</LocList>
<StmntSeq Intrnl_Id="88">
<LocList>
<Loc EndOffset="3907" SrcFileId="1" StartOffset="3888"/>
</LocList>
<BasicStmnt CovItemId="S24" CovItemPrefix="devops.hw1.core.ACard.java" Intrnl_Id="89">
<LocList>
<Loc EndOffset="3907" SrcFileId="1" StartOffset="3888"/>
</LocList>
</BasicStmnt>
</StmntSeq>
</HierarchyLvl>
<HierarchyLvl HierarchyLvlId="395" HierarchyLvlTypeId="10" Intrnl_Id="90" Name="getRarity">
<Header>
<Loc EndOffset="3974" SrcFileId="1" StartOffset="3952"/>
</Header>
<LocList>
<Loc EndOffset="3998" SrcFileId="1" StartOffset="3952"/>
</LocList>
<StmntSeq Intrnl_Id="91">
<LocList>
<Loc EndOffset="3994" SrcFileId="1" StartOffset="3980"/>
</LocList>
<BasicStmnt CovItemId="S25" CovItemPrefix="devops.hw1.core.ACard.java" Intrnl_Id="92">
<LocList>
<Loc EndOffset="3994" SrcFileId="1" StartOffset="3980"/>
</LocList>
</BasicStmnt>
</StmntSeq>
</HierarchyLvl>
<HierarchyLvl HierarchyLvlId="396" HierarchyLvlTypeId="10" Intrnl_Id="93" Name="setRarity">
<Header>
<Loc EndOffset="4101" SrcFileId="1" StartOffset="4068"/>
</Header>
<LocList>
<Loc EndOffset="4132" SrcFileId="1" StartOffset="4068"/>
</LocList>
<StmntSeq Intrnl_Id="94">
<LocList>
<Loc EndOffset="4128" SrcFileId="1" StartOffset="4107"/>
</LocList>
<BasicStmnt CovItemId="S26" CovItemPrefix="devops.hw1.core.ACard.java" Intrnl_Id="95">
<LocList>
<Loc EndOffset="4128" SrcFileId="1" StartOffset="4107"/>
</LocList>
</BasicStmnt>
</StmntSeq>
</HierarchyLvl>
<HierarchyLvl HierarchyLvlId="397" HierarchyLvlTypeId="10" Intrnl_Id="96" Name="getImage">
<Header>
<Loc EndOffset="4203" SrcFileId="1" StartOffset="4172"/>
</Header>
<LocList>
<Loc EndOffset="4226" SrcFileId="1" StartOffset="4172"/>
</LocList>
<StmntSeq Intrnl_Id="97">
<LocList>
<Loc EndOffset="4222" SrcFileId="1" StartOffset="4209"/>
</LocList>
<BasicStmnt CovItemId="S27" CovItemPrefix="devops.hw1.core.ACard.java" Intrnl_Id="98">
<LocList>
<Loc EndOffset="4222" SrcFileId="1" StartOffset="4209"/>
</LocList>
</BasicStmnt>
</StmntSeq>
</HierarchyLvl>
<HierarchyLvl HierarchyLvlId="398" HierarchyLvlTypeId="10" Intrnl_Id="99" Name="setImage">
<Header>
<Loc EndOffset="4335" SrcFileId="1" StartOffset="4294"/>
</Header>
<LocList>
<Loc EndOffset="4364" SrcFileId="1" StartOffset="4294"/>
</LocList>
<StmntSeq Intrnl_Id="100">
<LocList>
<Loc EndOffset="4360" SrcFileId="1" StartOffset="4341"/>
</LocList>
<BasicStmnt CovItemId="S28" CovItemPrefix="devops.hw1.core.ACard.java" Intrnl_Id="101">
<LocList>
<Loc EndOffset="4360" SrcFileId="1" StartOffset="4341"/>
</LocList>
</BasicStmnt>
</StmntSeq>
</HierarchyLvl>
<HierarchyLvl HierarchyLvlId="399" HierarchyLvlTypeId="10" Intrnl_Id="102" Name="setEffects">
<Header>
<Loc EndOffset="4492" SrcFileId="1" StartOffset="4436"/>
</Header>
<LocList>
<Loc EndOffset="4525" SrcFileId="1" StartOffset="4436"/>
</LocList>
<StmntSeq Intrnl_Id="103">
<LocList>
<Loc EndOffset="4521" SrcFileId="1" StartOffset="4498"/>
</LocList>
<BasicStmnt CovItemId="S29" CovItemPrefix="devops.hw1.core.ACard.java" Intrnl_Id="104">
<LocList>
<Loc EndOffset="4521" SrcFileId="1" StartOffset="4498"/>
</LocList>
</BasicStmnt>
</StmntSeq>
</HierarchyLvl>
<HierarchyLvl HierarchyLvlId="400" HierarchyLvlTypeId="10" Intrnl_Id="105" Name="getCost">
<Header>
<Loc EndOffset="4617" SrcFileId="1" StartOffset="4597"/>
</Header>
<LocList>
<Loc EndOffset="4644" SrcFileId="1" StartOffset="4597"/>
</LocList>
<StmntSeq Intrnl_Id="106">
<LocList>
<Loc EndOffset="4640" SrcFileId="1" StartOffset="4623"/>
</LocList>
<BasicStmnt CovItemId="S30" CovItemPrefix="devops.hw1.core.ACard.java" Intrnl_Id="107">
<LocList>
<Loc EndOffset="4640" SrcFileId="1" StartOffset="4623"/>
</LocList>
</BasicStmnt>
</StmntSeq>
</HierarchyLvl>
<HierarchyLvl HierarchyLvlId="401" HierarchyLvlTypeId="10" Intrnl_Id="108" Name="setCost">
<Header>
<Loc EndOffset="4738" SrcFileId="1" StartOffset="4712"/>
</Header>
<LocList>
<Loc EndOffset="4762" SrcFileId="1" StartOffset="4712"/>
</LocList>
<StmntSeq Intrnl_Id="109">
<LocList>
<Loc EndOffset="4758" SrcFileId="1" StartOffset="4744"/>
</LocList>
<BasicStmnt CovItemId="S31" CovItemPrefix="devops.hw1.core.ACard.java" Intrnl_Id="110">
<LocList>
<Loc EndOffset="4758" SrcFileId="1" StartOffset="4744"/>
</LocList>
</BasicStmnt>
</StmntSeq>
</HierarchyLvl>
<HierarchyLvl HierarchyLvlId="402" HierarchyLvlTypeId="10" Intrnl_Id="111" Name="getEffects">
<Header>
<Loc EndOffset="4892" SrcFileId="1" StartOffset="4848"/>
</Header>
<LocList>
<Loc EndOffset="4922" SrcFileId="1" StartOffset="4848"/>
</LocList>
<StmntSeq Intrnl_Id="112">
<LocList>
<Loc EndOffset="4918" SrcFileId="1" StartOffset="4898"/>
</LocList>
<BasicStmnt CovItemId="S32" CovItemPrefix="devops.hw1.core.ACard.java" Intrnl_Id="113">
<LocList>
<Loc EndOffset="4918" SrcFileId="1" StartOffset="4898"/>
</LocList>
</BasicStmnt>
</StmntSeq>
</HierarchyLvl>
<HierarchyLvl HierarchyLvlId="403" HierarchyLvlTypeId="10" Intrnl_Id="114" Name="setEffect">
<Header>
<Loc EndOffset="5126" SrcFileId="1" StartOffset="5079"/>
</Header>
<LocList>
<Loc EndOffset="5210" SrcFileId="1" StartOffset="5079"/>
</LocList>
<StmntSeq Intrnl_Id="115">
<LocList>
<Loc EndOffset="5170" SrcFileId="1" StartOffset="5132"/>
<Loc EndOffset="5206" SrcFileId="1" StartOffset="5174"/>
</LocList>
<CondStmnt CovItemId="S33" CovItemPrefix="devops.hw1.core.ACard.java" Intrnl_Id="116">
<Branch CovItemId="B9" CovItemPrefix="devops.hw1.core.ACard.java" Implct="false" Intrnl_Id="117">
<Cond/>
<LocList>
<Loc EndOffset="5170" SrcFileId="1" StartOffset="5152"/>
</LocList>
<StmntSeq Intrnl_Id="118">
<LocList>
<Loc EndOffset="5165" SrcFileId="1" StartOffset="5158"/>
</LocList>
<BasicStmnt CovItemId="S34" CovItemPrefix="devops.hw1.core.ACard.java" Intrnl_Id="119">
<LocList>
<Loc EndOffset="5165" SrcFileId="1" StartOffset="5158"/>
</LocList>
</BasicStmnt>
</StmntSeq>
</Branch>
<Branch CovItemId="B10" CovItemPrefix="devops.hw1.core.ACard.java" Implct="true" Intrnl_Id="120">
<Cond/>
<LocList/>
<StmntSeq Intrnl_Id="121">
<LocList/>
</StmntSeq>
</Branch>
<Keyword EndOffset="5134" SrcFileId="1" StartOffset="5132"/>
<LocList>
<Loc EndOffset="5170" SrcFileId="1" StartOffset="5132"/>
</LocList>
<RootTerm CovItemId="C5" CovItemPrefix="devops.hw1.core.ACard.java" Intrnl_Id="122">
<BasicBoolTerm Intrnl_Id="123">
<LocList>
<Loc EndOffset="5150" SrcFileId="1" StartOffset="5136"/>
</LocList>
</BasicBoolTerm>
</RootTerm>
</CondStmnt>
<BasicStmnt CovItemId="S35" CovItemPrefix="devops.hw1.core.ACard.java" Intrnl_Id="124">
<LocList>
<Loc EndOffset="5206" SrcFileId="1" StartOffset="5174"/>
</LocList>
</BasicStmnt>
</StmntSeq>
</HierarchyLvl>
<HierarchyLvl HierarchyLvlId="404" HierarchyLvlTypeId="10" Intrnl_Id="125" Name="getStrength">
<Header>
<Loc EndOffset="5311" SrcFileId="1" StartOffset="5287"/>
</Header>
<LocList>
<Loc EndOffset="5338" SrcFileId="1" StartOffset="5287"/>
</LocList>
<StmntSeq Intrnl_Id="126">
<LocList>
<Loc EndOffset="5334" SrcFileId="1" StartOffset="5317"/>
</LocList>
<BasicStmnt CovItemId="S36" CovItemPrefix="devops.hw1.core.ACard.java" Intrnl_Id="127">
<LocList>
<Loc EndOffset="5334" SrcFileId="1" StartOffset="5317"/>
</LocList>
</BasicStmnt>
</StmntSeq>
</HierarchyLvl>
<HierarchyLvl HierarchyLvlId="405" HierarchyLvlTypeId="10" Intrnl_Id="128" Name="getType">
<Header>
<Loc EndOffset="5424" SrcFileId="1" StartOffset="5401"/>
</Header>
<LocList>
<Loc EndOffset="5451" SrcFileId="1" StartOffset="5401"/>
</LocList>
<StmntSeq Intrnl_Id="129">
<LocList>
<Loc EndOffset="5447" SrcFileId="1" StartOffset="5430"/>
</LocList>
<BasicStmnt CovItemId="S37" CovItemPrefix="devops.hw1.core.ACard.java" Intrnl_Id="130">
<LocList>
<Loc EndOffset="5447" SrcFileId="1" StartOffset="5430"/>
</LocList>
</BasicStmnt>
</StmntSeq>
</HierarchyLvl>
<HierarchyLvl HierarchyLvlId="406" HierarchyLvlTypeId="10" Intrnl_Id="131" Name="getTimesActivated">
<Header>
<Loc EndOffset="5701" SrcFileId="1" StartOffset="5671"/>
</Header>
<LocList>
<Loc EndOffset="5811" SrcFileId="1" StartOffset="5671"/>
</LocList>
<StmntSeq Intrnl_Id="132">
<LocList>
<Loc EndOffset="5807" SrcFileId="1" StartOffset="5785"/>
</LocList>
<BasicStmnt CovItemId="S38" CovItemPrefix="devops.hw1.core.ACard.java" Intrnl_Id="133">
<LocList>
<Loc EndOffset="5807" SrcFileId="1" StartOffset="5785"/>
</LocList>
</BasicStmnt>
</StmntSeq>
</HierarchyLvl>
<HierarchyLvl HierarchyLvlId="407" HierarchyLvlTypeId="10" Intrnl_Id="134" Name="setTimesActivated">
<Header>
<Loc EndOffset="5862" SrcFileId="1" StartOffset="5816"/>
</Header>
<LocList>
<Loc EndOffset="5901" SrcFileId="1" StartOffset="5816"/>
</LocList>
<StmntSeq Intrnl_Id="135">
<LocList>
<Loc EndOffset="5897" SrcFileId="1" StartOffset="5868"/>
</LocList>
<BasicStmnt CovItemId="S39" CovItemPrefix="devops.hw1.core.ACard.java" Intrnl_Id="136">
<LocList>
<Loc EndOffset="5897" SrcFileId="1" StartOffset="5868"/>
</LocList>
</BasicStmnt>
</StmntSeq>
</HierarchyLvl>
</HierarchyLvl>
<HierarchyLvl HierarchyLvlId="419" HierarchyLvlTypeId="11" Intrnl_Id="137" Name="Board">
<Header>
<Loc EndOffset="279" SrcFileId="2" StartOffset="261"/>
</Header>
<LocList>
<Loc EndOffset="2757" SrcFileId="2" StartOffset="261"/>
</LocList>
<HierarchyLvl HierarchyLvlId="409" HierarchyLvlTypeId="10" Intrnl_Id="138" Name="Board">
<Header>
<Loc EndOffset="546" SrcFileId="2" StartOffset="532"/>
</Header>
<LocList>
<Loc EndOffset="928" SrcFileId="2" StartOffset="532"/>
</LocList>
<StmntSeq Intrnl_Id="139">
<LocList>
<Loc EndOffset="583" SrcFileId="2" StartOffset="562"/>
<Loc EndOffset="667" SrcFileId="2" StartOffset="552"/>
<Loc EndOffset="709" SrcFileId="2" StartOffset="671"/>
<Loc EndOffset="752" SrcFileId="2" StartOffset="713"/>
<Loc EndOffset="785" SrcFileId="2" StartOffset="756"/>
<Loc EndOffset="814" SrcFileId="2" StartOffset="791"/>
<Loc EndOffset="852" SrcFileId="2" StartOffset="820"/>
<Loc EndOffset="889" SrcFileId="2" StartOffset="856"/>
<Loc EndOffset="924" SrcFileId="2" StartOffset="893"/>
</LocList>
<BasicStmnt CovItemId="S2" CovItemPrefix="devops.hw1.core.Board.java" Intrnl_Id="140">
<LocList>
<Loc EndOffset="583" SrcFileId="2" StartOffset="562"/>
</LocList>
</BasicStmnt>
<CondStmnt CovItemId="S1" CovItemPrefix="devops.hw1.core.Board.java" Intrnl_Id="141">
<Branch CovItemId="B1" CovItemPrefix="devops.hw1.core.Board.java" Implct="true" Intrnl_Id="142">
<Cond/>
<LocList/>
<StmntSeq Intrnl_Id="143">
<LocList/>
</StmntSeq>
</Branch>
<Branch CovItemId="B2" CovItemPrefix="devops.hw1.core.Board.java" Implct="false" Intrnl_Id="144">
<Cond>
<Loc EndOffset="618" SrcFileId="2" StartOffset="589"/>
</Cond>
<LocList>
<Loc EndOffset="667" SrcFileId="2" StartOffset="619"/>
</LocList>
<StmntSeq Intrnl_Id="145">
<LocList>
<Loc EndOffset="662" SrcFileId="2" StartOffset="625"/>
</LocList>
<BasicStmnt CovItemId="S3" CovItemPrefix="devops.hw1.core.Board.java" Intrnl_Id="146">
<LocList>
<Loc EndOffset="662" SrcFileId="2" StartOffset="625"/>
</LocList>
</BasicStmnt>
</StmntSeq>
</Branch>
<Keyword EndOffset="555" SrcFileId="2" StartOffset="552"/>
<LocList>
<Loc EndOffset="667" SrcFileId="2" StartOffset="552"/>
</LocList>
</CondStmnt>
<BasicStmnt CovItemId="S4" CovItemPrefix="devops.hw1.core.Board.java" Intrnl_Id="147">
<LocList>
<Loc EndOffset="709" SrcFileId="2" StartOffset="671"/>
</LocList>
</BasicStmnt>
<BasicStmnt CovItemId="S5" CovItemPrefix="devops.hw1.core.Board.java" Intrnl_Id="148">
<LocList>
<Loc EndOffset="752" SrcFileId="2" StartOffset="713"/>
</LocList>
</BasicStmnt>
<BasicStmnt CovItemId="S6" CovItemPrefix="devops.hw1.core.Board.java" Intrnl_Id="149">
<LocList>
<Loc EndOffset="785" SrcFileId="2" StartOffset="756"/>
</LocList>
</BasicStmnt>
<BasicStmnt CovItemId="S7" CovItemPrefix="devops.hw1.core.Board.java" Intrnl_Id="150">
<LocList>
<Loc EndOffset="814" SrcFileId="2" StartOffset="791"/>
</LocList>
</BasicStmnt>
<BasicStmnt CovItemId="S8" CovItemPrefix="devops.hw1.core.Board.java" Intrnl_Id="151">
<LocList>
<Loc EndOffset="852" SrcFileId="2" StartOffset="820"/>
</LocList>
</BasicStmnt>
<BasicStmnt CovItemId="S9" CovItemPrefix="devops.hw1.core.Board.java" Intrnl_Id="152">
<LocList>
<Loc EndOffset="889" SrcFileId="2" StartOffset="856"/>
</LocList>
</BasicStmnt>
<BasicStmnt CovItemId="S10" CovItemPrefix="devops.hw1.core.Board.java" Intrnl_Id="153">
<LocList>
<Loc EndOffset="924" SrcFileId="2" StartOffset="893"/>
</LocList>
</BasicStmnt>
</StmntSeq>
</HierarchyLvl>
<HierarchyLvl HierarchyLvlId="410" HierarchyLvlTypeId="10" Intrnl_Id="154" Name="initializeCenterDeck">
<Header>
<Loc EndOffset="1101" SrcFileId="2" StartOffset="1066"/>
</Header>
<LocList>
<Loc EndOffset="1390" SrcFileId="2" StartOffset="1066"/>
</LocList>
<StmntSeq Intrnl_Id="155">
<LocList>
<Loc EndOffset="1284" SrcFileId="2" StartOffset="1107"/>
<Loc EndOffset="1322" SrcFileId="2" StartOffset="1288"/>
<Loc EndOffset="1386" SrcFileId="2" StartOffset="1326"/>
</LocList>
<LoopStmnt CovItemId="S11" CovItemPrefix="devops.hw1.core.Board.java" Intrnl_Id="156" MltplExecId="L1-2" MltplExecPrefix="devops.hw1.core.Board.java" NvrExecId="L1-0" NvrExecPrefix="devops.hw1.core.Board.java" OnceExecutedId="L1-1" OnceExecutedPrefix="devops.hw1.core.Board.java" OptBodyExec="true">
<StmntSeq Intrnl_Id="157">
<LocList>
<Loc EndOffset="1279" SrcFileId="2" StartOffset="1167"/>
</LocList>
<LoopStmnt CovItemId="S12" CovItemPrefix="devops.hw1.core.Board.java" Intrnl_Id="158" MltplExecId="L2-2" MltplExecPrefix="devops.hw1.core.Board.java" NvrExecId="L2-0" NvrExecPrefix="devops.hw1.core.Board.java" OnceExecutedId="L2-1" OnceExecutedPrefix="devops.hw1.core.Board.java" OptBodyExec="true">
<StmntSeq Intrnl_Id="159">
<LocList>
<Loc EndOffset="1273" SrcFileId="2" StartOffset="1231"/>
</LocList>
<BasicStmnt CovItemId="S13" CovItemPrefix="devops.hw1.core.Board.java" Intrnl_Id="160">
<LocList>
<Loc EndOffset="1273" SrcFileId="2" StartOffset="1231"/>
</LocList>
</BasicStmnt>
</StmntSeq>
<Keyword EndOffset="1170" SrcFileId="2" StartOffset="1167"/>
<LocList>
<Loc EndOffset="1279" SrcFileId="2" StartOffset="1167"/>
</LocList>
<RootTerm CovItemId="C2" CovItemPrefix="devops.hw1.core.Board.java" Intrnl_Id="161">
<BasicBoolTerm Intrnl_Id="162">
<LocList>
<Loc EndOffset="1217" SrcFileId="2" StartOffset="1183"/>
</LocList>
</BasicBoolTerm>
</RootTerm>
</LoopStmnt>
</StmntSeq>
<Keyword EndOffset="1110" SrcFileId="2" StartOffset="1107"/>
<LocList>
<Loc EndOffset="1284" SrcFileId="2" StartOffset="1107"/>
</LocList>
<RootTerm CovItemId="C1" CovItemPrefix="devops.hw1.core.Board.java" Intrnl_Id="163">
<BasicBoolTerm Intrnl_Id="164">
<LocList>
<Loc EndOffset="1154" SrcFileId="2" StartOffset="1123"/>
</LocList>
</BasicBoolTerm>
</RootTerm>
</LoopStmnt>
<BasicStmnt CovItemId="S14" CovItemPrefix="devops.hw1.core.Board.java" Intrnl_Id="165">
<LocList>
<Loc EndOffset="1322" SrcFileId="2" StartOffset="1288"/>
</LocList>
</BasicStmnt>
<LoopStmnt CovItemId="S15" CovItemPrefix="devops.hw1.core.Board.java" Intrnl_Id="166" MltplExecId="L3-2" MltplExecPrefix="devops.hw1.core.Board.java" NvrExecId="L3-0" NvrExecPrefix="devops.hw1.core.Board.java" OnceExecutedId="L3-1" OnceExecutedPrefix="devops.hw1.core.Board.java" OptBodyExec="true">
<StmntSeq Intrnl_Id="167">
<LocList>
<Loc EndOffset="1381" SrcFileId="2" StartOffset="1360"/>
</LocList>
<BasicStmnt CovItemId="S16" CovItemPrefix="devops.hw1.core.Board.java" Intrnl_Id="168">
<LocList>
<Loc EndOffset="1381" SrcFileId="2" StartOffset="1360"/>
</LocList>
</BasicStmnt>
</StmntSeq>
<Keyword EndOffset="1329" SrcFileId="2" StartOffset="1326"/>
<LocList>
<Loc EndOffset="1386" SrcFileId="2" StartOffset="1326"/>
</LocList>
<RootTerm CovItemId="C3" CovItemPrefix="devops.hw1.core.Board.java" Intrnl_Id="169">
<BasicBoolTerm Intrnl_Id="170">
<LocList>
<Loc EndOffset="1347" SrcFileId="2" StartOffset="1342"/>
</LocList>
</BasicBoolTerm>
</RootTerm>
</LoopStmnt>
</StmntSeq>
</HierarchyLvl>
<HierarchyLvl HierarchyLvlId="411" HierarchyLvlTypeId="10" Intrnl_Id="171" Name="getVoid">
<Header>
<Loc EndOffset="1516" SrcFileId="2" StartOffset="1483"/>
</Header>
<LocList>
<Loc EndOffset="1546" SrcFileId="2" StartOffset="1483"/>
</LocList>
<StmntSeq Intrnl_Id="172">
<LocList>
<Loc EndOffset="1542" SrcFileId="2" StartOffset="1522"/>
</LocList>
<BasicStmnt CovItemId="S17" CovItemPrefix="devops.hw1.core.Board.java" Intrnl_Id="173">
<LocList>
<Loc EndOffset="1542" SrcFileId="2" StartOffset="1522"/>
</LocList>
</BasicStmnt>
</StmntSeq>
</HierarchyLvl>
<HierarchyLvl HierarchyLvlId="412" HierarchyLvlTypeId="10" Intrnl_Id="174" Name="sendToVoid">
<Header>
<Loc EndOffset="1708" SrcFileId="2" StartOffset="1674"/>
</Header>
<LocList>
<Loc EndOffset="1781" SrcFileId="2" StartOffset="1674"/>
</LocList>
<StmntSeq Intrnl_Id="175">
<LocList>
<Loc EndOffset="1750" SrcFileId="2" StartOffset="1714"/>
<Loc EndOffset="1777" SrcFileId="2" StartOffset="1754"/>
</LocList>
<CondStmnt CovItemId="S18" CovItemPrefix="devops.hw1.core.Board.java" Intrnl_Id="176">
<Branch CovItemId="B3" CovItemPrefix="devops.hw1.core.Board.java" Implct="false" Intrnl_Id="177">
<Cond/>
<LocList>
<Loc EndOffset="1750" SrcFileId="2" StartOffset="1732"/>
</LocList>
<StmntSeq Intrnl_Id="178">
<LocList>
<Loc EndOffset="1745" SrcFileId="2" StartOffset="1738"/>
</LocList>
<BasicStmnt CovItemId="S19" CovItemPrefix="devops.hw1.core.Board.java" Intrnl_Id="179">
<LocList>
<Loc EndOffset="1745" SrcFileId="2" StartOffset="1738"/>
</LocList>
</BasicStmnt>
</StmntSeq>
</Branch>
<Branch CovItemId="B4" CovItemPrefix="devops.hw1.core.Board.java" Implct="true" Intrnl_Id="180">
<Cond/>
<LocList/>
<StmntSeq Intrnl_Id="181">
<LocList/>
</StmntSeq>
</Branch>
<Keyword EndOffset="1716" SrcFileId="2" StartOffset="1714"/>
<LocList>
<Loc EndOffset="1750" SrcFileId="2" StartOffset="1714"/>
</LocList>
<RootTerm CovItemId="C4" CovItemPrefix="devops.hw1.core.Board.java" Intrnl_Id="182">
<BasicBoolTerm Intrnl_Id="183">
<LocList>
<Loc EndOffset="1730" SrcFileId="2" StartOffset="1718"/>
</LocList>
</BasicBoolTerm>
</RootTerm>
</CondStmnt>
<BasicStmnt CovItemId="S20" CovItemPrefix="devops.hw1.core.Board.java" Intrnl_Id="184">
<LocList>
<Loc EndOffset="1777" SrcFileId="2" StartOffset="1754"/>
</LocList>
</BasicStmnt>
</StmntSeq>
</HierarchyLvl>
<HierarchyLvl HierarchyLvlId="413" HierarchyLvlTypeId="10" Intrnl_Id="185" Name="getCenDeck">
<Header>
<Loc EndOffset="1864" SrcFileId="2" StartOffset="1827"/>
</Header>
<LocList>
<Loc EndOffset="1894" SrcFileId="2" StartOffset="1827"/>
</LocList>
<StmntSeq Intrnl_Id="186">
<LocList>
<Loc EndOffset="1890" SrcFileId="2" StartOffset="1870"/>
</LocList>
<BasicStmnt CovItemId="S21" CovItemPrefix="devops.hw1.core.Board.java" Intrnl_Id="187">
<LocList>
<Loc EndOffset="1890" SrcFileId="2" StartOffset="1870"/>
</LocList>
</BasicStmnt>
</StmntSeq>
</HierarchyLvl>
<HierarchyLvl HierarchyLvlId="414" HierarchyLvlTypeId="10" Intrnl_Id="188" Name="getCultist">
<Header>
<Loc EndOffset="1977" SrcFileId="2" StartOffset="1952"/>
</Header>
<LocList>
<Loc EndOffset="2007" SrcFileId="2" StartOffset="1952"/>
</LocList>
<StmntSeq Intrnl_Id="189">
<LocList>
<Loc EndOffset="2003" SrcFileId="2" StartOffset="1983"/>
</LocList>
<BasicStmnt CovItemId="S22" CovItemPrefix="devops.hw1.core.Board.java" Intrnl_Id="190">
<LocList>
<Loc EndOffset="2003" SrcFileId="2" StartOffset="1983"/>
</LocList>
</BasicStmnt>
</StmntSeq>
</HierarchyLvl>
<HierarchyLvl HierarchyLvlId="415" HierarchyLvlTypeId="10" Intrnl_Id="191" Name="getHeavyInf">
<Header>
<Loc EndOffset="2098" SrcFileId="2" StartOffset="2072"/>
</Header>
<LocList>
<Loc EndOffset="2129" SrcFileId="2" StartOffset="2072"/>
</LocList>
<StmntSeq Intrnl_Id="192">
<LocList>
<Loc EndOffset="2125" SrcFileId="2" StartOffset="2104"/>
</LocList>
<BasicStmnt CovItemId="S23" CovItemPrefix="devops.hw1.core.Board.java" Intrnl_Id="193">
<LocList>
<Loc EndOffset="2125" SrcFileId="2" StartOffset="2104"/>
</LocList>
</BasicStmnt>
</StmntSeq>
</HierarchyLvl>
<HierarchyLvl HierarchyLvlId="416" HierarchyLvlTypeId="10" Intrnl_Id="194" Name="getMystic">
<Header>
<Loc EndOffset="2210" SrcFileId="2" StartOffset="2186"/>
</Header>
<LocList>
<Loc EndOffset="2239" SrcFileId="2" StartOffset="2186"/>
</LocList>
<StmntSeq Intrnl_Id="195">
<LocList>
<Loc EndOffset="2235" SrcFileId="2" StartOffset="2216"/>
</LocList>
<BasicStmnt CovItemId="S24" CovItemPrefix="devops.hw1.core.Board.java" Intrnl_Id="196">
<LocList>
<Loc EndOffset="2235" SrcFileId="2" StartOffset="2216"/>
</LocList>
</BasicStmnt>
</StmntSeq>
</HierarchyLvl>
<HierarchyLvl HierarchyLvlId="417" HierarchyLvlTypeId="10" Intrnl_Id="197" Name="centerDeckToField">
<Header>
<Loc EndOffset="2535" SrcFileId="2" StartOffset="2495"/>
</Header>
<LocList>
<Loc EndOffset="2612" SrcFileId="2" StartOffset="2495"/>
</LocList>
<StmntSeq Intrnl_Id="198">
<LocList>
<Loc EndOffset="2576" SrcFileId="2" StartOffset="2541"/>
<Loc EndOffset="2608" SrcFileId="2" StartOffset="2580"/>
</LocList>
<BasicStmnt CovItemId="S25" CovItemPrefix="devops.hw1.core.Board.java" Intrnl_Id="199">
<LocList>
<Loc EndOffset="2576" SrcFileId="2" StartOffset="2541"/>
</LocList>
</BasicStmnt>
<BasicStmnt CovItemId="S26" CovItemPrefix="devops.hw1.core.Board.java" Intrnl_Id="200">
<LocList>
<Loc EndOffset="2608" SrcFileId="2" StartOffset="2580"/>
</LocList>
</BasicStmnt>
</StmntSeq>
</HierarchyLvl>
<HierarchyLvl HierarchyLvlId="418" HierarchyLvlTypeId="10" Intrnl_Id="201" Name="getCenField">
<Header>
<Loc EndOffset="2723" SrcFileId="2" StartOffset="2695"/>
</Header>
<LocList>
<Loc EndOffset="2754" SrcFileId="2" StartOffset="2695"/>
</LocList>
<StmntSeq Intrnl_Id="202">
<LocList>
<Loc EndOffset="2750" SrcFileId="2" StartOffset="2729"/>
</LocList>
<BasicStmnt CovItemId="S27" CovItemPrefix="devops.hw1.core.Board.java" Intrnl_Id="203">
<LocList>
<Loc EndOffset="2750" SrcFileId="2" StartOffset="2729"/>
</LocList>
</BasicStmnt>
</StmntSeq>
</HierarchyLvl>
</HierarchyLvl>
<HierarchyLvl HierarchyLvlId="421" HierarchyLvlTypeId="11" Intrnl_Id="204" Name="CardCollection">
<Header>
<Loc EndOffset="330" SrcFileId="3" StartOffset="303"/>
</Header>
<LocList>
<Loc EndOffset="20207" SrcFileId="3" StartOffset="303"/>
</LocList>
<StmntSeq Intrnl_Id="205">
<LocList>
<Loc EndOffset="2304" SrcFileId="3" StartOffset="2261"/>
<Loc EndOffset="2350" SrcFileId="3" StartOffset="2307"/>
<Loc EndOffset="2394" SrcFileId="3" StartOffset="2353"/>
<Loc EndOffset="2440" SrcFileId="3" StartOffset="2397"/>
<Loc EndOffset="2488" SrcFileId="3" StartOffset="2443"/>
</LocList>
<BasicStmnt CovItemId="S1" CovItemPrefix="devops.hw1.core.CardCollection.java" Intrnl_Id="206">
<LocList>
<Loc EndOffset="2304" SrcFileId="3" StartOffset="2261"/>
</LocList>
</BasicStmnt>
<BasicStmnt CovItemId="S2" CovItemPrefix="devops.hw1.core.CardCollection.java" Intrnl_Id="207">
<LocList>
<Loc EndOffset="2350" SrcFileId="3" StartOffset="2307"/>
</LocList>
</BasicStmnt>
<BasicStmnt CovItemId="S3" CovItemPrefix="devops.hw1.core.CardCollection.java" Intrnl_Id="208">
<LocList>
<Loc EndOffset="2394" SrcFileId="3" StartOffset="2353"/>
</LocList>
</BasicStmnt>
<BasicStmnt CovItemId="S4" CovItemPrefix="devops.hw1.core.CardCollection.java" Intrnl_Id="209">
<LocList>
<Loc EndOffset="2440" SrcFileId="3" StartOffset="2397"/>
</LocList>
</BasicStmnt>
<BasicStmnt CovItemId="S5" CovItemPrefix="devops.hw1.core.CardCollection.java" Intrnl_Id="210">
<LocList>
<Loc EndOffset="2488" SrcFileId="3" StartOffset="2443"/>
</LocList>
</BasicStmnt>
</StmntSeq>
<HierarchyLvl HierarchyLvlId="420" HierarchyLvlTypeId="10" Intrnl_Id="211" Name="CardCollection">
<Header>
<Loc EndOffset="2671" SrcFileId="3" StartOffset="2629"/>
</Header>
<LocList>
<Loc EndOffset="20202" SrcFileId="3" StartOffset="2629"/>
</LocList>
<StmntSeq Intrnl_Id="212">
<LocList>
<Loc EndOffset="2739" SrcFileId="3" StartOffset="2677"/>
<Loc EndOffset="2806" SrcFileId="3" StartOffset="2743"/>
<Loc EndOffset="2873" SrcFileId="3" StartOffset="2810"/>
<Loc EndOffset="2940" SrcFileId="3" StartOffset="2877"/>
<Loc EndOffset="3007" SrcFileId="3" StartOffset="2944"/>
<Loc EndOffset="3074" SrcFileId="3" StartOffset="3011"/>
<Loc EndOffset="3141" SrcFileId="3" StartOffset="3078"/>
<Loc EndOffset="3208" SrcFileId="3" StartOffset="3145"/>
<Loc EndOffset="3275" SrcFileId="3" StartOffset="3212"/>
<Loc EndOffset="3342" SrcFileId="3" StartOffset="3279"/>
<Loc EndOffset="3410" SrcFileId="3" StartOffset="3346"/>
<Loc EndOffset="3478" SrcFileId="3" StartOffset="3414"/>
<Loc EndOffset="3546" SrcFileId="3" StartOffset="3482"/>
<Loc EndOffset="3614" SrcFileId="3" StartOffset="3550"/>
<Loc EndOffset="3682" SrcFileId="3" StartOffset="3618"/>
<Loc EndOffset="3750" SrcFileId="3" StartOffset="3686"/>
<Loc EndOffset="3818" SrcFileId="3" StartOffset="3754"/>
<Loc EndOffset="3886" SrcFileId="3" StartOffset="3822"/>
<Loc EndOffset="3954" SrcFileId="3" StartOffset="3890"/>
<Loc EndOffset="4022" SrcFileId="3" StartOffset="3958"/>
<Loc EndOffset="4090" SrcFileId="3" StartOffset="4026"/>
<Loc EndOffset="4158" SrcFileId="3" StartOffset="4094"/>
<Loc EndOffset="4226" SrcFileId="3" StartOffset="4162"/>
<Loc EndOffset="4294" SrcFileId="3" StartOffset="4230"/>
<Loc EndOffset="4362" SrcFileId="3" StartOffset="4298"/>
<Loc EndOffset="4430" SrcFileId="3" StartOffset="4366"/>
<Loc EndOffset="4498" SrcFileId="3" StartOffset="4434"/>
<Loc EndOffset="4566" SrcFileId="3" StartOffset="4502"/>
<Loc EndOffset="4634" SrcFileId="3" StartOffset="4570"/>
<Loc EndOffset="4702" SrcFileId="3" StartOffset="4638"/>
<Loc EndOffset="4770" SrcFileId="3" StartOffset="4706"/>
<Loc EndOffset="4838" SrcFileId="3" StartOffset="4774"/>
<Loc EndOffset="4906" SrcFileId="3" StartOffset="4842"/>
<Loc EndOffset="4974" SrcFileId="3" StartOffset="4910"/>
<Loc EndOffset="5042" SrcFileId="3" StartOffset="4978"/>
<Loc EndOffset="5110" SrcFileId="3" StartOffset="5046"/>
<Loc EndOffset="5178" SrcFileId="3" StartOffset="5114"/>
<Loc EndOffset="5246" SrcFileId="3" StartOffset="5182"/>
<Loc EndOffset="5314" SrcFileId="3" StartOffset="5250"/>
<Loc EndOffset="5382" SrcFileId="3" StartOffset="5318"/>
<Loc EndOffset="5450" SrcFileId="3" StartOffset="5386"/>
<Loc EndOffset="5518" SrcFileId="3" StartOffset="5454"/>
<Loc EndOffset="5586" SrcFileId="3" StartOffset="5522"/>
<Loc EndOffset="5654" SrcFileId="3" StartOffset="5590"/>
<Loc EndOffset="5722" SrcFileId="3" StartOffset="5658"/>
<Loc EndOffset="5790" SrcFileId="3" StartOffset="5726"/>
<Loc EndOffset="5858" SrcFileId="3" StartOffset="5794"/>
<Loc EndOffset="5926" SrcFileId="3" StartOffset="5862"/>
<Loc EndOffset="5994" SrcFileId="3" StartOffset="5930"/>
<Loc EndOffset="6062" SrcFileId="3" StartOffset="5998"/>
<Loc EndOffset="6095" SrcFileId="3" StartOffset="6068"/>
<Loc EndOffset="6170" SrcFileId="3" StartOffset="6101"/>
<Loc EndOffset="6194" SrcFileId="3" StartOffset="6176"/>
<Loc EndOffset="6283" SrcFileId="3" StartOffset="6198"/>
<Loc EndOffset="6356" SrcFileId="3" StartOffset="6289"/>
<Loc EndOffset="6381" SrcFileId="3" StartOffset="6362"/>
<Loc EndOffset="6465" SrcFileId="3" StartOffset="6385"/>
<Loc EndOffset="6541" SrcFileId="3" StartOffset="6471"/>
<Loc EndOffset="6565" SrcFileId="3" StartOffset="6547"/>
<Loc EndOffset="6666" SrcFileId="3" StartOffset="6569"/>
<Loc EndOffset="6741" SrcFileId="3" StartOffset="6672"/>
<Loc EndOffset="6766" SrcFileId="3" StartOffset="6747"/>
<Loc EndOffset="6858" SrcFileId="3" StartOffset="6770"/>
<Loc EndOffset="6932" SrcFileId="3" StartOffset="6864"/>
<Loc EndOffset="6957" SrcFileId="3" StartOffset="6938"/>
<Loc EndOffset="6979" SrcFileId="3" StartOffset="6961"/>
<Loc EndOffset="7074" SrcFileId="3" StartOffset="6983"/>
<Loc EndOffset="7150" SrcFileId="3" StartOffset="7080"/>
<Loc EndOffset="7175" SrcFileId="3" StartOffset="7156"/>
<Loc EndOffset="7197" SrcFileId="3" StartOffset="7179"/>
<Loc EndOffset="7297" SrcFileId="3" StartOffset="7201"/>
<Loc EndOffset="7392" SrcFileId="3" StartOffset="7303"/>
<Loc EndOffset="7416" SrcFileId="3" StartOffset="7398"/>
<Loc EndOffset="7545" SrcFileId="3" StartOffset="7420"/>
<Loc EndOffset="7636" SrcFileId="3" StartOffset="7551"/>
<Loc EndOffset="7661" SrcFileId="3" StartOffset="7642"/>
<Loc EndOffset="7771" SrcFileId="3" StartOffset="7665"/>
<Loc EndOffset="7864" SrcFileId="3" StartOffset="7777"/>
<Loc EndOffset="7955" SrcFileId="3" StartOffset="7935"/>
<Loc EndOffset="7977" SrcFileId="3" StartOffset="7959"/>
<Loc EndOffset="8091" SrcFileId="3" StartOffset="7981"/>
<Loc EndOffset="8166" SrcFileId="3" StartOffset="8097"/>
<Loc EndOffset="8339" SrcFileId="3" StartOffset="8244"/>
<Loc EndOffset="8414" SrcFileId="3" StartOffset="8345"/>
<Loc EndOffset="8512" SrcFileId="3" StartOffset="8492"/>
<Loc EndOffset="8608" SrcFileId="3" StartOffset="8516"/>
<Loc EndOffset="8699" SrcFileId="3" StartOffset="8614"/>
<Loc EndOffset="8816" SrcFileId="3" StartOffset="8796"/>
<Loc EndOffset="8929" SrcFileId="3" StartOffset="8820"/>
<Loc EndOffset="9018" SrcFileId="3" StartOffset="8935"/>
<Loc EndOffset="9226" SrcFileId="3" StartOffset="9122"/>
<Loc EndOffset="9316" SrcFileId="3" StartOffset="9232"/>
<Loc EndOffset="9501" SrcFileId="3" StartOffset="9390"/>
<Loc EndOffset="9587" SrcFileId="3" StartOffset="9507"/>
<Loc EndOffset="9703" SrcFileId="3" StartOffset="9683"/>
<Loc EndOffset="9808" SrcFileId="3" StartOffset="9707"/>
<Loc EndOffset="9903" SrcFileId="3" StartOffset="9814"/>
<Loc EndOffset="10132" SrcFileId="3" StartOffset="10008"/>
<Loc EndOffset="10209" SrcFileId="3" StartOffset="10138"/>
<Loc EndOffset="10234" SrcFileId="3" StartOffset="10215"/>
<Loc EndOffset="10258" SrcFileId="3" StartOffset="10238"/>
<Loc EndOffset="10357" SrcFileId="3" StartOffset="10262"/>
<Loc EndOffset="10443" SrcFileId="3" StartOffset="10363"/>
<Loc EndOffset="10621" SrcFileId="3" StartOffset="10522"/>
<Loc EndOffset="10712" SrcFileId="3" StartOffset="10627"/>
<Loc EndOffset="10916" SrcFileId="3" StartOffset="10808"/>
<Loc EndOffset="11004" SrcFileId="3" StartOffset="10922"/>
<Loc EndOffset="11116" SrcFileId="3" StartOffset="11096"/>
<Loc EndOffset="11226" SrcFileId="3" StartOffset="11120"/>
<Loc EndOffset="11299" SrcFileId="3" StartOffset="11232"/>
<Loc EndOffset="11325" SrcFileId="3" StartOffset="11305"/>
<Loc EndOffset="11420" SrcFileId="3" StartOffset="11329"/>
<Loc EndOffset="11507" SrcFileId="3" StartOffset="11426"/>
<Loc EndOffset="11533" SrcFileId="3" StartOffset="11513"/>
<Loc EndOffset="11557" SrcFileId="3" StartOffset="11537"/>
<Loc EndOffset="11667" SrcFileId="3" StartOffset="11561"/>
<Loc EndOffset="11744" SrcFileId="3" StartOffset="11673"/>
<Loc EndOffset="11769" SrcFileId="3" StartOffset="11750"/>
<Loc EndOffset="11873" SrcFileId="3" StartOffset="11773"/>
<Loc EndOffset="11958" SrcFileId="3" StartOffset="11879"/>
<Loc EndOffset="12117" SrcFileId="3" StartOffset="12017"/>
<Loc EndOffset="12188" SrcFileId="3" StartOffset="12123"/>
<Loc EndOffset="12277" SrcFileId="3" StartOffset="12256"/>
<Loc EndOffset="12301" SrcFileId="3" StartOffset="12281"/>
<Loc EndOffset="12389" SrcFileId="3" StartOffset="12305"/>
<Loc EndOffset="12479" SrcFileId="3" StartOffset="12395"/>
<Loc EndOffset="12590" SrcFileId="3" StartOffset="12569"/>
<Loc EndOffset="12614" SrcFileId="3" StartOffset="12594"/>
<Loc EndOffset="12726" SrcFileId="3" StartOffset="12618"/>
<Loc EndOffset="12801" SrcFileId="3" StartOffset="12732"/>
<Loc EndOffset="12827" SrcFileId="3" StartOffset="12807"/>
<Loc EndOffset="12918" SrcFileId="3" StartOffset="12831"/>
<Loc EndOffset="13005" SrcFileId="3" StartOffset="12924"/>
<Loc EndOffset="13190" SrcFileId="3" StartOffset="13083"/>
<Loc EndOffset="13265" SrcFileId="3" StartOffset="13196"/>
<Loc EndOffset="13367" SrcFileId="3" StartOffset="13347"/>
<Loc EndOffset="13463" SrcFileId="3" StartOffset="13371"/>
<Loc EndOffset="13555" SrcFileId="3" StartOffset="13469"/>
<Loc EndOffset="13766" SrcFileId="3" StartOffset="13657"/>
<Loc EndOffset="13852" SrcFileId="3" StartOffset="13772"/>
<Loc EndOffset="13967" SrcFileId="3" StartOffset="13947"/>
<Loc EndOffset="14075" SrcFileId="3" StartOffset="13971"/>
<Loc EndOffset="14163" SrcFileId="3" StartOffset="14081"/>
<Loc EndOffset="14189" SrcFileId="3" StartOffset="14169"/>
<Loc EndOffset="14213" SrcFileId="3" StartOffset="14193"/>
<Loc EndOffset="14323" SrcFileId="3" StartOffset="14217"/>
<Loc EndOffset="14402" SrcFileId="3" StartOffset="14333"/>
<Loc EndOffset="14516" SrcFileId="3" StartOffset="14496"/>
<Loc EndOffset="14611" SrcFileId="3" StartOffset="14520"/>
<Loc EndOffset="14703" SrcFileId="3" StartOffset="14617"/>
<Loc EndOffset="14796" SrcFileId="3" StartOffset="14775"/>
<Loc EndOffset="14819" SrcFileId="3" StartOffset="14800"/>
<Loc EndOffset="14938" SrcFileId="3" StartOffset="14823"/>
<Loc EndOffset="15031" SrcFileId="3" StartOffset="14944"/>
<Loc EndOffset="15122" SrcFileId="3" StartOffset="15101"/>
<Loc EndOffset="15146" SrcFileId="3" StartOffset="15126"/>
<Loc EndOffset="15260" SrcFileId="3" StartOffset="15150"/>
<Loc EndOffset="15338" SrcFileId="3" StartOffset="15266"/>
<Loc EndOffset="15496" SrcFileId="3" StartOffset="15404"/>
<Loc EndOffset="15573" SrcFileId="3" StartOffset="15502"/>
<Loc EndOffset="15714" SrcFileId="3" StartOffset="15694"/>
<Loc EndOffset="15814" SrcFileId="3" StartOffset="15718"/>
<Loc EndOffset="15888" SrcFileId="3" StartOffset="15820"/>
<Loc EndOffset="15914" SrcFileId="3" StartOffset="15894"/>
<Loc EndOffset="15937" SrcFileId="3" StartOffset="15918"/>
<Loc EndOffset="16028" SrcFileId="3" StartOffset="15941"/>
<Loc EndOffset="16121" SrcFileId="3" StartOffset="16034"/>
<Loc EndOffset="16330" SrcFileId="3" StartOffset="16214"/>
<Loc EndOffset="16415" SrcFileId="3" StartOffset="16336"/>
<Loc EndOffset="16586" SrcFileId="3" StartOffset="16482"/>
<Loc EndOffset="16677" SrcFileId="3" StartOffset="16592"/>
<Loc EndOffset="16858" SrcFileId="3" StartOffset="16747"/>
<Loc EndOffset="16947" SrcFileId="3" StartOffset="16864"/>
<Loc EndOffset="17130" SrcFileId="3" StartOffset="17026"/>
<Loc EndOffset="17215" SrcFileId="3" StartOffset="17136"/>
<Loc EndOffset="17241" SrcFileId="3" StartOffset="17221"/>
<Loc EndOffset="17264" SrcFileId="3" StartOffset="17245"/>
<Loc EndOffset="17367" SrcFileId="3" StartOffset="17268"/>
<Loc EndOffset="17444" SrcFileId="3" StartOffset="17373"/>
<Loc EndOffset="17623" SrcFileId="3" StartOffset="17523"/>
<Loc EndOffset="17699" SrcFileId="3" StartOffset="17629"/>
<Loc EndOffset="17798" SrcFileId="3" StartOffset="17777"/>
<Loc EndOffset="17822" SrcFileId="3" StartOffset="17802"/>
<Loc EndOffset="17917" SrcFileId="3" StartOffset="17826"/>
<Loc EndOffset="18002" SrcFileId="3" StartOffset="17923"/>
<Loc EndOffset="18221" SrcFileId="3" StartOffset="18126"/>
<Loc EndOffset="18311" SrcFileId="3" StartOffset="18227"/>
<Loc EndOffset="18516" SrcFileId="3" StartOffset="18408"/>
<Loc EndOffset="18592" SrcFileId="3" StartOffset="18522"/>
<Loc EndOffset="18618" SrcFileId="3" StartOffset="18598"/>
<Loc EndOffset="18642" SrcFileId="3" StartOffset="18622"/>
<Loc EndOffset="18739" SrcFileId="3" StartOffset="18646"/>
<Loc EndOffset="18828" SrcFileId="3" StartOffset="18745"/>
<Loc EndOffset="19037" SrcFileId="3" StartOffset="18931"/>
<Loc EndOffset="19125" SrcFileId="3" StartOffset="19043"/>
<Loc EndOffset="19334" SrcFileId="3" StartOffset="19229"/>
<Loc EndOffset="20198" SrcFileId="3" StartOffset="19340"/>
</LocList>
<BasicStmnt CovItemId="S6" CovItemPrefix="devops.hw1.core.CardCollection.java" Intrnl_Id="213">
<LocList>
<Loc EndOffset="2739" SrcFileId="3" StartOffset="2677"/>
</LocList>
</BasicStmnt>
<BasicStmnt CovItemId="S7" CovItemPrefix="devops.hw1.core.CardCollection.java" Intrnl_Id="214">
<LocList>
<Loc EndOffset="2806" SrcFileId="3" StartOffset="2743"/>
</LocList>
</BasicStmnt>
<BasicStmnt CovItemId="S8" CovItemPrefix="devops.hw1.core.CardCollection.java" Intrnl_Id="215">
<LocList>
<Loc EndOffset="2873" SrcFileId="3" StartOffset="2810"/>
</LocList>
</BasicStmnt>
<BasicStmnt CovItemId="S9" CovItemPrefix="devops.hw1.core.CardCollection.java" Intrnl_Id="216">
<LocList>
<Loc EndOffset="2940" SrcFileId="3" StartOffset="2877"/>
</LocList>
</BasicStmnt>
<BasicStmnt CovItemId="S10" CovItemPrefix="devops.hw1.core.CardCollection.java" Intrnl_Id="217">
<LocList>
<Loc EndOffset="3007" SrcFileId="3" StartOffset="2944"/>
</LocList>
</BasicStmnt>
<BasicStmnt CovItemId="S11" CovItemPrefix="devops.hw1.core.CardCollection.java" Intrnl_Id="218">
<LocList>
<Loc EndOffset="3074" SrcFileId="3" StartOffset="3011"/>
</LocList>
</BasicStmnt>
<BasicStmnt CovItemId="S12" CovItemPrefix="devops.hw1.core.CardCollection.java" Intrnl_Id="219">
<LocList>
<Loc EndOffset="3141" SrcFileId="3" StartOffset="3078"/>
</LocList>
</BasicStmnt>
<BasicStmnt CovItemId="S13" CovItemPrefix="devops.hw1.core.CardCollection.java" Intrnl_Id="220">
<LocList>
<Loc EndOffset="3208" SrcFileId="3" StartOffset="3145"/>
</LocList>
</BasicStmnt>
<BasicStmnt CovItemId="S14" CovItemPrefix="devops.hw1.core.CardCollection.java" Intrnl_Id="221">
<LocList>
<Loc EndOffset="3275" SrcFileId="3" StartOffset="3212"/>
</LocList>
</BasicStmnt>
<BasicStmnt CovItemId="S15" CovItemPrefix="devops.hw1.core.CardCollection.java" Intrnl_Id="222">
<LocList>
<Loc EndOffset="3342" SrcFileId="3" StartOffset="3279"/>
</LocList>
</BasicStmnt>
<BasicStmnt CovItemId="S16" CovItemPrefix="devops.hw1.core.CardCollection.java" Intrnl_Id="223">
<LocList>
<Loc EndOffset="3410" SrcFileId="3" StartOffset="3346"/>
</LocList>
</BasicStmnt>
<BasicStmnt CovItemId="S17" CovItemPrefix="devops.hw1.core.CardCollection.java" Intrnl_Id="224">
<LocList>
<Loc EndOffset="3478" SrcFileId="3" StartOffset="3414"/>
</LocList>
</BasicStmnt>
<BasicStmnt CovItemId="S18" CovItemPrefix="devops.hw1.core.CardCollection.java" Intrnl_Id="225">
<LocList>
<Loc EndOffset="3546" SrcFileId="3" StartOffset="3482"/>
</LocList>
</BasicStmnt>
<BasicStmnt CovItemId="S19" CovItemPrefix="devops.hw1.core.CardCollection.java" Intrnl_Id="226">
<LocList>
<Loc EndOffset="3614" SrcFileId="3" StartOffset="3550"/>
</LocList>
</BasicStmnt>
<BasicStmnt CovItemId="S20" CovItemPrefix="devops.hw1.core.CardCollection.java" Intrnl_Id="227">
<LocList>
<Loc EndOffset="3682" SrcFileId="3" StartOffset="3618"/>
</LocList>
</BasicStmnt>
<BasicStmnt CovItemId="S21" CovItemPrefix="devops.hw1.core.CardCollection.java" Intrnl_Id="228">
<LocList>
<Loc EndOffset="3750" SrcFileId="3" StartOffset="3686"/>
</LocList>
</BasicStmnt>
<BasicStmnt CovItemId="S22" CovItemPrefix="devops.hw1.core.CardCollection.java" Intrnl_Id="229">
<LocList>
<Loc EndOffset="3818" SrcFileId="3" StartOffset="3754"/>
</LocList>
</BasicStmnt>
<BasicStmnt CovItemId="S23" CovItemPrefix="devops.hw1.core.CardCollection.java" Intrnl_Id="230">
<LocList>
<Loc EndOffset="3886" SrcFileId="3" StartOffset="3822"/>
</LocList>
</BasicStmnt>
<BasicStmnt CovItemId="S24" CovItemPrefix="devops.hw1.core.CardCollection.java" Intrnl_Id="231">
<LocList>
<Loc EndOffset="3954" SrcFileId="3" StartOffset="3890"/>
</LocList>
</BasicStmnt>
<BasicStmnt CovItemId="S25" CovItemPrefix="devops.hw1.core.CardCollection.java" Intrnl_Id="232">
<LocList>
<Loc EndOffset="4022" SrcFileId="3" StartOffset="3958"/>
</LocList>
</BasicStmnt>
<BasicStmnt CovItemId="S26" CovItemPrefix="devops.hw1.core.CardCollection.java" Intrnl_Id="233">
<LocList>
<Loc EndOffset="4090" SrcFileId="3" StartOffset="4026"/>
</LocList>
</BasicStmnt>
<BasicStmnt CovItemId="S27" CovItemPrefix="devops.hw1.core.CardCollection.java" Intrnl_Id="234">
<LocList>
<Loc EndOffset="4158" SrcFileId="3" StartOffset="4094"/>
</LocList>
</BasicStmnt>
<BasicStmnt CovItemId="S28" CovItemPrefix="devops.hw1.core.CardCollection.java" Intrnl_Id="235">
<LocList>
<Loc EndOffset="4226" SrcFileId="3" StartOffset="4162"/>
</LocList>
</BasicStmnt>
<BasicStmnt CovItemId="S29" CovItemPrefix="devops.hw1.core.CardCollection.java" Intrnl_Id="236">
<LocList>
<Loc EndOffset="4294" SrcFileId="3" StartOffset="4230"/>
</LocList>
</BasicStmnt>
<BasicStmnt CovItemId="S30" CovItemPrefix="devops.hw1.core.CardCollection.java" Intrnl_Id="237">
<LocList>
<Loc EndOffset="4362" SrcFileId="3" StartOffset="4298"/>
</LocList>
</BasicStmnt>
<BasicStmnt CovItemId="S31" CovItemPrefix="devops.hw1.core.CardCollection.java" Intrnl_Id="238">
<LocList>
<Loc EndOffset="4430" SrcFileId="3" StartOffset="4366"/>
</LocList>
</BasicStmnt>
<BasicStmnt CovItemId="S32" CovItemPrefix="devops.hw1.core.CardCollection.java" Intrnl_Id="239">
<LocList>
<Loc EndOffset="4498" SrcFileId="3" StartOffset="4434"/>
</LocList>
</BasicStmnt>
<BasicStmnt CovItemId="S33" CovItemPrefix="devops.hw1.core.CardCollection.java" Intrnl_Id="240">
<LocList>
<Loc EndOffset="4566" SrcFileId="3" StartOffset="4502"/>
</LocList>
</BasicStmnt>
<BasicStmnt CovItemId="S34" CovItemPrefix="devops.hw1.core.CardCollection.java" Intrnl_Id="241">
<LocList>
<Loc EndOffset="4634" SrcFileId="3" StartOffset="4570"/>
</LocList>
</BasicStmnt>
<BasicStmnt CovItemId="S35" CovItemPrefix="devops.hw1.core.CardCollection.java" Intrnl_Id="242">
<LocList>
<Loc EndOffset="4702" SrcFileId="3" StartOffset="4638"/>
</LocList>
</BasicStmnt>
<BasicStmnt CovItemId="S36" CovItemPrefix="devops.hw1.core.CardCollection.java" Intrnl_Id="243">
<LocList>
<Loc EndOffset="4770" SrcFileId="3" StartOffset="4706"/>
</LocList>
</BasicStmnt>
<BasicStmnt CovItemId="S37" CovItemPrefix="devops.hw1.core.CardCollection.java" Intrnl_Id="244">
<LocList>
<Loc EndOffset="4838" SrcFileId="3" StartOffset="4774"/>
</LocList>
</BasicStmnt>
<BasicStmnt CovItemId="S38" CovItemPrefix="devops.hw1.core.CardCollection.java" Intrnl_Id="245">
<LocList>
<Loc EndOffset="4906" SrcFileId="3" StartOffset="4842"/>
</LocList>
</BasicStmnt>
<BasicStmnt CovItemId="S39" CovItemPrefix="devops.hw1.core.CardCollection.java" Intrnl_Id="246">
<LocList>
<Loc EndOffset="4974" SrcFileId="3" StartOffset="4910"/>
</LocList>
</BasicStmnt>
<BasicStmnt CovItemId="S40" CovItemPrefix="devops.hw1.core.CardCollection.java" Intrnl_Id="247">
<LocList>
<Loc EndOffset="5042" SrcFileId="3" StartOffset="4978"/>
</LocList>
</BasicStmnt>
<BasicStmnt CovItemId="S41" CovItemPrefix="devops.hw1.core.CardCollection.java" Intrnl_Id="248">
<LocList>
<Loc EndOffset="5110" SrcFileId="3" StartOffset="5046"/>
</LocList>
</BasicStmnt>
<BasicStmnt CovItemId="S42" CovItemPrefix="devops.hw1.core.CardCollection.java" Intrnl_Id="249">
<LocList>
<Loc EndOffset="5178" SrcFileId="3" StartOffset="5114"/>
</LocList>
</BasicStmnt>
<BasicStmnt CovItemId="S43" CovItemPrefix="devops.hw1.core.CardCollection.java" Intrnl_Id="250">
<LocList>
<Loc EndOffset="5246" SrcFileId="3" StartOffset="5182"/>
</LocList>
</BasicStmnt>
<BasicStmnt CovItemId="S44" CovItemPrefix="devops.hw1.core.CardCollection.java" Intrnl_Id="251">
<LocList>
<Loc EndOffset="5314" SrcFileId="3" StartOffset="5250"/>
</LocList>
</BasicStmnt>
<BasicStmnt CovItemId="S45" CovItemPrefix="devops.hw1.core.CardCollection.java" Intrnl_Id="252">
<LocList>
<Loc EndOffset="5382" SrcFileId="3" StartOffset="5318"/>
</LocList>
</BasicStmnt>
<BasicStmnt CovItemId="S46" CovItemPrefix="devops.hw1.core.CardCollection.java" Intrnl_Id="253">
<LocList>
<Loc EndOffset="5450" SrcFileId="3" StartOffset="5386"/>
</LocList>
</BasicStmnt>
<BasicStmnt CovItemId="S47" CovItemPrefix="devops.hw1.core.CardCollection.java" Intrnl_Id="254">
<LocList>
<Loc EndOffset="5518" SrcFileId="3" StartOffset="5454"/>
</LocList>
</BasicStmnt>
<BasicStmnt CovItemId="S48" CovItemPrefix="devops.hw1.core.CardCollection.java" Intrnl_Id="255">
<LocList>
<Loc EndOffset="5586" SrcFileId="3" StartOffset="5522"/>
</LocList>
</BasicStmnt>
<BasicStmnt CovItemId="S49" CovItemPrefix="devops.hw1.core.CardCollection.java" Intrnl_Id="256">
<LocList>
<Loc EndOffset="5654" SrcFileId="3" StartOffset="5590"/>
</LocList>
</BasicStmnt>
<BasicStmnt CovItemId="S50" CovItemPrefix="devops.hw1.core.CardCollection.java" Intrnl_Id="257">
<LocList>
<Loc EndOffset="5722" SrcFileId="3" StartOffset="5658"/>
</LocList>
</BasicStmnt>
<BasicStmnt CovItemId="S51" CovItemPrefix="devops.hw1.core.CardCollection.java" Intrnl_Id="258">
<LocList>
<Loc EndOffset="5790" SrcFileId="3" StartOffset="5726"/>
</LocList>
</BasicStmnt>
<BasicStmnt CovItemId="S52" CovItemPrefix="devops.hw1.core.CardCollection.java" Intrnl_Id="259">
<LocList>
<Loc EndOffset="5858" SrcFileId="3" StartOffset="5794"/>
</LocList>
</BasicStmnt>
<BasicStmnt CovItemId="S53" CovItemPrefix="devops.hw1.core.CardCollection.java" Intrnl_Id="260">
<LocList>
<Loc EndOffset="5926" SrcFileId="3" StartOffset="5862"/>
</LocList>
</BasicStmnt>
<BasicStmnt CovItemId="S54" CovItemPrefix="devops.hw1.core.CardCollection.java" Intrnl_Id="261">
<LocList>
<Loc EndOffset="5994" SrcFileId="3" StartOffset="5930"/>
</LocList>
</BasicStmnt>
<BasicStmnt CovItemId="S55" CovItemPrefix="devops.hw1.core.CardCollection.java" Intrnl_Id="262">
<LocList>
<Loc EndOffset="6062" SrcFileId="3" StartOffset="5998"/>
</LocList>
</BasicStmnt>
<BasicStmnt CovItemId="S56" CovItemPrefix="devops.hw1.core.CardCollection.java" Intrnl_Id="263">
<LocList>
<Loc EndOffset="6095" SrcFileId="3" StartOffset="6068"/>
</LocList>
</BasicStmnt>
<BasicStmnt CovItemId="S57" CovItemPrefix="devops.hw1.core.CardCollection.java" Intrnl_Id="264">
<LocList>
<Loc EndOffset="6170" SrcFileId="3" StartOffset="6101"/>
</LocList>
</BasicStmnt>
<BasicStmnt CovItemId="S58" CovItemPrefix="devops.hw1.core.CardCollection.java" Intrnl_Id="265">
<LocList>
<Loc EndOffset="6194" SrcFileId="3" StartOffset="6176"/>
</LocList>
</BasicStmnt>
<BasicStmnt CovItemId="S59" CovItemPrefix="devops.hw1.core.CardCollection.java" Intrnl_Id="266">
<LocList>
<Loc EndOffset="6283" SrcFileId="3" StartOffset="6198"/>
</LocList>
</BasicStmnt>
<BasicStmnt CovItemId="S60" CovItemPrefix="devops.hw1.core.CardCollection.java" Intrnl_Id="267">
<LocList>
<Loc EndOffset="6356" SrcFileId="3" StartOffset="6289"/>
</LocList>
</BasicStmnt>
<BasicStmnt CovItemId="S61" CovItemPrefix="devops.hw1.core.CardCollection.java" Intrnl_Id="268">
<LocList>
<Loc EndOffset="6381" SrcFileId="3" StartOffset="6362"/>
</LocList>
</BasicStmnt>
<BasicStmnt CovItemId="S62" CovItemPrefix="devops.hw1.core.CardCollection.java" Intrnl_Id="269">
<LocList>
<Loc EndOffset="6465" SrcFileId="3" StartOffset="6385"/>
</LocList>
</BasicStmnt>
<BasicStmnt CovItemId="S63" CovItemPrefix="devops.hw1.core.CardCollection.java" Intrnl_Id="270">
<LocList>
<Loc EndOffset="6541" SrcFileId="3" StartOffset="6471"/>
</LocList>
</BasicStmnt>
<BasicStmnt CovItemId="S64" CovItemPrefix="devops.hw1.core.CardCollection.java" Intrnl_Id="271">
<LocList>
<Loc EndOffset="6565" SrcFileId="3" StartOffset="6547"/>
</LocList>
</BasicStmnt>
<BasicStmnt CovItemId="S65" CovItemPrefix="devops.hw1.core.CardCollection.java" Intrnl_Id="272">
<LocList>
<Loc EndOffset="6666" SrcFileId="3" StartOffset="6569"/>
</LocList>
</BasicStmnt>
<BasicStmnt CovItemId="S66" CovItemPrefix="devops.hw1.core.CardCollection.java" Intrnl_Id="273">
<LocList>
<Loc EndOffset="6741" SrcFileId="3" StartOffset="6672"/>
</LocList>
</BasicStmnt>
<BasicStmnt CovItemId="S67" CovItemPrefix="devops.hw1.core.CardCollection.java" Intrnl_Id="274">
<LocList>
<Loc EndOffset="6766" SrcFileId="3" StartOffset="6747"/>
</LocList>
</BasicStmnt>
<BasicStmnt CovItemId="S68" CovItemPrefix="devops.hw1.core.CardCollection.java" Intrnl_Id="275">
<LocList>
<Loc EndOffset="6858" SrcFileId="3" StartOffset="6770"/>
</LocList>
</BasicStmnt>
<BasicStmnt CovItemId="S69" CovItemPrefix="devops.hw1.core.CardCollection.java" Intrnl_Id="276">
<LocList>
<Loc EndOffset="6932" SrcFileId="3" StartOffset="6864"/>
</LocList>
</BasicStmnt>
<BasicStmnt CovItemId="S70" CovItemPrefix="devops.hw1.core.CardCollection.java" Intrnl_Id="277">
<LocList>
<Loc EndOffset="6957" SrcFileId="3" StartOffset="6938"/>
</LocList>
</BasicStmnt>
<BasicStmnt CovItemId="S71" CovItemPrefix="devops.hw1.core.CardCollection.java" Intrnl_Id="278">
<LocList>
<Loc EndOffset="6979" SrcFileId="3" StartOffset="6961"/>
</LocList>
</BasicStmnt>
<BasicStmnt CovItemId="S72" CovItemPrefix="devops.hw1.core.CardCollection.java" Intrnl_Id="279">
<LocList>
<Loc EndOffset="7074" SrcFileId="3" StartOffset="6983"/>
</LocList>
</BasicStmnt>
<BasicStmnt CovItemId="S73" CovItemPrefix="devops.hw1.core.CardCollection.java" Intrnl_Id="280">
<LocList>
<Loc EndOffset="7150" SrcFileId="3" StartOffset="7080"/>
</LocList>
</BasicStmnt>
<BasicStmnt CovItemId="S74" CovItemPrefix="devops.hw1.core.CardCollection.java" Intrnl_Id="281">
<LocList>
<Loc EndOffset="7175" SrcFileId="3" StartOffset="7156"/>
</LocList>
</BasicStmnt>
<BasicStmnt CovItemId="S75" CovItemPrefix="devops.hw1.core.CardCollection.java" Intrnl_Id="282">
<LocList>
<Loc EndOffset="7197" SrcFileId="3" StartOffset="7179"/>
</LocList>
</BasicStmnt>
<BasicStmnt CovItemId="S76" CovItemPrefix="devops.hw1.core.CardCollection.java" Intrnl_Id="283">
<LocList>
<Loc EndOffset="7297" SrcFileId="3" StartOffset="7201"/>
</LocList>
</BasicStmnt>
<BasicStmnt CovItemId="S77" CovItemPrefix="devops.hw1.core.CardCollection.java" Intrnl_Id="284">
<LocList>
<Loc EndOffset="7392" SrcFileId="3" StartOffset="7303"/>
</LocList>
</BasicStmnt>
<BasicStmnt CovItemId="S78" CovItemPrefix="devops.hw1.core.CardCollection.java" Intrnl_Id="285">
<LocList>
<Loc EndOffset="7416" SrcFileId="3" StartOffset="7398"/>
</LocList>
</BasicStmnt>
<BasicStmnt CovItemId="S79" CovItemPrefix="devops.hw1.core.CardCollection.java" Intrnl_Id="286">
<LocList>
<Loc EndOffset="7545" SrcFileId="3" StartOffset="7420"/>
</LocList>
</BasicStmnt>
<BasicStmnt CovItemId="S80" CovItemPrefix="devops.hw1.core.CardCollection.java" Intrnl_Id="287">
<LocList>
<Loc EndOffset="7636" SrcFileId="3" StartOffset="7551"/>
</LocList>
</BasicStmnt>
<BasicStmnt CovItemId="S81" CovItemPrefix="devops.hw1.core.CardCollection.java" Intrnl_Id="288">
<LocList>
<Loc EndOffset="7661" SrcFileId="3" StartOffset="7642"/>
</LocList>
</BasicStmnt>
<BasicStmnt CovItemId="S82" CovItemPrefix="devops.hw1.core.CardCollection.java" Intrnl_Id="289">
<LocList>
<Loc EndOffset="7771" SrcFileId="3" StartOffset="7665"/>
</LocList>
</BasicStmnt>
<BasicStmnt CovItemId="S83" CovItemPrefix="devops.hw1.core.CardCollection.java" Intrnl_Id="290">
<LocList>
<Loc EndOffset="7864" SrcFileId="3" StartOffset="7777"/>
</LocList>
</BasicStmnt>
<BasicStmnt CovItemId="S84" CovItemPrefix="devops.hw1.core.CardCollection.java" Intrnl_Id="291">
<LocList>
<Loc EndOffset="7955" SrcFileId="3" StartOffset="7935"/>
</LocList>
</BasicStmnt>
<BasicStmnt CovItemId="S85" CovItemPrefix="devops.hw1.core.CardCollection.java" Intrnl_Id="292">
<LocList>
<Loc EndOffset="7977" SrcFileId="3" StartOffset="7959"/>
</LocList>
</BasicStmnt>
<BasicStmnt CovItemId="S86" CovItemPrefix="devops.hw1.core.CardCollection.java" Intrnl_Id="293">
<LocList>
<Loc EndOffset="8091" SrcFileId="3" StartOffset="7981"/>
</LocList>
</BasicStmnt>
<BasicStmnt CovItemId="S87" CovItemPrefix="devops.hw1.core.CardCollection.java" Intrnl_Id="294">
<LocList>
<Loc EndOffset="8166" SrcFileId="3" StartOffset="8097"/>
</LocList>
</BasicStmnt>
<BasicStmnt CovItemId="S88" CovItemPrefix="devops.hw1.core.CardCollection.java" Intrnl_Id="295">
<LocList>
<Loc EndOffset="8339" SrcFileId="3" StartOffset="8244"/>
</LocList>
</BasicStmnt>
<BasicStmnt CovItemId="S89" CovItemPrefix="devops.hw1.core.CardCollection.java" Intrnl_Id="296">
<LocList>
<Loc EndOffset="8414" SrcFileId="3" StartOffset="8345"/>
</LocList>
</BasicStmnt>
<BasicStmnt CovItemId="S90" CovItemPrefix="devops.hw1.core.CardCollection.java" Intrnl_Id="297">
<LocList>
<Loc EndOffset="8512" SrcFileId="3" StartOffset="8492"/>
</LocList>
</BasicStmnt>
<BasicStmnt CovItemId="S91" CovItemPrefix="devops.hw1.core.CardCollection.java" Intrnl_Id="298">
<LocList>
<Loc EndOffset="8608" SrcFileId="3" StartOffset="8516"/>
</LocList>
</BasicStmnt>
<BasicStmnt CovItemId="S92" CovItemPrefix="devops.hw1.core.CardCollection.java" Intrnl_Id="299">
<LocList>
<Loc EndOffset="8699" SrcFileId="3" StartOffset="8614"/>
</LocList>
</BasicStmnt>
<BasicStmnt CovItemId="S93" CovItemPrefix="devops.hw1.core.CardCollection.java" Intrnl_Id="300">
<LocList>
<Loc EndOffset="8816" SrcFileId="3" StartOffset="8796"/>
</LocList>
</BasicStmnt>
<BasicStmnt CovItemId="S94" CovItemPrefix="devops.hw1.core.CardCollection.java" Intrnl_Id="301">
<LocList>
<Loc EndOffset="8929" SrcFileId="3" StartOffset="8820"/>
</LocList>
</BasicStmnt>
<BasicStmnt CovItemId="S95" CovItemPrefix="devops.hw1.core.CardCollection.java" Intrnl_Id="302">
<LocList>
<Loc EndOffset="9018" SrcFileId="3" StartOffset="8935"/>
</LocList>
</BasicStmnt>
<BasicStmnt CovItemId="S96" CovItemPrefix="devops.hw1.core.CardCollection.java" Intrnl_Id="303">
<LocList>
<Loc EndOffset="9226" SrcFileId="3" StartOffset="9122"/>
</LocList>
</BasicStmnt>
<BasicStmnt CovItemId="S97" CovItemPrefix="devops.hw1.core.CardCollection.java" Intrnl_Id="304">
<LocList>
<Loc EndOffset="9316" SrcFileId="3" StartOffset="9232"/>
</LocList>
</BasicStmnt>
<BasicStmnt CovItemId="S98" CovItemPrefix="devops.hw1.core.CardCollection.java" Intrnl_Id="305">
<LocList>
<Loc EndOffset="9501" SrcFileId="3" StartOffset="9390"/>
</LocList>
</BasicStmnt>
<BasicStmnt CovItemId="S99" CovItemPrefix="devops.hw1.core.CardCollection.java" Intrnl_Id="306">
<LocList>
<Loc EndOffset="9587" SrcFileId="3" StartOffset="9507"/>
</LocList>
</BasicStmnt>
<BasicStmnt CovItemId="S100" CovItemPrefix="devops.hw1.core.CardCollection.java" Intrnl_Id="307">
<LocList>
<Loc EndOffset="9703" SrcFileId="3" StartOffset="9683"/>
</LocList>
</BasicStmnt>
<BasicStmnt CovItemId="S101" CovItemPrefix="devops.hw1.core.CardCollection.java" Intrnl_Id="308">
<LocList>
<Loc EndOffset="9808" SrcFileId="3" StartOffset="9707"/>
</LocList>
</BasicStmnt>
<BasicStmnt CovItemId="S102" CovItemPrefix="devops.hw1.core.CardCollection.java" Intrnl_Id="309">
<LocList>
<Loc EndOffset="9903" SrcFileId="3" StartOffset="9814"/>
</LocList>
</BasicStmnt>
<BasicStmnt CovItemId="S103" CovItemPrefix="devops.hw1.core.CardCollection.java" Intrnl_Id="310">
<LocList>
<Loc EndOffset="10132" SrcFileId="3" StartOffset="10008"/>
</LocList>
</BasicStmnt>
<BasicStmnt CovItemId="S104" CovItemPrefix="devops.hw1.core.CardCollection.java" Intrnl_Id="311">
<LocList>
<Loc EndOffset="10209" SrcFileId="3" StartOffset="10138"/>
</LocList>
</BasicStmnt>
<BasicStmnt CovItemId="S105" CovItemPrefix="devops.hw1.core.CardCollection.java" Intrnl_Id="312">
<LocList>
<Loc EndOffset="10234" SrcFileId="3" StartOffset="10215"/>
</LocList>
</BasicStmnt>
<BasicStmnt CovItemId="S106" CovItemPrefix="devops.hw1.core.CardCollection.java" Intrnl_Id="313">
<LocList>
<Loc EndOffset="10258" SrcFileId="3" StartOffset="10238"/>
</LocList>
</BasicStmnt>
<BasicStmnt CovItemId="S107" CovItemPrefix="devops.hw1.core.CardCollection.java" Intrnl_Id="314">
<LocList>
<Loc EndOffset="10357" SrcFileId="3" StartOffset="10262"/>
</LocList>
</BasicStmnt>
<BasicStmnt CovItemId="S108" CovItemPrefix="devops.hw1.core.CardCollection.java" Intrnl_Id="315">
<LocList>
<Loc EndOffset="10443" SrcFileId="3" StartOffset="10363"/>
</LocList>
</BasicStmnt>
<BasicStmnt CovItemId="S109" CovItemPrefix="devops.hw1.core.CardCollection.java" Intrnl_Id="316">
<LocList>
<Loc EndOffset="10621" SrcFileId="3" StartOffset="10522"/>
</LocList>
</BasicStmnt>
<BasicStmnt CovItemId="S110" CovItemPrefix="devops.hw1.core.CardCollection.java" Intrnl_Id="317">
<LocList>
<Loc EndOffset="10712" SrcFileId="3" StartOffset="10627"/>
</LocList>
</BasicStmnt>
<BasicStmnt CovItemId="S111" CovItemPrefix="devops.hw1.core.CardCollection.java" Intrnl_Id="318">
<LocList>
<Loc EndOffset="10916" SrcFileId="3" StartOffset="10808"/>
</LocList>
</BasicStmnt>
<BasicStmnt CovItemId="S112" CovItemPrefix="devops.hw1.core.CardCollection.java" Intrnl_Id="319">
<LocList>
<Loc EndOffset="11004" SrcFileId="3" StartOffset="10922"/>
</LocList>
</BasicStmnt>
<BasicStmnt CovItemId="S113" CovItemPrefix="devops.hw1.core.CardCollection.java" Intrnl_Id="320">
<LocList>
<Loc EndOffset="11116" SrcFileId="3" StartOffset="11096"/>
</LocList>
</BasicStmnt>
<BasicStmnt CovItemId="S114" CovItemPrefix="devops.hw1.core.CardCollection.java" Intrnl_Id="321">
<LocList>
<Loc EndOffset="11226" SrcFileId="3" StartOffset="11120"/>
</LocList>
</BasicStmnt>
<BasicStmnt CovItemId="S115" CovItemPrefix="devops.hw1.core.CardCollection.java" Intrnl_Id="322">
<LocList>
<Loc EndOffset="11299" SrcFileId="3" StartOffset="11232"/>
</LocList>
</BasicStmnt>
<BasicStmnt CovItemId="S116" CovItemPrefix="devops.hw1.core.CardCollection.java" Intrnl_Id="323">
<LocList>
<Loc EndOffset="11325" SrcFileId="3" StartOffset="11305"/>
</LocList>
</BasicStmnt>
<BasicStmnt CovItemId="S117" CovItemPrefix="devops.hw1.core.CardCollection.java" Intrnl_Id="324">
<LocList>
<Loc EndOffset="11420" SrcFileId="3" StartOffset="11329"/>
</LocList>
</BasicStmnt>
<BasicStmnt CovItemId="S118" CovItemPrefix="devops.hw1.core.CardCollection.java" Intrnl_Id="325">
<LocList>
<Loc EndOffset="11507" SrcFileId="3" StartOffset="11426"/>
</LocList>
</BasicStmnt>
<BasicStmnt CovItemId="S119" CovItemPrefix="devops.hw1.core.CardCollection.java" Intrnl_Id="326">
<LocList>
<Loc EndOffset="11533" SrcFileId="3" StartOffset="11513"/>
</LocList>
</BasicStmnt>
<BasicStmnt CovItemId="S120" CovItemPrefix="devops.hw1.core.CardCollection.java" Intrnl_Id="327">
<LocList>
<Loc EndOffset="11557" SrcFileId="3" StartOffset="11537"/>
</LocList>
</BasicStmnt>
<BasicStmnt CovItemId="S121" CovItemPrefix="devops.hw1.core.CardCollection.java" Intrnl_Id="328">
<LocList>
<Loc EndOffset="11667" SrcFileId="3" StartOffset="11561"/>
</LocList>
</BasicStmnt>
<BasicStmnt CovItemId="S122" CovItemPrefix="devops.hw1.core.CardCollection.java" Intrnl_Id="329">
<LocList>
<Loc EndOffset="11744" SrcFileId="3" StartOffset="11673"/>
</LocList>
</BasicStmnt>
<BasicStmnt CovItemId="S123" CovItemPrefix="devops.hw1.core.CardCollection.java" Intrnl_Id="330">
<LocList>
<Loc EndOffset="11769" SrcFileId="3" StartOffset="11750"/>
</LocList>
</BasicStmnt>
<BasicStmnt CovItemId="S124" CovItemPrefix="devops.hw1.core.CardCollection.java" Intrnl_Id="331">
<LocList>
<Loc EndOffset="11873" SrcFileId="3" StartOffset="11773"/>
</LocList>
</BasicStmnt>
<BasicStmnt CovItemId="S125" CovItemPrefix="devops.hw1.core.CardCollection.java" Intrnl_Id="332">
<LocList>
<Loc EndOffset="11958" SrcFileId="3" StartOffset="11879"/>
</LocList>
</BasicStmnt>
<BasicStmnt CovItemId="S126" CovItemPrefix="devops.hw1.core.CardCollection.java" Intrnl_Id="333">
<LocList>
<Loc EndOffset="12117" SrcFileId="3" StartOffset="12017"/>
</LocList>
</BasicStmnt>
<BasicStmnt CovItemId="S127" CovItemPrefix="devops.hw1.core.CardCollection.java" Intrnl_Id="334">
<LocList>
<Loc EndOffset="12188" SrcFileId="3" StartOffset="12123"/>
</LocList>
</BasicStmnt>
<BasicStmnt CovItemId="S128" CovItemPrefix="devops.hw1.core.CardCollection.java" Intrnl_Id="335">
<LocList>
<Loc EndOffset="12277" SrcFileId="3" StartOffset="12256"/>
</LocList>
</BasicStmnt>
<BasicStmnt CovItemId="S129" CovItemPrefix="devops.hw1.core.CardCollection.java" Intrnl_Id="336">
<LocList>
<Loc EndOffset="12301" SrcFileId="3" StartOffset="12281"/>
</LocList>
</BasicStmnt>
<BasicStmnt CovItemId="S130" CovItemPrefix="devops.hw1.core.CardCollection.java" Intrnl_Id="337">
<LocList>
<Loc EndOffset="12389" SrcFileId="3" StartOffset="12305"/>
</LocList>
</BasicStmnt>
<BasicStmnt CovItemId="S131" CovItemPrefix="devops.hw1.core.CardCollection.java" Intrnl_Id="338">
<LocList>
<Loc EndOffset="12479" SrcFileId="3" StartOffset="12395"/>
</LocList>
</BasicStmnt>
<BasicStmnt CovItemId="S132" CovItemPrefix="devops.hw1.core.CardCollection.java" Intrnl_Id="339">
<LocList>
<Loc EndOffset="12590" SrcFileId="3" StartOffset="12569"/>
</LocList>
</BasicStmnt>
<BasicStmnt CovItemId="S133" CovItemPrefix="devops.hw1.core.CardCollection.java" Intrnl_Id="340">
<LocList>
<Loc EndOffset="12614" SrcFileId="3" StartOffset="12594"/>
</LocList>
</BasicStmnt>
<BasicStmnt CovItemId="S134" CovItemPrefix="devops.hw1.core.CardCollection.java" Intrnl_Id="341">
<LocList>
<Loc EndOffset="12726" SrcFileId="3" StartOffset="12618"/>
</LocList>
</BasicStmnt>
<BasicStmnt CovItemId="S135" CovItemPrefix="devops.hw1.core.CardCollection.java" Intrnl_Id="342">
<LocList>
<Loc EndOffset="12801" SrcFileId="3" StartOffset="12732"/>
</LocList>
</BasicStmnt>
<BasicStmnt CovItemId="S136" CovItemPrefix="devops.hw1.core.CardCollection.java" Intrnl_Id="343">
<LocList>
<Loc EndOffset="12827" SrcFileId="3" StartOffset="12807"/>
</LocList>
</BasicStmnt>
<BasicStmnt CovItemId="S137" CovItemPrefix="devops.hw1.core.CardCollection.java" Intrnl_Id="344">
<LocList>
<Loc EndOffset="12918" SrcFileId="3" StartOffset="12831"/>
</LocList>
</BasicStmnt>
<BasicStmnt CovItemId="S138" CovItemPrefix="devops.hw1.core.CardCollection.java" Intrnl_Id="345">
<LocList>
<Loc EndOffset="13005" SrcFileId="3" StartOffset="12924"/>
</LocList>
</BasicStmnt>
<BasicStmnt CovItemId="S139" CovItemPrefix="devops.hw1.core.CardCollection.java" Intrnl_Id="346">
<LocList>
<Loc EndOffset="13190" SrcFileId="3" StartOffset="13083"/>
</LocList>
</BasicStmnt>
<BasicStmnt CovItemId="S140" CovItemPrefix="devops.hw1.core.CardCollection.java" Intrnl_Id="347">
<LocList>
<Loc EndOffset="13265" SrcFileId="3" StartOffset="13196"/>
</LocList>
</BasicStmnt>
<BasicStmnt CovItemId="S141" CovItemPrefix="devops.hw1.core.CardCollection.java" Intrnl_Id="348">
<LocList>
<Loc EndOffset="13367" SrcFileId="3" StartOffset="13347"/>
</LocList>
</BasicStmnt>
<BasicStmnt CovItemId="S142" CovItemPrefix="devops.hw1.core.CardCollection.java" Intrnl_Id="349">
<LocList>
<Loc EndOffset="13463" SrcFileId="3" StartOffset="13371"/>
</LocList>
</BasicStmnt>
<BasicStmnt CovItemId="S143" CovItemPrefix="devops.hw1.core.CardCollection.java" Intrnl_Id="350">
<LocList>
<Loc EndOffset="13555" SrcFileId="3" StartOffset="13469"/>
</LocList>
</BasicStmnt>
<BasicStmnt CovItemId="S144" CovItemPrefix="devops.hw1.core.CardCollection.java" Intrnl_Id="351">
<LocList>
<Loc EndOffset="13766" SrcFileId="3" StartOffset="13657"/>
</LocList>
</BasicStmnt>
<BasicStmnt CovItemId="S145" CovItemPrefix="devops.hw1.core.CardCollection.java" Intrnl_Id="352">
<LocList>
<Loc EndOffset="13852" SrcFileId="3" StartOffset="13772"/>
</LocList>
</BasicStmnt>
<BasicStmnt CovItemId="S146" CovItemPrefix="devops.hw1.core.CardCollection.java" Intrnl_Id="353">
<LocList>
<Loc EndOffset="13967" SrcFileId="3" StartOffset="13947"/>
</LocList>
</BasicStmnt>
<BasicStmnt CovItemId="S147" CovItemPrefix="devops.hw1.core.CardCollection.java" Intrnl_Id="354">
<LocList>
<Loc EndOffset="14075" SrcFileId="3" StartOffset="13971"/>
</LocList>
</BasicStmnt>
<BasicStmnt CovItemId="S148" CovItemPrefix="devops.hw1.core.CardCollection.java" Intrnl_Id="355">
<LocList>
<Loc EndOffset="14163" SrcFileId="3" StartOffset="14081"/>
</LocList>
</BasicStmnt>
<BasicStmnt CovItemId="S149" CovItemPrefix="devops.hw1.core.CardCollection.java" Intrnl_Id="356">
<LocList>
<Loc EndOffset="14189" SrcFileId="3" StartOffset="14169"/>
</LocList>
</BasicStmnt>
<BasicStmnt CovItemId="S150" CovItemPrefix="devops.hw1.core.CardCollection.java" Intrnl_Id="357">
<LocList>
<Loc EndOffset="14213" SrcFileId="3" StartOffset="14193"/>
</LocList>
</BasicStmnt>
<BasicStmnt CovItemId="S151" CovItemPrefix="devops.hw1.core.CardCollection.java" Intrnl_Id="358">
<LocList>
<Loc EndOffset="14323" SrcFileId="3" StartOffset="14217"/>
</LocList>
</BasicStmnt>
<BasicStmnt CovItemId="S152" CovItemPrefix="devops.hw1.core.CardCollection.java" Intrnl_Id="359">
<LocList>
<Loc EndOffset="14402" SrcFileId="3" StartOffset="14333"/>
</LocList>
</BasicStmnt>
<BasicStmnt CovItemId="S153" CovItemPrefix="devops.hw1.core.CardCollection.java" Intrnl_Id="360">
<LocList>
<Loc EndOffset="14516" SrcFileId="3" StartOffset="14496"/>
</LocList>
</BasicStmnt>
<BasicStmnt CovItemId="S154" CovItemPrefix="devops.hw1.core.CardCollection.java" Intrnl_Id="361">
<LocList>
<Loc EndOffset="14611" SrcFileId="3" StartOffset="14520"/>
</LocList>
</BasicStmnt>
<BasicStmnt CovItemId="S155" CovItemPrefix="devops.hw1.core.CardCollection.java" Intrnl_Id="362">
<LocList>
<Loc EndOffset="14703" SrcFileId="3" StartOffset="14617"/>
</LocList>
</BasicStmnt>
<BasicStmnt CovItemId="S156" CovItemPrefix="devops.hw1.core.CardCollection.java" Intrnl_Id="363">
<LocList>
<Loc EndOffset="14796" SrcFileId="3" StartOffset="14775"/>
</LocList>
</BasicStmnt>
<BasicStmnt CovItemId="S157" CovItemPrefix="devops.hw1.core.CardCollection.java" Intrnl_Id="364">
<LocList>
<Loc EndOffset="14819" SrcFileId="3" StartOffset="14800"/>
</LocList>
</BasicStmnt>
<BasicStmnt CovItemId="S158" CovItemPrefix="devops.hw1.core.CardCollection.java" Intrnl_Id="365">
<LocList>
<Loc EndOffset="14938" SrcFileId="3" StartOffset="14823"/>
</LocList>
</BasicStmnt>
<BasicStmnt CovItemId="S159" CovItemPrefix="devops.hw1.core.CardCollection.java" Intrnl_Id="366">
<LocList>
<Loc EndOffset="15031" SrcFileId="3" StartOffset="14944"/>
</LocList>
</BasicStmnt>
<BasicStmnt CovItemId="S160" CovItemPrefix="devops.hw1.core.CardCollection.java" Intrnl_Id="367">
<LocList>
<Loc EndOffset="15122" SrcFileId="3" StartOffset="15101"/>
</LocList>
</BasicStmnt>
<BasicStmnt CovItemId="S161" CovItemPrefix="devops.hw1.core.CardCollection.java" Intrnl_Id="368">
<LocList>
<Loc EndOffset="15146" SrcFileId="3" StartOffset="15126"/>
</LocList>
</BasicStmnt>
<BasicStmnt CovItemId="S162" CovItemPrefix="devops.hw1.core.CardCollection.java" Intrnl_Id="369">
<LocList>
<Loc EndOffset="15260" SrcFileId="3" StartOffset="15150"/>
</LocList>
</BasicStmnt>
<BasicStmnt CovItemId="S163" CovItemPrefix="devops.hw1.core.CardCollection.java" Intrnl_Id="370">
<LocList>
<Loc EndOffset="15338" SrcFileId="3" StartOffset="15266"/>
</LocList>
</BasicStmnt>
<BasicStmnt CovItemId="S164" CovItemPrefix="devops.hw1.core.CardCollection.java" Intrnl_Id="371">
<LocList>
<Loc EndOffset="15496" SrcFileId="3" StartOffset="15404"/>
</LocList>
</BasicStmnt>
<BasicStmnt CovItemId="S165" CovItemPrefix="devops.hw1.core.CardCollection.java" Intrnl_Id="372">
<LocList>
<Loc EndOffset="15573" SrcFileId="3" StartOffset="15502"/>
</LocList>
</BasicStmnt>
<BasicStmnt CovItemId="S166" CovItemPrefix="devops.hw1.core.CardCollection.java" Intrnl_Id="373">
<LocList>
<Loc EndOffset="15714" SrcFileId="3" StartOffset="15694"/>
</LocList>
</BasicStmnt>
<BasicStmnt CovItemId="S167" CovItemPrefix="devops.hw1.core.CardCollection.java" Intrnl_Id="374">
<LocList>
<Loc EndOffset="15814" SrcFileId="3" StartOffset="15718"/>
</LocList>
</BasicStmnt>
<BasicStmnt CovItemId="S168" CovItemPrefix="devops.hw1.core.CardCollection.java" Intrnl_Id="375">
<LocList>
<Loc EndOffset="15888" SrcFileId="3" StartOffset="15820"/>
</LocList>
</BasicStmnt>
<BasicStmnt CovItemId="S169" CovItemPrefix="devops.hw1.core.CardCollection.java" Intrnl_Id="376">
<LocList>
<Loc EndOffset="15914" SrcFileId="3" StartOffset="15894"/>
</LocList>
</BasicStmnt>
<BasicStmnt CovItemId="S170" CovItemPrefix="devops.hw1.core.CardCollection.java" Intrnl_Id="377">
<LocList>
<Loc EndOffset="15937" SrcFileId="3" StartOffset="15918"/>
</LocList>
</BasicStmnt>
<BasicStmnt CovItemId="S171" CovItemPrefix="devops.hw1.core.CardCollection.java" Intrnl_Id="378">
<LocList>
<Loc EndOffset="16028" SrcFileId="3" StartOffset="15941"/>
</LocList>
</BasicStmnt>
<BasicStmnt CovItemId="S172" CovItemPrefix="devops.hw1.core.CardCollection.java" Intrnl_Id="379">
<LocList>
<Loc EndOffset="16121" SrcFileId="3" StartOffset="16034"/>
</LocList>
</BasicStmnt>
<BasicStmnt CovItemId="S173" CovItemPrefix="devops.hw1.core.CardCollection.java" Intrnl_Id="380">
<LocList>
<Loc EndOffset="16330" SrcFileId="3" StartOffset="16214"/>
</LocList>
</BasicStmnt>
<BasicStmnt CovItemId="S174" CovItemPrefix="devops.hw1.core.CardCollection.java" Intrnl_Id="381">
<LocList>
<Loc EndOffset="16415" SrcFileId="3" StartOffset="16336"/>
</LocList>
</BasicStmnt>
<BasicStmnt CovItemId="S175" CovItemPrefix="devops.hw1.core.CardCollection.java" Intrnl_Id="382">
<LocList>
<Loc EndOffset="16586" SrcFileId="3" StartOffset="16482"/>
</LocList>
</BasicStmnt>
<BasicStmnt CovItemId="S176" CovItemPrefix="devops.hw1.core.CardCollection.java" Intrnl_Id="383">
<LocList>
<Loc EndOffset="16677" SrcFileId="3" StartOffset="16592"/>
</LocList>
</BasicStmnt>
<BasicStmnt CovItemId="S177" CovItemPrefix="devops.hw1.core.CardCollection.java" Intrnl_Id="384">
<LocList>
<Loc EndOffset="16858" SrcFileId="3" StartOffset="16747"/>
</LocList>
</BasicStmnt>
<BasicStmnt CovItemId="S178" CovItemPrefix="devops.hw1.core.CardCollection.java" Intrnl_Id="385">
<LocList>
<Loc EndOffset="16947" SrcFileId="3" StartOffset="16864"/>
</LocList>
</BasicStmnt>
<BasicStmnt CovItemId="S179" CovItemPrefix="devops.hw1.core.CardCollection.java" Intrnl_Id="386">
<LocList>
<Loc EndOffset="17130" SrcFileId="3" StartOffset="17026"/>
</LocList>
</BasicStmnt>
<BasicStmnt CovItemId="S180" CovItemPrefix="devops.hw1.core.CardCollection.java" Intrnl_Id="387">
<LocList>
<Loc EndOffset="17215" SrcFileId="3" StartOffset="17136"/>
</LocList>
</BasicStmnt>
<BasicStmnt CovItemId="S181" CovItemPrefix="devops.hw1.core.CardCollection.java" Intrnl_Id="388">
<LocList>
<Loc EndOffset="17241" SrcFileId="3" StartOffset="17221"/>
</LocList>
</BasicStmnt>
<BasicStmnt CovItemId="S182" CovItemPrefix="devops.hw1.core.CardCollection.java" Intrnl_Id="389">
<LocList>
<Loc EndOffset="17264" SrcFileId="3" StartOffset="17245"/>
</LocList>
</BasicStmnt>
<BasicStmnt CovItemId="S183" CovItemPrefix="devops.hw1.core.CardCollection.java" Intrnl_Id="390">
<LocList>
<Loc EndOffset="17367" SrcFileId="3" StartOffset="17268"/>
</LocList>
</BasicStmnt>
<BasicStmnt CovItemId="S184" CovItemPrefix="devops.hw1.core.CardCollection.java" Intrnl_Id="391">
<LocList>
<Loc EndOffset="17444" SrcFileId="3" StartOffset="17373"/>
</LocList>
</BasicStmnt>
<BasicStmnt CovItemId="S185" CovItemPrefix="devops.hw1.core.CardCollection.java" Intrnl_Id="392">
<LocList>
<Loc EndOffset="17623" SrcFileId="3" StartOffset="17523"/>
</LocList>
</BasicStmnt>
<BasicStmnt CovItemId="S186" CovItemPrefix="devops.hw1.core.CardCollection.java" Intrnl_Id="393">
<LocList>
<Loc EndOffset="17699" SrcFileId="3" StartOffset="17629"/>
</LocList>
</BasicStmnt>
<BasicStmnt CovItemId="S187" CovItemPrefix="devops.hw1.core.CardCollection.java" Intrnl_Id="394">
<LocList>
<Loc EndOffset="17798" SrcFileId="3" StartOffset="17777"/>
</LocList>
</BasicStmnt>
<BasicStmnt CovItemId="S188" CovItemPrefix="devops.hw1.core.CardCollection.java" Intrnl_Id="395">
<LocList>
<Loc EndOffset="17822" SrcFileId="3" StartOffset="17802"/>
</LocList>
</BasicStmnt>
<BasicStmnt CovItemId="S189" CovItemPrefix="devops.hw1.core.CardCollection.java" Intrnl_Id="396">
<LocList>
<Loc EndOffset="17917" SrcFileId="3" StartOffset="17826"/>
</LocList>
</BasicStmnt>
<BasicStmnt CovItemId="S190" CovItemPrefix="devops.hw1.core.CardCollection.java" Intrnl_Id="397">
<LocList>
<Loc EndOffset="18002" SrcFileId="3" StartOffset="17923"/>
</LocList>
</BasicStmnt>
<BasicStmnt CovItemId="S191" CovItemPrefix="devops.hw1.core.CardCollection.java" Intrnl_Id="398">
<LocList>
<Loc EndOffset="18221" SrcFileId="3" StartOffset="18126"/>
</LocList>
</BasicStmnt>
<BasicStmnt CovItemId="S192" CovItemPrefix="devops.hw1.core.CardCollection.java" Intrnl_Id="399">
<LocList>
<Loc EndOffset="18311" SrcFileId="3" StartOffset="18227"/>
</LocList>
</BasicStmnt>
<BasicStmnt CovItemId="S193" CovItemPrefix="devops.hw1.core.CardCollection.java" Intrnl_Id="400">
<LocList>
<Loc EndOffset="18516" SrcFileId="3" StartOffset="18408"/>
</LocList>
</BasicStmnt>
<BasicStmnt CovItemId="S194" CovItemPrefix="devops.hw1.core.CardCollection.java" Intrnl_Id="401">
<LocList>
<Loc EndOffset="18592" SrcFileId="3" StartOffset="18522"/>
</LocList>
</BasicStmnt>
<BasicStmnt CovItemId="S195" CovItemPrefix="devops.hw1.core.CardCollection.java" Intrnl_Id="402">
<LocList>
<Loc EndOffset="18618" SrcFileId="3" StartOffset="18598"/>
</LocList>
</BasicStmnt>
<BasicStmnt CovItemId="S196" CovItemPrefix="devops.hw1.core.CardCollection.java" Intrnl_Id="403">
<LocList>
<Loc EndOffset="18642" SrcFileId="3" StartOffset="18622"/>
</LocList>
</BasicStmnt>
<BasicStmnt CovItemId="S197" CovItemPrefix="devops.hw1.core.CardCollection.java" Intrnl_Id="404">
<LocList>
<Loc EndOffset="18739" SrcFileId="3" StartOffset="18646"/>
</LocList>
</BasicStmnt>
<BasicStmnt CovItemId="S198" CovItemPrefix="devops.hw1.core.CardCollection.java" Intrnl_Id="405">
<LocList>
<Loc EndOffset="18828" SrcFileId="3" StartOffset="18745"/>
</LocList>
</BasicStmnt>
<BasicStmnt CovItemId="S199" CovItemPrefix="devops.hw1.core.CardCollection.java" Intrnl_Id="406">
<LocList>
<Loc EndOffset="19037" SrcFileId="3" StartOffset="18931"/>
</LocList>
</BasicStmnt>
<BasicStmnt CovItemId="S200" CovItemPrefix="devops.hw1.core.CardCollection.java" Intrnl_Id="407">
<LocList>
<Loc EndOffset="19125" SrcFileId="3" StartOffset="19043"/>
</LocList>
</BasicStmnt>
<BasicStmnt CovItemId="S201" CovItemPrefix="devops.hw1.core.CardCollection.java" Intrnl_Id="408">
<LocList>
<Loc EndOffset="19334" SrcFileId="3" StartOffset="19229"/>
</LocList>
</BasicStmnt>
<BasicStmnt CovItemId="S202" CovItemPrefix="devops.hw1.core.CardCollection.java" Intrnl_Id="409">
<LocList>
<Loc EndOffset="20198" SrcFileId="3" StartOffset="19340"/>
</LocList>
</BasicStmnt>
</StmntSeq>
</HierarchyLvl>
</HierarchyLvl>
<HierarchyLvl HierarchyLvlId="425" HierarchyLvlTypeId="11" Intrnl_Id="410" Name="HeroCard">
<Header>
<Loc EndOffset="224" SrcFileId="4" StartOffset="189"/>
</Header>
<LocList>
<Loc EndOffset="1066" SrcFileId="4" StartOffset="189"/>
</LocList>
<HierarchyLvl HierarchyLvlId="422" HierarchyLvlTypeId="10" Intrnl_Id="411" Name="HeroCard">
<Header>
<Loc EndOffset="248" SrcFileId="4" StartOffset="231"/>
</Header>
<LocList>
<Loc EndOffset="272" SrcFileId="4" StartOffset="231"/>
</LocList>
<StmntSeq Intrnl_Id="412">
<LocList>
<Loc EndOffset="268" SrcFileId="4" StartOffset="254"/>
</LocList>
<BasicStmnt CovItemId="S1" CovItemPrefix="devops.hw1.core.HeroCard.java" Intrnl_Id="413">
<LocList>
<Loc EndOffset="268" SrcFileId="4" StartOffset="254"/>
</LocList>
</BasicStmnt>
</StmntSeq>
</HierarchyLvl>
<HierarchyLvl HierarchyLvlId="423" HierarchyLvlTypeId="10" Intrnl_Id="414" Name="HeroCard">
<Header>
<Loc EndOffset="299" SrcFileId="4" StartOffset="277"/>
</Header>
<LocList>
<Loc EndOffset="323" SrcFileId="4" StartOffset="277"/>
</LocList>
<StmntSeq Intrnl_Id="415">
<LocList>
<Loc EndOffset="319" SrcFileId="4" StartOffset="305"/>
</LocList>
<BasicStmnt CovItemId="S2" CovItemPrefix="devops.hw1.core.HeroCard.java" Intrnl_Id="416">
<LocList>
<Loc EndOffset="319" SrcFileId="4" StartOffset="305"/>
</LocList>
</BasicStmnt>
</StmntSeq>
</HierarchyLvl>
<HierarchyLvl HierarchyLvlId="424" HierarchyLvlTypeId="10" Intrnl_Id="417" Name="HeroCard">
<Header>
<Loc EndOffset="867" SrcFileId="4" StartOffset="718"/>
</Header>
<LocList>
<Loc EndOffset="1061" SrcFileId="4" StartOffset="718"/>
</LocList>
<StmntSeq Intrnl_Id="418">
<LocList>
<Loc EndOffset="892" SrcFileId="4" StartOffset="873"/>
<Loc EndOffset="913" SrcFileId="4" StartOffset="896"/>
<Loc EndOffset="940" SrcFileId="4" StartOffset="917"/>
<Loc EndOffset="961" SrcFileId="4" StartOffset="944"/>
<Loc EndOffset="984" SrcFileId="4" StartOffset="965"/>
<Loc EndOffset="1009" SrcFileId="4" StartOffset="988"/>
<Loc EndOffset="1036" SrcFileId="4" StartOffset="1013"/>
<Loc EndOffset="1057" SrcFileId="4" StartOffset="1040"/>
</LocList>
<BasicStmnt CovItemId="S3" CovItemPrefix="devops.hw1.core.HeroCard.java" Intrnl_Id="419">
<LocList>
<Loc EndOffset="892" SrcFileId="4" StartOffset="873"/>
</LocList>
</BasicStmnt>
<BasicStmnt CovItemId="S4" CovItemPrefix="devops.hw1.core.HeroCard.java" Intrnl_Id="420">
<LocList>
<Loc EndOffset="913" SrcFileId="4" StartOffset="896"/>
</LocList>
</BasicStmnt>
<BasicStmnt CovItemId="S5" CovItemPrefix="devops.hw1.core.HeroCard.java" Intrnl_Id="421">
<LocList>
<Loc EndOffset="940" SrcFileId="4" StartOffset="917"/>
</LocList>
</BasicStmnt>
<BasicStmnt CovItemId="S6" CovItemPrefix="devops.hw1.core.HeroCard.java" Intrnl_Id="422">
<LocList>
<Loc EndOffset="961" SrcFileId="4" StartOffset="944"/>
</LocList>
</BasicStmnt>
<BasicStmnt CovItemId="S7" CovItemPrefix="devops.hw1.core.HeroCard.java" Intrnl_Id="423">
<LocList>
<Loc EndOffset="984" SrcFileId="4" StartOffset="965"/>
</LocList>
</BasicStmnt>
<BasicStmnt CovItemId="S8" CovItemPrefix="devops.hw1.core.HeroCard.java" Intrnl_Id="424">
<LocList>
<Loc EndOffset="1009" SrcFileId="4" StartOffset="988"/>
</LocList>
</BasicStmnt>
<BasicStmnt CovItemId="S9" CovItemPrefix="devops.hw1.core.HeroCard.java" Intrnl_Id="425">
<LocList>
<Loc EndOffset="1036" SrcFileId="4" StartOffset="1013"/>
</LocList>
</BasicStmnt>
<BasicStmnt CovItemId="S10" CovItemPrefix="devops.hw1.core.HeroCard.java" Intrnl_Id="426">
<LocList>
<Loc EndOffset="1057" SrcFileId="4" StartOffset="1040"/>
</LocList>
</BasicStmnt>
</StmntSeq>
</HierarchyLvl>
</HierarchyLvl>
<HierarchyLvl HierarchyLvlId="458" HierarchyLvlTypeId="11" Intrnl_Id="427" Name="Player">
<Header>
<Loc EndOffset="280" SrcFileId="5" StartOffset="261"/>
</Header>
<LocList>
<Loc EndOffset="9435" SrcFileId="5" StartOffset="261"/>
</LocList>
<StmntSeq Intrnl_Id="428">
<LocList>
<Loc EndOffset="500" SrcFileId="5" StartOffset="469"/>
</LocList>
<BasicStmnt CovItemId="S1" CovItemPrefix="devops.hw1.core.Player.java" Intrnl_Id="429">
<LocList>
<Loc EndOffset="500" SrcFileId="5" StartOffset="469"/>
</LocList>
</BasicStmnt>
</StmntSeq>
<HierarchyLvl HierarchyLvlId="426" HierarchyLvlTypeId="10" Intrnl_Id="430" Name="Player">
<Header>
<Loc EndOffset="667" SrcFileId="5" StartOffset="651"/>
</Header>
<LocList>
<Loc EndOffset="1059" SrcFileId="5" StartOffset="651"/>
</LocList>
<StmntSeq Intrnl_Id="431">
<LocList>
<Loc EndOffset="704" SrcFileId="5" StartOffset="683"/>
<Loc EndOffset="785" SrcFileId="5" StartOffset="673"/>
<Loc EndOffset="831" SrcFileId="5" StartOffset="789"/>
<Loc EndOffset="876" SrcFileId="5" StartOffset="835"/>
<Loc EndOffset="922" SrcFileId="5" StartOffset="880"/>
<Loc EndOffset="967" SrcFileId="5" StartOffset="926"/>
<Loc EndOffset="993" SrcFileId="5" StartOffset="971"/>
<Loc EndOffset="1034" SrcFileId="5" StartOffset="997"/>
<Loc EndOffset="1055" SrcFileId="5" StartOffset="1038"/>
</LocList>
<BasicStmnt CovItemId="S3" CovItemPrefix="devops.hw1.core.Player.java" Intrnl_Id="432">
<LocList>
<Loc EndOffset="704" SrcFileId="5" StartOffset="683"/>
</LocList>
</BasicStmnt>
<CondStmnt CovItemId="S2" CovItemPrefix="devops.hw1.core.Player.java" Intrnl_Id="433">
<Branch CovItemId="B1" CovItemPrefix="devops.hw1.core.Player.java" Implct="true" Intrnl_Id="434">
<Cond/>
<LocList/>
<StmntSeq Intrnl_Id="435">
<LocList/>
</StmntSeq>
</Branch>
<Branch CovItemId="B2" CovItemPrefix="devops.hw1.core.Player.java" Implct="false" Intrnl_Id="436">
<Cond>
<Loc EndOffset="731" SrcFileId="5" StartOffset="710"/>
</Cond>
<LocList>
<Loc EndOffset="785" SrcFileId="5" StartOffset="732"/>
</LocList>
<StmntSeq Intrnl_Id="437">
<LocList>
<Loc EndOffset="780" SrcFileId="5" StartOffset="738"/>
</LocList>
<BasicStmnt CovItemId="S4" CovItemPrefix="devops.hw1.core.Player.java" Intrnl_Id="438">
<LocList>
<Loc EndOffset="780" SrcFileId="5" StartOffset="738"/>
</LocList>
</BasicStmnt>
</StmntSeq>
</Branch>
<Keyword EndOffset="676" SrcFileId="5" StartOffset="673"/>
<LocList>
<Loc EndOffset="785" SrcFileId="5" StartOffset="673"/>
</LocList>
</CondStmnt>
<BasicStmnt CovItemId="S5" CovItemPrefix="devops.hw1.core.Player.java" Intrnl_Id="439">
<LocList>
<Loc EndOffset="831" SrcFileId="5" StartOffset="789"/>
</LocList>
</BasicStmnt>
<BasicStmnt CovItemId="S6" CovItemPrefix="devops.hw1.core.Player.java" Intrnl_Id="440">
<LocList>
<Loc EndOffset="876" SrcFileId="5" StartOffset="835"/>
</LocList>
</BasicStmnt>
<BasicStmnt CovItemId="S7" CovItemPrefix="devops.hw1.core.Player.java" Intrnl_Id="441">
<LocList>
<Loc EndOffset="922" SrcFileId="5" StartOffset="880"/>
</LocList>
</BasicStmnt>
<BasicStmnt CovItemId="S8" CovItemPrefix="devops.hw1.core.Player.java" Intrnl_Id="442">
<LocList>
<Loc EndOffset="967" SrcFileId="5" StartOffset="926"/>
</LocList>
</BasicStmnt>
<BasicStmnt CovItemId="S9" CovItemPrefix="devops.hw1.core.Player.java" Intrnl_Id="443">
<LocList>
<Loc EndOffset="993" SrcFileId="5" StartOffset="971"/>
</LocList>
</BasicStmnt>
<BasicStmnt CovItemId="S10" CovItemPrefix="devops.hw1.core.Player.java" Intrnl_Id="444">
<LocList>
<Loc EndOffset="1034" SrcFileId="5" StartOffset="997"/>
</LocList>
</BasicStmnt>
<BasicStmnt CovItemId="S11" CovItemPrefix="devops.hw1.core.Player.java" Intrnl_Id="445">
<LocList>
<Loc EndOffset="1055" SrcFileId="5" StartOffset="1038"/>
</LocList>
</BasicStmnt>
</StmntSeq>
</HierarchyLvl>
<HierarchyLvl HierarchyLvlId="427" HierarchyLvlTypeId="10" Intrnl_Id="446" Name="initialiseDeck">
<Header>
<Loc EndOffset="1153" SrcFileId="5" StartOffset="1125"/>
</Header>
<LocList>
<Loc EndOffset="1334" SrcFileId="5" StartOffset="1125"/>
</LocList>
<StmntSeq Intrnl_Id="447">
<LocList>
<Loc EndOffset="1244" SrcFileId="5" StartOffset="1159"/>
<Loc EndOffset="1330" SrcFileId="5" StartOffset="1248"/>
</LocList>
<LoopStmnt CovItemId="S12" CovItemPrefix="devops.hw1.core.Player.java" Intrnl_Id="448" MltplExecId="L1-2" MltplExecPrefix="devops.hw1.core.Player.java" NvrExecId="L1-0" NvrExecPrefix="devops.hw1.core.Player.java" OnceExecutedId="L1-1" OnceExecutedPrefix="devops.hw1.core.Player.java" OptBodyExec="true">
<StmntSeq Intrnl_Id="449">
<LocList>
<Loc EndOffset="1239" SrcFileId="5" StartOffset="1193"/>
</LocList>
<BasicStmnt CovItemId="S13" CovItemPrefix="devops.hw1.core.Player.java" Intrnl_Id="450">
<LocList>
<Loc EndOffset="1239" SrcFileId="5" StartOffset="1193"/>
</LocList>
</BasicStmnt>
</StmntSeq>
<Keyword EndOffset="1162" SrcFileId="5" StartOffset="1159"/>
<LocList>
<Loc EndOffset="1244" SrcFileId="5" StartOffset="1159"/>
</LocList>
<RootTerm CovItemId="C1" CovItemPrefix="devops.hw1.core.Player.java" Intrnl_Id="451">
<BasicBoolTerm Intrnl_Id="452">
<LocList>
<Loc EndOffset="1180" SrcFileId="5" StartOffset="1175"/>
</LocList>
</BasicBoolTerm>
</RootTerm>
</LoopStmnt>
<LoopStmnt CovItemId="S14" CovItemPrefix="devops.hw1.core.Player.java" Intrnl_Id="453" MltplExecId="L2-2" MltplExecPrefix="devops.hw1.core.Player.java" NvrExecId="L2-0" NvrExecPrefix="devops.hw1.core.Player.java" OnceExecutedId="L2-1" OnceExecutedPrefix="devops.hw1.core.Player.java" OptBodyExec="true">
<StmntSeq Intrnl_Id="454">
<LocList>
<Loc EndOffset="1325" SrcFileId="5" StartOffset="1282"/>
</LocList>
<BasicStmnt CovItemId="S15" CovItemPrefix="devops.hw1.core.Player.java" Intrnl_Id="455">
<LocList>
<Loc EndOffset="1325" SrcFileId="5" StartOffset="1282"/>
</LocList>
</BasicStmnt>
</StmntSeq>
<Keyword EndOffset="1251" SrcFileId="5" StartOffset="1248"/>
<LocList>
<Loc EndOffset="1330" SrcFileId="5" StartOffset="1248"/>
</LocList>
<RootTerm CovItemId="C2" CovItemPrefix="devops.hw1.core.Player.java" Intrnl_Id="456">
<BasicBoolTerm Intrnl_Id="457">
<LocList>
<Loc EndOffset="1269" SrcFileId="5" StartOffset="1264"/>
</LocList>
</BasicBoolTerm>
</RootTerm>
</LoopStmnt>
</StmntSeq>
</HierarchyLvl>
<HierarchyLvl HierarchyLvlId="428" HierarchyLvlTypeId="10" Intrnl_Id="458" Name="endTurn">
<Header>
<Loc EndOffset="1468" SrcFileId="5" StartOffset="1447"/>
</Header>
<LocList>
<Loc EndOffset="1621" SrcFileId="5" StartOffset="1447"/>
</LocList>
<StmntSeq Intrnl_Id="459">
<LocList>
<Loc EndOffset="1514" SrcFileId="5" StartOffset="1474"/>
<Loc EndOffset="1541" SrcFileId="5" StartOffset="1518"/>
<Loc EndOffset="1562" SrcFileId="5" StartOffset="1545"/>
<Loc EndOffset="1596" SrcFileId="5" StartOffset="1566"/>
<Loc EndOffset="1617" SrcFileId="5" StartOffset="1600"/>
</LocList>
<BasicStmnt CovItemId="S16" CovItemPrefix="devops.hw1.core.Player.java" Intrnl_Id="460">
<LocList>
<Loc EndOffset="1514" SrcFileId="5" StartOffset="1474"/>
</LocList>
</BasicStmnt>
<BasicStmnt CovItemId="S17" CovItemPrefix="devops.hw1.core.Player.java" Intrnl_Id="461">
<LocList>
<Loc EndOffset="1541" SrcFileId="5" StartOffset="1518"/>
</LocList>
</BasicStmnt>
<BasicStmnt CovItemId="S18" CovItemPrefix="devops.hw1.core.Player.java" Intrnl_Id="462">
<LocList>
<Loc EndOffset="1562" SrcFileId="5" StartOffset="1545"/>
</LocList>
</BasicStmnt>
<BasicStmnt CovItemId="S19" CovItemPrefix="devops.hw1.core.Player.java" Intrnl_Id="463">
<LocList>
<Loc EndOffset="1596" SrcFileId="5" StartOffset="1566"/>
</LocList>
</BasicStmnt>
<BasicStmnt CovItemId="S20" CovItemPrefix="devops.hw1.core.Player.java" Intrnl_Id="464">
<LocList>
<Loc EndOffset="1617" SrcFileId="5" StartOffset="1600"/>
</LocList>
</BasicStmnt>
</StmntSeq>
</HierarchyLvl>
<HierarchyLvl HierarchyLvlId="429" HierarchyLvlTypeId="10" Intrnl_Id="465" Name="makePlayer">
<Header>
<Loc EndOffset="1753" SrcFileId="5" StartOffset="1720"/>
</Header>
<LocList>
<Loc EndOffset="1816" SrcFileId="5" StartOffset="1720"/>
</LocList>
<StmntSeq Intrnl_Id="466">
<LocList>
<Loc EndOffset="1791" SrcFileId="5" StartOffset="1759"/>
<Loc EndOffset="1812" SrcFileId="5" StartOffset="1795"/>
</LocList>
<BasicStmnt CovItemId="S21" CovItemPrefix="devops.hw1.core.Player.java" Intrnl_Id="467">
<LocList>
<Loc EndOffset="1791" SrcFileId="5" StartOffset="1759"/>
</LocList>
</BasicStmnt>
<BasicStmnt CovItemId="S22" CovItemPrefix="devops.hw1.core.Player.java" Intrnl_Id="468">
<LocList>
<Loc EndOffset="1812" SrcFileId="5" StartOffset="1795"/>
</LocList>
</BasicStmnt>
</StmntSeq>
</HierarchyLvl>
<HierarchyLvl HierarchyLvlId="430" HierarchyLvlTypeId="10" Intrnl_Id="469" Name="addRunes">
<Header>
<Loc EndOffset="2004" SrcFileId="5" StartOffset="1977"/>
</Header>
<LocList>
<Loc EndOffset="2081" SrcFileId="5" StartOffset="1977"/>
</LocList>
<StmntSeq Intrnl_Id="470">
<LocList>
<Loc EndOffset="2077" SrcFileId="5" StartOffset="2010"/>
</LocList>
<BasicStmnt CovItemId="S23" CovItemPrefix="devops.hw1.core.Player.java" Intrnl_Id="471">
<LocList>
<Loc EndOffset="2077" SrcFileId="5" StartOffset="2010"/>
</LocList>
<QMO CovItemId="Q0" CovItemPrefix="devops.hw1.core.Player.java" Intrnl_Id="472">
<LocList>
<Loc EndOffset="2049" SrcFileId="5" StartOffset="2024"/>
</LocList>
<QMO_E CovItemId="Q0-0" CovItemPrefix="devops.hw1.core.Player.java" Intrnl_Id="473">
<LocList>
<Loc EndOffset="2071" SrcFileId="5" StartOffset="2052"/>
</LocList>
</QMO_E>
<QMO_E CovItemId="Q0-1" CovItemPrefix="devops.hw1.core.Player.java" Intrnl_Id="474">
<LocList>
<Loc EndOffset="2075" SrcFileId="5" StartOffset="2074"/>
</LocList>
</QMO_E>
</QMO>
</BasicStmnt>
</StmntSeq>
</HierarchyLvl>
<HierarchyLvl HierarchyLvlId="431" HierarchyLvlTypeId="10" Intrnl_Id="475" Name="getRunes">
<Header>
<Loc EndOffset="2232" SrcFileId="5" StartOffset="2211"/>
</Header>
<LocList>
<Loc EndOffset="2260" SrcFileId="5" StartOffset="2211"/>
</LocList>
<StmntSeq Intrnl_Id="476">
<LocList>
<Loc EndOffset="2256" SrcFileId="5" StartOffset="2238"/>
</LocList>
<BasicStmnt CovItemId="S24" CovItemPrefix="devops.hw1.core.Player.java" Intrnl_Id="477">
<LocList>
<Loc EndOffset="2256" SrcFileId="5" StartOffset="2238"/>
</LocList>
</BasicStmnt>
</StmntSeq>
</HierarchyLvl>
<HierarchyLvl HierarchyLvlId="432" HierarchyLvlTypeId="10" Intrnl_Id="478" Name="setRunes">
<Header>
<Loc EndOffset="2447" SrcFileId="5" StartOffset="2416"/>
</Header>
<LocList>
<Loc EndOffset="2476" SrcFileId="5" StartOffset="2416"/>
</LocList>
<StmntSeq Intrnl_Id="479">
<LocList>
<Loc EndOffset="2472" SrcFileId="5" StartOffset="2453"/>
</LocList>
<BasicStmnt CovItemId="S25" CovItemPrefix="devops.hw1.core.Player.java" Intrnl_Id="480">
<LocList>
<Loc EndOffset="2472" SrcFileId="5" StartOffset="2453"/>
</LocList>
</BasicStmnt>
</StmntSeq>
</HierarchyLvl>
<HierarchyLvl HierarchyLvlId="433" HierarchyLvlTypeId="10" Intrnl_Id="481" Name="getDiscardSize">
<Header>
<Loc EndOffset="2623" SrcFileId="5" StartOffset="2596"/>
</Header>
<LocList>
<Loc EndOffset="2664" SrcFileId="5" StartOffset="2596"/>
</LocList>
<StmntSeq Intrnl_Id="482">
<LocList>
<Loc EndOffset="2660" SrcFileId="5" StartOffset="2629"/>
</LocList>
<BasicStmnt CovItemId="S26" CovItemPrefix="devops.hw1.core.Player.java" Intrnl_Id="483">
<LocList>
<Loc EndOffset="2660" SrcFileId="5" StartOffset="2629"/>
</LocList>
</BasicStmnt>
</StmntSeq>
</HierarchyLvl>
<HierarchyLvl HierarchyLvlId="434" HierarchyLvlTypeId="10" Intrnl_Id="484" Name="discard">
<Header>
<Loc EndOffset="2867" SrcFileId="5" StartOffset="2836"/>
</Header>
<LocList>
<Loc EndOffset="3002" SrcFileId="5" StartOffset="2836"/>
</LocList>
<StmntSeq Intrnl_Id="485">
<LocList>
<Loc EndOffset="2967" SrcFileId="5" StartOffset="2873"/>
<Loc EndOffset="2998" SrcFileId="5" StartOffset="2971"/>
</LocList>
<CondStmnt CovItemId="S27" CovItemPrefix="devops.hw1.core.Player.java" Intrnl_Id="486">
<Branch CovItemId="B3" CovItemPrefix="devops.hw1.core.Player.java" Implct="false" Intrnl_Id="487">
<Cond/>
<LocList>
<Loc EndOffset="2967" SrcFileId="5" StartOffset="2891"/>
</LocList>
<StmntSeq Intrnl_Id="488">
<LocList>
<Loc EndOffset="2950" SrcFileId="5" StartOffset="2897"/>
<Loc EndOffset="2962" SrcFileId="5" StartOffset="2955"/>
</LocList>
<BasicStmnt CovItemId="S28" CovItemPrefix="devops.hw1.core.Player.java" Intrnl_Id="489">
<LocList>
<Loc EndOffset="2950" SrcFileId="5" StartOffset="2897"/>
</LocList>
</BasicStmnt>
<BasicStmnt CovItemId="S29" CovItemPrefix="devops.hw1.core.Player.java" Intrnl_Id="490">
<LocList>
<Loc EndOffset="2962" SrcFileId="5" StartOffset="2955"/>
</LocList>
</BasicStmnt>
</StmntSeq>
</Branch>
<Branch CovItemId="B4" CovItemPrefix="devops.hw1.core.Player.java" Implct="true" Intrnl_Id="491">
<Cond/>
<LocList/>
<StmntSeq Intrnl_Id="492">
<LocList/>
</StmntSeq>
</Branch>
<Keyword EndOffset="2875" SrcFileId="5" StartOffset="2873"/>
<LocList>
<Loc EndOffset="2967" SrcFileId="5" StartOffset="2873"/>
</LocList>
<RootTerm CovItemId="C3" CovItemPrefix="devops.hw1.core.Player.java" Intrnl_Id="493">
<BasicBoolTerm Intrnl_Id="494">
<LocList>
<Loc EndOffset="2889" SrcFileId="5" StartOffset="2877"/>
</LocList>
</BasicBoolTerm>
</RootTerm>
</CondStmnt>
<BasicStmnt CovItemId="S30" CovItemPrefix="devops.hw1.core.Player.java" Intrnl_Id="495">
<LocList>
<Loc EndOffset="2998" SrcFileId="5" StartOffset="2971"/>
</LocList>
</BasicStmnt>
</StmntSeq>
</HierarchyLvl>
<HierarchyLvl HierarchyLvlId="435" HierarchyLvlTypeId="10" Intrnl_Id="496" Name="getDiscardPile">
<Header>
<Loc EndOffset="3163" SrcFileId="5" StartOffset="3123"/>
</Header>
<LocList>
<Loc EndOffset="3197" SrcFileId="5" StartOffset="3123"/>
</LocList>
<StmntSeq Intrnl_Id="497">
<LocList>
<Loc EndOffset="3193" SrcFileId="5" StartOffset="3169"/>
</LocList>
<BasicStmnt CovItemId="S31" CovItemPrefix="devops.hw1.core.Player.java" Intrnl_Id="498">
<LocList>
<Loc EndOffset="3193" SrcFileId="5" StartOffset="3169"/>
</LocList>
</BasicStmnt>
</StmntSeq>
</HierarchyLvl>
<HierarchyLvl HierarchyLvlId="436" HierarchyLvlTypeId="10" Intrnl_Id="499" Name="buyCard">
<Header>
<Loc EndOffset="3604" SrcFileId="5" StartOffset="3570"/>
</Header>
<LocList>
<Loc EndOffset="3803" SrcFileId="5" StartOffset="3570"/>
</LocList>
<StmntSeq Intrnl_Id="500">
<LocList>
<Loc EndOffset="3782" SrcFileId="5" StartOffset="3610"/>
<Loc EndOffset="3799" SrcFileId="5" StartOffset="3786"/>
</LocList>
<CondStmnt CovItemId="S32" CovItemPrefix="devops.hw1.core.Player.java" Intrnl_Id="501">
<Branch CovItemId="B5" CovItemPrefix="devops.hw1.core.Player.java" Implct="false" Intrnl_Id="502">
<Cond/>
<LocList>
<Loc EndOffset="3782" SrcFileId="5" StartOffset="3627"/>
</LocList>
<StmntSeq Intrnl_Id="503">
<LocList>
<Loc EndOffset="3659" SrcFileId="5" StartOffset="3633"/>
<Loc EndOffset="3777" SrcFileId="5" StartOffset="3664"/>
</LocList>
<BasicStmnt CovItemId="S33" CovItemPrefix="devops.hw1.core.Player.java" Intrnl_Id="504">
<LocList>
<Loc EndOffset="3659" SrcFileId="5" StartOffset="3633"/>
</LocList>
</BasicStmnt>
<CondStmnt CovItemId="S34" CovItemPrefix="devops.hw1.core.Player.java" Intrnl_Id="505">
<Branch CovItemId="B7" CovItemPrefix="devops.hw1.core.Player.java" Implct="false" Intrnl_Id="506">
<Cond/>
<LocList>
<Loc EndOffset="3777" SrcFileId="5" StartOffset="3688"/>
</LocList>
<StmntSeq Intrnl_Id="507">
<LocList>
<Loc EndOffset="3728" SrcFileId="5" StartOffset="3695"/>
<Loc EndOffset="3753" SrcFileId="5" StartOffset="3734"/>
<Loc EndOffset="3771" SrcFileId="5" StartOffset="3759"/>
</LocList>
<BasicStmnt CovItemId="S35" CovItemPrefix="devops.hw1.core.Player.java" Intrnl_Id="508">
<LocList>
<Loc EndOffset="3728" SrcFileId="5" StartOffset="3695"/>
</LocList>
</BasicStmnt>
<BasicStmnt CovItemId="S36" CovItemPrefix="devops.hw1.core.Player.java" Intrnl_Id="509">
<LocList>
<Loc EndOffset="3753" SrcFileId="5" StartOffset="3734"/>
</LocList>
</BasicStmnt>
<BasicStmnt CovItemId="S37" CovItemPrefix="devops.hw1.core.Player.java" Intrnl_Id="510">
<LocList>
<Loc EndOffset="3771" SrcFileId="5" StartOffset="3759"/>
</LocList>
</BasicStmnt>
</StmntSeq>
</Branch>
<Branch CovItemId="B8" CovItemPrefix="devops.hw1.core.Player.java" Implct="true" Intrnl_Id="511">
<Cond/>
<LocList/>
<StmntSeq Intrnl_Id="512">
<LocList/>
</StmntSeq>
</Branch>
<Keyword EndOffset="3666" SrcFileId="5" StartOffset="3664"/>
<LocList>
<Loc EndOffset="3777" SrcFileId="5" StartOffset="3664"/>
</LocList>
<RootTerm CovItemId="C5" CovItemPrefix="devops.hw1.core.Player.java" Intrnl_Id="513">
<BasicBoolTerm Intrnl_Id="514">
<LocList>
<Loc EndOffset="3686" SrcFileId="5" StartOffset="3668"/>
</LocList>
</BasicBoolTerm>
</RootTerm>
</CondStmnt>
</StmntSeq>
</Branch>
<Branch CovItemId="B6" CovItemPrefix="devops.hw1.core.Player.java" Implct="true" Intrnl_Id="515">
<Cond/>
<LocList/>
<StmntSeq Intrnl_Id="516">
<LocList/>
</StmntSeq>
</Branch>
<Keyword EndOffset="3612" SrcFileId="5" StartOffset="3610"/>
<LocList>
<Loc EndOffset="3782" SrcFileId="5" StartOffset="3610"/>
</LocList>
<RootTerm CovItemId="C4" CovItemPrefix="devops.hw1.core.Player.java" Intrnl_Id="517">
<BasicBoolTerm Intrnl_Id="518">
<LocList>
<Loc EndOffset="3626" SrcFileId="5" StartOffset="3614"/>
</LocList>
</BasicBoolTerm>
</RootTerm>
</CondStmnt>
<BasicStmnt CovItemId="S38" CovItemPrefix="devops.hw1.core.Player.java" Intrnl_Id="519">
<LocList>
<Loc EndOffset="3799" SrcFileId="5" StartOffset="3786"/>
</LocList>
</BasicStmnt>
</StmntSeq>
</HierarchyLvl>
<HierarchyLvl HierarchyLvlId="437" HierarchyLvlTypeId="10" Intrnl_Id="520" Name="attackCard">
<Header>
<Loc EndOffset="4143" SrcFileId="5" StartOffset="4093"/>
</Header>
<LocList>
<Loc EndOffset="4383" SrcFileId="5" StartOffset="4093"/>
</LocList>
<StmntSeq Intrnl_Id="521">
<LocList>
<Loc EndOffset="4362" SrcFileId="5" StartOffset="4149"/>
<Loc EndOffset="4379" SrcFileId="5" StartOffset="4366"/>
</LocList>
<CondStmnt CovItemId="S39" CovItemPrefix="devops.hw1.core.Player.java" Intrnl_Id="522">
<Branch CovItemId="B9" CovItemPrefix="devops.hw1.core.Player.java" Implct="false" Intrnl_Id="523">
<Cond/>
<LocList>
<Loc EndOffset="4362" SrcFileId="5" StartOffset="4166"/>
</LocList>
<StmntSeq Intrnl_Id="524">
<LocList>
<Loc EndOffset="4206" SrcFileId="5" StartOffset="4172"/>
<Loc EndOffset="4357" SrcFileId="5" StartOffset="4211"/>
</LocList>
<BasicStmnt CovItemId="S40" CovItemPrefix="devops.hw1.core.Player.java" Intrnl_Id="525">
<LocList>
<Loc EndOffset="4206" SrcFileId="5" StartOffset="4172"/>
</LocList>
</BasicStmnt>
<CondStmnt CovItemId="S41" CovItemPrefix="devops.hw1.core.Player.java" Intrnl_Id="526">
<Branch CovItemId="B11" CovItemPrefix="devops.hw1.core.Player.java" Implct="false" Intrnl_Id="527">
<Cond/>
<LocList>
<Loc EndOffset="4357" SrcFileId="5" StartOffset="4239"/>
</LocList>
<StmntSeq Intrnl_Id="528">
<LocList>
<Loc EndOffset="4274" SrcFileId="5" StartOffset="4246"/>
<Loc EndOffset="4304" SrcFileId="5" StartOffset="4280"/>
<Loc EndOffset="4333" SrcFileId="5" StartOffset="4310"/>
<Loc EndOffset="4351" SrcFileId="5" StartOffset="4339"/>
</LocList>
<BasicStmnt CovItemId="S42" CovItemPrefix="devops.hw1.core.Player.java" Intrnl_Id="529">
<LocList>
<Loc EndOffset="4274" SrcFileId="5" StartOffset="4246"/>
</LocList>
</BasicStmnt>
<BasicStmnt CovItemId="S43" CovItemPrefix="devops.hw1.core.Player.java" Intrnl_Id="530">
<LocList>
<Loc EndOffset="4304" SrcFileId="5" StartOffset="4280"/>
</LocList>
</BasicStmnt>
<BasicStmnt CovItemId="S44" CovItemPrefix="devops.hw1.core.Player.java" Intrnl_Id="531">
<LocList>
<Loc EndOffset="4333" SrcFileId="5" StartOffset="4310"/>
</LocList>
</BasicStmnt>
<BasicStmnt CovItemId="S45" CovItemPrefix="devops.hw1.core.Player.java" Intrnl_Id="532">
<LocList>
<Loc EndOffset="4351" SrcFileId="5" StartOffset="4339"/>
</LocList>
</BasicStmnt>
</StmntSeq>
</Branch>
<Branch CovItemId="B12" CovItemPrefix="devops.hw1.core.Player.java" Implct="true" Intrnl_Id="533">
<Cond/>
<LocList/>
<StmntSeq Intrnl_Id="534">
<LocList/>
</StmntSeq>
</Branch>
<Keyword EndOffset="4213" SrcFileId="5" StartOffset="4211"/>
<LocList>
<Loc EndOffset="4357" SrcFileId="5" StartOffset="4211"/>
</LocList>
<RootTerm CovItemId="C7" CovItemPrefix="devops.hw1.core.Player.java" Intrnl_Id="535">
<BasicBoolTerm Intrnl_Id="536">
<LocList>
<Loc EndOffset="4237" SrcFileId="5" StartOffset="4215"/>
</LocList>
</BasicBoolTerm>
</RootTerm>
</CondStmnt>
</StmntSeq>
</Branch>
<Branch CovItemId="B10" CovItemPrefix="devops.hw1.core.Player.java" Implct="true" Intrnl_Id="537">
<Cond/>
<LocList/>
<StmntSeq Intrnl_Id="538">
<LocList/>
</StmntSeq>
</Branch>
<Keyword EndOffset="4151" SrcFileId="5" StartOffset="4149"/>
<LocList>
<Loc EndOffset="4362" SrcFileId="5" StartOffset="4149"/>
</LocList>
<RootTerm CovItemId="C6" CovItemPrefix="devops.hw1.core.Player.java" Intrnl_Id="539">
<BasicBoolTerm Intrnl_Id="540">
<LocList>
<Loc EndOffset="4165" SrcFileId="5" StartOffset="4153"/>
</LocList>
</BasicBoolTerm>
</RootTerm>
</CondStmnt>
<BasicStmnt CovItemId="S46" CovItemPrefix="devops.hw1.core.Player.java" Intrnl_Id="541">
<LocList>
<Loc EndOffset="4379" SrcFileId="5" StartOffset="4366"/>
</LocList>
</BasicStmnt>
</StmntSeq>
</HierarchyLvl>
<HierarchyLvl HierarchyLvlId="438" HierarchyLvlTypeId="10" Intrnl_Id="542" Name="getHandSize">
<Header>
<Loc EndOffset="4508" SrcFileId="5" StartOffset="4484"/>
</Header>
<LocList>
<Loc EndOffset="4548" SrcFileId="5" StartOffset="4484"/>
</LocList>
<StmntSeq Intrnl_Id="543">
<LocList>
<Loc EndOffset="4544" SrcFileId="5" StartOffset="4514"/>
</LocList>
<BasicStmnt CovItemId="S47" CovItemPrefix="devops.hw1.core.Player.java" Intrnl_Id="544">
<LocList>
<Loc EndOffset="4544" SrcFileId="5" StartOffset="4514"/>
</LocList>
</BasicStmnt>
</StmntSeq>
</HierarchyLvl>
<HierarchyLvl HierarchyLvlId="439" HierarchyLvlTypeId="10" Intrnl_Id="545" Name="drawCard">
<Header>
<Loc EndOffset="4659" SrcFileId="5" StartOffset="4637"/>
</Header>
<LocList>
<Loc EndOffset="4904" SrcFileId="5" StartOffset="4637"/>
</LocList>
<StmntSeq Intrnl_Id="546">
<LocList>
<Loc EndOffset="4820" SrcFileId="5" StartOffset="4665"/>
<Loc EndOffset="4866" SrcFileId="5" StartOffset="4824"/>
<Loc EndOffset="4900" SrcFileId="5" StartOffset="4870"/>
</LocList>
<CondStmnt CovItemId="S48" CovItemPrefix="devops.hw1.core.Player.java" Intrnl_Id="547">
<Branch CovItemId="B13" CovItemPrefix="devops.hw1.core.Player.java" Implct="false" Intrnl_Id="548">
<Cond/>
<LocList>
<Loc EndOffset="4820" SrcFileId="5" StartOffset="4696"/>
</LocList>
<StmntSeq Intrnl_Id="549">
<LocList>
<Loc EndOffset="4743" SrcFileId="5" StartOffset="4702"/>
<Loc EndOffset="4773" SrcFileId="5" StartOffset="4748"/>
<Loc EndOffset="4815" SrcFileId="5" StartOffset="4778"/>
</LocList>
<BasicStmnt CovItemId="S49" CovItemPrefix="devops.hw1.core.Player.java" Intrnl_Id="550">
<LocList>
<Loc EndOffset="4743" SrcFileId="5" StartOffset="4702"/>
</LocList>
</BasicStmnt>
<BasicStmnt CovItemId="S50" CovItemPrefix="devops.hw1.core.Player.java" Intrnl_Id="551">
<LocList>
<Loc EndOffset="4773" SrcFileId="5" StartOffset="4748"/>
</LocList>
</BasicStmnt>
<BasicStmnt CovItemId="S51" CovItemPrefix="devops.hw1.core.Player.java" Intrnl_Id="552">
<LocList>
<Loc EndOffset="4815" SrcFileId="5" StartOffset="4778"/>
</LocList>
</BasicStmnt>
</StmntSeq>
</Branch>
<Branch CovItemId="B14" CovItemPrefix="devops.hw1.core.Player.java" Implct="true" Intrnl_Id="553">
<Cond/>
<LocList/>
<StmntSeq Intrnl_Id="554">
<LocList/>
</StmntSeq>
</Branch>
<Keyword EndOffset="4667" SrcFileId="5" StartOffset="4665"/>
<LocList>
<Loc EndOffset="4820" SrcFileId="5" StartOffset="4665"/>
</LocList>
<RootTerm CovItemId="C8" CovItemPrefix="devops.hw1.core.Player.java" Intrnl_Id="555">
<BasicBoolTerm Intrnl_Id="556">
<LocList>
<Loc EndOffset="4694" SrcFileId="5" StartOffset="4669"/>
</LocList>
</BasicBoolTerm>
</RootTerm>
</CondStmnt>
<BasicStmnt CovItemId="S52" CovItemPrefix="devops.hw1.core.Player.java" Intrnl_Id="557">
<LocList>
<Loc EndOffset="4866" SrcFileId="5" StartOffset="4824"/>
</LocList>
</BasicStmnt>
<BasicStmnt CovItemId="S53" CovItemPrefix="devops.hw1.core.Player.java" Intrnl_Id="558">
<LocList>
<Loc EndOffset="4900" SrcFileId="5" StartOffset="4870"/>
</LocList>
</BasicStmnt>
</StmntSeq>
</HierarchyLvl>
<HierarchyLvl HierarchyLvlId="440" HierarchyLvlTypeId="10" Intrnl_Id="559" Name="addCardToDeck">
<Header>
<Loc EndOffset="5061" SrcFileId="5" StartOffset="5024"/>
</Header>
<LocList>
<Loc EndOffset="5205" SrcFileId="5" StartOffset="5024"/>
</LocList>
<StmntSeq Intrnl_Id="560">
<LocList>
<Loc EndOffset="5169" SrcFileId="5" StartOffset="5069"/>
<Loc EndOffset="5201" SrcFileId="5" StartOffset="5175"/>
</LocList>
<CondStmnt CovItemId="S54" CovItemPrefix="devops.hw1.core.Player.java" Intrnl_Id="561">
<Branch CovItemId="B15" CovItemPrefix="devops.hw1.core.Player.java" Implct="false" Intrnl_Id="562">
<Cond/>
<LocList>
<Loc EndOffset="5169" SrcFileId="5" StartOffset="5087"/>
</LocList>
<StmntSeq Intrnl_Id="563">
<LocList>
<Loc EndOffset="5152" SrcFileId="5" StartOffset="5093"/>
<Loc EndOffset="5164" SrcFileId="5" StartOffset="5157"/>
</LocList>
<BasicStmnt CovItemId="S55" CovItemPrefix="devops.hw1.core.Player.java" Intrnl_Id="564">
<LocList>
<Loc EndOffset="5152" SrcFileId="5" StartOffset="5093"/>
</LocList>
</BasicStmnt>
<BasicStmnt CovItemId="S56" CovItemPrefix="devops.hw1.core.Player.java" Intrnl_Id="565">
<LocList>
<Loc EndOffset="5164" SrcFileId="5" StartOffset="5157"/>
</LocList>
</BasicStmnt>
</StmntSeq>
</Branch>
<Branch CovItemId="B16" CovItemPrefix="devops.hw1.core.Player.java" Implct="true" Intrnl_Id="566">
<Cond/>
<LocList/>
<StmntSeq Intrnl_Id="567">
<LocList/>
</StmntSeq>
</Branch>
<Keyword EndOffset="5071" SrcFileId="5" StartOffset="5069"/>
<LocList>
<Loc EndOffset="5169" SrcFileId="5" StartOffset="5069"/>
</LocList>
<RootTerm CovItemId="C9" CovItemPrefix="devops.hw1.core.Player.java" Intrnl_Id="568">
<BasicBoolTerm Intrnl_Id="569">
<LocList>
<Loc EndOffset="5085" SrcFileId="5" StartOffset="5073"/>
</LocList>
</BasicBoolTerm>
</RootTerm>
</CondStmnt>
<BasicStmnt CovItemId="S57" CovItemPrefix="devops.hw1.core.Player.java" Intrnl_Id="570">
<LocList>
<Loc EndOffset="5201" SrcFileId="5" StartOffset="5175"/>
</LocList>
</BasicStmnt>
</StmntSeq>
</HierarchyLvl>
<HierarchyLvl HierarchyLvlId="441" HierarchyLvlTypeId="10" Intrnl_Id="571" Name="addCardToHand">
<Header>
<Loc EndOffset="5364" SrcFileId="5" StartOffset="5327"/>
</Header>
<LocList>
<Loc EndOffset="5506" SrcFileId="5" StartOffset="5327"/>
</LocList>
<StmntSeq Intrnl_Id="572">
<LocList>
<Loc EndOffset="5472" SrcFileId="5" StartOffset="5372"/>
<Loc EndOffset="5502" SrcFileId="5" StartOffset="5476"/>
</LocList>
<CondStmnt CovItemId="S58" CovItemPrefix="devops.hw1.core.Player.java" Intrnl_Id="573">
<Branch CovItemId="B17" CovItemPrefix="devops.hw1.core.Player.java" Implct="false" Intrnl_Id="574">
<Cond/>
<LocList>
<Loc EndOffset="5472" SrcFileId="5" StartOffset="5390"/>
</LocList>
<StmntSeq Intrnl_Id="575">
<LocList>
<Loc EndOffset="5455" SrcFileId="5" StartOffset="5396"/>
<Loc EndOffset="5467" SrcFileId="5" StartOffset="5460"/>
</LocList>
<BasicStmnt CovItemId="S59" CovItemPrefix="devops.hw1.core.Player.java" Intrnl_Id="576">
<LocList>
<Loc EndOffset="5455" SrcFileId="5" StartOffset="5396"/>
</LocList>
</BasicStmnt>
<BasicStmnt CovItemId="S60" CovItemPrefix="devops.hw1.core.Player.java" Intrnl_Id="577">
<LocList>
<Loc EndOffset="5467" SrcFileId="5" StartOffset="5460"/>
</LocList>
</BasicStmnt>
</StmntSeq>
</Branch>
<Branch CovItemId="B18" CovItemPrefix="devops.hw1.core.Player.java" Implct="true" Intrnl_Id="578">
<Cond/>
<LocList/>
<StmntSeq Intrnl_Id="579">
<LocList/>
</StmntSeq>
</Branch>
<Keyword EndOffset="5374" SrcFileId="5" StartOffset="5372"/>
<LocList>
<Loc EndOffset="5472" SrcFileId="5" StartOffset="5372"/>
</LocList>
<RootTerm CovItemId="C10" CovItemPrefix="devops.hw1.core.Player.java" Intrnl_Id="580">
<BasicBoolTerm Intrnl_Id="581">
<LocList>
<Loc EndOffset="5388" SrcFileId="5" StartOffset="5376"/>
</LocList>
</BasicBoolTerm>
</RootTerm>
</CondStmnt>
<BasicStmnt CovItemId="S61" CovItemPrefix="devops.hw1.core.Player.java" Intrnl_Id="582">
<LocList>
<Loc EndOffset="5502" SrcFileId="5" StartOffset="5476"/>
</LocList>
</BasicStmnt>
</StmntSeq>
</HierarchyLvl>
<HierarchyLvl HierarchyLvlId="442" HierarchyLvlTypeId="10" Intrnl_Id="583" Name="getHand">
<Header>
<Loc EndOffset="5646" SrcFileId="5" StartOffset="5613"/>
</Header>
<LocList>
<Loc EndOffset="5679" SrcFileId="5" StartOffset="5613"/>
</LocList>
<StmntSeq Intrnl_Id="584">
<LocList>
<Loc EndOffset="5675" SrcFileId="5" StartOffset="5652"/>
</LocList>
<BasicStmnt CovItemId="S62" CovItemPrefix="devops.hw1.core.Player.java" Intrnl_Id="585">
<LocList>
<Loc EndOffset="5675" SrcFileId="5" StartOffset="5652"/>
</LocList>
</BasicStmnt>
</StmntSeq>
</HierarchyLvl>
<HierarchyLvl HierarchyLvlId="443" HierarchyLvlTypeId="10" Intrnl_Id="586" Name="playCard">
<Header>
<Loc EndOffset="5813" SrcFileId="5" StartOffset="5781"/>
</Header>
<LocList>
<Loc EndOffset="6119" SrcFileId="5" StartOffset="5781"/>
</LocList>
<StmntSeq Intrnl_Id="587">
<LocList>
<Loc EndOffset="5914" SrcFileId="5" StartOffset="5821"/>
<Loc EndOffset="5947" SrcFileId="5" StartOffset="5918"/>
<Loc EndOffset="6064" SrcFileId="5" StartOffset="5951"/>
<Loc EndOffset="6092" SrcFileId="5" StartOffset="6068"/>
<Loc EndOffset="6115" SrcFileId="5" StartOffset="6096"/>
</LocList>
<CondStmnt CovItemId="S63" CovItemPrefix="devops.hw1.core.Player.java" Intrnl_Id="588">
<Branch CovItemId="B19" CovItemPrefix="devops.hw1.core.Player.java" Implct="false" Intrnl_Id="589">
<Cond/>
<LocList>
<Loc EndOffset="5914" SrcFileId="5" StartOffset="5839"/>
</LocList>
<StmntSeq Intrnl_Id="590">
<LocList>
<Loc EndOffset="5897" SrcFileId="5" StartOffset="5845"/>
<Loc EndOffset="5909" SrcFileId="5" StartOffset="5902"/>
</LocList>
<BasicStmnt CovItemId="S64" CovItemPrefix="devops.hw1.core.Player.java" Intrnl_Id="591">
<LocList>
<Loc EndOffset="5897" SrcFileId="5" StartOffset="5845"/>
</LocList>
</BasicStmnt>
<BasicStmnt CovItemId="S65" CovItemPrefix="devops.hw1.core.Player.java" Intrnl_Id="592">
<LocList>
<Loc EndOffset="5909" SrcFileId="5" StartOffset="5902"/>
</LocList>
</BasicStmnt>
</StmntSeq>
</Branch>
<Branch CovItemId="B20" CovItemPrefix="devops.hw1.core.Player.java" Implct="true" Intrnl_Id="593">
<Cond/>
<LocList/>
<StmntSeq Intrnl_Id="594">
<LocList/>
</StmntSeq>
</Branch>
<Keyword EndOffset="5823" SrcFileId="5" StartOffset="5821"/>
<LocList>
<Loc EndOffset="5914" SrcFileId="5" StartOffset="5821"/>
</LocList>
<RootTerm CovItemId="C11" CovItemPrefix="devops.hw1.core.Player.java" Intrnl_Id="595">
<BasicBoolTerm Intrnl_Id="596">
<LocList>
<Loc EndOffset="5837" SrcFileId="5" StartOffset="5825"/>
</LocList>
</BasicBoolTerm>
</RootTerm>
</CondStmnt>
<BasicStmnt CovItemId="S66" CovItemPrefix="devops.hw1.core.Player.java" Intrnl_Id="597">
<LocList>
<Loc EndOffset="5947" SrcFileId="5" StartOffset="5918"/>
</LocList>
</BasicStmnt>
<CondStmnt CovItemId="S67" CovItemPrefix="devops.hw1.core.Player.java" Intrnl_Id="598">
<Branch CovItemId="B21" CovItemPrefix="devops.hw1.core.Player.java" Implct="false" Intrnl_Id="599">
<Cond/>
<LocList>
<Loc EndOffset="6064" SrcFileId="5" StartOffset="6017"/>
</LocList>
<StmntSeq Intrnl_Id="600">
<LocList>
<Loc EndOffset="6047" SrcFileId="5" StartOffset="6023"/>
<Loc EndOffset="6059" SrcFileId="5" StartOffset="6052"/>
</LocList>
<BasicStmnt CovItemId="S68" CovItemPrefix="devops.hw1.core.Player.java" Intrnl_Id="601">
<LocList>
<Loc EndOffset="6047" SrcFileId="5" StartOffset="6023"/>
</LocList>
</BasicStmnt>
<BasicStmnt CovItemId="S69" CovItemPrefix="devops.hw1.core.Player.java" Intrnl_Id="602">
<LocList>
<Loc EndOffset="6059" SrcFileId="5" StartOffset="6052"/>
</LocList>
</BasicStmnt>
</StmntSeq>
</Branch>
<Branch CovItemId="B22" CovItemPrefix="devops.hw1.core.Player.java" Implct="true" Intrnl_Id="603">
<Cond/>
<LocList/>
<StmntSeq Intrnl_Id="604">
<LocList/>
</StmntSeq>
</Branch>
<Keyword EndOffset="5953" SrcFileId="5" StartOffset="5951"/>
<LocList>
<Loc EndOffset="6064" SrcFileId="5" StartOffset="5951"/>
</LocList>
<RootTerm CovItemId="C12" CovItemPrefix="devops.hw1.core.Player.java" Intrnl_Id="605">
<OpTerm BooleanOpId="6" Intrnl_Id="606">
<BasicBoolTerm Intrnl_Id="607">
<LocList>
<Loc EndOffset="5977" SrcFileId="5" StartOffset="5955"/>
</LocList>
</BasicBoolTerm>
<BasicBoolTerm Intrnl_Id="608">
<LocList>
<Loc EndOffset="6015" SrcFileId="5" StartOffset="5981"/>
</LocList>
</BasicBoolTerm>
<LocList>
<Loc EndOffset="5980" SrcFileId="5" StartOffset="5978"/>
</LocList>
</OpTerm>
</RootTerm>
</CondStmnt>
<BasicStmnt CovItemId="S70" CovItemPrefix="devops.hw1.core.Player.java" Intrnl_Id="609">
<LocList>
<Loc EndOffset="6092" SrcFileId="5" StartOffset="6068"/>
</LocList>
</BasicStmnt>
<BasicStmnt CovItemId="S71" CovItemPrefix="devops.hw1.core.Player.java" Intrnl_Id="610">
<LocList>
<Loc EndOffset="6115" SrcFileId="5" StartOffset="6096"/>
</LocList>
</BasicStmnt>
</StmntSeq>
</HierarchyLvl>
<HierarchyLvl HierarchyLvlId="444" HierarchyLvlTypeId="10" Intrnl_Id="611" Name="addConstruct">
<Header>
<Loc EndOffset="6161" SrcFileId="5" StartOffset="6125"/>
</Header>
<LocList>
<Loc EndOffset="6197" SrcFileId="5" StartOffset="6125"/>
</LocList>
<StmntSeq Intrnl_Id="612">
<LocList>
<Loc EndOffset="6193" SrcFileId="5" StartOffset="6167"/>
</LocList>
<BasicStmnt CovItemId="S72" CovItemPrefix="devops.hw1.core.Player.java" Intrnl_Id="613">
<LocList>
<Loc EndOffset="6193" SrcFileId="5" StartOffset="6167"/>
</LocList>
</BasicStmnt>
</StmntSeq>
</HierarchyLvl>
<HierarchyLvl HierarchyLvlId="445" HierarchyLvlTypeId="10" Intrnl_Id="614" Name="drawCard">
<Header>
<Loc EndOffset="6386" SrcFileId="5" StartOffset="6355"/>
</Header>
<LocList>
<Loc EndOffset="6455" SrcFileId="5" StartOffset="6355"/>
</LocList>
<StmntSeq Intrnl_Id="615">
<LocList>
<Loc EndOffset="6451" SrcFileId="5" StartOffset="6392"/>
</LocList>
<LoopStmnt CovItemId="S73" CovItemPrefix="devops.hw1.core.Player.java" Intrnl_Id="616" MltplExecId="L3-2" MltplExecPrefix="devops.hw1.core.Player.java" NvrExecId="L3-0" NvrExecPrefix="devops.hw1.core.Player.java" OnceExecutedId="L3-1" OnceExecutedPrefix="devops.hw1.core.Player.java" OptBodyExec="true">
<StmntSeq Intrnl_Id="617">
<LocList>
<Loc EndOffset="6446" SrcFileId="5" StartOffset="6430"/>
</LocList>
<BasicStmnt CovItemId="S74" CovItemPrefix="devops.hw1.core.Player.java" Intrnl_Id="618">
<LocList>
<Loc EndOffset="6446" SrcFileId="5" StartOffset="6430"/>
</LocList>
</BasicStmnt>
</StmntSeq>
<Keyword EndOffset="6395" SrcFileId="5" StartOffset="6392"/>
<LocList>
<Loc EndOffset="6451" SrcFileId="5" StartOffset="6392"/>
</LocList>
<RootTerm CovItemId="C13" CovItemPrefix="devops.hw1.core.Player.java" Intrnl_Id="619">
<BasicBoolTerm Intrnl_Id="620">
<LocList>
<Loc EndOffset="6417" SrcFileId="5" StartOffset="6408"/>
</LocList>
</BasicBoolTerm>
</RootTerm>
</LoopStmnt>
</StmntSeq>
</HierarchyLvl>
<HierarchyLvl HierarchyLvlId="446" HierarchyLvlTypeId="10" Intrnl_Id="621" Name="getDeck">
<Header>
<Loc EndOffset="6532" SrcFileId="5" StartOffset="6503"/>
</Header>
<LocList>
<Loc EndOffset="6565" SrcFileId="5" StartOffset="6503"/>
</LocList>
<StmntSeq Intrnl_Id="622">
<LocList>
<Loc EndOffset="6561" SrcFileId="5" StartOffset="6538"/>
</LocList>
<BasicStmnt CovItemId="S75" CovItemPrefix="devops.hw1.core.Player.java" Intrnl_Id="623">
<LocList>
<Loc EndOffset="6561" SrcFileId="5" StartOffset="6538"/>
</LocList>
</BasicStmnt>
</StmntSeq>
</HierarchyLvl>
<HierarchyLvl HierarchyLvlId="447" HierarchyLvlTypeId="10" Intrnl_Id="624" Name="getDeckSize">
<Header>
<Loc EndOffset="6666" SrcFileId="5" StartOffset="6642"/>
</Header>
<LocList>
<Loc EndOffset="6706" SrcFileId="5" StartOffset="6642"/>
</LocList>
<StmntSeq Intrnl_Id="625">
<LocList>
<Loc EndOffset="6702" SrcFileId="5" StartOffset="6672"/>
</LocList>
<BasicStmnt CovItemId="S76" CovItemPrefix="devops.hw1.core.Player.java" Intrnl_Id="626">
<LocList>
<Loc EndOffset="6702" SrcFileId="5" StartOffset="6672"/>
</LocList>
</BasicStmnt>
</StmntSeq>
</HierarchyLvl>
<HierarchyLvl HierarchyLvlId="448" HierarchyLvlTypeId="10" Intrnl_Id="627" Name="getPower">
<Header>
<Loc EndOffset="6864" SrcFileId="5" StartOffset="6843"/>
</Header>
<LocList>
<Loc EndOffset="6892" SrcFileId="5" StartOffset="6843"/>
</LocList>
<StmntSeq Intrnl_Id="628">
<LocList>
<Loc EndOffset="6888" SrcFileId="5" StartOffset="6870"/>
</LocList>
<BasicStmnt CovItemId="S77" CovItemPrefix="devops.hw1.core.Player.java" Intrnl_Id="629">
<LocList>
<Loc EndOffset="6888" SrcFileId="5" StartOffset="6870"/>
</LocList>
</BasicStmnt>
</StmntSeq>
</HierarchyLvl>
<HierarchyLvl HierarchyLvlId="449" HierarchyLvlTypeId="10" Intrnl_Id="630" Name="addPower">
<Header>
<Loc EndOffset="7029" SrcFileId="5" StartOffset="7002"/>
</Header>
<LocList>
<Loc EndOffset="7055" SrcFileId="5" StartOffset="7002"/>
</LocList>
<StmntSeq Intrnl_Id="631">
<LocList>
<Loc EndOffset="7051" SrcFileId="5" StartOffset="7035"/>
</LocList>
<BasicStmnt CovItemId="S78" CovItemPrefix="devops.hw1.core.Player.java" Intrnl_Id="632">
<LocList>
<Loc EndOffset="7051" SrcFileId="5" StartOffset="7035"/>
</LocList>
</BasicStmnt>
</StmntSeq>
</HierarchyLvl>
<HierarchyLvl HierarchyLvlId="450" HierarchyLvlTypeId="10" Intrnl_Id="633" Name="applyEffects">
<Header>
<Loc EndOffset="7259" SrcFileId="5" StartOffset="7193"/>
</Header>
<LocList>
<Loc EndOffset="7768" SrcFileId="5" StartOffset="7193"/>
</LocList>
<StmntSeq Intrnl_Id="634">
<LocList>
<Loc EndOffset="7314" SrcFileId="5" StartOffset="7265"/>
<Loc EndOffset="7764" SrcFileId="5" StartOffset="7318"/>
</LocList>
<BasicStmnt CovItemId="S79" CovItemPrefix="devops.hw1.core.Player.java" Intrnl_Id="635">
<LocList>
<Loc EndOffset="7314" SrcFileId="5" StartOffset="7265"/>
</LocList>
</BasicStmnt>
<LoopStmnt CovItemId="S80" CovItemPrefix="devops.hw1.core.Player.java" Intrnl_Id="636" MltplExecId="L4-2" MltplExecPrefix="devops.hw1.core.Player.java" NvrExecId="L4-0" NvrExecPrefix="devops.hw1.core.Player.java" OnceExecutedId="L4-1" OnceExecutedPrefix="devops.hw1.core.Player.java" OptBodyExec="true">
<StmntSeq Intrnl_Id="637">
<LocList>
<Loc EndOffset="7759" SrcFileId="5" StartOffset="7354"/>
</LocList>
<CondStmnt CovItemId="S81" CovItemPrefix="devops.hw1.core.Player.java" Intrnl_Id="638">
<Branch CovItemId="B23" CovItemPrefix="devops.hw1.core.Player.java" Implct="false" Intrnl_Id="639">
<Cond>
<Loc EndOffset="7396" SrcFileId="5" StartOffset="7371"/>
</Cond>
<LocList>
<Loc EndOffset="7441" SrcFileId="5" StartOffset="7403"/>
</LocList>
<StmntSeq Intrnl_Id="640">
<LocList>
<Loc EndOffset="7429" SrcFileId="5" StartOffset="7403"/>
<Loc EndOffset="7441" SrcFileId="5" StartOffset="7435"/>
</LocList>
<BasicStmnt CovItemId="S82" CovItemPrefix="devops.hw1.core.Player.java" Intrnl_Id="641">
<LocList>
<Loc EndOffset="7429" SrcFileId="5" StartOffset="7403"/>
</LocList>
</BasicStmnt>
<BasicStmnt CovItemId="S83" CovItemPrefix="devops.hw1.core.Player.java" Intrnl_Id="642">
<LocList>
<Loc EndOffset="7441" SrcFileId="5" StartOffset="7435"/>
</LocList>
</BasicStmnt>
</StmntSeq>
</Branch>
<Branch CovItemId="B24" CovItemPrefix="devops.hw1.core.Player.java" Implct="false" Intrnl_Id="643">
<Cond>
<Loc EndOffset="7471" SrcFileId="5" StartOffset="7446"/>
</Cond>
<LocList>
<Loc EndOffset="7516" SrcFileId="5" StartOffset="7478"/>
</LocList>
<StmntSeq Intrnl_Id="644">
<LocList>
<Loc EndOffset="7504" SrcFileId="5" StartOffset="7478"/>
<Loc EndOffset="7516" SrcFileId="5" StartOffset="7510"/>
</LocList>
<BasicStmnt CovItemId="S84" CovItemPrefix="devops.hw1.core.Player.java" Intrnl_Id="645">
<LocList>
<Loc EndOffset="7504" SrcFileId="5" StartOffset="7478"/>
</LocList>
</BasicStmnt>
<BasicStmnt CovItemId="S85" CovItemPrefix="devops.hw1.core.Player.java" Intrnl_Id="646">
<LocList>
<Loc EndOffset="7516" SrcFileId="5" StartOffset="7510"/>
</LocList>
</BasicStmnt>
</StmntSeq>
</Branch>
<Branch CovItemId="B25" CovItemPrefix="devops.hw1.core.Player.java" Implct="false" Intrnl_Id="647">
<Cond>
<Loc EndOffset="7545" SrcFileId="5" StartOffset="7521"/>
</Cond>
<LocList>
<Loc EndOffset="7590" SrcFileId="5" StartOffset="7552"/>
</LocList>
<StmntSeq Intrnl_Id="648">
<LocList>
<Loc EndOffset="7578" SrcFileId="5" StartOffset="7552"/>
<Loc EndOffset="7590" SrcFileId="5" StartOffset="7584"/>
</LocList>
<BasicStmnt CovItemId="S86" CovItemPrefix="devops.hw1.core.Player.java" Intrnl_Id="649">
<LocList>
<Loc EndOffset="7578" SrcFileId="5" StartOffset="7552"/>
</LocList>
</BasicStmnt>
<BasicStmnt CovItemId="S87" CovItemPrefix="devops.hw1.core.Player.java" Intrnl_Id="650">
<LocList>
<Loc EndOffset="7590" SrcFileId="5" StartOffset="7584"/>
</LocList>
</BasicStmnt>
</StmntSeq>
</Branch>
<Branch CovItemId="B26" CovItemPrefix="devops.hw1.core.Player.java" Implct="false" Intrnl_Id="651">
<Cond>
<Loc EndOffset="7620" SrcFileId="5" StartOffset="7595"/>
</Cond>
<LocList>
<Loc EndOffset="7665" SrcFileId="5" StartOffset="7627"/>
</LocList>
<StmntSeq Intrnl_Id="652">
<LocList>
<Loc EndOffset="7653" SrcFileId="5" StartOffset="7627"/>
<Loc EndOffset="7665" SrcFileId="5" StartOffset="7659"/>
</LocList>
<BasicStmnt CovItemId="S88" CovItemPrefix="devops.hw1.core.Player.java" Intrnl_Id="653">
<LocList>
<Loc EndOffset="7653" SrcFileId="5" StartOffset="7627"/>
</LocList>
</BasicStmnt>
<BasicStmnt CovItemId="S89" CovItemPrefix="devops.hw1.core.Player.java" Intrnl_Id="654">
<LocList>
<Loc EndOffset="7665" SrcFileId="5" StartOffset="7659"/>
</LocList>
</BasicStmnt>
</StmntSeq>
</Branch>
<Branch CovItemId="B27" CovItemPrefix="devops.hw1.core.Player.java" Implct="false" Intrnl_Id="655">
<Cond>
<Loc EndOffset="7696" SrcFileId="5" StartOffset="7670"/>
</Cond>
<LocList>
<Loc EndOffset="7749" SrcFileId="5" StartOffset="7703"/>
</LocList>
<StmntSeq Intrnl_Id="656">
<LocList>
<Loc EndOffset="7737" SrcFileId="5" StartOffset="7703"/>
<Loc EndOffset="7749" SrcFileId="5" StartOffset="7743"/>
</LocList>
<BasicStmnt CovItemId="S90" CovItemPrefix="devops.hw1.core.Player.java" Intrnl_Id="657">
<LocList>
<Loc EndOffset="7737" SrcFileId="5" StartOffset="7703"/>
</LocList>
</BasicStmnt>
<BasicStmnt CovItemId="S91" CovItemPrefix="devops.hw1.core.Player.java" Intrnl_Id="658">
<LocList>
<Loc EndOffset="7749" SrcFileId="5" StartOffset="7743"/>
</LocList>
</BasicStmnt>
</StmntSeq>
</Branch>
<Branch CovItemId="B28" CovItemPrefix="devops.hw1.core.Player.java" Implct="true" Intrnl_Id="659">
<Cond/>
<LocList/>
<StmntSeq Intrnl_Id="660">
<LocList/>
</StmntSeq>
</Branch>
<Keyword EndOffset="7360" SrcFileId="5" StartOffset="7354"/>
<LocList>
<Loc EndOffset="7759" SrcFileId="5" StartOffset="7354"/>
</LocList>
</CondStmnt>
</StmntSeq>
<Keyword EndOffset="7321" SrcFileId="5" StartOffset="7318"/>
<LocList>
<Loc EndOffset="7764" SrcFileId="5" StartOffset="7318"/>
</LocList>
</LoopStmnt>
</StmntSeq>
</HierarchyLvl>
<HierarchyLvl HierarchyLvlId="451" HierarchyLvlTypeId="10" Intrnl_Id="661" Name="banishCard">
<Header>
<Loc EndOffset="7825" SrcFileId="5" StartOffset="7774"/>
</Header>
<LocList>
<Loc EndOffset="7910" SrcFileId="5" StartOffset="7774"/>
</LocList>
<StmntSeq Intrnl_Id="662">
<LocList>
<Loc EndOffset="7906" SrcFileId="5" StartOffset="7830"/>
</LocList>
<CondStmnt CovItemId="S92" CovItemPrefix="devops.hw1.core.Player.java" Intrnl_Id="663">
<Branch CovItemId="B29" CovItemPrefix="devops.hw1.core.Player.java" Implct="false" Intrnl_Id="664">
<Cond/>
<LocList>
<Loc EndOffset="7906" SrcFileId="5" StartOffset="7868"/>
</LocList>
<StmntSeq Intrnl_Id="665">
<LocList>
<Loc EndOffset="7901" SrcFileId="5" StartOffset="7874"/>
</LocList>
<BasicStmnt CovItemId="S93" CovItemPrefix="devops.hw1.core.Player.java" Intrnl_Id="666">
<LocList>
<Loc EndOffset="7901" SrcFileId="5" StartOffset="7874"/>
</LocList>
</BasicStmnt>
</StmntSeq>
</Branch>
<Branch CovItemId="B30" CovItemPrefix="devops.hw1.core.Player.java" Implct="true" Intrnl_Id="667">
<Cond/>
<LocList/>
<StmntSeq Intrnl_Id="668">
<LocList/>
</StmntSeq>
</Branch>
<Keyword EndOffset="7832" SrcFileId="5" StartOffset="7830"/>
<LocList>
<Loc EndOffset="7906" SrcFileId="5" StartOffset="7830"/>
</LocList>
<RootTerm CovItemId="C14" CovItemPrefix="devops.hw1.core.Player.java" Intrnl_Id="669">
<OpTerm BooleanOpId="6" Intrnl_Id="670">
<BasicBoolTerm Intrnl_Id="671">
<LocList>
<Loc EndOffset="7850" SrcFileId="5" StartOffset="7834"/>
</LocList>
</BasicBoolTerm>
<BasicBoolTerm Intrnl_Id="672">
<LocList>
<Loc EndOffset="7867" SrcFileId="5" StartOffset="7854"/>
</LocList>
</BasicBoolTerm>
<LocList>
<Loc EndOffset="7853" SrcFileId="5" StartOffset="7851"/>
</LocList>
</OpTerm>
</RootTerm>
</CondStmnt>
</StmntSeq>
</HierarchyLvl>
<HierarchyLvl HierarchyLvlId="452" HierarchyLvlTypeId="10" Intrnl_Id="673" Name="getHonor">
<Header>
<Loc EndOffset="8059" SrcFileId="5" StartOffset="8038"/>
</Header>
<LocList>
<Loc EndOffset="8087" SrcFileId="5" StartOffset="8038"/>
</LocList>
<StmntSeq Intrnl_Id="674">
<LocList>
<Loc EndOffset="8083" SrcFileId="5" StartOffset="8065"/>
</LocList>
<BasicStmnt CovItemId="S94" CovItemPrefix="devops.hw1.core.Player.java" Intrnl_Id="675">
<LocList>
<Loc EndOffset="8083" SrcFileId="5" StartOffset="8065"/>
</LocList>
</BasicStmnt>
</StmntSeq>
</HierarchyLvl>
<HierarchyLvl HierarchyLvlId="453" HierarchyLvlTypeId="10" Intrnl_Id="676" Name="addHonor">
<Header>
<Loc EndOffset="8272" SrcFileId="5" StartOffset="8245"/>
</Header>
<LocList>
<Loc EndOffset="8298" SrcFileId="5" StartOffset="8245"/>
</LocList>
<StmntSeq Intrnl_Id="677">
<LocList>
<Loc EndOffset="8294" SrcFileId="5" StartOffset="8278"/>
</LocList>
<BasicStmnt CovItemId="S95" CovItemPrefix="devops.hw1.core.Player.java" Intrnl_Id="678">
<LocList>
<Loc EndOffset="8294" SrcFileId="5" StartOffset="8278"/>
</LocList>
</BasicStmnt>
</StmntSeq>
</HierarchyLvl>
<HierarchyLvl HierarchyLvlId="454" HierarchyLvlTypeId="10" Intrnl_Id="679" Name="doCard">
<Header>
<Loc EndOffset="8481" SrcFileId="5" StartOffset="8435"/>
</Header>
<LocList>
<Loc EndOffset="8689" SrcFileId="5" StartOffset="8435"/>
</LocList>
<StmntSeq Intrnl_Id="680">
<LocList>
<Loc EndOffset="8516" SrcFileId="5" StartOffset="8487"/>
<Loc EndOffset="8610" SrcFileId="5" StartOffset="8520"/>
<Loc EndOffset="8650" SrcFileId="5" StartOffset="8614"/>
</LocList>
<BasicStmnt CovItemId="S96" CovItemPrefix="devops.hw1.core.Player.java" Intrnl_Id="681">
<LocList>
<Loc EndOffset="8516" SrcFileId="5" StartOffset="8487"/>
</LocList>
</BasicStmnt>
<CondStmnt CovItemId="S97" CovItemPrefix="devops.hw1.core.Player.java" Intrnl_Id="682">
<Branch CovItemId="B31" CovItemPrefix="devops.hw1.core.Player.java" Implct="false" Intrnl_Id="683">
<Cond/>
<LocList>
<Loc EndOffset="8610" SrcFileId="5" StartOffset="8573"/>
</LocList>
<StmntSeq Intrnl_Id="684">
<LocList>
<Loc EndOffset="8605" SrcFileId="5" StartOffset="8579"/>
</LocList>
<BasicStmnt CovItemId="S98" CovItemPrefix="devops.hw1.core.Player.java" Intrnl_Id="685">
<LocList>
<Loc EndOffset="8605" SrcFileId="5" StartOffset="8579"/>
</LocList>
</BasicStmnt>
</StmntSeq>
</Branch>
<Branch CovItemId="B32" CovItemPrefix="devops.hw1.core.Player.java" Implct="true" Intrnl_Id="686">
<Cond/>
<LocList/>
<StmntSeq Intrnl_Id="687">
<LocList/>
</StmntSeq>
</Branch>
<Keyword EndOffset="8522" SrcFileId="5" StartOffset="8520"/>
<LocList>
<Loc EndOffset="8610" SrcFileId="5" StartOffset="8520"/>
</LocList>
<RootTerm CovItemId="C15" CovItemPrefix="devops.hw1.core.Player.java" Intrnl_Id="688">
<OpTerm BooleanOpId="7" Intrnl_Id="689">
<BasicBoolTerm Intrnl_Id="690">
<LocList>
<Loc EndOffset="8543" SrcFileId="5" StartOffset="8524"/>
</LocList>
</BasicBoolTerm>
<BasicBoolTerm Intrnl_Id="691">
<LocList>
<Loc EndOffset="8571" SrcFileId="5" StartOffset="8547"/>
</LocList>
</BasicBoolTerm>
<LocList>
<Loc EndOffset="8546" SrcFileId="5" StartOffset="8544"/>
</LocList>
</OpTerm>
</RootTerm>
</CondStmnt>
<BasicStmnt CovItemId="S99" CovItemPrefix="devops.hw1.core.Player.java" Intrnl_Id="692">
<LocList>
<Loc EndOffset="8650" SrcFileId="5" StartOffset="8614"/>
</LocList>
</BasicStmnt>
</StmntSeq>
</HierarchyLvl>
<HierarchyLvl HierarchyLvlId="455" HierarchyLvlTypeId="10" Intrnl_Id="693" Name="getBanishLocation">
<Header>
<Loc EndOffset="8725" SrcFileId="5" StartOffset="8695"/>
</Header>
<LocList>
<Loc EndOffset="8762" SrcFileId="5" StartOffset="8695"/>
</LocList>
<StmntSeq Intrnl_Id="694">
<LocList>
<Loc EndOffset="8758" SrcFileId="5" StartOffset="8731"/>
</LocList>
<BasicStmnt CovItemId="S100" CovItemPrefix="devops.hw1.core.Player.java" Intrnl_Id="695">
<LocList>
<Loc EndOffset="8758" SrcFileId="5" StartOffset="8731"/>
</LocList>
</BasicStmnt>
</StmntSeq>
</HierarchyLvl>
<HierarchyLvl HierarchyLvlId="456" HierarchyLvlTypeId="10" Intrnl_Id="696" Name="getConstructs">
<Header>
<Loc EndOffset="9053" SrcFileId="5" StartOffset="9014"/>
</Header>
<LocList>
<Loc EndOffset="9086" SrcFileId="5" StartOffset="9014"/>
</LocList>
<StmntSeq Intrnl_Id="697">
<LocList>
<Loc EndOffset="9082" SrcFileId="5" StartOffset="9059"/>
</LocList>
<BasicStmnt CovItemId="S101" CovItemPrefix="devops.hw1.core.Player.java" Intrnl_Id="698">
<LocList>
<Loc EndOffset="9082" SrcFileId="5" StartOffset="9059"/>
</LocList>
</BasicStmnt>
</StmntSeq>
</HierarchyLvl>
<HierarchyLvl HierarchyLvlId="457" HierarchyLvlTypeId="10" Intrnl_Id="699" Name="discardConstruct">
<Header>
<Loc EndOffset="9370" SrcFileId="5" StartOffset="9330"/>
</Header>
<LocList>
<Loc EndOffset="9432" SrcFileId="5" StartOffset="9330"/>
</LocList>
<StmntSeq Intrnl_Id="700">
<LocList>
<Loc EndOffset="9405" SrcFileId="5" StartOffset="9376"/>
<Loc EndOffset="9428" SrcFileId="5" StartOffset="9409"/>
</LocList>
<BasicStmnt CovItemId="S102" CovItemPrefix="devops.hw1.core.Player.java" Intrnl_Id="701">
<LocList>
<Loc EndOffset="9405" SrcFileId="5" StartOffset="9376"/>
</LocList>
</BasicStmnt>
<BasicStmnt CovItemId="S103" CovItemPrefix="devops.hw1.core.Player.java" Intrnl_Id="702">
<LocList>
<Loc EndOffset="9428" SrcFileId="5" StartOffset="9409"/>
</LocList>
</BasicStmnt>
</StmntSeq>
</HierarchyLvl>
</HierarchyLvl>
</HierarchyLvl>
</HierarchyLvl>
</HierarchyLvl>
</HierarchyLvl>
</MASTRoot>
</TestSessionContainer>
