<?xml version="1.0" encoding="UTF-8"?><TestSessionContainer xmlns="http://www.codecover.org/xml/testsession-container" Date="1461889779619" TestSessionContainerId="207574d7-aa50-4794-bf81-bac718365ec5" version="1.0">
<SrcFileList>
<SrcFile Content="/**&#13;&#10; * &#13;&#10; */&#13;&#10;package devops.hw1.core;&#13;&#10;&#13;&#10;import java.io.IOException;&#13;&#10;import java.util.ArrayList;&#13;&#10;import java.util.Collections;&#13;&#10;import java.util.HashMap;&#13;&#10;import java.util.LinkedList;&#13;&#10;import java.util.Queue;&#13;&#10;&#13;&#10;/**&#13;&#10; * @author fenogljc&#13;&#10; *&#13;&#10; */&#13;&#10;public class Player {&#13;&#10;&#13;&#10;&#9;private int runes;&#13;&#10;&#9;private int power;&#13;&#10;&#9;private int honor;&#13;&#10;&#9;private ArrayList&lt;ACard&gt; discardPile;&#13;&#10;&#9;private ArrayList&lt;ACard&gt; playerHand;&#13;&#10;&#9;private LinkedList&lt;ACard&gt; playerDeck;&#13;&#10;&#13;&#10;&#9;/**&#13;&#10;&#9; * The constructor creates a player with a hand of five cards and a deck of five cards.&#13;&#10;&#9; */&#13;&#10;&#9;&#13;&#10;&#9;private Player() {&#9;&#13;&#10;&#9;&#9;try {&#13;&#10;&#9;&#9;&#9;new CardCollection();&#13;&#10;&#9;&#9;} catch (IOException e) {&#13;&#10;&#9;&#9;&#9;System.out.println(&quot;Could not find file&quot;);&#13;&#10;&#9;&#9;}&#13;&#10;&#9;&#9;this.discardPile = new ArrayList&lt;ACard&gt;();&#13;&#10;&#9;&#9;this.playerHand = new ArrayList&lt;ACard&gt;();&#13;&#10;&#9;&#9;this.playerDeck = new LinkedList&lt;ACard&gt;();&#13;&#10;&#9;&#9;this.initialiseDeck();&#13;&#10;&#9;&#9;Collections.shuffle(this.playerDeck);&#13;&#10;&#9;&#9;this.drawCard(5);&#13;&#10;&#9;}&#13;&#10;&#13;&#10;&#9;/**&#13;&#10;&#9; * &#13;&#10;&#9; */&#13;&#10;&#9;public void initialiseDeck() {&#13;&#10;&#9;&#9;&#9;for (int i = 0; i &lt; 8; i++) { &#13;&#10;&#9;&#9;&#9;this.addCardToDeck(CardCollection.apprentice);&#13;&#10;&#9;&#9;}&#13;&#10;&#9;&#9;for (int j = 0; j &lt; 2; j++) {&#13;&#10;&#9;&#9;&#9;this.addCardToDeck(CardCollection.militia);&#13;&#10;&#9;&#9;}&#9;&#9;&#13;&#10;&#9;}&#13;&#10;&#9;&#13;&#10;&#9;/**&#13;&#10;&#9; * &#13;&#10;&#9; * Puts all of the players cards into the discard pile and draws &#13;&#10;&#9; * 5 pcards for a new hand&#13;&#10;&#9; *&#13;&#10;&#9; */&#13;&#10;&#9;public void endTurn(){&#13;&#10;&#9;&#9;this.discardPile.addAll(this.getHand());&#13;&#10;&#9;&#9;this.getHand().clear();&#13;&#10;&#9;&#9;this.setRunes(0);&#13;&#10;&#9;&#9;this.addPower(0-this.power);&#13;&#10;&#9;&#9;this.drawCard(5);&#9;&#13;&#10;&#9;}&#13;&#10;&#13;&#10;&#9;/**&#13;&#10;&#9; * This constructs and returns a player.&#13;&#10;&#9; * &#13;&#10;&#9; * @return&#13;&#10;&#9; */&#13;&#10;&#9;public static Player makePlayer() {&#13;&#10;&#9;&#9;Player newPlayer = new Player();&#13;&#10;&#9;&#9;return newPlayer;&#13;&#10;&#9;}&#13;&#10;&#13;&#10;&#9;/**&#13;&#10;&#9; * This adds the given integer amount of runes to the players current total.&#13;&#10;&#9; * &#13;&#10;&#9; * @param i&#13;&#10;&#9; */&#13;&#10;&#9;public void addRunes(int i) {&#13;&#10;&#9;&#9;this.setRunes((i + this.getRunes() &gt; 0) ? this.getRunes() + i : 0);&#13;&#10;&#9;}&#13;&#10;&#13;&#10;&#9;/**&#13;&#10;&#9; * This returns the amount of runes the player currently has.&#13;&#10;&#9; * &#13;&#10;&#9; * @return the runes&#13;&#10;&#9; */&#13;&#10;&#9;public int getRunes() {&#13;&#10;&#9;&#9;return this.runes;&#13;&#10;&#9;}&#13;&#10;&#13;&#10;&#9;/**&#13;&#10;&#9; * Sets the amount of runs the player has to the given integer value.&#13;&#10;&#9; * &#13;&#10;&#9; * @param runes&#13;&#10;&#9; *            the runes to set&#13;&#10;&#9; */&#13;&#10;&#9;public void setRunes(int runes) {&#13;&#10;&#9;&#9;this.runes = runes;&#13;&#10;&#9;}&#13;&#10;&#13;&#10;&#9;/**&#13;&#10;&#9; * Returns the size of the player's discard pile.&#13;&#10;&#9; * &#13;&#10;&#9; * @return&#13;&#10;&#9; */&#13;&#10;&#9;public int getDiscardSize() {&#13;&#10;&#9;&#9;return this.discardPile.size();&#13;&#10;&#9;}&#13;&#10;&#13;&#10;&#9;/**&#13;&#10;&#9; * This puts the card given into the discard pile.&#13;&#10;&#9; * &#13;&#10;&#9; * @param card&#13;&#10;&#9; */&#13;&#10;&#9;public void discard(ACard card) {&#13;&#10;&#9;&#9;if (card == null) {&#13;&#10;&#9;&#9;&#9;System.out.println(&quot;attempted to discard null card&quot;);&#13;&#10;&#9;&#9;&#9;return;&#13;&#10;&#9;&#9;}&#13;&#10;&#9;&#9;this.discardPile.add(card);&#13;&#10;&#9;}&#13;&#10;&#13;&#10;&#9;/**&#13;&#10;&#9; * Returns the player's discard pile.&#13;&#10;&#9; * &#13;&#10;&#9; * @return&#13;&#10;&#9; */&#13;&#10;&#9;public ArrayList&lt;ACard&gt; getDiscardPile() {&#13;&#10;&#9;&#9;return this.discardPile;&#13;&#10;&#9;}&#13;&#10;&#13;&#10;&#9;/**&#13;&#10;&#9; * Places the given card into the player's discard pile as well as well as&#13;&#10;&#9; * subtracts the amount of runes the player has available. If you do not&#13;&#10;&#9; * have enough runes, this returns false, otherwise true.&#13;&#10;&#9; * &#13;&#10;&#9; * @param card&#13;&#10;&#9; * @return&#13;&#10;&#9; */&#13;&#10;&#9;public boolean buyCard(ACard card) {&#13;&#10;&#9;&#9;if (card != null &amp;&amp; card.getCost() &lt;= this.runes) {&#13;&#10;&#9;&#9;&#9;this.setRunes(this.runes - card.getCost());&#13;&#10;&#9;&#9;&#9;this.discard(card);&#13;&#10;&#9;&#9;&#9;return true;&#13;&#10;&#9;&#9;}&#13;&#10;&#9;&#9;return false;&#13;&#10;&#9;}&#13;&#10;&#13;&#10;&#9;/**&#13;&#10;&#9; * Attack card will take a card and the board.  &#13;&#10;&#9; * If the player has enough power it will place the card in&#13;&#10;&#9; * the void discard pile&#13;&#10;&#9; * &#13;&#10;&#9; * @param card to be attacked&#13;&#10;&#9; * @return true if attacked and sent to void and false&#13;&#10;&#9; * otherwise&#13;&#10;&#9; */&#13;&#10;&#9;&#13;&#10;&#9;public boolean attackCard(ACard card, Board board) {&#13;&#10;&#9;&#9;if (card != null &amp;&amp; card.getStrength() &lt;= this.power) {&#13;&#10;&#9;&#9;&#9;this.addPower(0 - card.getStrength());&#13;&#10;&#9;&#9;&#9;board.sendToVoid(card);&#13;&#10;&#9;&#9;&#9;return true;&#13;&#10;&#9;&#9;}&#13;&#10;&#9;&#9;return false;&#13;&#10;&#9;}&#13;&#10;&#9;&#13;&#10;&#9;/**&#13;&#10;&#9; * &#13;&#10;&#9; * Returns the size of the player hand&#13;&#10;&#9; *&#13;&#10;&#9; * @return the size of the player hand&#13;&#10;&#9; */&#13;&#10;&#9;public int getHandSize() {&#13;&#10;&#9;&#9;return this.playerHand.size();&#13;&#10;&#9;}&#13;&#10;&#13;&#10;&#9;/**&#13;&#10;&#9; * &#13;&#10;&#9; * Draws a card from the player deck and adds it to the player hand&#13;&#10;&#9; *&#13;&#10;&#9; */&#13;&#10;&#9;public void drawCard() {&#13;&#10;&#9;&#9;if (this.playerDeck.isEmpty()){&#13;&#10;&#9;&#9;&#9;this.playerDeck.addAll(this.discardPile);&#13;&#10;&#9;&#9;&#9;this.discardPile.clear();&#13;&#10;&#9;&#9;&#9;Collections.shuffle(this.playerDeck);&#13;&#10;&#9;&#9;}&#13;&#10;&#9;&#9;ACard fromDeck = this.playerDeck.remove();&#13;&#10;&#9;&#9;this.playerHand.add(fromDeck);&#13;&#10;&#9;}&#13;&#10;&#13;&#10;&#9;/**&#13;&#10;&#9; * &#13;&#10;&#9; * Adds a card to the player's deck&#13;&#10;&#9; *&#13;&#10;&#9; * @param card&#13;&#10;&#9; *            to be added&#13;&#10;&#9; */&#13;&#10;&#9;public void addCardToDeck(ACard card) {&#13;&#10;&#13;&#10;&#9;&#9;if (card == null) {&#13;&#10;&#9;&#9;&#9;System.out.println(&quot;attempted to add a null card to deck&quot;);&#13;&#10;&#9;&#9;&#9;return;&#13;&#10;&#9;&#9;}&#13;&#10;&#13;&#10;&#9;&#9;this.playerDeck.add(card);&#13;&#10;&#9;}&#13;&#10;&#13;&#10;&#9;/**&#13;&#10;&#9; * Adds the given card to the player's hand&#13;&#10;&#9; * &#13;&#10;&#9; * @param card&#13;&#10;&#9; *            to be added&#13;&#10;&#9; */&#13;&#10;&#9;public void addCardToHand(ACard card) {&#13;&#10;&#13;&#10;&#9;&#9;if (card == null){&#13;&#10;&#9;&#9;&#9;System.out.println(&quot;attempted to add a null card to hand&quot;);&#13;&#10;&#9;&#9;&#9;return;&#13;&#10;&#9;&#9;}&#13;&#10;&#9;&#9;this.playerHand.add(card);&#13;&#10;&#9;}&#13;&#10;&#13;&#10;&#9;/**&#13;&#10;&#9; * &#13;&#10;&#9; * Gets the current player hand&#13;&#10;&#9; *&#13;&#10;&#9; * @return the player hand&#13;&#10;&#9; */&#13;&#10;&#9;public ArrayList&lt;ACard&gt; getHand() {&#13;&#10;&#9;&#9;return this.playerHand;&#13;&#10;&#9;}&#13;&#10;&#13;&#10;&#9;/**&#13;&#10;&#9; * &#13;&#10;&#9; * Input check card in hand&#13;&#10;&#9; *&#13;&#10;&#9; * @param card&#13;&#10;&#9; */&#13;&#10;&#9;public void playCard(ACard card) {&#13;&#10;&#9;&#9;&#13;&#10;&#9;&#9;if (card == null) {&#13;&#10;&#9;&#9;&#9;System.out.println(&quot;attempted to play a null card&quot;);&#13;&#10;&#9;&#9;&#9;return;&#13;&#10;&#9;&#9;}&#13;&#10;&#9;&#9;this.playerHand.remove(card);&#13;&#10;&#9;&#9;this.applyEffects(card);&#13;&#10;&#9;&#9;this.discard(card);&#13;&#10;&#9;}&#13;&#10;&#13;&#10;&#9;/**&#13;&#10;&#9; * @param integer&#13;&#10;&#9; */&#13;&#10;&#9;public void drawCard(int cards) {&#13;&#10;&#9;&#9;for (int i = 0; i &lt; cards; i++) {&#13;&#10;&#9;&#9;&#9;this.drawCard();&#13;&#10;&#9;&#9;}&#13;&#10;&#9;}&#13;&#10;&#13;&#10;&#9;/**&#13;&#10;&#9; * @return the Player's Deck&#13;&#10;&#9; */&#13;&#10;&#9;public Queue&lt;ACard&gt; getDeck() {&#13;&#10;&#9;&#9;return this.playerDeck;&#13;&#10;&#9;}&#13;&#10;&#13;&#10;&#9;/**&#13;&#10;&#9; * @return the size of the Player's Deck for unit testing&#13;&#10;&#9; */&#13;&#10;&#9;public int getDeckSize() {&#13;&#10;&#9;&#9;return this.playerDeck.size();&#13;&#10;&#9;}&#13;&#10;&#13;&#10;&#9;/**&#13;&#10;&#9; * This method returns the amount of power the player currently has.&#13;&#10;&#9; * @return how much power the player has&#13;&#10;&#9; */&#13;&#10;&#9;public int getPower() {&#13;&#10;&#9;&#9;return this.power;&#13;&#10;&#9;}&#13;&#10;&#13;&#10;&#9;/**&#13;&#10;&#9; * This method adds power to the total amount of power the player has.&#13;&#10;&#9; * @param i&#13;&#10;&#9; */&#13;&#10;&#9;public void addPower(int i) {&#13;&#10;&#9;&#9;this.power += i;&#13;&#10;&#9;}&#13;&#10;&#13;&#10;&#9;/**&#13;&#10;&#9; * Applies the effects of the given card to the player.&#13;&#10;&#9; * @param card&#13;&#10;&#9; */&#13;&#10;&#9;@SuppressWarnings(&quot;boxing&quot;)&#13;&#10;&#9;public void applyEffects(ACard card) {&#13;&#10;&#9;&#9;HashMap&lt;String, Integer&gt; map = card.getEffects();&#13;&#10;&#9;&#9;for (String k : map.keySet()) {&#13;&#10;&#9;&#9;&#9;switch (k) {&#13;&#10;&#9;&#9;&#9;case CardCollection.RUNES:&#13;&#10;&#9;&#9;&#9;&#9;this.addRunes(map.get(k));&#13;&#10;&#9;&#9;&#9;&#9;break;&#13;&#10;&#9;&#9;&#9;case CardCollection.POWER:&#13;&#10;&#9;&#9;&#9;&#9;this.addPower(map.get(k));&#13;&#10;&#9;&#9;&#9;&#9;break;&#13;&#10;&#9;&#9;&#9;case CardCollection.DRAW:&#13;&#10;&#9;&#9;&#9;&#9;this.drawCard(map.get(k));&#13;&#10;&#9;&#9;&#9;&#9;break;&#13;&#10;&#9;&#9;&#9;case CardCollection.HONOR:&#13;&#10;&#9;&#9;&#9;&#9;this.addHonor(map.get(k));&#13;&#10;&#9;&#9;&#9;&#9;break;&#13;&#10;&#9;&#9;&#9;}&#13;&#10;&#9;&#9;}&#13;&#10;&#9;}&#13;&#10;&#9;&#13;&#10;&#9;/**&#13;&#10;&#9; * This method returns the amount of honor the player has.&#13;&#10;&#9; * @return amount of honor&#13;&#10;&#9; */&#13;&#10;&#9;public int getHonor() {&#13;&#10;&#9;&#9;return this.honor;&#13;&#10;&#9;}&#13;&#10;&#13;&#10;&#9;/**&#13;&#10;&#9; * This method adds the amount given to the total amount of honor that the player has.&#13;&#10;&#9; * @param i&#13;&#10;&#9; */&#13;&#10;&#9;public void addHonor(int i) {&#13;&#10;&#9;&#9;this.honor += i;&#13;&#10;&#9;}&#13;&#10;&#9;&#13;&#10;&#9;&#13;&#10;}&#13;&#10;" Filename="Player.java" Intrnl_Id="1"/>
<SrcFile Content="package devops.hw1.core;&#13;&#10;&#13;&#10;import java.awt.BorderLayout;&#13;&#10;&#13;&#10;import javax.swing.JFrame;&#13;&#10;&#13;&#10;/**&#13;&#10; * &#13;&#10; *Starts the GUI for Ascension&#13;&#10; *&#13;&#10; * @author heshelhj.&#13;&#10; *         Created Apr 22, 2016.&#13;&#10; */&#13;&#10;&#13;&#10;public class MainGUI {&#13;&#10;&#9;&#13;&#10;&#9;private static final int WIDTH = 1220;&#13;&#10;&#9;private static final int HEIGHT = 900;&#13;&#10;&#13;&#10;&#9;public static void main(String[] args) {&#13;&#10;&#9;&#9;Player player1 = Player.makePlayer();&#13;&#10;&#9;&#9;Board board = new Board();&#13;&#10;&#9;&#9;player1.addRunes(0);&#13;&#10;&#9;&#9;GameBoard ascension = new GameBoard(player1, board);&#13;&#10;&#9;&#9;JFrame frame = new JFrame(&quot;ASCENSION&quot;);&#13;&#10;&#9;&#9;frame.setSize(WIDTH, HEIGHT);&#13;&#10;&#9;&#9;&#13;&#10;&#9;&#9;ascension.addMouseListener(new CardListener(player1, ascension.playerList, ascension.centerList, board));&#13;&#10;&#9;&#9;&#13;&#10;&#9;&#9;frame.add(ascension, BorderLayout.CENTER);&#13;&#10;&#9;&#9;&#13;&#10;&#9;&#9;ascension.repaint();&#13;&#10;&#9;&#9;&#13;&#10;&#9;&#9;frame.setDefaultCloseOperation(JFrame.EXIT_ON_CLOSE);&#13;&#10;&#9;&#9;frame.setVisible(true);&#13;&#10;&#9;}&#13;&#10;}&#13;&#10;" Filename="MainGUI.java" Intrnl_Id="2"/>
<SrcFile Content="package devops.hw1.core;&#13;&#10;&#13;&#10;import java.awt.image.BufferedImage;&#13;&#10;import java.util.HashMap;&#13;&#10;&#13;&#10;public class HeroCard extends ACard {&#13;&#10;&#9;&#13;&#10;&#9;public HeroCard(){&#13;&#10;&#9;&#9;this.cost = 0;&#13;&#10;&#9;}&#13;&#10;&#9;&#13;&#10;&#9;public HeroCard(int i){&#13;&#10;&#9;&#9;this.cost = i;&#13;&#10;&#9;}&#13;&#10;&#13;&#10;&#9;/**&#13;&#10;&#9; * Constructs a hero card that has the given information.&#13;&#10;&#9; * @param image&#13;&#10;&#9; * @param name&#13;&#10;&#9; * @param faction&#13;&#10;&#9; * @param cost&#13;&#10;&#9; * @param honor&#13;&#10;&#9; * @param rarity&#13;&#10;&#9; * @param effects&#13;&#10;&#9; */&#13;&#10;&#9;public HeroCard(BufferedImage image, String name, String faction, int cost,&#13;&#10;&#9;&#9;&#9;int honor, int rarity, HashMap&lt;String, Integer&gt; effects) {&#13;&#10;&#9;&#9;this.image = image;&#13;&#10;&#9;&#9;this.name = name;&#13;&#10;&#9;&#9;this.faction = faction;&#13;&#10;&#9;&#9;this.cost = cost;&#13;&#10;&#9;&#9;this.honor = honor;&#13;&#10;&#9;&#9;this.rarity = rarity;&#13;&#10;&#9;&#9;this.effects = effects;&#13;&#10;&#9;}&#13;&#10;&#13;&#10;}&#13;&#10;" Filename="HeroCard.java" Intrnl_Id="3"/>
<SrcFile Content="package devops.hw1.core;&#13;&#10;&#13;&#10;import java.awt.BorderLayout;&#13;&#10;import java.awt.Font;&#13;&#10;import java.awt.Graphics;&#13;&#10;import java.awt.Graphics2D;&#13;&#10;import java.awt.GridLayout;&#13;&#10;import java.awt.Shape;&#13;&#10;import java.awt.event.ActionEvent;&#13;&#10;import java.awt.event.ActionListener;&#13;&#10;import java.awt.image.BufferedImage;&#13;&#10;import java.util.ArrayList;&#13;&#10;&#13;&#10;import javax.swing.JButton;&#13;&#10;import javax.swing.JLabel;&#13;&#10;import javax.swing.JPanel;&#13;&#10;import javax.swing.border.EmptyBorder;&#13;&#10;&#13;&#10;/**&#13;&#10; * The GUI for the Ascension Game Board.&#13;&#10; */&#13;&#10;@SuppressWarnings(&quot;serial&quot;)&#13;&#10;public class GameBoard extends JPanel {&#13;&#10;&#9;&#13;&#10;&#9;// same width &amp; height as the background image&#13;&#10;&#9;private static final int WIDTH = 1220;&#13;&#10;&#9;private static final int HEIGHT = 900;&#13;&#10;&#9;private static final Font LABEL_FONT = new Font(&quot;Serif&quot;, Font.BOLD, 18);&#13;&#10;&#13;&#10;&#9;// background may be made into a separate class or just left out entirely&#13;&#10;//&#9;private BufferedImage background; currently not used&#13;&#10;&#13;&#10;&#9;// labels that display&#13;&#10;&#9;public JLabel runesLabel = new JLabel(&quot;Runes: 0&quot;);&#13;&#10;&#9;public JLabel powerLabel = new JLabel(&quot;Power: 0&quot;);&#13;&#10;&#9;public JLabel deckLabel = new JLabel(&quot;Left in Deck: 5&quot;);&#13;&#10;&#9;public JLabel discard_pileLabel = new JLabel(&quot;Discard: 0&quot;);&#13;&#10;&#9;public JButton endTurnButton = new JButton(&quot;End Turn&quot;);&#13;&#10;&#9;&#13;&#10;&#9;// counters for keeping track of the various information, will be replaced as project progresses&#13;&#10;&#9;public int runeCount;&#13;&#10;&#9;public int powerCount;&#13;&#10;&#9;public int deckCount;&#13;&#10;&#9;public int discardCount;&#13;&#10;&#9;public int honorCount;&#13;&#10;&#9;&#13;&#10;&#9;// tracking positions of cards based on rectangle objects drawn beneath them&#13;&#10;&#9;public ArrayList&lt;Shape&gt; centerList;&#13;&#10;&#9;public ArrayList&lt;Shape&gt; playerList;&#13;&#10;&#9;&#13;&#10;&#9;public Player player;&#13;&#10;&#9;public Board board;&#13;&#10;&#9;&#13;&#10;&#9;//sets bounds for player hand&#13;&#10;&#9;public int playerHandLeft = 300; &#13;&#10;&#9;public int playerHandRight = WIDTH-300;&#13;&#10;&#9;public int playerHandY = HEIGHT - 200;&#13;&#10;&#9;&#13;&#10;&#9;//sets positions for the center cards&#13;&#10;&#9;public int cardY = HEIGHT-500;&#13;&#10;&#9;public int card1X = 300;&#9;&#13;&#10;&#9;/**&#13;&#10;&#9; * The default constructor for the Game Board.&#13;&#10;&#9; */&#13;&#10;&#9;public GameBoard() {&#13;&#10;&#9;&#9;// first call constructor of superclass &#13;&#10;&#9;&#9;super();&#13;&#10;&#9;&#9;&#13;&#10;&#9;&#9;// then initialize value&#13;&#10;&#9;&#9;this.runeCount = 0;&#13;&#10;&#9;&#9;this.powerCount = 0;&#13;&#10;&#9;&#9;this.deckCount = 5;&#13;&#10;&#9;&#9;this.discardCount = 0;&#13;&#10;&#9;&#9;&#13;&#10;&#9;&#9;this.centerList = new ArrayList&lt;Shape&gt;();&#13;&#10;&#9;&#9;this.playerList = new ArrayList&lt;Shape&gt;();&#13;&#10;&#9;&#9;&#13;&#10;&#9;&#9;// Setting the fonts of the labels&#13;&#10;&#9;&#9;this.runesLabel.setFont(LABEL_FONT);&#13;&#10;&#9;&#9;this.powerLabel.setFont(LABEL_FONT);&#13;&#10;&#9;&#9;this.deckLabel.setFont(LABEL_FONT);&#13;&#10;&#9;&#9;this.discard_pileLabel.setFont(LABEL_FONT);&#13;&#10;&#9;&#9;&#13;&#10;&#9;&#9;this.setLayout(new BorderLayout());&#13;&#10;&#9;&#9;&#13;&#10;&#9;&#9;JPanel leftInfo = new JPanel();&#13;&#10;&#9;&#9;leftInfo.setLayout(new GridLayout(4, 1));&#13;&#10;&#9;&#9;leftInfo.add(this.endTurnButton);&#13;&#10;&#9;&#9;leftInfo.add(this.runesLabel);&#13;&#10;&#9;&#9;leftInfo.add(this.powerLabel);&#13;&#10;&#9;&#9;leftInfo.add(this.deckLabel);&#13;&#10;&#9;&#9;&#13;&#10;&#9;&#9;&#13;&#10;&#9;&#9;JPanel labels = new JPanel();&#13;&#10;&#9;&#9;labels.setLayout(new BorderLayout());&#13;&#10;&#9;&#9;labels.add(leftInfo, BorderLayout.WEST);&#13;&#10;&#9;&#9;labels.add(this.discard_pileLabel, BorderLayout.EAST);&#13;&#10;&#9;&#9;labels.setBorder(new EmptyBorder(10, 10, 10, 10));&#13;&#10;&#9;&#9;this.add(labels, BorderLayout.SOUTH);&#13;&#10;&#9;}&#13;&#10;&#9;&#13;&#10;&#9;public GameBoard(Player player, Board board) {&#13;&#10;&#9;&#9;// call the default constructor first&#13;&#10;&#9;&#9;this();&#13;&#10;&#9;&#9;&#13;&#10;&#9;&#9;// then do additional stuff&#13;&#10;&#9;&#9;this.player = player;&#13;&#10;&#9;&#9;this.runeCount = this.player.getRunes();&#13;&#10;&#9;&#9;this.discardCount = this.player.getDiscardSize();&#13;&#10;&#9;&#9;this.board = board;&#13;&#10;&#9;&#9;this.endTurnButton.addActionListener(new EndTurnListener(this.player, this));&#13;&#10;&#9;}&#13;&#10;&#9;/**&#13;&#10;&#9; * Paints the cards onto the game baord&#13;&#10;&#9; */&#13;&#10;&#9;@Override&#13;&#10;&#9;public void paint(Graphics g) {&#13;&#10;&#9;&#9;super.paint(g);&#13;&#10;&#9;&#9;Graphics2D g2 = (Graphics2D) g;&#13;&#10;&#9;&#9;&#13;&#10;&#9;&#9;int numCards = player.getHandSize();&#13;&#10;&#9;&#9;if(numCards!=0){&#13;&#10;&#9;&#9;&#9;int factor = (playerHandRight - playerHandLeft)/numCards;&#13;&#10;&#9;&#9;&#9;for(int i = 0; i &lt; numCards; i++){&#13;&#10;&#9;&#9;&#9;&#9;BufferedImage card = player.getHand().get(i).getImage();&#13;&#10;&#9;&#9;&#9;&#9;g2.drawImage(card, 300+(factor*i), playerHandY, null);&#13;&#10;&#9;&#9;&#9;&#9;&#13;&#10;&#9;&#9;&#9;}&#13;&#10;&#9;&#9;}&#13;&#10;&#9;&#9;for(int j = 0; j &lt; board.getCenField().length; j++){&#13;&#10;&#9;&#9;&#9;BufferedImage card = board.getCenField()[j].getImage();&#13;&#10;&#9;&#9;&#9;g2.drawImage(card, card1X+(100 * j), cardY, null);&#13;&#10;&#9;&#9;&#9;&#13;&#10;&#9;&#9;}&#13;&#10;&#9;&#9;&#13;&#10;&#9;&#9;&#13;&#10;&#9;&#9;if(player.getDiscardSize()!=0){&#13;&#10;&#9;&#9;&#9;g2.drawImage(player.getDiscardPile().get(player.getDiscardSize()-1).getImage(), 20, 600, null);&#13;&#10;&#9;&#9;}&#13;&#10;&#9;&#9;&#13;&#10;&#9;&#13;&#10;&#9;}&#13;&#10;&#9;&#13;&#10;&#9;&#13;&#10;}" Filename="GameBoard.java" Intrnl_Id="4"/>
<SrcFile Content="package devops.hw1.core;&#13;&#10;&#13;&#10;import java.awt.Point;&#13;&#10;import java.awt.Shape;&#13;&#10;import java.awt.event.MouseEvent;&#13;&#10;import java.awt.event.MouseListener;&#13;&#10;import java.util.ArrayList;&#13;&#10;&#13;&#10;/**&#13;&#10; * &#13;&#10; * Handles mouse clicks on cards and on the board&#13;&#10; *&#13;&#10; * @author heshelhj.&#13;&#10; *         Created Apr 22, 2016.&#13;&#10; */&#13;&#10;public class CardListener implements MouseListener {&#13;&#10;&#9;&#13;&#10;//&#9;private Player player;&#13;&#10;&#9;private ArrayList&lt;Shape&gt; playerHandImages;&#13;&#10;&#9;private ArrayList&lt;Shape&gt; centerHandImages;&#13;&#10;&#9;private GameBoard gameboard;&#13;&#10;&#9;private Player player;&#13;&#10;&#9;private Board board;&#13;&#10;&#9;&#13;&#10;&#9;public CardListener(Player player, ArrayList&lt;Shape&gt; playerHandImages, ArrayList&lt;Shape&gt; centerHandImages,Board board) {&#13;&#10;&#9;&#9;this.playerHandImages = playerHandImages;&#13;&#10;&#9;&#9;this.centerHandImages = centerHandImages;&#13;&#10;&#9;&#9;this.player = player;&#13;&#10;&#9;&#9;this.board = board;&#13;&#10;//&#9;&#9;this.playerHand = player.getHand();&#13;&#10;&#9;}&#13;&#10;&#9;/**&#13;&#10;&#9; * Determines if a card has been clicked and takes the appropriate action&#13;&#10;&#9; */&#13;&#10;&#9;public void mouseClicked(MouseEvent e) {&#13;&#10;&#9;&#9;gameboard = (GameBoard) e.getSource();&#13;&#10;&#9;&#9;Point currentPos = gameboard.getMousePosition();&#13;&#10;&#9;&#9;int upperBound = 695;&#13;&#10;&#9;&#9;int lowerBound = 850;&#13;&#10;&#9;&#9;&#13;&#10;&#9;&#9;//if the card clicked is in the player hand&#13;&#10;&#9;&#9;if (player.getHandSize() != 0) {&#13;&#10;&#9;&#9;&#9;int factor = (1220-600) / player.getHandSize();&#13;&#10;&#9;&#9;&#9;&#13;&#10;&#9;&#9;&#9;for (int i = 0; i &lt; player.getHandSize(); i++) {&#13;&#10;&#9;&#9;&#9;&#9;int leftBound = (factor * i) + 300;&#13;&#10;&#9;&#9;&#9;&#9;int rightBound = (factor * i) + 390;&#13;&#10;&#9;&#9;&#9;&#9;if ((currentPos.getX() &lt; rightBound &amp;&amp; currentPos.getX() &gt; leftBound)&#13;&#10;&#9;&#9;&#9;&#9;&#9;&#9;&amp;&amp; (currentPos.getY() &lt; lowerBound &amp;&amp; currentPos.getY() &gt; upperBound)) {&#13;&#10;&#9;&#9;&#9;&#9;&#9;player.playCard(player.getHand().get(i));&#13;&#10;&#9;&#9;&#9;&#9;&#9;break;&#13;&#10;&#9;&#9;&#9;&#9;}&#13;&#10;&#9;&#9;&#9;&#9;&#13;&#10;&#9;&#9;&#9;}&#13;&#10;&#9;&#9;}&#13;&#10;&#13;&#10;&#9;&#9;int centerUpperBound = 400; //board height - 400&#13;&#10;&#9;&#9;int centerLowerBound = 530; //upperbound + card height&#9;&#13;&#10;&#9;&#9;&#13;&#10;&#9;&#9;//if the card click is in the center row&#13;&#10;&#9;&#9;for (int j = 0; j &lt; 6; j++) {&#13;&#10;&#9;&#9;&#9;int leftBound = (100 * j) + 300;&#13;&#10;&#9;&#9;&#9;int rightBound = (100 * j) + 390;&#13;&#10;&#9;&#9;&#9;if ((currentPos.getX() &lt; rightBound &amp;&amp; currentPos.getX() &gt; leftBound)&#13;&#10;&#9;&#9;&#9;&#9;&#9;&amp;&amp; (currentPos.getY() &lt; centerLowerBound &amp;&amp; currentPos.getY() &gt; centerUpperBound)) {&#13;&#10;&#9;&#9;&#9;&#9;if (player.buyCard(board.getCenField()[j])) {&#13;&#10;&#9;&#9;&#9;&#9;&#9;board.centerDeckToField(j);&#9;&#9;&#9;&#9;&#9;&#13;&#10;&#9;&#9;&#9;&#9;}&#13;&#10;&#9;&#9;&#9;&#9;break;&#13;&#10;&#9;&#9;&#9;}&#13;&#10;&#13;&#10;&#9;&#9;}&#13;&#10;&#9;&#9;updateGUI();&#13;&#10;&#13;&#10;&#9;}&#13;&#10;&#9;&#13;&#10;&#9;/**&#13;&#10;&#9; * &#13;&#10;&#9; * updates the labels on the GUI and repaints &#13;&#10;&#9; *&#13;&#10;&#9; */&#13;&#10;&#9;public void updateGUI() {&#13;&#10;&#9;&#9;gameboard.runesLabel.setText(&quot;Runes: &quot; + player.getRunes());&#13;&#10;&#9;&#9;gameboard.powerLabel.setText(&quot;Power: &quot; + player.getPower());&#9;&#9;&#9;&#9;&#13;&#10;&#9;&#9;gameboard.discard_pileLabel.setText(&quot;Discard: &quot; + player.getDiscardSize());&#13;&#10;&#9;&#9;gameboard.deckLabel.setText(&quot;Left in Deck: &quot; + player.getDeckSize());&#13;&#10;&#9;&#9;gameboard.repaint();&#13;&#10;&#9;&#9;&#13;&#10;&#9;}&#13;&#10;&#9;&#13;&#10;&#9;&#13;&#10;&#9;public void mouseEntered(MouseEvent arg0) {&#13;&#10;&#9;&#9;// not implemented&#13;&#10;&#9;}&#13;&#10;&#13;&#10;&#9;public void mouseExited(MouseEvent arg0) {&#13;&#10;&#9;&#9;// not implemented&#13;&#10;&#9;}&#13;&#10;&#13;&#10;&#9;public void mousePressed(MouseEvent arg0) {&#13;&#10;&#9;&#9;// not implemented&#13;&#10;&#9;}&#13;&#10;&#13;&#10;&#9;public void mouseReleased(MouseEvent arg0) {&#13;&#10;&#9;&#9;// not implemented&#13;&#10;&#9;}&#13;&#10;&#13;&#10;&#13;&#10;}&#13;&#10;" Filename="CardListener.java" Intrnl_Id="5"/>
<SrcFile Content="package devops.hw1.core;&#13;&#10;&#13;&#10;import java.awt.image.BufferedImage;&#13;&#10;import java.io.File;&#13;&#10;import java.io.IOException;&#13;&#10;import java.util.HashMap;&#13;&#10;&#13;&#10;import javax.imageio.ImageIO;&#13;&#10;/**&#13;&#10; * &#13;&#10; * Creates the cards and attaches their images to that card&#13;&#10; *&#13;&#10; * @author heshelhj.&#13;&#10; *         Created Apr 22, 2016.&#13;&#10; */&#13;&#10;public class CardCollection {&#13;&#10;&#9;&#13;&#10;&#9;public static ACard apprentice;&#13;&#10;&#9;public static ACard militia;&#13;&#10;&#9;public static ACard arhaInitiate;&#13;&#10;&#9;public static ACard demonSlayer; &#13;&#10;&#9;public static ACard wolfShaman; &#13;&#10;&#9;public static ACard flyTrapWitch; &#13;&#10;&#9;public static ACard asceticOfTheLidlessEye;&#13;&#10;&#9;public static ACard emriOneWithTheVoid;&#13;&#10;&#9;public static ACard arbiterOfThePrecipice;&#13;&#10;&#9;public static ACard arhaTemplar;&#13;&#10;&#9;public static ACard avatarGolem;&#13;&#10;&#9;public static ACard avatarOfTheFallen;&#13;&#10;&#9;public static ACard burrowerMarkII;&#13;&#10;&#9;public static ACard cetraWeaverOfStars;&#13;&#10;&#9;public static ACard corrosiveWidow;&#13;&#10;&#9;public static ACard druidsOfTheStoneCircle;&#13;&#10;&#9;public static ACard earthTyrant;&#13;&#10;&#9;public static ACard hedronCannon;&#13;&#10;&#9;public static ACard hedronLinkDevice;&#13;&#10;&#9;public static ACard korTheFerromancer;&#13;&#10;&#9;public static ACard landtalker;&#13;&#10;&#9;public static ACard lifeboundInitiate;&#13;&#10;&#9;public static ACard masterDhartha;&#13;&#10;&#9;public static ACard mechanaInitiate;&#13;&#10;&#9;public static ACard mephit;&#13;&#10;&#9;public static ACard mistakeOfCreation;&#13;&#10;&#9;public static ACard muramasa;&#13;&#10;&#9;public static ACard oziahThePeerless;&#13;&#10;&#9;public static ACard reactorMonk;&#13;&#10;&#9;public static ACard rocketCourierX99;&#13;&#10;&#9;public static ACard runicLycanthrope;&#13;&#10;&#9;public static ACard samaelsTrickster;&#13;&#10;&#9;public static ACard seaTyrant;&#13;&#10;&#9;public static ACard seerOfTheForkedPath;&#13;&#10;&#9;public static ACard shadeOfTheBlackWatch;&#13;&#10;&#9;public static ACard shadowStar;&#13;&#10;&#9;public static ACard snapdragon;&#13;&#10;&#9;public static ACard spikeVixen;&#13;&#10;&#9;public static ACard tabletOfTimesDawn;&#13;&#10;&#9;public static ACard templeLibrarian;&#13;&#10;&#9;public static ACard theAllSeeingEye;&#13;&#10;&#9;public static ACard theGrandDesign;&#13;&#10;&#9;public static ACard tormentedSoul;&#13;&#10;&#9;public static ACard twofoldAskara;&#13;&#10;&#9;public static ACard voidInitiate;&#13;&#10;&#9;public static ACard voidthirster;&#13;&#10;&#9;public static ACard watchmakersAltar;&#13;&#10;&#9;public static ACard windTyrant;&#13;&#10;&#9;public static ACard xeronDukeOfLies;&#13;&#10;&#9;public static ACard yggdrasilStaff;&#13;&#10;&#9;public static ACard[] cards;&#13;&#10;&#9;&#13;&#10;&#9;public static final String RUNES = &quot;runes&quot;;&#13;&#10;&#9;public static final String POWER = &quot;power&quot;;&#13;&#10;&#9;public static final String DRAW = &quot;draw&quot;;&#13;&#10;&#9;public static final String HONOR = &quot;honor&quot;;&#13;&#10;&#9;&#13;&#10;&#9;public CardCollection() throws IOException{&#13;&#10;&#9;&#9;HashMap&lt;String,Integer&gt; map = new HashMap&lt;String, Integer&gt;();&#13;&#10;&#9;&#9;HashMap&lt;String,Integer&gt; map1 = new HashMap&lt;String, Integer&gt;();&#13;&#10;&#9;&#9;HashMap&lt;String,Integer&gt; map2 = new HashMap&lt;String, Integer&gt;();&#13;&#10;&#9;&#9;HashMap&lt;String,Integer&gt; map3 = new HashMap&lt;String, Integer&gt;();&#13;&#10;&#9;&#9;HashMap&lt;String,Integer&gt; map4 = new HashMap&lt;String, Integer&gt;();&#13;&#10;&#9;&#9;HashMap&lt;String,Integer&gt; map5 = new HashMap&lt;String, Integer&gt;();&#13;&#10;&#9;&#9;HashMap&lt;String,Integer&gt; map6 = new HashMap&lt;String, Integer&gt;();&#13;&#10;&#9;&#9;HashMap&lt;String,Integer&gt; map7 = new HashMap&lt;String, Integer&gt;();&#13;&#10;&#9;&#9;HashMap&lt;String,Integer&gt; map8 = new HashMap&lt;String, Integer&gt;();&#13;&#10;&#9;&#9;HashMap&lt;String,Integer&gt; map9 = new HashMap&lt;String, Integer&gt;();&#13;&#10;&#9;&#9;HashMap&lt;String,Integer&gt; map10 = new HashMap&lt;String, Integer&gt;();&#13;&#10;&#9;&#9;HashMap&lt;String,Integer&gt; map11 = new HashMap&lt;String, Integer&gt;();&#13;&#10;&#9;&#9;HashMap&lt;String,Integer&gt; map12 = new HashMap&lt;String, Integer&gt;();&#13;&#10;&#9;&#9;HashMap&lt;String,Integer&gt; map13 = new HashMap&lt;String, Integer&gt;();&#13;&#10;&#9;&#9;HashMap&lt;String,Integer&gt; map14 = new HashMap&lt;String, Integer&gt;();&#13;&#10;&#9;&#9;HashMap&lt;String,Integer&gt; map15 = new HashMap&lt;String, Integer&gt;();&#13;&#10;&#9;&#9;HashMap&lt;String,Integer&gt; map16 = new HashMap&lt;String, Integer&gt;();&#13;&#10;&#9;&#9;HashMap&lt;String,Integer&gt; map17 = new HashMap&lt;String, Integer&gt;();&#13;&#10;&#9;&#9;HashMap&lt;String,Integer&gt; map18 = new HashMap&lt;String, Integer&gt;();&#13;&#10;&#9;&#9;HashMap&lt;String,Integer&gt; map19 = new HashMap&lt;String, Integer&gt;();&#13;&#10;&#9;&#9;HashMap&lt;String,Integer&gt; map20 = new HashMap&lt;String, Integer&gt;();&#13;&#10;&#9;&#9;HashMap&lt;String,Integer&gt; map21 = new HashMap&lt;String, Integer&gt;();&#13;&#10;&#9;&#9;HashMap&lt;String,Integer&gt; map22 = new HashMap&lt;String, Integer&gt;();&#13;&#10;&#9;&#9;HashMap&lt;String,Integer&gt; map23 = new HashMap&lt;String, Integer&gt;();&#13;&#10;&#9;&#9;HashMap&lt;String,Integer&gt; map24 = new HashMap&lt;String, Integer&gt;();&#13;&#10;&#9;&#9;HashMap&lt;String,Integer&gt; map25 = new HashMap&lt;String, Integer&gt;();&#13;&#10;&#9;&#9;HashMap&lt;String,Integer&gt; map26 = new HashMap&lt;String, Integer&gt;();&#13;&#10;&#9;&#9;HashMap&lt;String,Integer&gt; map27 = new HashMap&lt;String, Integer&gt;();&#13;&#10;&#9;&#9;HashMap&lt;String,Integer&gt; map28 = new HashMap&lt;String, Integer&gt;();&#13;&#10;&#9;&#9;HashMap&lt;String,Integer&gt; map29 = new HashMap&lt;String, Integer&gt;();&#13;&#10;&#9;&#9;HashMap&lt;String,Integer&gt; map30 = new HashMap&lt;String, Integer&gt;();&#13;&#10;&#9;&#9;HashMap&lt;String,Integer&gt; map31 = new HashMap&lt;String, Integer&gt;();&#13;&#10;&#9;&#9;HashMap&lt;String,Integer&gt; map32 = new HashMap&lt;String, Integer&gt;();&#13;&#10;&#9;&#9;HashMap&lt;String,Integer&gt; map33 = new HashMap&lt;String, Integer&gt;();&#13;&#10;&#9;&#9;HashMap&lt;String,Integer&gt; map34 = new HashMap&lt;String, Integer&gt;();&#13;&#10;&#9;&#9;HashMap&lt;String,Integer&gt; map35 = new HashMap&lt;String, Integer&gt;();&#13;&#10;&#9;&#9;HashMap&lt;String,Integer&gt; map36 = new HashMap&lt;String, Integer&gt;();&#13;&#10;&#9;&#9;HashMap&lt;String,Integer&gt; map37 = new HashMap&lt;String, Integer&gt;();&#13;&#10;&#9;&#9;HashMap&lt;String,Integer&gt; map38 = new HashMap&lt;String, Integer&gt;();&#13;&#10;&#9;&#9;HashMap&lt;String,Integer&gt; map39 = new HashMap&lt;String, Integer&gt;();&#13;&#10;&#9;&#9;HashMap&lt;String,Integer&gt; map40 = new HashMap&lt;String, Integer&gt;();&#13;&#10;&#9;&#9;HashMap&lt;String,Integer&gt; map41 = new HashMap&lt;String, Integer&gt;();&#13;&#10;&#9;&#9;HashMap&lt;String,Integer&gt; map42 = new HashMap&lt;String, Integer&gt;();&#13;&#10;&#9;&#9;HashMap&lt;String,Integer&gt; map43 = new HashMap&lt;String, Integer&gt;();&#13;&#10;&#9;&#9;HashMap&lt;String,Integer&gt; map44 = new HashMap&lt;String, Integer&gt;();&#13;&#10;&#9;&#9;HashMap&lt;String,Integer&gt; map45 = new HashMap&lt;String, Integer&gt;();&#13;&#10;&#9;&#9;HashMap&lt;String,Integer&gt; map46 = new HashMap&lt;String, Integer&gt;();&#13;&#10;&#9;&#9;HashMap&lt;String,Integer&gt; map47 = new HashMap&lt;String, Integer&gt;();&#13;&#10;&#9;&#9;HashMap&lt;String,Integer&gt; map48 = new HashMap&lt;String, Integer&gt;();&#13;&#10;&#9;&#9;HashMap&lt;String,Integer&gt; map49 = new HashMap&lt;String, Integer&gt;();&#13;&#10;&#13;&#10;&#9;&#9;BufferedImage image = null;&#13;&#10;&#9;&#9;&#13;&#10;&#9;&#9;image = ImageIO.read(new File (&quot;cardImages/Standard/Apprentice.png&quot;));&#13;&#10;&#9;&#9;&#9;&#9;&#13;&#10;&#9;&#9;map.put(RUNES, 1);&#13;&#10;&#9;&#9;apprentice = ACard.makeCard(image, &quot;Apprentice&quot;, &quot;none&quot;, &quot;Hero&quot;, 0, 0, -1, map);&#13;&#10;&#9;&#9;&#13;&#10;&#9;&#9;image = ImageIO.read(new File (&quot;cardImages/Standard/Militia1.png&quot;));&#13;&#10;&#13;&#10;&#9;&#9;map1.put(POWER, 1);&#13;&#10;&#9;&#9;militia = ACard.makeCard(image, &quot;Militia&quot;, &quot;none&quot;, &quot;Hero&quot;, 0, 0, -1, map1);&#13;&#10;&#9;&#9;&#13;&#10;&#9;&#9;image = ImageIO.read(new File (&quot;cardImages/Heroes/Arha-Initiate.png&quot;));&#13;&#10;&#9;&#9;&#13;&#10;&#9;&#9;map2.put(DRAW, 1);&#13;&#10;&#9;&#9;arhaInitiate = ACard.makeCard(image, &quot;Arha Initiate&quot;, &quot;Enlightened&quot;,&quot;Hero&quot;,1,1,3,map2);&#13;&#10;&#9;&#9;&#13;&#10;&#9;&#9;image = ImageIO.read(new File (&quot;cardImages/Heroes/Demon-Slayer.png&quot;));&#13;&#10;&#13;&#10;&#9;&#9;map3.put(POWER, 3);&#13;&#10;&#9;&#9;demonSlayer = ACard.makeCard(image, &quot;Demon Slayer&quot;, &quot;Void&quot;,&quot;Hero&quot;,4,2,2,map3);&#13;&#10;&#9;&#9;&#13;&#10;&#9;&#9;image = ImageIO.read(new File (&quot;cardImages/Heroes/Wolf-Shaman.png&quot;));&#13;&#10;&#13;&#10;&#9;&#9;map4.put(RUNES, 1);&#13;&#10;&#9;&#9;map4.put(DRAW, 1);&#13;&#10;&#9;&#9;wolfShaman = ACard.makeCard(image, &quot;Wolf Shaman&quot;, &quot;Lifebound&quot;,&quot;Hero&quot;,3,1,3,map4);&#13;&#10;&#9;&#9;&#13;&#10;&#9;&#9;image = ImageIO.read(new File (&quot;cardImages/Heroes/Flytrap-Witch.png&quot;));&#13;&#10;&#9;&#9;&#13;&#10;&#9;&#9;map5.put(HONOR, 2);&#13;&#10;&#9;&#9;map5.put(DRAW, 1);&#13;&#10;&#9;&#9;flyTrapWitch = ACard.makeCard(image, &quot;Fly Trap Witch&quot;, &quot;Lifebound&quot;,&quot;Hero&quot;,5,2,2,map5);&#13;&#10;&#9;&#9;&#13;&#10;&#9;&#9;image = ImageIO.read(new File (&quot;cardImages/Heroes/Ascetic-of-the-Lidless-Eye.png&quot;));&#13;&#10;&#9;&#9;&#13;&#10;&#9;&#9;map6.put(DRAW, 2);&#13;&#10;&#9;&#9;asceticOfTheLidlessEye = ACard.makeCard(image, &quot;Ascetic of the Lidless Eye&quot;, &quot;Enlightened&quot;,&quot;Hero&quot;,5,2,2,map6);&#13;&#10;&#9;&#9;&#13;&#10;&#9;&#9;image = ImageIO.read(new File (&quot;cardImages/Heroes/Emri-One-with-the-Void.png&quot;));&#13;&#10;&#9;&#9;&#13;&#10;&#9;&#9;map7.put(POWER, 4);&#13;&#10;&#9;&#9;emriOneWithTheVoid = ACard.makeCard(image, &quot;Emri, One with the Void&quot;, &quot;Void&quot;,&quot;Hero&quot;,6,3,1,map7);&#13;&#10;&#9;&#9;&#13;&#10;&#9;&#9;&#13;&#10;&#9;&#9;image = ImageIO.read(new File (&quot;cardImages/Heroes/Arbiter-of-the-Precipice.png&quot;));&#13;&#10;&#9;&#9;&#13;&#10;&#9;&#9;// TODO: Add more effects for this card. Banish one from hand&#13;&#10;&#9;&#9;&#13;&#10;&#9;&#9;map8.put(DRAW, 2);&#13;&#10;&#9;&#9;arbiterOfThePrecipice = ACard.makeCard(image, &quot;Arbiter of the Precipice&quot;, &quot;Void&quot;,&quot;Hero&quot;,4,1,2,map8);&#13;&#10;&#9;&#9;&#13;&#10;&#9;&#9;image = ImageIO.read(new File (&quot;cardImages/Heroes/Arha-Templar.png&quot;));&#13;&#10;&#9;&#9;&#13;&#10;&#9;&#9;// TODO: Add the effect, Kill one monster with 4 strength or less.&#13;&#10;&#13;&#10;&#9;&#9;arhaTemplar = ACard.makeCard(image, &quot;Arha Templar&quot;, &quot;Enlightened&quot;,&quot;Hero&quot;,4,3,2,map9);&#13;&#10;&#9;&#9;&#13;&#10;&#9;&#9;image = ImageIO.read(new File (&quot;cardImages/Heroes/Avatar-Golem.png&quot;));&#13;&#10;&#9;&#9;&#13;&#10;&#9;&#9;// TODO: Add the effect, gain one honor for each faction construct&#13;&#10;&#13;&#10;&#9;&#9;map10.put(POWER, 2);&#13;&#10;&#9;&#9;avatarGolem = ACard.makeCard(image, &quot;Avatar Golem&quot;, &quot;Mechana&quot;,&quot;Hero&quot;,4,2,2,map10);&#13;&#10;&#9;&#9;&#13;&#10;&#9;&#9;image = ImageIO.read(new File (&quot;cardImages/Monsters/Avatar-of-the-Fallen.png&quot;));&#13;&#10;&#9;&#9;&#13;&#10;&#9;&#9;// TODO: Add the effect, Unbanishable, gain or defeat one card in the center row.&#13;&#10;&#9;&#9;map11.put(HONOR, 4);&#13;&#10;&#9;&#9;avatarOfTheFallen = ACard.makeCard(image, &quot;Avatar of the Fallen&quot;, &quot;Monster&quot;,&quot;Monster&quot;,7,4,1,map11);&#13;&#10;&#9;&#9;&#13;&#10;&#9;&#9;image = ImageIO.read(new File (&quot;cardImages/Constructs/Burrower-Mark-II.png&quot;));&#13;&#10;&#9;&#9;&#13;&#10;&#9;&#9;// TODO: Add the effect, once per turn draw when a mechana construct enters your area.&#13;&#10;&#9;&#9;&#13;&#10;&#9;&#9;burrowerMarkII = ACard.makeCard(image, &quot;Burrower Mark II&quot;, &quot;Mechana&quot;,&quot;Construct&quot;,3,3,2,map12);&#13;&#10;&#9;&#9;&#13;&#10;&#9;&#9;image = ImageIO.read(new File (&quot;cardImages/Heroes/Cetra-Weaver-of-Stars.png&quot;));&#13;&#10;&#9;&#9;&#13;&#10;&#9;&#9;// TODO: Add the effect, acquire a hero without paying for it.&#13;&#10;&#9;&#9;&#13;&#10;&#9;&#9;cetraWeaverOfStars = ACard.makeCard(image, &quot;Cetra, Weaver of Stars&quot;, &quot;Lifebound&quot;,&quot;Hero&quot;,7,4,1,map13);&#13;&#10;&#9;&#9;&#13;&#10;&#9;&#9;image = ImageIO.read(new File (&quot;cardImages/Monsters/Corrosive-Widow.png&quot;));&#13;&#10;&#9;&#9;&#13;&#10;&#9;&#9;// TODO: Add the effect, choose a player, they destroy one construct&#13;&#10;&#9;&#9;map14.put(HONOR, 3);&#13;&#10;&#9;&#9;corrosiveWidow = ACard.makeCard(image, &quot;Corrosive Widow&quot;, &quot;Monster&quot;,&quot;Monster&quot;,4,3,4,map14);&#13;&#10;&#9;&#9;&#13;&#10;&#9;&#9;image = ImageIO.read(new File (&quot;cardImages/Heroes/Druids-of-the-Stone-Circle.png&quot;));&#13;&#10;&#9;&#9;&#13;&#10;&#9;&#9;// TODO: Add the effect, acquire a hero without paying for it that costs three or less.&#13;&#10;&#9;&#9;&#13;&#10;&#9;&#9;druidsOfTheStoneCircle = ACard.makeCard(image, &quot;Druids of the Stone Circle&quot;, &quot;Lifebound&quot;,&quot;Hero&quot;,4,3,2,map15);&#13;&#10;&#9;&#9;&#13;&#10;&#9;&#9;image = ImageIO.read(new File (&quot;cardImages/Monsters/Earth-Tyrant.png&quot;));&#13;&#10;&#9;&#9;&#9;&#9;&#13;&#10;&#9;&#9;map16.put(DRAW, 2);&#13;&#10;&#9;&#9;map16.put(HONOR, 5);&#13;&#10;&#9;&#9;earthTyrant = ACard.makeCard(image, &quot;Earth Tyrant&quot;, &quot;Monster&quot;,&quot;Monster&quot;,6,5,2,map16);&#13;&#10;&#9;&#9;&#13;&#10;&#9;&#9;image = ImageIO.read(new File (&quot;cardImages/Constructs/Hedron-Cannon.png&quot;));&#13;&#10;&#9;&#9;&#13;&#10;&#9;&#9;// TODO: Add the effect, gain one power for each mechana construct.&#13;&#10;&#9;&#9;&#13;&#10;&#9;&#9;hedronCannon = ACard.makeCard(image, &quot;Hedron Cannon&quot;, &quot;Mechana&quot;,&quot;Construct&quot;,8,8,1,map17);&#13;&#10;&#9;&#9;&#13;&#10;&#9;&#9;image = ImageIO.read(new File (&quot;cardImages/Constructs/Hedron-Link-Device.png&quot;));&#13;&#10;&#9;&#9;&#13;&#10;&#9;&#9;// TODO: Add the effect, you may consider all constructs as mechana constructs&#13;&#10;&#9;&#9;&#13;&#10;&#9;&#9;hedronLinkDevice = ACard.makeCard(image, &quot;Hedron Link Device&quot;, &quot;Mechana&quot;,&quot;Construct&quot;,7,7,1,map18);&#13;&#10;&#9;&#9;&#13;&#10;&#9;&#9;image = ImageIO.read(new File (&quot;cardImages/Heroes/Kor-the-Ferromancer.png&quot;));&#13;&#10;&#9;&#9;&#13;&#10;&#9;&#9;// TODO: Add the effect, draw a card if you control two or more constructs&#13;&#10;&#9;&#9;&#13;&#10;&#9;&#9;map19.put(POWER, 2);&#13;&#10;&#9;&#9;korTheFerromancer = ACard.makeCard(image, &quot;Kor, the Ferromancer&quot;, &quot;Mechana&quot;,&quot;Hero&quot;,3,2,1,map19);&#13;&#10;&#9;&#9;&#13;&#10;&#9;&#9;image = ImageIO.read(new File (&quot;cardImages/Heroes/Landtalker.png&quot;));&#13;&#10;&#9;&#9;&#13;&#10;&#9;&#9;map20.put(RUNES, 3);&#13;&#10;&#9;&#9;landtalker = ACard.makeCard(image, &quot;Landtalker&quot;, &quot;Lifebound&quot;,&quot;Hero&quot;,6,3,1,map20);&#13;&#10;&#9;&#9;&#13;&#10;&#9;&#9;image = ImageIO.read(new File (&quot;cardImages/Heroes/Lifebound-Initiate.png&quot;));&#13;&#10;&#9;&#9;&#13;&#10;&#9;&#9;map21.put(RUNES, 1);&#13;&#10;&#9;&#9;map21.put(HONOR, 1);&#13;&#10;&#9;&#9;lifeboundInitiate = ACard.makeCard(image, &quot;Lifebound Initiate&quot;, &quot;Lifebound&quot;,&quot;Hero&quot;,1,1,3,map21);&#13;&#10;&#9;&#9;&#13;&#10;&#9;&#9;image = ImageIO.read(new File (&quot;cardImages/Heroes/Master-Dhartha.png&quot;));&#13;&#10;&#9;&#9;&#13;&#10;&#9;&#9;map22.put(DRAW, 3);&#13;&#10;&#9;&#9;masterDhartha = ACard.makeCard(image, &quot;Master Dhartha&quot;, &quot;Enlightened&quot;,&quot;Hero&quot;,7,3,1,map22);&#13;&#10;&#9;&#9;&#13;&#10;&#9;&#9;image = ImageIO.read(new File (&quot;cardImages/Heroes/Mechana-Initiate.png&quot;));&#13;&#10;&#9;&#9;&#13;&#10;&#9;&#9;// TODO: Add the effect, gain one rune or power&#13;&#10;&#9;&#9;&#13;&#10;&#9;&#9;mechanaInitiate = ACard.makeCard(image, &quot;Mechana Initiate&quot;, &quot;Mechana&quot;,&quot;Hero&quot;,1,1,3,map23);&#13;&#10;&#9;&#9;&#13;&#10;&#9;&#9;image = ImageIO.read(new File (&quot;cardImages/Monsters/Mephit.png&quot;));&#13;&#10;&#9;&#9;&#13;&#10;&#9;&#9;// TODO: Add the effect, banish a card from the center row&#13;&#10;&#9;&#9;map24.put(HONOR, 2);&#13;&#10;&#9;&#9;mephit = ACard.makeCard(image, &quot;Mephit&quot;, &quot;Monster&quot;,&quot;Monster&quot;,3,2,3,map24);&#13;&#10;&#9;&#9;&#13;&#10;&#9;&#9;image = ImageIO.read(new File (&quot;cardImages/Monsters/Mistake-of-Creation.png&quot;));&#13;&#10;&#9;&#9;&#13;&#10;&#9;&#9;// TODO: Add the effect, banish a card from the center and/or your discard&#13;&#10;&#9;&#9;map25.put(HONOR, 4);&#13;&#10;&#9;&#9;mistakeOfCreation = ACard.makeCard(image, &quot;Mistake Of Creation&quot;, &quot;Monster&quot;,&quot;Monster&quot;,4,4,4,map25);&#13;&#10;&#9;&#9;&#13;&#10;&#9;&#9;image = ImageIO.read(new File (&quot;cardImages/Constructs/Muramasa.png&quot;));&#13;&#10;&#9;&#9;&#13;&#10;&#9;&#9;// TODO: Add the effect, once per turn gain 3 power&#13;&#10;&#9;&#9;&#13;&#10;&#9;&#9;muramasa = ACard.makeCard(image, &quot;Muramasa&quot;, &quot;Void&quot;,&quot;Construct&quot;,7,4,1,map26);&#13;&#10;&#9;&#9;&#13;&#10;&#9;&#9;image = ImageIO.read(new File (&quot;cardImages/Heroes/Oziah-the-Peerless.png&quot;));&#13;&#10;&#9;&#9;&#13;&#10;&#9;&#9;// TODO: Add the effect, defeat a monster with 6 or lower strength&#13;&#10;&#9;&#9;&#13;&#10;&#9;&#9;oziahThePeerless = ACard.makeCard(image, &quot;Oziah the Peerless&quot;, &quot;Enlightened&quot;,&quot;Hero&quot;,6,3,1,map27);&#13;&#10;&#9;&#9;&#13;&#10;&#9;&#9;image = ImageIO.read(new File (&quot;cardImages/Heroes/Reactor-Monk.png&quot;));&#13;&#10;&#9;&#9;&#13;&#10;&#9;&#9;// TODO: Add the effect, you pay one less for the next mechana construct&#13;&#10;&#9;&#9;map28.put(RUNES, 2);&#13;&#10;&#9;&#9;reactorMonk = ACard.makeCard(image, &quot;Reactor Monk&quot;, &quot;Mechana&quot;,&quot;Hero&quot;,4,2,2,map28);&#13;&#10;&#9;&#9;&#13;&#10;&#9;&#9;image = ImageIO.read(new File (&quot;cardImages/Constructs/Rocket-Courier-X-99.png&quot;));&#13;&#10;&#9;&#9;&#13;&#10;&#9;&#9;// TODO: Add the effect, once per turn, play the next mechana construct you acquire.&#13;&#10;&#9;&#9;&#13;&#10;&#9;&#9;rocketCourierX99 = ACard.makeCard(image, &quot;Rocket Courier X-99&quot;, &quot;Mechana&quot;,&quot;Construct&quot;,4,4,2,map29);&#13;&#10;&#9;&#9;&#13;&#10;&#9;&#9;image = ImageIO.read(new File (&quot;cardImages/Heroes/Runic-Lycanthrope.png&quot;));&#13;&#10;&#9;&#9;&#13;&#10;&#9;&#9;// TODO: Add the effect, If you have played a lifebound this turn gain 2 power.&#13;&#10;&#9;&#9;map30.put(RUNES, 2);&#13;&#10;&#9;&#9;runicLycanthrope = ACard.makeCard(image, &quot;Runic Lycanthrope&quot;, &quot;Lifebound&quot;,&quot;Hero&quot;,3,1,2,map30);&#13;&#10;&#9;&#9;&#13;&#10;&#9;&#9;image = ImageIO.read(new File (&quot;cardImages/Monsters/Samaels-Trickster.png&quot;));&#13;&#10;&#9;&#9;&#13;&#10;&#9;&#9;map31.put(HONOR, 1);&#13;&#10;&#9;&#9;map31.put(RUNES, 1);&#13;&#10;&#9;&#9;samaelsTrickster = ACard.makeCard(image, &quot;Samael's Trickster&quot;, &quot;Monster&quot;,&quot;Monster&quot;,3,1,4,map31);&#13;&#10;//&#9;&#9;&#13;&#10;&#9;&#9;image = ImageIO.read(new File (&quot;cardImages/Monsters/Sea-Tyrant.png&quot;));&#13;&#10;&#9;&#9;&#13;&#10;&#9;&#9;// TODO: Add the effect, all players destroy constructs until they have 1 left&#13;&#10;&#9;&#9;map32.put(HONOR, 5);&#13;&#10;&#9;&#9;seaTyrant = ACard.makeCard(image, &quot;Sea Tyrant&quot;, &quot;Monster&quot;,&quot;Monster&quot;,5,5,3,map32);&#13;&#10;&#9;&#9;&#13;&#10;&#9;&#9;image = ImageIO.read(new File (&quot;cardImages/Heroes/Seer-of-the-Forked-Path.png&quot;));&#13;&#10;&#9;&#9;&#13;&#10;&#9;&#9;// TODO: Add the effect, you may banish out of the center row.&#13;&#10;&#9;&#9;map33.put(DRAW, 1);&#13;&#10;&#9;&#9;seerOfTheForkedPath = ACard.makeCard(image, &quot;Seer of the Forked Path&quot;, &quot;Enlightened&quot;,&quot;Hero&quot;,2,1,3,map33);&#13;&#10;&#9;&#9;&#13;&#10;&#9;&#9;image = ImageIO.read(new File (&quot;cardImages/Heroes/Shade-of-the-Black-Watch.png&quot;));&#13;&#10;&#9;&#9;&#13;&#10;&#9;&#9;// TODO: Add the effect, you may banish from hand or discard&#13;&#10;&#9;&#9;map34.put(POWER, 2);&#13;&#10;&#9;&#9;shadeOfTheBlackWatch = ACard.makeCard(image, &quot;Shade of the Black Watch&quot;, &quot;Void&quot;,&quot;Hero&quot;,3,1,3,map34);&#13;&#10;&#9;&#9;&#13;&#10;&#9;&#9;image = ImageIO.read(new File (&quot;cardImages/Constructs/Shadow-Star.png&quot;));&#13;&#10;&#9;&#9;&#13;&#10;&#9;&#9;// TODO: Add the effect, once per turn gain one power.&#13;&#10;&#9;&#9;&#13;&#10;&#9;&#9;shadowStar = ACard.makeCard(image, &quot;Shadow Star&quot;, &quot;Void&quot;,&quot;Construct&quot;,3,2,2,map35);&#13;&#10;&#9;&#9;&#13;&#10;&#9;&#9;image = ImageIO.read(new File (&quot;cardImages/Constructs/Snapdragon.png&quot;));&#13;&#10;&#9;&#9;&#13;&#10;&#9;&#9;// TODO: Add the effect, once per turn gain a rune and the first time you play a lifebound gain one honor&#13;&#10;&#9;&#9;&#13;&#10;&#9;&#9;snapdragon = ACard.makeCard(image, &quot;Snapdragon&quot;, &quot;Lifebound&quot;,&quot;Construct&quot;,5,2,2,map36);&#13;&#10;&#9;&#9;&#13;&#10;&#9;&#9;image = ImageIO.read(new File (&quot;cardImages/Heroes/Spike-Vixen.png&quot;));&#13;&#10;&#9;&#9;&#13;&#10;&#9;&#9;map37.put(POWER, 1);&#13;&#10;&#9;&#9;map37.put(DRAW, 1);&#13;&#10;&#9;&#9;spikeVixen = ACard.makeCard(image, &quot;Spike Vixen&quot;, &quot;Void&quot;,&quot;Hero&quot;,2,1,2,map37);&#13;&#10;&#9;&#9;&#13;&#10;&#9;&#9;image = ImageIO.read(new File (&quot;cardImages/Constructs/Tablet-of-Times-Dawn.png&quot;));&#13;&#10;&#9;&#9;&#13;&#10;&#9;&#9;// TODO: Add the effect, you may banish this construct to take another turn&#13;&#10;&#9;&#9;&#13;&#10;&#9;&#9;tabletOfTimesDawn = ACard.makeCard(image, &quot;Tablet of Time's Dawn&quot;, &quot;Enlightened&quot;,&quot;Construct&quot;,5,2,1,map38);&#13;&#10;&#9;&#9;&#13;&#10;&#9;&#9;image = ImageIO.read(new File (&quot;cardImages/Heroes/Temple-Librarian.png&quot;));&#13;&#10;&#9;&#9;&#13;&#10;&#9;&#9;// TODO: Add the effect, discard one card then draw two&#13;&#10;&#9;&#9;&#13;&#10;&#9;&#9;templeLibrarian = ACard.makeCard(image, &quot;Temple Librarian&quot;, &quot;Enlightened&quot;,&quot;Hero&quot;,2,1,3,map39);&#13;&#10;&#9;&#9;&#13;&#10;&#9;&#9;image = ImageIO.read(new File (&quot;cardImages/Constructs/The-All-Seeing-Eye.png&quot;));&#13;&#10;&#9;&#9;&#13;&#10;&#9;&#9;// TODO: Add the effect, once per turn you may draw a card&#13;&#10;&#9;&#9;&#13;&#10;&#9;&#9;theAllSeeingEye = ACard.makeCard(image, &quot;The All-Seeing Eye&quot;, &quot;Enlightened&quot;,&quot;Construct&quot;,6,2,1,map40);&#13;&#10;&#9;&#9; &#13;&#10;&#9;&#9;image = ImageIO.read(new File (&quot;cardImages/Constructs/The-Grand-Design.png&quot;));&#13;&#10;&#9;&#9;&#13;&#10;&#9;&#9;// TODO: Add the effect, gain two runes towards a mechana construct&#13;&#10;&#9;&#9;&#13;&#10;&#9;&#9;theGrandDesign = ACard.makeCard(image, &quot;The Grand Design&quot;, &quot;Mechana&quot;,&quot;Construct&quot;,6,6,2,map41);&#13;&#10;&#9;&#9;&#13;&#10;&#9;&#9;image = ImageIO.read(new File (&quot;cardImages/Monsters/Tormented-Soul.png&quot;));&#13;&#10;&#9;&#9;&#13;&#10;&#9;&#9;map42.put(HONOR, 1);&#13;&#10;&#9;&#9;map42.put(DRAW, 1);&#13;&#10;&#9;&#9;tormentedSoul = ACard.makeCard(image, &quot;Tormented Soul&quot;, &quot;Monster&quot;,&quot;Monster&quot;,3,1,3,map42);&#13;&#10;&#9;&#9;&#13;&#10;&#9;&#9;image = ImageIO.read(new File (&quot;cardImages/Heroes/Twofold-Askara.png&quot;));&#13;&#10;&#9;&#9;&#13;&#10;&#9;&#9;// TODO: Add the effect, copy the effect of a hero played this turn&#13;&#10;&#9;&#9;&#13;&#10;&#9;&#9;twofoldAskara = ACard.makeCard(image, &quot;Twofold Askara&quot;, &quot;Enlightened&quot;,&quot;Hero&quot;,4,2,1,map43);&#13;&#10;&#9;&#9;&#13;&#10;&#9;&#9;image = ImageIO.read(new File (&quot;cardImages/Heroes/Void-Initiate.png&quot;));&#13;&#10;&#9;&#9;&#13;&#10;&#9;&#9;// TODO: Add the effect, you may banish one from the hand or discard&#13;&#10;&#9;&#9;map44.put(RUNES, 1);&#13;&#10;&#9;&#9;voidInitiate = ACard.makeCard(image, &quot;Void Initiate&quot;, &quot;Void&quot;,&quot;Hero&quot;,1,1,3,map44);&#13;&#10;&#9;&#9;&#13;&#10;&#9;&#9;image = ImageIO.read(new File (&quot;cardImages/Constructs/Voidthirster.png&quot;));&#13;&#10;&#9;&#9;&#13;&#10;&#9;&#9;// TODO: Add the effect, once per turn gain one power and the first time you kill a monster gain one honor&#13;&#10;&#9;&#9;&#13;&#10;&#9;&#9;voidthirster = ACard.makeCard(image, &quot;Voidthirster&quot;, &quot;Void&quot;,&quot;Construct&quot;,5,3,2,map45);&#13;&#10;&#9;&#9;&#13;&#10;&#9;&#9;image = ImageIO.read(new File (&quot;cardImages/Constructs/Watchmakers-Altar.png&quot;));&#13;&#10;&#9;&#9;&#13;&#10;&#9;&#9;// TODO: Add the effect, once per turn gain one rune toward a mechana construct&#13;&#10;&#9;&#9;&#13;&#10;&#9;&#9;watchmakersAltar = ACard.makeCard(image, &quot;Watchmaker's Altar&quot;, &quot;Mechana&quot;,&quot;Construct&quot;,5,5,2,map46);&#13;&#10;&#9;&#9;&#13;&#10;&#9;&#9;image = ImageIO.read(new File (&quot;cardImages/Monsters/Wind-Tyrant.png&quot;));&#13;&#10;&#9;&#9;&#13;&#10;&#9;&#9;map47.put(HONOR, 3);&#13;&#10;&#9;&#9;map47.put(RUNES, 3);&#13;&#10;&#9;&#9;windTyrant = ACard.makeCard(image, &quot;Wind Tyrant&quot;, &quot;Monster&quot;,&quot;Monster&quot;,5,3,3,map47);&#13;&#10;&#9;&#9;&#13;&#10;&#9;&#9;image = ImageIO.read(new File (&quot;cardImages/Monsters/Xeron-Duke-of-Lies.png&quot;));&#13;&#10;&#9;&#9;&#13;&#10;&#9;&#9;// TODO: Add the effect, take a card out of each player's hand and add it to your own&#13;&#10;&#9;&#9;&#13;&#10;&#9;&#9;xeronDukeOfLies = ACard.makeCard(image, &quot;Xeron, Duke of Lies&quot;, &quot;Monster&quot;,&quot;Monster&quot;,6,3,1,map48);&#13;&#10;&#9;&#9;&#13;&#10;&#9;&#9;image = ImageIO.read(new File (&quot;cardImages/Constructs/Yggdrasil-Staff.png&quot;));&#13;&#10;&#9;&#9;&#13;&#10;&#9;&#9;// TODO: Add the effect, once per turn gain one power, you can pay 4 runes for 3 honor&#13;&#10;&#9;&#9;&#13;&#10;&#9;&#9;yggdrasilStaff = ACard.makeCard(image, &quot;Yggdrasil Staff&quot;, &quot;Lifebound&quot;,&quot;Construct&quot;,4,2,2,map49);&#13;&#10;&#9;&#9;&#13;&#10;&#9;&#9;cards = new ACard[] {arhaInitiate, demonSlayer, wolfShaman, &#13;&#10;&#9;&#9;&#9;&#9;flyTrapWitch, asceticOfTheLidlessEye, emriOneWithTheVoid,&#13;&#10;&#9;&#9;&#9;&#9;arbiterOfThePrecipice, arhaTemplar, avatarGolem, avatarOfTheFallen,&#13;&#10;&#9;&#9;&#9;&#9;burrowerMarkII, cetraWeaverOfStars, corrosiveWidow, druidsOfTheStoneCircle,&#13;&#10;&#9;&#9;&#9;&#9;earthTyrant, hedronCannon, hedronLinkDevice, korTheFerromancer, &#13;&#10;&#9;&#9;&#9;&#9;landtalker, lifeboundInitiate, masterDhartha, mechanaInitiate,&#13;&#10;&#9;&#9;&#9;&#9;mephit, mistakeOfCreation, muramasa, oziahThePeerless, reactorMonk, &#13;&#10;&#9;&#9;&#9;&#9;rocketCourierX99, runicLycanthrope, samaelsTrickster, seaTyrant, seerOfTheForkedPath, &#13;&#10;&#9;&#9;&#9;&#9;shadeOfTheBlackWatch, shadowStar, snapdragon, spikeVixen, tabletOfTimesDawn,&#13;&#10;&#9;&#9;&#9;&#9;templeLibrarian, theAllSeeingEye, theGrandDesign, tormentedSoul, twofoldAskara, voidInitiate,&#13;&#10;&#9;&#9;&#9;&#9;voidthirster, watchmakersAltar, windTyrant, xeronDukeOfLies, yggdrasilStaff};&#13;&#10;&#9;}&#13;&#10;&#13;&#10;}&#13;&#10;" Filename="CardCollection.java" Intrnl_Id="6"/>
<SrcFile Content="/**&#13;&#10; * &#13;&#10; */&#13;&#10;package devops.hw1.core;&#13;&#10;&#13;&#10;import java.io.IOException;&#13;&#10;import java.util.ArrayList;&#13;&#10;import java.util.Collections;&#13;&#10;import java.util.LinkedList;&#13;&#10;&#13;&#10;/**&#13;&#10; * @author fenogljc&#13;&#10; * @author gneezyn&#13;&#10; * @author heshelhj&#13;&#10; * @author bishopcc&#13;&#10; */&#13;&#10;public class Board {&#13;&#10;&#13;&#10;&#9;private ArrayList&lt;ACard&gt; theVoid;&#13;&#10;&#9;private LinkedList&lt;ACard&gt; cenDeck;&#13;&#10;&#9;private ACard[] cenField;&#13;&#10;&#9;private ACard cultist;&#13;&#10;&#9;private ACard heavyInf;&#13;&#10;&#9;private ACard mystic;&#13;&#10;&#13;&#10;&#9;/**&#13;&#10;&#9; * The default constructor for the Board Class.&#13;&#10;&#9; * &#13;&#10;&#9; */&#13;&#10;&#9;public Board() {&#13;&#10;&#9;&#9;try {&#13;&#10;&#9;&#9;&#9;new CardCollection();&#13;&#10;&#9;&#9;} catch (IOException exception) {&#13;&#10;&#9;&#9;&#9;System.out.println(&quot;File not found&quot;);&#13;&#10;&#9;&#9;}&#13;&#10;&#9;&#9;this.theVoid = new ArrayList&lt;ACard&gt;();&#13;&#10;&#9;&#9;this.cenDeck = new LinkedList&lt;ACard&gt;();&#13;&#10;&#9;&#9;this.cenField = new ACard[6];&#13;&#10;&#9;&#9;&#13;&#10;&#9;&#9;initializeCenterDeck();&#13;&#10;&#9;&#9;&#13;&#10;&#9;&#9;this.cultist = ACard.makeCard();&#13;&#10;&#9;&#9;this.heavyInf = ACard.makeCard();&#13;&#10;&#9;&#9;this.mystic = ACard.makeCard();&#13;&#10;&#9;}&#13;&#10;&#9;&#13;&#10;&#9;/**&#13;&#10;&#9; * This method fills the deck with the necessary cards and fills the center row with the top cards of the deck.&#13;&#10;&#9; */&#13;&#10;&#9;&#13;&#10;&#9;private void initializeCenterDeck() {&#13;&#10;&#9;&#9;for (int i = 0; i &lt; CardCollection.cards.length; i++) {&#13;&#10;&#9;&#9;&#9;for (int j = 0; j &lt; CardCollection.cards[i].rarity; j++) {&#13;&#10;&#9;&#9;&#9;&#9;this.cenDeck.add(CardCollection.cards[i]);&#13;&#10;&#9;&#9;&#9;}&#13;&#10;&#9;&#9;}&#13;&#10;&#9;&#9;Collections.shuffle(this.cenDeck);&#13;&#10;&#9;&#9;for (int m = 0; m &lt; 6; m++) {&#13;&#10;&#9;&#9;&#9;centerDeckToField(m);&#13;&#10;&#9;&#9;}&#13;&#10;&#9;}&#13;&#10;&#13;&#10;&#9;/**&#13;&#10;&#9; * @return the Void field (where banished cards and defeated Monsters go)&#13;&#10;&#9; */&#13;&#10;&#9;public ArrayList&lt;ACard&gt; getVoid() {&#13;&#10;&#9;&#9;return this.theVoid;&#13;&#10;&#9;}&#13;&#10;&#13;&#10;&#9;/**&#13;&#10;&#9; * &#13;&#10;&#9; * Adds the passed card to the void&#13;&#10;&#9; *&#13;&#10;&#9; * @param card to be added to the void pile&#13;&#10;&#9; */&#13;&#10;&#9;public void sendToVoid(ACard card){&#13;&#10;&#9;&#9;if(card == null){&#13;&#10;&#9;&#9;&#9;return;&#13;&#10;&#9;&#9;}&#13;&#10;&#9;&#9;this.theVoid.add(card);&#13;&#10;&#9;}&#13;&#10;&#9;&#13;&#10;&#9;/**&#13;&#10;&#9; * @return the Center Deck &#13;&#10;&#9; */&#13;&#10;&#9;public LinkedList&lt;ACard&gt; getCenDeck() {&#13;&#10;&#9;&#9;return this.cenDeck;&#13;&#10;&#9;}&#13;&#10;&#13;&#10;&#9;/**&#13;&#10;&#9; * @return the Cultist (Standard) Card&#13;&#10;&#9; */&#13;&#10;&#9;public ACard getCultist() {&#13;&#10;&#9;&#9;return this.cultist;&#13;&#10;&#9;}&#13;&#10;&#13;&#10;&#9;/**&#13;&#10;&#9; * @return the Heavy Infantry (Standard) Card&#13;&#10;&#9; */&#13;&#10;&#9;public ACard getHeavyInf() {&#13;&#10;&#9;&#9;return this.heavyInf;&#13;&#10;&#9;}&#13;&#10;&#13;&#10;&#9;/**&#13;&#10;&#9; * @return the Mystic (Standard) Card&#13;&#10;&#9; */&#13;&#10;&#9;public ACard getMystic() {&#13;&#10;&#9;&#9;return this.mystic;&#13;&#10;&#9;}&#13;&#10;&#13;&#10;&#9;/**&#13;&#10;&#9; * Moves the card from the Center Deck to the Center Field&#13;&#10;&#9; * @param cenCard the card to move&#13;&#10;&#9; * @param index the index on the Center Field that the card is moving to (base zero)&#13;&#10;&#9; */&#13;&#10;&#9;public void centerDeckToField(int index) {&#13;&#10;&#9;&#9;ACard card = this.cenDeck.remove();&#13;&#10;&#9;&#9;this.cenField[index] = card;&#13;&#10;&#9;}&#13;&#10;&#9;/**&#13;&#10;&#9; * &#13;&#10;&#9; * gets the center row&#13;&#10;&#9; *&#13;&#10;&#9; * @return the center cards &#13;&#10;&#9; */&#13;&#10;&#9;public ACard[] getCenField() {&#13;&#10;&#9;&#9;return this.cenField;&#13;&#10;&#9;}&#13;&#10;}&#13;&#10;" Filename="Board.java" Intrnl_Id="7"/>
<SrcFile Content="/**&#13;&#10; * &#13;&#10; */&#13;&#10;package devops.hw1.core;&#13;&#10;&#13;&#10;import java.awt.image.BufferedImage;&#13;&#10;import java.util.ArrayList;&#13;&#10;import java.util.HashMap;&#13;&#10;&#13;&#10;/**&#13;&#10; * @author fenogljc&#13;&#10; * &#13;&#10; */&#13;&#10;public abstract class ACard {&#13;&#10;&#13;&#10;&#9;protected int cost;&#13;&#10;&#9;protected HashMap&lt;String, Integer&gt; effects = new HashMap&lt;String, Integer&gt;();&#13;&#10;&#9;protected String faction;&#13;&#10;&#9;protected String name;&#13;&#10;&#9;protected int honor;&#13;&#10;&#9;protected int rarity;&#13;&#10;&#9;protected BufferedImage image;&#13;&#10;&#9;&#13;&#10;&#9;/**&#13;&#10;&#9; * This returns a card with zero cost and no other special attributes.&#13;&#10;&#9; * @return&#13;&#10;&#9; */&#13;&#10;&#13;&#10;&#9;public static ACard makeCard() {&#13;&#10;&#9;&#9;return new HeroCard();&#13;&#10;&#9;}&#13;&#10;&#13;&#10;&#9;/**&#13;&#10;&#9; * This returns a card with cost equal to the input with no other special attributes.&#13;&#10;&#9; * @param i&#13;&#10;&#9; * @return&#13;&#10;&#9; */&#13;&#10;&#9;&#13;&#10;&#9;public static ACard makeCard(int i) {&#13;&#10;&#9;&#9;return new HeroCard(i);&#13;&#10;&#9;}&#13;&#10;&#9;&#13;&#10;&#9;/**&#13;&#10;&#9; * This returns a card with the given information.&#13;&#10;&#9; * @param image&#9;the image of the card (as .png file)&#13;&#10;&#9; * @param name the name of the card (i.e. &quot;Cultist&quot;)&#13;&#10;&#9; * @param faction the card's faction (i.e. &quot;Lifebound&quot;)&#13;&#10;&#9; * @param type the card's type (i.e. Hero, Monster, etc.)&#13;&#10;&#9; * @param cost the amount paid to obtain the card (in runes or power)&#13;&#10;&#9; * @param honor the amount of honor that the card is worth&#13;&#10;&#9; * @param rarity the number of occurrences of the card in the game&#13;&#10;&#9; * @param effects a HashMap of the card's effect(s)&#13;&#10;&#9; * @return&#13;&#10;&#9; */&#13;&#10;&#9;public static ACard makeCard(BufferedImage image, String name, String faction,&#13;&#10;&#9;&#9;&#9;String type, int cost, int honor, int rarity,&#13;&#10;&#9;&#9;&#9;HashMap&lt;String, Integer&gt; effects) {&#13;&#10;&#9;&#9;// array list of accepted card types (all in lower case, for consistency)&#13;&#10;&#9;&#9;ArrayList&lt;String&gt; acceptedTypes = new ArrayList&lt;String&gt;();&#13;&#10;&#9;&#9;acceptedTypes.add(&quot;hero&quot;);&#13;&#10;&#9;&#9;acceptedTypes.add(&quot;monster&quot;);&#13;&#10;&#9;&#9;acceptedTypes.add(&quot;construct&quot;);&#13;&#10;&#9;&#9;acceptedTypes.add(&quot;standard&quot;);&#13;&#10;&#9;&#9;&#13;&#10;&#9;&#9;// before returning the card, need to do input validation&#13;&#10;&#9;&#9;if (name == null || type == null) {&#13;&#10;&#9;&#9;&#9;throw new NullPointerException(&quot;The following values can not be null for a card: &quot;&#13;&#10;&#9;&#9;&#9;&#9;&#9;+ &quot;name, type, cost, honor, rarity, and effect.&quot;);&#13;&#10;&#9;&#9;} else if (effects.keySet().contains(null)) {&#13;&#10;&#9;&#9;&#9;throw new NullPointerException(&quot;The following values can not be null for a card: &quot;&#13;&#10;&#9;&#9;&#9;&#9;&#9;+ &quot;name, type, cost, honor, rarity, and effect.&quot;);&#13;&#10;&#9;&#9;} else if (effects.keySet().contains(&quot;&quot;) || effects.values().contains(0)) {&#13;&#10;&#9;&#9;&#9;throw new IllegalArgumentException(&quot;One or more of the arguments given for the card &quot;&#13;&#10;&#9;&#9;&#9;&#9;&#9;+ &quot;were not correct.&quot;);&#13;&#10;&#9;&#9;}&#13;&#10;&#9;&#9;else if (!(acceptedTypes.contains(type.toLowerCase()))) {&#13;&#10;&#9;&#9;&#9;throw new IllegalArgumentException(&quot;One or more of the arguments given for the card &quot;&#13;&#10;&#9;&#9;&#9;&#9;&#9;+ &quot;were not correct.&quot;);&#13;&#10;&#9;&#9;} &#13;&#10;&#9;&#9;&#13;&#10;&#9;&#9;&#13;&#10;&#9;&#9;// TODO: Make this not only be able to return hero cards&#13;&#10;&#9;&#9;&#13;&#10;&#9;&#9;&#9;return new HeroCard(image, name, faction, cost, honor, rarity, effects);&#13;&#10;&#9;}&#13;&#10;&#13;&#10;&#9;/**&#13;&#10;&#9; * @return the faction&#13;&#10;&#9; */&#13;&#10;&#9;public String getFaction() {&#13;&#10;&#9;&#9;return faction;&#13;&#10;&#9;}&#13;&#10;&#13;&#10;&#9;/**&#13;&#10;&#9; * @param faction&#13;&#10;&#9; *            the faction to set&#13;&#10;&#9; */&#13;&#10;&#9;public void setFaction(String faction) {&#13;&#10;&#9;&#9;this.faction = faction;&#13;&#10;&#9;}&#13;&#10;&#13;&#10;&#9;/**&#13;&#10;&#9; * @return the name&#13;&#10;&#9; */&#13;&#10;&#9;public String getName() {&#13;&#10;&#9;&#9;return name;&#13;&#10;&#9;}&#13;&#10;&#13;&#10;&#9;/**&#13;&#10;&#9; * @param name&#13;&#10;&#9; *            the name to set&#13;&#10;&#9; */&#13;&#10;&#9;public void setName(String name) {&#13;&#10;&#9;&#9;this.name = name;&#13;&#10;&#9;}&#13;&#10;&#13;&#10;&#9;/**&#13;&#10;&#9; * @return the honor&#13;&#10;&#9; */&#13;&#10;&#9;public int getHonor() {&#13;&#10;&#9;&#9;return honor;&#13;&#10;&#9;}&#13;&#10;&#13;&#10;&#9;/**&#13;&#10;&#9; * @param honor&#13;&#10;&#9; *            the honor to set&#13;&#10;&#9; */&#13;&#10;&#9;public void setHonor(int honor) {&#13;&#10;&#9;&#9;this.honor = honor;&#13;&#10;&#9;}&#13;&#10;&#13;&#10;&#9;/**&#13;&#10;&#9; * @return the rarity&#13;&#10;&#9; */&#13;&#10;&#9;public int getRarity() {&#13;&#10;&#9;&#9;return rarity;&#13;&#10;&#9;}&#13;&#10;&#13;&#10;&#9;/**&#13;&#10;&#9; * @param rarity&#13;&#10;&#9; *            the rarity to set&#13;&#10;&#9; */&#13;&#10;&#9;public void setRarity(int rarity) {&#13;&#10;&#9;&#9;this.rarity = rarity;&#13;&#10;&#9;}&#13;&#10;&#13;&#10;&#9;/**&#13;&#10;&#9; * @return the image&#13;&#10;&#9; */&#13;&#10;&#9;public BufferedImage getImage() {&#13;&#10;&#9;&#9;return image;&#13;&#10;&#9;}&#13;&#10;&#13;&#10;&#9;/**&#13;&#10;&#9; * @param image&#13;&#10;&#9; *            the image to set&#13;&#10;&#9; */&#13;&#10;&#9;public void setImage(BufferedImage image) {&#13;&#10;&#9;&#9;this.image = image;&#13;&#10;&#9;}&#13;&#10;&#13;&#10;&#9;/**&#13;&#10;&#9; * @param effects&#13;&#10;&#9; *            the effects to set&#13;&#10;&#9; */&#13;&#10;&#9;public void setEffects(HashMap&lt;String, Integer&gt; effects) {&#13;&#10;&#9;&#9;this.effects = effects;&#13;&#10;&#9;}&#13;&#10;&#13;&#10;&#9;/**&#13;&#10;&#9; * Returns that cost of the card.&#13;&#10;&#9; * &#13;&#10;&#9; * @return&#13;&#10;&#9; */&#13;&#10;&#9;public int getCost() {&#13;&#10;&#9;&#9;return this.cost;&#13;&#10;&#9;}&#13;&#10;&#13;&#10;&#9;/**&#13;&#10;&#9; * Sets the cost of the card.&#13;&#10;&#9; * &#13;&#10;&#9; * @return&#13;&#10;&#9; */&#13;&#10;&#9;public void setCost(int i) {&#13;&#10;&#9;&#9;this.cost = i;&#13;&#10;&#9;}&#13;&#10;&#13;&#10;&#9;/**&#13;&#10;&#9; * Returns the hashmap of effects the card has.&#13;&#10;&#9; * @return&#13;&#10;&#9; */&#13;&#10;&#9;public HashMap&lt;String, Integer&gt; getEffects() {&#13;&#10;&#9;&#9;return this.effects;&#13;&#10;&#9;}&#13;&#10;&#13;&#10;&#9;/**&#13;&#10;&#9; * Puts an effect string and integer value pair into the hashmap of effects for the card.&#13;&#10;&#9; * @param effect&#13;&#10;&#9; * @param value&#13;&#10;&#9; */&#13;&#10;&#9;public void setEffect(String effect, int value) {&#13;&#10;&#9;&#9;if (effect == null) {&#13;&#10;&#9;&#9;&#9;return;&#13;&#10;&#9;&#9;}&#13;&#10;&#9;&#9;this.effects.put(effect, value);&#13;&#10;&#9;}&#13;&#10;&#9;&#13;&#10;&#9;&#13;&#10;&#9;public int getStrength(){&#13;&#10;&#9;&#9;return this.cost;&#13;&#10;&#9;}&#13;&#10;&#9;&#13;&#10;}&#13;&#10;" Filename="ACard.java" Intrnl_Id="8"/>
</SrcFileList>
<CritList>
<CritListEntry Name="org.codecover.model.utils.criteria.LoopCoverage" PluginName="org.codecover"/>
<CritListEntry Name="org.codecover.model.utils.criteria.QMOCoverage" PluginName="org.codecover"/>
<CritListEntry Name="org.codecover.model.utils.criteria.ConditionCoverage" PluginName="org.codecover"/>
<CritListEntry Name="org.codecover.model.utils.criteria.BranchCoverage" PluginName="org.codecover"/>
<CritListEntry Name="org.codecover.model.utils.criteria.SynchronizedStatementCoverage" PluginName="org.codecover"/>
<CritListEntry Name="org.codecover.model.utils.criteria.StatementCoverage" PluginName="org.codecover"/>
</CritList>
<BoolOpList>
<BoolOp Arity="2" Intrnl_Id="9" Name="conditional and (&amp;&amp;)">
<BoolAssgnmntBoolMapList>
<MapEntry BoolAssgnmnt="02" Value="false"/>
<MapEntry BoolAssgnmnt="10" Value="false"/>
<MapEntry BoolAssgnmnt="11" Value="true"/>
</BoolAssgnmntBoolMapList>
</BoolOp>
<BoolOp Arity="2" Intrnl_Id="10" Name="conditional or (||)">
<BoolAssgnmntBoolMapList>
<MapEntry BoolAssgnmnt="00" Value="false"/>
<MapEntry BoolAssgnmnt="01" Value="true"/>
<MapEntry BoolAssgnmnt="12" Value="true"/>
</BoolAssgnmntBoolMapList>
</BoolOp>
<BoolOp Arity="1" Intrnl_Id="11" Name="not (!)">
<BoolAssgnmntBoolMapList>
<MapEntry BoolAssgnmnt="1" Value="false"/>
<MapEntry BoolAssgnmnt="0" Value="true"/>
</BoolAssgnmntBoolMapList>
</BoolOp>
</BoolOpList>
<HierarchyLvlTypeList>
<HierarchyLvlType EnglishName="package" IntrnlName="package" Intrnl_Id="12"/>
<HierarchyLvlType EnglishName="method" IntrnlName="method" Intrnl_Id="13"/>
<HierarchyLvlType EnglishName="class" IntrnlName="class" Intrnl_Id="14"/>
<HierarchyLvlType EnglishName="default package" IntrnlName="default package" Intrnl_Id="15"/>
</HierarchyLvlTypeList>
<MASTRoot>
<HierarchyLvl HierarchyLvlId="9639" HierarchyLvlTypeId="15" Intrnl_Id="16" Name="default package">
<Header/>
<LocList/>
<HierarchyLvl HierarchyLvlId="9638" HierarchyLvlTypeId="12" Intrnl_Id="17" Name="devops">
<Header/>
<LocList/>
<HierarchyLvl HierarchyLvlId="9637" HierarchyLvlTypeId="12" Intrnl_Id="18" Name="hw1">
<Header/>
<LocList/>
<HierarchyLvl HierarchyLvlId="9636" HierarchyLvlTypeId="12" Intrnl_Id="19" Name="core">
<Header/>
<LocList/>
<HierarchyLvl HierarchyLvlId="9584" HierarchyLvlTypeId="14" Intrnl_Id="20" Name="Player">
<Header>
<Loc EndOffset="270" SrcFileId="1" StartOffset="251"/>
</Header>
<LocList>
<Loc EndOffset="6976" SrcFileId="1" StartOffset="251"/>
</LocList>
<HierarchyLvl HierarchyLvlId="9558" HierarchyLvlTypeId="13" Intrnl_Id="21" Name="Player">
<Header>
<Loc EndOffset="582" SrcFileId="1" StartOffset="566"/>
</Header>
<LocList>
<Loc EndOffset="930" SrcFileId="1" StartOffset="566"/>
</LocList>
<StmntSeq Intrnl_Id="22">
<LocList>
<Loc EndOffset="620" SrcFileId="1" StartOffset="599"/>
<Loc EndOffset="701" SrcFileId="1" StartOffset="589"/>
<Loc EndOffset="747" SrcFileId="1" StartOffset="705"/>
<Loc EndOffset="792" SrcFileId="1" StartOffset="751"/>
<Loc EndOffset="838" SrcFileId="1" StartOffset="796"/>
<Loc EndOffset="864" SrcFileId="1" StartOffset="842"/>
<Loc EndOffset="905" SrcFileId="1" StartOffset="868"/>
<Loc EndOffset="926" SrcFileId="1" StartOffset="909"/>
</LocList>
<BasicStmnt CovItemId="S2" CovItemPrefix="devops.hw1.core.Player.java" Intrnl_Id="23">
<LocList>
<Loc EndOffset="620" SrcFileId="1" StartOffset="599"/>
</LocList>
</BasicStmnt>
<CondStmnt CovItemId="S1" CovItemPrefix="devops.hw1.core.Player.java" Intrnl_Id="24">
<Branch CovItemId="B1" CovItemPrefix="devops.hw1.core.Player.java" Implct="true" Intrnl_Id="25">
<Cond/>
<LocList/>
<StmntSeq Intrnl_Id="26">
<LocList/>
</StmntSeq>
</Branch>
<Branch CovItemId="B2" CovItemPrefix="devops.hw1.core.Player.java" Implct="false" Intrnl_Id="27">
<Cond>
<Loc EndOffset="647" SrcFileId="1" StartOffset="626"/>
</Cond>
<LocList>
<Loc EndOffset="701" SrcFileId="1" StartOffset="648"/>
</LocList>
<StmntSeq Intrnl_Id="28">
<LocList>
<Loc EndOffset="696" SrcFileId="1" StartOffset="654"/>
</LocList>
<BasicStmnt CovItemId="S3" CovItemPrefix="devops.hw1.core.Player.java" Intrnl_Id="29">
<LocList>
<Loc EndOffset="696" SrcFileId="1" StartOffset="654"/>
</LocList>
</BasicStmnt>
</StmntSeq>
</Branch>
<Keyword EndOffset="592" SrcFileId="1" StartOffset="589"/>
<LocList>
<Loc EndOffset="701" SrcFileId="1" StartOffset="589"/>
</LocList>
</CondStmnt>
<BasicStmnt CovItemId="S4" CovItemPrefix="devops.hw1.core.Player.java" Intrnl_Id="30">
<LocList>
<Loc EndOffset="747" SrcFileId="1" StartOffset="705"/>
</LocList>
</BasicStmnt>
<BasicStmnt CovItemId="S5" CovItemPrefix="devops.hw1.core.Player.java" Intrnl_Id="31">
<LocList>
<Loc EndOffset="792" SrcFileId="1" StartOffset="751"/>
</LocList>
</BasicStmnt>
<BasicStmnt CovItemId="S6" CovItemPrefix="devops.hw1.core.Player.java" Intrnl_Id="32">
<LocList>
<Loc EndOffset="838" SrcFileId="1" StartOffset="796"/>
</LocList>
</BasicStmnt>
<BasicStmnt CovItemId="S7" CovItemPrefix="devops.hw1.core.Player.java" Intrnl_Id="33">
<LocList>
<Loc EndOffset="864" SrcFileId="1" StartOffset="842"/>
</LocList>
</BasicStmnt>
<BasicStmnt CovItemId="S8" CovItemPrefix="devops.hw1.core.Player.java" Intrnl_Id="34">
<LocList>
<Loc EndOffset="905" SrcFileId="1" StartOffset="868"/>
</LocList>
</BasicStmnt>
<BasicStmnt CovItemId="S9" CovItemPrefix="devops.hw1.core.Player.java" Intrnl_Id="35">
<LocList>
<Loc EndOffset="926" SrcFileId="1" StartOffset="909"/>
</LocList>
</BasicStmnt>
</StmntSeq>
</HierarchyLvl>
<HierarchyLvl HierarchyLvlId="9559" HierarchyLvlTypeId="13" Intrnl_Id="36" Name="initialiseDeck">
<Header>
<Loc EndOffset="981" SrcFileId="1" StartOffset="953"/>
</Header>
<LocList>
<Loc EndOffset="1166" SrcFileId="1" StartOffset="953"/>
</LocList>
<StmntSeq Intrnl_Id="37">
<LocList>
<Loc EndOffset="1074" SrcFileId="1" StartOffset="988"/>
<Loc EndOffset="1160" SrcFileId="1" StartOffset="1078"/>
</LocList>
<LoopStmnt CovItemId="S10" CovItemPrefix="devops.hw1.core.Player.java" Intrnl_Id="38" MltplExecId="L1-2" MltplExecPrefix="devops.hw1.core.Player.java" NvrExecId="L1-0" NvrExecPrefix="devops.hw1.core.Player.java" OnceExecutedId="L1-1" OnceExecutedPrefix="devops.hw1.core.Player.java" OptBodyExec="true">
<StmntSeq Intrnl_Id="39">
<LocList>
<Loc EndOffset="1069" SrcFileId="1" StartOffset="1023"/>
</LocList>
<BasicStmnt CovItemId="S11" CovItemPrefix="devops.hw1.core.Player.java" Intrnl_Id="40">
<LocList>
<Loc EndOffset="1069" SrcFileId="1" StartOffset="1023"/>
</LocList>
</BasicStmnt>
</StmntSeq>
<Keyword EndOffset="991" SrcFileId="1" StartOffset="988"/>
<LocList>
<Loc EndOffset="1074" SrcFileId="1" StartOffset="988"/>
</LocList>
<RootTerm CovItemId="C1" CovItemPrefix="devops.hw1.core.Player.java" Intrnl_Id="41">
<BasicBoolTerm Intrnl_Id="42">
<LocList>
<Loc EndOffset="1009" SrcFileId="1" StartOffset="1004"/>
</LocList>
</BasicBoolTerm>
</RootTerm>
</LoopStmnt>
<LoopStmnt CovItemId="S12" CovItemPrefix="devops.hw1.core.Player.java" Intrnl_Id="43" MltplExecId="L2-2" MltplExecPrefix="devops.hw1.core.Player.java" NvrExecId="L2-0" NvrExecPrefix="devops.hw1.core.Player.java" OnceExecutedId="L2-1" OnceExecutedPrefix="devops.hw1.core.Player.java" OptBodyExec="true">
<StmntSeq Intrnl_Id="44">
<LocList>
<Loc EndOffset="1155" SrcFileId="1" StartOffset="1112"/>
</LocList>
<BasicStmnt CovItemId="S13" CovItemPrefix="devops.hw1.core.Player.java" Intrnl_Id="45">
<LocList>
<Loc EndOffset="1155" SrcFileId="1" StartOffset="1112"/>
</LocList>
</BasicStmnt>
</StmntSeq>
<Keyword EndOffset="1081" SrcFileId="1" StartOffset="1078"/>
<LocList>
<Loc EndOffset="1160" SrcFileId="1" StartOffset="1078"/>
</LocList>
<RootTerm CovItemId="C2" CovItemPrefix="devops.hw1.core.Player.java" Intrnl_Id="46">
<BasicBoolTerm Intrnl_Id="47">
<LocList>
<Loc EndOffset="1099" SrcFileId="1" StartOffset="1094"/>
</LocList>
</BasicBoolTerm>
</RootTerm>
</LoopStmnt>
</StmntSeq>
</HierarchyLvl>
<HierarchyLvl HierarchyLvlId="9560" HierarchyLvlTypeId="13" Intrnl_Id="48" Name="endTurn">
<Header>
<Loc EndOffset="1313" SrcFileId="1" StartOffset="1292"/>
</Header>
<LocList>
<Loc EndOffset="1464" SrcFileId="1" StartOffset="1292"/>
</LocList>
<StmntSeq Intrnl_Id="49">
<LocList>
<Loc EndOffset="1358" SrcFileId="1" StartOffset="1318"/>
<Loc EndOffset="1385" SrcFileId="1" StartOffset="1362"/>
<Loc EndOffset="1406" SrcFileId="1" StartOffset="1389"/>
<Loc EndOffset="1438" SrcFileId="1" StartOffset="1410"/>
<Loc EndOffset="1459" SrcFileId="1" StartOffset="1442"/>
</LocList>
<BasicStmnt CovItemId="S14" CovItemPrefix="devops.hw1.core.Player.java" Intrnl_Id="50">
<LocList>
<Loc EndOffset="1358" SrcFileId="1" StartOffset="1318"/>
</LocList>
</BasicStmnt>
<BasicStmnt CovItemId="S15" CovItemPrefix="devops.hw1.core.Player.java" Intrnl_Id="51">
<LocList>
<Loc EndOffset="1385" SrcFileId="1" StartOffset="1362"/>
</LocList>
</BasicStmnt>
<BasicStmnt CovItemId="S16" CovItemPrefix="devops.hw1.core.Player.java" Intrnl_Id="52">
<LocList>
<Loc EndOffset="1406" SrcFileId="1" StartOffset="1389"/>
</LocList>
</BasicStmnt>
<BasicStmnt CovItemId="S17" CovItemPrefix="devops.hw1.core.Player.java" Intrnl_Id="53">
<LocList>
<Loc EndOffset="1438" SrcFileId="1" StartOffset="1410"/>
</LocList>
</BasicStmnt>
<BasicStmnt CovItemId="S18" CovItemPrefix="devops.hw1.core.Player.java" Intrnl_Id="54">
<LocList>
<Loc EndOffset="1459" SrcFileId="1" StartOffset="1442"/>
</LocList>
</BasicStmnt>
</StmntSeq>
</HierarchyLvl>
<HierarchyLvl HierarchyLvlId="9561" HierarchyLvlTypeId="13" Intrnl_Id="55" Name="makePlayer">
<Header>
<Loc EndOffset="1576" SrcFileId="1" StartOffset="1543"/>
</Header>
<LocList>
<Loc EndOffset="1639" SrcFileId="1" StartOffset="1543"/>
</LocList>
<StmntSeq Intrnl_Id="56">
<LocList>
<Loc EndOffset="1614" SrcFileId="1" StartOffset="1582"/>
<Loc EndOffset="1635" SrcFileId="1" StartOffset="1618"/>
</LocList>
<BasicStmnt CovItemId="S19" CovItemPrefix="devops.hw1.core.Player.java" Intrnl_Id="57">
<LocList>
<Loc EndOffset="1614" SrcFileId="1" StartOffset="1582"/>
</LocList>
</BasicStmnt>
<BasicStmnt CovItemId="S20" CovItemPrefix="devops.hw1.core.Player.java" Intrnl_Id="58">
<LocList>
<Loc EndOffset="1635" SrcFileId="1" StartOffset="1618"/>
</LocList>
</BasicStmnt>
</StmntSeq>
</HierarchyLvl>
<HierarchyLvl HierarchyLvlId="9562" HierarchyLvlTypeId="13" Intrnl_Id="59" Name="addRunes">
<Header>
<Loc EndOffset="1782" SrcFileId="1" StartOffset="1755"/>
</Header>
<LocList>
<Loc EndOffset="1859" SrcFileId="1" StartOffset="1755"/>
</LocList>
<StmntSeq Intrnl_Id="60">
<LocList>
<Loc EndOffset="1855" SrcFileId="1" StartOffset="1788"/>
</LocList>
<BasicStmnt CovItemId="S21" CovItemPrefix="devops.hw1.core.Player.java" Intrnl_Id="61">
<LocList>
<Loc EndOffset="1855" SrcFileId="1" StartOffset="1788"/>
</LocList>
<QMO CovItemId="Q0" CovItemPrefix="devops.hw1.core.Player.java" Intrnl_Id="62">
<LocList>
<Loc EndOffset="1827" SrcFileId="1" StartOffset="1802"/>
</LocList>
<QMO_E CovItemId="Q0-0" CovItemPrefix="devops.hw1.core.Player.java" Intrnl_Id="63">
<LocList>
<Loc EndOffset="1849" SrcFileId="1" StartOffset="1830"/>
</LocList>
</QMO_E>
<QMO_E CovItemId="Q0-1" CovItemPrefix="devops.hw1.core.Player.java" Intrnl_Id="64">
<LocList>
<Loc EndOffset="1853" SrcFileId="1" StartOffset="1852"/>
</LocList>
</QMO_E>
</QMO>
</BasicStmnt>
</StmntSeq>
</HierarchyLvl>
<HierarchyLvl HierarchyLvlId="9563" HierarchyLvlTypeId="13" Intrnl_Id="65" Name="getRunes">
<Header>
<Loc EndOffset="1990" SrcFileId="1" StartOffset="1969"/>
</Header>
<LocList>
<Loc EndOffset="2018" SrcFileId="1" StartOffset="1969"/>
</LocList>
<StmntSeq Intrnl_Id="66">
<LocList>
<Loc EndOffset="2014" SrcFileId="1" StartOffset="1996"/>
</LocList>
<BasicStmnt CovItemId="S22" CovItemPrefix="devops.hw1.core.Player.java" Intrnl_Id="67">
<LocList>
<Loc EndOffset="2014" SrcFileId="1" StartOffset="1996"/>
</LocList>
</BasicStmnt>
</StmntSeq>
</HierarchyLvl>
<HierarchyLvl HierarchyLvlId="9564" HierarchyLvlTypeId="13" Intrnl_Id="68" Name="setRunes">
<Header>
<Loc EndOffset="2195" SrcFileId="1" StartOffset="2164"/>
</Header>
<LocList>
<Loc EndOffset="2224" SrcFileId="1" StartOffset="2164"/>
</LocList>
<StmntSeq Intrnl_Id="69">
<LocList>
<Loc EndOffset="2220" SrcFileId="1" StartOffset="2201"/>
</LocList>
<BasicStmnt CovItemId="S23" CovItemPrefix="devops.hw1.core.Player.java" Intrnl_Id="70">
<LocList>
<Loc EndOffset="2220" SrcFileId="1" StartOffset="2201"/>
</LocList>
</BasicStmnt>
</StmntSeq>
</HierarchyLvl>
<HierarchyLvl HierarchyLvlId="9565" HierarchyLvlTypeId="13" Intrnl_Id="71" Name="getDiscardSize">
<Header>
<Loc EndOffset="2339" SrcFileId="1" StartOffset="2312"/>
</Header>
<LocList>
<Loc EndOffset="2380" SrcFileId="1" StartOffset="2312"/>
</LocList>
<StmntSeq Intrnl_Id="72">
<LocList>
<Loc EndOffset="2376" SrcFileId="1" StartOffset="2345"/>
</LocList>
<BasicStmnt CovItemId="S24" CovItemPrefix="devops.hw1.core.Player.java" Intrnl_Id="73">
<LocList>
<Loc EndOffset="2376" SrcFileId="1" StartOffset="2345"/>
</LocList>
</BasicStmnt>
</StmntSeq>
</HierarchyLvl>
<HierarchyLvl HierarchyLvlId="9566" HierarchyLvlTypeId="13" Intrnl_Id="74" Name="discard">
<Header>
<Loc EndOffset="2504" SrcFileId="1" StartOffset="2473"/>
</Header>
<LocList>
<Loc EndOffset="2639" SrcFileId="1" StartOffset="2473"/>
</LocList>
<StmntSeq Intrnl_Id="75">
<LocList>
<Loc EndOffset="2604" SrcFileId="1" StartOffset="2510"/>
<Loc EndOffset="2635" SrcFileId="1" StartOffset="2608"/>
</LocList>
<CondStmnt CovItemId="S25" CovItemPrefix="devops.hw1.core.Player.java" Intrnl_Id="76">
<Branch CovItemId="B3" CovItemPrefix="devops.hw1.core.Player.java" Implct="false" Intrnl_Id="77">
<Cond/>
<LocList>
<Loc EndOffset="2604" SrcFileId="1" StartOffset="2528"/>
</LocList>
<StmntSeq Intrnl_Id="78">
<LocList>
<Loc EndOffset="2587" SrcFileId="1" StartOffset="2534"/>
<Loc EndOffset="2599" SrcFileId="1" StartOffset="2592"/>
</LocList>
<BasicStmnt CovItemId="S26" CovItemPrefix="devops.hw1.core.Player.java" Intrnl_Id="79">
<LocList>
<Loc EndOffset="2587" SrcFileId="1" StartOffset="2534"/>
</LocList>
</BasicStmnt>
<BasicStmnt CovItemId="S27" CovItemPrefix="devops.hw1.core.Player.java" Intrnl_Id="80">
<LocList>
<Loc EndOffset="2599" SrcFileId="1" StartOffset="2592"/>
</LocList>
</BasicStmnt>
</StmntSeq>
</Branch>
<Branch CovItemId="B4" CovItemPrefix="devops.hw1.core.Player.java" Implct="true" Intrnl_Id="81">
<Cond/>
<LocList/>
<StmntSeq Intrnl_Id="82">
<LocList/>
</StmntSeq>
</Branch>
<Keyword EndOffset="2512" SrcFileId="1" StartOffset="2510"/>
<LocList>
<Loc EndOffset="2604" SrcFileId="1" StartOffset="2510"/>
</LocList>
<RootTerm CovItemId="C3" CovItemPrefix="devops.hw1.core.Player.java" Intrnl_Id="83">
<BasicBoolTerm Intrnl_Id="84">
<LocList>
<Loc EndOffset="2526" SrcFileId="1" StartOffset="2514"/>
</LocList>
</BasicBoolTerm>
</RootTerm>
</CondStmnt>
<BasicStmnt CovItemId="S28" CovItemPrefix="devops.hw1.core.Player.java" Intrnl_Id="85">
<LocList>
<Loc EndOffset="2635" SrcFileId="1" StartOffset="2608"/>
</LocList>
</BasicStmnt>
</StmntSeq>
</HierarchyLvl>
<HierarchyLvl HierarchyLvlId="9567" HierarchyLvlTypeId="13" Intrnl_Id="86" Name="getDiscardPile">
<Header>
<Loc EndOffset="2755" SrcFileId="1" StartOffset="2715"/>
</Header>
<LocList>
<Loc EndOffset="2789" SrcFileId="1" StartOffset="2715"/>
</LocList>
<StmntSeq Intrnl_Id="87">
<LocList>
<Loc EndOffset="2785" SrcFileId="1" StartOffset="2761"/>
</LocList>
<BasicStmnt CovItemId="S29" CovItemPrefix="devops.hw1.core.Player.java" Intrnl_Id="88">
<LocList>
<Loc EndOffset="2785" SrcFileId="1" StartOffset="2761"/>
</LocList>
</BasicStmnt>
</StmntSeq>
</HierarchyLvl>
<HierarchyLvl HierarchyLvlId="9568" HierarchyLvlTypeId="13" Intrnl_Id="89" Name="buyCard">
<Header>
<Loc EndOffset="3088" SrcFileId="1" StartOffset="3054"/>
</Header>
<LocList>
<Loc EndOffset="3260" SrcFileId="1" StartOffset="3054"/>
</LocList>
<StmntSeq Intrnl_Id="90">
<LocList>
<Loc EndOffset="3239" SrcFileId="1" StartOffset="3094"/>
<Loc EndOffset="3256" SrcFileId="1" StartOffset="3243"/>
</LocList>
<CondStmnt CovItemId="S30" CovItemPrefix="devops.hw1.core.Player.java" Intrnl_Id="91">
<Branch CovItemId="B5" CovItemPrefix="devops.hw1.core.Player.java" Implct="false" Intrnl_Id="92">
<Cond/>
<LocList>
<Loc EndOffset="3239" SrcFileId="1" StartOffset="3144"/>
</LocList>
<StmntSeq Intrnl_Id="93">
<LocList>
<Loc EndOffset="3193" SrcFileId="1" StartOffset="3150"/>
<Loc EndOffset="3217" SrcFileId="1" StartOffset="3198"/>
<Loc EndOffset="3234" SrcFileId="1" StartOffset="3222"/>
</LocList>
<BasicStmnt CovItemId="S31" CovItemPrefix="devops.hw1.core.Player.java" Intrnl_Id="94">
<LocList>
<Loc EndOffset="3193" SrcFileId="1" StartOffset="3150"/>
</LocList>
</BasicStmnt>
<BasicStmnt CovItemId="S32" CovItemPrefix="devops.hw1.core.Player.java" Intrnl_Id="95">
<LocList>
<Loc EndOffset="3217" SrcFileId="1" StartOffset="3198"/>
</LocList>
</BasicStmnt>
<BasicStmnt CovItemId="S33" CovItemPrefix="devops.hw1.core.Player.java" Intrnl_Id="96">
<LocList>
<Loc EndOffset="3234" SrcFileId="1" StartOffset="3222"/>
</LocList>
</BasicStmnt>
</StmntSeq>
</Branch>
<Branch CovItemId="B6" CovItemPrefix="devops.hw1.core.Player.java" Implct="true" Intrnl_Id="97">
<Cond/>
<LocList/>
<StmntSeq Intrnl_Id="98">
<LocList/>
</StmntSeq>
</Branch>
<Keyword EndOffset="3096" SrcFileId="1" StartOffset="3094"/>
<LocList>
<Loc EndOffset="3239" SrcFileId="1" StartOffset="3094"/>
</LocList>
<RootTerm CovItemId="C4" CovItemPrefix="devops.hw1.core.Player.java" Intrnl_Id="99">
<OpTerm BooleanOpId="9" Intrnl_Id="100">
<BasicBoolTerm Intrnl_Id="101">
<LocList>
<Loc EndOffset="3110" SrcFileId="1" StartOffset="3098"/>
</LocList>
</BasicBoolTerm>
<BasicBoolTerm Intrnl_Id="102">
<LocList>
<Loc EndOffset="3142" SrcFileId="1" StartOffset="3114"/>
</LocList>
</BasicBoolTerm>
<LocList>
<Loc EndOffset="3113" SrcFileId="1" StartOffset="3111"/>
</LocList>
</OpTerm>
</RootTerm>
</CondStmnt>
<BasicStmnt CovItemId="S34" CovItemPrefix="devops.hw1.core.Player.java" Intrnl_Id="103">
<LocList>
<Loc EndOffset="3256" SrcFileId="1" StartOffset="3243"/>
</LocList>
</BasicStmnt>
</StmntSeq>
</HierarchyLvl>
<HierarchyLvl HierarchyLvlId="9569" HierarchyLvlTypeId="13" Intrnl_Id="104" Name="attackCard">
<Header>
<Loc EndOffset="3580" SrcFileId="1" StartOffset="3530"/>
</Header>
<LocList>
<Loc EndOffset="3755" SrcFileId="1" StartOffset="3530"/>
</LocList>
<StmntSeq Intrnl_Id="105">
<LocList>
<Loc EndOffset="3734" SrcFileId="1" StartOffset="3586"/>
<Loc EndOffset="3751" SrcFileId="1" StartOffset="3738"/>
</LocList>
<CondStmnt CovItemId="S35" CovItemPrefix="devops.hw1.core.Player.java" Intrnl_Id="106">
<Branch CovItemId="B7" CovItemPrefix="devops.hw1.core.Player.java" Implct="false" Intrnl_Id="107">
<Cond/>
<LocList>
<Loc EndOffset="3734" SrcFileId="1" StartOffset="3640"/>
</LocList>
<StmntSeq Intrnl_Id="108">
<LocList>
<Loc EndOffset="3684" SrcFileId="1" StartOffset="3646"/>
<Loc EndOffset="3712" SrcFileId="1" StartOffset="3689"/>
<Loc EndOffset="3729" SrcFileId="1" StartOffset="3717"/>
</LocList>
<BasicStmnt CovItemId="S36" CovItemPrefix="devops.hw1.core.Player.java" Intrnl_Id="109">
<LocList>
<Loc EndOffset="3684" SrcFileId="1" StartOffset="3646"/>
</LocList>
</BasicStmnt>
<BasicStmnt CovItemId="S37" CovItemPrefix="devops.hw1.core.Player.java" Intrnl_Id="110">
<LocList>
<Loc EndOffset="3712" SrcFileId="1" StartOffset="3689"/>
</LocList>
</BasicStmnt>
<BasicStmnt CovItemId="S38" CovItemPrefix="devops.hw1.core.Player.java" Intrnl_Id="111">
<LocList>
<Loc EndOffset="3729" SrcFileId="1" StartOffset="3717"/>
</LocList>
</BasicStmnt>
</StmntSeq>
</Branch>
<Branch CovItemId="B8" CovItemPrefix="devops.hw1.core.Player.java" Implct="true" Intrnl_Id="112">
<Cond/>
<LocList/>
<StmntSeq Intrnl_Id="113">
<LocList/>
</StmntSeq>
</Branch>
<Keyword EndOffset="3588" SrcFileId="1" StartOffset="3586"/>
<LocList>
<Loc EndOffset="3734" SrcFileId="1" StartOffset="3586"/>
</LocList>
<RootTerm CovItemId="C5" CovItemPrefix="devops.hw1.core.Player.java" Intrnl_Id="114">
<OpTerm BooleanOpId="9" Intrnl_Id="115">
<BasicBoolTerm Intrnl_Id="116">
<LocList>
<Loc EndOffset="3602" SrcFileId="1" StartOffset="3590"/>
</LocList>
</BasicBoolTerm>
<BasicBoolTerm Intrnl_Id="117">
<LocList>
<Loc EndOffset="3638" SrcFileId="1" StartOffset="3606"/>
</LocList>
</BasicBoolTerm>
<LocList>
<Loc EndOffset="3605" SrcFileId="1" StartOffset="3603"/>
</LocList>
</OpTerm>
</RootTerm>
</CondStmnt>
<BasicStmnt CovItemId="S39" CovItemPrefix="devops.hw1.core.Player.java" Intrnl_Id="118">
<LocList>
<Loc EndOffset="3751" SrcFileId="1" StartOffset="3738"/>
</LocList>
</BasicStmnt>
</StmntSeq>
</HierarchyLvl>
<HierarchyLvl HierarchyLvlId="9570" HierarchyLvlTypeId="13" Intrnl_Id="119" Name="getHandSize">
<Header>
<Loc EndOffset="3890" SrcFileId="1" StartOffset="3866"/>
</Header>
<LocList>
<Loc EndOffset="3930" SrcFileId="1" StartOffset="3866"/>
</LocList>
<StmntSeq Intrnl_Id="120">
<LocList>
<Loc EndOffset="3926" SrcFileId="1" StartOffset="3896"/>
</LocList>
<BasicStmnt CovItemId="S40" CovItemPrefix="devops.hw1.core.Player.java" Intrnl_Id="121">
<LocList>
<Loc EndOffset="3926" SrcFileId="1" StartOffset="3896"/>
</LocList>
</BasicStmnt>
</StmntSeq>
</HierarchyLvl>
<HierarchyLvl HierarchyLvlId="9571" HierarchyLvlTypeId="13" Intrnl_Id="122" Name="drawCard">
<Header>
<Loc EndOffset="4050" SrcFileId="1" StartOffset="4028"/>
</Header>
<LocList>
<Loc EndOffset="4294" SrcFileId="1" StartOffset="4028"/>
</LocList>
<StmntSeq Intrnl_Id="123">
<LocList>
<Loc EndOffset="4210" SrcFileId="1" StartOffset="4056"/>
<Loc EndOffset="4256" SrcFileId="1" StartOffset="4214"/>
<Loc EndOffset="4290" SrcFileId="1" StartOffset="4260"/>
</LocList>
<CondStmnt CovItemId="S41" CovItemPrefix="devops.hw1.core.Player.java" Intrnl_Id="124">
<Branch CovItemId="B9" CovItemPrefix="devops.hw1.core.Player.java" Implct="false" Intrnl_Id="125">
<Cond/>
<LocList>
<Loc EndOffset="4210" SrcFileId="1" StartOffset="4086"/>
</LocList>
<StmntSeq Intrnl_Id="126">
<LocList>
<Loc EndOffset="4133" SrcFileId="1" StartOffset="4092"/>
<Loc EndOffset="4163" SrcFileId="1" StartOffset="4138"/>
<Loc EndOffset="4205" SrcFileId="1" StartOffset="4168"/>
</LocList>
<BasicStmnt CovItemId="S42" CovItemPrefix="devops.hw1.core.Player.java" Intrnl_Id="127">
<LocList>
<Loc EndOffset="4133" SrcFileId="1" StartOffset="4092"/>
</LocList>
</BasicStmnt>
<BasicStmnt CovItemId="S43" CovItemPrefix="devops.hw1.core.Player.java" Intrnl_Id="128">
<LocList>
<Loc EndOffset="4163" SrcFileId="1" StartOffset="4138"/>
</LocList>
</BasicStmnt>
<BasicStmnt CovItemId="S44" CovItemPrefix="devops.hw1.core.Player.java" Intrnl_Id="129">
<LocList>
<Loc EndOffset="4205" SrcFileId="1" StartOffset="4168"/>
</LocList>
</BasicStmnt>
</StmntSeq>
</Branch>
<Branch CovItemId="B10" CovItemPrefix="devops.hw1.core.Player.java" Implct="true" Intrnl_Id="130">
<Cond/>
<LocList/>
<StmntSeq Intrnl_Id="131">
<LocList/>
</StmntSeq>
</Branch>
<Keyword EndOffset="4058" SrcFileId="1" StartOffset="4056"/>
<LocList>
<Loc EndOffset="4210" SrcFileId="1" StartOffset="4056"/>
</LocList>
<RootTerm CovItemId="C6" CovItemPrefix="devops.hw1.core.Player.java" Intrnl_Id="132">
<BasicBoolTerm Intrnl_Id="133">
<LocList>
<Loc EndOffset="4085" SrcFileId="1" StartOffset="4060"/>
</LocList>
</BasicBoolTerm>
</RootTerm>
</CondStmnt>
<BasicStmnt CovItemId="S45" CovItemPrefix="devops.hw1.core.Player.java" Intrnl_Id="134">
<LocList>
<Loc EndOffset="4256" SrcFileId="1" StartOffset="4214"/>
</LocList>
</BasicStmnt>
<BasicStmnt CovItemId="S46" CovItemPrefix="devops.hw1.core.Player.java" Intrnl_Id="135">
<LocList>
<Loc EndOffset="4290" SrcFileId="1" StartOffset="4260"/>
</LocList>
</BasicStmnt>
</StmntSeq>
</HierarchyLvl>
<HierarchyLvl HierarchyLvlId="9572" HierarchyLvlTypeId="13" Intrnl_Id="136" Name="addCardToDeck">
<Header>
<Loc EndOffset="4442" SrcFileId="1" StartOffset="4405"/>
</Header>
<LocList>
<Loc EndOffset="4586" SrcFileId="1" StartOffset="4405"/>
</LocList>
<StmntSeq Intrnl_Id="137">
<LocList>
<Loc EndOffset="4550" SrcFileId="1" StartOffset="4450"/>
<Loc EndOffset="4582" SrcFileId="1" StartOffset="4556"/>
</LocList>
<CondStmnt CovItemId="S47" CovItemPrefix="devops.hw1.core.Player.java" Intrnl_Id="138">
<Branch CovItemId="B11" CovItemPrefix="devops.hw1.core.Player.java" Implct="false" Intrnl_Id="139">
<Cond/>
<LocList>
<Loc EndOffset="4550" SrcFileId="1" StartOffset="4468"/>
</LocList>
<StmntSeq Intrnl_Id="140">
<LocList>
<Loc EndOffset="4533" SrcFileId="1" StartOffset="4474"/>
<Loc EndOffset="4545" SrcFileId="1" StartOffset="4538"/>
</LocList>
<BasicStmnt CovItemId="S48" CovItemPrefix="devops.hw1.core.Player.java" Intrnl_Id="141">
<LocList>
<Loc EndOffset="4533" SrcFileId="1" StartOffset="4474"/>
</LocList>
</BasicStmnt>
<BasicStmnt CovItemId="S49" CovItemPrefix="devops.hw1.core.Player.java" Intrnl_Id="142">
<LocList>
<Loc EndOffset="4545" SrcFileId="1" StartOffset="4538"/>
</LocList>
</BasicStmnt>
</StmntSeq>
</Branch>
<Branch CovItemId="B12" CovItemPrefix="devops.hw1.core.Player.java" Implct="true" Intrnl_Id="143">
<Cond/>
<LocList/>
<StmntSeq Intrnl_Id="144">
<LocList/>
</StmntSeq>
</Branch>
<Keyword EndOffset="4452" SrcFileId="1" StartOffset="4450"/>
<LocList>
<Loc EndOffset="4550" SrcFileId="1" StartOffset="4450"/>
</LocList>
<RootTerm CovItemId="C7" CovItemPrefix="devops.hw1.core.Player.java" Intrnl_Id="145">
<BasicBoolTerm Intrnl_Id="146">
<LocList>
<Loc EndOffset="4466" SrcFileId="1" StartOffset="4454"/>
</LocList>
</BasicBoolTerm>
</RootTerm>
</CondStmnt>
<BasicStmnt CovItemId="S50" CovItemPrefix="devops.hw1.core.Player.java" Intrnl_Id="147">
<LocList>
<Loc EndOffset="4582" SrcFileId="1" StartOffset="4556"/>
</LocList>
</BasicStmnt>
</StmntSeq>
</HierarchyLvl>
<HierarchyLvl HierarchyLvlId="9573" HierarchyLvlTypeId="13" Intrnl_Id="148" Name="addCardToHand">
<Header>
<Loc EndOffset="4737" SrcFileId="1" StartOffset="4700"/>
</Header>
<LocList>
<Loc EndOffset="4878" SrcFileId="1" StartOffset="4700"/>
</LocList>
<StmntSeq Intrnl_Id="149">
<LocList>
<Loc EndOffset="4844" SrcFileId="1" StartOffset="4745"/>
<Loc EndOffset="4874" SrcFileId="1" StartOffset="4848"/>
</LocList>
<CondStmnt CovItemId="S51" CovItemPrefix="devops.hw1.core.Player.java" Intrnl_Id="150">
<Branch CovItemId="B13" CovItemPrefix="devops.hw1.core.Player.java" Implct="false" Intrnl_Id="151">
<Cond/>
<LocList>
<Loc EndOffset="4844" SrcFileId="1" StartOffset="4762"/>
</LocList>
<StmntSeq Intrnl_Id="152">
<LocList>
<Loc EndOffset="4827" SrcFileId="1" StartOffset="4768"/>
<Loc EndOffset="4839" SrcFileId="1" StartOffset="4832"/>
</LocList>
<BasicStmnt CovItemId="S52" CovItemPrefix="devops.hw1.core.Player.java" Intrnl_Id="153">
<LocList>
<Loc EndOffset="4827" SrcFileId="1" StartOffset="4768"/>
</LocList>
</BasicStmnt>
<BasicStmnt CovItemId="S53" CovItemPrefix="devops.hw1.core.Player.java" Intrnl_Id="154">
<LocList>
<Loc EndOffset="4839" SrcFileId="1" StartOffset="4832"/>
</LocList>
</BasicStmnt>
</StmntSeq>
</Branch>
<Branch CovItemId="B14" CovItemPrefix="devops.hw1.core.Player.java" Implct="true" Intrnl_Id="155">
<Cond/>
<LocList/>
<StmntSeq Intrnl_Id="156">
<LocList/>
</StmntSeq>
</Branch>
<Keyword EndOffset="4747" SrcFileId="1" StartOffset="4745"/>
<LocList>
<Loc EndOffset="4844" SrcFileId="1" StartOffset="4745"/>
</LocList>
<RootTerm CovItemId="C8" CovItemPrefix="devops.hw1.core.Player.java" Intrnl_Id="157">
<BasicBoolTerm Intrnl_Id="158">
<LocList>
<Loc EndOffset="4761" SrcFileId="1" StartOffset="4749"/>
</LocList>
</BasicBoolTerm>
</RootTerm>
</CondStmnt>
<BasicStmnt CovItemId="S54" CovItemPrefix="devops.hw1.core.Player.java" Intrnl_Id="159">
<LocList>
<Loc EndOffset="4874" SrcFileId="1" StartOffset="4848"/>
</LocList>
</BasicStmnt>
</StmntSeq>
</HierarchyLvl>
<HierarchyLvl HierarchyLvlId="9574" HierarchyLvlTypeId="13" Intrnl_Id="160" Name="getHand">
<Header>
<Loc EndOffset="5002" SrcFileId="1" StartOffset="4969"/>
</Header>
<LocList>
<Loc EndOffset="5035" SrcFileId="1" StartOffset="4969"/>
</LocList>
<StmntSeq Intrnl_Id="161">
<LocList>
<Loc EndOffset="5031" SrcFileId="1" StartOffset="5008"/>
</LocList>
<BasicStmnt CovItemId="S55" CovItemPrefix="devops.hw1.core.Player.java" Intrnl_Id="162">
<LocList>
<Loc EndOffset="5031" SrcFileId="1" StartOffset="5008"/>
</LocList>
</BasicStmnt>
</StmntSeq>
</HierarchyLvl>
<HierarchyLvl HierarchyLvlId="9575" HierarchyLvlTypeId="13" Intrnl_Id="163" Name="playCard">
<Header>
<Loc EndOffset="5142" SrcFileId="1" StartOffset="5110"/>
</Header>
<LocList>
<Loc EndOffset="5333" SrcFileId="1" StartOffset="5110"/>
</LocList>
<StmntSeq Intrnl_Id="164">
<LocList>
<Loc EndOffset="5245" SrcFileId="1" StartOffset="5152"/>
<Loc EndOffset="5278" SrcFileId="1" StartOffset="5249"/>
<Loc EndOffset="5306" SrcFileId="1" StartOffset="5282"/>
<Loc EndOffset="5329" SrcFileId="1" StartOffset="5310"/>
</LocList>
<CondStmnt CovItemId="S56" CovItemPrefix="devops.hw1.core.Player.java" Intrnl_Id="165">
<Branch CovItemId="B15" CovItemPrefix="devops.hw1.core.Player.java" Implct="false" Intrnl_Id="166">
<Cond/>
<LocList>
<Loc EndOffset="5245" SrcFileId="1" StartOffset="5170"/>
</LocList>
<StmntSeq Intrnl_Id="167">
<LocList>
<Loc EndOffset="5228" SrcFileId="1" StartOffset="5176"/>
<Loc EndOffset="5240" SrcFileId="1" StartOffset="5233"/>
</LocList>
<BasicStmnt CovItemId="S57" CovItemPrefix="devops.hw1.core.Player.java" Intrnl_Id="168">
<LocList>
<Loc EndOffset="5228" SrcFileId="1" StartOffset="5176"/>
</LocList>
</BasicStmnt>
<BasicStmnt CovItemId="S58" CovItemPrefix="devops.hw1.core.Player.java" Intrnl_Id="169">
<LocList>
<Loc EndOffset="5240" SrcFileId="1" StartOffset="5233"/>
</LocList>
</BasicStmnt>
</StmntSeq>
</Branch>
<Branch CovItemId="B16" CovItemPrefix="devops.hw1.core.Player.java" Implct="true" Intrnl_Id="170">
<Cond/>
<LocList/>
<StmntSeq Intrnl_Id="171">
<LocList/>
</StmntSeq>
</Branch>
<Keyword EndOffset="5154" SrcFileId="1" StartOffset="5152"/>
<LocList>
<Loc EndOffset="5245" SrcFileId="1" StartOffset="5152"/>
</LocList>
<RootTerm CovItemId="C9" CovItemPrefix="devops.hw1.core.Player.java" Intrnl_Id="172">
<BasicBoolTerm Intrnl_Id="173">
<LocList>
<Loc EndOffset="5168" SrcFileId="1" StartOffset="5156"/>
</LocList>
</BasicBoolTerm>
</RootTerm>
</CondStmnt>
<BasicStmnt CovItemId="S59" CovItemPrefix="devops.hw1.core.Player.java" Intrnl_Id="174">
<LocList>
<Loc EndOffset="5278" SrcFileId="1" StartOffset="5249"/>
</LocList>
</BasicStmnt>
<BasicStmnt CovItemId="S60" CovItemPrefix="devops.hw1.core.Player.java" Intrnl_Id="175">
<LocList>
<Loc EndOffset="5306" SrcFileId="1" StartOffset="5282"/>
</LocList>
</BasicStmnt>
<BasicStmnt CovItemId="S61" CovItemPrefix="devops.hw1.core.Player.java" Intrnl_Id="176">
<LocList>
<Loc EndOffset="5329" SrcFileId="1" StartOffset="5310"/>
</LocList>
</BasicStmnt>
</StmntSeq>
</HierarchyLvl>
<HierarchyLvl HierarchyLvlId="9576" HierarchyLvlTypeId="13" Intrnl_Id="177" Name="drawCard">
<Header>
<Loc EndOffset="5401" SrcFileId="1" StartOffset="5370"/>
</Header>
<LocList>
<Loc EndOffset="5470" SrcFileId="1" StartOffset="5370"/>
</LocList>
<StmntSeq Intrnl_Id="178">
<LocList>
<Loc EndOffset="5466" SrcFileId="1" StartOffset="5407"/>
</LocList>
<LoopStmnt CovItemId="S62" CovItemPrefix="devops.hw1.core.Player.java" Intrnl_Id="179" MltplExecId="L3-2" MltplExecPrefix="devops.hw1.core.Player.java" NvrExecId="L3-0" NvrExecPrefix="devops.hw1.core.Player.java" OnceExecutedId="L3-1" OnceExecutedPrefix="devops.hw1.core.Player.java" OptBodyExec="true">
<StmntSeq Intrnl_Id="180">
<LocList>
<Loc EndOffset="5461" SrcFileId="1" StartOffset="5445"/>
</LocList>
<BasicStmnt CovItemId="S63" CovItemPrefix="devops.hw1.core.Player.java" Intrnl_Id="181">
<LocList>
<Loc EndOffset="5461" SrcFileId="1" StartOffset="5445"/>
</LocList>
</BasicStmnt>
</StmntSeq>
<Keyword EndOffset="5410" SrcFileId="1" StartOffset="5407"/>
<LocList>
<Loc EndOffset="5466" SrcFileId="1" StartOffset="5407"/>
</LocList>
<RootTerm CovItemId="C10" CovItemPrefix="devops.hw1.core.Player.java" Intrnl_Id="182">
<BasicBoolTerm Intrnl_Id="183">
<LocList>
<Loc EndOffset="5432" SrcFileId="1" StartOffset="5423"/>
</LocList>
</BasicBoolTerm>
</RootTerm>
</LoopStmnt>
</StmntSeq>
</HierarchyLvl>
<HierarchyLvl HierarchyLvlId="9577" HierarchyLvlTypeId="13" Intrnl_Id="184" Name="getDeck">
<Header>
<Loc EndOffset="5547" SrcFileId="1" StartOffset="5518"/>
</Header>
<LocList>
<Loc EndOffset="5580" SrcFileId="1" StartOffset="5518"/>
</LocList>
<StmntSeq Intrnl_Id="185">
<LocList>
<Loc EndOffset="5576" SrcFileId="1" StartOffset="5553"/>
</LocList>
<BasicStmnt CovItemId="S64" CovItemPrefix="devops.hw1.core.Player.java" Intrnl_Id="186">
<LocList>
<Loc EndOffset="5576" SrcFileId="1" StartOffset="5553"/>
</LocList>
</BasicStmnt>
</StmntSeq>
</HierarchyLvl>
<HierarchyLvl HierarchyLvlId="9578" HierarchyLvlTypeId="13" Intrnl_Id="187" Name="getDeckSize">
<Header>
<Loc EndOffset="5681" SrcFileId="1" StartOffset="5657"/>
</Header>
<LocList>
<Loc EndOffset="5721" SrcFileId="1" StartOffset="5657"/>
</LocList>
<StmntSeq Intrnl_Id="188">
<LocList>
<Loc EndOffset="5717" SrcFileId="1" StartOffset="5687"/>
</LocList>
<BasicStmnt CovItemId="S65" CovItemPrefix="devops.hw1.core.Player.java" Intrnl_Id="189">
<LocList>
<Loc EndOffset="5717" SrcFileId="1" StartOffset="5687"/>
</LocList>
</BasicStmnt>
</StmntSeq>
</HierarchyLvl>
<HierarchyLvl HierarchyLvlId="9579" HierarchyLvlTypeId="13" Intrnl_Id="190" Name="getPower">
<Header>
<Loc EndOffset="5873" SrcFileId="1" StartOffset="5852"/>
</Header>
<LocList>
<Loc EndOffset="5901" SrcFileId="1" StartOffset="5852"/>
</LocList>
<StmntSeq Intrnl_Id="191">
<LocList>
<Loc EndOffset="5897" SrcFileId="1" StartOffset="5879"/>
</LocList>
<BasicStmnt CovItemId="S66" CovItemPrefix="devops.hw1.core.Player.java" Intrnl_Id="192">
<LocList>
<Loc EndOffset="5897" SrcFileId="1" StartOffset="5879"/>
</LocList>
</BasicStmnt>
</StmntSeq>
</HierarchyLvl>
<HierarchyLvl HierarchyLvlId="9580" HierarchyLvlTypeId="13" Intrnl_Id="193" Name="addPower">
<Header>
<Loc EndOffset="6032" SrcFileId="1" StartOffset="6005"/>
</Header>
<LocList>
<Loc EndOffset="6058" SrcFileId="1" StartOffset="6005"/>
</LocList>
<StmntSeq Intrnl_Id="194">
<LocList>
<Loc EndOffset="6054" SrcFileId="1" StartOffset="6038"/>
</LocList>
<BasicStmnt CovItemId="S67" CovItemPrefix="devops.hw1.core.Player.java" Intrnl_Id="195">
<LocList>
<Loc EndOffset="6054" SrcFileId="1" StartOffset="6038"/>
</LocList>
</BasicStmnt>
</StmntSeq>
</HierarchyLvl>
<HierarchyLvl HierarchyLvlId="9581" HierarchyLvlTypeId="13" Intrnl_Id="196" Name="applyEffects">
<Header>
<Loc EndOffset="6216" SrcFileId="1" StartOffset="6150"/>
</Header>
<LocList>
<Loc EndOffset="6637" SrcFileId="1" StartOffset="6150"/>
</LocList>
<StmntSeq Intrnl_Id="197">
<LocList>
<Loc EndOffset="6271" SrcFileId="1" StartOffset="6222"/>
<Loc EndOffset="6633" SrcFileId="1" StartOffset="6275"/>
</LocList>
<BasicStmnt CovItemId="S68" CovItemPrefix="devops.hw1.core.Player.java" Intrnl_Id="198">
<LocList>
<Loc EndOffset="6271" SrcFileId="1" StartOffset="6222"/>
</LocList>
</BasicStmnt>
<LoopStmnt CovItemId="S69" CovItemPrefix="devops.hw1.core.Player.java" Intrnl_Id="199" MltplExecId="L4-2" MltplExecPrefix="devops.hw1.core.Player.java" NvrExecId="L4-0" NvrExecPrefix="devops.hw1.core.Player.java" OnceExecutedId="L4-1" OnceExecutedPrefix="devops.hw1.core.Player.java" OptBodyExec="true">
<StmntSeq Intrnl_Id="200">
<LocList>
<Loc EndOffset="6628" SrcFileId="1" StartOffset="6311"/>
</LocList>
<CondStmnt CovItemId="S70" CovItemPrefix="devops.hw1.core.Player.java" Intrnl_Id="201">
<Branch CovItemId="B17" CovItemPrefix="devops.hw1.core.Player.java" Implct="false" Intrnl_Id="202">
<Cond>
<Loc EndOffset="6353" SrcFileId="1" StartOffset="6328"/>
</Cond>
<LocList>
<Loc EndOffset="6398" SrcFileId="1" StartOffset="6360"/>
</LocList>
<StmntSeq Intrnl_Id="203">
<LocList>
<Loc EndOffset="6386" SrcFileId="1" StartOffset="6360"/>
<Loc EndOffset="6398" SrcFileId="1" StartOffset="6392"/>
</LocList>
<BasicStmnt CovItemId="S71" CovItemPrefix="devops.hw1.core.Player.java" Intrnl_Id="204">
<LocList>
<Loc EndOffset="6386" SrcFileId="1" StartOffset="6360"/>
</LocList>
</BasicStmnt>
<BasicStmnt CovItemId="S72" CovItemPrefix="devops.hw1.core.Player.java" Intrnl_Id="205">
<LocList>
<Loc EndOffset="6398" SrcFileId="1" StartOffset="6392"/>
</LocList>
</BasicStmnt>
</StmntSeq>
</Branch>
<Branch CovItemId="B18" CovItemPrefix="devops.hw1.core.Player.java" Implct="false" Intrnl_Id="206">
<Cond>
<Loc EndOffset="6428" SrcFileId="1" StartOffset="6403"/>
</Cond>
<LocList>
<Loc EndOffset="6473" SrcFileId="1" StartOffset="6435"/>
</LocList>
<StmntSeq Intrnl_Id="207">
<LocList>
<Loc EndOffset="6461" SrcFileId="1" StartOffset="6435"/>
<Loc EndOffset="6473" SrcFileId="1" StartOffset="6467"/>
</LocList>
<BasicStmnt CovItemId="S73" CovItemPrefix="devops.hw1.core.Player.java" Intrnl_Id="208">
<LocList>
<Loc EndOffset="6461" SrcFileId="1" StartOffset="6435"/>
</LocList>
</BasicStmnt>
<BasicStmnt CovItemId="S74" CovItemPrefix="devops.hw1.core.Player.java" Intrnl_Id="209">
<LocList>
<Loc EndOffset="6473" SrcFileId="1" StartOffset="6467"/>
</LocList>
</BasicStmnt>
</StmntSeq>
</Branch>
<Branch CovItemId="B19" CovItemPrefix="devops.hw1.core.Player.java" Implct="false" Intrnl_Id="210">
<Cond>
<Loc EndOffset="6502" SrcFileId="1" StartOffset="6478"/>
</Cond>
<LocList>
<Loc EndOffset="6547" SrcFileId="1" StartOffset="6509"/>
</LocList>
<StmntSeq Intrnl_Id="211">
<LocList>
<Loc EndOffset="6535" SrcFileId="1" StartOffset="6509"/>
<Loc EndOffset="6547" SrcFileId="1" StartOffset="6541"/>
</LocList>
<BasicStmnt CovItemId="S75" CovItemPrefix="devops.hw1.core.Player.java" Intrnl_Id="212">
<LocList>
<Loc EndOffset="6535" SrcFileId="1" StartOffset="6509"/>
</LocList>
</BasicStmnt>
<BasicStmnt CovItemId="S76" CovItemPrefix="devops.hw1.core.Player.java" Intrnl_Id="213">
<LocList>
<Loc EndOffset="6547" SrcFileId="1" StartOffset="6541"/>
</LocList>
</BasicStmnt>
</StmntSeq>
</Branch>
<Branch CovItemId="B20" CovItemPrefix="devops.hw1.core.Player.java" Implct="false" Intrnl_Id="214">
<Cond>
<Loc EndOffset="6577" SrcFileId="1" StartOffset="6552"/>
</Cond>
<LocList>
<Loc EndOffset="6622" SrcFileId="1" StartOffset="6584"/>
</LocList>
<StmntSeq Intrnl_Id="215">
<LocList>
<Loc EndOffset="6610" SrcFileId="1" StartOffset="6584"/>
<Loc EndOffset="6622" SrcFileId="1" StartOffset="6616"/>
</LocList>
<BasicStmnt CovItemId="S77" CovItemPrefix="devops.hw1.core.Player.java" Intrnl_Id="216">
<LocList>
<Loc EndOffset="6610" SrcFileId="1" StartOffset="6584"/>
</LocList>
</BasicStmnt>
<BasicStmnt CovItemId="S78" CovItemPrefix="devops.hw1.core.Player.java" Intrnl_Id="217">
<LocList>
<Loc EndOffset="6622" SrcFileId="1" StartOffset="6616"/>
</LocList>
</BasicStmnt>
</StmntSeq>
</Branch>
<Branch CovItemId="B21" CovItemPrefix="devops.hw1.core.Player.java" Implct="true" Intrnl_Id="218">
<Cond/>
<LocList/>
<StmntSeq Intrnl_Id="219">
<LocList/>
</StmntSeq>
</Branch>
<Keyword EndOffset="6317" SrcFileId="1" StartOffset="6311"/>
<LocList>
<Loc EndOffset="6628" SrcFileId="1" StartOffset="6311"/>
</LocList>
</CondStmnt>
</StmntSeq>
<Keyword EndOffset="6278" SrcFileId="1" StartOffset="6275"/>
<LocList>
<Loc EndOffset="6633" SrcFileId="1" StartOffset="6275"/>
</LocList>
</LoopStmnt>
</StmntSeq>
</HierarchyLvl>
<HierarchyLvl HierarchyLvlId="9582" HierarchyLvlTypeId="13" Intrnl_Id="220" Name="getHonor">
<Header>
<Loc EndOffset="6766" SrcFileId="1" StartOffset="6745"/>
</Header>
<LocList>
<Loc EndOffset="6794" SrcFileId="1" StartOffset="6745"/>
</LocList>
<StmntSeq Intrnl_Id="221">
<LocList>
<Loc EndOffset="6790" SrcFileId="1" StartOffset="6772"/>
</LocList>
<BasicStmnt CovItemId="S79" CovItemPrefix="devops.hw1.core.Player.java" Intrnl_Id="222">
<LocList>
<Loc EndOffset="6790" SrcFileId="1" StartOffset="6772"/>
</LocList>
</BasicStmnt>
</StmntSeq>
</HierarchyLvl>
<HierarchyLvl HierarchyLvlId="9583" HierarchyLvlTypeId="13" Intrnl_Id="223" Name="addHonor">
<Header>
<Loc EndOffset="6941" SrcFileId="1" StartOffset="6914"/>
</Header>
<LocList>
<Loc EndOffset="6967" SrcFileId="1" StartOffset="6914"/>
</LocList>
<StmntSeq Intrnl_Id="224">
<LocList>
<Loc EndOffset="6963" SrcFileId="1" StartOffset="6947"/>
</LocList>
<BasicStmnt CovItemId="S80" CovItemPrefix="devops.hw1.core.Player.java" Intrnl_Id="225">
<LocList>
<Loc EndOffset="6963" SrcFileId="1" StartOffset="6947"/>
</LocList>
</BasicStmnt>
</StmntSeq>
</HierarchyLvl>
</HierarchyLvl>
<HierarchyLvl HierarchyLvlId="9586" HierarchyLvlTypeId="14" Intrnl_Id="226" Name="MainGUI">
<Header>
<Loc EndOffset="220" SrcFileId="2" StartOffset="200"/>
</Header>
<LocList>
<Loc EndOffset="865" SrcFileId="2" StartOffset="200"/>
</LocList>
<StmntSeq Intrnl_Id="227">
<LocList>
<Loc EndOffset="266" SrcFileId="2" StartOffset="228"/>
<Loc EndOffset="307" SrcFileId="2" StartOffset="269"/>
</LocList>
<BasicStmnt CovItemId="S1" CovItemPrefix="devops.hw1.core.MainGUI.java" Intrnl_Id="228">
<LocList>
<Loc EndOffset="266" SrcFileId="2" StartOffset="228"/>
</LocList>
</BasicStmnt>
<BasicStmnt CovItemId="S2" CovItemPrefix="devops.hw1.core.MainGUI.java" Intrnl_Id="229">
<LocList>
<Loc EndOffset="307" SrcFileId="2" StartOffset="269"/>
</LocList>
</BasicStmnt>
</StmntSeq>
<HierarchyLvl HierarchyLvlId="9585" HierarchyLvlTypeId="13" Intrnl_Id="230" Name="main">
<Header>
<Loc EndOffset="350" SrcFileId="2" StartOffset="312"/>
</Header>
<LocList>
<Loc EndOffset="862" SrcFileId="2" StartOffset="312"/>
</LocList>
<StmntSeq Intrnl_Id="231">
<LocList>
<Loc EndOffset="393" SrcFileId="2" StartOffset="356"/>
<Loc EndOffset="423" SrcFileId="2" StartOffset="397"/>
<Loc EndOffset="447" SrcFileId="2" StartOffset="427"/>
<Loc EndOffset="503" SrcFileId="2" StartOffset="451"/>
<Loc EndOffset="546" SrcFileId="2" StartOffset="507"/>
<Loc EndOffset="579" SrcFileId="2" StartOffset="550"/>
<Loc EndOffset="692" SrcFileId="2" StartOffset="587"/>
<Loc EndOffset="742" SrcFileId="2" StartOffset="700"/>
<Loc EndOffset="770" SrcFileId="2" StartOffset="750"/>
<Loc EndOffset="831" SrcFileId="2" StartOffset="778"/>
<Loc EndOffset="858" SrcFileId="2" StartOffset="835"/>
</LocList>
<BasicStmnt CovItemId="S3" CovItemPrefix="devops.hw1.core.MainGUI.java" Intrnl_Id="232">
<LocList>
<Loc EndOffset="393" SrcFileId="2" StartOffset="356"/>
</LocList>
</BasicStmnt>
<BasicStmnt CovItemId="S4" CovItemPrefix="devops.hw1.core.MainGUI.java" Intrnl_Id="233">
<LocList>
<Loc EndOffset="423" SrcFileId="2" StartOffset="397"/>
</LocList>
</BasicStmnt>
<BasicStmnt CovItemId="S5" CovItemPrefix="devops.hw1.core.MainGUI.java" Intrnl_Id="234">
<LocList>
<Loc EndOffset="447" SrcFileId="2" StartOffset="427"/>
</LocList>
</BasicStmnt>
<BasicStmnt CovItemId="S6" CovItemPrefix="devops.hw1.core.MainGUI.java" Intrnl_Id="235">
<LocList>
<Loc EndOffset="503" SrcFileId="2" StartOffset="451"/>
</LocList>
</BasicStmnt>
<BasicStmnt CovItemId="S7" CovItemPrefix="devops.hw1.core.MainGUI.java" Intrnl_Id="236">
<LocList>
<Loc EndOffset="546" SrcFileId="2" StartOffset="507"/>
</LocList>
</BasicStmnt>
<BasicStmnt CovItemId="S8" CovItemPrefix="devops.hw1.core.MainGUI.java" Intrnl_Id="237">
<LocList>
<Loc EndOffset="579" SrcFileId="2" StartOffset="550"/>
</LocList>
</BasicStmnt>
<BasicStmnt CovItemId="S9" CovItemPrefix="devops.hw1.core.MainGUI.java" Intrnl_Id="238">
<LocList>
<Loc EndOffset="692" SrcFileId="2" StartOffset="587"/>
</LocList>
</BasicStmnt>
<BasicStmnt CovItemId="S10" CovItemPrefix="devops.hw1.core.MainGUI.java" Intrnl_Id="239">
<LocList>
<Loc EndOffset="742" SrcFileId="2" StartOffset="700"/>
</LocList>
</BasicStmnt>
<BasicStmnt CovItemId="S11" CovItemPrefix="devops.hw1.core.MainGUI.java" Intrnl_Id="240">
<LocList>
<Loc EndOffset="770" SrcFileId="2" StartOffset="750"/>
</LocList>
</BasicStmnt>
<BasicStmnt CovItemId="S12" CovItemPrefix="devops.hw1.core.MainGUI.java" Intrnl_Id="241">
<LocList>
<Loc EndOffset="831" SrcFileId="2" StartOffset="778"/>
</LocList>
</BasicStmnt>
<BasicStmnt CovItemId="S13" CovItemPrefix="devops.hw1.core.MainGUI.java" Intrnl_Id="242">
<LocList>
<Loc EndOffset="858" SrcFileId="2" StartOffset="835"/>
</LocList>
</BasicStmnt>
</StmntSeq>
</HierarchyLvl>
</HierarchyLvl>
<HierarchyLvl HierarchyLvlId="9590" HierarchyLvlTypeId="14" Intrnl_Id="243" Name="HeroCard">
<Header>
<Loc EndOffset="130" SrcFileId="3" StartOffset="95"/>
</Header>
<LocList>
<Loc EndOffset="749" SrcFileId="3" StartOffset="95"/>
</LocList>
<HierarchyLvl HierarchyLvlId="9587" HierarchyLvlTypeId="13" Intrnl_Id="244" Name="HeroCard">
<Header>
<Loc EndOffset="155" SrcFileId="3" StartOffset="138"/>
</Header>
<LocList>
<Loc EndOffset="178" SrcFileId="3" StartOffset="138"/>
</LocList>
<StmntSeq Intrnl_Id="245">
<LocList>
<Loc EndOffset="174" SrcFileId="3" StartOffset="160"/>
</LocList>
<BasicStmnt CovItemId="S1" CovItemPrefix="devops.hw1.core.HeroCard.java" Intrnl_Id="246">
<LocList>
<Loc EndOffset="174" SrcFileId="3" StartOffset="160"/>
</LocList>
</BasicStmnt>
</StmntSeq>
</HierarchyLvl>
<HierarchyLvl HierarchyLvlId="9588" HierarchyLvlTypeId="13" Intrnl_Id="247" Name="HeroCard">
<Header>
<Loc EndOffset="206" SrcFileId="3" StartOffset="184"/>
</Header>
<LocList>
<Loc EndOffset="229" SrcFileId="3" StartOffset="184"/>
</LocList>
<StmntSeq Intrnl_Id="248">
<LocList>
<Loc EndOffset="225" SrcFileId="3" StartOffset="211"/>
</LocList>
<BasicStmnt CovItemId="S2" CovItemPrefix="devops.hw1.core.HeroCard.java" Intrnl_Id="249">
<LocList>
<Loc EndOffset="225" SrcFileId="3" StartOffset="211"/>
</LocList>
</BasicStmnt>
</StmntSeq>
</HierarchyLvl>
<HierarchyLvl HierarchyLvlId="9589" HierarchyLvlTypeId="13" Intrnl_Id="250" Name="HeroCard">
<Header>
<Loc EndOffset="571" SrcFileId="3" StartOffset="435"/>
</Header>
<LocList>
<Loc EndOffset="744" SrcFileId="3" StartOffset="435"/>
</LocList>
<StmntSeq Intrnl_Id="251">
<LocList>
<Loc EndOffset="596" SrcFileId="3" StartOffset="577"/>
<Loc EndOffset="617" SrcFileId="3" StartOffset="600"/>
<Loc EndOffset="644" SrcFileId="3" StartOffset="621"/>
<Loc EndOffset="665" SrcFileId="3" StartOffset="648"/>
<Loc EndOffset="688" SrcFileId="3" StartOffset="669"/>
<Loc EndOffset="713" SrcFileId="3" StartOffset="692"/>
<Loc EndOffset="740" SrcFileId="3" StartOffset="717"/>
</LocList>
<BasicStmnt CovItemId="S3" CovItemPrefix="devops.hw1.core.HeroCard.java" Intrnl_Id="252">
<LocList>
<Loc EndOffset="596" SrcFileId="3" StartOffset="577"/>
</LocList>
</BasicStmnt>
<BasicStmnt CovItemId="S4" CovItemPrefix="devops.hw1.core.HeroCard.java" Intrnl_Id="253">
<LocList>
<Loc EndOffset="617" SrcFileId="3" StartOffset="600"/>
</LocList>
</BasicStmnt>
<BasicStmnt CovItemId="S5" CovItemPrefix="devops.hw1.core.HeroCard.java" Intrnl_Id="254">
<LocList>
<Loc EndOffset="644" SrcFileId="3" StartOffset="621"/>
</LocList>
</BasicStmnt>
<BasicStmnt CovItemId="S6" CovItemPrefix="devops.hw1.core.HeroCard.java" Intrnl_Id="255">
<LocList>
<Loc EndOffset="665" SrcFileId="3" StartOffset="648"/>
</LocList>
</BasicStmnt>
<BasicStmnt CovItemId="S7" CovItemPrefix="devops.hw1.core.HeroCard.java" Intrnl_Id="256">
<LocList>
<Loc EndOffset="688" SrcFileId="3" StartOffset="669"/>
</LocList>
</BasicStmnt>
<BasicStmnt CovItemId="S8" CovItemPrefix="devops.hw1.core.HeroCard.java" Intrnl_Id="257">
<LocList>
<Loc EndOffset="713" SrcFileId="3" StartOffset="692"/>
</LocList>
</BasicStmnt>
<BasicStmnt CovItemId="S9" CovItemPrefix="devops.hw1.core.HeroCard.java" Intrnl_Id="258">
<LocList>
<Loc EndOffset="740" SrcFileId="3" StartOffset="717"/>
</LocList>
</BasicStmnt>
</StmntSeq>
</HierarchyLvl>
</HierarchyLvl>
<HierarchyLvl HierarchyLvlId="9594" HierarchyLvlTypeId="14" Intrnl_Id="259" Name="GameBoard">
<Header>
<Loc EndOffset="580" SrcFileId="4" StartOffset="514"/>
</Header>
<LocList>
<Loc EndOffset="4224" SrcFileId="4" StartOffset="514"/>
</LocList>
<StmntSeq Intrnl_Id="260">
<LocList>
<Loc EndOffset="675" SrcFileId="4" StartOffset="637"/>
<Loc EndOffset="716" SrcFileId="4" StartOffset="678"/>
<Loc EndOffset="791" SrcFileId="4" StartOffset="719"/>
<Loc EndOffset="1006" SrcFileId="4" StartOffset="956"/>
<Loc EndOffset="1059" SrcFileId="4" StartOffset="1009"/>
<Loc EndOffset="1118" SrcFileId="4" StartOffset="1062"/>
<Loc EndOffset="1180" SrcFileId="4" StartOffset="1121"/>
<Loc EndOffset="1238" SrcFileId="4" StartOffset="1183"/>
<Loc EndOffset="1742" SrcFileId="4" StartOffset="1710"/>
<Loc EndOffset="1785" SrcFileId="4" StartOffset="1746"/>
<Loc EndOffset="1826" SrcFileId="4" StartOffset="1788"/>
<Loc EndOffset="1902" SrcFileId="4" StartOffset="1872"/>
<Loc EndOffset="1929" SrcFileId="4" StartOffset="1905"/>
</LocList>
<BasicStmnt CovItemId="S1" CovItemPrefix="devops.hw1.core.GameBoard.java" Intrnl_Id="261">
<LocList>
<Loc EndOffset="675" SrcFileId="4" StartOffset="637"/>
</LocList>
</BasicStmnt>
<BasicStmnt CovItemId="S2" CovItemPrefix="devops.hw1.core.GameBoard.java" Intrnl_Id="262">
<LocList>
<Loc EndOffset="716" SrcFileId="4" StartOffset="678"/>
</LocList>
</BasicStmnt>
<BasicStmnt CovItemId="S3" CovItemPrefix="devops.hw1.core.GameBoard.java" Intrnl_Id="263">
<LocList>
<Loc EndOffset="791" SrcFileId="4" StartOffset="719"/>
</LocList>
</BasicStmnt>
<BasicStmnt CovItemId="S4" CovItemPrefix="devops.hw1.core.GameBoard.java" Intrnl_Id="264">
<LocList>
<Loc EndOffset="1006" SrcFileId="4" StartOffset="956"/>
</LocList>
</BasicStmnt>
<BasicStmnt CovItemId="S5" CovItemPrefix="devops.hw1.core.GameBoard.java" Intrnl_Id="265">
<LocList>
<Loc EndOffset="1059" SrcFileId="4" StartOffset="1009"/>
</LocList>
</BasicStmnt>
<BasicStmnt CovItemId="S6" CovItemPrefix="devops.hw1.core.GameBoard.java" Intrnl_Id="266">
<LocList>
<Loc EndOffset="1118" SrcFileId="4" StartOffset="1062"/>
</LocList>
</BasicStmnt>
<BasicStmnt CovItemId="S7" CovItemPrefix="devops.hw1.core.GameBoard.java" Intrnl_Id="267">
<LocList>
<Loc EndOffset="1180" SrcFileId="4" StartOffset="1121"/>
</LocList>
</BasicStmnt>
<BasicStmnt CovItemId="S8" CovItemPrefix="devops.hw1.core.GameBoard.java" Intrnl_Id="268">
<LocList>
<Loc EndOffset="1238" SrcFileId="4" StartOffset="1183"/>
</LocList>
</BasicStmnt>
<BasicStmnt CovItemId="S9" CovItemPrefix="devops.hw1.core.GameBoard.java" Intrnl_Id="269">
<LocList>
<Loc EndOffset="1742" SrcFileId="4" StartOffset="1710"/>
</LocList>
</BasicStmnt>
<BasicStmnt CovItemId="S10" CovItemPrefix="devops.hw1.core.GameBoard.java" Intrnl_Id="270">
<LocList>
<Loc EndOffset="1785" SrcFileId="4" StartOffset="1746"/>
</LocList>
</BasicStmnt>
<BasicStmnt CovItemId="S11" CovItemPrefix="devops.hw1.core.GameBoard.java" Intrnl_Id="271">
<LocList>
<Loc EndOffset="1826" SrcFileId="4" StartOffset="1788"/>
</LocList>
</BasicStmnt>
<BasicStmnt CovItemId="S12" CovItemPrefix="devops.hw1.core.GameBoard.java" Intrnl_Id="272">
<LocList>
<Loc EndOffset="1902" SrcFileId="4" StartOffset="1872"/>
</LocList>
</BasicStmnt>
<BasicStmnt CovItemId="S13" CovItemPrefix="devops.hw1.core.GameBoard.java" Intrnl_Id="273">
<LocList>
<Loc EndOffset="1929" SrcFileId="4" StartOffset="1905"/>
</LocList>
</BasicStmnt>
</StmntSeq>
<HierarchyLvl HierarchyLvlId="9591" HierarchyLvlTypeId="13" Intrnl_Id="274" Name="GameBoard">
<Header>
<Loc EndOffset="2012" SrcFileId="4" StartOffset="1994"/>
</Header>
<LocList>
<Loc EndOffset="3048" SrcFileId="4" StartOffset="1994"/>
</LocList>
<StmntSeq Intrnl_Id="275">
<LocList>
<Loc EndOffset="2070" SrcFileId="4" StartOffset="2062"/>
<Loc EndOffset="2125" SrcFileId="4" StartOffset="2106"/>
<Loc EndOffset="2149" SrcFileId="4" StartOffset="2129"/>
<Loc EndOffset="2172" SrcFileId="4" StartOffset="2153"/>
<Loc EndOffset="2198" SrcFileId="4" StartOffset="2176"/>
<Loc EndOffset="2247" SrcFileId="4" StartOffset="2206"/>
<Loc EndOffset="2292" SrcFileId="4" StartOffset="2251"/>
<Loc EndOffset="2374" SrcFileId="4" StartOffset="2338"/>
<Loc EndOffset="2414" SrcFileId="4" StartOffset="2378"/>
<Loc EndOffset="2453" SrcFileId="4" StartOffset="2418"/>
<Loc EndOffset="2500" SrcFileId="4" StartOffset="2457"/>
<Loc EndOffset="2543" SrcFileId="4" StartOffset="2508"/>
<Loc EndOffset="2582" SrcFileId="4" StartOffset="2551"/>
<Loc EndOffset="2627" SrcFileId="4" StartOffset="2586"/>
<Loc EndOffset="2664" SrcFileId="4" StartOffset="2631"/>
<Loc EndOffset="2698" SrcFileId="4" StartOffset="2668"/>
<Loc EndOffset="2732" SrcFileId="4" StartOffset="2702"/>
<Loc EndOffset="2765" SrcFileId="4" StartOffset="2736"/>
<Loc EndOffset="2806" SrcFileId="4" StartOffset="2777"/>
<Loc EndOffset="2847" SrcFileId="4" StartOffset="2810"/>
<Loc EndOffset="2891" SrcFileId="4" StartOffset="2851"/>
<Loc EndOffset="2949" SrcFileId="4" StartOffset="2895"/>
<Loc EndOffset="3003" SrcFileId="4" StartOffset="2953"/>
<Loc EndOffset="3044" SrcFileId="4" StartOffset="3007"/>
</LocList>
<BasicStmnt CovItemId="S14" CovItemPrefix="devops.hw1.core.GameBoard.java" Intrnl_Id="276">
<LocList>
<Loc EndOffset="2070" SrcFileId="4" StartOffset="2062"/>
</LocList>
</BasicStmnt>
<BasicStmnt CovItemId="S15" CovItemPrefix="devops.hw1.core.GameBoard.java" Intrnl_Id="277">
<LocList>
<Loc EndOffset="2125" SrcFileId="4" StartOffset="2106"/>
</LocList>
</BasicStmnt>
<BasicStmnt CovItemId="S16" CovItemPrefix="devops.hw1.core.GameBoard.java" Intrnl_Id="278">
<LocList>
<Loc EndOffset="2149" SrcFileId="4" StartOffset="2129"/>
</LocList>
</BasicStmnt>
<BasicStmnt CovItemId="S17" CovItemPrefix="devops.hw1.core.GameBoard.java" Intrnl_Id="279">
<LocList>
<Loc EndOffset="2172" SrcFileId="4" StartOffset="2153"/>
</LocList>
</BasicStmnt>
<BasicStmnt CovItemId="S18" CovItemPrefix="devops.hw1.core.GameBoard.java" Intrnl_Id="280">
<LocList>
<Loc EndOffset="2198" SrcFileId="4" StartOffset="2176"/>
</LocList>
</BasicStmnt>
<BasicStmnt CovItemId="S19" CovItemPrefix="devops.hw1.core.GameBoard.java" Intrnl_Id="281">
<LocList>
<Loc EndOffset="2247" SrcFileId="4" StartOffset="2206"/>
</LocList>
</BasicStmnt>
<BasicStmnt CovItemId="S20" CovItemPrefix="devops.hw1.core.GameBoard.java" Intrnl_Id="282">
<LocList>
<Loc EndOffset="2292" SrcFileId="4" StartOffset="2251"/>
</LocList>
</BasicStmnt>
<BasicStmnt CovItemId="S21" CovItemPrefix="devops.hw1.core.GameBoard.java" Intrnl_Id="283">
<LocList>
<Loc EndOffset="2374" SrcFileId="4" StartOffset="2338"/>
</LocList>
</BasicStmnt>
<BasicStmnt CovItemId="S22" CovItemPrefix="devops.hw1.core.GameBoard.java" Intrnl_Id="284">
<LocList>
<Loc EndOffset="2414" SrcFileId="4" StartOffset="2378"/>
</LocList>
</BasicStmnt>
<BasicStmnt CovItemId="S23" CovItemPrefix="devops.hw1.core.GameBoard.java" Intrnl_Id="285">
<LocList>
<Loc EndOffset="2453" SrcFileId="4" StartOffset="2418"/>
</LocList>
</BasicStmnt>
<BasicStmnt CovItemId="S24" CovItemPrefix="devops.hw1.core.GameBoard.java" Intrnl_Id="286">
<LocList>
<Loc EndOffset="2500" SrcFileId="4" StartOffset="2457"/>
</LocList>
</BasicStmnt>
<BasicStmnt CovItemId="S25" CovItemPrefix="devops.hw1.core.GameBoard.java" Intrnl_Id="287">
<LocList>
<Loc EndOffset="2543" SrcFileId="4" StartOffset="2508"/>
</LocList>
</BasicStmnt>
<BasicStmnt CovItemId="S26" CovItemPrefix="devops.hw1.core.GameBoard.java" Intrnl_Id="288">
<LocList>
<Loc EndOffset="2582" SrcFileId="4" StartOffset="2551"/>
</LocList>
</BasicStmnt>
<BasicStmnt CovItemId="S27" CovItemPrefix="devops.hw1.core.GameBoard.java" Intrnl_Id="289">
<LocList>
<Loc EndOffset="2627" SrcFileId="4" StartOffset="2586"/>
</LocList>
</BasicStmnt>
<BasicStmnt CovItemId="S28" CovItemPrefix="devops.hw1.core.GameBoard.java" Intrnl_Id="290">
<LocList>
<Loc EndOffset="2664" SrcFileId="4" StartOffset="2631"/>
</LocList>
</BasicStmnt>
<BasicStmnt CovItemId="S29" CovItemPrefix="devops.hw1.core.GameBoard.java" Intrnl_Id="291">
<LocList>
<Loc EndOffset="2698" SrcFileId="4" StartOffset="2668"/>
</LocList>
</BasicStmnt>
<BasicStmnt CovItemId="S30" CovItemPrefix="devops.hw1.core.GameBoard.java" Intrnl_Id="292">
<LocList>
<Loc EndOffset="2732" SrcFileId="4" StartOffset="2702"/>
</LocList>
</BasicStmnt>
<BasicStmnt CovItemId="S31" CovItemPrefix="devops.hw1.core.GameBoard.java" Intrnl_Id="293">
<LocList>
<Loc EndOffset="2765" SrcFileId="4" StartOffset="2736"/>
</LocList>
</BasicStmnt>
<BasicStmnt CovItemId="S32" CovItemPrefix="devops.hw1.core.GameBoard.java" Intrnl_Id="294">
<LocList>
<Loc EndOffset="2806" SrcFileId="4" StartOffset="2777"/>
</LocList>
</BasicStmnt>
<BasicStmnt CovItemId="S33" CovItemPrefix="devops.hw1.core.GameBoard.java" Intrnl_Id="295">
<LocList>
<Loc EndOffset="2847" SrcFileId="4" StartOffset="2810"/>
</LocList>
</BasicStmnt>
<BasicStmnt CovItemId="S34" CovItemPrefix="devops.hw1.core.GameBoard.java" Intrnl_Id="296">
<LocList>
<Loc EndOffset="2891" SrcFileId="4" StartOffset="2851"/>
</LocList>
</BasicStmnt>
<BasicStmnt CovItemId="S35" CovItemPrefix="devops.hw1.core.GameBoard.java" Intrnl_Id="297">
<LocList>
<Loc EndOffset="2949" SrcFileId="4" StartOffset="2895"/>
</LocList>
</BasicStmnt>
<BasicStmnt CovItemId="S36" CovItemPrefix="devops.hw1.core.GameBoard.java" Intrnl_Id="298">
<LocList>
<Loc EndOffset="3003" SrcFileId="4" StartOffset="2953"/>
</LocList>
</BasicStmnt>
<BasicStmnt CovItemId="S37" CovItemPrefix="devops.hw1.core.GameBoard.java" Intrnl_Id="299">
<LocList>
<Loc EndOffset="3044" SrcFileId="4" StartOffset="3007"/>
</LocList>
</BasicStmnt>
</StmntSeq>
</HierarchyLvl>
<HierarchyLvl HierarchyLvlId="9592" HierarchyLvlTypeId="13" Intrnl_Id="300" Name="GameBoard">
<Header>
<Loc EndOffset="3098" SrcFileId="4" StartOffset="3054"/>
</Header>
<LocList>
<Loc EndOffset="3417" SrcFileId="4" StartOffset="3054"/>
</LocList>
<StmntSeq Intrnl_Id="301">
<LocList>
<Loc EndOffset="3152" SrcFileId="4" StartOffset="3145"/>
<Loc EndOffset="3212" SrcFileId="4" StartOffset="3191"/>
<Loc EndOffset="3256" SrcFileId="4" StartOffset="3216"/>
<Loc EndOffset="3309" SrcFileId="4" StartOffset="3260"/>
<Loc EndOffset="3332" SrcFileId="4" StartOffset="3313"/>
<Loc EndOffset="3413" SrcFileId="4" StartOffset="3336"/>
</LocList>
<BasicStmnt CovItemId="S38" CovItemPrefix="devops.hw1.core.GameBoard.java" Intrnl_Id="302">
<LocList>
<Loc EndOffset="3152" SrcFileId="4" StartOffset="3145"/>
</LocList>
</BasicStmnt>
<BasicStmnt CovItemId="S39" CovItemPrefix="devops.hw1.core.GameBoard.java" Intrnl_Id="303">
<LocList>
<Loc EndOffset="3212" SrcFileId="4" StartOffset="3191"/>
</LocList>
</BasicStmnt>
<BasicStmnt CovItemId="S40" CovItemPrefix="devops.hw1.core.GameBoard.java" Intrnl_Id="304">
<LocList>
<Loc EndOffset="3256" SrcFileId="4" StartOffset="3216"/>
</LocList>
</BasicStmnt>
<BasicStmnt CovItemId="S41" CovItemPrefix="devops.hw1.core.GameBoard.java" Intrnl_Id="305">
<LocList>
<Loc EndOffset="3309" SrcFileId="4" StartOffset="3260"/>
</LocList>
</BasicStmnt>
<BasicStmnt CovItemId="S42" CovItemPrefix="devops.hw1.core.GameBoard.java" Intrnl_Id="306">
<LocList>
<Loc EndOffset="3332" SrcFileId="4" StartOffset="3313"/>
</LocList>
</BasicStmnt>
<BasicStmnt CovItemId="S43" CovItemPrefix="devops.hw1.core.GameBoard.java" Intrnl_Id="307">
<LocList>
<Loc EndOffset="3413" SrcFileId="4" StartOffset="3336"/>
</LocList>
</BasicStmnt>
</StmntSeq>
</HierarchyLvl>
<HierarchyLvl HierarchyLvlId="9593" HierarchyLvlTypeId="13" Intrnl_Id="308" Name="paint">
<Header>
<Loc EndOffset="3515" SrcFileId="4" StartOffset="3474"/>
</Header>
<LocList>
<Loc EndOffset="4215" SrcFileId="4" StartOffset="3474"/>
</LocList>
<StmntSeq Intrnl_Id="309">
<LocList>
<Loc EndOffset="3536" SrcFileId="4" StartOffset="3521"/>
<Loc EndOffset="3571" SrcFileId="4" StartOffset="3540"/>
<Loc EndOffset="3615" SrcFileId="4" StartOffset="3579"/>
<Loc EndOffset="3875" SrcFileId="4" StartOffset="3619"/>
<Loc EndOffset="4056" SrcFileId="4" StartOffset="3879"/>
<Loc EndOffset="4204" SrcFileId="4" StartOffset="4068"/>
</LocList>
<BasicStmnt CovItemId="S44" CovItemPrefix="devops.hw1.core.GameBoard.java" Intrnl_Id="310">
<LocList>
<Loc EndOffset="3536" SrcFileId="4" StartOffset="3521"/>
</LocList>
</BasicStmnt>
<BasicStmnt CovItemId="S45" CovItemPrefix="devops.hw1.core.GameBoard.java" Intrnl_Id="311">
<LocList>
<Loc EndOffset="3571" SrcFileId="4" StartOffset="3540"/>
</LocList>
</BasicStmnt>
<BasicStmnt CovItemId="S46" CovItemPrefix="devops.hw1.core.GameBoard.java" Intrnl_Id="312">
<LocList>
<Loc EndOffset="3615" SrcFileId="4" StartOffset="3579"/>
</LocList>
</BasicStmnt>
<CondStmnt CovItemId="S47" CovItemPrefix="devops.hw1.core.GameBoard.java" Intrnl_Id="313">
<Branch CovItemId="B1" CovItemPrefix="devops.hw1.core.GameBoard.java" Implct="false" Intrnl_Id="314">
<Cond/>
<LocList>
<Loc EndOffset="3875" SrcFileId="4" StartOffset="3634"/>
</LocList>
<StmntSeq Intrnl_Id="315">
<LocList>
<Loc EndOffset="3697" SrcFileId="4" StartOffset="3640"/>
<Loc EndOffset="3870" SrcFileId="4" StartOffset="3702"/>
</LocList>
<BasicStmnt CovItemId="S48" CovItemPrefix="devops.hw1.core.GameBoard.java" Intrnl_Id="316">
<LocList>
<Loc EndOffset="3697" SrcFileId="4" StartOffset="3640"/>
</LocList>
</BasicStmnt>
<LoopStmnt CovItemId="S49" CovItemPrefix="devops.hw1.core.GameBoard.java" Intrnl_Id="317" MltplExecId="L1-2" MltplExecPrefix="devops.hw1.core.GameBoard.java" NvrExecId="L1-0" NvrExecPrefix="devops.hw1.core.GameBoard.java" OnceExecutedId="L1-1" OnceExecutedPrefix="devops.hw1.core.GameBoard.java" OptBodyExec="true">
<StmntSeq Intrnl_Id="318">
<LocList>
<Loc EndOffset="3798" SrcFileId="4" StartOffset="3742"/>
<Loc EndOffset="3858" SrcFileId="4" StartOffset="3804"/>
</LocList>
<BasicStmnt CovItemId="S50" CovItemPrefix="devops.hw1.core.GameBoard.java" Intrnl_Id="319">
<LocList>
<Loc EndOffset="3798" SrcFileId="4" StartOffset="3742"/>
</LocList>
</BasicStmnt>
<BasicStmnt CovItemId="S51" CovItemPrefix="devops.hw1.core.GameBoard.java" Intrnl_Id="320">
<LocList>
<Loc EndOffset="3858" SrcFileId="4" StartOffset="3804"/>
</LocList>
</BasicStmnt>
</StmntSeq>
<Keyword EndOffset="3705" SrcFileId="4" StartOffset="3702"/>
<LocList>
<Loc EndOffset="3870" SrcFileId="4" StartOffset="3702"/>
</LocList>
<RootTerm CovItemId="C2" CovItemPrefix="devops.hw1.core.GameBoard.java" Intrnl_Id="321">
<BasicBoolTerm Intrnl_Id="322">
<LocList>
<Loc EndOffset="3729" SrcFileId="4" StartOffset="3717"/>
</LocList>
</BasicBoolTerm>
</RootTerm>
</LoopStmnt>
</StmntSeq>
</Branch>
<Branch CovItemId="B2" CovItemPrefix="devops.hw1.core.GameBoard.java" Implct="true" Intrnl_Id="323">
<Cond/>
<LocList/>
<StmntSeq Intrnl_Id="324">
<LocList/>
</StmntSeq>
</Branch>
<Keyword EndOffset="3621" SrcFileId="4" StartOffset="3619"/>
<LocList>
<Loc EndOffset="3875" SrcFileId="4" StartOffset="3619"/>
</LocList>
<RootTerm CovItemId="C1" CovItemPrefix="devops.hw1.core.GameBoard.java" Intrnl_Id="325">
<BasicBoolTerm Intrnl_Id="326">
<LocList>
<Loc EndOffset="3633" SrcFileId="4" StartOffset="3622"/>
</LocList>
</BasicBoolTerm>
</RootTerm>
</CondStmnt>
<LoopStmnt CovItemId="S52" CovItemPrefix="devops.hw1.core.GameBoard.java" Intrnl_Id="327" MltplExecId="L2-2" MltplExecPrefix="devops.hw1.core.GameBoard.java" NvrExecId="L2-0" NvrExecPrefix="devops.hw1.core.GameBoard.java" OnceExecutedId="L2-1" OnceExecutedPrefix="devops.hw1.core.GameBoard.java" OptBodyExec="true">
<StmntSeq Intrnl_Id="328">
<LocList>
<Loc EndOffset="3991" SrcFileId="4" StartOffset="3936"/>
<Loc EndOffset="4046" SrcFileId="4" StartOffset="3996"/>
</LocList>
<BasicStmnt CovItemId="S53" CovItemPrefix="devops.hw1.core.GameBoard.java" Intrnl_Id="329">
<LocList>
<Loc EndOffset="3991" SrcFileId="4" StartOffset="3936"/>
</LocList>
</BasicStmnt>
<BasicStmnt CovItemId="S54" CovItemPrefix="devops.hw1.core.GameBoard.java" Intrnl_Id="330">
<LocList>
<Loc EndOffset="4046" SrcFileId="4" StartOffset="3996"/>
</LocList>
</BasicStmnt>
</StmntSeq>
<Keyword EndOffset="3882" SrcFileId="4" StartOffset="3879"/>
<LocList>
<Loc EndOffset="4056" SrcFileId="4" StartOffset="3879"/>
</LocList>
<RootTerm CovItemId="C3" CovItemPrefix="devops.hw1.core.GameBoard.java" Intrnl_Id="331">
<BasicBoolTerm Intrnl_Id="332">
<LocList>
<Loc EndOffset="3924" SrcFileId="4" StartOffset="3894"/>
</LocList>
</BasicBoolTerm>
</RootTerm>
</LoopStmnt>
<CondStmnt CovItemId="S55" CovItemPrefix="devops.hw1.core.GameBoard.java" Intrnl_Id="333">
<Branch CovItemId="B3" CovItemPrefix="devops.hw1.core.GameBoard.java" Implct="false" Intrnl_Id="334">
<Cond/>
<LocList>
<Loc EndOffset="4204" SrcFileId="4" StartOffset="4098"/>
</LocList>
<StmntSeq Intrnl_Id="335">
<LocList>
<Loc EndOffset="4199" SrcFileId="4" StartOffset="4104"/>
</LocList>
<BasicStmnt CovItemId="S56" CovItemPrefix="devops.hw1.core.GameBoard.java" Intrnl_Id="336">
<LocList>
<Loc EndOffset="4199" SrcFileId="4" StartOffset="4104"/>
</LocList>
</BasicStmnt>
</StmntSeq>
</Branch>
<Branch CovItemId="B4" CovItemPrefix="devops.hw1.core.GameBoard.java" Implct="true" Intrnl_Id="337">
<Cond/>
<LocList/>
<StmntSeq Intrnl_Id="338">
<LocList/>
</StmntSeq>
</Branch>
<Keyword EndOffset="4070" SrcFileId="4" StartOffset="4068"/>
<LocList>
<Loc EndOffset="4204" SrcFileId="4" StartOffset="4068"/>
</LocList>
<RootTerm CovItemId="C4" CovItemPrefix="devops.hw1.core.GameBoard.java" Intrnl_Id="339">
<BasicBoolTerm Intrnl_Id="340">
<LocList>
<Loc EndOffset="4097" SrcFileId="4" StartOffset="4071"/>
</LocList>
</BasicBoolTerm>
</RootTerm>
</CondStmnt>
</StmntSeq>
</HierarchyLvl>
</HierarchyLvl>
<HierarchyLvl HierarchyLvlId="9602" HierarchyLvlTypeId="14" Intrnl_Id="341" Name="CardListener">
<Header>
<Loc EndOffset="356" SrcFileId="5" StartOffset="306"/>
</Header>
<LocList>
<Loc EndOffset="2963" SrcFileId="5" StartOffset="306"/>
</LocList>
<HierarchyLvl HierarchyLvlId="9595" HierarchyLvlTypeId="13" Intrnl_Id="342" Name="CardListener">
<Header>
<Loc EndOffset="679" SrcFileId="5" StartOffset="563"/>
</Header>
<LocList>
<Loc EndOffset="864" SrcFileId="5" StartOffset="563"/>
</LocList>
<StmntSeq Intrnl_Id="343">
<LocList>
<Loc EndOffset="726" SrcFileId="5" StartOffset="685"/>
<Loc EndOffset="771" SrcFileId="5" StartOffset="730"/>
<Loc EndOffset="796" SrcFileId="5" StartOffset="775"/>
<Loc EndOffset="819" SrcFileId="5" StartOffset="800"/>
</LocList>
<BasicStmnt CovItemId="S1" CovItemPrefix="devops.hw1.core.CardListener.java" Intrnl_Id="344">
<LocList>
<Loc EndOffset="726" SrcFileId="5" StartOffset="685"/>
</LocList>
</BasicStmnt>
<BasicStmnt CovItemId="S2" CovItemPrefix="devops.hw1.core.CardListener.java" Intrnl_Id="345">
<LocList>
<Loc EndOffset="771" SrcFileId="5" StartOffset="730"/>
</LocList>
</BasicStmnt>
<BasicStmnt CovItemId="S3" CovItemPrefix="devops.hw1.core.CardListener.java" Intrnl_Id="346">
<LocList>
<Loc EndOffset="796" SrcFileId="5" StartOffset="775"/>
</LocList>
</BasicStmnt>
<BasicStmnt CovItemId="S4" CovItemPrefix="devops.hw1.core.CardListener.java" Intrnl_Id="347">
<LocList>
<Loc EndOffset="819" SrcFileId="5" StartOffset="800"/>
</LocList>
</BasicStmnt>
</StmntSeq>
</HierarchyLvl>
<HierarchyLvl HierarchyLvlId="9596" HierarchyLvlTypeId="13" Intrnl_Id="348" Name="mouseClicked">
<Header>
<Loc EndOffset="993" SrcFileId="5" StartOffset="955"/>
</Header>
<LocList>
<Loc EndOffset="2237" SrcFileId="5" StartOffset="955"/>
</LocList>
<StmntSeq Intrnl_Id="349">
<LocList>
<Loc EndOffset="1037" SrcFileId="5" StartOffset="999"/>
<Loc EndOffset="1089" SrcFileId="5" StartOffset="1041"/>
<Loc EndOffset="1114" SrcFileId="5" StartOffset="1093"/>
<Loc EndOffset="1139" SrcFileId="5" StartOffset="1118"/>
<Loc EndOffset="1659" SrcFileId="5" StartOffset="1194"/>
<Loc EndOffset="1692" SrcFileId="5" StartOffset="1665"/>
<Loc EndOffset="1744" SrcFileId="5" StartOffset="1717"/>
<Loc EndOffset="2215" SrcFileId="5" StartOffset="1824"/>
<Loc EndOffset="2231" SrcFileId="5" StartOffset="2219"/>
</LocList>
<BasicStmnt CovItemId="S5" CovItemPrefix="devops.hw1.core.CardListener.java" Intrnl_Id="350">
<LocList>
<Loc EndOffset="1037" SrcFileId="5" StartOffset="999"/>
</LocList>
</BasicStmnt>
<BasicStmnt CovItemId="S6" CovItemPrefix="devops.hw1.core.CardListener.java" Intrnl_Id="351">
<LocList>
<Loc EndOffset="1089" SrcFileId="5" StartOffset="1041"/>
</LocList>
</BasicStmnt>
<BasicStmnt CovItemId="S7" CovItemPrefix="devops.hw1.core.CardListener.java" Intrnl_Id="352">
<LocList>
<Loc EndOffset="1114" SrcFileId="5" StartOffset="1093"/>
</LocList>
</BasicStmnt>
<BasicStmnt CovItemId="S8" CovItemPrefix="devops.hw1.core.CardListener.java" Intrnl_Id="353">
<LocList>
<Loc EndOffset="1139" SrcFileId="5" StartOffset="1118"/>
</LocList>
</BasicStmnt>
<CondStmnt CovItemId="S9" CovItemPrefix="devops.hw1.core.CardListener.java" Intrnl_Id="354">
<Branch CovItemId="B1" CovItemPrefix="devops.hw1.core.CardListener.java" Implct="false" Intrnl_Id="355">
<Cond/>
<LocList>
<Loc EndOffset="1659" SrcFileId="5" StartOffset="1225"/>
</LocList>
<StmntSeq Intrnl_Id="356">
<LocList>
<Loc EndOffset="1278" SrcFileId="5" StartOffset="1231"/>
<Loc EndOffset="1654" SrcFileId="5" StartOffset="1288"/>
</LocList>
<BasicStmnt CovItemId="S10" CovItemPrefix="devops.hw1.core.CardListener.java" Intrnl_Id="357">
<LocList>
<Loc EndOffset="1278" SrcFileId="5" StartOffset="1231"/>
</LocList>
</BasicStmnt>
<LoopStmnt CovItemId="S11" CovItemPrefix="devops.hw1.core.CardListener.java" Intrnl_Id="358" MltplExecId="L1-2" MltplExecPrefix="devops.hw1.core.CardListener.java" NvrExecId="L1-0" NvrExecPrefix="devops.hw1.core.CardListener.java" OnceExecutedId="L1-1" OnceExecutedPrefix="devops.hw1.core.CardListener.java" OptBodyExec="true">
<StmntSeq Intrnl_Id="359">
<LocList>
<Loc EndOffset="1377" SrcFileId="5" StartOffset="1342"/>
<Loc EndOffset="1419" SrcFileId="5" StartOffset="1383"/>
<Loc EndOffset="1642" SrcFileId="5" StartOffset="1425"/>
</LocList>
<BasicStmnt CovItemId="S12" CovItemPrefix="devops.hw1.core.CardListener.java" Intrnl_Id="360">
<LocList>
<Loc EndOffset="1377" SrcFileId="5" StartOffset="1342"/>
</LocList>
</BasicStmnt>
<BasicStmnt CovItemId="S13" CovItemPrefix="devops.hw1.core.CardListener.java" Intrnl_Id="361">
<LocList>
<Loc EndOffset="1419" SrcFileId="5" StartOffset="1383"/>
</LocList>
</BasicStmnt>
<CondStmnt CovItemId="S14" CovItemPrefix="devops.hw1.core.CardListener.java" Intrnl_Id="362">
<Branch CovItemId="B3" CovItemPrefix="devops.hw1.core.CardListener.java" Implct="false" Intrnl_Id="363">
<Cond/>
<LocList>
<Loc EndOffset="1642" SrcFileId="5" StartOffset="1573"/>
</LocList>
<StmntSeq Intrnl_Id="364">
<LocList>
<Loc EndOffset="1622" SrcFileId="5" StartOffset="1581"/>
<Loc EndOffset="1635" SrcFileId="5" StartOffset="1629"/>
</LocList>
<BasicStmnt CovItemId="S15" CovItemPrefix="devops.hw1.core.CardListener.java" Intrnl_Id="365">
<LocList>
<Loc EndOffset="1622" SrcFileId="5" StartOffset="1581"/>
</LocList>
</BasicStmnt>
<BasicStmnt CovItemId="S16" CovItemPrefix="devops.hw1.core.CardListener.java" Intrnl_Id="366">
<LocList>
<Loc EndOffset="1635" SrcFileId="5" StartOffset="1629"/>
</LocList>
</BasicStmnt>
</StmntSeq>
</Branch>
<Branch CovItemId="B4" CovItemPrefix="devops.hw1.core.CardListener.java" Implct="true" Intrnl_Id="367">
<Cond/>
<LocList/>
<StmntSeq Intrnl_Id="368">
<LocList/>
</StmntSeq>
</Branch>
<Keyword EndOffset="1427" SrcFileId="5" StartOffset="1425"/>
<LocList>
<Loc EndOffset="1642" SrcFileId="5" StartOffset="1425"/>
</LocList>
<RootTerm CovItemId="C3" CovItemPrefix="devops.hw1.core.CardListener.java" Intrnl_Id="369">
<OpTerm BooleanOpId="9" Intrnl_Id="370">
<OpTerm BooleanOpId="9" Intrnl_Id="371">
<BasicBoolTerm Intrnl_Id="372">
<LocList>
<Loc EndOffset="1460" SrcFileId="5" StartOffset="1430"/>
</LocList>
</BasicBoolTerm>
<BasicBoolTerm Intrnl_Id="373">
<LocList>
<Loc EndOffset="1493" SrcFileId="5" StartOffset="1464"/>
</LocList>
</BasicBoolTerm>
<LocList>
<Loc EndOffset="1463" SrcFileId="5" StartOffset="1461"/>
</LocList>
</OpTerm>
<OpTerm BooleanOpId="9" Intrnl_Id="374">
<BasicBoolTerm Intrnl_Id="375">
<LocList>
<Loc EndOffset="1536" SrcFileId="5" StartOffset="1506"/>
</LocList>
</BasicBoolTerm>
<BasicBoolTerm Intrnl_Id="376">
<LocList>
<Loc EndOffset="1570" SrcFileId="5" StartOffset="1540"/>
</LocList>
</BasicBoolTerm>
<LocList>
<Loc EndOffset="1539" SrcFileId="5" StartOffset="1537"/>
</LocList>
</OpTerm>
<LocList>
<Loc EndOffset="1504" SrcFileId="5" StartOffset="1502"/>
</LocList>
</OpTerm>
</RootTerm>
</CondStmnt>
</StmntSeq>
<Keyword EndOffset="1291" SrcFileId="5" StartOffset="1288"/>
<LocList>
<Loc EndOffset="1654" SrcFileId="5" StartOffset="1288"/>
</LocList>
<RootTerm CovItemId="C2" CovItemPrefix="devops.hw1.core.CardListener.java" Intrnl_Id="377">
<BasicBoolTerm Intrnl_Id="378">
<LocList>
<Loc EndOffset="1328" SrcFileId="5" StartOffset="1304"/>
</LocList>
</BasicBoolTerm>
</RootTerm>
</LoopStmnt>
</StmntSeq>
</Branch>
<Branch CovItemId="B2" CovItemPrefix="devops.hw1.core.CardListener.java" Implct="true" Intrnl_Id="379">
<Cond/>
<LocList/>
<StmntSeq Intrnl_Id="380">
<LocList/>
</StmntSeq>
</Branch>
<Keyword EndOffset="1196" SrcFileId="5" StartOffset="1194"/>
<LocList>
<Loc EndOffset="1659" SrcFileId="5" StartOffset="1194"/>
</LocList>
<RootTerm CovItemId="C1" CovItemPrefix="devops.hw1.core.CardListener.java" Intrnl_Id="381">
<BasicBoolTerm Intrnl_Id="382">
<LocList>
<Loc EndOffset="1223" SrcFileId="5" StartOffset="1198"/>
</LocList>
</BasicBoolTerm>
</RootTerm>
</CondStmnt>
<BasicStmnt CovItemId="S17" CovItemPrefix="devops.hw1.core.CardListener.java" Intrnl_Id="383">
<LocList>
<Loc EndOffset="1692" SrcFileId="5" StartOffset="1665"/>
</LocList>
</BasicStmnt>
<BasicStmnt CovItemId="S18" CovItemPrefix="devops.hw1.core.CardListener.java" Intrnl_Id="384">
<LocList>
<Loc EndOffset="1744" SrcFileId="5" StartOffset="1717"/>
</LocList>
</BasicStmnt>
<LoopStmnt CovItemId="S19" CovItemPrefix="devops.hw1.core.CardListener.java" Intrnl_Id="385" MltplExecId="L2-2" MltplExecPrefix="devops.hw1.core.CardListener.java" NvrExecId="L2-0" NvrExecPrefix="devops.hw1.core.CardListener.java" OnceExecutedId="L2-1" OnceExecutedPrefix="devops.hw1.core.CardListener.java" OptBodyExec="true">
<StmntSeq Intrnl_Id="386">
<LocList>
<Loc EndOffset="1890" SrcFileId="5" StartOffset="1858"/>
<Loc EndOffset="1928" SrcFileId="5" StartOffset="1895"/>
<Loc EndOffset="2208" SrcFileId="5" StartOffset="1933"/>
</LocList>
<BasicStmnt CovItemId="S20" CovItemPrefix="devops.hw1.core.CardListener.java" Intrnl_Id="387">
<LocList>
<Loc EndOffset="1890" SrcFileId="5" StartOffset="1858"/>
</LocList>
</BasicStmnt>
<BasicStmnt CovItemId="S21" CovItemPrefix="devops.hw1.core.CardListener.java" Intrnl_Id="388">
<LocList>
<Loc EndOffset="1928" SrcFileId="5" StartOffset="1895"/>
</LocList>
</BasicStmnt>
<CondStmnt CovItemId="S22" CovItemPrefix="devops.hw1.core.CardListener.java" Intrnl_Id="389">
<Branch CovItemId="B5" CovItemPrefix="devops.hw1.core.CardListener.java" Implct="false" Intrnl_Id="390">
<Cond/>
<LocList>
<Loc EndOffset="2208" SrcFileId="5" StartOffset="2092"/>
</LocList>
<StmntSeq Intrnl_Id="391">
<LocList>
<Loc EndOffset="2190" SrcFileId="5" StartOffset="2099"/>
<Loc EndOffset="2202" SrcFileId="5" StartOffset="2196"/>
</LocList>
<CondStmnt CovItemId="S23" CovItemPrefix="devops.hw1.core.CardListener.java" Intrnl_Id="392">
<Branch CovItemId="B7" CovItemPrefix="devops.hw1.core.CardListener.java" Implct="false" Intrnl_Id="393">
<Cond/>
<LocList>
<Loc EndOffset="2190" SrcFileId="5" StartOffset="2143"/>
</LocList>
<StmntSeq Intrnl_Id="394">
<LocList>
<Loc EndOffset="2178" SrcFileId="5" StartOffset="2151"/>
</LocList>
<BasicStmnt CovItemId="S24" CovItemPrefix="devops.hw1.core.CardListener.java" Intrnl_Id="395">
<LocList>
<Loc EndOffset="2178" SrcFileId="5" StartOffset="2151"/>
</LocList>
</BasicStmnt>
</StmntSeq>
</Branch>
<Branch CovItemId="B8" CovItemPrefix="devops.hw1.core.CardListener.java" Implct="true" Intrnl_Id="396">
<Cond/>
<LocList/>
<StmntSeq Intrnl_Id="397">
<LocList/>
</StmntSeq>
</Branch>
<Keyword EndOffset="2101" SrcFileId="5" StartOffset="2099"/>
<LocList>
<Loc EndOffset="2190" SrcFileId="5" StartOffset="2099"/>
</LocList>
<RootTerm CovItemId="C6" CovItemPrefix="devops.hw1.core.CardListener.java" Intrnl_Id="398">
<BasicBoolTerm Intrnl_Id="399">
<LocList>
<Loc EndOffset="2141" SrcFileId="5" StartOffset="2103"/>
</LocList>
</BasicBoolTerm>
</RootTerm>
</CondStmnt>
<BasicStmnt CovItemId="S25" CovItemPrefix="devops.hw1.core.CardListener.java" Intrnl_Id="400">
<LocList>
<Loc EndOffset="2202" SrcFileId="5" StartOffset="2196"/>
</LocList>
</BasicStmnt>
</StmntSeq>
</Branch>
<Branch CovItemId="B6" CovItemPrefix="devops.hw1.core.CardListener.java" Implct="true" Intrnl_Id="401">
<Cond/>
<LocList/>
<StmntSeq Intrnl_Id="402">
<LocList/>
</StmntSeq>
</Branch>
<Keyword EndOffset="1935" SrcFileId="5" StartOffset="1933"/>
<LocList>
<Loc EndOffset="2208" SrcFileId="5" StartOffset="1933"/>
</LocList>
<RootTerm CovItemId="C5" CovItemPrefix="devops.hw1.core.CardListener.java" Intrnl_Id="403">
<OpTerm BooleanOpId="9" Intrnl_Id="404">
<OpTerm BooleanOpId="9" Intrnl_Id="405">
<BasicBoolTerm Intrnl_Id="406">
<LocList>
<Loc EndOffset="1968" SrcFileId="5" StartOffset="1938"/>
</LocList>
</BasicBoolTerm>
<BasicBoolTerm Intrnl_Id="407">
<LocList>
<Loc EndOffset="2001" SrcFileId="5" StartOffset="1972"/>
</LocList>
</BasicBoolTerm>
<LocList>
<Loc EndOffset="1971" SrcFileId="5" StartOffset="1969"/>
</LocList>
</OpTerm>
<OpTerm BooleanOpId="9" Intrnl_Id="408">
<BasicBoolTerm Intrnl_Id="409">
<LocList>
<Loc EndOffset="2049" SrcFileId="5" StartOffset="2013"/>
</LocList>
</BasicBoolTerm>
<BasicBoolTerm Intrnl_Id="410">
<LocList>
<Loc EndOffset="2089" SrcFileId="5" StartOffset="2053"/>
</LocList>
</BasicBoolTerm>
<LocList>
<Loc EndOffset="2052" SrcFileId="5" StartOffset="2050"/>
</LocList>
</OpTerm>
<LocList>
<Loc EndOffset="2011" SrcFileId="5" StartOffset="2009"/>
</LocList>
</OpTerm>
</RootTerm>
</CondStmnt>
</StmntSeq>
<Keyword EndOffset="1827" SrcFileId="5" StartOffset="1824"/>
<LocList>
<Loc EndOffset="2215" SrcFileId="5" StartOffset="1824"/>
</LocList>
<RootTerm CovItemId="C4" CovItemPrefix="devops.hw1.core.CardListener.java" Intrnl_Id="411">
<BasicBoolTerm Intrnl_Id="412">
<LocList>
<Loc EndOffset="1845" SrcFileId="5" StartOffset="1840"/>
</LocList>
</BasicBoolTerm>
</RootTerm>
</LoopStmnt>
<BasicStmnt CovItemId="S26" CovItemPrefix="devops.hw1.core.CardListener.java" Intrnl_Id="413">
<LocList>
<Loc EndOffset="2231" SrcFileId="5" StartOffset="2219"/>
</LocList>
</BasicStmnt>
</StmntSeq>
</HierarchyLvl>
<HierarchyLvl HierarchyLvlId="9597" HierarchyLvlTypeId="13" Intrnl_Id="414" Name="updateGUI">
<Header>
<Loc EndOffset="2338" SrcFileId="5" StartOffset="2315"/>
</Header>
<LocList>
<Loc EndOffset="2656" SrcFileId="5" StartOffset="2315"/>
</LocList>
<StmntSeq Intrnl_Id="415">
<LocList>
<Loc EndOffset="2404" SrcFileId="5" StartOffset="2344"/>
<Loc EndOffset="2468" SrcFileId="5" StartOffset="2408"/>
<Loc EndOffset="2551" SrcFileId="5" StartOffset="2476"/>
<Loc EndOffset="2624" SrcFileId="5" StartOffset="2555"/>
<Loc EndOffset="2648" SrcFileId="5" StartOffset="2628"/>
</LocList>
<BasicStmnt CovItemId="S27" CovItemPrefix="devops.hw1.core.CardListener.java" Intrnl_Id="416">
<LocList>
<Loc EndOffset="2404" SrcFileId="5" StartOffset="2344"/>
</LocList>
</BasicStmnt>
<BasicStmnt CovItemId="S28" CovItemPrefix="devops.hw1.core.CardListener.java" Intrnl_Id="417">
<LocList>
<Loc EndOffset="2468" SrcFileId="5" StartOffset="2408"/>
</LocList>
</BasicStmnt>
<BasicStmnt CovItemId="S29" CovItemPrefix="devops.hw1.core.CardListener.java" Intrnl_Id="418">
<LocList>
<Loc EndOffset="2551" SrcFileId="5" StartOffset="2476"/>
</LocList>
</BasicStmnt>
<BasicStmnt CovItemId="S30" CovItemPrefix="devops.hw1.core.CardListener.java" Intrnl_Id="419">
<LocList>
<Loc EndOffset="2624" SrcFileId="5" StartOffset="2555"/>
</LocList>
</BasicStmnt>
<BasicStmnt CovItemId="S31" CovItemPrefix="devops.hw1.core.CardListener.java" Intrnl_Id="420">
<LocList>
<Loc EndOffset="2648" SrcFileId="5" StartOffset="2628"/>
</LocList>
</BasicStmnt>
</StmntSeq>
</HierarchyLvl>
<HierarchyLvl HierarchyLvlId="9598" HierarchyLvlTypeId="13" Intrnl_Id="421" Name="mouseEntered">
<Header>
<Loc EndOffset="2706" SrcFileId="5" StartOffset="2665"/>
</Header>
<LocList>
<Loc EndOffset="2734" SrcFileId="5" StartOffset="2665"/>
</LocList>
</HierarchyLvl>
<HierarchyLvl HierarchyLvlId="9599" HierarchyLvlTypeId="13" Intrnl_Id="422" Name="mouseExited">
<Header>
<Loc EndOffset="2779" SrcFileId="5" StartOffset="2739"/>
</Header>
<LocList>
<Loc EndOffset="2807" SrcFileId="5" StartOffset="2739"/>
</LocList>
</HierarchyLvl>
<HierarchyLvl HierarchyLvlId="9600" HierarchyLvlTypeId="13" Intrnl_Id="423" Name="mousePressed">
<Header>
<Loc EndOffset="2853" SrcFileId="5" StartOffset="2812"/>
</Header>
<LocList>
<Loc EndOffset="2881" SrcFileId="5" StartOffset="2812"/>
</LocList>
</HierarchyLvl>
<HierarchyLvl HierarchyLvlId="9601" HierarchyLvlTypeId="13" Intrnl_Id="424" Name="mouseReleased">
<Header>
<Loc EndOffset="2928" SrcFileId="5" StartOffset="2886"/>
</Header>
<LocList>
<Loc EndOffset="2956" SrcFileId="5" StartOffset="2886"/>
</LocList>
</HierarchyLvl>
</HierarchyLvl>
<HierarchyLvl HierarchyLvlId="9604" HierarchyLvlTypeId="14" Intrnl_Id="425" Name="CardCollection">
<Header>
<Loc EndOffset="340" SrcFileId="6" StartOffset="313"/>
</Header>
<LocList>
<Loc EndOffset="19354" SrcFileId="6" StartOffset="313"/>
</LocList>
<StmntSeq Intrnl_Id="426">
<LocList>
<Loc EndOffset="2319" SrcFileId="6" StartOffset="2276"/>
<Loc EndOffset="2365" SrcFileId="6" StartOffset="2322"/>
<Loc EndOffset="2409" SrcFileId="6" StartOffset="2368"/>
<Loc EndOffset="2455" SrcFileId="6" StartOffset="2412"/>
</LocList>
<BasicStmnt CovItemId="S1" CovItemPrefix="devops.hw1.core.CardCollection.java" Intrnl_Id="427">
<LocList>
<Loc EndOffset="2319" SrcFileId="6" StartOffset="2276"/>
</LocList>
</BasicStmnt>
<BasicStmnt CovItemId="S2" CovItemPrefix="devops.hw1.core.CardCollection.java" Intrnl_Id="428">
<LocList>
<Loc EndOffset="2365" SrcFileId="6" StartOffset="2322"/>
</LocList>
</BasicStmnt>
<BasicStmnt CovItemId="S3" CovItemPrefix="devops.hw1.core.CardCollection.java" Intrnl_Id="429">
<LocList>
<Loc EndOffset="2409" SrcFileId="6" StartOffset="2368"/>
</LocList>
</BasicStmnt>
<BasicStmnt CovItemId="S4" CovItemPrefix="devops.hw1.core.CardCollection.java" Intrnl_Id="430">
<LocList>
<Loc EndOffset="2455" SrcFileId="6" StartOffset="2412"/>
</LocList>
</BasicStmnt>
</StmntSeq>
<HierarchyLvl HierarchyLvlId="9603" HierarchyLvlTypeId="13" Intrnl_Id="431" Name="CardCollection">
<Header>
<Loc EndOffset="2503" SrcFileId="6" StartOffset="2461"/>
</Header>
<LocList>
<Loc EndOffset="19349" SrcFileId="6" StartOffset="2461"/>
</LocList>
<StmntSeq Intrnl_Id="432">
<LocList>
<Loc EndOffset="2569" SrcFileId="6" StartOffset="2508"/>
<Loc EndOffset="2635" SrcFileId="6" StartOffset="2573"/>
<Loc EndOffset="2701" SrcFileId="6" StartOffset="2639"/>
<Loc EndOffset="2767" SrcFileId="6" StartOffset="2705"/>
<Loc EndOffset="2833" SrcFileId="6" StartOffset="2771"/>
<Loc EndOffset="2899" SrcFileId="6" StartOffset="2837"/>
<Loc EndOffset="2965" SrcFileId="6" StartOffset="2903"/>
<Loc EndOffset="3031" SrcFileId="6" StartOffset="2969"/>
<Loc EndOffset="3097" SrcFileId="6" StartOffset="3035"/>
<Loc EndOffset="3163" SrcFileId="6" StartOffset="3101"/>
<Loc EndOffset="3230" SrcFileId="6" StartOffset="3167"/>
<Loc EndOffset="3297" SrcFileId="6" StartOffset="3234"/>
<Loc EndOffset="3364" SrcFileId="6" StartOffset="3301"/>
<Loc EndOffset="3431" SrcFileId="6" StartOffset="3368"/>
<Loc EndOffset="3498" SrcFileId="6" StartOffset="3435"/>
<Loc EndOffset="3565" SrcFileId="6" StartOffset="3502"/>
<Loc EndOffset="3632" SrcFileId="6" StartOffset="3569"/>
<Loc EndOffset="3699" SrcFileId="6" StartOffset="3636"/>
<Loc EndOffset="3766" SrcFileId="6" StartOffset="3703"/>
<Loc EndOffset="3833" SrcFileId="6" StartOffset="3770"/>
<Loc EndOffset="3900" SrcFileId="6" StartOffset="3837"/>
<Loc EndOffset="3967" SrcFileId="6" StartOffset="3904"/>
<Loc EndOffset="4034" SrcFileId="6" StartOffset="3971"/>
<Loc EndOffset="4101" SrcFileId="6" StartOffset="4038"/>
<Loc EndOffset="4168" SrcFileId="6" StartOffset="4105"/>
<Loc EndOffset="4235" SrcFileId="6" StartOffset="4172"/>
<Loc EndOffset="4302" SrcFileId="6" StartOffset="4239"/>
<Loc EndOffset="4369" SrcFileId="6" StartOffset="4306"/>
<Loc EndOffset="4436" SrcFileId="6" StartOffset="4373"/>
<Loc EndOffset="4503" SrcFileId="6" StartOffset="4440"/>
<Loc EndOffset="4570" SrcFileId="6" StartOffset="4507"/>
<Loc EndOffset="4637" SrcFileId="6" StartOffset="4574"/>
<Loc EndOffset="4704" SrcFileId="6" StartOffset="4641"/>
<Loc EndOffset="4771" SrcFileId="6" StartOffset="4708"/>
<Loc EndOffset="4838" SrcFileId="6" StartOffset="4775"/>
<Loc EndOffset="4905" SrcFileId="6" StartOffset="4842"/>
<Loc EndOffset="4972" SrcFileId="6" StartOffset="4909"/>
<Loc EndOffset="5039" SrcFileId="6" StartOffset="4976"/>
<Loc EndOffset="5106" SrcFileId="6" StartOffset="5043"/>
<Loc EndOffset="5173" SrcFileId="6" StartOffset="5110"/>
<Loc EndOffset="5240" SrcFileId="6" StartOffset="5177"/>
<Loc EndOffset="5307" SrcFileId="6" StartOffset="5244"/>
<Loc EndOffset="5374" SrcFileId="6" StartOffset="5311"/>
<Loc EndOffset="5441" SrcFileId="6" StartOffset="5378"/>
<Loc EndOffset="5508" SrcFileId="6" StartOffset="5445"/>
<Loc EndOffset="5575" SrcFileId="6" StartOffset="5512"/>
<Loc EndOffset="5642" SrcFileId="6" StartOffset="5579"/>
<Loc EndOffset="5709" SrcFileId="6" StartOffset="5646"/>
<Loc EndOffset="5776" SrcFileId="6" StartOffset="5713"/>
<Loc EndOffset="5843" SrcFileId="6" StartOffset="5780"/>
<Loc EndOffset="5876" SrcFileId="6" StartOffset="5849"/>
<Loc EndOffset="5954" SrcFileId="6" StartOffset="5884"/>
<Loc EndOffset="5982" SrcFileId="6" StartOffset="5964"/>
<Loc EndOffset="6066" SrcFileId="6" StartOffset="5986"/>
<Loc EndOffset="6142" SrcFileId="6" StartOffset="6074"/>
<Loc EndOffset="6167" SrcFileId="6" StartOffset="6148"/>
<Loc EndOffset="6246" SrcFileId="6" StartOffset="6171"/>
<Loc EndOffset="6325" SrcFileId="6" StartOffset="6254"/>
<Loc EndOffset="6351" SrcFileId="6" StartOffset="6333"/>
<Loc EndOffset="6442" SrcFileId="6" StartOffset="6355"/>
<Loc EndOffset="6520" SrcFileId="6" StartOffset="6450"/>
<Loc EndOffset="6545" SrcFileId="6" StartOffset="6526"/>
<Loc EndOffset="6627" SrcFileId="6" StartOffset="6549"/>
<Loc EndOffset="6704" SrcFileId="6" StartOffset="6635"/>
<Loc EndOffset="6729" SrcFileId="6" StartOffset="6710"/>
<Loc EndOffset="6751" SrcFileId="6" StartOffset="6733"/>
<Loc EndOffset="6836" SrcFileId="6" StartOffset="6755"/>
<Loc EndOffset="6915" SrcFileId="6" StartOffset="6844"/>
<Loc EndOffset="6942" SrcFileId="6" StartOffset="6923"/>
<Loc EndOffset="6964" SrcFileId="6" StartOffset="6946"/>
<Loc EndOffset="7054" SrcFileId="6" StartOffset="6968"/>
<Loc EndOffset="7146" SrcFileId="6" StartOffset="7062"/>
<Loc EndOffset="7172" SrcFileId="6" StartOffset="7154"/>
<Loc EndOffset="7286" SrcFileId="6" StartOffset="7176"/>
<Loc EndOffset="7374" SrcFileId="6" StartOffset="7294"/>
<Loc EndOffset="7401" SrcFileId="6" StartOffset="7382"/>
<Loc EndOffset="7501" SrcFileId="6" StartOffset="7405"/>
<Loc EndOffset="7595" SrcFileId="6" StartOffset="7513"/>
<Loc EndOffset="7690" SrcFileId="6" StartOffset="7672"/>
<Loc EndOffset="7794" SrcFileId="6" StartOffset="7694"/>
<Loc EndOffset="7872" SrcFileId="6" StartOffset="7802"/>
<Loc EndOffset="8037" SrcFileId="6" StartOffset="7952"/>
<Loc EndOffset="8115" SrcFileId="6" StartOffset="8045"/>
<Loc EndOffset="8215" SrcFileId="6" StartOffset="8195"/>
<Loc EndOffset="8301" SrcFileId="6" StartOffset="8219"/>
<Loc EndOffset="8389" SrcFileId="6" StartOffset="8309"/>
<Loc EndOffset="8502" SrcFileId="6" StartOffset="8482"/>
<Loc EndOffset="8605" SrcFileId="6" StartOffset="8506"/>
<Loc EndOffset="8691" SrcFileId="6" StartOffset="8613"/>
<Loc EndOffset="8887" SrcFileId="6" StartOffset="8793"/>
<Loc EndOffset="8974" SrcFileId="6" StartOffset="8895"/>
<Loc EndOffset="9153" SrcFileId="6" StartOffset="9052"/>
<Loc EndOffset="9236" SrcFileId="6" StartOffset="9161"/>
<Loc EndOffset="9336" SrcFileId="6" StartOffset="9316"/>
<Loc EndOffset="9431" SrcFileId="6" StartOffset="9340"/>
<Loc EndOffset="9523" SrcFileId="6" StartOffset="9439"/>
<Loc EndOffset="9735" SrcFileId="6" StartOffset="9626"/>
<Loc EndOffset="9815" SrcFileId="6" StartOffset="9743"/>
<Loc EndOffset="9844" SrcFileId="6" StartOffset="9825"/>
<Loc EndOffset="9868" SrcFileId="6" StartOffset="9848"/>
<Loc EndOffset="9957" SrcFileId="6" StartOffset="9872"/>
<Loc EndOffset="10040" SrcFileId="6" StartOffset="9965"/>
<Loc EndOffset="10212" SrcFileId="6" StartOffset="10123"/>
<Loc EndOffset="10300" SrcFileId="6" StartOffset="10220"/>
<Loc EndOffset="10492" SrcFileId="6" StartOffset="10394"/>
<Loc EndOffset="10577" SrcFileId="6" StartOffset="10500"/>
<Loc EndOffset="10687" SrcFileId="6" StartOffset="10667"/>
<Loc EndOffset="10787" SrcFileId="6" StartOffset="10691"/>
<Loc EndOffset="10863" SrcFileId="6" StartOffset="10795"/>
<Loc EndOffset="10891" SrcFileId="6" StartOffset="10871"/>
<Loc EndOffset="10976" SrcFileId="6" StartOffset="10895"/>
<Loc EndOffset="11060" SrcFileId="6" StartOffset="10984"/>
<Loc EndOffset="11088" SrcFileId="6" StartOffset="11068"/>
<Loc EndOffset="11112" SrcFileId="6" StartOffset="11092"/>
<Loc EndOffset="11212" SrcFileId="6" StartOffset="11116"/>
<Loc EndOffset="11292" SrcFileId="6" StartOffset="11220"/>
<Loc EndOffset="11319" SrcFileId="6" StartOffset="11300"/>
<Loc EndOffset="11413" SrcFileId="6" StartOffset="11323"/>
<Loc EndOffset="11495" SrcFileId="6" StartOffset="11421"/>
<Loc EndOffset="11648" SrcFileId="6" StartOffset="11558"/>
<Loc EndOffset="11722" SrcFileId="6" StartOffset="11656"/>
<Loc EndOffset="11812" SrcFileId="6" StartOffset="11792"/>
<Loc EndOffset="11890" SrcFileId="6" StartOffset="11816"/>
<Loc EndOffset="11977" SrcFileId="6" StartOffset="11898"/>
<Loc EndOffset="12083" SrcFileId="6" StartOffset="12063"/>
<Loc EndOffset="12185" SrcFileId="6" StartOffset="12087"/>
<Loc EndOffset="12263" SrcFileId="6" StartOffset="12193"/>
<Loc EndOffset="12407" SrcFileId="6" StartOffset="12330"/>
<Loc EndOffset="12491" SrcFileId="6" StartOffset="12415"/>
<Loc EndOffset="12670" SrcFileId="6" StartOffset="12573"/>
<Loc EndOffset="12748" SrcFileId="6" StartOffset="12678"/>
<Loc EndOffset="12852" SrcFileId="6" StartOffset="12832"/>
<Loc EndOffset="12938" SrcFileId="6" StartOffset="12856"/>
<Loc EndOffset="13027" SrcFileId="6" StartOffset="12946"/>
<Loc EndOffset="13226" SrcFileId="6" StartOffset="13127"/>
<Loc EndOffset="13309" SrcFileId="6" StartOffset="13234"/>
<Loc EndOffset="13420" SrcFileId="6" StartOffset="13400"/>
<Loc EndOffset="13518" SrcFileId="6" StartOffset="13424"/>
<Loc EndOffset="13603" SrcFileId="6" StartOffset="13526"/>
<Loc EndOffset="13631" SrcFileId="6" StartOffset="13611"/>
<Loc EndOffset="13655" SrcFileId="6" StartOffset="13635"/>
<Loc EndOffset="13755" SrcFileId="6" StartOffset="13659"/>
<Loc EndOffset="13835" SrcFileId="6" StartOffset="13765"/>
<Loc EndOffset="13945" SrcFileId="6" StartOffset="13925"/>
<Loc EndOffset="14030" SrcFileId="6" StartOffset="13949"/>
<Loc EndOffset="14119" SrcFileId="6" StartOffset="14038"/>
<Loc EndOffset="14212" SrcFileId="6" StartOffset="14193"/>
<Loc EndOffset="14321" SrcFileId="6" StartOffset="14216"/>
<Loc EndOffset="14411" SrcFileId="6" StartOffset="14329"/>
<Loc EndOffset="14503" SrcFileId="6" StartOffset="14483"/>
<Loc EndOffset="14607" SrcFileId="6" StartOffset="14507"/>
<Loc EndOffset="14688" SrcFileId="6" StartOffset="14615"/>
<Loc EndOffset="14840" SrcFileId="6" StartOffset="14758"/>
<Loc EndOffset="14920" SrcFileId="6" StartOffset="14848"/>
<Loc EndOffset="15127" SrcFileId="6" StartOffset="15041"/>
<Loc EndOffset="15204" SrcFileId="6" StartOffset="15135"/>
<Loc EndOffset="15232" SrcFileId="6" StartOffset="15212"/>
<Loc EndOffset="15255" SrcFileId="6" StartOffset="15236"/>
<Loc EndOffset="15336" SrcFileId="6" StartOffset="15259"/>
<Loc EndOffset="15426" SrcFileId="6" StartOffset="15344"/>
<Loc EndOffset="15623" SrcFileId="6" StartOffset="15517"/>
<Loc EndOffset="15705" SrcFileId="6" StartOffset="15631"/>
<Loc EndOffset="15870" SrcFileId="6" StartOffset="15776"/>
<Loc EndOffset="15958" SrcFileId="6" StartOffset="15878"/>
<Loc EndOffset="16133" SrcFileId="6" StartOffset="16032"/>
<Loc EndOffset="16220" SrcFileId="6" StartOffset="16142"/>
<Loc EndOffset="16397" SrcFileId="6" StartOffset="16303"/>
<Loc EndOffset="16479" SrcFileId="6" StartOffset="16405"/>
<Loc EndOffset="16507" SrcFileId="6" StartOffset="16487"/>
<Loc EndOffset="16530" SrcFileId="6" StartOffset="16511"/>
<Loc EndOffset="16623" SrcFileId="6" StartOffset="16534"/>
<Loc EndOffset="16703" SrcFileId="6" StartOffset="16631"/>
<Loc EndOffset="16876" SrcFileId="6" StartOffset="16786"/>
<Loc EndOffset="16955" SrcFileId="6" StartOffset="16884"/>
<Loc EndOffset="17055" SrcFileId="6" StartOffset="17035"/>
<Loc EndOffset="17140" SrcFileId="6" StartOffset="17059"/>
<Loc EndOffset="17222" SrcFileId="6" StartOffset="17148"/>
<Loc EndOffset="17429" SrcFileId="6" StartOffset="17344"/>
<Loc EndOffset="17516" SrcFileId="6" StartOffset="17437"/>
<Loc EndOffset="17709" SrcFileId="6" StartOffset="17611"/>
<Loc EndOffset="17788" SrcFileId="6" StartOffset="17717"/>
<Loc EndOffset="17816" SrcFileId="6" StartOffset="17796"/>
<Loc EndOffset="17840" SrcFileId="6" StartOffset="17820"/>
<Loc EndOffset="17927" SrcFileId="6" StartOffset="17844"/>
<Loc EndOffset="18013" SrcFileId="6" StartOffset="17935"/>
<Loc EndOffset="18210" SrcFileId="6" StartOffset="18114"/>
<Loc EndOffset="18295" SrcFileId="6" StartOffset="18218"/>
<Loc EndOffset="18492" SrcFileId="6" StartOffset="18397"/>
<Loc EndOffset="19345" SrcFileId="6" StartOffset="18500"/>
</LocList>
<BasicStmnt CovItemId="S5" CovItemPrefix="devops.hw1.core.CardCollection.java" Intrnl_Id="433">
<LocList>
<Loc EndOffset="2569" SrcFileId="6" StartOffset="2508"/>
</LocList>
</BasicStmnt>
<BasicStmnt CovItemId="S6" CovItemPrefix="devops.hw1.core.CardCollection.java" Intrnl_Id="434">
<LocList>
<Loc EndOffset="2635" SrcFileId="6" StartOffset="2573"/>
</LocList>
</BasicStmnt>
<BasicStmnt CovItemId="S7" CovItemPrefix="devops.hw1.core.CardCollection.java" Intrnl_Id="435">
<LocList>
<Loc EndOffset="2701" SrcFileId="6" StartOffset="2639"/>
</LocList>
</BasicStmnt>
<BasicStmnt CovItemId="S8" CovItemPrefix="devops.hw1.core.CardCollection.java" Intrnl_Id="436">
<LocList>
<Loc EndOffset="2767" SrcFileId="6" StartOffset="2705"/>
</LocList>
</BasicStmnt>
<BasicStmnt CovItemId="S9" CovItemPrefix="devops.hw1.core.CardCollection.java" Intrnl_Id="437">
<LocList>
<Loc EndOffset="2833" SrcFileId="6" StartOffset="2771"/>
</LocList>
</BasicStmnt>
<BasicStmnt CovItemId="S10" CovItemPrefix="devops.hw1.core.CardCollection.java" Intrnl_Id="438">
<LocList>
<Loc EndOffset="2899" SrcFileId="6" StartOffset="2837"/>
</LocList>
</BasicStmnt>
<BasicStmnt CovItemId="S11" CovItemPrefix="devops.hw1.core.CardCollection.java" Intrnl_Id="439">
<LocList>
<Loc EndOffset="2965" SrcFileId="6" StartOffset="2903"/>
</LocList>
</BasicStmnt>
<BasicStmnt CovItemId="S12" CovItemPrefix="devops.hw1.core.CardCollection.java" Intrnl_Id="440">
<LocList>
<Loc EndOffset="3031" SrcFileId="6" StartOffset="2969"/>
</LocList>
</BasicStmnt>
<BasicStmnt CovItemId="S13" CovItemPrefix="devops.hw1.core.CardCollection.java" Intrnl_Id="441">
<LocList>
<Loc EndOffset="3097" SrcFileId="6" StartOffset="3035"/>
</LocList>
</BasicStmnt>
<BasicStmnt CovItemId="S14" CovItemPrefix="devops.hw1.core.CardCollection.java" Intrnl_Id="442">
<LocList>
<Loc EndOffset="3163" SrcFileId="6" StartOffset="3101"/>
</LocList>
</BasicStmnt>
<BasicStmnt CovItemId="S15" CovItemPrefix="devops.hw1.core.CardCollection.java" Intrnl_Id="443">
<LocList>
<Loc EndOffset="3230" SrcFileId="6" StartOffset="3167"/>
</LocList>
</BasicStmnt>
<BasicStmnt CovItemId="S16" CovItemPrefix="devops.hw1.core.CardCollection.java" Intrnl_Id="444">
<LocList>
<Loc EndOffset="3297" SrcFileId="6" StartOffset="3234"/>
</LocList>
</BasicStmnt>
<BasicStmnt CovItemId="S17" CovItemPrefix="devops.hw1.core.CardCollection.java" Intrnl_Id="445">
<LocList>
<Loc EndOffset="3364" SrcFileId="6" StartOffset="3301"/>
</LocList>
</BasicStmnt>
<BasicStmnt CovItemId="S18" CovItemPrefix="devops.hw1.core.CardCollection.java" Intrnl_Id="446">
<LocList>
<Loc EndOffset="3431" SrcFileId="6" StartOffset="3368"/>
</LocList>
</BasicStmnt>
<BasicStmnt CovItemId="S19" CovItemPrefix="devops.hw1.core.CardCollection.java" Intrnl_Id="447">
<LocList>
<Loc EndOffset="3498" SrcFileId="6" StartOffset="3435"/>
</LocList>
</BasicStmnt>
<BasicStmnt CovItemId="S20" CovItemPrefix="devops.hw1.core.CardCollection.java" Intrnl_Id="448">
<LocList>
<Loc EndOffset="3565" SrcFileId="6" StartOffset="3502"/>
</LocList>
</BasicStmnt>
<BasicStmnt CovItemId="S21" CovItemPrefix="devops.hw1.core.CardCollection.java" Intrnl_Id="449">
<LocList>
<Loc EndOffset="3632" SrcFileId="6" StartOffset="3569"/>
</LocList>
</BasicStmnt>
<BasicStmnt CovItemId="S22" CovItemPrefix="devops.hw1.core.CardCollection.java" Intrnl_Id="450">
<LocList>
<Loc EndOffset="3699" SrcFileId="6" StartOffset="3636"/>
</LocList>
</BasicStmnt>
<BasicStmnt CovItemId="S23" CovItemPrefix="devops.hw1.core.CardCollection.java" Intrnl_Id="451">
<LocList>
<Loc EndOffset="3766" SrcFileId="6" StartOffset="3703"/>
</LocList>
</BasicStmnt>
<BasicStmnt CovItemId="S24" CovItemPrefix="devops.hw1.core.CardCollection.java" Intrnl_Id="452">
<LocList>
<Loc EndOffset="3833" SrcFileId="6" StartOffset="3770"/>
</LocList>
</BasicStmnt>
<BasicStmnt CovItemId="S25" CovItemPrefix="devops.hw1.core.CardCollection.java" Intrnl_Id="453">
<LocList>
<Loc EndOffset="3900" SrcFileId="6" StartOffset="3837"/>
</LocList>
</BasicStmnt>
<BasicStmnt CovItemId="S26" CovItemPrefix="devops.hw1.core.CardCollection.java" Intrnl_Id="454">
<LocList>
<Loc EndOffset="3967" SrcFileId="6" StartOffset="3904"/>
</LocList>
</BasicStmnt>
<BasicStmnt CovItemId="S27" CovItemPrefix="devops.hw1.core.CardCollection.java" Intrnl_Id="455">
<LocList>
<Loc EndOffset="4034" SrcFileId="6" StartOffset="3971"/>
</LocList>
</BasicStmnt>
<BasicStmnt CovItemId="S28" CovItemPrefix="devops.hw1.core.CardCollection.java" Intrnl_Id="456">
<LocList>
<Loc EndOffset="4101" SrcFileId="6" StartOffset="4038"/>
</LocList>
</BasicStmnt>
<BasicStmnt CovItemId="S29" CovItemPrefix="devops.hw1.core.CardCollection.java" Intrnl_Id="457">
<LocList>
<Loc EndOffset="4168" SrcFileId="6" StartOffset="4105"/>
</LocList>
</BasicStmnt>
<BasicStmnt CovItemId="S30" CovItemPrefix="devops.hw1.core.CardCollection.java" Intrnl_Id="458">
<LocList>
<Loc EndOffset="4235" SrcFileId="6" StartOffset="4172"/>
</LocList>
</BasicStmnt>
<BasicStmnt CovItemId="S31" CovItemPrefix="devops.hw1.core.CardCollection.java" Intrnl_Id="459">
<LocList>
<Loc EndOffset="4302" SrcFileId="6" StartOffset="4239"/>
</LocList>
</BasicStmnt>
<BasicStmnt CovItemId="S32" CovItemPrefix="devops.hw1.core.CardCollection.java" Intrnl_Id="460">
<LocList>
<Loc EndOffset="4369" SrcFileId="6" StartOffset="4306"/>
</LocList>
</BasicStmnt>
<BasicStmnt CovItemId="S33" CovItemPrefix="devops.hw1.core.CardCollection.java" Intrnl_Id="461">
<LocList>
<Loc EndOffset="4436" SrcFileId="6" StartOffset="4373"/>
</LocList>
</BasicStmnt>
<BasicStmnt CovItemId="S34" CovItemPrefix="devops.hw1.core.CardCollection.java" Intrnl_Id="462">
<LocList>
<Loc EndOffset="4503" SrcFileId="6" StartOffset="4440"/>
</LocList>
</BasicStmnt>
<BasicStmnt CovItemId="S35" CovItemPrefix="devops.hw1.core.CardCollection.java" Intrnl_Id="463">
<LocList>
<Loc EndOffset="4570" SrcFileId="6" StartOffset="4507"/>
</LocList>
</BasicStmnt>
<BasicStmnt CovItemId="S36" CovItemPrefix="devops.hw1.core.CardCollection.java" Intrnl_Id="464">
<LocList>
<Loc EndOffset="4637" SrcFileId="6" StartOffset="4574"/>
</LocList>
</BasicStmnt>
<BasicStmnt CovItemId="S37" CovItemPrefix="devops.hw1.core.CardCollection.java" Intrnl_Id="465">
<LocList>
<Loc EndOffset="4704" SrcFileId="6" StartOffset="4641"/>
</LocList>
</BasicStmnt>
<BasicStmnt CovItemId="S38" CovItemPrefix="devops.hw1.core.CardCollection.java" Intrnl_Id="466">
<LocList>
<Loc EndOffset="4771" SrcFileId="6" StartOffset="4708"/>
</LocList>
</BasicStmnt>
<BasicStmnt CovItemId="S39" CovItemPrefix="devops.hw1.core.CardCollection.java" Intrnl_Id="467">
<LocList>
<Loc EndOffset="4838" SrcFileId="6" StartOffset="4775"/>
</LocList>
</BasicStmnt>
<BasicStmnt CovItemId="S40" CovItemPrefix="devops.hw1.core.CardCollection.java" Intrnl_Id="468">
<LocList>
<Loc EndOffset="4905" SrcFileId="6" StartOffset="4842"/>
</LocList>
</BasicStmnt>
<BasicStmnt CovItemId="S41" CovItemPrefix="devops.hw1.core.CardCollection.java" Intrnl_Id="469">
<LocList>
<Loc EndOffset="4972" SrcFileId="6" StartOffset="4909"/>
</LocList>
</BasicStmnt>
<BasicStmnt CovItemId="S42" CovItemPrefix="devops.hw1.core.CardCollection.java" Intrnl_Id="470">
<LocList>
<Loc EndOffset="5039" SrcFileId="6" StartOffset="4976"/>
</LocList>
</BasicStmnt>
<BasicStmnt CovItemId="S43" CovItemPrefix="devops.hw1.core.CardCollection.java" Intrnl_Id="471">
<LocList>
<Loc EndOffset="5106" SrcFileId="6" StartOffset="5043"/>
</LocList>
</BasicStmnt>
<BasicStmnt CovItemId="S44" CovItemPrefix="devops.hw1.core.CardCollection.java" Intrnl_Id="472">
<LocList>
<Loc EndOffset="5173" SrcFileId="6" StartOffset="5110"/>
</LocList>
</BasicStmnt>
<BasicStmnt CovItemId="S45" CovItemPrefix="devops.hw1.core.CardCollection.java" Intrnl_Id="473">
<LocList>
<Loc EndOffset="5240" SrcFileId="6" StartOffset="5177"/>
</LocList>
</BasicStmnt>
<BasicStmnt CovItemId="S46" CovItemPrefix="devops.hw1.core.CardCollection.java" Intrnl_Id="474">
<LocList>
<Loc EndOffset="5307" SrcFileId="6" StartOffset="5244"/>
</LocList>
</BasicStmnt>
<BasicStmnt CovItemId="S47" CovItemPrefix="devops.hw1.core.CardCollection.java" Intrnl_Id="475">
<LocList>
<Loc EndOffset="5374" SrcFileId="6" StartOffset="5311"/>
</LocList>
</BasicStmnt>
<BasicStmnt CovItemId="S48" CovItemPrefix="devops.hw1.core.CardCollection.java" Intrnl_Id="476">
<LocList>
<Loc EndOffset="5441" SrcFileId="6" StartOffset="5378"/>
</LocList>
</BasicStmnt>
<BasicStmnt CovItemId="S49" CovItemPrefix="devops.hw1.core.CardCollection.java" Intrnl_Id="477">
<LocList>
<Loc EndOffset="5508" SrcFileId="6" StartOffset="5445"/>
</LocList>
</BasicStmnt>
<BasicStmnt CovItemId="S50" CovItemPrefix="devops.hw1.core.CardCollection.java" Intrnl_Id="478">
<LocList>
<Loc EndOffset="5575" SrcFileId="6" StartOffset="5512"/>
</LocList>
</BasicStmnt>
<BasicStmnt CovItemId="S51" CovItemPrefix="devops.hw1.core.CardCollection.java" Intrnl_Id="479">
<LocList>
<Loc EndOffset="5642" SrcFileId="6" StartOffset="5579"/>
</LocList>
</BasicStmnt>
<BasicStmnt CovItemId="S52" CovItemPrefix="devops.hw1.core.CardCollection.java" Intrnl_Id="480">
<LocList>
<Loc EndOffset="5709" SrcFileId="6" StartOffset="5646"/>
</LocList>
</BasicStmnt>
<BasicStmnt CovItemId="S53" CovItemPrefix="devops.hw1.core.CardCollection.java" Intrnl_Id="481">
<LocList>
<Loc EndOffset="5776" SrcFileId="6" StartOffset="5713"/>
</LocList>
</BasicStmnt>
<BasicStmnt CovItemId="S54" CovItemPrefix="devops.hw1.core.CardCollection.java" Intrnl_Id="482">
<LocList>
<Loc EndOffset="5843" SrcFileId="6" StartOffset="5780"/>
</LocList>
</BasicStmnt>
<BasicStmnt CovItemId="S55" CovItemPrefix="devops.hw1.core.CardCollection.java" Intrnl_Id="483">
<LocList>
<Loc EndOffset="5876" SrcFileId="6" StartOffset="5849"/>
</LocList>
</BasicStmnt>
<BasicStmnt CovItemId="S56" CovItemPrefix="devops.hw1.core.CardCollection.java" Intrnl_Id="484">
<LocList>
<Loc EndOffset="5954" SrcFileId="6" StartOffset="5884"/>
</LocList>
</BasicStmnt>
<BasicStmnt CovItemId="S57" CovItemPrefix="devops.hw1.core.CardCollection.java" Intrnl_Id="485">
<LocList>
<Loc EndOffset="5982" SrcFileId="6" StartOffset="5964"/>
</LocList>
</BasicStmnt>
<BasicStmnt CovItemId="S58" CovItemPrefix="devops.hw1.core.CardCollection.java" Intrnl_Id="486">
<LocList>
<Loc EndOffset="6066" SrcFileId="6" StartOffset="5986"/>
</LocList>
</BasicStmnt>
<BasicStmnt CovItemId="S59" CovItemPrefix="devops.hw1.core.CardCollection.java" Intrnl_Id="487">
<LocList>
<Loc EndOffset="6142" SrcFileId="6" StartOffset="6074"/>
</LocList>
</BasicStmnt>
<BasicStmnt CovItemId="S60" CovItemPrefix="devops.hw1.core.CardCollection.java" Intrnl_Id="488">
<LocList>
<Loc EndOffset="6167" SrcFileId="6" StartOffset="6148"/>
</LocList>
</BasicStmnt>
<BasicStmnt CovItemId="S61" CovItemPrefix="devops.hw1.core.CardCollection.java" Intrnl_Id="489">
<LocList>
<Loc EndOffset="6246" SrcFileId="6" StartOffset="6171"/>
</LocList>
</BasicStmnt>
<BasicStmnt CovItemId="S62" CovItemPrefix="devops.hw1.core.CardCollection.java" Intrnl_Id="490">
<LocList>
<Loc EndOffset="6325" SrcFileId="6" StartOffset="6254"/>
</LocList>
</BasicStmnt>
<BasicStmnt CovItemId="S63" CovItemPrefix="devops.hw1.core.CardCollection.java" Intrnl_Id="491">
<LocList>
<Loc EndOffset="6351" SrcFileId="6" StartOffset="6333"/>
</LocList>
</BasicStmnt>
<BasicStmnt CovItemId="S64" CovItemPrefix="devops.hw1.core.CardCollection.java" Intrnl_Id="492">
<LocList>
<Loc EndOffset="6442" SrcFileId="6" StartOffset="6355"/>
</LocList>
</BasicStmnt>
<BasicStmnt CovItemId="S65" CovItemPrefix="devops.hw1.core.CardCollection.java" Intrnl_Id="493">
<LocList>
<Loc EndOffset="6520" SrcFileId="6" StartOffset="6450"/>
</LocList>
</BasicStmnt>
<BasicStmnt CovItemId="S66" CovItemPrefix="devops.hw1.core.CardCollection.java" Intrnl_Id="494">
<LocList>
<Loc EndOffset="6545" SrcFileId="6" StartOffset="6526"/>
</LocList>
</BasicStmnt>
<BasicStmnt CovItemId="S67" CovItemPrefix="devops.hw1.core.CardCollection.java" Intrnl_Id="495">
<LocList>
<Loc EndOffset="6627" SrcFileId="6" StartOffset="6549"/>
</LocList>
</BasicStmnt>
<BasicStmnt CovItemId="S68" CovItemPrefix="devops.hw1.core.CardCollection.java" Intrnl_Id="496">
<LocList>
<Loc EndOffset="6704" SrcFileId="6" StartOffset="6635"/>
</LocList>
</BasicStmnt>
<BasicStmnt CovItemId="S69" CovItemPrefix="devops.hw1.core.CardCollection.java" Intrnl_Id="497">
<LocList>
<Loc EndOffset="6729" SrcFileId="6" StartOffset="6710"/>
</LocList>
</BasicStmnt>
<BasicStmnt CovItemId="S70" CovItemPrefix="devops.hw1.core.CardCollection.java" Intrnl_Id="498">
<LocList>
<Loc EndOffset="6751" SrcFileId="6" StartOffset="6733"/>
</LocList>
</BasicStmnt>
<BasicStmnt CovItemId="S71" CovItemPrefix="devops.hw1.core.CardCollection.java" Intrnl_Id="499">
<LocList>
<Loc EndOffset="6836" SrcFileId="6" StartOffset="6755"/>
</LocList>
</BasicStmnt>
<BasicStmnt CovItemId="S72" CovItemPrefix="devops.hw1.core.CardCollection.java" Intrnl_Id="500">
<LocList>
<Loc EndOffset="6915" SrcFileId="6" StartOffset="6844"/>
</LocList>
</BasicStmnt>
<BasicStmnt CovItemId="S73" CovItemPrefix="devops.hw1.core.CardCollection.java" Intrnl_Id="501">
<LocList>
<Loc EndOffset="6942" SrcFileId="6" StartOffset="6923"/>
</LocList>
</BasicStmnt>
<BasicStmnt CovItemId="S74" CovItemPrefix="devops.hw1.core.CardCollection.java" Intrnl_Id="502">
<LocList>
<Loc EndOffset="6964" SrcFileId="6" StartOffset="6946"/>
</LocList>
</BasicStmnt>
<BasicStmnt CovItemId="S75" CovItemPrefix="devops.hw1.core.CardCollection.java" Intrnl_Id="503">
<LocList>
<Loc EndOffset="7054" SrcFileId="6" StartOffset="6968"/>
</LocList>
</BasicStmnt>
<BasicStmnt CovItemId="S76" CovItemPrefix="devops.hw1.core.CardCollection.java" Intrnl_Id="504">
<LocList>
<Loc EndOffset="7146" SrcFileId="6" StartOffset="7062"/>
</LocList>
</BasicStmnt>
<BasicStmnt CovItemId="S77" CovItemPrefix="devops.hw1.core.CardCollection.java" Intrnl_Id="505">
<LocList>
<Loc EndOffset="7172" SrcFileId="6" StartOffset="7154"/>
</LocList>
</BasicStmnt>
<BasicStmnt CovItemId="S78" CovItemPrefix="devops.hw1.core.CardCollection.java" Intrnl_Id="506">
<LocList>
<Loc EndOffset="7286" SrcFileId="6" StartOffset="7176"/>
</LocList>
</BasicStmnt>
<BasicStmnt CovItemId="S79" CovItemPrefix="devops.hw1.core.CardCollection.java" Intrnl_Id="507">
<LocList>
<Loc EndOffset="7374" SrcFileId="6" StartOffset="7294"/>
</LocList>
</BasicStmnt>
<BasicStmnt CovItemId="S80" CovItemPrefix="devops.hw1.core.CardCollection.java" Intrnl_Id="508">
<LocList>
<Loc EndOffset="7401" SrcFileId="6" StartOffset="7382"/>
</LocList>
</BasicStmnt>
<BasicStmnt CovItemId="S81" CovItemPrefix="devops.hw1.core.CardCollection.java" Intrnl_Id="509">
<LocList>
<Loc EndOffset="7501" SrcFileId="6" StartOffset="7405"/>
</LocList>
</BasicStmnt>
<BasicStmnt CovItemId="S82" CovItemPrefix="devops.hw1.core.CardCollection.java" Intrnl_Id="510">
<LocList>
<Loc EndOffset="7595" SrcFileId="6" StartOffset="7513"/>
</LocList>
</BasicStmnt>
<BasicStmnt CovItemId="S83" CovItemPrefix="devops.hw1.core.CardCollection.java" Intrnl_Id="511">
<LocList>
<Loc EndOffset="7690" SrcFileId="6" StartOffset="7672"/>
</LocList>
</BasicStmnt>
<BasicStmnt CovItemId="S84" CovItemPrefix="devops.hw1.core.CardCollection.java" Intrnl_Id="512">
<LocList>
<Loc EndOffset="7794" SrcFileId="6" StartOffset="7694"/>
</LocList>
</BasicStmnt>
<BasicStmnt CovItemId="S85" CovItemPrefix="devops.hw1.core.CardCollection.java" Intrnl_Id="513">
<LocList>
<Loc EndOffset="7872" SrcFileId="6" StartOffset="7802"/>
</LocList>
</BasicStmnt>
<BasicStmnt CovItemId="S86" CovItemPrefix="devops.hw1.core.CardCollection.java" Intrnl_Id="514">
<LocList>
<Loc EndOffset="8037" SrcFileId="6" StartOffset="7952"/>
</LocList>
</BasicStmnt>
<BasicStmnt CovItemId="S87" CovItemPrefix="devops.hw1.core.CardCollection.java" Intrnl_Id="515">
<LocList>
<Loc EndOffset="8115" SrcFileId="6" StartOffset="8045"/>
</LocList>
</BasicStmnt>
<BasicStmnt CovItemId="S88" CovItemPrefix="devops.hw1.core.CardCollection.java" Intrnl_Id="516">
<LocList>
<Loc EndOffset="8215" SrcFileId="6" StartOffset="8195"/>
</LocList>
</BasicStmnt>
<BasicStmnt CovItemId="S89" CovItemPrefix="devops.hw1.core.CardCollection.java" Intrnl_Id="517">
<LocList>
<Loc EndOffset="8301" SrcFileId="6" StartOffset="8219"/>
</LocList>
</BasicStmnt>
<BasicStmnt CovItemId="S90" CovItemPrefix="devops.hw1.core.CardCollection.java" Intrnl_Id="518">
<LocList>
<Loc EndOffset="8389" SrcFileId="6" StartOffset="8309"/>
</LocList>
</BasicStmnt>
<BasicStmnt CovItemId="S91" CovItemPrefix="devops.hw1.core.CardCollection.java" Intrnl_Id="519">
<LocList>
<Loc EndOffset="8502" SrcFileId="6" StartOffset="8482"/>
</LocList>
</BasicStmnt>
<BasicStmnt CovItemId="S92" CovItemPrefix="devops.hw1.core.CardCollection.java" Intrnl_Id="520">
<LocList>
<Loc EndOffset="8605" SrcFileId="6" StartOffset="8506"/>
</LocList>
</BasicStmnt>
<BasicStmnt CovItemId="S93" CovItemPrefix="devops.hw1.core.CardCollection.java" Intrnl_Id="521">
<LocList>
<Loc EndOffset="8691" SrcFileId="6" StartOffset="8613"/>
</LocList>
</BasicStmnt>
<BasicStmnt CovItemId="S94" CovItemPrefix="devops.hw1.core.CardCollection.java" Intrnl_Id="522">
<LocList>
<Loc EndOffset="8887" SrcFileId="6" StartOffset="8793"/>
</LocList>
</BasicStmnt>
<BasicStmnt CovItemId="S95" CovItemPrefix="devops.hw1.core.CardCollection.java" Intrnl_Id="523">
<LocList>
<Loc EndOffset="8974" SrcFileId="6" StartOffset="8895"/>
</LocList>
</BasicStmnt>
<BasicStmnt CovItemId="S96" CovItemPrefix="devops.hw1.core.CardCollection.java" Intrnl_Id="524">
<LocList>
<Loc EndOffset="9153" SrcFileId="6" StartOffset="9052"/>
</LocList>
</BasicStmnt>
<BasicStmnt CovItemId="S97" CovItemPrefix="devops.hw1.core.CardCollection.java" Intrnl_Id="525">
<LocList>
<Loc EndOffset="9236" SrcFileId="6" StartOffset="9161"/>
</LocList>
</BasicStmnt>
<BasicStmnt CovItemId="S98" CovItemPrefix="devops.hw1.core.CardCollection.java" Intrnl_Id="526">
<LocList>
<Loc EndOffset="9336" SrcFileId="6" StartOffset="9316"/>
</LocList>
</BasicStmnt>
<BasicStmnt CovItemId="S99" CovItemPrefix="devops.hw1.core.CardCollection.java" Intrnl_Id="527">
<LocList>
<Loc EndOffset="9431" SrcFileId="6" StartOffset="9340"/>
</LocList>
</BasicStmnt>
<BasicStmnt CovItemId="S100" CovItemPrefix="devops.hw1.core.CardCollection.java" Intrnl_Id="528">
<LocList>
<Loc EndOffset="9523" SrcFileId="6" StartOffset="9439"/>
</LocList>
</BasicStmnt>
<BasicStmnt CovItemId="S101" CovItemPrefix="devops.hw1.core.CardCollection.java" Intrnl_Id="529">
<LocList>
<Loc EndOffset="9735" SrcFileId="6" StartOffset="9626"/>
</LocList>
</BasicStmnt>
<BasicStmnt CovItemId="S102" CovItemPrefix="devops.hw1.core.CardCollection.java" Intrnl_Id="530">
<LocList>
<Loc EndOffset="9815" SrcFileId="6" StartOffset="9743"/>
</LocList>
</BasicStmnt>
<BasicStmnt CovItemId="S103" CovItemPrefix="devops.hw1.core.CardCollection.java" Intrnl_Id="531">
<LocList>
<Loc EndOffset="9844" SrcFileId="6" StartOffset="9825"/>
</LocList>
</BasicStmnt>
<BasicStmnt CovItemId="S104" CovItemPrefix="devops.hw1.core.CardCollection.java" Intrnl_Id="532">
<LocList>
<Loc EndOffset="9868" SrcFileId="6" StartOffset="9848"/>
</LocList>
</BasicStmnt>
<BasicStmnt CovItemId="S105" CovItemPrefix="devops.hw1.core.CardCollection.java" Intrnl_Id="533">
<LocList>
<Loc EndOffset="9957" SrcFileId="6" StartOffset="9872"/>
</LocList>
</BasicStmnt>
<BasicStmnt CovItemId="S106" CovItemPrefix="devops.hw1.core.CardCollection.java" Intrnl_Id="534">
<LocList>
<Loc EndOffset="10040" SrcFileId="6" StartOffset="9965"/>
</LocList>
</BasicStmnt>
<BasicStmnt CovItemId="S107" CovItemPrefix="devops.hw1.core.CardCollection.java" Intrnl_Id="535">
<LocList>
<Loc EndOffset="10212" SrcFileId="6" StartOffset="10123"/>
</LocList>
</BasicStmnt>
<BasicStmnt CovItemId="S108" CovItemPrefix="devops.hw1.core.CardCollection.java" Intrnl_Id="536">
<LocList>
<Loc EndOffset="10300" SrcFileId="6" StartOffset="10220"/>
</LocList>
</BasicStmnt>
<BasicStmnt CovItemId="S109" CovItemPrefix="devops.hw1.core.CardCollection.java" Intrnl_Id="537">
<LocList>
<Loc EndOffset="10492" SrcFileId="6" StartOffset="10394"/>
</LocList>
</BasicStmnt>
<BasicStmnt CovItemId="S110" CovItemPrefix="devops.hw1.core.CardCollection.java" Intrnl_Id="538">
<LocList>
<Loc EndOffset="10577" SrcFileId="6" StartOffset="10500"/>
</LocList>
</BasicStmnt>
<BasicStmnt CovItemId="S111" CovItemPrefix="devops.hw1.core.CardCollection.java" Intrnl_Id="539">
<LocList>
<Loc EndOffset="10687" SrcFileId="6" StartOffset="10667"/>
</LocList>
</BasicStmnt>
<BasicStmnt CovItemId="S112" CovItemPrefix="devops.hw1.core.CardCollection.java" Intrnl_Id="540">
<LocList>
<Loc EndOffset="10787" SrcFileId="6" StartOffset="10691"/>
</LocList>
</BasicStmnt>
<BasicStmnt CovItemId="S113" CovItemPrefix="devops.hw1.core.CardCollection.java" Intrnl_Id="541">
<LocList>
<Loc EndOffset="10863" SrcFileId="6" StartOffset="10795"/>
</LocList>
</BasicStmnt>
<BasicStmnt CovItemId="S114" CovItemPrefix="devops.hw1.core.CardCollection.java" Intrnl_Id="542">
<LocList>
<Loc EndOffset="10891" SrcFileId="6" StartOffset="10871"/>
</LocList>
</BasicStmnt>
<BasicStmnt CovItemId="S115" CovItemPrefix="devops.hw1.core.CardCollection.java" Intrnl_Id="543">
<LocList>
<Loc EndOffset="10976" SrcFileId="6" StartOffset="10895"/>
</LocList>
</BasicStmnt>
<BasicStmnt CovItemId="S116" CovItemPrefix="devops.hw1.core.CardCollection.java" Intrnl_Id="544">
<LocList>
<Loc EndOffset="11060" SrcFileId="6" StartOffset="10984"/>
</LocList>
</BasicStmnt>
<BasicStmnt CovItemId="S117" CovItemPrefix="devops.hw1.core.CardCollection.java" Intrnl_Id="545">
<LocList>
<Loc EndOffset="11088" SrcFileId="6" StartOffset="11068"/>
</LocList>
</BasicStmnt>
<BasicStmnt CovItemId="S118" CovItemPrefix="devops.hw1.core.CardCollection.java" Intrnl_Id="546">
<LocList>
<Loc EndOffset="11112" SrcFileId="6" StartOffset="11092"/>
</LocList>
</BasicStmnt>
<BasicStmnt CovItemId="S119" CovItemPrefix="devops.hw1.core.CardCollection.java" Intrnl_Id="547">
<LocList>
<Loc EndOffset="11212" SrcFileId="6" StartOffset="11116"/>
</LocList>
</BasicStmnt>
<BasicStmnt CovItemId="S120" CovItemPrefix="devops.hw1.core.CardCollection.java" Intrnl_Id="548">
<LocList>
<Loc EndOffset="11292" SrcFileId="6" StartOffset="11220"/>
</LocList>
</BasicStmnt>
<BasicStmnt CovItemId="S121" CovItemPrefix="devops.hw1.core.CardCollection.java" Intrnl_Id="549">
<LocList>
<Loc EndOffset="11319" SrcFileId="6" StartOffset="11300"/>
</LocList>
</BasicStmnt>
<BasicStmnt CovItemId="S122" CovItemPrefix="devops.hw1.core.CardCollection.java" Intrnl_Id="550">
<LocList>
<Loc EndOffset="11413" SrcFileId="6" StartOffset="11323"/>
</LocList>
</BasicStmnt>
<BasicStmnt CovItemId="S123" CovItemPrefix="devops.hw1.core.CardCollection.java" Intrnl_Id="551">
<LocList>
<Loc EndOffset="11495" SrcFileId="6" StartOffset="11421"/>
</LocList>
</BasicStmnt>
<BasicStmnt CovItemId="S124" CovItemPrefix="devops.hw1.core.CardCollection.java" Intrnl_Id="552">
<LocList>
<Loc EndOffset="11648" SrcFileId="6" StartOffset="11558"/>
</LocList>
</BasicStmnt>
<BasicStmnt CovItemId="S125" CovItemPrefix="devops.hw1.core.CardCollection.java" Intrnl_Id="553">
<LocList>
<Loc EndOffset="11722" SrcFileId="6" StartOffset="11656"/>
</LocList>
</BasicStmnt>
<BasicStmnt CovItemId="S126" CovItemPrefix="devops.hw1.core.CardCollection.java" Intrnl_Id="554">
<LocList>
<Loc EndOffset="11812" SrcFileId="6" StartOffset="11792"/>
</LocList>
</BasicStmnt>
<BasicStmnt CovItemId="S127" CovItemPrefix="devops.hw1.core.CardCollection.java" Intrnl_Id="555">
<LocList>
<Loc EndOffset="11890" SrcFileId="6" StartOffset="11816"/>
</LocList>
</BasicStmnt>
<BasicStmnt CovItemId="S128" CovItemPrefix="devops.hw1.core.CardCollection.java" Intrnl_Id="556">
<LocList>
<Loc EndOffset="11977" SrcFileId="6" StartOffset="11898"/>
</LocList>
</BasicStmnt>
<BasicStmnt CovItemId="S129" CovItemPrefix="devops.hw1.core.CardCollection.java" Intrnl_Id="557">
<LocList>
<Loc EndOffset="12083" SrcFileId="6" StartOffset="12063"/>
</LocList>
</BasicStmnt>
<BasicStmnt CovItemId="S130" CovItemPrefix="devops.hw1.core.CardCollection.java" Intrnl_Id="558">
<LocList>
<Loc EndOffset="12185" SrcFileId="6" StartOffset="12087"/>
</LocList>
</BasicStmnt>
<BasicStmnt CovItemId="S131" CovItemPrefix="devops.hw1.core.CardCollection.java" Intrnl_Id="559">
<LocList>
<Loc EndOffset="12263" SrcFileId="6" StartOffset="12193"/>
</LocList>
</BasicStmnt>
<BasicStmnt CovItemId="S132" CovItemPrefix="devops.hw1.core.CardCollection.java" Intrnl_Id="560">
<LocList>
<Loc EndOffset="12407" SrcFileId="6" StartOffset="12330"/>
</LocList>
</BasicStmnt>
<BasicStmnt CovItemId="S133" CovItemPrefix="devops.hw1.core.CardCollection.java" Intrnl_Id="561">
<LocList>
<Loc EndOffset="12491" SrcFileId="6" StartOffset="12415"/>
</LocList>
</BasicStmnt>
<BasicStmnt CovItemId="S134" CovItemPrefix="devops.hw1.core.CardCollection.java" Intrnl_Id="562">
<LocList>
<Loc EndOffset="12670" SrcFileId="6" StartOffset="12573"/>
</LocList>
</BasicStmnt>
<BasicStmnt CovItemId="S135" CovItemPrefix="devops.hw1.core.CardCollection.java" Intrnl_Id="563">
<LocList>
<Loc EndOffset="12748" SrcFileId="6" StartOffset="12678"/>
</LocList>
</BasicStmnt>
<BasicStmnt CovItemId="S136" CovItemPrefix="devops.hw1.core.CardCollection.java" Intrnl_Id="564">
<LocList>
<Loc EndOffset="12852" SrcFileId="6" StartOffset="12832"/>
</LocList>
</BasicStmnt>
<BasicStmnt CovItemId="S137" CovItemPrefix="devops.hw1.core.CardCollection.java" Intrnl_Id="565">
<LocList>
<Loc EndOffset="12938" SrcFileId="6" StartOffset="12856"/>
</LocList>
</BasicStmnt>
<BasicStmnt CovItemId="S138" CovItemPrefix="devops.hw1.core.CardCollection.java" Intrnl_Id="566">
<LocList>
<Loc EndOffset="13027" SrcFileId="6" StartOffset="12946"/>
</LocList>
</BasicStmnt>
<BasicStmnt CovItemId="S139" CovItemPrefix="devops.hw1.core.CardCollection.java" Intrnl_Id="567">
<LocList>
<Loc EndOffset="13226" SrcFileId="6" StartOffset="13127"/>
</LocList>
</BasicStmnt>
<BasicStmnt CovItemId="S140" CovItemPrefix="devops.hw1.core.CardCollection.java" Intrnl_Id="568">
<LocList>
<Loc EndOffset="13309" SrcFileId="6" StartOffset="13234"/>
</LocList>
</BasicStmnt>
<BasicStmnt CovItemId="S141" CovItemPrefix="devops.hw1.core.CardCollection.java" Intrnl_Id="569">
<LocList>
<Loc EndOffset="13420" SrcFileId="6" StartOffset="13400"/>
</LocList>
</BasicStmnt>
<BasicStmnt CovItemId="S142" CovItemPrefix="devops.hw1.core.CardCollection.java" Intrnl_Id="570">
<LocList>
<Loc EndOffset="13518" SrcFileId="6" StartOffset="13424"/>
</LocList>
</BasicStmnt>
<BasicStmnt CovItemId="S143" CovItemPrefix="devops.hw1.core.CardCollection.java" Intrnl_Id="571">
<LocList>
<Loc EndOffset="13603" SrcFileId="6" StartOffset="13526"/>
</LocList>
</BasicStmnt>
<BasicStmnt CovItemId="S144" CovItemPrefix="devops.hw1.core.CardCollection.java" Intrnl_Id="572">
<LocList>
<Loc EndOffset="13631" SrcFileId="6" StartOffset="13611"/>
</LocList>
</BasicStmnt>
<BasicStmnt CovItemId="S145" CovItemPrefix="devops.hw1.core.CardCollection.java" Intrnl_Id="573">
<LocList>
<Loc EndOffset="13655" SrcFileId="6" StartOffset="13635"/>
</LocList>
</BasicStmnt>
<BasicStmnt CovItemId="S146" CovItemPrefix="devops.hw1.core.CardCollection.java" Intrnl_Id="574">
<LocList>
<Loc EndOffset="13755" SrcFileId="6" StartOffset="13659"/>
</LocList>
</BasicStmnt>
<BasicStmnt CovItemId="S147" CovItemPrefix="devops.hw1.core.CardCollection.java" Intrnl_Id="575">
<LocList>
<Loc EndOffset="13835" SrcFileId="6" StartOffset="13765"/>
</LocList>
</BasicStmnt>
<BasicStmnt CovItemId="S148" CovItemPrefix="devops.hw1.core.CardCollection.java" Intrnl_Id="576">
<LocList>
<Loc EndOffset="13945" SrcFileId="6" StartOffset="13925"/>
</LocList>
</BasicStmnt>
<BasicStmnt CovItemId="S149" CovItemPrefix="devops.hw1.core.CardCollection.java" Intrnl_Id="577">
<LocList>
<Loc EndOffset="14030" SrcFileId="6" StartOffset="13949"/>
</LocList>
</BasicStmnt>
<BasicStmnt CovItemId="S150" CovItemPrefix="devops.hw1.core.CardCollection.java" Intrnl_Id="578">
<LocList>
<Loc EndOffset="14119" SrcFileId="6" StartOffset="14038"/>
</LocList>
</BasicStmnt>
<BasicStmnt CovItemId="S151" CovItemPrefix="devops.hw1.core.CardCollection.java" Intrnl_Id="579">
<LocList>
<Loc EndOffset="14212" SrcFileId="6" StartOffset="14193"/>
</LocList>
</BasicStmnt>
<BasicStmnt CovItemId="S152" CovItemPrefix="devops.hw1.core.CardCollection.java" Intrnl_Id="580">
<LocList>
<Loc EndOffset="14321" SrcFileId="6" StartOffset="14216"/>
</LocList>
</BasicStmnt>
<BasicStmnt CovItemId="S153" CovItemPrefix="devops.hw1.core.CardCollection.java" Intrnl_Id="581">
<LocList>
<Loc EndOffset="14411" SrcFileId="6" StartOffset="14329"/>
</LocList>
</BasicStmnt>
<BasicStmnt CovItemId="S154" CovItemPrefix="devops.hw1.core.CardCollection.java" Intrnl_Id="582">
<LocList>
<Loc EndOffset="14503" SrcFileId="6" StartOffset="14483"/>
</LocList>
</BasicStmnt>
<BasicStmnt CovItemId="S155" CovItemPrefix="devops.hw1.core.CardCollection.java" Intrnl_Id="583">
<LocList>
<Loc EndOffset="14607" SrcFileId="6" StartOffset="14507"/>
</LocList>
</BasicStmnt>
<BasicStmnt CovItemId="S156" CovItemPrefix="devops.hw1.core.CardCollection.java" Intrnl_Id="584">
<LocList>
<Loc EndOffset="14688" SrcFileId="6" StartOffset="14615"/>
</LocList>
</BasicStmnt>
<BasicStmnt CovItemId="S157" CovItemPrefix="devops.hw1.core.CardCollection.java" Intrnl_Id="585">
<LocList>
<Loc EndOffset="14840" SrcFileId="6" StartOffset="14758"/>
</LocList>
</BasicStmnt>
<BasicStmnt CovItemId="S158" CovItemPrefix="devops.hw1.core.CardCollection.java" Intrnl_Id="586">
<LocList>
<Loc EndOffset="14920" SrcFileId="6" StartOffset="14848"/>
</LocList>
</BasicStmnt>
<BasicStmnt CovItemId="S159" CovItemPrefix="devops.hw1.core.CardCollection.java" Intrnl_Id="587">
<LocList>
<Loc EndOffset="15127" SrcFileId="6" StartOffset="15041"/>
</LocList>
</BasicStmnt>
<BasicStmnt CovItemId="S160" CovItemPrefix="devops.hw1.core.CardCollection.java" Intrnl_Id="588">
<LocList>
<Loc EndOffset="15204" SrcFileId="6" StartOffset="15135"/>
</LocList>
</BasicStmnt>
<BasicStmnt CovItemId="S161" CovItemPrefix="devops.hw1.core.CardCollection.java" Intrnl_Id="589">
<LocList>
<Loc EndOffset="15232" SrcFileId="6" StartOffset="15212"/>
</LocList>
</BasicStmnt>
<BasicStmnt CovItemId="S162" CovItemPrefix="devops.hw1.core.CardCollection.java" Intrnl_Id="590">
<LocList>
<Loc EndOffset="15255" SrcFileId="6" StartOffset="15236"/>
</LocList>
</BasicStmnt>
<BasicStmnt CovItemId="S163" CovItemPrefix="devops.hw1.core.CardCollection.java" Intrnl_Id="591">
<LocList>
<Loc EndOffset="15336" SrcFileId="6" StartOffset="15259"/>
</LocList>
</BasicStmnt>
<BasicStmnt CovItemId="S164" CovItemPrefix="devops.hw1.core.CardCollection.java" Intrnl_Id="592">
<LocList>
<Loc EndOffset="15426" SrcFileId="6" StartOffset="15344"/>
</LocList>
</BasicStmnt>
<BasicStmnt CovItemId="S165" CovItemPrefix="devops.hw1.core.CardCollection.java" Intrnl_Id="593">
<LocList>
<Loc EndOffset="15623" SrcFileId="6" StartOffset="15517"/>
</LocList>
</BasicStmnt>
<BasicStmnt CovItemId="S166" CovItemPrefix="devops.hw1.core.CardCollection.java" Intrnl_Id="594">
<LocList>
<Loc EndOffset="15705" SrcFileId="6" StartOffset="15631"/>
</LocList>
</BasicStmnt>
<BasicStmnt CovItemId="S167" CovItemPrefix="devops.hw1.core.CardCollection.java" Intrnl_Id="595">
<LocList>
<Loc EndOffset="15870" SrcFileId="6" StartOffset="15776"/>
</LocList>
</BasicStmnt>
<BasicStmnt CovItemId="S168" CovItemPrefix="devops.hw1.core.CardCollection.java" Intrnl_Id="596">
<LocList>
<Loc EndOffset="15958" SrcFileId="6" StartOffset="15878"/>
</LocList>
</BasicStmnt>
<BasicStmnt CovItemId="S169" CovItemPrefix="devops.hw1.core.CardCollection.java" Intrnl_Id="597">
<LocList>
<Loc EndOffset="16133" SrcFileId="6" StartOffset="16032"/>
</LocList>
</BasicStmnt>
<BasicStmnt CovItemId="S170" CovItemPrefix="devops.hw1.core.CardCollection.java" Intrnl_Id="598">
<LocList>
<Loc EndOffset="16220" SrcFileId="6" StartOffset="16142"/>
</LocList>
</BasicStmnt>
<BasicStmnt CovItemId="S171" CovItemPrefix="devops.hw1.core.CardCollection.java" Intrnl_Id="599">
<LocList>
<Loc EndOffset="16397" SrcFileId="6" StartOffset="16303"/>
</LocList>
</BasicStmnt>
<BasicStmnt CovItemId="S172" CovItemPrefix="devops.hw1.core.CardCollection.java" Intrnl_Id="600">
<LocList>
<Loc EndOffset="16479" SrcFileId="6" StartOffset="16405"/>
</LocList>
</BasicStmnt>
<BasicStmnt CovItemId="S173" CovItemPrefix="devops.hw1.core.CardCollection.java" Intrnl_Id="601">
<LocList>
<Loc EndOffset="16507" SrcFileId="6" StartOffset="16487"/>
</LocList>
</BasicStmnt>
<BasicStmnt CovItemId="S174" CovItemPrefix="devops.hw1.core.CardCollection.java" Intrnl_Id="602">
<LocList>
<Loc EndOffset="16530" SrcFileId="6" StartOffset="16511"/>
</LocList>
</BasicStmnt>
<BasicStmnt CovItemId="S175" CovItemPrefix="devops.hw1.core.CardCollection.java" Intrnl_Id="603">
<LocList>
<Loc EndOffset="16623" SrcFileId="6" StartOffset="16534"/>
</LocList>
</BasicStmnt>
<BasicStmnt CovItemId="S176" CovItemPrefix="devops.hw1.core.CardCollection.java" Intrnl_Id="604">
<LocList>
<Loc EndOffset="16703" SrcFileId="6" StartOffset="16631"/>
</LocList>
</BasicStmnt>
<BasicStmnt CovItemId="S177" CovItemPrefix="devops.hw1.core.CardCollection.java" Intrnl_Id="605">
<LocList>
<Loc EndOffset="16876" SrcFileId="6" StartOffset="16786"/>
</LocList>
</BasicStmnt>
<BasicStmnt CovItemId="S178" CovItemPrefix="devops.hw1.core.CardCollection.java" Intrnl_Id="606">
<LocList>
<Loc EndOffset="16955" SrcFileId="6" StartOffset="16884"/>
</LocList>
</BasicStmnt>
<BasicStmnt CovItemId="S179" CovItemPrefix="devops.hw1.core.CardCollection.java" Intrnl_Id="607">
<LocList>
<Loc EndOffset="17055" SrcFileId="6" StartOffset="17035"/>
</LocList>
</BasicStmnt>
<BasicStmnt CovItemId="S180" CovItemPrefix="devops.hw1.core.CardCollection.java" Intrnl_Id="608">
<LocList>
<Loc EndOffset="17140" SrcFileId="6" StartOffset="17059"/>
</LocList>
</BasicStmnt>
<BasicStmnt CovItemId="S181" CovItemPrefix="devops.hw1.core.CardCollection.java" Intrnl_Id="609">
<LocList>
<Loc EndOffset="17222" SrcFileId="6" StartOffset="17148"/>
</LocList>
</BasicStmnt>
<BasicStmnt CovItemId="S182" CovItemPrefix="devops.hw1.core.CardCollection.java" Intrnl_Id="610">
<LocList>
<Loc EndOffset="17429" SrcFileId="6" StartOffset="17344"/>
</LocList>
</BasicStmnt>
<BasicStmnt CovItemId="S183" CovItemPrefix="devops.hw1.core.CardCollection.java" Intrnl_Id="611">
<LocList>
<Loc EndOffset="17516" SrcFileId="6" StartOffset="17437"/>
</LocList>
</BasicStmnt>
<BasicStmnt CovItemId="S184" CovItemPrefix="devops.hw1.core.CardCollection.java" Intrnl_Id="612">
<LocList>
<Loc EndOffset="17709" SrcFileId="6" StartOffset="17611"/>
</LocList>
</BasicStmnt>
<BasicStmnt CovItemId="S185" CovItemPrefix="devops.hw1.core.CardCollection.java" Intrnl_Id="613">
<LocList>
<Loc EndOffset="17788" SrcFileId="6" StartOffset="17717"/>
</LocList>
</BasicStmnt>
<BasicStmnt CovItemId="S186" CovItemPrefix="devops.hw1.core.CardCollection.java" Intrnl_Id="614">
<LocList>
<Loc EndOffset="17816" SrcFileId="6" StartOffset="17796"/>
</LocList>
</BasicStmnt>
<BasicStmnt CovItemId="S187" CovItemPrefix="devops.hw1.core.CardCollection.java" Intrnl_Id="615">
<LocList>
<Loc EndOffset="17840" SrcFileId="6" StartOffset="17820"/>
</LocList>
</BasicStmnt>
<BasicStmnt CovItemId="S188" CovItemPrefix="devops.hw1.core.CardCollection.java" Intrnl_Id="616">
<LocList>
<Loc EndOffset="17927" SrcFileId="6" StartOffset="17844"/>
</LocList>
</BasicStmnt>
<BasicStmnt CovItemId="S189" CovItemPrefix="devops.hw1.core.CardCollection.java" Intrnl_Id="617">
<LocList>
<Loc EndOffset="18013" SrcFileId="6" StartOffset="17935"/>
</LocList>
</BasicStmnt>
<BasicStmnt CovItemId="S190" CovItemPrefix="devops.hw1.core.CardCollection.java" Intrnl_Id="618">
<LocList>
<Loc EndOffset="18210" SrcFileId="6" StartOffset="18114"/>
</LocList>
</BasicStmnt>
<BasicStmnt CovItemId="S191" CovItemPrefix="devops.hw1.core.CardCollection.java" Intrnl_Id="619">
<LocList>
<Loc EndOffset="18295" SrcFileId="6" StartOffset="18218"/>
</LocList>
</BasicStmnt>
<BasicStmnt CovItemId="S192" CovItemPrefix="devops.hw1.core.CardCollection.java" Intrnl_Id="620">
<LocList>
<Loc EndOffset="18492" SrcFileId="6" StartOffset="18397"/>
</LocList>
</BasicStmnt>
<BasicStmnt CovItemId="S193" CovItemPrefix="devops.hw1.core.CardCollection.java" Intrnl_Id="621">
<LocList>
<Loc EndOffset="19345" SrcFileId="6" StartOffset="18500"/>
</LocList>
</BasicStmnt>
</StmntSeq>
</HierarchyLvl>
</HierarchyLvl>
<HierarchyLvl HierarchyLvlId="9615" HierarchyLvlTypeId="14" Intrnl_Id="622" Name="Board">
<Header>
<Loc EndOffset="275" SrcFileId="7" StartOffset="257"/>
</Header>
<LocList>
<Loc EndOffset="2682" SrcFileId="7" StartOffset="257"/>
</LocList>
<HierarchyLvl HierarchyLvlId="9605" HierarchyLvlTypeId="13" Intrnl_Id="623" Name="Board">
<Header>
<Loc EndOffset="542" SrcFileId="7" StartOffset="528"/>
</Header>
<LocList>
<Loc EndOffset="928" SrcFileId="7" StartOffset="528"/>
</LocList>
<StmntSeq Intrnl_Id="624">
<LocList>
<Loc EndOffset="579" SrcFileId="7" StartOffset="558"/>
<Loc EndOffset="663" SrcFileId="7" StartOffset="548"/>
<Loc EndOffset="705" SrcFileId="7" StartOffset="667"/>
<Loc EndOffset="748" SrcFileId="7" StartOffset="709"/>
<Loc EndOffset="781" SrcFileId="7" StartOffset="752"/>
<Loc EndOffset="812" SrcFileId="7" StartOffset="789"/>
<Loc EndOffset="852" SrcFileId="7" StartOffset="820"/>
<Loc EndOffset="889" SrcFileId="7" StartOffset="856"/>
<Loc EndOffset="924" SrcFileId="7" StartOffset="893"/>
</LocList>
<BasicStmnt CovItemId="S2" CovItemPrefix="devops.hw1.core.Board.java" Intrnl_Id="625">
<LocList>
<Loc EndOffset="579" SrcFileId="7" StartOffset="558"/>
</LocList>
</BasicStmnt>
<CondStmnt CovItemId="S1" CovItemPrefix="devops.hw1.core.Board.java" Intrnl_Id="626">
<Branch CovItemId="B1" CovItemPrefix="devops.hw1.core.Board.java" Implct="true" Intrnl_Id="627">
<Cond/>
<LocList/>
<StmntSeq Intrnl_Id="628">
<LocList/>
</StmntSeq>
</Branch>
<Branch CovItemId="B2" CovItemPrefix="devops.hw1.core.Board.java" Implct="false" Intrnl_Id="629">
<Cond>
<Loc EndOffset="614" SrcFileId="7" StartOffset="585"/>
</Cond>
<LocList>
<Loc EndOffset="663" SrcFileId="7" StartOffset="615"/>
</LocList>
<StmntSeq Intrnl_Id="630">
<LocList>
<Loc EndOffset="658" SrcFileId="7" StartOffset="621"/>
</LocList>
<BasicStmnt CovItemId="S3" CovItemPrefix="devops.hw1.core.Board.java" Intrnl_Id="631">
<LocList>
<Loc EndOffset="658" SrcFileId="7" StartOffset="621"/>
</LocList>
</BasicStmnt>
</StmntSeq>
</Branch>
<Keyword EndOffset="551" SrcFileId="7" StartOffset="548"/>
<LocList>
<Loc EndOffset="663" SrcFileId="7" StartOffset="548"/>
</LocList>
</CondStmnt>
<BasicStmnt CovItemId="S4" CovItemPrefix="devops.hw1.core.Board.java" Intrnl_Id="632">
<LocList>
<Loc EndOffset="705" SrcFileId="7" StartOffset="667"/>
</LocList>
</BasicStmnt>
<BasicStmnt CovItemId="S5" CovItemPrefix="devops.hw1.core.Board.java" Intrnl_Id="633">
<LocList>
<Loc EndOffset="748" SrcFileId="7" StartOffset="709"/>
</LocList>
</BasicStmnt>
<BasicStmnt CovItemId="S6" CovItemPrefix="devops.hw1.core.Board.java" Intrnl_Id="634">
<LocList>
<Loc EndOffset="781" SrcFileId="7" StartOffset="752"/>
</LocList>
</BasicStmnt>
<BasicStmnt CovItemId="S7" CovItemPrefix="devops.hw1.core.Board.java" Intrnl_Id="635">
<LocList>
<Loc EndOffset="812" SrcFileId="7" StartOffset="789"/>
</LocList>
</BasicStmnt>
<BasicStmnt CovItemId="S8" CovItemPrefix="devops.hw1.core.Board.java" Intrnl_Id="636">
<LocList>
<Loc EndOffset="852" SrcFileId="7" StartOffset="820"/>
</LocList>
</BasicStmnt>
<BasicStmnt CovItemId="S9" CovItemPrefix="devops.hw1.core.Board.java" Intrnl_Id="637">
<LocList>
<Loc EndOffset="889" SrcFileId="7" StartOffset="856"/>
</LocList>
</BasicStmnt>
<BasicStmnt CovItemId="S10" CovItemPrefix="devops.hw1.core.Board.java" Intrnl_Id="638">
<LocList>
<Loc EndOffset="924" SrcFileId="7" StartOffset="893"/>
</LocList>
</BasicStmnt>
</StmntSeq>
</HierarchyLvl>
<HierarchyLvl HierarchyLvlId="9606" HierarchyLvlTypeId="13" Intrnl_Id="639" Name="initializeCenterDeck">
<Header>
<Loc EndOffset="1098" SrcFileId="7" StartOffset="1063"/>
</Header>
<LocList>
<Loc EndOffset="1387" SrcFileId="7" StartOffset="1063"/>
</LocList>
<StmntSeq Intrnl_Id="640">
<LocList>
<Loc EndOffset="1281" SrcFileId="7" StartOffset="1104"/>
<Loc EndOffset="1319" SrcFileId="7" StartOffset="1285"/>
<Loc EndOffset="1383" SrcFileId="7" StartOffset="1323"/>
</LocList>
<LoopStmnt CovItemId="S11" CovItemPrefix="devops.hw1.core.Board.java" Intrnl_Id="641" MltplExecId="L1-2" MltplExecPrefix="devops.hw1.core.Board.java" NvrExecId="L1-0" NvrExecPrefix="devops.hw1.core.Board.java" OnceExecutedId="L1-1" OnceExecutedPrefix="devops.hw1.core.Board.java" OptBodyExec="true">
<StmntSeq Intrnl_Id="642">
<LocList>
<Loc EndOffset="1276" SrcFileId="7" StartOffset="1164"/>
</LocList>
<LoopStmnt CovItemId="S12" CovItemPrefix="devops.hw1.core.Board.java" Intrnl_Id="643" MltplExecId="L2-2" MltplExecPrefix="devops.hw1.core.Board.java" NvrExecId="L2-0" NvrExecPrefix="devops.hw1.core.Board.java" OnceExecutedId="L2-1" OnceExecutedPrefix="devops.hw1.core.Board.java" OptBodyExec="true">
<StmntSeq Intrnl_Id="644">
<LocList>
<Loc EndOffset="1270" SrcFileId="7" StartOffset="1228"/>
</LocList>
<BasicStmnt CovItemId="S13" CovItemPrefix="devops.hw1.core.Board.java" Intrnl_Id="645">
<LocList>
<Loc EndOffset="1270" SrcFileId="7" StartOffset="1228"/>
</LocList>
</BasicStmnt>
</StmntSeq>
<Keyword EndOffset="1167" SrcFileId="7" StartOffset="1164"/>
<LocList>
<Loc EndOffset="1276" SrcFileId="7" StartOffset="1164"/>
</LocList>
<RootTerm CovItemId="C2" CovItemPrefix="devops.hw1.core.Board.java" Intrnl_Id="646">
<BasicBoolTerm Intrnl_Id="647">
<LocList>
<Loc EndOffset="1214" SrcFileId="7" StartOffset="1180"/>
</LocList>
</BasicBoolTerm>
</RootTerm>
</LoopStmnt>
</StmntSeq>
<Keyword EndOffset="1107" SrcFileId="7" StartOffset="1104"/>
<LocList>
<Loc EndOffset="1281" SrcFileId="7" StartOffset="1104"/>
</LocList>
<RootTerm CovItemId="C1" CovItemPrefix="devops.hw1.core.Board.java" Intrnl_Id="648">
<BasicBoolTerm Intrnl_Id="649">
<LocList>
<Loc EndOffset="1151" SrcFileId="7" StartOffset="1120"/>
</LocList>
</BasicBoolTerm>
</RootTerm>
</LoopStmnt>
<BasicStmnt CovItemId="S14" CovItemPrefix="devops.hw1.core.Board.java" Intrnl_Id="650">
<LocList>
<Loc EndOffset="1319" SrcFileId="7" StartOffset="1285"/>
</LocList>
</BasicStmnt>
<LoopStmnt CovItemId="S15" CovItemPrefix="devops.hw1.core.Board.java" Intrnl_Id="651" MltplExecId="L3-2" MltplExecPrefix="devops.hw1.core.Board.java" NvrExecId="L3-0" NvrExecPrefix="devops.hw1.core.Board.java" OnceExecutedId="L3-1" OnceExecutedPrefix="devops.hw1.core.Board.java" OptBodyExec="true">
<StmntSeq Intrnl_Id="652">
<LocList>
<Loc EndOffset="1378" SrcFileId="7" StartOffset="1357"/>
</LocList>
<BasicStmnt CovItemId="S16" CovItemPrefix="devops.hw1.core.Board.java" Intrnl_Id="653">
<LocList>
<Loc EndOffset="1378" SrcFileId="7" StartOffset="1357"/>
</LocList>
</BasicStmnt>
</StmntSeq>
<Keyword EndOffset="1326" SrcFileId="7" StartOffset="1323"/>
<LocList>
<Loc EndOffset="1383" SrcFileId="7" StartOffset="1323"/>
</LocList>
<RootTerm CovItemId="C3" CovItemPrefix="devops.hw1.core.Board.java" Intrnl_Id="654">
<BasicBoolTerm Intrnl_Id="655">
<LocList>
<Loc EndOffset="1344" SrcFileId="7" StartOffset="1339"/>
</LocList>
</BasicBoolTerm>
</RootTerm>
</LoopStmnt>
</StmntSeq>
</HierarchyLvl>
<HierarchyLvl HierarchyLvlId="9607" HierarchyLvlTypeId="13" Intrnl_Id="656" Name="getVoid">
<Header>
<Loc EndOffset="1513" SrcFileId="7" StartOffset="1480"/>
</Header>
<LocList>
<Loc EndOffset="1543" SrcFileId="7" StartOffset="1480"/>
</LocList>
<StmntSeq Intrnl_Id="657">
<LocList>
<Loc EndOffset="1539" SrcFileId="7" StartOffset="1519"/>
</LocList>
<BasicStmnt CovItemId="S17" CovItemPrefix="devops.hw1.core.Board.java" Intrnl_Id="658">
<LocList>
<Loc EndOffset="1539" SrcFileId="7" StartOffset="1519"/>
</LocList>
</BasicStmnt>
</StmntSeq>
</HierarchyLvl>
<HierarchyLvl HierarchyLvlId="9608" HierarchyLvlTypeId="13" Intrnl_Id="659" Name="sendToVoid">
<Header>
<Loc EndOffset="1689" SrcFileId="7" StartOffset="1655"/>
</Header>
<LocList>
<Loc EndOffset="1759" SrcFileId="7" StartOffset="1655"/>
</LocList>
<StmntSeq Intrnl_Id="660">
<LocList>
<Loc EndOffset="1728" SrcFileId="7" StartOffset="1694"/>
<Loc EndOffset="1755" SrcFileId="7" StartOffset="1732"/>
</LocList>
<CondStmnt CovItemId="S18" CovItemPrefix="devops.hw1.core.Board.java" Intrnl_Id="661">
<Branch CovItemId="B3" CovItemPrefix="devops.hw1.core.Board.java" Implct="false" Intrnl_Id="662">
<Cond/>
<LocList>
<Loc EndOffset="1728" SrcFileId="7" StartOffset="1710"/>
</LocList>
<StmntSeq Intrnl_Id="663">
<LocList>
<Loc EndOffset="1723" SrcFileId="7" StartOffset="1716"/>
</LocList>
<BasicStmnt CovItemId="S19" CovItemPrefix="devops.hw1.core.Board.java" Intrnl_Id="664">
<LocList>
<Loc EndOffset="1723" SrcFileId="7" StartOffset="1716"/>
</LocList>
</BasicStmnt>
</StmntSeq>
</Branch>
<Branch CovItemId="B4" CovItemPrefix="devops.hw1.core.Board.java" Implct="true" Intrnl_Id="665">
<Cond/>
<LocList/>
<StmntSeq Intrnl_Id="666">
<LocList/>
</StmntSeq>
</Branch>
<Keyword EndOffset="1696" SrcFileId="7" StartOffset="1694"/>
<LocList>
<Loc EndOffset="1728" SrcFileId="7" StartOffset="1694"/>
</LocList>
<RootTerm CovItemId="C4" CovItemPrefix="devops.hw1.core.Board.java" Intrnl_Id="667">
<BasicBoolTerm Intrnl_Id="668">
<LocList>
<Loc EndOffset="1709" SrcFileId="7" StartOffset="1697"/>
</LocList>
</BasicBoolTerm>
</RootTerm>
</CondStmnt>
<BasicStmnt CovItemId="S20" CovItemPrefix="devops.hw1.core.Board.java" Intrnl_Id="669">
<LocList>
<Loc EndOffset="1755" SrcFileId="7" StartOffset="1732"/>
</LocList>
</BasicStmnt>
</StmntSeq>
</HierarchyLvl>
<HierarchyLvl HierarchyLvlId="9609" HierarchyLvlTypeId="13" Intrnl_Id="670" Name="getCenDeck">
<Header>
<Loc EndOffset="1844" SrcFileId="7" StartOffset="1807"/>
</Header>
<LocList>
<Loc EndOffset="1874" SrcFileId="7" StartOffset="1807"/>
</LocList>
<StmntSeq Intrnl_Id="671">
<LocList>
<Loc EndOffset="1870" SrcFileId="7" StartOffset="1850"/>
</LocList>
<BasicStmnt CovItemId="S21" CovItemPrefix="devops.hw1.core.Board.java" Intrnl_Id="672">
<LocList>
<Loc EndOffset="1870" SrcFileId="7" StartOffset="1850"/>
</LocList>
</BasicStmnt>
</StmntSeq>
</HierarchyLvl>
<HierarchyLvl HierarchyLvlId="9610" HierarchyLvlTypeId="13" Intrnl_Id="673" Name="getCultist">
<Header>
<Loc EndOffset="1957" SrcFileId="7" StartOffset="1932"/>
</Header>
<LocList>
<Loc EndOffset="1987" SrcFileId="7" StartOffset="1932"/>
</LocList>
<StmntSeq Intrnl_Id="674">
<LocList>
<Loc EndOffset="1983" SrcFileId="7" StartOffset="1963"/>
</LocList>
<BasicStmnt CovItemId="S22" CovItemPrefix="devops.hw1.core.Board.java" Intrnl_Id="675">
<LocList>
<Loc EndOffset="1983" SrcFileId="7" StartOffset="1963"/>
</LocList>
</BasicStmnt>
</StmntSeq>
</HierarchyLvl>
<HierarchyLvl HierarchyLvlId="9611" HierarchyLvlTypeId="13" Intrnl_Id="676" Name="getHeavyInf">
<Header>
<Loc EndOffset="2078" SrcFileId="7" StartOffset="2052"/>
</Header>
<LocList>
<Loc EndOffset="2109" SrcFileId="7" StartOffset="2052"/>
</LocList>
<StmntSeq Intrnl_Id="677">
<LocList>
<Loc EndOffset="2105" SrcFileId="7" StartOffset="2084"/>
</LocList>
<BasicStmnt CovItemId="S23" CovItemPrefix="devops.hw1.core.Board.java" Intrnl_Id="678">
<LocList>
<Loc EndOffset="2105" SrcFileId="7" StartOffset="2084"/>
</LocList>
</BasicStmnt>
</StmntSeq>
</HierarchyLvl>
<HierarchyLvl HierarchyLvlId="9612" HierarchyLvlTypeId="13" Intrnl_Id="679" Name="getMystic">
<Header>
<Loc EndOffset="2190" SrcFileId="7" StartOffset="2166"/>
</Header>
<LocList>
<Loc EndOffset="2219" SrcFileId="7" StartOffset="2166"/>
</LocList>
<StmntSeq Intrnl_Id="680">
<LocList>
<Loc EndOffset="2215" SrcFileId="7" StartOffset="2196"/>
</LocList>
<BasicStmnt CovItemId="S24" CovItemPrefix="devops.hw1.core.Board.java" Intrnl_Id="681">
<LocList>
<Loc EndOffset="2215" SrcFileId="7" StartOffset="2196"/>
</LocList>
</BasicStmnt>
</StmntSeq>
</HierarchyLvl>
<HierarchyLvl HierarchyLvlId="9613" HierarchyLvlTypeId="13" Intrnl_Id="682" Name="centerDeckToField">
<Header>
<Loc EndOffset="2461" SrcFileId="7" StartOffset="2421"/>
</Header>
<LocList>
<Loc EndOffset="2538" SrcFileId="7" StartOffset="2421"/>
</LocList>
<StmntSeq Intrnl_Id="683">
<LocList>
<Loc EndOffset="2502" SrcFileId="7" StartOffset="2467"/>
<Loc EndOffset="2534" SrcFileId="7" StartOffset="2506"/>
</LocList>
<BasicStmnt CovItemId="S25" CovItemPrefix="devops.hw1.core.Board.java" Intrnl_Id="684">
<LocList>
<Loc EndOffset="2502" SrcFileId="7" StartOffset="2467"/>
</LocList>
</BasicStmnt>
<BasicStmnt CovItemId="S26" CovItemPrefix="devops.hw1.core.Board.java" Intrnl_Id="685">
<LocList>
<Loc EndOffset="2534" SrcFileId="7" StartOffset="2506"/>
</LocList>
</BasicStmnt>
</StmntSeq>
</HierarchyLvl>
<HierarchyLvl HierarchyLvlId="9614" HierarchyLvlTypeId="13" Intrnl_Id="686" Name="getCenField">
<Header>
<Loc EndOffset="2648" SrcFileId="7" StartOffset="2620"/>
</Header>
<LocList>
<Loc EndOffset="2679" SrcFileId="7" StartOffset="2620"/>
</LocList>
<StmntSeq Intrnl_Id="687">
<LocList>
<Loc EndOffset="2675" SrcFileId="7" StartOffset="2654"/>
</LocList>
<BasicStmnt CovItemId="S27" CovItemPrefix="devops.hw1.core.Board.java" Intrnl_Id="688">
<LocList>
<Loc EndOffset="2675" SrcFileId="7" StartOffset="2654"/>
</LocList>
</BasicStmnt>
</StmntSeq>
</HierarchyLvl>
</HierarchyLvl>
<HierarchyLvl HierarchyLvlId="9635" HierarchyLvlTypeId="14" Intrnl_Id="689" Name="ACard">
<Header>
<Loc EndOffset="202" SrcFileId="8" StartOffset="175"/>
</Header>
<LocList>
<Loc EndOffset="4807" SrcFileId="8" StartOffset="175"/>
</LocList>
<StmntSeq Intrnl_Id="690">
<LocList>
<Loc EndOffset="307" SrcFileId="8" StartOffset="231"/>
</LocList>
<BasicStmnt CovItemId="S1" CovItemPrefix="devops.hw1.core.ACard.java" Intrnl_Id="691">
<LocList>
<Loc EndOffset="307" SrcFileId="8" StartOffset="231"/>
</LocList>
</BasicStmnt>
</StmntSeq>
<HierarchyLvl HierarchyLvlId="9616" HierarchyLvlTypeId="13" Intrnl_Id="692" Name="makeCard">
<Header>
<Loc EndOffset="576" SrcFileId="8" StartOffset="546"/>
</Header>
<LocList>
<Loc EndOffset="608" SrcFileId="8" StartOffset="546"/>
</LocList>
<StmntSeq Intrnl_Id="693">
<LocList>
<Loc EndOffset="604" SrcFileId="8" StartOffset="582"/>
</LocList>
<BasicStmnt CovItemId="S2" CovItemPrefix="devops.hw1.core.ACard.java" Intrnl_Id="694">
<LocList>
<Loc EndOffset="604" SrcFileId="8" StartOffset="582"/>
</LocList>
</BasicStmnt>
</StmntSeq>
</HierarchyLvl>
<HierarchyLvl HierarchyLvlId="9617" HierarchyLvlTypeId="13" Intrnl_Id="695" Name="makeCard">
<Header>
<Loc EndOffset="778" SrcFileId="8" StartOffset="743"/>
</Header>
<LocList>
<Loc EndOffset="811" SrcFileId="8" StartOffset="743"/>
</LocList>
<StmntSeq Intrnl_Id="696">
<LocList>
<Loc EndOffset="807" SrcFileId="8" StartOffset="784"/>
</LocList>
<BasicStmnt CovItemId="S3" CovItemPrefix="devops.hw1.core.ACard.java" Intrnl_Id="697">
<LocList>
<Loc EndOffset="807" SrcFileId="8" StartOffset="784"/>
</LocList>
</BasicStmnt>
</StmntSeq>
</HierarchyLvl>
<HierarchyLvl HierarchyLvlId="9618" HierarchyLvlTypeId="13" Intrnl_Id="698" Name="makeCard">
<Header>
<Loc EndOffset="1545" SrcFileId="8" StartOffset="1379"/>
</Header>
<LocList>
<Loc EndOffset="2803" SrcFileId="8" StartOffset="1379"/>
</LocList>
<StmntSeq Intrnl_Id="699">
<LocList>
<Loc EndOffset="1686" SrcFileId="8" StartOffset="1628"/>
<Loc EndOffset="1716" SrcFileId="8" StartOffset="1690"/>
<Loc EndOffset="1749" SrcFileId="8" StartOffset="1720"/>
<Loc EndOffset="1784" SrcFileId="8" StartOffset="1753"/>
<Loc EndOffset="1818" SrcFileId="8" StartOffset="1788"/>
<Loc EndOffset="2649" SrcFileId="8" StartOffset="1887"/>
<Loc EndOffset="2799" SrcFileId="8" StartOffset="2727"/>
</LocList>
<BasicStmnt CovItemId="S4" CovItemPrefix="devops.hw1.core.ACard.java" Intrnl_Id="700">
<LocList>
<Loc EndOffset="1686" SrcFileId="8" StartOffset="1628"/>
</LocList>
</BasicStmnt>
<BasicStmnt CovItemId="S5" CovItemPrefix="devops.hw1.core.ACard.java" Intrnl_Id="701">
<LocList>
<Loc EndOffset="1716" SrcFileId="8" StartOffset="1690"/>
</LocList>
</BasicStmnt>
<BasicStmnt CovItemId="S6" CovItemPrefix="devops.hw1.core.ACard.java" Intrnl_Id="702">
<LocList>
<Loc EndOffset="1749" SrcFileId="8" StartOffset="1720"/>
</LocList>
</BasicStmnt>
<BasicStmnt CovItemId="S7" CovItemPrefix="devops.hw1.core.ACard.java" Intrnl_Id="703">
<LocList>
<Loc EndOffset="1784" SrcFileId="8" StartOffset="1753"/>
</LocList>
</BasicStmnt>
<BasicStmnt CovItemId="S8" CovItemPrefix="devops.hw1.core.ACard.java" Intrnl_Id="704">
<LocList>
<Loc EndOffset="1818" SrcFileId="8" StartOffset="1788"/>
</LocList>
</BasicStmnt>
<CondStmnt CovItemId="S9" CovItemPrefix="devops.hw1.core.ACard.java" Intrnl_Id="705">
<Branch CovItemId="B1" CovItemPrefix="devops.hw1.core.ACard.java" Implct="false" Intrnl_Id="706">
<Cond/>
<LocList>
<Loc EndOffset="2071" SrcFileId="8" StartOffset="1921"/>
</LocList>
<StmntSeq Intrnl_Id="707">
<LocList>
<Loc EndOffset="2066" SrcFileId="8" StartOffset="1927"/>
</LocList>
<BasicStmnt CovItemId="S10" CovItemPrefix="devops.hw1.core.ACard.java" Intrnl_Id="708">
<LocList>
<Loc EndOffset="2066" SrcFileId="8" StartOffset="1927"/>
</LocList>
</BasicStmnt>
</StmntSeq>
</Branch>
<Branch CovItemId="B2" CovItemPrefix="devops.hw1.core.ACard.java" Implct="false" Intrnl_Id="709">
<Cond>
<Loc EndOffset="2076" SrcFileId="8" StartOffset="2072"/>
</Cond>
<LocList>
<Loc EndOffset="2649" SrcFileId="8" StartOffset="2077"/>
</LocList>
<StmntSeq Intrnl_Id="710">
<LocList>
<Loc EndOffset="2649" SrcFileId="8" StartOffset="2077"/>
</LocList>
<CondStmnt CovItemId="S11" CovItemPrefix="devops.hw1.core.ACard.java" Intrnl_Id="711">
<Branch CovItemId="B3" CovItemPrefix="devops.hw1.core.ACard.java" Implct="false" Intrnl_Id="712">
<Cond/>
<LocList>
<Loc EndOffset="2264" SrcFileId="8" StartOffset="2114"/>
</LocList>
<StmntSeq Intrnl_Id="713">
<LocList>
<Loc EndOffset="2259" SrcFileId="8" StartOffset="2120"/>
</LocList>
<BasicStmnt CovItemId="S12" CovItemPrefix="devops.hw1.core.ACard.java" Intrnl_Id="714">
<LocList>
<Loc EndOffset="2259" SrcFileId="8" StartOffset="2120"/>
</LocList>
</BasicStmnt>
</StmntSeq>
</Branch>
<Branch CovItemId="B4" CovItemPrefix="devops.hw1.core.ACard.java" Implct="false" Intrnl_Id="715">
<Cond>
<Loc EndOffset="2269" SrcFileId="8" StartOffset="2265"/>
</Cond>
<LocList>
<Loc EndOffset="2649" SrcFileId="8" StartOffset="2270"/>
</LocList>
<StmntSeq Intrnl_Id="716">
<LocList>
<Loc EndOffset="2649" SrcFileId="8" StartOffset="2270"/>
</LocList>
<CondStmnt CovItemId="S13" CovItemPrefix="devops.hw1.core.ACard.java" Intrnl_Id="717">
<Branch CovItemId="B5" CovItemPrefix="devops.hw1.core.ACard.java" Implct="false" Intrnl_Id="718">
<Cond/>
<LocList>
<Loc EndOffset="2463" SrcFileId="8" StartOffset="2337"/>
</LocList>
<StmntSeq Intrnl_Id="719">
<LocList>
<Loc EndOffset="2458" SrcFileId="8" StartOffset="2343"/>
</LocList>
<BasicStmnt CovItemId="S14" CovItemPrefix="devops.hw1.core.ACard.java" Intrnl_Id="720">
<LocList>
<Loc EndOffset="2458" SrcFileId="8" StartOffset="2343"/>
</LocList>
</BasicStmnt>
</StmntSeq>
</Branch>
<Branch CovItemId="B6" CovItemPrefix="devops.hw1.core.ACard.java" Implct="false" Intrnl_Id="721">
<Cond>
<Loc EndOffset="2471" SrcFileId="8" StartOffset="2467"/>
</Cond>
<LocList>
<Loc EndOffset="2649" SrcFileId="8" StartOffset="2472"/>
</LocList>
<StmntSeq Intrnl_Id="722">
<LocList>
<Loc EndOffset="2649" SrcFileId="8" StartOffset="2472"/>
</LocList>
<CondStmnt CovItemId="S15" CovItemPrefix="devops.hw1.core.ACard.java" Intrnl_Id="723">
<Branch CovItemId="B7" CovItemPrefix="devops.hw1.core.ACard.java" Implct="false" Intrnl_Id="724">
<Cond/>
<LocList>
<Loc EndOffset="2649" SrcFileId="8" StartOffset="2523"/>
</LocList>
<StmntSeq Intrnl_Id="725">
<LocList>
<Loc EndOffset="2644" SrcFileId="8" StartOffset="2529"/>
</LocList>
<BasicStmnt CovItemId="S16" CovItemPrefix="devops.hw1.core.ACard.java" Intrnl_Id="726">
<LocList>
<Loc EndOffset="2644" SrcFileId="8" StartOffset="2529"/>
</LocList>
</BasicStmnt>
</StmntSeq>
</Branch>
<Branch CovItemId="B8" CovItemPrefix="devops.hw1.core.ACard.java" Implct="true" Intrnl_Id="727">
<Cond/>
<LocList/>
<StmntSeq Intrnl_Id="728">
<LocList/>
</StmntSeq>
</Branch>
<Keyword EndOffset="2474" SrcFileId="8" StartOffset="2472"/>
<LocList>
<Loc EndOffset="2649" SrcFileId="8" StartOffset="2472"/>
</LocList>
<RootTerm CovItemId="C4" CovItemPrefix="devops.hw1.core.ACard.java" Intrnl_Id="729">
<OpTerm BooleanOpId="11" Intrnl_Id="730">
<BasicBoolTerm Intrnl_Id="731">
<LocList>
<Loc EndOffset="2520" SrcFileId="8" StartOffset="2478"/>
</LocList>
</BasicBoolTerm>
<LocList>
<Loc EndOffset="2477" SrcFileId="8" StartOffset="2476"/>
</LocList>
</OpTerm>
</RootTerm>
</CondStmnt>
</StmntSeq>
</Branch>
<Keyword EndOffset="2272" SrcFileId="8" StartOffset="2270"/>
<LocList>
<Loc EndOffset="2649" SrcFileId="8" StartOffset="2270"/>
</LocList>
<RootTerm CovItemId="C3" CovItemPrefix="devops.hw1.core.ACard.java" Intrnl_Id="732">
<OpTerm BooleanOpId="10" Intrnl_Id="733">
<BasicBoolTerm Intrnl_Id="734">
<LocList>
<Loc EndOffset="2303" SrcFileId="8" StartOffset="2274"/>
</LocList>
</BasicBoolTerm>
<BasicBoolTerm Intrnl_Id="735">
<LocList>
<Loc EndOffset="2335" SrcFileId="8" StartOffset="2307"/>
</LocList>
</BasicBoolTerm>
<LocList>
<Loc EndOffset="2306" SrcFileId="8" StartOffset="2304"/>
</LocList>
</OpTerm>
</RootTerm>
</CondStmnt>
</StmntSeq>
</Branch>
<Keyword EndOffset="2079" SrcFileId="8" StartOffset="2077"/>
<LocList>
<Loc EndOffset="2649" SrcFileId="8" StartOffset="2077"/>
</LocList>
<RootTerm CovItemId="C2" CovItemPrefix="devops.hw1.core.ACard.java" Intrnl_Id="736">
<BasicBoolTerm Intrnl_Id="737">
<LocList>
<Loc EndOffset="2112" SrcFileId="8" StartOffset="2081"/>
</LocList>
</BasicBoolTerm>
</RootTerm>
</CondStmnt>
</StmntSeq>
</Branch>
<Keyword EndOffset="1889" SrcFileId="8" StartOffset="1887"/>
<LocList>
<Loc EndOffset="2649" SrcFileId="8" StartOffset="1887"/>
</LocList>
<RootTerm CovItemId="C1" CovItemPrefix="devops.hw1.core.ACard.java" Intrnl_Id="738">
<OpTerm BooleanOpId="10" Intrnl_Id="739">
<BasicBoolTerm Intrnl_Id="740">
<LocList>
<Loc EndOffset="1903" SrcFileId="8" StartOffset="1891"/>
</LocList>
</BasicBoolTerm>
<BasicBoolTerm Intrnl_Id="741">
<LocList>
<Loc EndOffset="1919" SrcFileId="8" StartOffset="1907"/>
</LocList>
</BasicBoolTerm>
<LocList>
<Loc EndOffset="1906" SrcFileId="8" StartOffset="1904"/>
</LocList>
</OpTerm>
</RootTerm>
</CondStmnt>
<BasicStmnt CovItemId="S17" CovItemPrefix="devops.hw1.core.ACard.java" Intrnl_Id="742">
<LocList>
<Loc EndOffset="2799" SrcFileId="8" StartOffset="2727"/>
</LocList>
</BasicStmnt>
</StmntSeq>
</HierarchyLvl>
<HierarchyLvl HierarchyLvlId="9619" HierarchyLvlTypeId="13" Intrnl_Id="743" Name="getFaction">
<Header>
<Loc EndOffset="2871" SrcFileId="8" StartOffset="2845"/>
</Header>
<LocList>
<Loc EndOffset="2896" SrcFileId="8" StartOffset="2845"/>
</LocList>
<StmntSeq Intrnl_Id="744">
<LocList>
<Loc EndOffset="2892" SrcFileId="8" StartOffset="2877"/>
</LocList>
<BasicStmnt CovItemId="S18" CovItemPrefix="devops.hw1.core.ACard.java" Intrnl_Id="745">
<LocList>
<Loc EndOffset="2892" SrcFileId="8" StartOffset="2877"/>
</LocList>
</BasicStmnt>
</StmntSeq>
</HierarchyLvl>
<HierarchyLvl HierarchyLvlId="9620" HierarchyLvlTypeId="13" Intrnl_Id="746" Name="setFaction">
<Header>
<Loc EndOffset="3006" SrcFileId="8" StartOffset="2968"/>
</Header>
<LocList>
<Loc EndOffset="3039" SrcFileId="8" StartOffset="2968"/>
</LocList>
<StmntSeq Intrnl_Id="747">
<LocList>
<Loc EndOffset="3035" SrcFileId="8" StartOffset="3012"/>
</LocList>
<BasicStmnt CovItemId="S19" CovItemPrefix="devops.hw1.core.ACard.java" Intrnl_Id="748">
<LocList>
<Loc EndOffset="3035" SrcFileId="8" StartOffset="3012"/>
</LocList>
</BasicStmnt>
</StmntSeq>
</HierarchyLvl>
<HierarchyLvl HierarchyLvlId="9621" HierarchyLvlTypeId="13" Intrnl_Id="749" Name="getName">
<Header>
<Loc EndOffset="3101" SrcFileId="8" StartOffset="3078"/>
</Header>
<LocList>
<Loc EndOffset="3123" SrcFileId="8" StartOffset="3078"/>
</LocList>
<StmntSeq Intrnl_Id="750">
<LocList>
<Loc EndOffset="3119" SrcFileId="8" StartOffset="3107"/>
</LocList>
<BasicStmnt CovItemId="S20" CovItemPrefix="devops.hw1.core.ACard.java" Intrnl_Id="751">
<LocList>
<Loc EndOffset="3119" SrcFileId="8" StartOffset="3107"/>
</LocList>
</BasicStmnt>
</StmntSeq>
</HierarchyLvl>
<HierarchyLvl HierarchyLvlId="9622" HierarchyLvlTypeId="13" Intrnl_Id="752" Name="setName">
<Header>
<Loc EndOffset="3221" SrcFileId="8" StartOffset="3189"/>
</Header>
<LocList>
<Loc EndOffset="3248" SrcFileId="8" StartOffset="3189"/>
</LocList>
<StmntSeq Intrnl_Id="753">
<LocList>
<Loc EndOffset="3244" SrcFileId="8" StartOffset="3227"/>
</LocList>
<BasicStmnt CovItemId="S21" CovItemPrefix="devops.hw1.core.ACard.java" Intrnl_Id="754">
<LocList>
<Loc EndOffset="3244" SrcFileId="8" StartOffset="3227"/>
</LocList>
</BasicStmnt>
</StmntSeq>
</HierarchyLvl>
<HierarchyLvl HierarchyLvlId="9623" HierarchyLvlTypeId="13" Intrnl_Id="755" Name="getHonor">
<Header>
<Loc EndOffset="3309" SrcFileId="8" StartOffset="3288"/>
</Header>
<LocList>
<Loc EndOffset="3332" SrcFileId="8" StartOffset="3288"/>
</LocList>
<StmntSeq Intrnl_Id="756">
<LocList>
<Loc EndOffset="3328" SrcFileId="8" StartOffset="3315"/>
</LocList>
<BasicStmnt CovItemId="S22" CovItemPrefix="devops.hw1.core.ACard.java" Intrnl_Id="757">
<LocList>
<Loc EndOffset="3328" SrcFileId="8" StartOffset="3315"/>
</LocList>
</BasicStmnt>
</StmntSeq>
</HierarchyLvl>
<HierarchyLvl HierarchyLvlId="9624" HierarchyLvlTypeId="13" Intrnl_Id="758" Name="setHonor">
<Header>
<Loc EndOffset="3431" SrcFileId="8" StartOffset="3400"/>
</Header>
<LocList>
<Loc EndOffset="3460" SrcFileId="8" StartOffset="3400"/>
</LocList>
<StmntSeq Intrnl_Id="759">
<LocList>
<Loc EndOffset="3456" SrcFileId="8" StartOffset="3437"/>
</LocList>
<BasicStmnt CovItemId="S23" CovItemPrefix="devops.hw1.core.ACard.java" Intrnl_Id="760">
<LocList>
<Loc EndOffset="3456" SrcFileId="8" StartOffset="3437"/>
</LocList>
</BasicStmnt>
</StmntSeq>
</HierarchyLvl>
<HierarchyLvl HierarchyLvlId="9625" HierarchyLvlTypeId="13" Intrnl_Id="761" Name="getRarity">
<Header>
<Loc EndOffset="3523" SrcFileId="8" StartOffset="3501"/>
</Header>
<LocList>
<Loc EndOffset="3547" SrcFileId="8" StartOffset="3501"/>
</LocList>
<StmntSeq Intrnl_Id="762">
<LocList>
<Loc EndOffset="3543" SrcFileId="8" StartOffset="3529"/>
</LocList>
<BasicStmnt CovItemId="S24" CovItemPrefix="devops.hw1.core.ACard.java" Intrnl_Id="763">
<LocList>
<Loc EndOffset="3543" SrcFileId="8" StartOffset="3529"/>
</LocList>
</BasicStmnt>
</StmntSeq>
</HierarchyLvl>
<HierarchyLvl HierarchyLvlId="9626" HierarchyLvlTypeId="13" Intrnl_Id="764" Name="setRarity">
<Header>
<Loc EndOffset="3650" SrcFileId="8" StartOffset="3617"/>
</Header>
<LocList>
<Loc EndOffset="3681" SrcFileId="8" StartOffset="3617"/>
</LocList>
<StmntSeq Intrnl_Id="765">
<LocList>
<Loc EndOffset="3677" SrcFileId="8" StartOffset="3656"/>
</LocList>
<BasicStmnt CovItemId="S25" CovItemPrefix="devops.hw1.core.ACard.java" Intrnl_Id="766">
<LocList>
<Loc EndOffset="3677" SrcFileId="8" StartOffset="3656"/>
</LocList>
</BasicStmnt>
</StmntSeq>
</HierarchyLvl>
<HierarchyLvl HierarchyLvlId="9627" HierarchyLvlTypeId="13" Intrnl_Id="767" Name="getImage">
<Header>
<Loc EndOffset="3752" SrcFileId="8" StartOffset="3721"/>
</Header>
<LocList>
<Loc EndOffset="3775" SrcFileId="8" StartOffset="3721"/>
</LocList>
<StmntSeq Intrnl_Id="768">
<LocList>
<Loc EndOffset="3771" SrcFileId="8" StartOffset="3758"/>
</LocList>
<BasicStmnt CovItemId="S26" CovItemPrefix="devops.hw1.core.ACard.java" Intrnl_Id="769">
<LocList>
<Loc EndOffset="3771" SrcFileId="8" StartOffset="3758"/>
</LocList>
</BasicStmnt>
</StmntSeq>
</HierarchyLvl>
<HierarchyLvl HierarchyLvlId="9628" HierarchyLvlTypeId="13" Intrnl_Id="770" Name="setImage">
<Header>
<Loc EndOffset="3884" SrcFileId="8" StartOffset="3843"/>
</Header>
<LocList>
<Loc EndOffset="3913" SrcFileId="8" StartOffset="3843"/>
</LocList>
<StmntSeq Intrnl_Id="771">
<LocList>
<Loc EndOffset="3909" SrcFileId="8" StartOffset="3890"/>
</LocList>
<BasicStmnt CovItemId="S27" CovItemPrefix="devops.hw1.core.ACard.java" Intrnl_Id="772">
<LocList>
<Loc EndOffset="3909" SrcFileId="8" StartOffset="3890"/>
</LocList>
</BasicStmnt>
</StmntSeq>
</HierarchyLvl>
<HierarchyLvl HierarchyLvlId="9629" HierarchyLvlTypeId="13" Intrnl_Id="773" Name="setEffects">
<Header>
<Loc EndOffset="4041" SrcFileId="8" StartOffset="3985"/>
</Header>
<LocList>
<Loc EndOffset="4074" SrcFileId="8" StartOffset="3985"/>
</LocList>
<StmntSeq Intrnl_Id="774">
<LocList>
<Loc EndOffset="4070" SrcFileId="8" StartOffset="4047"/>
</LocList>
<BasicStmnt CovItemId="S28" CovItemPrefix="devops.hw1.core.ACard.java" Intrnl_Id="775">
<LocList>
<Loc EndOffset="4070" SrcFileId="8" StartOffset="4047"/>
</LocList>
</BasicStmnt>
</StmntSeq>
</HierarchyLvl>
<HierarchyLvl HierarchyLvlId="9630" HierarchyLvlTypeId="13" Intrnl_Id="776" Name="getCost">
<Header>
<Loc EndOffset="4166" SrcFileId="8" StartOffset="4146"/>
</Header>
<LocList>
<Loc EndOffset="4193" SrcFileId="8" StartOffset="4146"/>
</LocList>
<StmntSeq Intrnl_Id="777">
<LocList>
<Loc EndOffset="4189" SrcFileId="8" StartOffset="4172"/>
</LocList>
<BasicStmnt CovItemId="S29" CovItemPrefix="devops.hw1.core.ACard.java" Intrnl_Id="778">
<LocList>
<Loc EndOffset="4189" SrcFileId="8" StartOffset="4172"/>
</LocList>
</BasicStmnt>
</StmntSeq>
</HierarchyLvl>
<HierarchyLvl HierarchyLvlId="9631" HierarchyLvlTypeId="13" Intrnl_Id="779" Name="setCost">
<Header>
<Loc EndOffset="4287" SrcFileId="8" StartOffset="4261"/>
</Header>
<LocList>
<Loc EndOffset="4311" SrcFileId="8" StartOffset="4261"/>
</LocList>
<StmntSeq Intrnl_Id="780">
<LocList>
<Loc EndOffset="4307" SrcFileId="8" StartOffset="4293"/>
</LocList>
<BasicStmnt CovItemId="S30" CovItemPrefix="devops.hw1.core.ACard.java" Intrnl_Id="781">
<LocList>
<Loc EndOffset="4307" SrcFileId="8" StartOffset="4293"/>
</LocList>
</BasicStmnt>
</StmntSeq>
</HierarchyLvl>
<HierarchyLvl HierarchyLvlId="9632" HierarchyLvlTypeId="13" Intrnl_Id="782" Name="getEffects">
<Header>
<Loc EndOffset="4435" SrcFileId="8" StartOffset="4391"/>
</Header>
<LocList>
<Loc EndOffset="4465" SrcFileId="8" StartOffset="4391"/>
</LocList>
<StmntSeq Intrnl_Id="783">
<LocList>
<Loc EndOffset="4461" SrcFileId="8" StartOffset="4441"/>
</LocList>
<BasicStmnt CovItemId="S31" CovItemPrefix="devops.hw1.core.ACard.java" Intrnl_Id="784">
<LocList>
<Loc EndOffset="4461" SrcFileId="8" StartOffset="4441"/>
</LocList>
</BasicStmnt>
</StmntSeq>
</HierarchyLvl>
<HierarchyLvl HierarchyLvlId="9633" HierarchyLvlTypeId="13" Intrnl_Id="785" Name="setEffect">
<Header>
<Loc EndOffset="4658" SrcFileId="8" StartOffset="4611"/>
</Header>
<LocList>
<Loc EndOffset="4742" SrcFileId="8" StartOffset="4611"/>
</LocList>
<StmntSeq Intrnl_Id="786">
<LocList>
<Loc EndOffset="4702" SrcFileId="8" StartOffset="4664"/>
<Loc EndOffset="4738" SrcFileId="8" StartOffset="4706"/>
</LocList>
<CondStmnt CovItemId="S32" CovItemPrefix="devops.hw1.core.ACard.java" Intrnl_Id="787">
<Branch CovItemId="B9" CovItemPrefix="devops.hw1.core.ACard.java" Implct="false" Intrnl_Id="788">
<Cond/>
<LocList>
<Loc EndOffset="4702" SrcFileId="8" StartOffset="4684"/>
</LocList>
<StmntSeq Intrnl_Id="789">
<LocList>
<Loc EndOffset="4697" SrcFileId="8" StartOffset="4690"/>
</LocList>
<BasicStmnt CovItemId="S33" CovItemPrefix="devops.hw1.core.ACard.java" Intrnl_Id="790">
<LocList>
<Loc EndOffset="4697" SrcFileId="8" StartOffset="4690"/>
</LocList>
</BasicStmnt>
</StmntSeq>
</Branch>
<Branch CovItemId="B10" CovItemPrefix="devops.hw1.core.ACard.java" Implct="true" Intrnl_Id="791">
<Cond/>
<LocList/>
<StmntSeq Intrnl_Id="792">
<LocList/>
</StmntSeq>
</Branch>
<Keyword EndOffset="4666" SrcFileId="8" StartOffset="4664"/>
<LocList>
<Loc EndOffset="4702" SrcFileId="8" StartOffset="4664"/>
</LocList>
<RootTerm CovItemId="C5" CovItemPrefix="devops.hw1.core.ACard.java" Intrnl_Id="793">
<BasicBoolTerm Intrnl_Id="794">
<LocList>
<Loc EndOffset="4682" SrcFileId="8" StartOffset="4668"/>
</LocList>
</BasicBoolTerm>
</RootTerm>
</CondStmnt>
<BasicStmnt CovItemId="S34" CovItemPrefix="devops.hw1.core.ACard.java" Intrnl_Id="795">
<LocList>
<Loc EndOffset="4738" SrcFileId="8" StartOffset="4706"/>
</LocList>
</BasicStmnt>
</StmntSeq>
</HierarchyLvl>
<HierarchyLvl HierarchyLvlId="9634" HierarchyLvlTypeId="13" Intrnl_Id="796" Name="getStrength">
<Header>
<Loc EndOffset="4775" SrcFileId="8" StartOffset="4751"/>
</Header>
<LocList>
<Loc EndOffset="4801" SrcFileId="8" StartOffset="4751"/>
</LocList>
<StmntSeq Intrnl_Id="797">
<LocList>
<Loc EndOffset="4797" SrcFileId="8" StartOffset="4780"/>
</LocList>
<BasicStmnt CovItemId="S35" CovItemPrefix="devops.hw1.core.ACard.java" Intrnl_Id="798">
<LocList>
<Loc EndOffset="4797" SrcFileId="8" StartOffset="4780"/>
</LocList>
</BasicStmnt>
</StmntSeq>
</HierarchyLvl>
</HierarchyLvl>
</HierarchyLvl>
</HierarchyLvl>
</HierarchyLvl>
</HierarchyLvl>
</MASTRoot>
</TestSessionContainer>
